Sep 04, 2015 7:32:26 PM org.apache.catalina.core.AprLifecycleListener init
INFO: The APR based Apache Tomcat Native library which allows optimal performance in production environments was not found on the java.library.path: /usr/java/packages/lib/amd64:/usr/lib64:/lib64:/lib:/usr/lib
Sep 04, 2015 7:32:27 PM org.apache.coyote.http11.Http11Protocol init
INFO: Initializing Coyote HTTP/1.1 on http-8443
Sep 04, 2015 7:32:27 PM org.apache.catalina.startup.Catalina load
INFO: Initialization processed in 1868 ms
Sep 04, 2015 7:32:27 PM org.apache.catalina.core.StandardService start
INFO: Starting service Catalina
Sep 04, 2015 7:32:27 PM org.apache.catalina.core.StandardEngine start
INFO: Starting Servlet Engine: Apache Tomcat/6.0.24
Sep 04, 2015 7:32:27 PM org.apache.catalina.startup.HostConfig deployDirectory
INFO: Deploying web application directory gums
Sep 04, 2015 7:32:28 PM org.apache.catalina.startup.HostConfig deployDirectory
INFO: Deploying web application directory ROOT
Sep 04, 2015 7:32:28 PM org.apache.coyote.http11.Http11Protocol start
INFO: Starting Coyote HTTP/1.1 on http-8443
Sep 04, 2015 7:32:28 PM org.apache.catalina.startup.Catalina start
INFO: Server startup in 1007 ms
Sep 04, 2015 9:36:34 PM org.apache.coyote.http11.Http11Protocol pause
INFO: Pausing Coyote HTTP/1.1 on http-8443
Sep 04, 2015 9:36:35 PM org.apache.catalina.core.StandardService stop
INFO: Stopping service Catalina
Sep 04, 2015 9:36:38 PM org.apache.catalina.loader.WebappClassLoader clearReferencesJdbc
SEVERE: A web application registered the JBDC driver [com.mysql.jdbc.Driver] but failed to unregister it when the web application was stopped. To prevent a memory leak, the JDBC Driver has been forcibly unregistered.
Sep 04, 2015 9:36:38 PM org.apache.catalina.loader.WebappClassLoader clearReferencesThreads
SEVERE: A web application appears to have started a thread named [Timer-1] but has failed to stop it. This is very likely to create a memory leak.
Sep 04, 2015 9:36:38 PM org.apache.catalina.loader.WebappClassLoader clearReferencesThreads
SEVERE: A web application appears to have started a thread named [Timer-2] but has failed to stop it. This is very likely to create a memory leak.
Sep 04, 2015 9:36:38 PM org.apache.catalina.loader.WebappClassLoader clearReferencesThreads
SEVERE: A web application appears to have started a thread named [Timer-4] but has failed to stop it. This is very likely to create a memory leak.
Sep 04, 2015 9:36:38 PM org.apache.catalina.loader.WebappClassLoader clearReferencesThreads
SEVERE: A web application appears to have started a thread named [com.mchange.v2.async.ThreadPoolAsynchronousRunner$PoolThread-#0] but has failed to stop it. This is very likely to create a memory leak.
Sep 04, 2015 9:36:38 PM org.apache.catalina.loader.WebappClassLoader clearReferencesThreads
SEVERE: A web application appears to have started a thread named [com.mchange.v2.async.ThreadPoolAsynchronousRunner$PoolThread-#1] but has failed to stop it. This is very likely to create a memory leak.
Sep 04, 2015 9:36:38 PM org.apache.catalina.loader.WebappClassLoader clearReferencesThreads
SEVERE: A web application appears to have started a thread named [com.mchange.v2.async.ThreadPoolAsynchronousRunner$PoolThread-#2] but has failed to stop it. This is very likely to create a memory leak.
Sep 04, 2015 9:36:38 PM org.apache.catalina.loader.WebappClassLoader clearReferencesThreads
SEVERE: A web application appears to have started a thread named [net.sf.ehcache.CacheManager@9175caf] but has failed to stop it. This is very likely to create a memory leak.
Sep 04, 2015 9:36:38 PM org.apache.catalina.loader.WebappClassLoader clearReferencesThreads
SEVERE: A web application appears to have started a thread named [gumsuser.data] but has failed to stop it. This is very likely to create a memory leak.
Sep 04, 2015 9:36:38 PM org.apache.catalina.loader.WebappClassLoader clearReferencesThreads
SEVERE: A web application appears to have started a thread named [gumsmapper.data] but has failed to stop it. This is very likely to create a memory leak.
Sep 04, 2015 9:36:38 PM org.apache.catalina.loader.WebappClassLoader clearReferencesThreads
SEVERE: A web application appears to have started a thread named [org.hibernate.cache.UpdateTimestampsCache.data] but has failed to stop it. This is very likely to create a memory leak.
Sep 04, 2015 9:36:38 PM org.apache.catalina.loader.WebappClassLoader clearReferencesThreads
SEVERE: A web application appears to have started a thread named [org.hibernate.cache.StandardQueryCache.data] but has failed to stop it. This is very likely to create a memory leak.
Sep 04, 2015 9:36:38 PM org.apache.catalina.loader.WebappClassLoader clearReferencesThreads
SEVERE: A web application appears to have started a thread named [Timer-5] but has failed to stop it. This is very likely to create a memory leak.
Sep 04, 2015 9:36:38 PM org.apache.catalina.loader.WebappClassLoader clearThreadLocalMap
SEVERE: A web application created a ThreadLocal with key of type [org.apache.axis.utils.XMLUtils.ThreadLocalDocumentBuilder] (value [org.apache.axis.utils.XMLUtils$ThreadLocalDocumentBuilder@147b73e3]) and a value of type [org.apache.xerces.jaxp.DocumentBuilderImpl] (value [org.apache.xerces.jaxp.DocumentBuilderImpl@34f54696]) but failed to remove it when the web application was stopped. To prevent a memory leak, the ThreadLocal has been forcibly removed.
Sep 04, 2015 9:36:38 PM org.apache.catalina.loader.WebappClassLoader clearThreadLocalMap
SEVERE: A web application created a ThreadLocal with key of type [java.lang.ThreadLocal] (value [java.lang.ThreadLocal@290f0b17]) and a value of type [org.dom4j.DocumentFactory] (value [org.dom4j.DocumentFactory@1aa12810]) but failed to remove it when the web application was stopped. To prevent a memory leak, the ThreadLocal has been forcibly removed.
Sep 04, 2015 9:36:38 PM org.apache.catalina.loader.WebappClassLoader clearThreadLocalMap
SEVERE: A web application created a ThreadLocal with key of type [org.apache.axis.utils.XMLUtils.ThreadLocalDocumentBuilder] (value [org.apache.axis.utils.XMLUtils$ThreadLocalDocumentBuilder@147b73e3]) and a value of type [org.apache.xerces.jaxp.DocumentBuilderImpl] (value [org.apache.xerces.jaxp.DocumentBuilderImpl@55389902]) but failed to remove it when the web application was stopped. To prevent a memory leak, the ThreadLocal has been forcibly removed.
Sep 04, 2015 9:36:38 PM org.apache.catalina.startup.HostConfig undeployApps
WARNING: Error while removing context [/gums]
java.util.ConcurrentModificationException
	at java.util.HashMap$HashIterator.nextEntry(HashMap.java:922)
	at java.util.HashMap$EntryIterator.next(HashMap.java:962)
	at java.util.HashMap$EntryIterator.next(HashMap.java:960)
	at java.util.HashMap.putAllForCreate(HashMap.java:554)
	at java.util.HashMap.clone(HashMap.java:796)
	at org.apache.catalina.loader.WebappClassLoader.clearReferencesStaticFinal(WebappClassLoader.java:1798)
	at org.apache.catalina.loader.WebappClassLoader.clearReferences(WebappClassLoader.java:1717)
	at org.apache.catalina.loader.WebappClassLoader.stop(WebappClassLoader.java:1621)
	at org.apache.catalina.loader.WebappLoader.stop(WebappLoader.java:710)
	at org.apache.catalina.core.StandardContext.stop(StandardContext.java:4924)
	at org.apache.catalina.core.ContainerBase.removeChild(ContainerBase.java:924)
	at org.apache.catalina.startup.HostConfig.undeployApps(HostConfig.java:1319)
	at org.apache.catalina.startup.HostConfig.stop(HostConfig.java:1290)
	at org.apache.catalina.startup.HostConfig.lifecycleEvent(HostConfig.java:323)
	at org.apache.catalina.util.LifecycleSupport.fireLifecycleEvent(LifecycleSupport.java:142)
	at org.apache.catalina.core.ContainerBase.stop(ContainerBase.java:1086)
	at org.apache.catalina.core.ContainerBase.stop(ContainerBase.java:1098)
	at org.apache.catalina.core.StandardEngine.stop(StandardEngine.java:448)
	at org.apache.catalina.core.StandardService.stop(StandardService.java:584)
	at org.apache.catalina.core.StandardServer.stop(StandardServer.java:744)
	at org.apache.catalina.startup.Catalina.stop(Catalina.java:643)
	at org.apache.catalina.startup.Catalina.start(Catalina.java:618)
