Starting on host Linux lnbat0001.cmsaf.mit.edu 2.6.32-358.el6.x86_64 #1 SMP Fri Feb 22 20:37:17 CST 2013 x86_64 x86_64 x86_64 GNU/Linux on Thu May 14 16:32:45 EDT 2015
running as user uid=10110(fermilab) gid=10110(fermilab) groups=10110(fermilab),10005(osg),65018(glexec18)
current work dir is /export/data1/condor/execute/dir_29440/glide_xh6R2e/execute/dir_32236/no_xfer
OS version Scientific Linux release 6.4 (Carbon)
job arguments: 
#================================================================
Visible disk space:
Filesystem         1024-blocks      Used Available Capacity Mounted on
/dev/sda3             20642428   2472228  17121624      13% /
tmpfs                 12294920         0  12294920       0% /dev/shm
/dev/sda1                99150     32364     61666      35% /boot
/dev/sda4            915919156  59187200 856731956       7% /export/data1
/dev/sdb1            1922859940 1611094896 311765044      84% /export/00b
/dev/sdc1            1922859940 1620632004 302227936      85% /export/00c
/dev/sdd1            1922859940 1609248760 313611180      84% /export/00d
/dev/sde1            1922859940 1605596224 317263716      84% /export/00e
/dev/sdf1            1922859940 1610392200 312467740      84% /export/00f
fuse_dfs             5337752010752 4675635511296 662116499456      88% /mnt/hadoop
cvmfs2               102400000  57362962  45037039      57% /cvmfs/mu2e.opensciencegrid.org
t2srv0004:/export/db 140981248    191488 140789760       1% /net/t2srv0004/db
cvmfs2               102400000  57362962  45037039      57% /cvmfs/cms.cern.ch
cvmfs2               102400000  57362962  45037039      57% /cvmfs/cvmfs.cmsaf.mit.edu
cvmfs2               102400000  57362962  45037039      57% /cvmfs/oasis.opensciencegrid.org
cvmfs2               102400000  57362962  45037039      57% /cvmfs/cdfcfs.fnal.gov
cvmfs2               102400000  57362962  45037039      57% /cvmfs/grid.cern.ch
cvmfs2               102400000  57362962  45037039      57% /cvmfs/fermilab.opensciencegrid.org
#================================================================
TMPDIR: ls -alR
/condor/execute/dir_29440/glide_xh6R2e/execute/dir_32236/no_xfer:
total 16
drwxrwxr-x 3 fermilab fermilab 4096 May 14 16:32 .
drwxr-xr-x 4 fermilab fermilab 4096 May 14 16:32 ..
drwxrwxr-x 3 fermilab fermilab 4096 May 14 16:32 2282
-rw-rw-r-- 1 fermilab fermilab 2088 May 14 16:32 failedjob.log

/condor/execute/dir_29440/glide_xh6R2e/execute/dir_32236/no_xfer/2282:
total 12
drwxrwxr-x 3 fermilab fermilab 4096 May 14 16:32 .
drwxrwxr-x 3 fermilab fermilab 4096 May 14 16:32 ..
drwxrwxr-x 2 fermilab fermilab 4096 May 14 16:32 TRANSFERRED_INPUT_FILES

/condor/execute/dir_29440/glide_xh6R2e/execute/dir_32236/no_xfer/2282/TRANSFERRED_INPUT_FILES:
total 1036
drwxrwxr-x 2 fermilab fermilab    4096 May 14 16:32 .
drwxrwxr-x 3 fermilab fermilab    4096 May 14 16:32 ..
-rw-r--r-- 1 fermilab fermilab 1050000 May 14 16:32 filelist-sr1e5
TMPDIR: df -h
Filesystem            Size  Used Avail Use% Mounted on
/dev/sda4             874G   57G  818G   7% /export/data1
Copying in /pnfs/mu2e/phy-etc/cnf/mu2e/cd3-beam-g4s1/0506a/001/633/cnf.mu2e.cd3-beam-g4s1.0506a.001002_00102282.fcl
Base release directory is:  /cvmfs/mu2e.opensciencegrid.org/Offline/v5_3_3/SLF6/prof/Offline
MU2E_SEARCH_PATH:    /cvmfs/mu2e.opensciencegrid.org/Offline/v5_3_3/SLF6/prof/Offline/:/cvmfs/mu2e.opensciencegrid.org/DataFiles/
MU2E_SEARCH_PATH:   /export/data1/condor/execute/dir_29440/glide_xh6R2e/execute/dir_32236/no_xfer/:/cvmfs/mu2e.opensciencegrid.org/Offline/v5_3_3/SLF6/prof/Offline/:/cvmfs/mu2e.opensciencegrid.org/DataFiles/
#================================================================
After package setup, the environment is:
SQLITE_FQ_DIR=/cvmfs/mu2e.opensciencegrid.org/artexternals/sqlite/v3_08_08_02/Linux64bit+2.6-2.12
BOOST_INC=/cvmfs/mu2e.opensciencegrid.org/artexternals/boost/v1_57_0/Linux64bit+2.6-2.12-e7-prof/include
CETLIB_CFLAGS=-O3 -g -gdwarf-2 -fno-omit-frame-pointer
G4LEVELGAMMADATA=/cvmfs/mu2e.opensciencegrid.org/artexternals/g4photon/v3_0/NULL/PhotonEvaporation3.0
G4NUCLEONXS_DIR=/cvmfs/mu2e.opensciencegrid.org/artexternals/g4nucleonxs/v1_1/NULL
G4BIN=/cvmfs/mu2e.opensciencegrid.org/artexternals/geant4/v4_9_6_p04a/Linux64bit+2.6-2.12-e7-prof/bin
CPPUNIT_VERSION=v1_12_1b
CLHEP_LIB_DIR=/cvmfs/mu2e.opensciencegrid.org/artexternals/clhep/v2_2_0_5/Linux64bit+2.6-2.12-e7-prof/lib
localFCL=./cnf.mu2e.cd3-beam-g4s1.0506a.001002_00102282.fcl
GLIDEIN_ResourceName=MIT_CMS
GLIDEIN_SEs=se01.cmsaf.mit.edu
MU2EBINTOOLS_LIB=/cvmfs/mu2e.opensciencegrid.org/artexternals/mu2ebintools/v1_00_00/slf6.x86_64.e7.prof/lib
SETUP_CETPKGSUPPORT=cetpkgsupport v1_08_04 -f NULL -z /cvmfs/mu2e.opensciencegrid.org/artexternals
G4PII_DIR=/cvmfs/mu2e.opensciencegrid.org/artexternals/g4pii/v1_3/NULL
MU2E_BASE_RELEASE=/cvmfs/mu2e.opensciencegrid.org/Offline/v5_3_3/SLF6/prof/Offline
MANPATH=/cvmfs/mu2e.opensciencegrid.org/artexternals/git/v2_3_0/Linux64bit+2.6-2.12/man
CONDOR_EXEC=/fife/local/scratch/uploads/mu2e/mu2epro/2015-05-14_143235.042642_3168
JOBSUBJOBID=1695057.2282@fifebatch2.fnal.gov
_CONDOR_JOB_PIDS=
CPP0X_VERSION=v1_04_09
COMMON_PRODUCTS=/cvmfs/fermilab.opensciencegrid.org/products/common/db
_CONDOR_ANCESTOR_8078=32236:1431635562:2519676232
GRIDMAP=/condor/execute/dir_29440/glide_xh6R2e/grid-mapfile
CP_DROP=/grid/fermiapp/products/common/db
GLIDEIN_REQUIRE_GLEXEC_USE=False
MU2EBINTOOLS_CFLAGS=-O3 -g -gdwarf-2 -fno-omit-frame-pointer
G4PROFILE=1
CLHEP_DIR=/cvmfs/mu2e.opensciencegrid.org/artexternals/clhep/v2_2_0_5
IFDHC_DIR=/cvmfs/fermilab.opensciencegrid.org/products/common/db/../prd/ifdhc/v1_7_2/Linux64bit-2-6-2-12
MU2EGRID_VERSION=v2_00_15
MU2EGRID_INPUTLIST=filelist-sr1e5
OSG_GLEXEC_LOCATION=/usr/sbin/glexec
HEPPDT_LIB=/cvmfs/mu2e.opensciencegrid.org/artexternals/heppdt/v3_04_01c/Linux64bit+2.6-2.12-e7-prof/lib
GEANT4_DIR=/cvmfs/mu2e.opensciencegrid.org/artexternals/geant4/v4_9_6_p04a
SETUP_FFTW=fftw v3_3_4 -f Linux64bit+2.6-2.12 -z /cvmfs/mu2e.opensciencegrid.org/artexternals -q prof
logFileName=log.mu2e.cd3-beam-g4s1.0506a.001002_00102282.log
SETUP_GCCXML=gccxml v0_9_20140718a -f Linux64bit+2.6-2.12 -z /cvmfs/mu2e.opensciencegrid.org/artexternals
ART_VERSION=v1_13_01
GCC_FQ_DIR=/cvmfs/mu2e.opensciencegrid.org/artexternals/gcc/v4_9_2/Linux64bit+2.6-2.12
SETUP_GEANT4=geant4 v4_9_6_p04a -f Linux64bit+2.6-2.12 -z /cvmfs/mu2e.opensciencegrid.org/artexternals -q e7:prof
MU2EBINTOOLS_VERSION=v1_00_00
SCONS_DIR=/cvmfs/mu2e.opensciencegrid.org/artexternals/scons/v2_3_4
SETUP_G4NEUTRON=g4neutron v4_2 -f NULL -z /cvmfs/mu2e.opensciencegrid.org/artexternals
XROOTD_DIR=/cvmfs/mu2e.opensciencegrid.org/artexternals/xrootd/v3_3_4c
ROOT_FQ=Linux64bit+2.6-2.12-e7-prof
GLOBUS_LOCATION=/usr
TMPDIR=/condor/execute/dir_29440/glide_xh6R2e/execute/dir_32236/no_xfer
GCC_DIR=/cvmfs/mu2e.opensciencegrid.org/artexternals/gcc/v4_9_2
CPPUNIT_LIB=/cvmfs/mu2e.opensciencegrid.org/artexternals/cppunit/v1_12_1b/Linux64bit+2.6-2.12-e7-prof/lib
XROOTD_INC=/cvmfs/mu2e.opensciencegrid.org/artexternals/xrootd/v3_3_4c/Linux64bit+2.6-2.12-e7-prof/include
FFTW_FQ_DIR=/cvmfs/mu2e.opensciencegrid.org/artexternals/fftw/v3_3_4/Linux64bit+2.6-2.12-prof
SAM_EXPERIMENT=mu2e
GLIDECLIENT_Signature=1eec29dae8ad047023669567204d6ee0e5c79ce6
G4NEUTRON_DIR=/cvmfs/mu2e.opensciencegrid.org/artexternals/g4neutron/v4_2/NULL
TBB_UPS_VERSION=v4_3_3a
PYTHON_DIR=/cvmfs/mu2e.opensciencegrid.org/artexternals/python/v2_7_9
SETUP_XROOTD=xrootd v3_3_4c -f Linux64bit+2.6-2.12 -z /cvmfs/mu2e.opensciencegrid.org/artexternals -q e7:prof
FFTW_INC=/cvmfs/mu2e.opensciencegrid.org/artexternals/fftw/v3_3_4/Linux64bit+2.6-2.12-prof/include
MU2E_UPS_QUALIFIERS=+e7:+prof
CVSROOT=mu2ecvs@cdcvs.fnal.gov:/cvs/mu2e
CETPKGSUPPORT_DIR=/cvmfs/mu2e.opensciencegrid.org/artexternals/cetpkgsupport/v1_08_04
SPLINES_INC=/cvmfs/mu2e.opensciencegrid.org/artexternals/splines/v1_06_00/include
G4INCLUDE=/cvmfs/mu2e.opensciencegrid.org/artexternals/geant4/v4_9_6_p04a/Linux64bit+2.6-2.12-e7-prof/include
MESSAGEFACILITY_VERSION=v1_14_00
_CONDOR_SCRATCH_DIR=/condor/execute/dir_29440/glide_xh6R2e/execute/dir_32236/no_xfer
CETLIB_INC=/cvmfs/mu2e.opensciencegrid.org/artexternals/cetlib/v1_09_00/include
SCONS_FQ=Linux64bit+2.6-2.12
TBB_FQ_DIR=/cvmfs/mu2e.opensciencegrid.org/artexternals/tbb/v4_3_3a/Linux64bit+2.6-2.12-e7-prof
TBB_DIR=/cvmfs/mu2e.opensciencegrid.org/artexternals/tbb/v4_3_3a
XROOTD_FQ=Linux64bit+2.6-2.12-e7-prof
OLDPWD=/export/data1/condor/execute/dir_29440/glide_xh6R2e/execute/dir_32236
CPP0X_FQ_DIR=/cvmfs/mu2e.opensciencegrid.org/artexternals/cpp0x/v1_04_09/slf6.x86_64.e7.prof
G4NEUTRONXSDATA=/cvmfs/mu2e.opensciencegrid.org/artexternals/g4neutronxs/v1_2/NULL/G4NEUTRONXS1.2
TBB_INC=/cvmfs/mu2e.opensciencegrid.org/artexternals/tbb/v4_3_3a/Linux64bit+2.6-2.12-e7-prof/include
GCCXML_VERSION=v0_9_20140718a
MESSAGEFACILITY_CXXFLAGS=-O3 -g -gdwarf-2 -fno-omit-frame-pointer -std=c++1y
CPN_DIR=/cvmfs/fermilab.opensciencegrid.org/products/common/db/../prd/cpn/v1_7/NULL
X509_CERT_DIR=/etc/grid-security/certificates/
OSG_WN_TMP=/condor/execute/dir_29440
CPP0X_CXXFLAGS=-O3 -g -gdwarf-2 -fno-omit-frame-pointer -std=c++1y
FFTW_VERSION=v3_3_4
HAS_USAGE_MODEL=OFFSITE
GLIDEIN_SE_BASEPATH=srm://se01.cmsaf.mit.edu:8443/srm/v2/server?SFN=/mnt/hadoop/cms/
JOBSUB_EXE_SCRIPT=./mu2eprodsys.sh
CPPUNIT_FQ_DIR=/cvmfs/mu2e.opensciencegrid.org/artexternals/cppunit/v1_12_1b/Linux64bit+2.6-2.12-e7-prof
CPPUNIT_FQ=Linux64bit+2.6-2.12-e7-prof
FFTW_DIR=/cvmfs/mu2e.opensciencegrid.org/artexternals/fftw/v3_3_4
SQLITE_LIB=/cvmfs/mu2e.opensciencegrid.org/artexternals/sqlite/v3_08_08_02/Linux64bit+2.6-2.12/lib
SCONS_FQ_DIR=/cvmfs/mu2e.opensciencegrid.org/artexternals/scons/v2_3_4/Linux64bit+2.6-2.12
G4LEDATA=/cvmfs/mu2e.opensciencegrid.org/artexternals/g4emlow/v6_32/NULL/G4EMLOW6.32
XERCES_FQ=Linux64bit+2.6-2.12-e7-prof
CLHEP_BASE=/cvmfs/mu2e.opensciencegrid.org/artexternals/clhep/v2_2_0_5/Linux64bit+2.6-2.12-e7-prof
CLHEP_FQ=Linux64bit+2.6-2.12-e7-prof
SETUP_PYTHON=python v2_7_9 -f Linux64bit+2.6-2.12 -z /cvmfs/mu2e.opensciencegrid.org/artexternals
GLIDEIN_REQUIRE_VOMS=False
OSG_SQUID_LOCATION=squid1.cmsaf.mit.edu:3128
BOOST_DIR=/cvmfs/mu2e.opensciencegrid.org/artexternals/boost/v1_57_0
GROUP=mu2e
_CHIRP_DELAYED_UPDATE_PREFIX=Chirp*
USER=fermilab
CONDOR_TMP=/fife/local/scratch/uploads/mu2e/mu2epro/2015-05-14_143235.042642_3168
OSG_SITE_WRITE=None
SETUP_CLHEP=clhep v2_2_0_5 -f Linux64bit+2.6-2.12 -z /cvmfs/mu2e.opensciencegrid.org/artexternals -q e7:prof
ART_CXXFLAGS=-O3 -g -gdwarf-2 -fno-omit-frame-pointer -std=c++1y
CONDOR_PARENT_ID=lnbat0001:32236:1431635563
LD_LIBRARY_PATH=/cvmfs/mu2e.opensciencegrid.org/artexternals/mu2ebintools/v1_00_00/slf6.x86_64.e7.prof/lib:/cvmfs/mu2e.opensciencegrid.org/artexternals/fhiclcpp/v3_03_00/slf6.x86_64.e7.prof/lib:/cvmfs/mu2e.opensciencegrid.org/artexternals/sqlite/v3_08_08_02/Linux64bit+2.6-2.12/lib:/cvmfs/mu2e.opensciencegrid.org/artexternals/cetlib/v1_09_00/slf6.x86_64.e7.prof/lib:/cvmfs/mu2e.opensciencegrid.org/artexternals/cpp0x/v1_04_09/slf6.x86_64.e7.prof/lib:/cvmfs/mu2e.opensciencegrid.org/artexternals/gcc/v4_9_2/Linux64bit+2.6-2.12/lib64:/cvmfs/mu2e.opensciencegrid.org/artexternals/gcc/v4_9_2/Linux64bit+2.6-2.12/lib:/cvmfs/mu2e.opensciencegrid.org/artexternals/boost/v1_57_0/Linux64bit+2.6-2.12-e7-prof/lib:/cvmfs/mu2e.opensciencegrid.org/Offline/v5_3_3/SLF6/prof/Offline/lib:/cvmfs/mu2e.opensciencegrid.org/artexternals/scons/v2_3_4/Linux64bit+2.6-2.12/lib:/cvmfs/mu2e.opensciencegrid.org/artexternals/splines/v1_06_00/slf6.x86_64.e7.prof/lib:/cvmfs/mu2e.opensciencegrid.org/artexternals/heppdt/v3_04_01c/Linux64bit+2.6-2.12-e7-prof/lib:/cvmfs/mu2e.opensciencegrid.org/artexternals/geant4/v4_9_6_p04a/Linux64bit+2.6-2.12-e7-prof/lib64:/cvmfs/mu2e.opensciencegrid.org/artexternals/xerces_c/v3_1_1c/Linux64bit+2.6-2.12-e7-prof/lib:/cvmfs/mu2e.opensciencegrid.org/artexternals/art/v1_13_01/slf6.x86_64.e7.prof/lib:/cvmfs/mu2e.opensciencegrid.org/artexternals/tbb/v4_3_3a/Linux64bit+2.6-2.12-e7-prof/lib:/cvmfs/mu2e.opensciencegrid.org/artexternals/cppunit/v1_12_1b/Linux64bit+2.6-2.12-e7-prof/lib:/cvmfs/mu2e.opensciencegrid.org/artexternals/clhep/v2_2_0_5/Linux64bit+2.6-2.12-e7-prof/lib:/cvmfs/mu2e.opensciencegrid.org/artexternals/python/v2_7_9/Linux64bit+2.6-2.12/lib:/cvmfs/mu2e.opensciencegrid.org/artexternals/xrootd/v3_3_4c/Linux64bit+2.6-2.12-e7-prof/lib64:/cvmfs/mu2e.opensciencegrid.org/artexternals/libxml2/v2_9_2/Linux64bit+2.6-2.12-prof/lib:/cvmfs/mu2e.opensciencegrid.org/artexternals/fftw/v3_3_4/Linux64bit+2.6-2.12-prof/lib:/cvmfs/mu2e.opensciencegrid.org/artexternals/root/v5_34_25/Linux64bit+2.6-2.12-e7-prof/lib:/cvmfs/mu2e.opensciencegrid.org/artexternals/messagefacility/v1_14_00/slf6.x86_64.e7.prof/lib:/cvmfs/fermilab.opensciencegrid.org/products/common/db/../prd/ifdhc/v1_7_2/Linux64bit-2-6-2-12/lib:/cvmfs/mu2e.opensciencegrid.org/artexternals/git/v2_3_0/Linux64bit+2.6-2.12/lib64:/cvmfs/mu2e.opensciencegrid.org/lib
TEMP=/condor/execute/dir_29440/glide_xh6R2e/execute/dir_32236/no_xfer
CETLIB_FQ_DIR=/cvmfs/mu2e.opensciencegrid.org/artexternals/cetlib/v1_09_00/slf6.x86_64.e7.prof
HEPPDT_FQ=Linux64bit+2.6-2.12-e7-prof
SETUP_G4NEUTRONXS=g4neutronxs v1_2 -f NULL -z /cvmfs/mu2e.opensciencegrid.org/artexternals
SETUP_CPN=cpn v1.7 -f NULL -z /cvmfs/fermilab.opensciencegrid.org/products/common/db
GLIDEIN_Entry_Name=CMS_T2_US_MIT_ce01
CETLIB_VERSION=v1_09_00
SETUP_G4SURFACE=g4surface v1_0 -f NULL -z /cvmfs/mu2e.opensciencegrid.org/artexternals
SETUP_G4RADIATIVE=g4radiative v4_0 -f NULL -z /cvmfs/mu2e.opensciencegrid.org/artexternals
XROOTDROOT=/cvmfs/mu2e.opensciencegrid.org/artexternals/xrootd/v3_3_4c/Linux64bit+2.6-2.12-e7-prof
COMMON_PRODUCTS2=/cvmfs/fermilab.opensciencegrid.org/products/common/etc/./../db
BATCH_SYSTEM=HTCondor
GLIDEIN_Name=gfactory_instance
OSG_LOCATION=/etc/osg/wn-client
G4SURFACE_DIR=/cvmfs/mu2e.opensciencegrid.org/artexternals/g4surface/v1_0/NULL
G4NEUTRONHPDATA=/cvmfs/mu2e.opensciencegrid.org/artexternals/g4neutron/v4_2/NULL/G4NDL4.2
CPATH=/cvmfs/mu2e.opensciencegrid.org/artexternals/tbb/v4_3_3a/Linux64bit+2.6-2.12-e7-prof/include
MESSAGEFACILITY_FQ_DIR=/cvmfs/mu2e.opensciencegrid.org/artexternals/messagefacility/v1_14_00/slf6.x86_64.e7.prof
_CONDOR_CHIRP_CONFIG=/condor/execute/dir_29440/glide_xh6R2e/execute/dir_32236/.chirp.config
SETUP_BOOST=boost v1_57_0 -f Linux64bit+2.6-2.12 -z /cvmfs/mu2e.opensciencegrid.org/artexternals -q e7:prof
MU2EBINTOOLS_FQ_DIR=/cvmfs/mu2e.opensciencegrid.org/artexternals/mu2ebintools/v1_00_00/slf6.x86_64.e7.prof
SPLINES_VERSION=v1_06_00
SETUP_CPPUNIT=cppunit v1_12_1b -f Linux64bit+2.6-2.12 -z /cvmfs/mu2e.opensciencegrid.org/artexternals -q e7:prof
MESSAGEFACILITY_INC=/cvmfs/mu2e.opensciencegrid.org/artexternals/messagefacility/v1_14_00/include
SQLITE_DIR=/cvmfs/mu2e.opensciencegrid.org/artexternals/sqlite/v3_08_08_02
GCC_VERSION=v4_9_2
FHICLCPP_INC=/cvmfs/mu2e.opensciencegrid.org/artexternals/fhiclcpp/v3_03_00/include
G4RADIOACTIVEDATA=/cvmfs/mu2e.opensciencegrid.org/artexternals/g4radiative/v4_0/NULL/RadioactiveDecay4.0
TBB_FQ=Linux64bit+2.6-2.12-e7-prof
GLIDEIN_Entry_Signature=1c8360fc18a23a4cd4f519254f3089370ecf0a82
OSG_SITE_READ=None
CONDORCE_COLLECTOR_HOST=CE01.CMSAF.MIT.EDU:9619
FHICLCPP_DIR=/cvmfs/mu2e.opensciencegrid.org/artexternals/fhiclcpp/v3_03_00
SPLINES_CFLAGS=-O3 -g -gdwarf-2 -fno-omit-frame-pointer
JOBSUB_GROUP=mu2e
MU2E=/cvmfs/mu2e.opensciencegrid.org
CONDOR_PROCD_ADDRESS_BASE=/condor/execute/dir_29440/glide_xh6R2e/log/procd_address
EXPERIMENT=mu2e
SETUP_SAM_WEB_CLIENT=sam_web_client v1_9 -f NULL -z /cvmfs/fermilab.opensciencegrid.org/products/common/db
SETUP_SQLITE=sqlite v3_08_08_02 -f Linux64bit+2.6-2.12 -z /cvmfs/mu2e.opensciencegrid.org/artexternals
CPP0X_DIR=/cvmfs/mu2e.opensciencegrid.org/artexternals/cpp0x/v1_04_09
SETUP_G4PII=g4pii v1_3 -f NULL -z /cvmfs/mu2e.opensciencegrid.org/artexternals
GEANT4_FQ=Linux64bit+2.6-2.12-e7-prof
PYTHON_VERSION=v2_7_9
FHICLCPP_CXXFLAGS=-O3 -g -gdwarf-2 -fno-omit-frame-pointer -std=c++1y
GEANT4_VERSION=v4_9_6_p04a
GCCXML_FQ_DIR=/cvmfs/mu2e.opensciencegrid.org/artexternals/gccxml/v0_9_20140718a/Linux64bit+2.6-2.12
ROOT_DIR=/cvmfs/mu2e.opensciencegrid.org/artexternals/root/v5_34_25
GLIDECLIENT_Name=fifebatchgpvmhead1_OSG_gWMSFrontend.OSG_mu2e
GLIDEIN_Site=MIT
SETUP_CPP0X=cpp0x v1_04_09 -f Linux64bit+2.6-2.12 -z /cvmfs/mu2e.opensciencegrid.org/artexternals -q e7:prof
MU2E_SATELLITE_RELEASE=/export/data1/condor/execute/dir_29440/glide_xh6R2e/execute/dir_32236/no_xfer
HEPPDT_DIR=/cvmfs/mu2e.opensciencegrid.org/artexternals/heppdt/v3_04_01c
SETUP_G4EMLOW=g4emlow v6_32 -f NULL -z /cvmfs/mu2e.opensciencegrid.org/artexternals
PATH=/cvmfs/fermilab.opensciencegrid.org/products/common/db/../prd/sam_web_client/v1_9/NULL/bin:/cvmfs/mu2e.opensciencegrid.org/artexternals/mu2ebintools/v1_00_00/slf6.x86_64.e7.prof/bin:/cvmfs/mu2e.opensciencegrid.org/artexternals/fhiclcpp/v3_03_00/slf6.x86_64.e7.prof/bin:/cvmfs/mu2e.opensciencegrid.org/artexternals/sqlite/v3_08_08_02/Linux64bit+2.6-2.12/bin:/cvmfs/mu2e.opensciencegrid.org/artexternals/cetlib/v1_09_00/slf6.x86_64.e7.prof/bin:/cvmfs/mu2e.opensciencegrid.org/artexternals/gcc/v4_9_2/Linux64bit+2.6-2.12/bin:/cvmfs/mu2e.opensciencegrid.org/artexternals/cetpkgsupport/v1_08_04/bin:/cvmfs/mu2e.opensciencegrid.org/Offline/v5_3_3/SLF6/prof/Offline/bin:/cvmfs/mu2e.opensciencegrid.org/artexternals/scons/v2_3_4/Linux64bit+2.6-2.12/bin:/cvmfs/mu2e.opensciencegrid.org/artexternals/xerces_c/v3_1_1c/Linux64bit+2.6-2.12-e7-prof/bin:/cvmfs/mu2e.opensciencegrid.org/artexternals/art/v1_13_01/slf6.x86_64.e7.prof/bin:/cvmfs/mu2e.opensciencegrid.org/artexternals/gccxml/v0_9_20140718a/Linux64bit+2.6-2.12/bin:/cvmfs/mu2e.opensciencegrid.org/artexternals/cppunit/v1_12_1b/Linux64bit+2.6-2.12-e7-prof/bin:/cvmfs/mu2e.opensciencegrid.org/artexternals/clhep/v2_2_0_5/Linux64bit+2.6-2.12-e7-prof/bin:/cvmfs/mu2e.opensciencegrid.org/artexternals/python/v2_7_9/Linux64bit+2.6-2.12/bin:/cvmfs/mu2e.opensciencegrid.org/artexternals/xrootd/v3_3_4c/Linux64bit+2.6-2.12-e7-prof/bin:/cvmfs/mu2e.opensciencegrid.org/artexternals/libxml2/v2_9_2/Linux64bit+2.6-2.12-prof/bin:/cvmfs/mu2e.opensciencegrid.org/artexternals/fftw/v3_3_4/Linux64bit+2.6-2.12-prof/bin:/cvmfs/mu2e.opensciencegrid.org/artexternals/root/v5_34_25/Linux64bit+2.6-2.12-e7-prof/bin:/cvmfs/mu2e.opensciencegrid.org/artexternals/messagefacility/v1_14_00/slf6.x86_64.e7.prof/bin:/cvmfs/fermilab.opensciencegrid.org/products/common/db/../prd/cpn/v1_7/NULL/bin:/cvmfs/fermilab.opensciencegrid.org/products/common/db/../prd/ifdhc/v1_7_2/Linux64bit-2-6-2-12/bin:/cvmfs/mu2e.opensciencegrid.org/artexternals/git/v2_3_0/Linux64bit+2.6-2.12/lib64:/cvmfs/mu2e.opensciencegrid.org/artexternals/git/v2_3_0/Linux64bit+2.6-2.12/bin:/cvmfs/mu2e.opensciencegrid.org/artexternals/ups/v5_1_4/Linux64bit+2.6-2.12/bin:/bin:/usr/bin:/usr/sbin:/bin:/usr/bin:/sbin:/usr/sbin:.
SPLINES_DIR=/cvmfs/mu2e.opensciencegrid.org/artexternals/splines/v1_06_00
G4RADIATIVE_DIR=/cvmfs/mu2e.opensciencegrid.org/artexternals/g4radiative/v4_0/NULL
G4LIB=/cvmfs/mu2e.opensciencegrid.org/artexternals/geant4/v4_9_6_p04a/Linux64bit+2.6-2.12-e7-prof/lib64
FFTW_INCLUDE_DIR=/cvmfs/mu2e.opensciencegrid.org/artexternals/fftw/v3_3_4/Linux64bit+2.6-2.12-prof/include
origFCL=/pnfs/mu2e/phy-etc/cnf/mu2e/cd3-beam-g4s1/0506a/001/633/cnf.mu2e.cd3-beam-g4s1.0506a.001002_00102282.fcl
ART_WORKBOOK_WORKING_BASE=/mu2e/app/users
HOLD_GRACE_TIME=0
ART_LIB=/cvmfs/mu2e.opensciencegrid.org/artexternals/art/v1_13_01/slf6.x86_64.e7.prof/lib
BOOST_VERSION=v1_57_0
SCONS_LIB=/cvmfs/mu2e.opensciencegrid.org/artexternals/scons/v2_3_4/Linux64bit+2.6-2.12/lib
TBBROOT=/cvmfs/mu2e.opensciencegrid.org/artexternals/tbb/v4_3_3a/Linux64bit+2.6-2.12-e7-prof
CPPUNIT_INC=/cvmfs/mu2e.opensciencegrid.org/artexternals/cppunit/v1_12_1b/Linux64bit+2.6-2.12-e7-prof/include
XROOTD_LIB=/cvmfs/mu2e.opensciencegrid.org/artexternals/xrootd/v3_3_4c/Linux64bit+2.6-2.12-e7-prof/lib64
CONDOR_CONFIG=/condor/execute/dir_29440/glide_xh6R2e/condor_config
OSG_DATA=/osg/data
FHICLCPP_LIB=/cvmfs/mu2e.opensciencegrid.org/artexternals/fhiclcpp/v3_03_00/slf6.x86_64.e7.prof/lib
G4PIIDATA=/cvmfs/mu2e.opensciencegrid.org/artexternals/g4pii/v1_3/NULL/G4PII1.3
XROOTD_VERSION=v3_3_4c
ART_FQ_DIR=/cvmfs/mu2e.opensciencegrid.org/artexternals/art/v1_13_01/slf6.x86_64.e7.prof
SETUP_ART=art v1_13_01 -f Linux64bit+2.6-2.12 -z /cvmfs/mu2e.opensciencegrid.org/artexternals -q e7:prof
UPS_SHELL=sh
MU2EPRODUCTS=/cvmfs/mu2e.opensciencegrid.org/artexternals
OSG_APP=/osg/app
PWD=/condor/execute/dir_29440/glide_xh6R2e/execute/dir_32236/no_xfer
MU2EGRID_SUBMITTER=andr
SPLINES_FQ_DIR=/cvmfs/mu2e.opensciencegrid.org/artexternals/splines/v1_06_00/slf6.x86_64.e7.prof
PYTHON_LIB=/cvmfs/mu2e.opensciencegrid.org/artexternals/python/v2_7_9/Linux64bit+2.6-2.12/lib
FHICL_FILE_PATH=/export/data1/condor/execute/dir_29440/glide_xh6R2e/execute/dir_32236/no_xfer:/export/data1/condor/execute/dir_29440/glide_xh6R2e/execute/dir_32236/no_xfer/fcl:/cvmfs/mu2e.opensciencegrid.org/Offline/v5_3_3/SLF6/prof/Offline:/cvmfs/mu2e.opensciencegrid.org/Offline/v5_3_3/SLF6/prof/Offline/fcl
G4EMLOW_DIR=/cvmfs/mu2e.opensciencegrid.org/artexternals/g4emlow/v6_32/NULL
FFTW_LIBRARY=/cvmfs/mu2e.opensciencegrid.org/artexternals/fftw/v3_3_4/Linux64bit+2.6-2.12-prof/lib
X509_USER_CERT=/condor/execute/dir_29440/glide_xh6R2e/hostcert.pem
JSB_TMP=/condor/execute/dir_29440/glide_xh6R2e/execute/dir_32236/jsb_tmp
FHICLCPP_CFLAGS=-O3 -g -gdwarf-2 -fno-omit-frame-pointer
CLHEP_BASE_DIR=/cvmfs/mu2e.opensciencegrid.org/artexternals/clhep/v2_2_0_5/Linux64bit+2.6-2.12-e7-prof
IFDHC_FQ_DIR=/cvmfs/fermilab.opensciencegrid.org/products/common/db/../prd/ifdhc/v1_7_2/Linux64bit-2-6-2-12
GIT_FQ_DIR=/cvmfs/mu2e.opensciencegrid.org/artexternals/git/v2_3_0/Linux64bit+2.6-2.12
ART_WORKBOOK_QUAL=s3:e5
_CONDOR_WRAPPER_ERROR_FILE=/condor/execute/dir_29440/glide_xh6R2e/execute/dir_32236/.job_wrapper_failure
LANG=C
MU2EGRID_DSOWNER=mu2e
MU2EGRID_MU2ESETUP=/cvmfs/mu2e.opensciencegrid.org/setupmu2e-art.sh
IFDH_BASE_URI=http://samweb.fnal.gov:8480/sam/mu2e/api
CETLIB_LIB=/cvmfs/mu2e.opensciencegrid.org/artexternals/cetlib/v1_09_00/slf6.x86_64.e7.prof/lib
GLEXEC_CLIENT_CERT=/condor/execute/dir_29440/glide_xh6R2e/execute/dir_32236.condor/x509cc_mu2epro_Production
GLIDEIN_Country=US
MU2EGRID_DSCONF=0506a
CPP0X_CFLAGS=-O3 -g -gdwarf-2 -fno-omit-frame-pointer
CPP0X_INC=/cvmfs/mu2e.opensciencegrid.org/artexternals/cpp0x/v1_04_09/include
LIBXML2_FQ_DIR=/cvmfs/mu2e.opensciencegrid.org/artexternals/libxml2/v2_9_2/Linux64bit+2.6-2.12-prof
SETUP_ROOT=root v5_34_25 -f Linux64bit+2.6-2.12 -z /cvmfs/mu2e.opensciencegrid.org/artexternals -q e7:prof
GLIDEIN_Gatekeeper=ce01.cmsaf.mit.edu ce01.cmsaf.mit.edu:9619
MU2EGRID_OUTSTAGE=/pnfs/mu2e/scratch/outstage
SETUP_HEPPDT=heppdt v3_04_01c -f Linux64bit+2.6-2.12 -z /cvmfs/mu2e.opensciencegrid.org/artexternals -q e7:prof
XERCES_C_INC=/cvmfs/mu2e.opensciencegrid.org/artexternals/xerces_c/v3_1_1c/Linux64bit+2.6-2.12-e7-prof/include
PYTHONHOME=/cvmfs/mu2e.opensciencegrid.org/artexternals/python/v2_7_9/Linux64bit+2.6-2.12
LIBXML2_INC=/cvmfs/mu2e.opensciencegrid.org/artexternals/libxml2/v2_9_2/Linux64bit+2.6-2.12-prof/include/libxml2
ART_DIR=/cvmfs/mu2e.opensciencegrid.org/artexternals/art/v1_13_01
_CONDOR_SLOT=
CETLIB_CXXFLAGS=-O3 -g -gdwarf-2 -fno-omit-frame-pointer -std=c++1y
FHICLCPP_VERSION=v3_03_00
GCCXML_FQ=Linux64bit+2.6-2.12
SETUP_MESSAGEFACILITY=messagefacility v1_14_00 -f Linux64bit+2.6-2.12 -z /cvmfs/mu2e.opensciencegrid.org/artexternals -q e7:prof
SETUP_UPS=ups v5_1_4 -f Linux64bit+2.6-2.12 -z /cvmfs/mu2e.opensciencegrid.org/artexternals
GLIDEIN_Tmp_Dir=/condor/execute/dir_29440/glide_xh6R2e/tmp
OSG_GRID=/etc/osg/wn-client
BOOST_LIB=/cvmfs/mu2e.opensciencegrid.org/artexternals/boost/v1_57_0/Linux64bit+2.6-2.12-e7-prof/lib
SPLINES_CXXFLAGS=-O3 -g -gdwarf-2 -fno-omit-frame-pointer -std=c++1y
G4SAIDXSDATA=/cvmfs/mu2e.opensciencegrid.org/artexternals/g4nucleonxs/v1_1/NULL/G4SAIDDATA1.1
GIT_TEMPLATE_DIR=/cvmfs/mu2e.opensciencegrid.org/artexternals/git/v2_3_0/Linux64bit+2.6-2.12/share/git-core/templates
GLIDEIN_Factory=OSGGOC
GLIDEIN_GridType=condor
GLIDEIN_Proxy_URL=squid1.cmsaf.mit.edu:3128
XERCES_C_DIR=/cvmfs/mu2e.opensciencegrid.org/artexternals/xerces_c/v3_1_1c
LIBXML2_FQ=Linux64bit+2.6-2.12-prof
LIBXML2_DIR=/cvmfs/mu2e.opensciencegrid.org/artexternals/libxml2/v2_9_2
MU2E_SEARCH_PATH=/export/data1/condor/execute/dir_29440/glide_xh6R2e/execute/dir_32236/no_xfer/:/cvmfs/mu2e.opensciencegrid.org/Offline/v5_3_3/SLF6/prof/Offline/:/cvmfs/mu2e.opensciencegrid.org/DataFiles/
UPS_DIR=/cvmfs/mu2e.opensciencegrid.org/artexternals/ups/v5_1_4/Linux64bit+2.6-2.12
ART_WORKBOOK_OUTPUT_BASE=/mu2e/data/users
GLIDECLIENT_Group=OSG_mu2e
XERCESCROOT=/cvmfs/mu2e.opensciencegrid.org/artexternals/xerces_c/v3_1_1c/Linux64bit+2.6-2.12-e7-prof
ROOTSYS=/cvmfs/mu2e.opensciencegrid.org/artexternals/root/v5_34_25/Linux64bit+2.6-2.12-e7-prof
GIT_UPS_DIR=/cvmfs/mu2e.opensciencegrid.org/artexternals/git/v2_3_0
OSG_HOSTNAME=ce01.cmsaf.mit.edu
SETUP_SPLINES=splines v1_06_00 -f Linux64bit+2.6-2.12 -z /cvmfs/mu2e.opensciencegrid.org/artexternals -q e7:prof
HEPPDT_INC=/cvmfs/mu2e.opensciencegrid.org/artexternals/heppdt/v3_04_01c/Linux64bit+2.6-2.12-e7-prof/include
SETUP_XERCES_C=xerces_c v3_1_1c -f Linux64bit+2.6-2.12 -z /cvmfs/mu2e.opensciencegrid.org/artexternals -q e7:prof
GLIDEIN_Expose_Grid_Env=True
_CONDOR_EXECUTE=/condor/execute/dir_29440/glide_xh6R2e/execute
MU2EGRID_USERSETUP=/cvmfs/mu2e.opensciencegrid.org/Offline/v5_3_3/SLF6/prof/Offline/setup.sh
PREEMPT_GRACE_TIME=10000000
SETUP_G4PHOTON=g4photon v3_0 -f NULL -z /cvmfs/mu2e.opensciencegrid.org/artexternals
CLHEP_INCLUDE_DIR=/cvmfs/mu2e.opensciencegrid.org/artexternals/clhep/v2_2_0_5/Linux64bit+2.6-2.12-e7-prof/include
ROOT_VERSION=v5_34_25
MESSAGEFACILITY_CFLAGS=-O3 -g -gdwarf-2 -fno-omit-frame-pointer
SHLVL=4
HOME=/export/data1/condor/execute/dir_29440/glide_xh6R2e/execute/dir_32236
GLIDECLIENT_Group_Signature=64d8a47486c92065703b12cefd32cd65090e2b7f
MU2EGRID_DIR=/cvmfs/mu2e.opensciencegrid.org/artexternals/mu2egrid/v2_00_15
G4REALSURFACEDATA=/cvmfs/mu2e.opensciencegrid.org/artexternals/g4surface/v1_0/NULL/RealSurface1.0
MU2E_DATA_PATH=/cvmfs/mu2e.opensciencegrid.org/DataFiles
GRID_USER=mu2epro
OSG_STORAGE_ELEMENT=True
_CONDOR_MACHINE_AD=/condor/execute/dir_29440/glide_xh6R2e/execute/dir_32236/.machine.ad
BOOST_FQ_DIR=/cvmfs/mu2e.opensciencegrid.org/artexternals/boost/v1_57_0/Linux64bit+2.6-2.12-e7-prof
BOOST_FQ=Linux64bit+2.6-2.12-e7-prof
X509_USER_PROXY=/condor/execute/dir_29440/glide_xh6R2e/execute/dir_32236/x509cc_mu2epro_Production
GSI_AUTHZ_CONF=/dev/null
PROCESS=2282
CET_PLATINFO=Linux+2.6-2.12:slf6:x86_64
_CONDOR_ANCESTOR_6751=8078:1431635434:3523129925
IFOS_installed=SL6
SQLITE_VERSION=v3_08_08_02
CPPUNIT_DIR=/cvmfs/mu2e.opensciencegrid.org/artexternals/cppunit/v1_12_1b
PYTHON_ROOT=/cvmfs/mu2e.opensciencegrid.org/artexternals/python/v2_7_9/Linux64bit+2.6-2.12
FFTW_FQ=Linux64bit+2.6-2.12-prof
GLIDEIN_CMSSite=T2_US_MIT
GLIDEIN_Signature=95f5ff67925c4976de866257cbec03c2ef8cf735
CETPKGSUPPORT_VERSION=v1_08_04
MESSAGEFACILITY_LIB=/cvmfs/mu2e.opensciencegrid.org/artexternals/messagefacility/v1_14_00/slf6.x86_64.e7.prof/lib
ART_INC=/cvmfs/mu2e.opensciencegrid.org/artexternals/art/v1_13_01/include
GIT_HOME=/cvmfs/mu2e.opensciencegrid.org/artexternals/git/v2_3_0/Linux64bit+2.6-2.12
OSG_DEFAULT_SE=se01.cmsaf.mit.edu
GLIDEIN_Schedd=schedd_glideins5@glidein.grid.iu.edu
CPP0X_LIB=/cvmfs/mu2e.opensciencegrid.org/artexternals/cpp0x/v1_04_09/slf6.x86_64.e7.prof/lib
SETUP_GCC=gcc v4_9_2 -f Linux64bit+2.6-2.12 -z /cvmfs/mu2e.opensciencegrid.org/artexternals
SETUP_MU2EBINTOOLS=mu2ebintools v1_00_00 -f Linux64bit+2.6-2.12 -z /cvmfs/mu2e.opensciencegrid.org/artexternals -q e7:prof
HEPPDT_FQ_DIR=/cvmfs/mu2e.opensciencegrid.org/artexternals/heppdt/v3_04_01c/Linux64bit+2.6-2.12-e7-prof
G4PHOTON_DIR=/cvmfs/mu2e.opensciencegrid.org/artexternals/g4photon/v3_0/NULL
PYTHONPATH=/cvmfs/fermilab.opensciencegrid.org/products/common/db/../prd/sam_web_client/v1_9/NULL/python:/cvmfs/mu2e.opensciencegrid.org/Offline/v5_3_3/SLF6/prof/Offline/Config:/cvmfs/mu2e.opensciencegrid.org/artexternals/root/v5_34_25/Linux64bit+2.6-2.12-e7-prof/lib:/cvmfs/fermilab.opensciencegrid.org/products/common/db/../prd/ifdhc/v1_7_2/Linux64bit-2-6-2-12/lib/python
LOGNAME=fermilab
GLIDEIN_Glexec_Use=OPTIONAL
TMP=/condor/execute/dir_29440/glide_xh6R2e/execute/dir_32236/no_xfer
HEPPDT_VERSION=v3_04_01c
TBB_LIB=/cvmfs/mu2e.opensciencegrid.org/artexternals/tbb/v4_3_3a/Linux64bit+2.6-2.12-e7-prof/lib
SETUP_LIBXML2=libxml2 v2_9_2 -f Linux64bit+2.6-2.12 -z /cvmfs/mu2e.opensciencegrid.org/artexternals -q prof
CVS_RSH=/usr/bin/ssh
CLHEP_INC=/cvmfs/mu2e.opensciencegrid.org/artexternals/clhep/v2_2_0_5/Linux64bit+2.6-2.12-e7-prof/include
CLHEP_VERSION=v2_2_0_5
IFDHC_VERSION=v1_7_2
VOS_USING_SE_BASEPATH=CMS
GLIDEIN_Monitoring_Enabled=False
OSG_SITE_NAME=MIT_CMS_CE2
SPLINES_LIB=/cvmfs/mu2e.opensciencegrid.org/artexternals/splines/v1_06_00/slf6.x86_64.e7.prof/lib
SETUP_IFDHC=ifdhc v1_7_2 -f Linux64bit+2.6-2.12 -z /cvmfs/fermilab.opensciencegrid.org/products/common/db
GLIDEIN_ClusterId=2066277
GLIDEIN_ProcId=3
CLUSTER=1695057
PKG_CONFIG_PATH=/cvmfs/mu2e.opensciencegrid.org/artexternals/sqlite/v3_08_08_02/Linux64bit+2.6-2.12/lib/pkgconfig
COMPILER_PATH=/cvmfs/mu2e.opensciencegrid.org/artexternals/gcc/v4_9_2/Linux64bit+2.6-2.12/bin
FHICLCPP_FQ_DIR=/cvmfs/mu2e.opensciencegrid.org/artexternals/fhiclcpp/v3_03_00/slf6.x86_64.e7.prof
SAM_WEB_CLIENT_DIR=/cvmfs/fermilab.opensciencegrid.org/products/common/db/../prd/sam_web_client/v1_9/NULL
MU2EBINTOOLS_INC=/cvmfs/mu2e.opensciencegrid.org/artexternals/mu2ebintools/v1_00_00/include
GITPERLLIB=/cvmfs/mu2e.opensciencegrid.org/artexternals/git/v2_3_0/Linux64bit+2.6-2.12/share/perl5
_CONDOR_JOB_AD=/condor/execute/dir_29440/glide_xh6R2e/execute/dir_32236/.job.ad
SQLITE_INC=/cvmfs/mu2e.opensciencegrid.org/artexternals/sqlite/v3_08_08_02/Linux64bit+2.6-2.12/include
MU2EBINTOOLS_DIR=/cvmfs/mu2e.opensciencegrid.org/artexternals/mu2ebintools/v1_00_00
G4SAIDDATA=/cvmfs/mu2e.opensciencegrid.org/artexternals/g4nucleonxs/v1_1/NULL/G4SAIDDATA1.1
SETUP_G4NUCLEONXS=g4nucleonxs v1_1 -f NULL -z /cvmfs/mu2e.opensciencegrid.org/artexternals
MESSAGEFACILITY_DIR=/cvmfs/mu2e.opensciencegrid.org/artexternals/messagefacility/v1_14_00
ART_CFLAGS=-O3 -g -gdwarf-2 -fno-omit-frame-pointer
SETUP_GIT=git v2_3_0 -f Linux64bit+2.6-2.12 -z /cvmfs/mu2e.opensciencegrid.org/artexternals
G4LIBDIR=/cvmfs/mu2e.opensciencegrid.org/artexternals/geant4/v4_9_6_p04a/Linux64bit+2.6-2.12-e7-prof/lib64/
NeutronHPCrossSections=/cvmfs/mu2e.opensciencegrid.org/artexternals/g4neutron/v4_2/NULL/G4NDL4.2
XERCES_C_VERSION=v3_1_1c
GEANT4_FQ_DIR=/cvmfs/mu2e.opensciencegrid.org/artexternals/geant4/v4_9_6_p04a/Linux64bit+2.6-2.12-e7-prof
LIBXML2_VERSION=v2_9_2
SQLITE_FQ=Linux64bit+2.6-2.12
MU2EBINTOOLS_CXXFLAGS=-O3 -g -gdwarf-2 -fno-omit-frame-pointer -std=c++1y
GCCXML_DIR=/cvmfs/mu2e.opensciencegrid.org/artexternals/gccxml/v0_9_20140718a
CLHEP_LIB=CLHEP-2.2.0.5
IFDHC_LIB=/cvmfs/fermilab.opensciencegrid.org/products/common/db/../prd/ifdhc/v1_7_2/Linux64bit-2-6-2-12/lib
PRODUCTS=/cvmfs/mu2e.opensciencegrid.org/artexternals:/cvmfs/fermilab.opensciencegrid.org/products/common/db
GLIDEIN_LOCAL_TMP_DIR=/tmp/glide_fermilab_J64X3p
CETLIB_DIR=/cvmfs/mu2e.opensciencegrid.org/artexternals/cetlib/v1_09_00
G4NEUTRONXS_DIR=/cvmfs/mu2e.opensciencegrid.org/artexternals/g4neutronxs/v1_2/NULL
ROOT_INC=/cvmfs/mu2e.opensciencegrid.org/artexternals/root/v5_34_25/Linux64bit+2.6-2.12-e7-prof/include
_CONDOR_JOB_IWD=/condor/execute/dir_29440/glide_xh6R2e/execute/dir_32236
SETUP_SCONS=scons v2_3_4 -f Linux64bit+2.6-2.12 -z /cvmfs/mu2e.opensciencegrid.org/artexternals
SETUP_TBB=tbb v4_3_3a -f Linux64bit+2.6-2.12 -z /cvmfs/mu2e.opensciencegrid.org/artexternals -q e7:prof
LIBXML2_SOURCE=/cvmfs/mu2e.opensciencegrid.org/artexternals/libxml2/v2_9_2/source/libxml2-2.9.1
GIT_EXEC_PATH=/cvmfs/mu2e.opensciencegrid.org/artexternals/git/v2_3_0/Linux64bit+2.6-2.12/libexec/git-core
DAGMANJOBID=
X509_USER_KEY=/condor/execute/dir_29440/glide_xh6R2e/hostkey.pem
CONDOR_DIR_INPUT=/condor/execute/dir_29440/glide_xh6R2e/execute/dir_32236/no_xfer/2282/TRANSFERRED_INPUT_FILES
SETUP_CETLIB=cetlib v1_09_00 -f Linux64bit+2.6-2.12 -z /cvmfs/mu2e.opensciencegrid.org/artexternals -q e7:prof
SETUP_FHICLCPP=fhiclcpp v3_03_00 -f Linux64bit+2.6-2.12 -z /cvmfs/mu2e.opensciencegrid.org/artexternals -q e7:prof
PYTHON_INCLUDE=/cvmfs/mu2e.opensciencegrid.org/artexternals/python/v2_7_9/Linux64bit+2.6-2.12/include/python2.7
CONDOR_PROCD_ADDRESS=/condor/execute/dir_29440/glide_xh6R2e/log/procd_address
setup=() {  . `/cvmfs/mu2e.opensciencegrid.org/artexternals/ups/v5_1_4/Linux64bit+2.6-2.12/bin/ups setup "$@"`
}
unsetup=() {  . `/cvmfs/mu2e.opensciencegrid.org/artexternals/ups/v5_1_4/Linux64bit+2.6-2.12/bin/ups unsetup "$@"`
}
_=/usr/bin/printenv
#================================================================
Error from oldname=$(fhicl-getpar --string $key $localFCL): exit code 135
