ROR: ld.so: object 'libjsig.so' from LD_PRELOAD cannot be preloaded: ignored.
[22376] Tue Feb 18 11:28:02 2014 :: GFork functionality not enabled.:
globus_gfork: GFork error: Env not set

[22376] Tue Feb 18 11:28:02 2014 :: Configuration read from /etc/gridftp-hdfs/gridftp-debug.conf.
[22376] Tue Feb 18 11:28:02 2014 :: Server started in daemon mode.
[22376] Tue Feb 18 11:28:05 2014 :: New connection from: gluon.rcac.purdue.edu:60584
[22376] Tue Feb 18 11:28:05 2014 :: gluon.rcac.purdue.edu:60584: [CLIENT]: USER :globus-mapping:
[22376] Tue Feb 18 11:28:05 2014 :: gluon.rcac.purdue.edu:60584: [SERVER]: 331 Password required for :globus-mapping:.
[22376] Tue Feb 18 11:28:05 2014 :: gluon.rcac.purdue.edu:60584: [CLIENT]: PASS 
[22376] Tue Feb 18 11:28:05 2014 :: Max memory buffer count: 200.
[22376] Tue Feb 18 11:28:05 2014 :: Max file buffer count: 1500.
[22376] Tue Feb 18 11:28:05 2014 :: Checking current load on the server.
[22376] Tue Feb 18 11:28:05 2014 :: Detected system load 0.23.
[22376] Tue Feb 18 11:28:05 2014 :: Start gridftp server; hadoop nameserver hadoop-name, port 9000, replicas 2.
[22376] Tue Feb 18 11:28:07 2014 :: Checksum algorithms in use: MD5,ADLER32,CRC32,CKSUM.
[22376] Tue Feb 18 11:28:07 2014 :: DN /DC=ch/DC=cern/OU=Organic Units/OU=Users/CN=egough/CN=734735/CN=Erik Gough successfully authorized.
[22376] Tue Feb 18 11:28:07 2014 :: User cms1241 successfully authorized.
[22376] Tue Feb 18 11:28:07 2014 :: gluon.rcac.purdue.edu:60584: [CLIENT]: PASS 
[22376] Tue Feb 18 11:28:07 2014 :: gluon.rcac.purdue.edu:60584: [SERVER]: 230 User cms1241 logged in.
[22376] Tue Feb 18 11:28:07 2014 :: gluon.rcac.purdue.edu:60584: [CLIENT]: SITE HELP
[22376] Tue Feb 18 11:28:07 2014 :: gluon.rcac.purdue.edu:60584: [SERVER]: 214-The following commands are recognized:
    ALLO    APPE    REST    CWD     CDUP    DCAU    EPSV    FEAT
    ERET    MDTM    STAT    ESTO    HELP    LIST    MODE    NLST
    MLSC    MLSD    PASV    RNFR    MLSR    MLST    NOOP    OPTS
    STOR    PASS    PBSZ    PORT    PROT    SITE    EPRT    RETR
    SPOR    MFMT    SCKS    TREV    PWD     QUIT    SBUF    SIZE
    SPAS    STRU    SYST    RNTO    TYPE    USER    LANG    MKD 
    RMD     DELE    CKSM    DCSC
214 End
[22376] Tue Feb 18 11:28:07 2014 :: gluon.rcac.purdue.edu:60584: [CLIENT]: FEAT
[22376] Tue Feb 18 11:28:07 2014 :: gluon.rcac.purdue.edu:60584: [SERVER]: 211-Extensions supported
 DCSC P,D
 MFMT
 AUTHZ_ASSERT
 MLSR
 MLSC
 UTF8
 LANG EN
 DCAU
 PARALLEL
 SIZE
 MLST Type*;Size*;Modify*;Perm*;Charset;UNIX.mode*;UNIX.owner*;UNIX.uid*;UNIX.group*;UNIX.gid*;Unique*;UNIX.slink*;X.count;
 ERET
 ESTO
 SPAS
 SPOR
 REST STREAM
 MDTM
 PASV AllowDelayed;
211 End.
[22376] Tue Feb 18 11:28:07 2014 :: gluon.rcac.purdue.edu:60584: [CLIENT]: TYPE I
[22376] Tue Feb 18 11:28:07 2014 :: gluon.rcac.purdue.edu:60584: [SERVER]: 200 Type set to I.
[22376] Tue Feb 18 11:28:07 2014 :: gluon.rcac.purdue.edu:60584: [CLIENT]: PBSZ 1048576
[22376] Tue Feb 18 11:28:07 2014 :: gluon.rcac.purdue.edu:60584: [SERVER]: 200 PBSZ=1048576
[22376] Tue Feb 18 11:28:07 2014 :: gluon.rcac.purdue.edu:60584: [CLIENT]: PASV
[22376] Tue Feb 18 11:28:07 2014 :: gluon.rcac.purdue.edu:60584: [SERVER]: 227 Entering Passive Mode (128,210,9,136,179,233)
[22376] Tue Feb 18 11:28:07 2014 :: gluon.rcac.purdue.edu:60584: [CLIENT]: ALLO 135266304
[22376] Tue Feb 18 11:28:07 2014 :: gluon.rcac.purdue.edu:60584: [SERVER]: 200 ALLO command successful.
[22376] Tue Feb 18 11:28:07 2014 :: gluon.rcac.purdue.edu:60584: [CLIENT]: STOR //mnt/hadoop/store/user/goughes/test.root
[22376] Tue Feb 18 11:28:07 2014 :: Going to do stat on file /store/user/goughes/test.root.
[22376] Tue Feb 18 11:28:07 2014 :: Finished HDFS stat operation.
[22376] Tue Feb 18 11:28:07 2014 :: We are going to open file /store/user/goughes/test.root.
[22376] Tue Feb 18 11:28:07 2014 :: Open file /store/user/goughes/test.root with 2 replicas.
[22376] Tue Feb 18 11:28:07 2014 :: Successfully opened file /store/user/goughes/test.root for user cms1241.
[22376] Tue Feb 18 11:28:07 2014 :: hdfs_dispatch_write; outstanding 0, optimal 2.
[22376] Tue Feb 18 11:28:07 2014 :: Starting to transfer "/mnt/hadoop/store/user/goughes/test.root".
[22376] Tue Feb 18 11:28:07 2014 :: gluon.rcac.purdue.edu:60584: [SERVER]: 150 Beginning transfer.
[22376] Tue Feb 18 11:28:07 2014 :: Dumping this block immediately.
[22376] Tue Feb 18 11:28:07 2014 :: Dumping buffer at 0.
[22376] Tue Feb 18 11:28:07 2014 :: hdfs_dispatch_write; outstanding 1, optimal 2.
[22376] Tue Feb 18 11:28:07 2014 :: Dumping this block immediately.
[22376] Tue Feb 18 11:28:07 2014 :: Dumping buffer at 1048576.
[22376] Tue Feb 18 11:28:07 2014 :: hdfs_dispatch_write; outstanding 1, optimal 2.
[22376] Tue Feb 18 11:28:07 2014 :: Dumping this block immediately.
[22376] Tue Feb 18 11:28:07 2014 :: Dumping buffer at 2097152.
[22376] Tue Feb 18 11:28:08 2014 :: hdfs_dispatch_write; outstanding 1, optimal 2.
[22376] Tue Feb 18 11:28:08 2014 :: Dumping this block immediately.
[22376] Tue Feb 18 11:28:08 2014 :: Dumping buffer at 3145728.
[22376] Tue Feb 18 11:28:08 2014 :: hdfs_dispatch_write; outstanding 1, optimal 2.
[22376] Tue Feb 18 11:28:08 2014 :: Dumping this block immediately.
[22376] Tue Feb 18 11:28:08 2014 :: Dumping buffer at 4194304.
[22376] Tue Feb 18 11:28:08 2014 :: hdfs_dispatch_write; outstanding 1, optimal 2.
[22376] Tue Feb 18 11:28:08 2014 :: Dumping this block immediately.
[22376] Tue Feb 18 11:28:08 2014 :: Dumping buffer at 5242880.
[22376] Tue Feb 18 11:28:08 2014 :: hdfs_dispatch_write; outstanding 1, optimal 2.
[22376] Tue Feb 18 11:28:08 2014 :: Dumping this block immediately.
[22376] Tue Feb 18 11:28:08 2014 :: Dumping buffer at 6291456.
[22376] Tue Feb 18 11:28:08 2014 :: hdfs_dispatch_write; outstanding 1, optimal 2.
[22376] Tue Feb 18 11:28:08 2014 :: Dumping this block immediately.
[22376] Tue Feb 18 11:28:08 2014 :: Dumping buffer at 7340032.
[22376] Tue Feb 18 11:28:08 2014 :: hdfs_dispatch_write; outstanding 1, optimal 2.
[22376] Tue Feb 18 11:28:08 2014 :: Dumping this block immediately.
[22376] Tue Feb 18 11:28:08 2014 :: Dumping buffer at 8388608.
[22376] Tue Feb 18 11:28:08 2014 :: hdfs_dispatch_write; outstanding 1, optimal 2.
[22376] Tue Feb 18 11:28:08 2014 :: Dumping this block immediately.
[22376] Tue Feb 18 11:28:08 2014 :: Dumping buffer at 9437184.
[22376] Tue Feb 18 11:28:08 2014 :: hdfs_dispatch_write; outstanding 1, optimal 2.
[22376] Tue Feb 18 11:28:08 2014 :: Dumping this block immediately.
[22376] Tue Feb 18 11:28:08 2014 :: Dumping buffer at 10485760.
[22376] Tue Feb 18 11:28:08 2014 :: hdfs_dispatch_write; outstanding 1, optimal 2.
[22376] Tue Feb 18 11:28:08 2014 :: Dumping this block immediately.
[22376] Tue Feb 18 11:28:08 2014 :: Dumping buffer at 11534336.
[22376] Tue Feb 18 11:28:08 2014 :: hdfs_dispatch_write; outstanding 1, optimal 2.
[22376] Tue Feb 18 11:28:08 2014 :: Dumping this block immediately.
[22376] Tue Feb 18 11:28:08 2014 :: Dumping buffer at 12582912.
[22376] Tue Feb 18 11:28:08 2014 :: hdfs_dispatch_write; outstanding 1, optimal 2.
[22376] Tue Feb 18 11:28:08 2014 :: Dumping this block immediately.
[22376] Tue Feb 18 11:28:08 2014 :: Dumping buffer at 13631488.
[22376] Tue Feb 18 11:28:08 2014 :: hdfs_dispatch_write; outstanding 1, optimal 2.
[22376] Tue Feb 18 11:28:08 2014 :: Dumping this block immediately.
[22376] Tue Feb 18 11:28:08 2014 :: Dumping buffer at 14680064.
[22376] Tue Feb 18 11:28:08 2014 :: hdfs_dispatch_write; outstanding 1, optimal 2.
[22376] Tue Feb 18 11:28:08 2014 :: Dumping this block immediately.
[22376] Tue Feb 18 11:28:08 2014 :: Dumping buffer at 15728640.
[22376] Tue Feb 18 11:28:08 2014 :: hdfs_dispatch_write; outstanding 1, optimal 2.
[22376] Tue Feb 18 11:28:08 2014 :: Dumping this block immediately.
[22376] Tue Feb 18 11:28:08 2014 :: Dumping buffer at 16777216.
[22376] Tue Feb 18 11:28:08 2014 :: hdfs_dispatch_write; outstanding 1, optimal 2.
[22376] Tue Feb 18 11:28:08 2014 :: Dumping this block immediately.
[22376] Tue Feb 18 11:28:08 2014 :: Dumping buffer at 17825792.
[22376] Tue Feb 18 11:28:08 2014 :: hdfs_dispatch_write; outstanding 1, optimal 2.
[22376] Tue Feb 18 11:28:08 2014 :: Dumping this block immediately.
[22376] Tue Feb 18 11:28:08 2014 :: Dumping buffer at 18874368.
[22376] Tue Feb 18 11:28:08 2014 :: hdfs_dispatch_write; outstanding 1, optimal 2.
[22376] Tue Feb 18 11:28:08 2014 :: Dumping this block immediately.
[22376] Tue Feb 18 11:28:08 2014 :: Dumping buffer at 19922944.
[22376] Tue Feb 18 11:28:09 2014 :: hdfs_dispatch_write; outstanding 1, optimal 2.
[22376] Tue Feb 18 11:28:09 2014 :: Dumping this block immediately.
[22376] Tue Feb 18 11:28:09 2014 :: Dumping buffer at 20971520.
[22376] Tue Feb 18 11:28:09 2014 :: hdfs_dispatch_write; outstanding 1, optimal 2.
[22376] Tue Feb 18 11:28:09 2014 :: Dumping this block immediately.
[22376] Tue Feb 18 11:28:09 2014 :: Dumping buffer at 22020096.
[22376] Tue Feb 18 11:28:09 2014 :: hdfs_dispatch_write; outstanding 1, optimal 2.
[22376] Tue Feb 18 11:28:09 2014 :: Dumping this block immediately.
[22376] Tue Feb 18 11:28:09 2014 :: Dumping buffer at 23068672.
[22376] Tue Feb 18 11:28:09 2014 :: hdfs_dispatch_write; outstanding 1, optimal 2.
[22376] Tue Feb 18 11:28:09 2014 :: Dumping this block immediately.
[22376] Tue Feb 18 11:28:09 2014 :: Dumping buffer at 24117248.
[22376] Tue Feb 18 11:28:09 2014 :: hdfs_dispatch_write; outstanding 1, optimal 2.
[22376] Tue Feb 18 11:28:09 2014 :: Dumping this block immediately.
[22376] Tue Feb 18 11:28:09 2014 :: Dumping buffer at 25165824.
[22376] Tue Feb 18 11:28:09 2014 :: hdfs_dispatch_write; outstanding 1, optimal 2.
[22376] Tue Feb 18 11:28:09 2014 :: Dumping this block immediately.
[22376] Tue Feb 18 11:28:09 2014 :: Dumping buffer at 26214400.
[22376] Tue Feb 18 11:28:09 2014 :: hdfs_dispatch_write; outstanding 1, optimal 2.
[22376] Tue Feb 18 11:28:09 2014 :: Dumping this block immediately.
[22376] Tue Feb 18 11:28:09 2014 :: Dumping buffer at 27262976.
[22376] Tue Feb 18 11:28:09 2014 :: hdfs_dispatch_write; outstanding 1, optimal 2.
[22376] Tue Feb 18 11:28:09 2014 :: Dumping this block immediately.
[22376] Tue Feb 18 11:28:09 2014 :: Dumping buffer at 28311552.
[22376] Tue Feb 18 11:28:09 2014 :: hdfs_dispatch_write; outstanding 1, optimal 2.
[22376] Tue Feb 18 11:28:09 2014 :: Dumping this block immediately.
[22376] Tue Feb 18 11:28:09 2014 :: Dumping buffer at 29360128.
[22376] Tue Feb 18 11:28:09 2014 :: hdfs_dispatch_write; outstanding 1, optimal 2.
[22376] Tue Feb 18 11:28:09 2014 :: Dumping this block immediately.
[22376] Tue Feb 18 11:28:09 2014 :: Dumping buffer at 30408704.
[22376] Tue Feb 18 11:28:09 2014 :: hdfs_dispatch_write; outstanding 1, optimal 2.
[22376] Tue Feb 18 11:28:09 2014 :: Dumping this block immediately.
[22376] Tue Feb 18 11:28:09 2014 :: Dumping buffer at 31457280.
[22376] Tue Feb 18 11:28:09 2014 :: hdfs_dispatch_write; outstanding 1, optimal 2.
[22376] Tue Feb 18 11:28:09 2014 :: Dumping this block immediately.
[22376] Tue Feb 18 11:28:09 2014 :: Dumping buffer at 32505856.
[22376] Tue Feb 18 11:28:09 2014 :: hdfs_dispatch_write; outstanding 1, optimal 2.
[22376] Tue Feb 18 11:28:09 2014 :: Dumping this block immediately.
[22376] Tue Feb 18 11:28:09 2014 :: Dumping buffer at 33554432.
[22376] Tue Feb 18 11:28:09 2014 :: hdfs_dispatch_write; outstanding 1, optimal 2.
[22376] Tue Feb 18 11:28:09 2014 :: Dumping this block immediately.
[22376] Tue Feb 18 11:28:09 2014 :: Dumping buffer at 34603008.
[22376] Tue Feb 18 11:28:09 2014 :: hdfs_dispatch_write; outstanding 1, optimal 2.
[22376] Tue Feb 18 11:28:09 2014 :: Dumping this block immediately.
[22376] Tue Feb 18 11:28:09 2014 :: Dumping buffer at 35651584.
[22376] Tue Feb 18 11:28:09 2014 :: hdfs_dispatch_write; outstanding 1, optimal 2.
[22376] Tue Feb 18 11:28:09 2014 :: Dumping this block immediately.
[22376] Tue Feb 18 11:28:09 2014 :: Dumping buffer at 36700160.
[22376] Tue Feb 18 11:28:09 2014 :: hdfs_dispatch_write; outstanding 1, optimal 2.
[22376] Tue Feb 18 11:28:09 2014 :: Dumping this block immediately.
[22376] Tue Feb 18 11:28:09 2014 :: Dumping buffer at 37748736.
[22376] Tue Feb 18 11:28:09 2014 :: hdfs_dispatch_write; outstanding 1, optimal 2.
[22376] Tue Feb 18 11:28:09 2014 :: Dumping this block immediately.
[22376] Tue Feb 18 11:28:09 2014 :: Dumping buffer at 38797312.
[22376] Tue Feb 18 11:28:09 2014 :: hdfs_dispatch_write; outstanding 1, optimal 2.
[22376] Tue Feb 18 11:28:09 2014 :: Dumping this block immediately.
[22376] Tue Feb 18 11:28:09 2014 :: Dumping buffer at 39845888.
[22376] Tue Feb 18 11:28:09 2014 :: hdfs_dispatch_write; outstanding 1, optimal 2.
[22376] Tue Feb 18 11:28:09 2014 :: Dumping this block immediately.
[22376] Tue Feb 18 11:28:09 2014 :: Dumping buffer at 40894464.
[22376] Tue Feb 18 11:28:09 2014 :: hdfs_dispatch_write; outstanding 1, optimal 2.
[22376] Tue Feb 18 11:28:09 2014 :: Dumping this block immediately.
[22376] Tue Feb 18 11:28:09 2014 :: Dumping buffer at 41943040.
[22376] Tue Feb 18 11:28:09 2014 :: hdfs_dispatch_write; outstanding 1, optimal 2.
[22376] Tue Feb 18 11:28:09 2014 :: Dumping this block immediately.
[22376] Tue Feb 18 11:28:09 2014 :: Dumping buffer at 42991616.
[22376] Tue Feb 18 11:28:09 2014 :: hdfs_dispatch_write; outstanding 1, optimal 2.
[22376] Tue Feb 18 11:28:09 2014 :: Dumping this block immediately.
[22376] Tue Feb 18 11:28:09 2014 :: Dumping buffer at 44040192.
[22376] Tue Feb 18 11:28:09 2014 :: hdfs_dispatch_write; outstanding 1, optimal 2.
[22376] Tue Feb 18 11:28:09 2014 :: Dumping this block immediately.
[22376] Tue Feb 18 11:28:09 2014 :: Dumping buffer at 45088768.
[22376] Tue Feb 18 11:28:09 2014 :: hdfs_dispatch_write; outstanding 1, optimal 2.
[22376] Tue Feb 18 11:28:09 2014 :: Dumping this block immediately.
[22376] Tue Feb 18 11:28:09 2014 :: Dumping buffer at 46137344.
[22376] Tue Feb 18 11:28:09 2014 :: hdfs_dispatch_write; outstanding 1, optimal 2.
[22376] Tue Feb 18 11:28:09 2014 :: Dumping this block immediately.
[22376] Tue Feb 18 11:28:09 2014 :: Dumping buffer at 47185920.
[22376] Tue Feb 18 11:28:09 2014 :: hdfs_dispatch_write; outstanding 1, optimal 2.
[22376] Tue Feb 18 11:28:09 2014 :: Dumping this block immediately.
[22376] Tue Feb 18 11:28:09 2014 :: Dumping buffer at 48234496.
[22376] Tue Feb 18 11:28:09 2014 :: hdfs_dispatch_write; outstanding 1, optimal 2.
[22376] Tue Feb 18 11:28:09 2014 :: Dumping this block immediately.
[22376] Tue Feb 18 11:28:09 2014 :: Dumping buffer at 49283072.
[22376] Tue Feb 18 11:28:09 2014 :: hdfs_dispatch_write; outstanding 1, optimal 2.
[22376] Tue Feb 18 11:28:09 2014 :: Dumping this block immediately.
[22376] Tue Feb 18 11:28:09 2014 :: Dumping buffer at 50331648.
[22376] Tue Feb 18 11:28:09 2014 :: hdfs_dispatch_write; outstanding 1, optimal 2.
[22376] Tue Feb 18 11:28:09 2014 :: Dumping this block immediately.
[22376] Tue Feb 18 11:28:09 2014 :: Dumping buffer at 51380224.
SEGV triggered in native code.
[bt] /usr/lib64/libglobus_gridftp_server_hdfs.so(segv_handler+0x4a) [0x2ab931d1f1ba]
[bt] /lib64/libc.so.6() [0x3984632920]
[bt] [0x2ab934668d65]
Segmentation fault

