Certificate:
    Data:
        Version: 3 (0x2)
        Serial Number: 842 (0x34a)
        Signature Algorithm: sha1WithRSAEncryption
        Issuer: DC=RO, DC=RomanianGRID, O=ROSA, OU=Certification Authority, CN=RomanianGRID CA
        Validity
            Not Before: Jan 28 12:19:29 2013 GMT
            Not After : Jan 28 12:19:29 2014 GMT
        Subject: DC=RO, DC=RomanianGRID, O=IFIN-HH, CN=Monica Dobre
        Subject Public Key Info:
            Public Key Algorithm: rsaEncryption
            RSA Public Key: (2048 bit)
                Modulus (2048 bit):
                    00:d3:e8:3d:ad:b9:dd:9a:38:07:fc:dc:8a:bc:f5:
                    29:17:bb:88:0c:f1:9a:0b:1d:b5:fd:f6:cd:0c:db:
                    11:69:8d:1e:6a:8a:5e:1f:ca:70:fa:e6:98:f6:dd:
                    43:b1:80:52:d8:99:01:5f:62:07:36:fe:8e:77:25:
                    8d:f6:da:e1:5d:c6:92:9d:60:76:19:34:c3:d7:d9:
                    07:8a:b3:0d:0b:39:3b:8b:36:35:f0:65:4a:78:7a:
                    30:34:8b:e3:f6:3b:b3:6e:65:d8:fa:7d:b6:6e:d0:
                    62:89:a3:14:f3:1d:26:5b:20:51:06:66:c6:23:3d:
                    19:cc:76:4a:1b:a1:70:de:ae:bf:a3:a3:e7:39:47:
                    db:a2:2a:ce:d6:e1:d7:ea:46:a1:67:d9:88:23:ab:
                    3d:cd:5a:e3:e9:10:af:b5:69:3c:6b:4b:d4:97:1d:
                    29:06:d5:ed:d3:20:e5:91:34:b6:e7:bc:bb:df:da:
                    cc:70:d3:28:de:4b:78:5a:ae:dc:bd:23:50:00:48:
                    ab:8f:f3:9f:86:6d:3a:b2:50:38:60:35:4a:ef:18:
                    7d:95:12:f2:a8:51:75:9a:51:09:1e:f3:6a:5a:9a:
                    27:95:73:0c:4e:73:f1:40:11:5f:68:ed:23:a5:e6:
                    60:ac:4a:d0:d3:42:55:04:d5:95:60:47:04:57:43:
                    e1:01
                Exponent: 65537 (0x10001)
        X509v3 extensions:
            X509v3 Basic Constraints: critical
                CA:FALSE
            Netscape Cert Type: 
                SSL Client, S/MIME
            X509v3 Key Usage: critical
                Digital Signature, Key Encipherment, Data Encipherment
            X509v3 Extended Key Usage: 
                TLS Web Client Authentication, E-mail Protection
            X509v3 Subject Key Identifier: 
                46:2C:DD:5E:BB:8E:2A:5B:0B:9E:2F:0D:41:A3:B7:02:EC:7D:56:16
            X509v3 Authority Key Identifier: 
                keyid:7F:10:CD:5C:6E:AC:CA:6B:12:0B:E0:A9:87:88:11:95:BC:30:17:68

            X509v3 Certificate Policies: 
                Policy: 1.3.6.1.4.1.27103.9.1.2.1.1.4
                  CPS: http://www.romaniangrid.ro/docs/RomanianGRID_CA_v1.4.pdf

            X509v3 CRL Distribution Points: 
                URI:http://www.romaniangrid.ro/crl/crl-v2.der

            X509v3 Issuer Alternative Name: 
                email:grid-ca@rosa.ro, URI:http://www.romaniangrid.ro
            X509v3 Subject Alternative Name: 
                email:monica.dobre@cern.ch
    Signature Algorithm: sha1WithRSAEncryption
        3c:13:ef:77:9a:e7:7d:f6:3c:2e:fe:9c:eb:3d:84:11:03:c7:
        f7:aa:98:25:77:8d:88:44:55:16:e4:05:77:30:54:16:11:7c:
        7e:32:72:f4:be:e8:38:6a:b3:bf:f5:ab:04:a2:6b:78:8b:db:
        2f:fb:95:28:b5:ab:b5:64:22:dd:13:61:34:24:e9:3b:74:f8:
        dc:da:fe:a0:f6:82:7c:bc:17:c5:0d:61:0c:b6:58:82:c9:ee:
        36:79:f7:88:a0:9f:e1:51:33:da:0b:70:c7:30:f0:33:ac:97:
        15:a1:39:0e:32:82:0a:0e:fa:ca:13:c0:7a:a5:47:c4:95:43:
        a8:9d:7c:3c:fd:48:f9:ea:db:61:85:e7:f1:9d:4e:f7:30:68:
        8b:c0:4a:18:ce:6f:06:e4:10:9a:d0:e8:ae:fc:e5:76:2d:ba:
        a7:16:dc:a8:6b:8b:52:f6:39:e6:c9:d5:22:3e:7d:22:c6:2f:
        05:cf:72:a8:c9:be:f2:c1:82:b4:9e:95:24:6a:41:c2:7e:1f:
        e4:c6:5f:42:98:22:31:ed:af:13:49:70:ef:ae:f8:4d:89:86:
        dc:f8:ca:c8:57:f8:f5:ba:8f:a4:cd:6f:88:03:fa:50:76:2a:
        db:6a:8c:ed:f2:e0:af:d7:8b:55:3e:05:d8:43:97:b2:4c:a3:
        2d:07:65:2b
