/store/unmerged/RunIISummer15GS/SUSYttH_HToAA_AToTauTau_M-8_TuneCUETP8M1_13TeV_pythia8/GEN-SIM/MCRUN2_71_V1-v1/10000/0687D30F-A4AC-E711-A15C-008CFAE45384.root 
/store/unmerged/RunIISummer15GS/SUSYttH_HToAA_AToTauTau_M-8_TuneCUETP8M1_13TeV_pythia8/GEN-SIM/MCRUN2_71_V1-v1/10000/089FD5D1-9DAC-E711-9FA7-008CFAC942C4.root 
/store/unmerged/RunIISummer15GS/SUSYttH_HToAA_AToTauTau_M-8_TuneCUETP8M1_13TeV_pythia8/GEN-SIM/MCRUN2_71_V1-v1/10000/0EC197E2-9DAC-E711-9FCE-008CFAC94064.root 
/store/unmerged/RunIISummer15GS/SUSYttH_HToAA_AToTauTau_M-8_TuneCUETP8M1_13TeV_pythia8/GEN-SIM/MCRUN2_71_V1-v1/10000/12075B07-9EAC-E711-9187-008CFA197D18.root 
/store/unmerged/RunIISummer15GS/SUSYttH_HToAA_AToTauTau_M-8_TuneCUETP8M1_13TeV_pythia8/GEN-SIM/MCRUN2_71_V1-v1/10000/148803FA-9DAC-E711-A653-008CFAC93EE4.root 
/store/unmerged/RunIISummer15GS/SUSYttH_HToAA_AToTauTau_M-8_TuneCUETP8M1_13TeV_pythia8/GEN-SIM/MCRUN2_71_V1-v1/10000/18EC9C99-9DAC-E711-A188-008CFAC942A0.root 
/store/unmerged/RunIISummer15GS/SUSYttH_HToAA_AToTauTau_M-8_TuneCUETP8M1_13TeV_pythia8/GEN-SIM/MCRUN2_71_V1-v1/10000/1A0EE49C-9DAC-E711-BA25-008CFAC942A8.root 
/store/unmerged/RunIISummer15GS/SUSYttH_HToAA_AToTauTau_M-8_TuneCUETP8M1_13TeV_pythia8/GEN-SIM/MCRUN2_71_V1-v1/10000/20C2B20E-9EAC-E711-9708-008CFAC9403C.root 
/store/unmerged/RunIISummer15GS/SUSYttH_HToAA_AToTauTau_M-8_TuneCUETP8M1_13TeV_pythia8/GEN-SIM/MCRUN2_71_V1-v1/10000/20DAA616-9EAC-E711-9CFD-008CFAC93C00.root 
/store/unmerged/RunIISummer15GS/SUSYttH_HToAA_AToTauTau_M-8_TuneCUETP8M1_13TeV_pythia8/GEN-SIM/MCRUN2_71_V1-v1/10000/20FB47FA-9DAC-E711-9127-008CFAC9194C.root 
/store/unmerged/RunIISummer15GS/SUSYttH_HToAA_AToTauTau_M-8_TuneCUETP8M1_13TeV_pythia8/GEN-SIM/MCRUN2_71_V1-v1/10000/24756D9D-9DAC-E711-B117-008CFAC942A8.root 
/store/unmerged/RunIISummer15GS/SUSYttH_HToAA_AToTauTau_M-8_TuneCUETP8M1_13TeV_pythia8/GEN-SIM/MCRUN2_71_V1-v1/10000/341293A7-9DAC-E711-9C69-008CFAE4530C.root 
/store/unmerged/RunIISummer15GS/SUSYttH_HToAA_AToTauTau_M-8_TuneCUETP8M1_13TeV_pythia8/GEN-SIM/MCRUN2_71_V1-v1/10000/348BFAF8-9DAC-E711-B15F-008CFAC92F04.root 
/store/unmerged/RunIISummer15GS/SUSYttH_HToAA_AToTauTau_M-8_TuneCUETP8M1_13TeV_pythia8/GEN-SIM/MCRUN2_71_V1-v1/10000/366E901D-A4AC-E711-B09C-008CFAC940C4.root 
/store/unmerged/RunIISummer15GS/SUSYttH_HToAA_AToTauTau_M-8_TuneCUETP8M1_13TeV_pythia8/GEN-SIM/MCRUN2_71_V1-v1/10000/3A69E0FC-9DAC-E711-8648-008CFAC8DB04.root 
/store/unmerged/RunIISummer15GS/SUSYttH_HToAA_AToTauTau_M-8_TuneCUETP8M1_13TeV_pythia8/GEN-SIM/MCRUN2_71_V1-v1/10000/3E5D8842-A4AC-E711-BA8B-008CFAE453D4.root 
/store/unmerged/RunIISummer15GS/SUSYttH_HToAA_AToTauTau_M-8_TuneCUETP8M1_13TeV_pythia8/GEN-SIM/MCRUN2_71_V1-v1/10000/405A5BF9-9DAC-E711-8259-008CFAC942C4.root 
/store/unmerged/RunIISummer15GS/SUSYttH_HToAA_AToTauTau_M-8_TuneCUETP8M1_13TeV_pythia8/GEN-SIM/MCRUN2_71_V1-v1/10000/461337E6-9DAC-E711-8E18-008CFAC940BC.root 
/store/unmerged/RunIISummer15GS/SUSYttH_HToAA_AToTauTau_M-8_TuneCUETP8M1_13TeV_pythia8/GEN-SIM/MCRUN2_71_V1-v1/10000/4C5A2235-9EAC-E711-931D-008CFAC8B6D0.root 
/store/unmerged/RunIISummer15GS/SUSYttH_HToAA_AToTauTau_M-8_TuneCUETP8M1_13TeV_pythia8/GEN-SIM/MCRUN2_71_V1-v1/10000/4CD94E02-9EAC-E711-9164-008CFA197BDC.root 
/store/unmerged/RunIISummer15GS/SUSYttH_HToAA_AToTauTau_M-8_TuneCUETP8M1_13TeV_pythia8/GEN-SIM/MCRUN2_71_V1-v1/10000/548968DB-9DAC-E711-A340-008CFAE451BC.root 
/store/unmerged/RunIISummer15GS/SUSYttH_HToAA_AToTauTau_M-8_TuneCUETP8M1_13TeV_pythia8/GEN-SIM/MCRUN2_71_V1-v1/10000/68E1BB20-9EAC-E711-86C2-008CFAE4538C.root 
/store/unmerged/RunIISummer15GS/SUSYttH_HToAA_AToTauTau_M-8_TuneCUETP8M1_13TeV_pythia8/GEN-SIM/MCRUN2_71_V1-v1/10000/70B52D0A-9EAC-E711-BB99-008CFAE4538C.root 
/store/unmerged/RunIISummer15GS/SUSYttH_HToAA_AToTauTau_M-8_TuneCUETP8M1_13TeV_pythia8/GEN-SIM/MCRUN2_71_V1-v1/10000/76165B07-9EAC-E711-ADCC-008CFA197D18.root 
/store/unmerged/RunIISummer15GS/SUSYttH_HToAA_AToTauTau_M-8_TuneCUETP8M1_13TeV_pythia8/GEN-SIM/MCRUN2_71_V1-v1/10000/7AF085F9-9DAC-E711-960C-008CFAC91DD0.root 
/store/unmerged/RunIISummer15GS/SUSYttH_HToAA_AToTauTau_M-8_TuneCUETP8M1_13TeV_pythia8/GEN-SIM/MCRUN2_71_V1-v1/10000/88585DD9-9DAC-E711-9E3A-008CFAC93C64.root 
/store/unmerged/RunIISummer15GS/SUSYttH_HToAA_AToTauTau_M-8_TuneCUETP8M1_13TeV_pythia8/GEN-SIM/MCRUN2_71_V1-v1/10000/8A458936-9EAC-E711-95AD-008CFAC941A8.root 
/store/unmerged/RunIISummer15GS/SUSYttH_HToAA_AToTauTau_M-8_TuneCUETP8M1_13TeV_pythia8/GEN-SIM/MCRUN2_71_V1-v1/10000/A0DBEE98-9DAC-E711-B29F-008CFAE45308.root 
/store/unmerged/RunIISummer15GS/SUSYttH_HToAA_AToTauTau_M-8_TuneCUETP8M1_13TeV_pythia8/GEN-SIM/MCRUN2_71_V1-v1/10000/A26ECAFA-9DAC-E711-8E8F-008CFAE4530C.root 
/store/unmerged/RunIISummer15GS/SUSYttH_HToAA_AToTauTau_M-8_TuneCUETP8M1_13TeV_pythia8/GEN-SIM/MCRUN2_71_V1-v1/10000/A648C3D3-9DAC-E711-AD0B-008CFAC941F8.root 
/store/unmerged/RunIISummer15GS/SUSYttH_HToAA_AToTauTau_M-8_TuneCUETP8M1_13TeV_pythia8/GEN-SIM/MCRUN2_71_V1-v1/10000/B2E3472A-9EAC-E711-B0E2-008CFAED7680.root 
/store/unmerged/RunIISummer15GS/SUSYttH_HToAA_AToTauTau_M-8_TuneCUETP8M1_13TeV_pythia8/GEN-SIM/MCRUN2_71_V1-v1/10000/CE616C48-9EAC-E711-9205-008CFAC91BC4.root 
/store/unmerged/RunIISummer15GS/SUSYttH_HToAA_AToTauTau_M-8_TuneCUETP8M1_13TeV_pythia8/GEN-SIM/MCRUN2_71_V1-v1/10000/D4EF3799-9DAC-E711-BF0F-008CFAC91AB8.root 
/store/unmerged/RunIISummer15GS/SUSYttH_HToAA_AToTauTau_M-8_TuneCUETP8M1_13TeV_pythia8/GEN-SIM/MCRUN2_71_V1-v1/10000/D64A74D7-9DAC-E711-B560-008CFAC93F58.root 
/store/unmerged/RunIISummer15GS/SUSYttH_HToAA_AToTauTau_M-8_TuneCUETP8M1_13TeV_pythia8/GEN-SIM/MCRUN2_71_V1-v1/10000/DEB7B29C-9DAC-E711-A702-008CFAE45048.root 
/store/unmerged/RunIISummer15GS/SUSYttH_HToAA_AToTauTau_M-8_TuneCUETP8M1_13TeV_pythia8/GEN-SIM/MCRUN2_71_V1-v1/10000/E2726AE9-9DAC-E711-A5DF-008CFAC93F34.root 
/store/unmerged/RunIISummer15GS/SUSYttH_HToAA_AToTauTau_M-8_TuneCUETP8M1_13TeV_pythia8/GEN-SIM/MCRUN2_71_V1-v1/10000/E2F5A4F9-9DAC-E711-9AD1-008CFAC93F34.root 
/store/unmerged/RunIISummer15GS/SUSYttH_HToAA_AToTauTau_M-8_TuneCUETP8M1_13TeV_pythia8/GEN-SIM/MCRUN2_71_V1-v1/10000/EC5E2236-9EAC-E711-A311-008CFAE45240.root 
/store/unmerged/RunIISummer15GS/SUSYttH_HToAA_AToTauTau_M-8_TuneCUETP8M1_13TeV_pythia8/GEN-SIM/MCRUN2_71_V1-v1/10000/ECA4C0CF-9DAC-E711-942E-008CFAC93E68.root 
/store/unmerged/RunIISummer15GS/SUSYttH_HToAA_AToTauTau_M-8_TuneCUETP8M1_13TeV_pythia8/GEN-SIM/MCRUN2_71_V1-v1/10000/F64E0031-9EAC-E711-989D-0025904A891A.root 
/store/unmerged/RunIISummer15GS/SUSYttH_HToAA_AToTauTau_M-8_TuneCUETP8M1_13TeV_pythia8/GEN-SIM/MCRUN2_71_V1-v1/10000/FAE89D9B-9DAC-E711-A254-008CFAC93B70.root 