Using CATALINA_BASE:   /usr/share/tomcat5
Using CATALINA_HOME:   /usr/share/tomcat5
Using CATALINA_TMPDIR: /usr/share/tomcat5/temp
Using JRE_HOME:       
Jul 16, 2013 11:18:27 PM org.apache.coyote.http11.Http11BaseProtocol pause
INFO: Pausing Coyote HTTP/1.1 on http-8080
Jul 16, 2013 11:18:28 PM org.apache.catalina.core.StandardService stop
INFO: Stopping service Catalina
Jul 16, 2013 11:18:28 PM org.apache.catalina.startup.Catalina stop
SEVERE: Catalina.stop
LifecycleException:  Pipeline has not been started
	at org.apache.catalina.core.StandardPipeline.stop(StandardPipeline.java:257)
	at org.apache.catalina.core.ContainerBase.stop(ContainerBase.java:1060)
	at org.apache.catalina.core.StandardEngine.stop(StandardEngine.java:448)
	at org.apache.catalina.core.StandardService.stop(StandardService.java:510)
	at org.apache.catalina.core.StandardServer.stop(StandardServer.java:734)
	at org.apache.catalina.startup.Catalina.stop(Catalina.java:602)
	at org.apache.catalina.startup.Catalina.start(Catalina.java:577)
	at sun.reflect.NativeMethodAccessorImpl.invoke0(Native Method)
	at sun.reflect.NativeMethodAccessorImpl.invoke(NativeMethodAccessorImpl.java:39)
	at sun.reflect.DelegatingMethodAccessorImpl.invoke(DelegatingMethodAccessorImpl.java:25)
	at java.lang.reflect.Method.invoke(Method.java:597)
	at org.apache.catalina.startup.Bootstrap.start(Bootstrap.java:295)
	at org.apache.catalina.startup.Bootstrap.main(Bootstrap.java:433)
Using CATALINA_BASE:   /usr/share/tomcat5
Using CATALINA_HOME:   /usr/share/tomcat5
Using CATALINA_TMPDIR: /usr/share/tomcat5/temp
Using JRE_HOME:       
Jul 16, 2013 11:18:32 PM org.apache.catalina.core.AprLifecycleListener lifecycleEvent
INFO: The Apache Tomcat Native library which allows optimal performance in production environments was not found on the java.library.path: /usr/java/jdk1.6.0_45/jre/lib/amd64/server:/usr/java/jdk1.6.0_45/jre/lib/amd64:/usr/java/jdk1.6.0_45/jre/../lib/amd64:/usr/java/packages/lib/amd64:/usr/lib64:/lib64:/lib:/usr/lib
Jul 16, 2013 11:18:32 PM org.apache.commons.modeler.Registry registerComponent
SEVERE: Error registering Catalina:type=StringCache
sun.misc.InvalidJarIndexException: Invalid index
	at sun.misc.URLClassPath$JarLoader.getResource(URLClassPath.java:858)
	at sun.misc.URLClassPath$JarLoader.getResource(URLClassPath.java:765)
	at sun.misc.URLClassPath$JarLoader.findResource(URLClassPath.java:735)
	at sun.misc.URLClassPath.findResource(URLClassPath.java:146)
	at java.net.URLClassLoader$2.run(URLClassLoader.java:385)
	at java.security.AccessController.doPrivileged(Native Method)
	at java.net.URLClassLoader.findResource(URLClassLoader.java:382)
	at java.lang.ClassLoader.getResource(ClassLoader.java:1002)
	at org.apache.commons.modeler.Registry.loadDescriptors(Registry.java:895)
	at org.apache.commons.modeler.Registry.findDescriptor(Registry.java:992)
	at org.apache.commons.modeler.Registry.findManagedBean(Registry.java:696)
	at org.apache.commons.modeler.Registry.findManagedBean(Registry.java:1047)
	at org.apache.commons.modeler.Registry.registerComponent(Registry.java:859)
	at org.apache.catalina.core.StandardServer.initialize(StandardServer.java:775)
	at org.apache.catalina.startup.Catalina.load(Catalina.java:504)
	at org.apache.catalina.startup.Catalina.load(Catalina.java:524)
	at sun.reflect.NativeMethodAccessorImpl.invoke0(Native Method)
	at sun.reflect.NativeMethodAccessorImpl.invoke(NativeMethodAccessorImpl.java:39)
	at sun.reflect.DelegatingMethodAccessorImpl.invoke(DelegatingMethodAccessorImpl.java:25)
	at java.lang.reflect.Method.invoke(Method.java:597)
	at org.apache.catalina.startup.Bootstrap.load(Bootstrap.java:267)
	at org.apache.catalina.startup.Bootstrap.main(Bootstrap.java:432)
Jul 16, 2013 11:18:32 PM org.apache.catalina.core.StandardServer initialize
SEVERE: Error registering 
sun.misc.InvalidJarIndexException: Invalid index
	at sun.misc.URLClassPath$JarLoader.getResource(URLClassPath.java:858)
	at sun.misc.URLClassPath$JarLoader.getResource(URLClassPath.java:765)
	at sun.misc.URLClassPath$JarLoader.findResource(URLClassPath.java:735)
	at sun.misc.URLClassPath.findResource(URLClassPath.java:146)
	at java.net.URLClassLoader$2.run(URLClassLoader.java:385)
	at java.security.AccessController.doPrivileged(Native Method)
	at java.net.URLClassLoader.findResource(URLClassLoader.java:382)
	at java.lang.ClassLoader.getResource(ClassLoader.java:1002)
	at org.apache.commons.modeler.Registry.loadDescriptors(Registry.java:895)
	at org.apache.commons.modeler.Registry.findDescriptor(Registry.java:992)
	at org.apache.commons.modeler.Registry.findManagedBean(Registry.java:696)
	at org.apache.commons.modeler.Registry.findManagedBean(Registry.java:1047)
	at org.apache.commons.modeler.Registry.registerComponent(Registry.java:859)
	at org.apache.catalina.core.StandardServer.initialize(StandardServer.java:775)
	at org.apache.catalina.startup.Catalina.load(Catalina.java:504)
	at org.apache.catalina.startup.Catalina.load(Catalina.java:524)
	at sun.reflect.NativeMethodAccessorImpl.invoke0(Native Method)
	at sun.reflect.NativeMethodAccessorImpl.invoke(NativeMethodAccessorImpl.java:39)
	at sun.reflect.DelegatingMethodAccessorImpl.invoke(DelegatingMethodAccessorImpl.java:25)
	at java.lang.reflect.Method.invoke(Method.java:597)
	at org.apache.catalina.startup.Bootstrap.load(Bootstrap.java:267)
	at org.apache.catalina.startup.Bootstrap.main(Bootstrap.java:432)
Jul 16, 2013 11:18:32 PM org.apache.coyote.http11.Http11BaseProtocol init
INFO: Initializing Coyote HTTP/1.1 on http-8080
Jul 16, 2013 11:18:32 PM org.apache.catalina.startup.Catalina load
INFO: Initialization processed in 656 ms
Jul 16, 2013 11:18:32 PM org.apache.tomcat.util.digester.Digester fatalError
SEVERE: Parse Fatal Error at line 2 column 1: Content is not allowed in prolog.
org.xml.sax.SAXParseException: Content is not allowed in prolog.
	at org.apache.xerces.util.ErrorHandlerWrapper.createSAXParseException(Unknown Source)
	at org.apache.xerces.util.ErrorHandlerWrapper.fatalError(Unknown Source)
	at org.apache.xerces.impl.XMLErrorReporter.reportError(Unknown Source)
	at org.apache.xerces.impl.XMLErrorReporter.reportError(Unknown Source)
	at org.apache.xerces.impl.XMLScanner.reportFatalError(Unknown Source)
	at org.apache.xerces.impl.XMLDocumentScannerImpl$PrologDispatcher.dispatch(Unknown Source)
	at org.apache.xerces.impl.XMLDocumentFragmentScannerImpl.scanDocument(Unknown Source)
	at org.apache.xerces.parsers.XML11Configuration.parse(Unknown Source)
	at org.apache.xerces.parsers.XML11Configuration.parse(Unknown Source)
	at org.apache.xerces.parsers.XMLParser.parse(Unknown Source)
	at org.apache.xerces.parsers.AbstractSAXParser.parse(Unknown Source)
	at org.apache.xerces.jaxp.SAXParserImpl$JAXPSAXParser.parse(Unknown Source)
	at org.apache.tomcat.util.digester.Digester.parse(Digester.java:1581)
	at org.apache.catalina.users.MemoryUserDatabase.open(MemoryUserDatabase.java:402)
	at org.apache.catalina.users.MemoryUserDatabaseFactory.getObjectInstance(MemoryUserDatabaseFactory.java:103)
	at org.apache.naming.factory.ResourceFactory.getObjectInstance(ResourceFactory.java:140)
	at javax.naming.spi.NamingManager.getObjectInstance(NamingManager.java:304)
	at org.apache.naming.NamingContext.lookup(NamingContext.java:793)
	at org.apache.naming.NamingContext.lookup(NamingContext.java:140)
	at org.apache.naming.NamingContextBindingsEnumeration.nextElementInternal(NamingContextBindingsEnumeration.java:113)
	at org.apache.naming.NamingContextBindingsEnumeration.next(NamingContextBindingsEnumeration.java:71)
	at org.apache.catalina.mbeans.GlobalResourcesLifecycleListener.createMBeans(GlobalResourcesLifecycleListener.java:137)
	at org.apache.catalina.mbeans.GlobalResourcesLifecycleListener.createMBeans(GlobalResourcesLifecycleListener.java:109)
	at org.apache.catalina.mbeans.GlobalResourcesLifecycleListener.lifecycleEvent(GlobalResourcesLifecycleListener.java:81)
	at org.apache.catalina.util.LifecycleSupport.fireLifecycleEvent(LifecycleSupport.java:120)
	at org.apache.catalina.core.StandardServer.start(StandardServer.java:693)
	at org.apache.catalina.startup.Catalina.start(Catalina.java:552)
	at sun.reflect.NativeMethodAccessorImpl.invoke0(Native Method)
	at sun.reflect.NativeMethodAccessorImpl.invoke(NativeMethodAccessorImpl.java:39)
	at sun.reflect.DelegatingMethodAccessorImpl.invoke(DelegatingMethodAccessorImpl.java:25)
	at java.lang.reflect.Method.invoke(Method.java:597)
	at org.apache.catalina.startup.Bootstrap.start(Bootstrap.java:295)
	at org.apache.catalina.startup.Bootstrap.main(Bootstrap.java:433)
Jul 16, 2013 11:18:32 PM org.apache.naming.NamingContext lookup
WARNING: Unexpected exception resolving reference
org.xml.sax.SAXParseException: Content is not allowed in prolog.
	at org.apache.xerces.parsers.AbstractSAXParser.parse(Unknown Source)
	at org.apache.xerces.jaxp.SAXParserImpl$JAXPSAXParser.parse(Unknown Source)
	at org.apache.tomcat.util.digester.Digester.parse(Digester.java:1581)
	at org.apache.catalina.users.MemoryUserDatabase.open(MemoryUserDatabase.java:402)
	at org.apache.catalina.users.MemoryUserDatabaseFactory.getObjectInstance(MemoryUserDatabaseFactory.java:103)
	at org.apache.naming.factory.ResourceFactory.getObjectInstance(ResourceFactory.java:140)
	at javax.naming.spi.NamingManager.getObjectInstance(NamingManager.java:304)
	at org.apache.naming.NamingContext.lookup(NamingContext.java:793)
	at org.apache.naming.NamingContext.lookup(NamingContext.java:140)
	at org.apache.naming.NamingContextBindingsEnumeration.nextElementInternal(NamingContextBindingsEnumeration.java:113)
	at org.apache.naming.NamingContextBindingsEnumeration.next(NamingContextBindingsEnumeration.java:71)
	at org.apache.catalina.mbeans.GlobalResourcesLifecycleListener.createMBeans(GlobalResourcesLifecycleListener.java:137)
	at org.apache.catalina.mbeans.GlobalResourcesLifecycleListener.createMBeans(GlobalResourcesLifecycleListener.java:109)
	at org.apache.catalina.mbeans.GlobalResourcesLifecycleListener.lifecycleEvent(GlobalResourcesLifecycleListener.java:81)
	at org.apache.catalina.util.LifecycleSupport.fireLifecycleEvent(LifecycleSupport.java:120)
	at org.apache.catalina.core.StandardServer.start(StandardServer.java:693)
	at org.apache.catalina.startup.Catalina.start(Catalina.java:552)
	at sun.reflect.NativeMethodAccessorImpl.invoke0(Native Method)
	at sun.reflect.NativeMethodAccessorImpl.invoke(NativeMethodAccessorImpl.java:39)
	at sun.reflect.DelegatingMethodAccessorImpl.invoke(DelegatingMethodAccessorImpl.java:25)
	at java.lang.reflect.Method.invoke(Method.java:597)
	at org.apache.catalina.startup.Bootstrap.start(Bootstrap.java:295)
	at org.apache.catalina.startup.Bootstrap.main(Bootstrap.java:433)
Jul 16, 2013 11:18:32 PM org.apache.catalina.mbeans.GlobalResourcesLifecycleListener createMBeans
SEVERE: Exception processing Global JNDI Resources
javax.naming.NamingException: Content is not allowed in prolog.
	at org.apache.naming.NamingContext.lookup(NamingContext.java:805)
	at org.apache.naming.NamingContext.lookup(NamingContext.java:140)
	at org.apache.naming.NamingContextBindingsEnumeration.nextElementInternal(NamingContextBindingsEnumeration.java:113)
	at org.apache.naming.NamingContextBindingsEnumeration.next(NamingContextBindingsEnumeration.java:71)
	at org.apache.catalina.mbeans.GlobalResourcesLifecycleListener.createMBeans(GlobalResourcesLifecycleListener.java:137)
	at org.apache.catalina.mbeans.GlobalResourcesLifecycleListener.createMBeans(GlobalResourcesLifecycleListener.java:109)
	at org.apache.catalina.mbeans.GlobalResourcesLifecycleListener.lifecycleEvent(GlobalResourcesLifecycleListener.java:81)
	at org.apache.catalina.util.LifecycleSupport.fireLifecycleEvent(LifecycleSupport.java:120)
	at org.apache.catalina.core.StandardServer.start(StandardServer.java:693)
	at org.apache.catalina.startup.Catalina.start(Catalina.java:552)
	at sun.reflect.NativeMethodAccessorImpl.invoke0(Native Method)
	at sun.reflect.NativeMethodAccessorImpl.invoke(NativeMethodAccessorImpl.java:39)
	at sun.reflect.DelegatingMethodAccessorImpl.invoke(DelegatingMethodAccessorImpl.java:25)
	at java.lang.reflect.Method.invoke(Method.java:597)
	at org.apache.catalina.startup.Bootstrap.start(Bootstrap.java:295)
	at org.apache.catalina.startup.Bootstrap.main(Bootstrap.java:433)
Jul 16, 2013 11:18:32 PM org.apache.catalina.core.StandardService start
INFO: Starting service Catalina
Jul 16, 2013 11:18:32 PM org.apache.catalina.core.StandardEngine start
INFO: Starting Servlet Engine: Apache Tomcat/5.5.23
Jul 16, 2013 11:18:32 PM org.apache.tomcat.util.digester.Digester fatalError
SEVERE: Parse Fatal Error at line 2 column 1: Content is not allowed in prolog.
org.xml.sax.SAXParseException: Content is not allowed in prolog.
	at org.apache.xerces.util.ErrorHandlerWrapper.createSAXParseException(Unknown Source)
	at org.apache.xerces.util.ErrorHandlerWrapper.fatalError(Unknown Source)
	at org.apache.xerces.impl.XMLErrorReporter.reportError(Unknown Source)
	at org.apache.xerces.impl.XMLErrorReporter.reportError(Unknown Source)
	at org.apache.xerces.impl.XMLScanner.reportFatalError(Unknown Source)
	at org.apache.xerces.impl.XMLDocumentScannerImpl$PrologDispatcher.dispatch(Unknown Source)
	at org.apache.xerces.impl.XMLDocumentFragmentScannerImpl.scanDocument(Unknown Source)
	at org.apache.xerces.parsers.XML11Configuration.parse(Unknown Source)
	at org.apache.xerces.parsers.XML11Configuration.parse(Unknown Source)
	at org.apache.xerces.parsers.XMLParser.parse(Unknown Source)
	at org.apache.xerces.parsers.AbstractSAXParser.parse(Unknown Source)
	at org.apache.xerces.jaxp.SAXParserImpl$JAXPSAXParser.parse(Unknown Source)
	at org.apache.tomcat.util.digester.Digester.parse(Digester.java:1581)
	at org.apache.catalina.users.MemoryUserDatabase.open(MemoryUserDatabase.java:402)
	at org.apache.catalina.users.MemoryUserDatabaseFactory.getObjectInstance(MemoryUserDatabaseFactory.java:103)
	at org.apache.naming.factory.ResourceFactory.getObjectInstance(ResourceFactory.java:140)
	at javax.naming.spi.NamingManager.getObjectInstance(NamingManager.java:304)
	at org.apache.naming.NamingContext.lookup(NamingContext.java:793)
	at org.apache.naming.NamingContext.lookup(NamingContext.java:153)
	at org.apache.catalina.realm.UserDatabaseRealm.start(UserDatabaseRealm.java:253)
	at org.apache.catalina.core.ContainerBase.start(ContainerBase.java:1006)
	at org.apache.catalina.core.StandardEngine.start(StandardEngine.java:443)
	at org.apache.catalina.core.StandardService.start(StandardService.java:448)
	at org.apache.catalina.core.StandardServer.start(StandardServer.java:700)
	at org.apache.catalina.startup.Catalina.start(Catalina.java:552)
	at sun.reflect.NativeMethodAccessorImpl.invoke0(Native Method)
	at sun.reflect.NativeMethodAccessorImpl.invoke(NativeMethodAccessorImpl.java:39)
	at sun.reflect.DelegatingMethodAccessorImpl.invoke(DelegatingMethodAccessorImpl.java:25)
	at java.lang.reflect.Method.invoke(Method.java:597)
	at org.apache.catalina.startup.Bootstrap.start(Bootstrap.java:295)
	at org.apache.catalina.startup.Bootstrap.main(Bootstrap.java:433)
Jul 16, 2013 11:18:32 PM org.apache.naming.NamingContext lookup
WARNING: Unexpected exception resolving reference
org.xml.sax.SAXParseException: Content is not allowed in prolog.
	at org.apache.xerces.parsers.AbstractSAXParser.parse(Unknown Source)
	at org.apache.xerces.jaxp.SAXParserImpl$JAXPSAXParser.parse(Unknown Source)
	at org.apache.tomcat.util.digester.Digester.parse(Digester.java:1581)
	at org.apache.catalina.users.MemoryUserDatabase.open(MemoryUserDatabase.java:402)
	at org.apache.catalina.users.MemoryUserDatabaseFactory.getObjectInstance(MemoryUserDatabaseFactory.java:103)
	at org.apache.naming.factory.ResourceFactory.getObjectInstance(ResourceFactory.java:140)
	at javax.naming.spi.NamingManager.getObjectInstance(NamingManager.java:304)
	at org.apache.naming.NamingContext.lookup(NamingContext.java:793)
	at org.apache.naming.NamingContext.lookup(NamingContext.java:153)
	at org.apache.catalina.realm.UserDatabaseRealm.start(UserDatabaseRealm.java:253)
	at org.apache.catalina.core.ContainerBase.start(ContainerBase.java:1006)
	at org.apache.catalina.core.StandardEngine.start(StandardEngine.java:443)
	at org.apache.catalina.core.StandardService.start(StandardService.java:448)
	at org.apache.catalina.core.StandardServer.start(StandardServer.java:700)
	at org.apache.catalina.startup.Catalina.start(Catalina.java:552)
	at sun.reflect.NativeMethodAccessorImpl.invoke0(Native Method)
	at sun.reflect.NativeMethodAccessorImpl.invoke(NativeMethodAccessorImpl.java:39)
	at sun.reflect.DelegatingMethodAccessorImpl.invoke(DelegatingMethodAccessorImpl.java:25)
	at java.lang.reflect.Method.invoke(Method.java:597)
	at org.apache.catalina.startup.Bootstrap.start(Bootstrap.java:295)
	at org.apache.catalina.startup.Bootstrap.main(Bootstrap.java:433)
Jul 16, 2013 11:18:32 PM org.apache.catalina.realm.UserDatabaseRealm start
SEVERE: Exception looking up UserDatabase under key UserDatabase
javax.naming.NamingException: Content is not allowed in prolog.
	at org.apache.naming.NamingContext.lookup(NamingContext.java:805)
	at org.apache.naming.NamingContext.lookup(NamingContext.java:153)
	at org.apache.catalina.realm.UserDatabaseRealm.start(UserDatabaseRealm.java:253)
	at org.apache.catalina.core.ContainerBase.start(ContainerBase.java:1006)
	at org.apache.catalina.core.StandardEngine.start(StandardEngine.java:443)
	at org.apache.catalina.core.StandardService.start(StandardService.java:448)
	at org.apache.catalina.core.StandardServer.start(StandardServer.java:700)
	at org.apache.catalina.startup.Catalina.start(Catalina.java:552)
	at sun.reflect.NativeMethodAccessorImpl.invoke0(Native Method)
	at sun.reflect.NativeMethodAccessorImpl.invoke(NativeMethodAccessorImpl.java:39)
	at sun.reflect.DelegatingMethodAccessorImpl.invoke(DelegatingMethodAccessorImpl.java:25)
	at java.lang.reflect.Method.invoke(Method.java:597)
	at org.apache.catalina.startup.Bootstrap.start(Bootstrap.java:295)
	at org.apache.catalina.startup.Bootstrap.main(Bootstrap.java:433)
Jul 16, 2013 11:18:32 PM org.apache.catalina.startup.Catalina start
SEVERE: Catalina.start: 
LifecycleException:  No UserDatabase component found under key UserDatabase
	at org.apache.catalina.realm.UserDatabaseRealm.start(UserDatabaseRealm.java:261)
	at org.apache.catalina.core.ContainerBase.start(ContainerBase.java:1006)
	at org.apache.catalina.core.StandardEngine.start(StandardEngine.java:443)
	at org.apache.catalina.core.StandardService.start(StandardService.java:448)
	at org.apache.catalina.core.StandardServer.start(StandardServer.java:700)
	at org.apache.catalina.startup.Catalina.start(Catalina.java:552)
	at sun.reflect.NativeMethodAccessorImpl.invoke0(Native Method)
	at sun.reflect.NativeMethodAccessorImpl.invoke(NativeMethodAccessorImpl.java:39)
	at sun.reflect.DelegatingMethodAccessorImpl.invoke(DelegatingMethodAccessorImpl.java:25)
	at java.lang.reflect.Method.invoke(Method.java:597)
	at org.apache.catalina.startup.Bootstrap.start(Bootstrap.java:295)
	at org.apache.catalina.startup.Bootstrap.main(Bootstrap.java:433)
Jul 16, 2013 11:18:32 PM org.apache.catalina.startup.Catalina start
INFO: Server startup in 98 ms
