2013-11-03T04-42-21 ######################################################################
2013-11-03T04-42-21 Starting up osg-update-certs
2013-11-03T04-42-21 Cert install dir = '/etc/grid-security'
2013-11-03T04-42-21 slurping /var/lib/osg-ca-certs/certs-updater-status
2013-11-03T04-42-21 read 218 characters
2013-11-03T04-42-21 There has been a successful check in the last 24 hours.  Exiting.
2013-11-03T05-10-07 ######################################################################
2013-11-03T05-10-07 Starting up osg-update-certs
2013-11-03T05-10-07 Cert install dir = '/etc/grid-security'
2013-11-03T05-10-07 slurping /var/lib/osg-ca-certs/certs-updater-status
2013-11-03T05-10-07 read 218 characters
2013-11-03T05-10-07 There has been a successful check in the last 24 hours.  Exiting.
2013-11-03T06-12-56 ######################################################################
2013-11-03T06-12-56 Starting up osg-update-certs
2013-11-03T06-12-56 Cert install dir = '/etc/grid-security'
2013-11-03T06-12-56 slurping /var/lib/osg-ca-certs/certs-updater-status
2013-11-03T06-12-56 read 218 characters
2013-11-03T06-12-56 There has been a successful check in the last 24 hours.  Exiting.
2013-11-03T07-21-06 ######################################################################
2013-11-03T07-21-06 Starting up osg-update-certs
2013-11-03T07-21-06 Cert install dir = '/etc/grid-security'
2013-11-03T07-21-06 slurping /var/lib/osg-ca-certs/certs-updater-status
2013-11-03T07-21-06 read 218 characters
2013-11-03T07-21-06 There has been a successful check in the last 24 hours.  Exiting.
2013-11-03T08-15-43 ######################################################################
2013-11-03T08-15-43 Starting up osg-update-certs
2013-11-03T08-15-43 Cert install dir = '/etc/grid-security'
2013-11-03T08-15-43 slurping /var/lib/osg-ca-certs/certs-updater-status
2013-11-03T08-15-43 read 218 characters
2013-11-03T08-15-43 There has been a successful check in the last 24 hours.  Exiting.
2013-11-03T09-38-13 ######################################################################
2013-11-03T09-38-13 Starting up osg-update-certs
2013-11-03T09-38-13 Cert install dir = '/etc/grid-security'
2013-11-03T09-38-13 slurping /var/lib/osg-ca-certs/certs-updater-status
2013-11-03T09-38-13 read 218 characters
2013-11-03T09-38-13 There has been a successful check in the last 24 hours.  Exiting.
2013-11-03T10-32-09 ######################################################################
2013-11-03T10-32-09 Starting up osg-update-certs
2013-11-03T10-32-09 Cert install dir = '/etc/grid-security'
2013-11-03T10-32-09 slurping /var/lib/osg-ca-certs/certs-updater-status
2013-11-03T10-32-09 read 218 characters
2013-11-03T10-32-09 There has been a successful check in the last 24 hours.  Exiting.
2013-11-03T11-38-27 ######################################################################
2013-11-03T11-38-27 Starting up osg-update-certs
2013-11-03T11-38-27 Cert install dir = '/etc/grid-security'
2013-11-03T11-38-27 slurping /var/lib/osg-ca-certs/certs-updater-status
2013-11-03T11-38-27 read 218 characters
2013-11-03T11-38-27 Temporary directory is '/tmp/osgcert-BtCXsC'
2013-11-03T11-38-27 slurping /tmp/osgcert-BtCXsC/wget.out
2013-11-03T11-38-27 read 461 characters
2013-11-03T11-38-27 --2013-11-03 11:38:27--  http://software.grid.iu.edu/pacman/cadist/ca-certs-version-new
2013-11-03T11-38-27 Resolving software.grid.iu.edu... 129.79.53.100
2013-11-03T11-38-27 Connecting to software.grid.iu.edu|129.79.53.100|:80... connected.
2013-11-03T11-38-27 HTTP request sent, awaiting response... 200 OK
2013-11-03T11-38-27 Length: 361 [text/plain]
2013-11-03T11-38-27 Saving to: `ca-certs-version-new'
2013-11-03T11-38-27 
2013-11-03T11-38-27      0K                                                       100% 38.3M=0s
2013-11-03T11-38-27 
2013-11-03T11-38-27 2013-11-03 11:38:27 (38.3 MB/s) - `ca-certs-version-new' saved [361/361]
2013-11-03T11-38-27 
2013-11-03T11-38-27 slurping /tmp/osgcert-BtCXsC/ca-certs-version-new
2013-11-03T11-38-27 read 361 characters
2013-11-03T11-38-27 slurping /var/lib/osg-ca-certs/ca-certs-version
2013-11-03T11-38-27 read 8 characters
2013-11-03T11-38-27 Installed certs version appears to be '1.35NEW'
2013-11-03T11-38-27 No need to update the certificates: the installed version (1.35NEW) is current.
2013-11-03T11-38-27 Removing /tmp/osgcert-BtCXsC
2013-11-03T11-38-27 INFO: No default hour defined, setting it to 9
2013-11-03T11-38-27 All done, exiting.
2013-11-03T12-19-03 ######################################################################
2013-11-03T12-19-03 Starting up osg-update-certs
2013-11-03T12-19-03 Cert install dir = '/etc/grid-security'
2013-11-03T12-19-03 slurping /var/lib/osg-ca-certs/certs-updater-status
2013-11-03T12-19-03 read 217 characters
2013-11-03T12-19-03 There has been a successful check in the last 24 hours.  Exiting.
2013-11-03T13-34-55 ######################################################################
2013-11-03T13-34-55 Starting up osg-update-certs
2013-11-03T13-34-55 Cert install dir = '/etc/grid-security'
2013-11-03T13-34-55 slurping /var/lib/osg-ca-certs/certs-updater-status
2013-11-03T13-34-55 read 217 characters
2013-11-03T13-34-55 There has been a successful check in the last 24 hours.  Exiting.
2013-11-03T14-19-29 ######################################################################
2013-11-03T14-19-29 Starting up osg-update-certs
2013-11-03T14-19-29 Cert install dir = '/etc/grid-security'
2013-11-03T14-19-29 slurping /var/lib/osg-ca-certs/certs-updater-status
2013-11-03T14-19-29 read 217 characters
2013-11-03T14-19-29 There has been a successful check in the last 24 hours.  Exiting.
2013-11-03T15-37-19 ######################################################################
2013-11-03T15-37-19 Starting up osg-update-certs
2013-11-03T15-37-19 Cert install dir = '/etc/grid-security'
2013-11-03T15-37-19 slurping /var/lib/osg-ca-certs/certs-updater-status
2013-11-03T15-37-19 read 217 characters
2013-11-03T15-37-19 There has been a successful check in the last 24 hours.  Exiting.
2013-11-03T16-22-06 ######################################################################
2013-11-03T16-22-06 Starting up osg-update-certs
2013-11-03T16-22-06 Cert install dir = '/etc/grid-security'
2013-11-03T16-22-06 slurping /var/lib/osg-ca-certs/certs-updater-status
2013-11-03T16-22-06 read 217 characters
2013-11-03T16-22-06 There has been a successful check in the last 24 hours.  Exiting.
2013-11-03T17-31-12 ######################################################################
2013-11-03T17-31-12 Starting up osg-update-certs
2013-11-03T17-31-12 Cert install dir = '/etc/grid-security'
2013-11-03T17-31-12 slurping /var/lib/osg-ca-certs/certs-updater-status
2013-11-03T17-31-12 read 217 characters
2013-11-03T17-31-12 There has been a successful check in the last 24 hours.  Exiting.
2013-11-03T18-52-58 ######################################################################
2013-11-03T18-52-58 Starting up osg-update-certs
2013-11-03T18-52-58 Cert install dir = '/etc/grid-security'
2013-11-03T18-52-58 slurping /var/lib/osg-ca-certs/certs-updater-status
2013-11-03T18-52-58 read 217 characters
2013-11-03T18-52-58 There has been a successful check in the last 24 hours.  Exiting.
2013-11-03T19-10-38 ######################################################################
2013-11-03T19-10-38 Starting up osg-update-certs
2013-11-03T19-10-38 Cert install dir = '/etc/grid-security'
2013-11-03T19-10-38 slurping /var/lib/osg-ca-certs/certs-updater-status
2013-11-03T19-10-38 read 217 characters
2013-11-03T19-10-38 There has been a successful check in the last 24 hours.  Exiting.
2013-11-03T20-43-00 ######################################################################
2013-11-03T20-43-00 Starting up osg-update-certs
2013-11-03T20-43-00 Cert install dir = '/etc/grid-security'
2013-11-03T20-43-00 slurping /var/lib/osg-ca-certs/certs-updater-status
2013-11-03T20-43-00 read 217 characters
2013-11-03T20-43-00 There has been a successful check in the last 24 hours.  Exiting.
2013-11-03T21-17-54 ######################################################################
2013-11-03T21-17-54 Starting up osg-update-certs
2013-11-03T21-17-54 Cert install dir = '/etc/grid-security'
2013-11-03T21-17-54 slurping /var/lib/osg-ca-certs/certs-updater-status
2013-11-03T21-17-54 read 217 characters
2013-11-03T21-17-54 There has been a successful check in the last 24 hours.  Exiting.
2013-11-03T22-21-43 ######################################################################
2013-11-03T22-21-43 Starting up osg-update-certs
2013-11-03T22-21-43 Cert install dir = '/etc/grid-security'
2013-11-03T22-21-43 slurping /var/lib/osg-ca-certs/certs-updater-status
2013-11-03T22-21-43 read 217 characters
2013-11-03T22-21-43 There has been a successful check in the last 24 hours.  Exiting.
2013-11-03T23-54-04 ######################################################################
2013-11-03T23-54-04 Starting up osg-update-certs
2013-11-03T23-54-04 Cert install dir = '/etc/grid-security'
2013-11-03T23-54-04 slurping /var/lib/osg-ca-certs/certs-updater-status
2013-11-03T23-54-04 read 217 characters
2013-11-03T23-54-04 There has been a successful check in the last 24 hours.  Exiting.
2013-11-04T00-47-18 ######################################################################
2013-11-04T00-47-18 Starting up osg-update-certs
2013-11-04T00-47-18 Cert install dir = '/etc/grid-security'
2013-11-04T00-47-18 slurping /var/lib/osg-ca-certs/certs-updater-status
2013-11-04T00-47-18 read 217 characters
2013-11-04T00-47-18 There has been a successful check in the last 24 hours.  Exiting.
2013-11-04T01-23-52 ######################################################################
2013-11-04T01-23-52 Starting up osg-update-certs
2013-11-04T01-23-52 Cert install dir = '/etc/grid-security'
2013-11-04T01-23-52 slurping /var/lib/osg-ca-certs/certs-updater-status
2013-11-04T01-23-53 read 217 characters
2013-11-04T01-23-53 There has been a successful check in the last 24 hours.  Exiting.
2013-11-04T02-53-49 ######################################################################
2013-11-04T02-53-49 Starting up osg-update-certs
2013-11-04T02-53-49 Cert install dir = '/etc/grid-security'
2013-11-04T02-53-49 slurping /var/lib/osg-ca-certs/certs-updater-status
2013-11-04T02-53-49 read 217 characters
2013-11-04T02-53-49 There has been a successful check in the last 24 hours.  Exiting.
2013-11-04T03-14-33 ######################################################################
2013-11-04T03-14-33 Starting up osg-update-certs
2013-11-04T03-14-33 Cert install dir = '/etc/grid-security'
2013-11-04T03-14-33 slurping /var/lib/osg-ca-certs/certs-updater-status
2013-11-04T03-14-33 read 217 characters
2013-11-04T03-14-33 There has been a successful check in the last 24 hours.  Exiting.
2013-11-04T04-14-37 ######################################################################
2013-11-04T04-14-37 Starting up osg-update-certs
2013-11-04T04-14-37 Cert install dir = '/etc/grid-security'
2013-11-04T04-14-37 slurping /var/lib/osg-ca-certs/certs-updater-status
2013-11-04T04-14-37 read 217 characters
2013-11-04T04-14-37 There has been a successful check in the last 24 hours.  Exiting.
2013-11-04T05-20-32 ######################################################################
2013-11-04T05-20-32 Starting up osg-update-certs
2013-11-04T05-20-32 Cert install dir = '/etc/grid-security'
2013-11-04T05-20-32 slurping /var/lib/osg-ca-certs/certs-updater-status
2013-11-04T05-20-32 read 217 characters
2013-11-04T05-20-32 There has been a successful check in the last 24 hours.  Exiting.
2013-11-04T06-28-21 ######################################################################
2013-11-04T06-28-21 Starting up osg-update-certs
2013-11-04T06-28-21 Cert install dir = '/etc/grid-security'
2013-11-04T06-28-21 slurping /var/lib/osg-ca-certs/certs-updater-status
2013-11-04T06-28-21 read 217 characters
2013-11-04T06-28-21 There has been a successful check in the last 24 hours.  Exiting.
2013-11-04T07-37-58 ######################################################################
2013-11-04T07-37-58 Starting up osg-update-certs
2013-11-04T07-37-58 Cert install dir = '/etc/grid-security'
2013-11-04T07-37-58 slurping /var/lib/osg-ca-certs/certs-updater-status
2013-11-04T07-37-58 read 217 characters
2013-11-04T07-37-58 There has been a successful check in the last 24 hours.  Exiting.
2013-11-04T08-48-38 ######################################################################
2013-11-04T08-48-38 Starting up osg-update-certs
2013-11-04T08-48-38 Cert install dir = '/etc/grid-security'
2013-11-04T08-48-38 slurping /var/lib/osg-ca-certs/certs-updater-status
2013-11-04T08-48-38 read 217 characters
2013-11-04T08-48-38 There has been a successful check in the last 24 hours.  Exiting.
2013-11-04T09-10-40 ######################################################################
2013-11-04T09-10-40 Starting up osg-update-certs
2013-11-04T09-10-40 Cert install dir = '/etc/grid-security'
2013-11-04T09-10-40 slurping /var/lib/osg-ca-certs/certs-updater-status
2013-11-04T09-10-40 read 217 characters
2013-11-04T09-10-40 INFO: Checking for update because it is the default hour (9).
2013-11-04T09-10-40 Temporary directory is '/tmp/osgcert-YQD7j6'
2013-11-04T09-10-40 slurping /tmp/osgcert-YQD7j6/wget.out
2013-11-04T09-10-40 read 461 characters
2013-11-04T09-10-40 --2013-11-04 09:10:40--  http://software.grid.iu.edu/pacman/cadist/ca-certs-version-new
2013-11-04T09-10-40 Resolving software.grid.iu.edu... 129.79.53.100
2013-11-04T09-10-40 Connecting to software.grid.iu.edu|129.79.53.100|:80... connected.
2013-11-04T09-10-40 HTTP request sent, awaiting response... 200 OK
2013-11-04T09-10-40 Length: 361 [text/plain]
2013-11-04T09-10-40 Saving to: `ca-certs-version-new'
2013-11-04T09-10-40 
2013-11-04T09-10-40      0K                                                       100% 34.4M=0s
2013-11-04T09-10-40 
2013-11-04T09-10-40 2013-11-04 09:10:40 (34.4 MB/s) - `ca-certs-version-new' saved [361/361]
2013-11-04T09-10-40 
2013-11-04T09-10-40 slurping /tmp/osgcert-YQD7j6/ca-certs-version-new
2013-11-04T09-10-40 read 361 characters
2013-11-04T09-10-40 slurping /var/lib/osg-ca-certs/ca-certs-version
2013-11-04T09-10-40 read 8 characters
2013-11-04T09-10-40 Installed certs version appears to be '1.35NEW'
2013-11-04T09-10-40 No need to update the certificates: the installed version (1.35NEW) is current.
2013-11-04T09-10-40 Removing /tmp/osgcert-YQD7j6
2013-11-04T09-10-40 All done, exiting.
2013-11-04T10-44-38 ######################################################################
2013-11-04T10-44-38 Starting up osg-update-certs
2013-11-04T10-44-38 Cert install dir = '/etc/grid-security'
2013-11-04T10-44-38 slurping /var/lib/osg-ca-certs/certs-updater-status
2013-11-04T10-44-38 read 217 characters
2013-11-04T10-44-38 There has been a successful check in the last 24 hours.  Exiting.
2013-11-04T11-10-29 ######################################################################
2013-11-04T11-10-29 Starting up osg-update-certs
2013-11-04T11-10-29 Cert install dir = '/etc/grid-security'
2013-11-04T11-10-29 slurping /var/lib/osg-ca-certs/certs-updater-status
2013-11-04T11-10-29 read 217 characters
2013-11-04T11-10-29 There has been a successful check in the last 24 hours.  Exiting.
2013-11-04T12-31-17 ######################################################################
2013-11-04T12-31-17 Starting up osg-update-certs
2013-11-04T12-31-17 Cert install dir = '/etc/grid-security'
2013-11-04T12-31-17 slurping /var/lib/osg-ca-certs/certs-updater-status
2013-11-04T12-31-17 read 217 characters
2013-11-04T12-31-17 There has been a successful check in the last 24 hours.  Exiting.
2013-11-04T13-37-57 ######################################################################
2013-11-04T13-37-57 Starting up osg-update-certs
2013-11-04T13-37-57 Cert install dir = '/etc/grid-security'
2013-11-04T13-37-57 slurping /var/lib/osg-ca-certs/certs-updater-status
2013-11-04T13-37-57 read 217 characters
2013-11-04T13-37-57 There has been a successful check in the last 24 hours.  Exiting.
2013-11-04T14-35-55 ######################################################################
2013-11-04T14-35-55 Starting up osg-update-certs
2013-11-04T14-35-55 Cert install dir = '/etc/grid-security'
2013-11-04T14-35-55 slurping /var/lib/osg-ca-certs/certs-updater-status
2013-11-04T14-35-55 read 217 characters
2013-11-04T14-35-55 There has been a successful check in the last 24 hours.  Exiting.
2013-11-04T15-36-10 ######################################################################
2013-11-04T15-36-10 Starting up osg-update-certs
2013-11-04T15-36-10 Cert install dir = '/etc/grid-security'
2013-11-04T15-36-10 slurping /var/lib/osg-ca-certs/certs-updater-status
2013-11-04T15-36-10 read 217 characters
2013-11-04T15-36-10 There has been a successful check in the last 24 hours.  Exiting.
2013-11-04T16-52-20 ######################################################################
2013-11-04T16-52-20 Starting up osg-update-certs
2013-11-04T16-52-20 Cert install dir = '/etc/grid-security'
2013-11-04T16-52-20 slurping /var/lib/osg-ca-certs/certs-updater-status
2013-11-04T16-52-20 read 217 characters
2013-11-04T16-52-20 There has been a successful check in the last 24 hours.  Exiting.
2013-11-04T17-39-18 ######################################################################
2013-11-04T17-39-18 Starting up osg-update-certs
2013-11-04T17-39-18 Cert install dir = '/etc/grid-security'
2013-11-04T17-39-18 slurping /var/lib/osg-ca-certs/certs-updater-status
2013-11-04T17-39-18 read 217 characters
2013-11-04T17-39-18 There has been a successful check in the last 24 hours.  Exiting.
2013-11-04T18-41-42 ######################################################################
2013-11-04T18-41-42 Starting up osg-update-certs
2013-11-04T18-41-42 Cert install dir = '/etc/grid-security'
2013-11-04T18-41-42 slurping /var/lib/osg-ca-certs/certs-updater-status
2013-11-04T18-41-42 read 217 characters
2013-11-04T18-41-42 There has been a successful check in the last 24 hours.  Exiting.
2013-11-04T19-52-10 ######################################################################
2013-11-04T19-52-10 Starting up osg-update-certs
2013-11-04T19-52-10 Cert install dir = '/etc/grid-security'
2013-11-04T19-52-10 slurping /var/lib/osg-ca-certs/certs-updater-status
2013-11-04T19-52-10 read 217 characters
2013-11-04T19-52-10 There has been a successful check in the last 24 hours.  Exiting.
2013-11-04T20-45-14 ######################################################################
2013-11-04T20-45-14 Starting up osg-update-certs
2013-11-04T20-45-14 Cert install dir = '/etc/grid-security'
2013-11-04T20-45-14 slurping /var/lib/osg-ca-certs/certs-updater-status
2013-11-04T20-45-14 read 217 characters
2013-11-04T20-45-14 There has been a successful check in the last 24 hours.  Exiting.
2013-11-04T21-38-35 ######################################################################
2013-11-04T21-38-35 Starting up osg-update-certs
2013-11-04T21-38-35 Cert install dir = '/etc/grid-security'
2013-11-04T21-38-35 slurping /var/lib/osg-ca-certs/certs-updater-status
2013-11-04T21-38-35 read 217 characters
2013-11-04T21-38-35 There has been a successful check in the last 24 hours.  Exiting.
2013-11-04T22-38-30 ######################################################################
2013-11-04T22-38-30 Starting up osg-update-certs
2013-11-04T22-38-30 Cert install dir = '/etc/grid-security'
2013-11-04T22-38-30 slurping /var/lib/osg-ca-certs/certs-updater-status
2013-11-04T22-38-30 read 217 characters
2013-11-04T22-38-30 There has been a successful check in the last 24 hours.  Exiting.
2013-11-04T23-52-45 ######################################################################
2013-11-04T23-52-45 Starting up osg-update-certs
2013-11-04T23-52-45 Cert install dir = '/etc/grid-security'
2013-11-04T23-52-45 slurping /var/lib/osg-ca-certs/certs-updater-status
2013-11-04T23-52-45 read 217 characters
2013-11-04T23-52-45 There has been a successful check in the last 24 hours.  Exiting.
2013-11-05T00-18-50 ######################################################################
2013-11-05T00-18-50 Starting up osg-update-certs
2013-11-05T00-18-50 Cert install dir = '/etc/grid-security'
2013-11-05T00-18-50 slurping /var/lib/osg-ca-certs/certs-updater-status
2013-11-05T00-18-50 read 217 characters
2013-11-05T00-18-50 There has been a successful check in the last 24 hours.  Exiting.
2013-11-05T01-33-10 ######################################################################
2013-11-05T01-33-10 Starting up osg-update-certs
2013-11-05T01-33-10 Cert install dir = '/etc/grid-security'
2013-11-05T01-33-10 slurping /var/lib/osg-ca-certs/certs-updater-status
2013-11-05T01-33-10 read 217 characters
2013-11-05T01-33-10 There has been a successful check in the last 24 hours.  Exiting.
2013-11-05T02-47-45 ######################################################################
2013-11-05T02-47-45 Starting up osg-update-certs
2013-11-05T02-47-45 Cert install dir = '/etc/grid-security'
2013-11-05T02-47-45 slurping /var/lib/osg-ca-certs/certs-updater-status
2013-11-05T02-47-45 read 217 characters
2013-11-05T02-47-45 There has been a successful check in the last 24 hours.  Exiting.
2013-11-05T03-22-05 ######################################################################
2013-11-05T03-22-05 Starting up osg-update-certs
2013-11-05T03-22-05 Cert install dir = '/etc/grid-security'
2013-11-05T03-22-05 slurping /var/lib/osg-ca-certs/certs-updater-status
2013-11-05T03-22-05 read 217 characters
2013-11-05T03-22-05 There has been a successful check in the last 24 hours.  Exiting.
2013-11-05T04-41-19 ######################################################################
2013-11-05T04-41-19 Starting up osg-update-certs
2013-11-05T04-41-19 Cert install dir = '/etc/grid-security'
2013-11-05T04-41-19 slurping /var/lib/osg-ca-certs/certs-updater-status
2013-11-05T04-41-19 read 217 characters
2013-11-05T04-41-19 There has been a successful check in the last 24 hours.  Exiting.
2013-11-05T05-29-14 ######################################################################
2013-11-05T05-29-14 Starting up osg-update-certs
2013-11-05T05-29-14 Cert install dir = '/etc/grid-security'
2013-11-05T05-29-14 slurping /var/lib/osg-ca-certs/certs-updater-status
2013-11-05T05-29-14 read 217 characters
2013-11-05T05-29-14 There has been a successful check in the last 24 hours.  Exiting.
2013-11-05T06-36-56 ######################################################################
2013-11-05T06-36-56 Starting up osg-update-certs
2013-11-05T06-36-56 Cert install dir = '/etc/grid-security'
2013-11-05T06-36-56 slurping /var/lib/osg-ca-certs/certs-updater-status
2013-11-05T06-36-56 read 217 characters
2013-11-05T06-36-56 There has been a successful check in the last 24 hours.  Exiting.
2013-11-05T07-10-53 ######################################################################
2013-11-05T07-10-53 Starting up osg-update-certs
2013-11-05T07-10-53 Cert install dir = '/etc/grid-security'
2013-11-05T07-10-53 slurping /var/lib/osg-ca-certs/certs-updater-status
2013-11-05T07-10-53 read 217 characters
2013-11-05T07-10-53 There has been a successful check in the last 24 hours.  Exiting.
2013-11-05T08-38-57 ######################################################################
2013-11-05T08-38-57 Starting up osg-update-certs
2013-11-05T08-38-57 Cert install dir = '/etc/grid-security'
2013-11-05T08-38-57 slurping /var/lib/osg-ca-certs/certs-updater-status
2013-11-05T08-38-57 read 217 characters
2013-11-05T08-38-57 There has been a successful check in the last 24 hours.  Exiting.
2013-11-05T09-49-07 ######################################################################
2013-11-05T09-49-07 Starting up osg-update-certs
2013-11-05T09-49-07 Cert install dir = '/etc/grid-security'
2013-11-05T09-49-07 slurping /var/lib/osg-ca-certs/certs-updater-status
2013-11-05T09-49-07 read 217 characters
2013-11-05T09-49-07 Temporary directory is '/tmp/osgcert-2dPbDM'
2013-11-05T09-49-07 slurping /tmp/osgcert-2dPbDM/wget.out
2013-11-05T09-49-07 read 461 characters
2013-11-05T09-49-07 --2013-11-05 09:49:07--  http://software.grid.iu.edu/pacman/cadist/ca-certs-version-new
2013-11-05T09-49-07 Resolving software.grid.iu.edu... 129.79.53.100
2013-11-05T09-49-07 Connecting to software.grid.iu.edu|129.79.53.100|:80... connected.
2013-11-05T09-49-07 HTTP request sent, awaiting response... 200 OK
2013-11-05T09-49-07 Length: 361 [text/plain]
2013-11-05T09-49-07 Saving to: `ca-certs-version-new'
2013-11-05T09-49-07 
2013-11-05T09-49-07      0K                                                       100% 38.3M=0s
2013-11-05T09-49-07 
2013-11-05T09-49-07 2013-11-05 09:49:07 (38.3 MB/s) - `ca-certs-version-new' saved [361/361]
2013-11-05T09-49-07 
2013-11-05T09-49-07 slurping /tmp/osgcert-2dPbDM/ca-certs-version-new
2013-11-05T09-49-07 read 361 characters
2013-11-05T09-49-07 slurping /var/lib/osg-ca-certs/ca-certs-version
2013-11-05T09-49-07 read 8 characters
2013-11-05T09-49-07 Installed certs version appears to be '1.35NEW'
2013-11-05T09-49-07 No need to update the certificates: the installed version (1.35NEW) is current.
2013-11-05T09-49-07 Removing /tmp/osgcert-2dPbDM
2013-11-05T09-49-07 INFO: No default hour defined, setting it to 20
2013-11-05T09-49-07 All done, exiting.
2013-11-05T10-42-42 ######################################################################
2013-11-05T10-42-42 Starting up osg-update-certs
2013-11-05T10-42-42 Cert install dir = '/etc/grid-security'
2013-11-05T10-42-42 slurping /var/lib/osg-ca-certs/certs-updater-status
2013-11-05T10-42-42 read 218 characters
2013-11-05T10-42-42 There has been a successful check in the last 24 hours.  Exiting.
2013-11-05T11-12-43 ######################################################################
2013-11-05T11-12-43 Starting up osg-update-certs
2013-11-05T11-12-43 Cert install dir = '/etc/grid-security'
2013-11-05T11-12-43 slurping /var/lib/osg-ca-certs/certs-updater-status
2013-11-05T11-12-43 read 218 characters
2013-11-05T11-12-43 There has been a successful check in the last 24 hours.  Exiting.
2013-11-05T12-24-25 ######################################################################
2013-11-05T12-24-25 Starting up osg-update-certs
2013-11-05T12-24-25 Cert install dir = '/etc/grid-security'
2013-11-05T12-24-25 slurping /var/lib/osg-ca-certs/certs-updater-status
2013-11-05T12-24-25 read 218 characters
2013-11-05T12-24-25 There has been a successful check in the last 24 hours.  Exiting.
2013-11-05T13-47-58 ######################################################################
2013-11-05T13-47-58 Starting up osg-update-certs
2013-11-05T13-47-58 Cert install dir = '/etc/grid-security'
2013-11-05T13-47-58 slurping /var/lib/osg-ca-certs/certs-updater-status
2013-11-05T13-47-58 read 218 characters
2013-11-05T13-47-58 There has been a successful check in the last 24 hours.  Exiting.
2013-11-05T14-31-51 ######################################################################
2013-11-05T14-31-51 Starting up osg-update-certs
2013-11-05T14-31-51 Cert install dir = '/etc/grid-security'
2013-11-05T14-31-51 slurping /var/lib/osg-ca-certs/certs-updater-status
2013-11-05T14-31-51 read 218 characters
2013-11-05T14-31-51 There has been a successful check in the last 24 hours.  Exiting.
2013-11-05T15-46-46 ######################################################################
2013-11-05T15-46-46 Starting up osg-update-certs
2013-11-05T15-46-46 Cert install dir = '/etc/grid-security'
2013-11-05T15-46-46 slurping /var/lib/osg-ca-certs/certs-updater-status
2013-11-05T15-46-46 read 218 characters
2013-11-05T15-46-46 There has been a successful check in the last 24 hours.  Exiting.
2013-11-05T16-41-55 ######################################################################
2013-11-05T16-41-55 Starting up osg-update-certs
2013-11-05T16-41-55 Cert install dir = '/etc/grid-security'
2013-11-05T16-41-55 slurping /var/lib/osg-ca-certs/certs-updater-status
2013-11-05T16-41-55 read 218 characters
2013-11-05T16-41-55 There has been a successful check in the last 24 hours.  Exiting.
2013-11-05T17-32-26 ######################################################################
2013-11-05T17-32-26 Starting up osg-update-certs
2013-11-05T17-32-26 Cert install dir = '/etc/grid-security'
2013-11-05T17-32-26 slurping /var/lib/osg-ca-certs/certs-updater-status
2013-11-05T17-32-26 read 218 characters
2013-11-05T17-32-26 There has been a successful check in the last 24 hours.  Exiting.
2013-11-05T18-42-03 ######################################################################
2013-11-05T18-42-03 Starting up osg-update-certs
2013-11-05T18-42-03 Cert install dir = '/etc/grid-security'
2013-11-05T18-42-03 slurping /var/lib/osg-ca-certs/certs-updater-status
2013-11-05T18-42-03 read 218 characters
2013-11-05T18-42-03 There has been a successful check in the last 24 hours.  Exiting.
2013-11-05T19-41-42 ######################################################################
2013-11-05T19-41-42 Starting up osg-update-certs
2013-11-05T19-41-42 Cert install dir = '/etc/grid-security'
2013-11-05T19-41-42 slurping /var/lib/osg-ca-certs/certs-updater-status
2013-11-05T19-41-42 read 218 characters
2013-11-05T19-41-42 There has been a successful check in the last 24 hours.  Exiting.
2013-11-05T20-43-42 ######################################################################
2013-11-05T20-43-42 Starting up osg-update-certs
2013-11-05T20-43-42 Cert install dir = '/etc/grid-security'
2013-11-05T20-43-42 slurping /var/lib/osg-ca-certs/certs-updater-status
2013-11-05T20-43-42 read 218 characters
2013-11-05T20-43-42 INFO: Checking for update because it is the default hour (20).
2013-11-05T20-43-42 Temporary directory is '/tmp/osgcert-zjdSQx'
2013-11-05T20-43-42 slurping /tmp/osgcert-zjdSQx/wget.out
2013-11-05T20-43-42 read 461 characters
2013-11-05T20-43-42 --2013-11-05 20:43:42--  http://software.grid.iu.edu/pacman/cadist/ca-certs-version-new
2013-11-05T20-43-42 Resolving software.grid.iu.edu... 129.79.53.100
2013-11-05T20-43-42 Connecting to software.grid.iu.edu|129.79.53.100|:80... connected.
2013-11-05T20-43-42 HTTP request sent, awaiting response... 200 OK
2013-11-05T20-43-42 Length: 361 [text/plain]
2013-11-05T20-43-42 Saving to: `ca-certs-version-new'
2013-11-05T20-43-42 
2013-11-05T20-43-42      0K                                                       100% 38.3M=0s
2013-11-05T20-43-42 
2013-11-05T20-43-42 2013-11-05 20:43:42 (38.3 MB/s) - `ca-certs-version-new' saved [361/361]
2013-11-05T20-43-42 
2013-11-05T20-43-42 slurping /tmp/osgcert-zjdSQx/ca-certs-version-new
2013-11-05T20-43-42 read 361 characters
2013-11-05T20-43-42 slurping /var/lib/osg-ca-certs/ca-certs-version
2013-11-05T20-43-42 read 8 characters
2013-11-05T20-43-42 Installed certs version appears to be '1.35NEW'
2013-11-05T20-43-42 No need to update the certificates: the installed version (1.35NEW) is current.
2013-11-05T20-43-42 Removing /tmp/osgcert-zjdSQx
2013-11-05T20-43-42 All done, exiting.
2013-11-05T21-25-19 ######################################################################
2013-11-05T21-25-19 Starting up osg-update-certs
2013-11-05T21-25-19 Cert install dir = '/etc/grid-security'
2013-11-05T21-25-19 slurping /var/lib/osg-ca-certs/certs-updater-status
2013-11-05T21-25-19 read 218 characters
2013-11-05T21-25-19 There has been a successful check in the last 24 hours.  Exiting.
2013-11-05T22-22-12 ######################################################################
2013-11-05T22-22-12 Starting up osg-update-certs
2013-11-05T22-22-12 Cert install dir = '/etc/grid-security'
2013-11-05T22-22-12 slurping /var/lib/osg-ca-certs/certs-updater-status
2013-11-05T22-22-12 read 218 characters
2013-11-05T22-22-12 There has been a successful check in the last 24 hours.  Exiting.
2013-11-05T23-18-27 ######################################################################
2013-11-05T23-18-27 Starting up osg-update-certs
2013-11-05T23-18-27 Cert install dir = '/etc/grid-security'
2013-11-05T23-18-27 slurping /var/lib/osg-ca-certs/certs-updater-status
2013-11-05T23-18-27 read 218 characters
2013-11-05T23-18-27 There has been a successful check in the last 24 hours.  Exiting.
2013-11-06T00-30-03 ######################################################################
2013-11-06T00-30-03 Starting up osg-update-certs
2013-11-06T00-30-03 Cert install dir = '/etc/grid-security'
2013-11-06T00-30-03 slurping /var/lib/osg-ca-certs/certs-updater-status
2013-11-06T00-30-03 read 218 characters
2013-11-06T00-30-03 There has been a successful check in the last 24 hours.  Exiting.
2013-11-06T01-18-46 ######################################################################
2013-11-06T01-18-46 Starting up osg-update-certs
2013-11-06T01-18-46 Cert install dir = '/etc/grid-security'
2013-11-06T01-18-46 slurping /var/lib/osg-ca-certs/certs-updater-status
2013-11-06T01-18-46 read 218 characters
2013-11-06T01-18-46 There has been a successful check in the last 24 hours.  Exiting.
2013-11-06T02-34-41 ######################################################################
2013-11-06T02-34-41 Starting up osg-update-certs
2013-11-06T02-34-41 Cert install dir = '/etc/grid-security'
2013-11-06T02-34-41 slurping /var/lib/osg-ca-certs/certs-updater-status
2013-11-06T02-34-41 read 218 characters
2013-11-06T02-34-41 There has been a successful check in the last 24 hours.  Exiting.
2013-11-06T03-54-31 ######################################################################
2013-11-06T03-54-31 Starting up osg-update-certs
2013-11-06T03-54-31 Cert install dir = '/etc/grid-security'
2013-11-06T03-54-31 slurping /var/lib/osg-ca-certs/certs-updater-status
2013-11-06T03-54-31 read 218 characters
2013-11-06T03-54-31 There has been a successful check in the last 24 hours.  Exiting.
2013-11-06T04-43-46 ######################################################################
2013-11-06T04-43-46 Starting up osg-update-certs
2013-11-06T04-43-46 Cert install dir = '/etc/grid-security'
2013-11-06T04-43-46 slurping /var/lib/osg-ca-certs/certs-updater-status
2013-11-06T04-43-46 read 218 characters
2013-11-06T04-43-46 There has been a successful check in the last 24 hours.  Exiting.
2013-11-06T05-24-58 ######################################################################
2013-11-06T05-24-58 Starting up osg-update-certs
2013-11-06T05-24-58 Cert install dir = '/etc/grid-security'
2013-11-06T05-24-58 slurping /var/lib/osg-ca-certs/certs-updater-status
2013-11-06T05-24-58 read 218 characters
2013-11-06T05-24-58 There has been a successful check in the last 24 hours.  Exiting.
2013-11-06T06-49-37 ######################################################################
2013-11-06T06-49-37 Starting up osg-update-certs
2013-11-06T06-49-37 Cert install dir = '/etc/grid-security'
2013-11-06T06-49-37 slurping /var/lib/osg-ca-certs/certs-updater-status
2013-11-06T06-49-37 read 218 characters
2013-11-06T06-49-37 There has been a successful check in the last 24 hours.  Exiting.
2013-11-06T07-19-59 ######################################################################
2013-11-06T07-19-59 Starting up osg-update-certs
2013-11-06T07-19-59 Cert install dir = '/etc/grid-security'
2013-11-06T07-19-59 slurping /var/lib/osg-ca-certs/certs-updater-status
2013-11-06T07-19-59 read 218 characters
2013-11-06T07-19-59 There has been a successful check in the last 24 hours.  Exiting.
2013-11-06T08-12-58 ######################################################################
2013-11-06T08-12-58 Starting up osg-update-certs
2013-11-06T08-12-58 Cert install dir = '/etc/grid-security'
2013-11-06T08-12-58 slurping /var/lib/osg-ca-certs/certs-updater-status
2013-11-06T08-12-58 read 218 characters
2013-11-06T08-12-58 There has been a successful check in the last 24 hours.  Exiting.
2013-11-06T09-39-14 ######################################################################
2013-11-06T09-39-14 Starting up osg-update-certs
2013-11-06T09-39-14 Cert install dir = '/etc/grid-security'
2013-11-06T09-39-14 slurping /var/lib/osg-ca-certs/certs-updater-status
2013-11-06T09-39-14 read 218 characters
2013-11-06T09-39-14 There has been a successful check in the last 24 hours.  Exiting.
2013-11-06T10-15-10 ######################################################################
2013-11-06T10-15-10 Starting up osg-update-certs
2013-11-06T10-15-10 Cert install dir = '/etc/grid-security'
2013-11-06T10-15-10 slurping /var/lib/osg-ca-certs/certs-updater-status
2013-11-06T10-15-10 read 218 characters
2013-11-06T10-15-10 There has been a successful check in the last 24 hours.  Exiting.
2013-11-06T11-35-54 ######################################################################
2013-11-06T11-35-54 Starting up osg-update-certs
2013-11-06T11-35-54 Cert install dir = '/etc/grid-security'
2013-11-06T11-35-54 slurping /var/lib/osg-ca-certs/certs-updater-status
2013-11-06T11-35-54 read 218 characters
2013-11-06T11-35-54 There has been a successful check in the last 24 hours.  Exiting.
2013-11-06T12-48-57 ######################################################################
2013-11-06T12-48-57 Starting up osg-update-certs
2013-11-06T12-48-57 Cert install dir = '/etc/grid-security'
2013-11-06T12-48-57 slurping /var/lib/osg-ca-certs/certs-updater-status
2013-11-06T12-48-57 read 218 characters
2013-11-06T12-48-57 There has been a successful check in the last 24 hours.  Exiting.
2013-11-06T13-37-11 ######################################################################
2013-11-06T13-37-11 Starting up osg-update-certs
2013-11-06T13-37-11 Cert install dir = '/etc/grid-security'
2013-11-06T13-37-11 slurping /var/lib/osg-ca-certs/certs-updater-status
2013-11-06T13-37-11 read 218 characters
2013-11-06T13-37-11 There has been a successful check in the last 24 hours.  Exiting.
2013-11-06T14-27-11 ######################################################################
2013-11-06T14-27-11 Starting up osg-update-certs
2013-11-06T14-27-11 Cert install dir = '/etc/grid-security'
2013-11-06T14-27-11 slurping /var/lib/osg-ca-certs/certs-updater-status
2013-11-06T14-27-11 read 218 characters
2013-11-06T14-27-11 There has been a successful check in the last 24 hours.  Exiting.
2013-11-06T15-14-47 ######################################################################
2013-11-06T15-14-47 Starting up osg-update-certs
2013-11-06T15-14-47 Cert install dir = '/etc/grid-security'
2013-11-06T15-14-47 slurping /var/lib/osg-ca-certs/certs-updater-status
2013-11-06T15-14-47 read 218 characters
2013-11-06T15-14-47 There has been a successful check in the last 24 hours.  Exiting.
2013-11-06T16-32-17 ######################################################################
2013-11-06T16-32-17 Starting up osg-update-certs
2013-11-06T16-32-17 Cert install dir = '/etc/grid-security'
2013-11-06T16-32-17 slurping /var/lib/osg-ca-certs/certs-updater-status
2013-11-06T16-32-17 read 218 characters
2013-11-06T16-32-17 There has been a successful check in the last 24 hours.  Exiting.
2013-11-06T17-26-30 ######################################################################
2013-11-06T17-26-30 Starting up osg-update-certs
2013-11-06T17-26-30 Cert install dir = '/etc/grid-security'
2013-11-06T17-26-30 slurping /var/lib/osg-ca-certs/certs-updater-status
2013-11-06T17-26-30 read 218 characters
2013-11-06T17-26-30 There has been a successful check in the last 24 hours.  Exiting.
2013-11-06T18-37-32 ######################################################################
2013-11-06T18-37-32 Starting up osg-update-certs
2013-11-06T18-37-32 Cert install dir = '/etc/grid-security'
2013-11-06T18-37-32 slurping /var/lib/osg-ca-certs/certs-updater-status
2013-11-06T18-37-32 read 218 characters
2013-11-06T18-37-32 There has been a successful check in the last 24 hours.  Exiting.
2013-11-06T19-39-10 ######################################################################
2013-11-06T19-39-10 Starting up osg-update-certs
2013-11-06T19-39-10 Cert install dir = '/etc/grid-security'
2013-11-06T19-39-10 slurping /var/lib/osg-ca-certs/certs-updater-status
2013-11-06T19-39-10 read 218 characters
2013-11-06T19-39-10 There has been a successful check in the last 24 hours.  Exiting.
2013-11-06T20-47-20 ######################################################################
2013-11-06T20-47-20 Starting up osg-update-certs
2013-11-06T20-47-20 Cert install dir = '/etc/grid-security'
2013-11-06T20-47-20 slurping /var/lib/osg-ca-certs/certs-updater-status
2013-11-06T20-47-20 read 218 characters
2013-11-06T20-47-20 Temporary directory is '/tmp/osgcert-NTjBlQ'
2013-11-06T20-47-20 slurping /tmp/osgcert-NTjBlQ/wget.out
2013-11-06T20-47-20 read 461 characters
2013-11-06T20-47-20 --2013-11-06 20:47:20--  http://software.grid.iu.edu/pacman/cadist/ca-certs-version-new
2013-11-06T20-47-20 Resolving software.grid.iu.edu... 129.79.53.100
2013-11-06T20-47-20 Connecting to software.grid.iu.edu|129.79.53.100|:80... connected.
2013-11-06T20-47-20 HTTP request sent, awaiting response... 200 OK
2013-11-06T20-47-20 Length: 361 [text/plain]
2013-11-06T20-47-20 Saving to: `ca-certs-version-new'
2013-11-06T20-47-20 
2013-11-06T20-47-20      0K                                                       100% 38.3M=0s
2013-11-06T20-47-20 
2013-11-06T20-47-20 2013-11-06 20:47:20 (38.3 MB/s) - `ca-certs-version-new' saved [361/361]
2013-11-06T20-47-20 
2013-11-06T20-47-20 slurping /tmp/osgcert-NTjBlQ/ca-certs-version-new
2013-11-06T20-47-20 read 361 characters
2013-11-06T20-47-20 slurping /var/lib/osg-ca-certs/ca-certs-version
2013-11-06T20-47-20 read 8 characters
2013-11-06T20-47-20 Installed certs version appears to be '1.35NEW'
2013-11-06T20-47-20 No need to update the certificates: the installed version (1.35NEW) is current.
2013-11-06T20-47-20 Removing /tmp/osgcert-NTjBlQ
2013-11-06T20-47-20 INFO: No default hour defined, setting it to 23
2013-11-06T20-47-20 All done, exiting.
2013-11-06T21-49-42 ######################################################################
2013-11-06T21-49-42 Starting up osg-update-certs
2013-11-06T21-49-42 Cert install dir = '/etc/grid-security'
2013-11-06T21-49-42 slurping /var/lib/osg-ca-certs/certs-updater-status
2013-11-06T21-49-42 read 218 characters
2013-11-06T21-49-42 There has been a successful check in the last 24 hours.  Exiting.
2013-11-06T22-21-52 ######################################################################
2013-11-06T22-21-52 Starting up osg-update-certs
2013-11-06T22-21-52 Cert install dir = '/etc/grid-security'
2013-11-06T22-21-52 slurping /var/lib/osg-ca-certs/certs-updater-status
2013-11-06T22-21-52 read 218 characters
2013-11-06T22-21-52 There has been a successful check in the last 24 hours.  Exiting.
2013-11-06T23-46-34 ######################################################################
2013-11-06T23-46-34 Starting up osg-update-certs
2013-11-06T23-46-34 Cert install dir = '/etc/grid-security'
2013-11-06T23-46-34 slurping /var/lib/osg-ca-certs/certs-updater-status
2013-11-06T23-46-34 read 218 characters
2013-11-06T23-46-34 INFO: Checking for update because it is the default hour (23).
2013-11-06T23-46-34 Temporary directory is '/tmp/osgcert-fyEcSG'
2013-11-06T23-46-34 slurping /tmp/osgcert-fyEcSG/wget.out
2013-11-06T23-46-34 read 461 characters
2013-11-06T23-46-34 --2013-11-06 23:46:34--  http://software.grid.iu.edu/pacman/cadist/ca-certs-version-new
2013-11-06T23-46-34 Resolving software.grid.iu.edu... 129.79.53.100
2013-11-06T23-46-34 Connecting to software.grid.iu.edu|129.79.53.100|:80... connected.
2013-11-06T23-46-34 HTTP request sent, awaiting response... 200 OK
2013-11-06T23-46-34 Length: 361 [text/plain]
2013-11-06T23-46-34 Saving to: `ca-certs-version-new'
2013-11-06T23-46-34 
2013-11-06T23-46-34      0K                                                       100% 38.3M=0s
2013-11-06T23-46-34 
2013-11-06T23-46-34 2013-11-06 23:46:34 (38.3 MB/s) - `ca-certs-version-new' saved [361/361]
2013-11-06T23-46-34 
2013-11-06T23-46-34 slurping /tmp/osgcert-fyEcSG/ca-certs-version-new
2013-11-06T23-46-34 read 361 characters
2013-11-06T23-46-34 slurping /var/lib/osg-ca-certs/ca-certs-version
2013-11-06T23-46-34 read 8 characters
2013-11-06T23-46-34 Installed certs version appears to be '1.35NEW'
2013-11-06T23-46-34 No need to update the certificates: the installed version (1.35NEW) is current.
2013-11-06T23-46-34 Removing /tmp/osgcert-fyEcSG
2013-11-06T23-46-34 All done, exiting.
2013-11-07T00-12-35 ######################################################################
2013-11-07T00-12-35 Starting up osg-update-certs
2013-11-07T00-12-35 Cert install dir = '/etc/grid-security'
2013-11-07T00-12-35 slurping /var/lib/osg-ca-certs/certs-updater-status
2013-11-07T00-12-35 read 218 characters
2013-11-07T00-12-35 There has been a successful check in the last 24 hours.  Exiting.
2013-11-07T01-23-05 ######################################################################
2013-11-07T01-23-05 Starting up osg-update-certs
2013-11-07T01-23-05 Cert install dir = '/etc/grid-security'
2013-11-07T01-23-05 slurping /var/lib/osg-ca-certs/certs-updater-status
2013-11-07T01-23-05 read 218 characters
2013-11-07T01-23-05 There has been a successful check in the last 24 hours.  Exiting.
2013-11-07T02-48-48 ######################################################################
2013-11-07T02-48-48 Starting up osg-update-certs
2013-11-07T02-48-48 Cert install dir = '/etc/grid-security'
2013-11-07T02-48-48 slurping /var/lib/osg-ca-certs/certs-updater-status
2013-11-07T02-48-48 read 218 characters
2013-11-07T02-48-48 There has been a successful check in the last 24 hours.  Exiting.
2013-11-07T03-24-25 ######################################################################
2013-11-07T03-24-25 Starting up osg-update-certs
2013-11-07T03-24-25 Cert install dir = '/etc/grid-security'
2013-11-07T03-24-25 slurping /var/lib/osg-ca-certs/certs-updater-status
2013-11-07T03-24-25 read 218 characters
2013-11-07T03-24-25 There has been a successful check in the last 24 hours.  Exiting.
2013-11-07T04-50-31 ######################################################################
2013-11-07T04-50-31 Starting up osg-update-certs
2013-11-07T04-50-31 Cert install dir = '/etc/grid-security'
2013-11-07T04-50-31 slurping /var/lib/osg-ca-certs/certs-updater-status
2013-11-07T04-50-31 read 218 characters
2013-11-07T04-50-31 There has been a successful check in the last 24 hours.  Exiting.
2013-11-07T05-51-52 ######################################################################
2013-11-07T05-51-52 Starting up osg-update-certs
2013-11-07T05-51-52 Cert install dir = '/etc/grid-security'
2013-11-07T05-51-52 slurping /var/lib/osg-ca-certs/certs-updater-status
2013-11-07T05-51-52 read 218 characters
2013-11-07T05-51-52 There has been a successful check in the last 24 hours.  Exiting.
2013-11-07T06-32-24 ######################################################################
2013-11-07T06-32-24 Starting up osg-update-certs
2013-11-07T06-32-24 Cert install dir = '/etc/grid-security'
2013-11-07T06-32-24 slurping /var/lib/osg-ca-certs/certs-updater-status
2013-11-07T06-32-24 read 218 characters
2013-11-07T06-32-24 There has been a successful check in the last 24 hours.  Exiting.
2013-11-07T07-23-28 ######################################################################
2013-11-07T07-23-28 Starting up osg-update-certs
2013-11-07T07-23-28 Cert install dir = '/etc/grid-security'
2013-11-07T07-23-28 slurping /var/lib/osg-ca-certs/certs-updater-status
2013-11-07T07-23-28 read 218 characters
2013-11-07T07-23-28 There has been a successful check in the last 24 hours.  Exiting.
2013-11-07T08-28-38 ######################################################################
2013-11-07T08-28-38 Starting up osg-update-certs
2013-11-07T08-28-38 Cert install dir = '/etc/grid-security'
2013-11-07T08-28-38 slurping /var/lib/osg-ca-certs/certs-updater-status
2013-11-07T08-28-38 read 218 characters
2013-11-07T08-28-38 There has been a successful check in the last 24 hours.  Exiting.
2013-11-07T09-18-19 ######################################################################
2013-11-07T09-18-19 Starting up osg-update-certs
2013-11-07T09-18-19 Cert install dir = '/etc/grid-security'
2013-11-07T09-18-19 slurping /var/lib/osg-ca-certs/certs-updater-status
2013-11-07T09-18-19 read 218 characters
2013-11-07T09-18-19 There has been a successful check in the last 24 hours.  Exiting.
2013-11-07T10-43-47 ######################################################################
2013-11-07T10-43-47 Starting up osg-update-certs
2013-11-07T10-43-47 Cert install dir = '/etc/grid-security'
2013-11-07T10-43-47 slurping /var/lib/osg-ca-certs/certs-updater-status
2013-11-07T10-43-47 read 218 characters
2013-11-07T10-43-47 There has been a successful check in the last 24 hours.  Exiting.
2013-11-07T11-15-31 ######################################################################
2013-11-07T11-15-31 Starting up osg-update-certs
2013-11-07T11-15-31 Cert install dir = '/etc/grid-security'
2013-11-07T11-15-31 slurping /var/lib/osg-ca-certs/certs-updater-status
2013-11-07T11-15-31 read 218 characters
2013-11-07T11-15-31 There has been a successful check in the last 24 hours.  Exiting.
2013-11-07T12-16-03 ######################################################################
2013-11-07T12-16-03 Starting up osg-update-certs
2013-11-07T12-16-03 Cert install dir = '/etc/grid-security'
2013-11-07T12-16-03 slurping /var/lib/osg-ca-certs/certs-updater-status
2013-11-07T12-16-03 read 218 characters
2013-11-07T12-16-03 There has been a successful check in the last 24 hours.  Exiting.
2013-11-07T13-49-16 ######################################################################
2013-11-07T13-49-16 Starting up osg-update-certs
2013-11-07T13-49-16 Cert install dir = '/etc/grid-security'
2013-11-07T13-49-16 slurping /var/lib/osg-ca-certs/certs-updater-status
2013-11-07T13-49-16 read 218 characters
2013-11-07T13-49-16 There has been a successful check in the last 24 hours.  Exiting.
2013-11-07T14-50-15 ######################################################################
2013-11-07T14-50-15 Starting up osg-update-certs
2013-11-07T14-50-15 Cert install dir = '/etc/grid-security'
2013-11-07T14-50-15 slurping /var/lib/osg-ca-certs/certs-updater-status
2013-11-07T14-50-15 read 218 characters
2013-11-07T14-50-15 There has been a successful check in the last 24 hours.  Exiting.
2013-11-07T15-18-27 ######################################################################
2013-11-07T15-18-27 Starting up osg-update-certs
2013-11-07T15-18-27 Cert install dir = '/etc/grid-security'
2013-11-07T15-18-27 slurping /var/lib/osg-ca-certs/certs-updater-status
2013-11-07T15-18-28 read 218 characters
2013-11-07T15-18-28 There has been a successful check in the last 24 hours.  Exiting.
2013-11-07T16-50-07 ######################################################################
2013-11-07T16-50-07 Starting up osg-update-certs
2013-11-07T16-50-07 Cert install dir = '/etc/grid-security'
2013-11-07T16-50-07 slurping /var/lib/osg-ca-certs/certs-updater-status
2013-11-07T16-50-07 read 218 characters
2013-11-07T16-50-07 There has been a successful check in the last 24 hours.  Exiting.
2013-11-07T17-21-30 ######################################################################
2013-11-07T17-21-30 Starting up osg-update-certs
2013-11-07T17-21-30 Cert install dir = '/etc/grid-security'
2013-11-07T17-21-30 slurping /var/lib/osg-ca-certs/certs-updater-status
2013-11-07T17-21-30 read 218 characters
2013-11-07T17-21-30 There has been a successful check in the last 24 hours.  Exiting.
2013-11-07T18-29-18 ######################################################################
2013-11-07T18-29-18 Starting up osg-update-certs
2013-11-07T18-29-18 Cert install dir = '/etc/grid-security'
2013-11-07T18-29-18 slurping /var/lib/osg-ca-certs/certs-updater-status
2013-11-07T18-29-18 read 218 characters
2013-11-07T18-29-18 There has been a successful check in the last 24 hours.  Exiting.
2013-11-07T18-46-34 ######################################################################
2013-11-07T18-46-34 Starting up osg-update-certs
2013-11-07T18-46-34 Cert install dir = '/etc/grid-security'
2013-11-07T18-46-34 slurping /var/lib/osg-ca-certs/certs-updater-status
2013-11-07T18-46-34 read 218 characters
2013-11-07T18-46-34 Temporary directory is '/tmp/osgcert-s2ODFJ'
2013-11-07T18-46-35 slurping /tmp/osgcert-s2ODFJ/wget.out
2013-11-07T18-46-35 read 507 characters
2013-11-07T18-46-35 --2013-11-07 18:46:35--  http://software.grid.iu.edu/pacman/cadist/ca-certs-version-new
2013-11-07T18-46-35 Resolving software.grid.iu.edu (software.grid.iu.edu)... 129.79.53.100
2013-11-07T18-46-35 Connecting to software.grid.iu.edu (software.grid.iu.edu)|129.79.53.100|:80... connected.
2013-11-07T18-46-35 HTTP request sent, awaiting response... 200 OK
2013-11-07T18-46-35 Length: 361 [text/plain]
2013-11-07T18-46-35 Saving to: `ca-certs-version-new'
2013-11-07T18-46-35 
2013-11-07T18-46-35      0K                                                       100% 43.0M=0s
2013-11-07T18-46-35 
2013-11-07T18-46-35 2013-11-07 18:46:35 (43.0 MB/s) - `ca-certs-version-new' saved [361/361]
2013-11-07T18-46-35 
2013-11-07T18-46-35 slurping /tmp/osgcert-s2ODFJ/ca-certs-version-new
2013-11-07T18-46-35 read 361 characters
2013-11-07T18-46-35 slurping /var/lib/osg-ca-certs/ca-certs-version
2013-11-07T18-46-35 read 8 characters
2013-11-07T18-46-35 Installed certs version appears to be '1.35NEW'
2013-11-07T18-46-35 Installed certs version (1.35NEW) is up to date.
2013-11-07T18-46-35 Will install new version anyways because --force is specified.
2013-11-07T18-46-35 Fetching certificate tarball from http://software.grid.iu.edu/pacman/cadist/ca-certs-version-new
2013-11-07T18-46-35    ... will fetch into /tmp/osgcert-s2ODFJ/osg-certificates-1.35NEW.tar.gz:
2013-11-07T18-46-35 slurping /tmp/osgcert-s2ODFJ/wget.out
2013-11-07T18-46-35 read 803 characters
2013-11-07T18-46-35 --2013-11-07 18:46:35--  http://software.grid.iu.edu/pacman/cadist/1.35NEW/osg-certificates-1.35NEW.tar.gz
2013-11-07T18-46-35 Resolving software.grid.iu.edu (software.grid.iu.edu)... 129.79.53.100
2013-11-07T18-46-35 Connecting to software.grid.iu.edu (software.grid.iu.edu)|129.79.53.100|:80... connected.
2013-11-07T18-46-35 HTTP request sent, awaiting response... 200 OK
2013-11-07T18-46-35 Length: 170893 (167K) [application/x-gzip]
2013-11-07T18-46-35 Saving to: `osg-certificates-1.35NEW.tar.gz'
2013-11-07T18-46-35 
2013-11-07T18-46-35      0K .......... .......... .......... .......... .......... 29% 1.15M 0s
2013-11-07T18-46-35     50K .......... .......... .......... .......... .......... 59% 4.47M 0s
2013-11-07T18-46-35    100K .......... .......... .......... .......... .......... 89% 4.21M 0s
2013-11-07T18-46-35    150K .......... ......                                     100%  300M=0.07s
2013-11-07T18-46-35 
2013-11-07T18-46-35 2013-11-07 18:46:35 (2.50 MB/s) - `osg-certificates-1.35NEW.tar.gz' saved [170893/170893]
2013-11-07T18-46-35 
2013-11-07T18-46-35 Tarball seems uncorrupted: MD5 checksum is f009377f0ca1edac733bd14969b814f3
2013-11-07T18-46-35 install_directory = /etc/grid-security
2013-11-07T18-46-35 Downloading the same version of certificates, because ... 
2013-11-07T18-46-35  ... you explicitly requested it with --force.
2013-11-07T18-46-35 Will unpack cert download into '/tmp/certs-unpack-oycgBe'
2013-11-07T18-46-35 Moving cert download into '/etc/grid-security/certificates-1.35NEW.force'
2013-11-07T18-46-35 No excludes requested.
2013-11-07T18-46-35 No includes requested.
2013-11-07T18-46-35 Preserving CRL 09ff08b7.r0
2013-11-07T18-46-35 Preserving CRL 0a12b607.r0
2013-11-07T18-46-35 Preserving CRL 0a2bac92.r0
2013-11-07T18-46-35 Preserving CRL 0a49430a.r0
2013-11-07T18-46-35 Preserving CRL 10718cba.r0
2013-11-07T18-46-35 Preserving CRL 1149214e.r0
2013-11-07T18-46-35 Preserving CRL 11b4a5a2.r0
2013-11-07T18-46-35 Preserving CRL 126f0acf.r0
2013-11-07T18-46-35 Preserving CRL 163af95c.r0
2013-11-07T18-46-35 Preserving CRL 1691b9ba.r0
2013-11-07T18-46-35 Preserving CRL 169d7f9c.r0
2013-11-07T18-46-35 Preserving CRL 16da7552.r0
2013-11-07T18-46-35 Preserving CRL 1b6f5ede.r0
2013-11-07T18-46-35 Preserving CRL 1c3f2ca8.r0
2013-11-07T18-46-35 Preserving CRL 1d879c6c.r0
2013-11-07T18-46-35 Preserving CRL 1e12d831.r0
2013-11-07T18-46-35 Preserving CRL 1f0e8352.r0
2013-11-07T18-46-35 Preserving CRL 1f3834d0.r0
2013-11-07T18-46-35 Preserving CRL 20ce830e.r0
2013-11-07T18-46-35 Preserving CRL 2418a3f3.r0
2013-11-07T18-46-35 Preserving CRL 24c3ccde.r0
2013-11-07T18-46-35 Preserving CRL 2694e4f2.r0
2013-11-07T18-46-35 Preserving CRL 28a58577.r0
2013-11-07T18-46-35 Preserving CRL 295adc19.r0
2013-11-07T18-46-35 Preserving CRL 2a237f16.r0
2013-11-07T18-46-35 Preserving CRL 2f3fadf6.r0
2013-11-07T18-46-35 Preserving CRL 3232b9bc.r0
2013-11-07T18-46-35 Preserving CRL 38f7145f.r0
2013-11-07T18-46-35 Preserving CRL 393f7863.r0
2013-11-07T18-46-35 Preserving CRL 39d30eba.r0
2013-11-07T18-46-35 Preserving CRL 3c58f906.r0
2013-11-07T18-46-35 Preserving CRL 3d5be7bc.r0
2013-11-07T18-46-35 Preserving CRL 3f0f4285.r0
2013-11-07T18-46-35 Preserving CRL 4339b4bc.r0
2013-11-07T18-46-35 Preserving CRL 468d15b3.r0
2013-11-07T18-46-35 Preserving CRL 4798da47.r0
2013-11-07T18-46-35 Preserving CRL 4a96b1ea.r0
2013-11-07T18-46-35 Preserving CRL 4b2783ac.r0
2013-11-07T18-46-35 Preserving CRL 55994d72.r0
2013-11-07T18-46-35 Preserving CRL 5cf9d536.r0
2013-11-07T18-46-35 Preserving CRL 5e15f3bd.r0
2013-11-07T18-46-35 Preserving CRL 617ff41b.r0
2013-11-07T18-46-35 Preserving CRL 679cff61.r0
2013-11-07T18-46-35 Preserving CRL 67e8acfa.r0
2013-11-07T18-46-35 Preserving CRL 69105f4f.r0
2013-11-07T18-46-35 Preserving CRL 6e3b436b.r0
2013-11-07T18-46-35 Preserving CRL 6fee79b0.r0
2013-11-07T18-46-35 Preserving CRL 709bed08.r0
2013-11-07T18-46-35 Preserving CRL 712ae4cc.r0
2013-11-07T18-46-35 Preserving CRL 71a89a47.r0
2013-11-07T18-46-35 Preserving CRL 722e5071.r0
2013-11-07T18-46-35 Preserving CRL 742edd45.r0
2013-11-07T18-46-35 Preserving CRL 74c6eaeb.r0
2013-11-07T18-46-35 Preserving CRL 75680d2e.r0
2013-11-07T18-46-35 Preserving CRL 7721d4d3.r0
2013-11-07T18-46-35 Preserving CRL 7b54708e.r0
2013-11-07T18-46-35 Preserving CRL 7d0d064a.r0
2013-11-07T18-46-35 Preserving CRL 82b36fca.r0
2013-11-07T18-46-35 Preserving CRL 8a047de1.r0
2013-11-07T18-46-35 Preserving CRL 8a661490.r0
2013-11-07T18-46-35 Preserving CRL 95009ddc.r0
2013-11-07T18-46-35 Preserving CRL 98ef0ee5.r0
2013-11-07T18-46-35 Preserving CRL 99f9f5a3.r0
2013-11-07T18-46-35 Preserving CRL 9b95bbf2.r0
2013-11-07T18-46-35 Preserving CRL 9cd75e87.r0
2013-11-07T18-46-35 Preserving CRL 9dd23746.r0
2013-11-07T18-46-35 Preserving CRL 9ec3a561.r0
2013-11-07T18-46-35 Preserving CRL 9ff26ea4.r0
2013-11-07T18-46-35 Preserving CRL a02131f7.r0
2013-11-07T18-46-35 Preserving CRL a317c467.r0
2013-11-07T18-46-35 Preserving CRL a87d9192.r0
2013-11-07T18-46-35 Preserving CRL a9082267.r0
2013-11-07T18-46-35 Preserving CRL afe55e66.r0
2013-11-07T18-46-35 Preserving CRL b2771d44.r0
2013-11-07T18-46-35 Preserving CRL b3222f9e.r0
2013-11-07T18-46-35 Preserving CRL b4278411.r0
2013-11-07T18-46-35 Preserving CRL b7bcb7b2.r0
2013-11-07T18-46-35 Preserving CRL b93d6240.r0
2013-11-07T18-46-35 Preserving CRL ba2f39ca.r0
2013-11-07T18-46-35 Preserving CRL bffbd7d0.r0
2013-11-07T18-46-35 Preserving CRL c48c63f3.r0
2013-11-07T18-46-35 Preserving CRL c7a717ce.r0
2013-11-07T18-46-35 Preserving CRL cc800af0.r0
2013-11-07T18-46-35 Preserving CRL ce33db76.r0
2013-11-07T18-46-35 Preserving CRL d0b701c0.r0
2013-11-07T18-46-35 Preserving CRL d0c2a341.r0
2013-11-07T18-46-35 Preserving CRL d11f973e.r0
2013-11-07T18-46-35 Preserving CRL d1b603c3.r0
2013-11-07T18-46-35 Preserving CRL d254cc30.r0
2013-11-07T18-46-35 Preserving CRL d33760ec.r0
2013-11-07T18-46-35 Preserving CRL da75f6a8.r0
2013-11-07T18-46-35 Preserving CRL dc75341f.r0
2013-11-07T18-46-35 Preserving CRL dd4b34ea.r0
2013-11-07T18-46-35 Preserving CRL e13e0fcf.r0
2013-11-07T18-46-35 Preserving CRL e72045ce.r0
2013-11-07T18-46-35 Preserving CRL e8d818e6.r0
2013-11-07T18-46-35 Preserving CRL edca0fc0.r0
2013-11-07T18-46-35 Preserving CRL f2e89fe3.r0
2013-11-07T18-46-35 Preserving CRL f5ead794.r0
2013-11-07T18-46-35 Preserving CRL fc1898ec.r0
2013-11-07T18-46-35 Preserving CRL ff783690.r0
2013-11-07T18-46-35 Preserving CRL ff94d436.r0
2013-11-07T18-46-35 Preserving CRL ffc3d59b.r0
2013-11-07T18-46-35 Atomically installing certificates
2013-11-07T18-46-35 Backing up last certificates to certificates-1.35NEW.tmp
2013-11-07T18-46-35 Removing old certificates directory: 'certificates-1.35NEW.old'
2013-11-07T18-46-35 Backing up last certificates to certificates-1.35NEW.old
2013-11-07T18-46-35 Removing /tmp/osgcert-s2ODFJ
2013-11-07T18-46-35 All done, exiting.
