Running metric org.osg.srm.srmping (1 of 16)

metricName: org.osg.srm.srmping
metricType: status
timestamp: 2012-09-27 17:03:32 CDT
metricStatus: CRITICAL
serviceType: OSG-SRM
serviceURI: kodiak-se.baylor.edu:8443
gatheredAt: kodiak-ce.baylor.edu
summaryData: CRITICAL
detailsData: SRM server running at kodiak-se.baylor.edu:8443 is not responding to the srm-ping command.
Output from srm-ping:
srm-ping   2.2.2.2.1  Wed May  9 09:46:08 PDT 2012
BeStMan and SRM-Clients Copyright(c) 2007-2012,
Lawrence Berkeley National Laboratory. All rights reserved.
Support at SRM@LBL.GOV and documents at http://sdm.lbl.gov/bestman

  
Built on dm.lbl.gov 128.3.30.104 at 05/09/2012 09:49:24 PDT
       
Built on ${myhost.NAME}.${myhost.DOMAIN} ${myhost.ADDR4} at 07/25/2012 16:05:58 CDT
     
##############################################################
# SRM_HOME = /etc/bestman2
# BESTMAN_LIB = /usr/share/java/bestman2
# JAVA_HOME = /usr/java/latest
java version "1.6.0_35"
Java(TM) SE Runtime Environment (build 1.6.0_35-b10)
Java HotSpot(TM) 64-Bit Server VM (build 20.10-b01, mixed mode)

# BESTMAN_SYSCONF = /etc/sysconfig/bestman2
##############################################################
#################################################################
# BeStMan and BeStMan Clients Copyright(c) 2007-2011,
# Lawrence Berkeley National Laboratory. All rights reserved.
# Support at SRM@LBL.GOV and documents at http://sdm.lbl.gov/bestman
#################################################################
#
# BESTMAN_SYSCONF contains both external env settings and internal definitions
#
#################################################################
# Below is ONLY for ESTERNAL env settings
#################################################################
#
#
# Initialization
SRM_HOME=/etc/bestman2
BESTMAN_SYSCONF=/etc/sysconfig/bestman2
BESTMAN2_CONF=/etc/bestman2/conf/bestman2.rc
JAVA_HOME=/usr/java/latest
#
#
# BeStMan2 server system init variables
BESTMAN_LOG=/var/log/bestman2/bestman2.log
BESTMAN_PID=/var/run/bestman2.pid
BESTMAN_LOCK=/var/lock/bestman2
SRM_OWNER=bestman
#
#
# BeStMan2 server and clients common variables
BESTMAN_LIB=/usr/share/java/bestman2
X509_CERT_DIR=/etc/grid-security/certificates
# GLOBUS_HOSTNAME=
# GLOBUS_LOCATION=
# GLOBUS_TCP_PORT_RANGE=
# GLOBUS_TCP_SOURCE_RANGE=
# VOMSDIR=
# BESTMAN_JAVA_SRM_OTHER_OPTS=
#
#
# BeStMan2 server variables
BESTMAN_MAX_JAVA_HEAP=1024
# BESTMAN_JAVA_STACK_SIZE=
# BESTMAN_EVENT_LOG_COUNT=
# BESTMAN_EVENT_LOG_SIZE=
# BESTMAN_CONNECTOR_QUEUESIZE=
# BESTMAN_CONNECTION_ACCEPTORSIZE=
BESTMAN_GUMSCERTPATH=/etc/grid-security/bestman/bestmancert.pem
BESTMAN_GUMSKEYPATH=/etc/grid-security/bestman/bestmankey.pem
# BESTMAN_GUMSPROXYPATH=
# BESTMAN_PLUGIN=
# BESTMAN_EXTRALIB=
BESTMAN_GUMS_ENABLED=yes
JETTY_DEBUG_ENABLED=no
BESTMAN_GATEWAYMODE_ENABLED=yes
BESTMAN_FULLMODE_ENABLED=no
#
#
# BeStMan2 clients variables
JAVA_CLIENT_MAX_HEAP=512
JAVA_CLIENT_MIN_HEAP=32
# JAVA_CLIENT_STACK_SIZE=
#################################################################
BESTMAN2_SERVER_LIB=.
# Axis and related dependencies
BESTMAN2_SERVER_LIB=$BESTMAN2_SERVER_LIB:$(build-classpath axis wsdl4j commons-discovery commons-logging bestman2/axis)
# GUMS and related deps
BESTMAN2_SERVER_LIB=$BESTMAN2_SERVER_LIB:$(build-classpath commons-collections joda-time vomsjapi glite-security-trustmanager glite-security-util-java xalan-j2 bestman2/gums2)
# Jetty JARs
BESTMAN2_SERVER_LIB=$BESTMAN2_SERVER_LIB:$(build-classpath bestman2/jetty)
# jglobus JARs
BESTMAN2_SERVER_LIB=$BESTMAN2_SERVER_LIB:$(build-classpath puretls cryptix cryptix-asn1 bcprov-1.33 log4j cog-jglobus cog-jglobus-axis)
# Remainder odds-n-ends
BESTMAN2_SERVER_LIB=$BESTMAN2_SERVER_LIB:$(build-classpath bestman2/others)

BESTMAN2_CLIENT_LIB=.:/usr/share/java/bestman2/jglobus/cog-axis-1.8.0.jar
BESTMAN2_CLIENT_LIB=$BESTMAN2_CLIENT_LIB:$(build-classpath axis wsdl4j commons-discovery commons-logging bestman2/axis log4j)
BESTMAN2_CLIENT_LIB=$BESTMAN2_CLIENT_LIB:$(build-classpath bcprov-1.33 cog-jglobus cog-jglobus-axis cryptix cryptix-asn1 puretls)


#################################################################
##############################################################
# X509_USER_PROXY = /tmp/rsvproxy
##############################################################

Parsing config file /etc/bestman2/conf/srmclient.conf
Exception in thread "main" java.lang.NoClassDefFoundError: org/globus/gsi/OpenSSLKey
	at gov.lbl.srm.client.main.SRMClientPing.<init>(SRMClientPing.java:278)
	at gov.lbl.srm.client.main.SRMClientPing.main(SRMClientPing.java:857)
Caused by: java.lang.ClassNotFoundException: org.globus.gsi.OpenSSLKey
	at java.net.URLClassLoader$1.run(URLClassLoader.java:202)
	at java.security.AccessController.doPrivileged(Native Method)
	at java.net.URLClassLoader.findClass(URLClassLoader.java:190)
	at java.lang.ClassLoader.loadClass(ClassLoader.java:306)
	at sun.misc.Launcher$AppClassLoader.loadClass(Launcher.java:301)
	at java.lang.ClassLoader.loadClass(ClassLoader.java:247)
	... 2 more


EOT


Running metric org.osg.srm.srmcp-readwrite (2 of 16)

metricName: org.osg.srm.srmcp-readwrite
metricType: status
timestamp: 2012-09-27 17:03:32 CDT
metricStatus: CRITICAL
serviceType: OSG-SRM
serviceURI: kodiak-se.baylor.edu:8443
gatheredAt: kodiak-ce.baylor.edu
summaryData: CRITICAL
detailsData: Failed to transfer file to remote server.
Command: srm-copy file:///usr/share/rsv/probe-helper-files/storage-probe-test-file srm://kodiak-se.baylor.edu:8443/srm/v2/server?SFN=/data3/bestman_cache/storage-probe-test-file.1348783412.28508 2>&1
Output from srm-copy:
srm-copy   2.2.2.2.1  Wed May  9 09:46:08 PDT 2012
BeStMan and SRM-Clients Copyright(c) 2007-2012,
Lawrence Berkeley National Laboratory. All rights reserved.
Support at SRM@LBL.GOV and documents at http://sdm.lbl.gov/bestman

  
Built on dm.lbl.gov 128.3.30.104 at 05/09/2012 09:49:24 PDT
       
Built on ${myhost.NAME}.${myhost.DOMAIN} ${myhost.ADDR4} at 07/25/2012 16:05:58 CDT
     
Exception in thread "main" java.lang.NoClassDefFoundError: org/globus/gsi/OpenSSLKey
	at gov.lbl.srm.client.main.SRMClientN.<init>(SRMClientN.java:818)
	at gov.lbl.srm.client.main.SRMClientN.main(SRMClientN.java:5430)
Caused by: java.lang.ClassNotFoundException: org.globus.gsi.OpenSSLKey
	at java.net.URLClassLoader$1.run(URLClassLoader.java:202)
	at java.security.AccessController.doPrivileged(Native Method)
	at java.net.URLClassLoader.findClass(URLClassLoader.java:190)
	at java.lang.ClassLoader.loadClass(ClassLoader.java:306)
	at sun.misc.Launcher$AppClassLoader.loadClass(Launcher.java:301)
	at java.lang.ClassLoader.loadClass(ClassLoader.java:247)
	... 2 more


EOT


Running metric org.osg.globus.gridftp-simple (3 of 16)

metricName: org.osg.globus.gridftp-simple
metricType: status
timestamp: 2012-09-27 17:04:03 CDT
metricStatus: OK
serviceType: OSG-GridFTP
serviceURI: kodiak-se.baylor.edu
gatheredAt: kodiak-ce.baylor.edu
summaryData: OK
detailsData: Successful transfer to remote host.
Successful transfer from remote host.
Original file and received file are identical.

EOT


Running metric org.osg.gratia.gridftp-transfer (4 of 16)

metricName: org.osg.gratia.gridftp-transfer
metricType: status
timestamp: 2012-09-27 17:04:23 CDT
metricStatus: OK
serviceType: OSG-CE
serviceURI: kodiak-ce.baylor.edu
gatheredAt: kodiak-ce.baylor.edu
summaryData: OK
detailsData: 0
0 records waiting to be re-sent to gratia-osg-transfer.opensciencegrid.org:80 in 0 files (including 0 archive files).
29 files in data folder /var/lib/gratia/data.
Probe gridftp-transfer:kodiak-ce.baylor.edu has sent data to Gratia collector within the last hour.
Configured site name (Baylor-Tier3) for probe gridftp-transfer:kodiak-ce.baylor.edu matches Gratia translation.


EOT


Running metric org.osg.certificates.cacert-expiry (5 of 16)

metricName: org.osg.certificates.cacert-expiry
metricType: status
timestamp: 2012-09-27 17:04:43 CDT
metricStatus: OK
serviceType: OSG-CE
serviceURI: kodiak-ce.baylor.edu
gatheredAt: kodiak-ce.baylor.edu
summaryData: OK
detailsData: OK: CAs are in sync with OSG distribution

2012-09-27T22:04:32Z


EOT


Running metric org.osg.gratia.metric (6 of 16)

metricName: org.osg.gratia.metric
metricType: status
timestamp: 2012-09-27 17:05:04 CDT
metricStatus: OK
serviceType: OSG-CE
serviceURI: kodiak-ce.baylor.edu
gatheredAt: kodiak-ce.baylor.edu
summaryData: OK
detailsData: 0
0 records waiting to be re-sent to rsv.grid.iu.edu:8880 in 0 files (including 0 archive files).
0 files in data folder /var/log/gratia/rsv/data.
Probe metric:kodiak-ce.baylor.edu has sent data to Gratia collector within the last hour.


EOT


Running metric org.osg.certificates.crl-expiry (7 of 16)

metricName: org.osg.certificates.crl-expiry
metricType: status
timestamp: 2012-09-27 17:05:24 CDT
metricStatus: WARNING
serviceType: OSG-CE
serviceURI: kodiak-ce.baylor.edu
gatheredAt: kodiak-ce.baylor.edu
summaryData: WARNING
detailsData: WARNING: 104 CRLs tested.
	0 had not been updated for at least 72 hours;
	1 CRLs have not been updated for at least 9 hours;
	103 CRLs have been updated with the last 9 hours.

2012-09-27T22:05:12Z
WARNING: CRL file for CA with hash d33760ec has not been updated since 2012/09/26 06:28:45

EOT


Running metric org.osg.globus.gram-authentication (8 of 16)

metricName: org.osg.globus.gram-authentication
metricType: status
timestamp: 2012-09-27 17:05:24 CDT
metricStatus: OK
serviceType: OSG-CE
serviceURI: kodiak-ce.baylor.edu
gatheredAt: kodiak-ce.baylor.edu
summaryData: OK
detailsData: Output from globusrun -a -r kodiak-ce.baylor.edu:

GRAM Authentication test successful


EOT


Running metric org.osg.gratia.pbs (9 of 16)

metricName: org.osg.gratia.pbs
metricType: status
timestamp: 2012-09-27 17:05:44 CDT
metricStatus: CRITICAL
serviceType: OSG-CE
serviceURI: kodiak-ce.baylor.edu
gatheredAt: kodiak-ce.baylor.edu
summaryData: CRITICAL
detailsData: 2
0 records waiting to be re-sent to gratia-osg-prod.opensciencegrid.org:80 in 0 files (including 0 archive files).
29 files in data folder /var/lib/gratia/data.
ERROR: Probe pbs:kodiak-ce.baylor.edu has never been seen by Gratia collector gratia-osg-prod.opensciencegrid.org:80


EOT


Running metric org.osg.general.osg-version (10 of 16)

metricName: org.osg.general.osg-version
metricType: status
timestamp: 2012-09-27 17:06:04 CDT
metricStatus: OK
serviceType: OSG-CE
serviceURI: kodiak-ce.baylor.edu
gatheredAt: kodiak-ce.baylor.edu
summaryData: OK
detailsData: OSG 3.1.9

EOT


Running metric org.osg.local.httpcert-expiry (11 of 16)

metricName: org.osg.local.httpcert-expiry
metricType: status
timestamp: 2012-09-27 17:06:04 CDT
metricStatus: OK
serviceType: OSG-Local-Monitor
serviceURI: kodiak-ce.baylor.edu
gatheredAt: kodiak-ce.baylor.edu
summaryData: OK
detailsData: Certificate '/etc/grid-security/http/httpcert.pem' is valid for at least 168 more hours.

EOT


Running metric org.osg.batch.jobmanagers-available (12 of 16)

metricName: org.osg.batch.jobmanagers-available
metricType: status
timestamp: 2012-09-27 17:06:24 CDT
metricStatus: OK
serviceType: OSG-CE
serviceURI: kodiak-ce.baylor.edu
gatheredAt: kodiak-ce.baylor.edu
summaryData: OK
detailsData: Available job managers are: fork.pm pbs.pm

EOT


Running metric org.osg.general.osg-directories-CE-permissions (13 of 16)

metricName: org.osg.general.osg-directories-CE-permissions
metricType: status
timestamp: 2012-09-27 17:06:44 CDT
metricStatus: OK
serviceType: OSG-CE
serviceURI: kodiak-ce.baylor.edu
gatheredAt: kodiak-ce.baylor.edu
summaryData: OK
detailsData: 

The OSG_DATA directory (/data3/osg_data) has correct permissions.
Found: 1777
Required: 77[75] (this is a regular expression)

The OSG_APP directory (/data3/osg_vo_app) has correct permissions.
Found: 0755
Required: 7[75][75] (this is a regular expression)



EOT


Running metric org.osg.local.hostcert-expiry (14 of 16)

metricName: org.osg.local.hostcert-expiry
metricType: status
timestamp: 2012-09-27 17:06:44 CDT
metricStatus: OK
serviceType: OSG-Local-Monitor
serviceURI: kodiak-ce.baylor.edu
gatheredAt: kodiak-ce.baylor.edu
summaryData: OK
detailsData: Certificate '/etc/grid-security/hostcert.pem' is valid for at least 168 more hours.

EOT


Running metric org.osg.general.ping-host (15 of 16)

metricName: org.osg.general.ping-host
metricType: status
timestamp: 2012-09-27 17:06:45 CDT
metricStatus: OK
serviceType: OSG-CE
serviceURI: kodiak-ce.baylor.edu
gatheredAt: kodiak-ce.baylor.edu
summaryData: OK
detailsData: Host kodiak-ce.baylor.edu is alive and responding to pings.

EOT


Running metric org.osg.general.vo-supported (16 of 16)

metricName: org.osg.general.vo-supported
metricType: status
timestamp: 2012-09-27 17:07:05 CDT
metricStatus: OK
serviceType: OSG-CE
serviceURI: kodiak-ce.baylor.edu
gatheredAt: kodiak-ce.baylor.edu
summaryData: OK
detailsData: # List of VOs this site claims to support 

EOT
