2012-03-28 16:01:13.519Z - INFO [VOMSService] - VOMS-Admin starting for VO: dzero
2012-03-28 16:01:17.736Z - INFO [VOMSExecutorService] - Scheduling task UpdateCATask with period: 1800 seconds
2012-03-28 16:01:17.740Z - INFO [VOMSExecutorService] - Scheduling task TaskStatusUpdater with period: 30 seconds
2012-03-28 16:01:17.741Z - INFO [VOMSExecutorService] - Scheduling task ExpiredRequestsPurgerTask with period: 300 seconds
2012-03-28 16:01:20.450Z - INFO [VOMSExecutorService] - Scheduling task MembershipCheckerTask with period: 300 seconds
2012-03-28 16:01:20.450Z - INFO [VOMSService] - VOMS-Admin started succesfully.
2012-03-28 16:01:20.690Z - ERROR [Dispatcher] - Dispatcher initialization failed
com.opensymphony.xwork2.config.ConfigurationException: Unable to load configuration.
	at com.opensymphony.xwork2.config.ConfigurationManager.getConfiguration(ConfigurationManager.java:69) [xwork-core-2.2.1.jar:2.2.1]
	at org.apache.struts2.dispatcher.Dispatcher.init_PreloadConfiguration(Dispatcher.java:371) [struts2-core-2.2.1.jar:2.2.1]
	at org.apache.struts2.dispatcher.Dispatcher.init(Dispatcher.java:415) [struts2-core-2.2.1.jar:2.2.1]
	at org.apache.struts2.dispatcher.ng.InitOperations.initDispatcher(InitOperations.java:69) [struts2-core-2.2.1.jar:2.2.1]
	at org.apache.struts2.dispatcher.ng.filter.StrutsPrepareAndExecuteFilter.init(StrutsPrepareAndExecuteFilter.java:51) [struts2-core-2.2.1.jar:2.2.1]
	at org.apache.catalina.core.ApplicationFilterConfig.getFilter(ApplicationFilterConfig.java:221) [catalina-5.5.23.jar:na]
	at org.apache.catalina.core.ApplicationFilterConfig.setFilterDef(ApplicationFilterConfig.java:302) [catalina-5.5.23.jar:na]
	at org.apache.catalina.core.ApplicationFilterConfig.<init>(ApplicationFilterConfig.java:78) [catalina-5.5.23.jar:na]
	at org.apache.catalina.core.StandardContext.filterStart(StandardContext.java:3635) [catalina-5.5.23.jar:na]
	at org.apache.catalina.core.StandardContext.start(StandardContext.java:4218) [catalina-5.5.23.jar:na]
	at org.apache.catalina.core.ContainerBase.addChildInternal(ContainerBase.java:760) [catalina-5.5.23.jar:na]
	at org.apache.catalina.core.ContainerBase.addChild(ContainerBase.java:740) [catalina-5.5.23.jar:na]
	at org.apache.catalina.core.StandardHost.addChild(StandardHost.java:544) [catalina-5.5.23.jar:na]
	at org.apache.catalina.startup.HostConfig.deployDescriptor(HostConfig.java:634) [catalina-5.5.23.jar:na]
	at org.apache.catalina.startup.HostConfig.deployDescriptors(HostConfig.java:561) [catalina-5.5.23.jar:na]
	at org.apache.catalina.startup.HostConfig.deployApps(HostConfig.java:496) [catalina-5.5.23.jar:na]
	at org.apache.catalina.startup.HostConfig.check(HostConfig.java:1261) [catalina-5.5.23.jar:na]
	at org.apache.catalina.startup.HostConfig.lifecycleEvent(HostConfig.java:301) [catalina-5.5.23.jar:na]
	at org.apache.catalina.util.LifecycleSupport.fireLifecycleEvent(LifecycleSupport.java:120) [catalina-5.5.23.jar:na]
	at org.apache.catalina.core.ContainerBase.backgroundProcess(ContainerBase.java:1306) [catalina-5.5.23.jar:na]
	at org.apache.catalina.core.ContainerBase$ContainerBackgroundProcessor.processChildren(ContainerBase.java:1570) [catalina-5.5.23.jar:na]
	at org.apache.catalina.core.ContainerBase$ContainerBackgroundProcessor.processChildren(ContainerBase.java:1579) [catalina-5.5.23.jar:na]
	at org.apache.catalina.core.ContainerBase$ContainerBackgroundProcessor.run(ContainerBase.java:1559) [catalina-5.5.23.jar:na]
	at java.lang.Thread.run(Thread.java:662) [na:1.6.0_31]
Caused by: com.opensymphony.xwork2.config.ConfigurationException: Caught exception while loading file struts.xml
	at com.opensymphony.xwork2.config.providers.XmlConfigurationProvider.loadConfigurationFiles(XmlConfigurationProvider.java:913) [xwork-core-2.2.1.jar:2.2.1]
	at com.opensymphony.xwork2.config.providers.XmlConfigurationProvider.loadDocuments(XmlConfigurationProvider.java:154) [xwork-core-2.2.1.jar:2.2.1]
	at com.opensymphony.xwork2.config.providers.XmlConfigurationProvider.init(XmlConfigurationProvider.java:121) [xwork-core-2.2.1.jar:2.2.1]
	at com.opensymphony.xwork2.config.impl.DefaultConfiguration.reloadContainer(DefaultConfiguration.java:179) [xwork-core-2.2.1.jar:2.2.1]
	at com.opensymphony.xwork2.config.ConfigurationManager.getConfiguration(ConfigurationManager.java:66) [xwork-core-2.2.1.jar:2.2.1]
	... 23 common frames omitted
Caused by: java.lang.IllegalArgumentException: No file 'file:/usr/share/tomcat5/work/Catalina/localhost/voms_dzero/WEB-INF/classes/struts.xml' found as a resource
	at com.opensymphony.xwork2.util.FileManager.loadFile(FileManager.java:132) [xwork-core-2.2.1.jar:2.2.1]
	at com.opensymphony.xwork2.util.FileManager.loadFile(FileManager.java:105) [xwork-core-2.2.1.jar:2.2.1]
	at com.opensymphony.xwork2.config.providers.XmlConfigurationProvider.loadConfigurationFiles(XmlConfigurationProvider.java:898) [xwork-core-2.2.1.jar:2.2.1]
	... 27 common frames omitted
2012-03-28 16:01:20.694Z - ERROR [[/voms/dzero]] - Exception starting filter struts2
org.apache.struts2.StrutsException: null
	at org.apache.struts2.dispatcher.Dispatcher.init(Dispatcher.java:428) [struts2-core-2.2.1.jar:2.2.1]
	at org.apache.struts2.dispatcher.ng.InitOperations.initDispatcher(InitOperations.java:69) [struts2-core-2.2.1.jar:2.2.1]
	at org.apache.struts2.dispatcher.ng.filter.StrutsPrepareAndExecuteFilter.init(StrutsPrepareAndExecuteFilter.java:51) [struts2-core-2.2.1.jar:2.2.1]
	at org.apache.catalina.core.ApplicationFilterConfig.getFilter(ApplicationFilterConfig.java:221) [catalina-5.5.23.jar:na]
	at org.apache.catalina.core.ApplicationFilterConfig.setFilterDef(ApplicationFilterConfig.java:302) [catalina-5.5.23.jar:na]
	at org.apache.catalina.core.ApplicationFilterConfig.<init>(ApplicationFilterConfig.java:78) [catalina-5.5.23.jar:na]
	at org.apache.catalina.core.StandardContext.filterStart(StandardContext.java:3635) [catalina-5.5.23.jar:na]
	at org.apache.catalina.core.StandardContext.start(StandardContext.java:4218) [catalina-5.5.23.jar:na]
	at org.apache.catalina.core.ContainerBase.addChildInternal(ContainerBase.java:760) [catalina-5.5.23.jar:na]
	at org.apache.catalina.core.ContainerBase.addChild(ContainerBase.java:740) [catalina-5.5.23.jar:na]
	at org.apache.catalina.core.StandardHost.addChild(StandardHost.java:544) [catalina-5.5.23.jar:na]
	at org.apache.catalina.startup.HostConfig.deployDescriptor(HostConfig.java:634) [catalina-5.5.23.jar:na]
	at org.apache.catalina.startup.HostConfig.deployDescriptors(HostConfig.java:561) [catalina-5.5.23.jar:na]
	at org.apache.catalina.startup.HostConfig.deployApps(HostConfig.java:496) [catalina-5.5.23.jar:na]
	at org.apache.catalina.startup.HostConfig.check(HostConfig.java:1261) [catalina-5.5.23.jar:na]
	at org.apache.catalina.startup.HostConfig.lifecycleEvent(HostConfig.java:301) [catalina-5.5.23.jar:na]
	at org.apache.catalina.util.LifecycleSupport.fireLifecycleEvent(LifecycleSupport.java:120) [catalina-5.5.23.jar:na]
	at org.apache.catalina.core.ContainerBase.backgroundProcess(ContainerBase.java:1306) [catalina-5.5.23.jar:na]
	at org.apache.catalina.core.ContainerBase$ContainerBackgroundProcessor.processChildren(ContainerBase.java:1570) [catalina-5.5.23.jar:na]
	at org.apache.catalina.core.ContainerBase$ContainerBackgroundProcessor.processChildren(ContainerBase.java:1579) [catalina-5.5.23.jar:na]
	at org.apache.catalina.core.ContainerBase$ContainerBackgroundProcessor.run(ContainerBase.java:1559) [catalina-5.5.23.jar:na]
	at java.lang.Thread.run(Thread.java:662) [na:1.6.0_31]
Caused by: com.opensymphony.xwork2.config.ConfigurationException: Unable to load configuration.
	at com.opensymphony.xwork2.config.ConfigurationManager.getConfiguration(ConfigurationManager.java:69) [xwork-core-2.2.1.jar:2.2.1]
	at org.apache.struts2.dispatcher.Dispatcher.init_PreloadConfiguration(Dispatcher.java:371) [struts2-core-2.2.1.jar:2.2.1]
	at org.apache.struts2.dispatcher.Dispatcher.init(Dispatcher.java:415) [struts2-core-2.2.1.jar:2.2.1]
	... 21 common frames omitted
Caused by: com.opensymphony.xwork2.config.ConfigurationException: Caught exception while loading file struts.xml
	at com.opensymphony.xwork2.config.providers.XmlConfigurationProvider.loadConfigurationFiles(XmlConfigurationProvider.java:913) [xwork-core-2.2.1.jar:2.2.1]
	at com.opensymphony.xwork2.config.providers.XmlConfigurationProvider.loadDocuments(XmlConfigurationProvider.java:154) [xwork-core-2.2.1.jar:2.2.1]
	at com.opensymphony.xwork2.config.providers.XmlConfigurationProvider.init(XmlConfigurationProvider.java:121) [xwork-core-2.2.1.jar:2.2.1]
	at com.opensymphony.xwork2.config.impl.DefaultConfiguration.reloadContainer(DefaultConfiguration.java:179) [xwork-core-2.2.1.jar:2.2.1]
	at com.opensymphony.xwork2.config.ConfigurationManager.getConfiguration(ConfigurationManager.java:66) [xwork-core-2.2.1.jar:2.2.1]
	... 23 common frames omitted
Caused by: java.lang.IllegalArgumentException: No file 'file:/usr/share/tomcat5/work/Catalina/localhost/voms_dzero/WEB-INF/classes/struts.xml' found as a resource
	at com.opensymphony.xwork2.util.FileManager.loadFile(FileManager.java:132) [xwork-core-2.2.1.jar:2.2.1]
	at com.opensymphony.xwork2.util.FileManager.loadFile(FileManager.java:105) [xwork-core-2.2.1.jar:2.2.1]
	at com.opensymphony.xwork2.config.providers.XmlConfigurationProvider.loadConfigurationFiles(XmlConfigurationProvider.java:898) [xwork-core-2.2.1.jar:2.2.1]
	... 27 common frames omitted
2012-03-28 16:01:20.700Z - INFO [VOMSService] - VOMS admin stopped .
2012-03-28 16:13:32.917Z - INFO [VOMSService] - VOMS-Admin starting for VO: dzero
2012-03-28 16:13:37.443Z - INFO [VOMSExecutorService] - Scheduling task UpdateCATask with period: 1800 seconds
2012-03-28 16:13:37.451Z - INFO [VOMSExecutorService] - Scheduling task TaskStatusUpdater with period: 30 seconds
2012-03-28 16:13:37.452Z - INFO [VOMSExecutorService] - Scheduling task ExpiredRequestsPurgerTask with period: 300 seconds
2012-03-28 16:13:39.473Z - INFO [VOMSExecutorService] - Scheduling task MembershipCheckerTask with period: 300 seconds
2012-03-28 16:13:39.473Z - INFO [VOMSService] - VOMS-Admin started succesfully.
2012-03-28 16:13:39.713Z - ERROR [Dispatcher] - Dispatcher initialization failed
com.opensymphony.xwork2.config.ConfigurationException: Unable to load configuration.
	at com.opensymphony.xwork2.config.ConfigurationManager.getConfiguration(ConfigurationManager.java:69) [xwork-core-2.2.1.jar:2.2.1]
	at org.apache.struts2.dispatcher.Dispatcher.init_PreloadConfiguration(Dispatcher.java:371) [struts2-core-2.2.1.jar:2.2.1]
	at org.apache.struts2.dispatcher.Dispatcher.init(Dispatcher.java:415) [struts2-core-2.2.1.jar:2.2.1]
	at org.apache.struts2.dispatcher.ng.InitOperations.initDispatcher(InitOperations.java:69) [struts2-core-2.2.1.jar:2.2.1]
	at org.apache.struts2.dispatcher.ng.filter.StrutsPrepareAndExecuteFilter.init(StrutsPrepareAndExecuteFilter.java:51) [struts2-core-2.2.1.jar:2.2.1]
	at org.apache.catalina.core.ApplicationFilterConfig.getFilter(ApplicationFilterConfig.java:221) [catalina-5.5.23.jar:na]
	at org.apache.catalina.core.ApplicationFilterConfig.setFilterDef(ApplicationFilterConfig.java:302) [catalina-5.5.23.jar:na]
	at org.apache.catalina.core.ApplicationFilterConfig.<init>(ApplicationFilterConfig.java:78) [catalina-5.5.23.jar:na]
	at org.apache.catalina.core.StandardContext.filterStart(StandardContext.java:3635) [catalina-5.5.23.jar:na]
	at org.apache.catalina.core.StandardContext.start(StandardContext.java:4218) [catalina-5.5.23.jar:na]
	at org.apache.catalina.core.ContainerBase.addChildInternal(ContainerBase.java:760) [catalina-5.5.23.jar:na]
	at org.apache.catalina.core.ContainerBase.addChild(ContainerBase.java:740) [catalina-5.5.23.jar:na]
	at org.apache.catalina.core.StandardHost.addChild(StandardHost.java:544) [catalina-5.5.23.jar:na]
	at org.apache.catalina.startup.HostConfig.deployDescriptor(HostConfig.java:634) [catalina-5.5.23.jar:na]
	at org.apache.catalina.startup.HostConfig.deployDescriptors(HostConfig.java:561) [catalina-5.5.23.jar:na]
	at org.apache.catalina.startup.HostConfig.deployApps(HostConfig.java:496) [catalina-5.5.23.jar:na]
	at org.apache.catalina.startup.HostConfig.start(HostConfig.java:1193) [catalina-5.5.23.jar:na]
	at org.apache.catalina.startup.HostConfig.lifecycleEvent(HostConfig.java:319) [catalina-5.5.23.jar:na]
	at org.apache.catalina.util.LifecycleSupport.fireLifecycleEvent(LifecycleSupport.java:120) [catalina-5.5.23.jar:na]
	at org.apache.catalina.core.ContainerBase.start(ContainerBase.java:1022) [catalina-5.5.23.jar:na]
	at org.apache.catalina.core.StandardHost.start(StandardHost.java:736) [catalina-5.5.23.jar:na]
	at org.apache.catalina.core.ContainerBase.start(ContainerBase.java:1014) [catalina-5.5.23.jar:na]
	at org.apache.catalina.core.StandardEngine.start(StandardEngine.java:443) [catalina-5.5.23.jar:na]
	at org.apache.catalina.core.StandardService.start(StandardService.java:448) [catalina-5.5.23.jar:na]
	at org.apache.catalina.core.StandardServer.start(StandardServer.java:700) [catalina-5.5.23.jar:na]
	at org.apache.catalina.startup.Catalina.start(Catalina.java:552) [catalina-5.5.23.jar:na]
	at sun.reflect.NativeMethodAccessorImpl.invoke0(Native Method) [na:1.6.0_31]
	at sun.reflect.NativeMethodAccessorImpl.invoke(NativeMethodAccessorImpl.java:39) [na:1.6.0_31]
	at sun.reflect.DelegatingMethodAccessorImpl.invoke(DelegatingMethodAccessorImpl.java:25) [na:1.6.0_31]
	at java.lang.reflect.Method.invoke(Method.java:597) [na:1.6.0_31]
	at org.apache.catalina.startup.Bootstrap.start(Bootstrap.java:295) [bootstrap.jar:na]
	at org.apache.catalina.startup.Bootstrap.main(Bootstrap.java:433) [bootstrap.jar:na]
Caused by: com.opensymphony.xwork2.config.ConfigurationException: Caught exception while loading file struts.xml
	at com.opensymphony.xwork2.config.providers.XmlConfigurationProvider.loadConfigurationFiles(XmlConfigurationProvider.java:913) [xwork-core-2.2.1.jar:2.2.1]
	at com.opensymphony.xwork2.config.providers.XmlConfigurationProvider.loadDocuments(XmlConfigurationProvider.java:154) [xwork-core-2.2.1.jar:2.2.1]
	at com.opensymphony.xwork2.config.providers.XmlConfigurationProvider.init(XmlConfigurationProvider.java:121) [xwork-core-2.2.1.jar:2.2.1]
	at com.opensymphony.xwork2.config.impl.DefaultConfiguration.reloadContainer(DefaultConfiguration.java:179) [xwork-core-2.2.1.jar:2.2.1]
	at com.opensymphony.xwork2.config.ConfigurationManager.getConfiguration(ConfigurationManager.java:66) [xwork-core-2.2.1.jar:2.2.1]
	... 31 common frames omitted
Caused by: java.lang.IllegalArgumentException: No file 'file:/usr/share/tomcat5/work/Catalina/localhost/voms_dzero/WEB-INF/classes/struts.xml' found as a resource
	at com.opensymphony.xwork2.util.FileManager.loadFile(FileManager.java:132) [xwork-core-2.2.1.jar:2.2.1]
	at com.opensymphony.xwork2.util.FileManager.loadFile(FileManager.java:105) [xwork-core-2.2.1.jar:2.2.1]
	at com.opensymphony.xwork2.config.providers.XmlConfigurationProvider.loadConfigurationFiles(XmlConfigurationProvider.java:898) [xwork-core-2.2.1.jar:2.2.1]
	... 35 common frames omitted
2012-03-28 16:13:39.716Z - ERROR [[/voms/dzero]] - Exception starting filter struts2
org.apache.struts2.StrutsException: null
	at org.apache.struts2.dispatcher.Dispatcher.init(Dispatcher.java:428) [struts2-core-2.2.1.jar:2.2.1]
	at org.apache.struts2.dispatcher.ng.InitOperations.initDispatcher(InitOperations.java:69) [struts2-core-2.2.1.jar:2.2.1]
	at org.apache.struts2.dispatcher.ng.filter.StrutsPrepareAndExecuteFilter.init(StrutsPrepareAndExecuteFilter.java:51) [struts2-core-2.2.1.jar:2.2.1]
	at org.apache.catalina.core.ApplicationFilterConfig.getFilter(ApplicationFilterConfig.java:221) [catalina-5.5.23.jar:na]
	at org.apache.catalina.core.ApplicationFilterConfig.setFilterDef(ApplicationFilterConfig.java:302) [catalina-5.5.23.jar:na]
	at org.apache.catalina.core.ApplicationFilterConfig.<init>(ApplicationFilterConfig.java:78) [catalina-5.5.23.jar:na]
	at org.apache.catalina.core.StandardContext.filterStart(StandardContext.java:3635) [catalina-5.5.23.jar:na]
	at org.apache.catalina.core.StandardContext.start(StandardContext.java:4218) [catalina-5.5.23.jar:na]
	at org.apache.catalina.core.ContainerBase.addChildInternal(ContainerBase.java:760) [catalina-5.5.23.jar:na]
	at org.apache.catalina.core.ContainerBase.addChild(ContainerBase.java:740) [catalina-5.5.23.jar:na]
	at org.apache.catalina.core.StandardHost.addChild(StandardHost.java:544) [catalina-5.5.23.jar:na]
	at org.apache.catalina.startup.HostConfig.deployDescriptor(HostConfig.java:634) [catalina-5.5.23.jar:na]
	at org.apache.catalina.startup.HostConfig.deployDescriptors(HostConfig.java:561) [catalina-5.5.23.jar:na]
	at org.apache.catalina.startup.HostConfig.deployApps(HostConfig.java:496) [catalina-5.5.23.jar:na]
	at org.apache.catalina.startup.HostConfig.start(HostConfig.java:1193) [catalina-5.5.23.jar:na]
	at org.apache.catalina.startup.HostConfig.lifecycleEvent(HostConfig.java:319) [catalina-5.5.23.jar:na]
	at org.apache.catalina.util.LifecycleSupport.fireLifecycleEvent(LifecycleSupport.java:120) [catalina-5.5.23.jar:na]
	at org.apache.catalina.core.ContainerBase.start(ContainerBase.java:1022) [catalina-5.5.23.jar:na]
	at org.apache.catalina.core.StandardHost.start(StandardHost.java:736) [catalina-5.5.23.jar:na]
	at org.apache.catalina.core.ContainerBase.start(ContainerBase.java:1014) [catalina-5.5.23.jar:na]
	at org.apache.catalina.core.StandardEngine.start(StandardEngine.java:443) [catalina-5.5.23.jar:na]
	at org.apache.catalina.core.StandardService.start(StandardService.java:448) [catalina-5.5.23.jar:na]
	at org.apache.catalina.core.StandardServer.start(StandardServer.java:700) [catalina-5.5.23.jar:na]
	at org.apache.catalina.startup.Catalina.start(Catalina.java:552) [catalina-5.5.23.jar:na]
	at sun.reflect.NativeMethodAccessorImpl.invoke0(Native Method) [na:1.6.0_31]
	at sun.reflect.NativeMethodAccessorImpl.invoke(NativeMethodAccessorImpl.java:39) [na:1.6.0_31]
	at sun.reflect.DelegatingMethodAccessorImpl.invoke(DelegatingMethodAccessorImpl.java:25) [na:1.6.0_31]
	at java.lang.reflect.Method.invoke(Method.java:597) [na:1.6.0_31]
	at org.apache.catalina.startup.Bootstrap.start(Bootstrap.java:295) [bootstrap.jar:na]
	at org.apache.catalina.startup.Bootstrap.main(Bootstrap.java:433) [bootstrap.jar:na]
Caused by: com.opensymphony.xwork2.config.ConfigurationException: Unable to load configuration.
	at com.opensymphony.xwork2.config.ConfigurationManager.getConfiguration(ConfigurationManager.java:69) [xwork-core-2.2.1.jar:2.2.1]
	at org.apache.struts2.dispatcher.Dispatcher.init_PreloadConfiguration(Dispatcher.java:371) [struts2-core-2.2.1.jar:2.2.1]
	at org.apache.struts2.dispatcher.Dispatcher.init(Dispatcher.java:415) [struts2-core-2.2.1.jar:2.2.1]
	... 29 common frames omitted
Caused by: com.opensymphony.xwork2.config.ConfigurationException: Caught exception while loading file struts.xml
	at com.opensymphony.xwork2.config.providers.XmlConfigurationProvider.loadConfigurationFiles(XmlConfigurationProvider.java:913) [xwork-core-2.2.1.jar:2.2.1]
	at com.opensymphony.xwork2.config.providers.XmlConfigurationProvider.loadDocuments(XmlConfigurationProvider.java:154) [xwork-core-2.2.1.jar:2.2.1]
	at com.opensymphony.xwork2.config.providers.XmlConfigurationProvider.init(XmlConfigurationProvider.java:121) [xwork-core-2.2.1.jar:2.2.1]
	at com.opensymphony.xwork2.config.impl.DefaultConfiguration.reloadContainer(DefaultConfiguration.java:179) [xwork-core-2.2.1.jar:2.2.1]
	at com.opensymphony.xwork2.config.ConfigurationManager.getConfiguration(ConfigurationManager.java:66) [xwork-core-2.2.1.jar:2.2.1]
	... 31 common frames omitted
Caused by: java.lang.IllegalArgumentException: No file 'file:/usr/share/tomcat5/work/Catalina/localhost/voms_dzero/WEB-INF/classes/struts.xml' found as a resource
	at com.opensymphony.xwork2.util.FileManager.loadFile(FileManager.java:132) [xwork-core-2.2.1.jar:2.2.1]
	at com.opensymphony.xwork2.util.FileManager.loadFile(FileManager.java:105) [xwork-core-2.2.1.jar:2.2.1]
	at com.opensymphony.xwork2.config.providers.XmlConfigurationProvider.loadConfigurationFiles(XmlConfigurationProvider.java:898) [xwork-core-2.2.1.jar:2.2.1]
	... 35 common frames omitted
2012-03-28 16:13:39.721Z - INFO [VOMSService] - VOMS admin stopped .
2012-03-28 16:23:44.039Z - INFO [VOMSService] - VOMS-Admin starting for VO: dzero
2012-03-28 16:23:48.605Z - INFO [VOMSExecutorService] - Scheduling task UpdateCATask with period: 1800 seconds
2012-03-28 16:23:48.608Z - INFO [VOMSExecutorService] - Scheduling task TaskStatusUpdater with period: 30 seconds
2012-03-28 16:23:48.609Z - INFO [VOMSExecutorService] - Scheduling task ExpiredRequestsPurgerTask with period: 300 seconds
2012-03-28 16:23:50.689Z - INFO [VOMSExecutorService] - Scheduling task MembershipCheckerTask with period: 300 seconds
2012-03-28 16:23:50.689Z - INFO [VOMSService] - VOMS-Admin started succesfully.
2012-03-28 16:23:50.925Z - ERROR [Dispatcher] - Dispatcher initialization failed
com.opensymphony.xwork2.config.ConfigurationException: Unable to load configuration.
	at com.opensymphony.xwork2.config.ConfigurationManager.getConfiguration(ConfigurationManager.java:69) [xwork-core-2.2.1.jar:2.2.1]
	at org.apache.struts2.dispatcher.Dispatcher.init_PreloadConfiguration(Dispatcher.java:371) [struts2-core-2.2.1.jar:2.2.1]
	at org.apache.struts2.dispatcher.Dispatcher.init(Dispatcher.java:415) [struts2-core-2.2.1.jar:2.2.1]
	at org.apache.struts2.dispatcher.ng.InitOperations.initDispatcher(InitOperations.java:69) [struts2-core-2.2.1.jar:2.2.1]
	at org.apache.struts2.dispatcher.ng.filter.StrutsPrepareAndExecuteFilter.init(StrutsPrepareAndExecuteFilter.java:51) [struts2-core-2.2.1.jar:2.2.1]
	at org.apache.catalina.core.ApplicationFilterConfig.getFilter(ApplicationFilterConfig.java:221) [catalina-5.5.23.jar:na]
	at org.apache.catalina.core.ApplicationFilterConfig.setFilterDef(ApplicationFilterConfig.java:302) [catalina-5.5.23.jar:na]
	at org.apache.catalina.core.ApplicationFilterConfig.<init>(ApplicationFilterConfig.java:78) [catalina-5.5.23.jar:na]
	at org.apache.catalina.core.StandardContext.filterStart(StandardContext.java:3635) [catalina-5.5.23.jar:na]
	at org.apache.catalina.core.StandardContext.start(StandardContext.java:4218) [catalina-5.5.23.jar:na]
	at org.apache.catalina.core.ContainerBase.addChildInternal(ContainerBase.java:760) [catalina-5.5.23.jar:na]
	at org.apache.catalina.core.ContainerBase.addChild(ContainerBase.java:740) [catalina-5.5.23.jar:na]
	at org.apache.catalina.core.StandardHost.addChild(StandardHost.java:544) [catalina-5.5.23.jar:na]
	at org.apache.catalina.startup.HostConfig.deployDescriptor(HostConfig.java:634) [catalina-5.5.23.jar:na]
	at org.apache.catalina.startup.HostConfig.deployDescriptors(HostConfig.java:561) [catalina-5.5.23.jar:na]
	at org.apache.catalina.startup.HostConfig.deployApps(HostConfig.java:496) [catalina-5.5.23.jar:na]
	at org.apache.catalina.startup.HostConfig.start(HostConfig.java:1193) [catalina-5.5.23.jar:na]
	at org.apache.catalina.startup.HostConfig.lifecycleEvent(HostConfig.java:319) [catalina-5.5.23.jar:na]
	at org.apache.catalina.util.LifecycleSupport.fireLifecycleEvent(LifecycleSupport.java:120) [catalina-5.5.23.jar:na]
	at org.apache.catalina.core.ContainerBase.start(ContainerBase.java:1022) [catalina-5.5.23.jar:na]
	at org.apache.catalina.core.StandardHost.start(StandardHost.java:736) [catalina-5.5.23.jar:na]
	at org.apache.catalina.core.ContainerBase.start(ContainerBase.java:1014) [catalina-5.5.23.jar:na]
	at org.apache.catalina.core.StandardEngine.start(StandardEngine.java:443) [catalina-5.5.23.jar:na]
	at org.apache.catalina.core.StandardService.start(StandardService.java:448) [catalina-5.5.23.jar:na]
	at org.apache.catalina.core.StandardServer.start(StandardServer.java:700) [catalina-5.5.23.jar:na]
	at org.apache.catalina.startup.Catalina.start(Catalina.java:552) [catalina-5.5.23.jar:na]
	at sun.reflect.NativeMethodAccessorImpl.invoke0(Native Method) [na:1.6.0_31]
	at sun.reflect.NativeMethodAccessorImpl.invoke(NativeMethodAccessorImpl.java:39) [na:1.6.0_31]
	at sun.reflect.DelegatingMethodAccessorImpl.invoke(DelegatingMethodAccessorImpl.java:25) [na:1.6.0_31]
	at java.lang.reflect.Method.invoke(Method.java:597) [na:1.6.0_31]
	at org.apache.catalina.startup.Bootstrap.start(Bootstrap.java:295) [bootstrap.jar:na]
	at org.apache.catalina.startup.Bootstrap.main(Bootstrap.java:433) [bootstrap.jar:na]
Caused by: com.opensymphony.xwork2.config.ConfigurationException: Caught exception while loading file struts.xml
	at com.opensymphony.xwork2.config.providers.XmlConfigurationProvider.loadConfigurationFiles(XmlConfigurationProvider.java:913) [xwork-core-2.2.1.jar:2.2.1]
	at com.opensymphony.xwork2.config.providers.XmlConfigurationProvider.loadDocuments(XmlConfigurationProvider.java:154) [xwork-core-2.2.1.jar:2.2.1]
	at com.opensymphony.xwork2.config.providers.XmlConfigurationProvider.init(XmlConfigurationProvider.java:121) [xwork-core-2.2.1.jar:2.2.1]
	at com.opensymphony.xwork2.config.impl.DefaultConfiguration.reloadContainer(DefaultConfiguration.java:179) [xwork-core-2.2.1.jar:2.2.1]
	at com.opensymphony.xwork2.config.ConfigurationManager.getConfiguration(ConfigurationManager.java:66) [xwork-core-2.2.1.jar:2.2.1]
	... 31 common frames omitted
Caused by: java.lang.IllegalArgumentException: No file 'file:/usr/share/tomcat5/work/Catalina/localhost/voms_dzero/WEB-INF/classes/struts.xml' found as a resource
	at com.opensymphony.xwork2.util.FileManager.loadFile(FileManager.java:132) [xwork-core-2.2.1.jar:2.2.1]
	at com.opensymphony.xwork2.util.FileManager.loadFile(FileManager.java:105) [xwork-core-2.2.1.jar:2.2.1]
	at com.opensymphony.xwork2.config.providers.XmlConfigurationProvider.loadConfigurationFiles(XmlConfigurationProvider.java:898) [xwork-core-2.2.1.jar:2.2.1]
	... 35 common frames omitted
2012-03-28 16:23:50.930Z - ERROR [[/voms/dzero]] - Exception starting filter struts2
org.apache.struts2.StrutsException: null
	at org.apache.struts2.dispatcher.Dispatcher.init(Dispatcher.java:428) [struts2-core-2.2.1.jar:2.2.1]
	at org.apache.struts2.dispatcher.ng.InitOperations.initDispatcher(InitOperations.java:69) [struts2-core-2.2.1.jar:2.2.1]
	at org.apache.struts2.dispatcher.ng.filter.StrutsPrepareAndExecuteFilter.init(StrutsPrepareAndExecuteFilter.java:51) [struts2-core-2.2.1.jar:2.2.1]
	at org.apache.catalina.core.ApplicationFilterConfig.getFilter(ApplicationFilterConfig.java:221) [catalina-5.5.23.jar:na]
	at org.apache.catalina.core.ApplicationFilterConfig.setFilterDef(ApplicationFilterConfig.java:302) [catalina-5.5.23.jar:na]
	at org.apache.catalina.core.ApplicationFilterConfig.<init>(ApplicationFilterConfig.java:78) [catalina-5.5.23.jar:na]
	at org.apache.catalina.core.StandardContext.filterStart(StandardContext.java:3635) [catalina-5.5.23.jar:na]
	at org.apache.catalina.core.StandardContext.start(StandardContext.java:4218) [catalina-5.5.23.jar:na]
	at org.apache.catalina.core.ContainerBase.addChildInternal(ContainerBase.java:760) [catalina-5.5.23.jar:na]
	at org.apache.catalina.core.ContainerBase.addChild(ContainerBase.java:740) [catalina-5.5.23.jar:na]
	at org.apache.catalina.core.StandardHost.addChild(StandardHost.java:544) [catalina-5.5.23.jar:na]
	at org.apache.catalina.startup.HostConfig.deployDescriptor(HostConfig.java:634) [catalina-5.5.23.jar:na]
	at org.apache.catalina.startup.HostConfig.deployDescriptors(HostConfig.java:561) [catalina-5.5.23.jar:na]
	at org.apache.catalina.startup.HostConfig.deployApps(HostConfig.java:496) [catalina-5.5.23.jar:na]
	at org.apache.catalina.startup.HostConfig.start(HostConfig.java:1193) [catalina-5.5.23.jar:na]
	at org.apache.catalina.startup.HostConfig.lifecycleEvent(HostConfig.java:319) [catalina-5.5.23.jar:na]
	at org.apache.catalina.util.LifecycleSupport.fireLifecycleEvent(LifecycleSupport.java:120) [catalina-5.5.23.jar:na]
	at org.apache.catalina.core.ContainerBase.start(ContainerBase.java:1022) [catalina-5.5.23.jar:na]
	at org.apache.catalina.core.StandardHost.start(StandardHost.java:736) [catalina-5.5.23.jar:na]
	at org.apache.catalina.core.ContainerBase.start(ContainerBase.java:1014) [catalina-5.5.23.jar:na]
	at org.apache.catalina.core.StandardEngine.start(StandardEngine.java:443) [catalina-5.5.23.jar:na]
	at org.apache.catalina.core.StandardService.start(StandardService.java:448) [catalina-5.5.23.jar:na]
	at org.apache.catalina.core.StandardServer.start(StandardServer.java:700) [catalina-5.5.23.jar:na]
	at org.apache.catalina.startup.Catalina.start(Catalina.java:552) [catalina-5.5.23.jar:na]
	at sun.reflect.NativeMethodAccessorImpl.invoke0(Native Method) [na:1.6.0_31]
	at sun.reflect.NativeMethodAccessorImpl.invoke(NativeMethodAccessorImpl.java:39) [na:1.6.0_31]
	at sun.reflect.DelegatingMethodAccessorImpl.invoke(DelegatingMethodAccessorImpl.java:25) [na:1.6.0_31]
	at java.lang.reflect.Method.invoke(Method.java:597) [na:1.6.0_31]
	at org.apache.catalina.startup.Bootstrap.start(Bootstrap.java:295) [bootstrap.jar:na]
	at org.apache.catalina.startup.Bootstrap.main(Bootstrap.java:433) [bootstrap.jar:na]
Caused by: com.opensymphony.xwork2.config.ConfigurationException: Unable to load configuration.
	at com.opensymphony.xwork2.config.ConfigurationManager.getConfiguration(ConfigurationManager.java:69) [xwork-core-2.2.1.jar:2.2.1]
	at org.apache.struts2.dispatcher.Dispatcher.init_PreloadConfiguration(Dispatcher.java:371) [struts2-core-2.2.1.jar:2.2.1]
	at org.apache.struts2.dispatcher.Dispatcher.init(Dispatcher.java:415) [struts2-core-2.2.1.jar:2.2.1]
	... 29 common frames omitted
Caused by: com.opensymphony.xwork2.config.ConfigurationException: Caught exception while loading file struts.xml
	at com.opensymphony.xwork2.config.providers.XmlConfigurationProvider.loadConfigurationFiles(XmlConfigurationProvider.java:913) [xwork-core-2.2.1.jar:2.2.1]
	at com.opensymphony.xwork2.config.providers.XmlConfigurationProvider.loadDocuments(XmlConfigurationProvider.java:154) [xwork-core-2.2.1.jar:2.2.1]
	at com.opensymphony.xwork2.config.providers.XmlConfigurationProvider.init(XmlConfigurationProvider.java:121) [xwork-core-2.2.1.jar:2.2.1]
	at com.opensymphony.xwork2.config.impl.DefaultConfiguration.reloadContainer(DefaultConfiguration.java:179) [xwork-core-2.2.1.jar:2.2.1]
	at com.opensymphony.xwork2.config.ConfigurationManager.getConfiguration(ConfigurationManager.java:66) [xwork-core-2.2.1.jar:2.2.1]
	... 31 common frames omitted
Caused by: java.lang.IllegalArgumentException: No file 'file:/usr/share/tomcat5/work/Catalina/localhost/voms_dzero/WEB-INF/classes/struts.xml' found as a resource
	at com.opensymphony.xwork2.util.FileManager.loadFile(FileManager.java:132) [xwork-core-2.2.1.jar:2.2.1]
	at com.opensymphony.xwork2.util.FileManager.loadFile(FileManager.java:105) [xwork-core-2.2.1.jar:2.2.1]
	at com.opensymphony.xwork2.config.providers.XmlConfigurationProvider.loadConfigurationFiles(XmlConfigurationProvider.java:898) [xwork-core-2.2.1.jar:2.2.1]
	... 35 common frames omitted
2012-03-28 16:23:50.934Z - INFO [VOMSService] - VOMS admin stopped .
2012-03-28 17:07:45.853Z - INFO [VOMSService] - VOMS-Admin starting for VO: dzero
2012-03-28 17:07:51.294Z - INFO [VOMSExecutorService] - Scheduling task UpdateCATask with period: 1800 seconds
2012-03-28 17:07:51.299Z - INFO [VOMSExecutorService] - Scheduling task TaskStatusUpdater with period: 30 seconds
2012-03-28 17:07:51.300Z - INFO [VOMSExecutorService] - Scheduling task ExpiredRequestsPurgerTask with period: 300 seconds
2012-03-28 17:07:54.061Z - INFO [VOMSExecutorService] - Scheduling task MembershipCheckerTask with period: 300 seconds
2012-03-28 17:07:54.062Z - INFO [VOMSService] - VOMS-Admin started succesfully.
2012-03-28 17:08:20.710Z - INFO [InitSecurityContext] - Connection from "128.205.41.87" by /DC=org/DC=doegrids/OU=Services/CN=u2-grid.ccr.buffalo.edu (issued by "/DC=org/DC=DOEGrids/OU=Certificate Authorities/CN=DOEGrids CA 1", serial 64133)
2012-03-28 17:08:20.737Z - INFO [VomsCompatibilityService] - getGridmapUsers(/dzero/users);
2012-03-28 17:08:20.780Z - INFO [BaseVomsOperation] - Operation: ListMemberNamesOperation([]) - (/DC=org/DC=doegrids/OU=Services/CN=u2-grid.ccr.buffalo.edu,/DC=org/DC=DOEGrids/OU=Certificate Authorities/CN=DOEGrids CA 1)
2012-03-28 17:08:21.380Z - INFO [InitSecurityContext] - Connection from "128.205.41.87" by /DC=org/DC=doegrids/OU=Services/CN=u2-grid.ccr.buffalo.edu (issued by "/DC=org/DC=DOEGrids/OU=Certificate Authorities/CN=DOEGrids CA 1", serial 64133)
2012-03-28 17:08:21.382Z - INFO [VomsCompatibilityService] - getGridmapUsers(/dzero/services);
2012-03-28 17:08:21.390Z - INFO [BaseVomsOperation] - Operation: ListMemberNamesOperation([]) - (/DC=org/DC=doegrids/OU=Services/CN=u2-grid.ccr.buffalo.edu,/DC=org/DC=DOEGrids/OU=Certificate Authorities/CN=DOEGrids CA 1)
2012-03-28 17:09:02.870Z - INFO [InitSecurityContext] - Connection from "200.21.104.31" by /DC=org/DC=doegrids/OU=Services/CN=c-head.ucaldas.edu.co (issued by "/DC=org/DC=DOEGrids/OU=Certificate Authorities/CN=DOEGrids CA 1", serial 62883)
2012-03-28 17:09:02.872Z - INFO [VomsCompatibilityService] - getGridmapUsers(/dzero/users);
2012-03-28 17:09:02.894Z - INFO [BaseVomsOperation] - Operation: ListMemberNamesOperation([]) - (/DC=org/DC=doegrids/OU=Services/CN=c-head.ucaldas.edu.co,/DC=org/DC=DOEGrids/OU=Certificate Authorities/CN=DOEGrids CA 1)
2012-03-28 17:09:04.693Z - INFO [InitSecurityContext] - Connection from "200.21.104.31" by /DC=org/DC=doegrids/OU=Services/CN=c-head.ucaldas.edu.co (issued by "/DC=org/DC=DOEGrids/OU=Certificate Authorities/CN=DOEGrids CA 1", serial 62883)
2012-03-28 17:09:04.694Z - INFO [VomsCompatibilityService] - getGridmapUsers(/dzero/services);
2012-03-28 17:09:04.700Z - INFO [BaseVomsOperation] - Operation: ListMemberNamesOperation([]) - (/DC=org/DC=doegrids/OU=Services/CN=c-head.ucaldas.edu.co,/DC=org/DC=DOEGrids/OU=Certificate Authorities/CN=DOEGrids CA 1)
2012-03-28 17:09:10.744Z - INFO [InitSecurityContext] - Connection from "134.158.83.230" by /O=GRID-FR/C=FR/O=CNRS/OU=IPNL/CN=lyostorage10.in2p3.fr (issued by "/C=FR/O=CNRS/CN=GRID2-FR", serial 4904)
2012-03-28 17:09:10.746Z - INFO [VomsCompatibilityService] - getGridmapUsers(/dzero);
2012-03-28 17:09:10.751Z - INFO [BaseVomsOperation] - Operation: ListMemberNamesOperation([]) - (/O=GRID-FR/C=FR/O=CNRS/OU=IPNL/CN=lyostorage10.in2p3.fr,/C=FR/O=CNRS/CN=GRID2-FR)
2012-03-28 17:09:11.713Z - INFO [InitSecurityContext] - Connection from "134.158.72.169" by /O=GRID-FR/C=FR/O=CNRS/OU=LAL/CN=grid19.lal.in2p3.fr (issued by "/C=FR/O=CNRS/CN=GRID2-FR", serial 5398)
2012-03-28 17:09:11.714Z - INFO [VomsCompatibilityService] - getGridmapUsers(/dzero);
2012-03-28 17:09:11.719Z - INFO [BaseVomsOperation] - Operation: ListMemberNamesOperation([]) - (/O=GRID-FR/C=FR/O=CNRS/OU=LAL/CN=grid19.lal.in2p3.fr,/C=FR/O=CNRS/CN=GRID2-FR)
2012-03-28 17:10:09.623Z - INFO [InitSecurityContext] - Connection from "134.158.83.236" by /O=GRID-FR/C=FR/O=CNRS/OU=IPNL/CN=lyostorage04.in2p3.fr (issued by "/C=FR/O=CNRS/CN=GRID2-FR", serial 5324)
2012-03-28 17:10:09.624Z - INFO [VomsCompatibilityService] - getGridmapUsers(/dzero);
2012-03-28 17:10:09.630Z - INFO [BaseVomsOperation] - Operation: ListMemberNamesOperation([]) - (/O=GRID-FR/C=FR/O=CNRS/OU=IPNL/CN=lyostorage04.in2p3.fr,/C=FR/O=CNRS/CN=GRID2-FR)
2012-03-28 17:11:14.021Z - INFO [InitSecurityContext] - Connection from "193.62.142.54" by /C=UK/O=eScience/OU=Brunel/L=ECE/CN=dgc-grid-54.brunel.ac.uk/Email=lcg-admin@brunel.ac.uk (issued by "/C=UK/O=eScienceCA/OU=Authority/CN=UK e-Science CA", serial 32958)
2012-03-28 17:11:14.023Z - INFO [VomsCompatibilityService] - getGridmapUsers(/dzero/Role=D0Production);
2012-03-28 17:11:14.034Z - INFO [BaseVomsOperation] - Operation: ListMemberNamesOperation([]) - (/C=UK/O=eScience/OU=Brunel/L=ECE/CN=dgc-grid-54.brunel.ac.uk/Email=lcg-admin@brunel.ac.uk,/C=UK/O=eScienceCA/OU=Authority/CN=UK e-Science CA)
2012-03-28 17:11:14.044Z - INFO [InitSecurityContext] - Connection from "193.62.142.54" by /C=UK/O=eScience/OU=Brunel/L=ECE/CN=dgc-grid-54.brunel.ac.uk/Email=lcg-admin@brunel.ac.uk (issued by "/C=UK/O=eScienceCA/OU=Authority/CN=UK e-Science CA", serial 32958)
2012-03-28 17:11:14.045Z - INFO [VomsCompatibilityService] - getGridmapUsers(/dzero/Role=D0Production);
2012-03-28 17:11:14.072Z - INFO [BaseVomsOperation] - Operation: ListMemberNamesOperation([]) - (/C=UK/O=eScience/OU=Brunel/L=ECE/CN=dgc-grid-54.brunel.ac.uk/Email=lcg-admin@brunel.ac.uk,/C=UK/O=eScienceCA/OU=Authority/CN=UK e-Science CA)
2012-03-28 17:11:15.141Z - INFO [InitSecurityContext] - Connection from "193.62.142.54" by /C=UK/O=eScience/OU=Brunel/L=ECE/CN=dgc-grid-54.brunel.ac.uk/Email=lcg-admin@brunel.ac.uk (issued by "/C=UK/O=eScienceCA/OU=Authority/CN=UK e-Science CA", serial 32958)
2012-03-28 17:11:15.142Z - INFO [VomsCompatibilityService] - getGridmapUsers(/dzero);
2012-03-28 17:11:15.153Z - INFO [BaseVomsOperation] - Operation: ListMemberNamesOperation([]) - (/C=UK/O=eScience/OU=Brunel/L=ECE/CN=dgc-grid-54.brunel.ac.uk/Email=lcg-admin@brunel.ac.uk,/C=UK/O=eScienceCA/OU=Authority/CN=UK e-Science CA)
2012-03-28 17:11:15.276Z - INFO [InitSecurityContext] - Connection from "193.62.142.54" by /C=UK/O=eScience/OU=Brunel/L=ECE/CN=dgc-grid-54.brunel.ac.uk/Email=lcg-admin@brunel.ac.uk (issued by "/C=UK/O=eScienceCA/OU=Authority/CN=UK e-Science CA", serial 32958)
2012-03-28 17:11:15.278Z - INFO [VomsCompatibilityService] - getGridmapUsers(/dzero);
2012-03-28 17:11:15.282Z - INFO [BaseVomsOperation] - Operation: ListMemberNamesOperation([]) - (/C=UK/O=eScience/OU=Brunel/L=ECE/CN=dgc-grid-54.brunel.ac.uk/Email=lcg-admin@brunel.ac.uk,/C=UK/O=eScienceCA/OU=Authority/CN=UK e-Science CA)
2012-03-28 17:13:03.390Z - INFO [InitSecurityContext] - Connection from "131.225.161.191" by /DC=org/DC=doegrids/OU=Services/CN=sam/d0rsam02.fnal.gov (issued by "/DC=org/DC=DOEGrids/OU=Certificate Authorities/CN=DOEGrids CA 1", serial 66851)
2012-03-28 17:13:03.391Z - INFO [VomsCompatibilityService] - getGridmapUsers(/dzero/users);
2012-03-28 17:13:03.399Z - INFO [BaseVomsOperation] - Operation: ListMemberNamesOperation([]) - (/DC=org/DC=doegrids/OU=Services/CN=sam/d0rsam02.fnal.gov,/DC=org/DC=DOEGrids/OU=Certificate Authorities/CN=DOEGrids CA 1)
2012-03-28 17:13:05.653Z - INFO [InitSecurityContext] - Connection from "147.210.55.9" by /O=GRID-FR/C=FR/O=BORDEAUXI/OU=DRIMM/CN=dpm-disk2.m3pec.u-bordeaux1.fr (issued by "/C=FR/O=CNRS/CN=GRID2-FR", serial 5421)
2012-03-28 17:13:05.654Z - INFO [VomsCompatibilityService] - getGridmapUsers(/dzero);
2012-03-28 17:13:05.660Z - INFO [BaseVomsOperation] - Operation: ListMemberNamesOperation([]) - (/O=GRID-FR/C=FR/O=BORDEAUXI/OU=DRIMM/CN=dpm-disk2.m3pec.u-bordeaux1.fr,/C=FR/O=CNRS/CN=GRID2-FR)
2012-03-28 17:13:11.104Z - INFO [InitSecurityContext] - Connection from "147.231.25.227" by /DC=org/DC=terena/DC=tcs/C=CZ/O=Institute of Physics AS CR/CN=dpmpool1.farm.particle.cz (issued by "/C=NL/O=TERENA/CN=TERENA eScience SSL CA", serial 229481913367047284612183154152071424202)
2012-03-28 17:13:11.106Z - INFO [VomsCompatibilityService] - getGridmapUsers();
2012-03-28 17:13:11.110Z - INFO [BaseVomsOperation] - Operation: ListMemberNamesOperation([]) - (/DC=org/DC=terena/DC=tcs/C=CZ/O=Institute of Physics AS CR/CN=dpmpool1.farm.particle.cz,/C=NL/O=TERENA/CN=TERENA eScience SSL CA)
2012-03-28 17:13:11.624Z - INFO [InitSecurityContext] - Connection from "147.231.25.227" by /DC=org/DC=terena/DC=tcs/C=CZ/O=Institute of Physics AS CR/CN=dpmpool1.farm.particle.cz (issued by "/C=NL/O=TERENA/CN=TERENA eScience SSL CA", serial 229481913367047284612183154152071424202)
2012-03-28 17:13:11.625Z - INFO [VomsCompatibilityService] - getGridmapUsers();
2012-03-28 17:13:11.630Z - INFO [BaseVomsOperation] - Operation: ListMemberNamesOperation([]) - (/DC=org/DC=terena/DC=tcs/C=CZ/O=Institute of Physics AS CR/CN=dpmpool1.farm.particle.cz,/C=NL/O=TERENA/CN=TERENA eScience SSL CA)
2012-03-28 17:14:23.277Z - INFO [InitSecurityContext] - Connection from "130.246.183.209" by /C=UK/O=eScience/OU=CLRC/L=RAL/CN=lcgfts01.gridpp.rl.ac.uk/Email=tier1a-certificate@gridpp.rl.ac.uk (issued by "/C=UK/O=eScienceCA/OU=Authority/CN=UK e-Science CA", serial 32090)
2012-03-28 17:14:23.279Z - INFO [VomsCompatibilityService] - getGridmapUsers(/dzero/users/Role=D0production);
2012-03-28 17:14:23.287Z - INFO [BaseVomsOperation] - Operation: ListMemberNamesOperation([]) - (/C=UK/O=eScience/OU=CLRC/L=RAL/CN=lcgfts01.gridpp.rl.ac.uk/Email=tier1a-certificate@gridpp.rl.ac.uk,/C=UK/O=eScienceCA/OU=Authority/CN=UK e-Science CA)
2012-03-28 17:15:08.507Z - INFO [InitSecurityContext] - Connection from "134.158.83.250" by /O=GRID-FR/C=FR/O=CNRS/OU=IPNL/CN=lyogrid04.in2p3.fr (issued by "/C=FR/O=CNRS/CN=GRID2-FR", serial 5554)
2012-03-28 17:15:08.508Z - INFO [VomsCompatibilityService] - getGridmapUsers(/dzero);
2012-03-28 17:15:08.515Z - INFO [BaseVomsOperation] - Operation: ListMemberNamesOperation([]) - (/O=GRID-FR/C=FR/O=CNRS/OU=IPNL/CN=lyogrid04.in2p3.fr,/C=FR/O=CNRS/CN=GRID2-FR)
2012-03-28 17:15:51.502Z - INFO [InitSecurityContext] - Connection from "132.195.125.9" by /C=DE/O=GermanGrid/OU=UniWuppertal/CN=host/grid-ce5.physik.uni-wuppertal.de (issued by "/C=DE/O=GermanGrid/CN=GridKa-CA", serial 15575)
2012-03-28 17:15:51.503Z - INFO [VomsCompatibilityService] - getGridmapUsers(/dzero/users);
2012-03-28 17:15:51.514Z - INFO [BaseVomsOperation] - Operation: ListMemberNamesOperation([]) - (/C=DE/O=GermanGrid/OU=UniWuppertal/CN=host/grid-ce5.physik.uni-wuppertal.de,/C=DE/O=GermanGrid/CN=GridKa-CA)
2012-03-28 17:15:54.816Z - INFO [InitSecurityContext] - Connection from "131.225.80.86" by /DC=org/DC=doegrids/OU=People/CN=Steven Timm 74183 (issued by "/DC=org/DC=DOEGrids/OU=Certificate Authorities/CN=DOEGrids CA 1", serial 58457)
2012-03-28 17:16:22.959Z - INFO [InitSecurityContext] - Connection from "128.186.110.40" by /DC=org/DC=doegrids/OU=Services/CN=ce.hep.fsu.edu (issued by "/DC=org/DC=DOEGrids/OU=Certificate Authorities/CN=DOEGrids CA 1", serial 56312)
2012-03-28 17:16:22.961Z - INFO [VomsCompatibilityService] - getGridmapUsers(/dzero/users);
2012-03-28 17:16:22.967Z - INFO [BaseVomsOperation] - Operation: ListMemberNamesOperation([]) - (/DC=org/DC=doegrids/OU=Services/CN=ce.hep.fsu.edu,/DC=org/DC=DOEGrids/OU=Certificate Authorities/CN=DOEGrids CA 1)
2012-03-28 17:16:23.446Z - INFO [InitSecurityContext] - Connection from "128.186.110.40" by /DC=org/DC=doegrids/OU=Services/CN=ce.hep.fsu.edu (issued by "/DC=org/DC=DOEGrids/OU=Certificate Authorities/CN=DOEGrids CA 1", serial 56312)
2012-03-28 17:16:23.447Z - INFO [VomsCompatibilityService] - getGridmapUsers(/dzero/services);
2012-03-28 17:16:23.452Z - INFO [BaseVomsOperation] - Operation: ListMemberNamesOperation([]) - (/DC=org/DC=doegrids/OU=Services/CN=ce.hep.fsu.edu,/DC=org/DC=DOEGrids/OU=Certificate Authorities/CN=DOEGrids CA 1)
2012-03-28 17:17:10.846Z - INFO [InitSecurityContext] - Connection from "134.158.83.228" by /O=GRID-FR/C=FR/O=CNRS/OU=IPNL/CN=lyostorage12.in2p3.fr (issued by "/C=FR/O=CNRS/CN=GRID2-FR", serial 5683)
2012-03-28 17:17:10.848Z - INFO [VomsCompatibilityService] - getGridmapUsers(/dzero);
2012-03-28 17:17:10.853Z - INFO [BaseVomsOperation] - Operation: ListMemberNamesOperation([]) - (/O=GRID-FR/C=FR/O=CNRS/OU=IPNL/CN=lyostorage12.in2p3.fr,/C=FR/O=CNRS/CN=GRID2-FR)
2012-03-28 17:19:10.048Z - INFO [InitSecurityContext] - Connection from "134.158.83.238" by /O=GRID-FR/C=FR/O=CNRS/OU=IPNL/CN=lyostorage02.in2p3.fr (issued by "/C=FR/O=CNRS/CN=GRID2-FR", serial 5232)
2012-03-28 17:19:10.049Z - INFO [VomsCompatibilityService] - getGridmapUsers(/dzero);
2012-03-28 17:19:10.057Z - INFO [BaseVomsOperation] - Operation: ListMemberNamesOperation([]) - (/O=GRID-FR/C=FR/O=CNRS/OU=IPNL/CN=lyostorage02.in2p3.fr,/C=FR/O=CNRS/CN=GRID2-FR)
2012-03-28 17:20:09.884Z - INFO [InitSecurityContext] - Connection from "147.231.25.100" by /DC=org/DC=terena/DC=tcs/C=CZ/O=Institute of Physics AS CR/CN=golias100.farm.particle.cz (issued by "/C=NL/O=TERENA/CN=TERENA eScience SSL CA", serial 215085594397340595027959626571824489160)
2012-03-28 17:20:09.885Z - INFO [VomsCompatibilityService] - getGridmapUsers();
2012-03-28 17:20:09.890Z - INFO [BaseVomsOperation] - Operation: ListMemberNamesOperation([]) - (/DC=org/DC=terena/DC=tcs/C=CZ/O=Institute of Physics AS CR/CN=golias100.farm.particle.cz,/C=NL/O=TERENA/CN=TERENA eScience SSL CA)
2012-03-28 17:20:09.994Z - INFO [InitSecurityContext] - Connection from "147.231.25.100" by /DC=org/DC=terena/DC=tcs/C=CZ/O=Institute of Physics AS CR/CN=golias100.farm.particle.cz (issued by "/C=NL/O=TERENA/CN=TERENA eScience SSL CA", serial 215085594397340595027959626571824489160)
2012-03-28 17:20:09.995Z - INFO [VomsCompatibilityService] - getGridmapUsers();
2012-03-28 17:20:10.074Z - INFO [BaseVomsOperation] - Operation: ListMemberNamesOperation([]) - (/DC=org/DC=terena/DC=tcs/C=CZ/O=Institute of Physics AS CR/CN=golias100.farm.particle.cz,/C=NL/O=TERENA/CN=TERENA eScience SSL CA)
2012-03-28 17:21:09.194Z - INFO [InitSecurityContext] - Connection from "134.158.83.235" by /O=GRID-FR/C=FR/O=CNRS/OU=IPNL/CN=lyostorage05.in2p3.fr (issued by "/C=FR/O=CNRS/CN=GRID2-FR", serial 5592)
2012-03-28 17:21:09.196Z - INFO [VomsCompatibilityService] - getGridmapUsers(/dzero);
2012-03-28 17:21:09.200Z - INFO [BaseVomsOperation] - Operation: ListMemberNamesOperation([]) - (/O=GRID-FR/C=FR/O=CNRS/OU=IPNL/CN=lyostorage05.in2p3.fr,/C=FR/O=CNRS/CN=GRID2-FR)
2012-03-28 17:21:09.616Z - INFO [InitSecurityContext] - Connection from "147.231.25.50" by /DC=org/DC=terena/DC=tcs/C=CZ/O=Institute of Physics AS CR/CN=dpmpool12.farm.particle.cz (issued by "/C=NL/O=TERENA/CN=TERENA eScience SSL CA", serial 46566821265915022377103043615936374762)
2012-03-28 17:21:09.617Z - INFO [VomsCompatibilityService] - getGridmapUsers();
2012-03-28 17:21:09.621Z - INFO [BaseVomsOperation] - Operation: ListMemberNamesOperation([]) - (/DC=org/DC=terena/DC=tcs/C=CZ/O=Institute of Physics AS CR/CN=dpmpool12.farm.particle.cz,/C=NL/O=TERENA/CN=TERENA eScience SSL CA)
2012-03-28 17:22:09.698Z - INFO [InitSecurityContext] - Connection from "134.158.83.226" by /O=GRID-FR/C=FR/O=CNRS/OU=IPNL/CN=lyostorage14.in2p3.fr (issued by "/C=FR/O=CNRS/CN=GRID2-FR", serial 4964)
2012-03-28 17:22:09.700Z - INFO [VomsCompatibilityService] - getGridmapUsers(/dzero);
2012-03-28 17:22:09.704Z - INFO [BaseVomsOperation] - Operation: ListMemberNamesOperation([]) - (/O=GRID-FR/C=FR/O=CNRS/OU=IPNL/CN=lyostorage14.in2p3.fr,/C=FR/O=CNRS/CN=GRID2-FR)
2012-03-28 17:23:07.879Z - INFO [InitSecurityContext] - Connection from "134.158.83.222" by /O=GRID-FR/C=FR/O=CNRS/OU=IPNL/CN=lyostorage18.in2p3.fr (issued by "/C=FR/O=CNRS/CN=GRID2-FR", serial 4968)
2012-03-28 17:23:07.880Z - INFO [VomsCompatibilityService] - getGridmapUsers(/dzero);
2012-03-28 17:23:07.885Z - INFO [BaseVomsOperation] - Operation: ListMemberNamesOperation([]) - (/O=GRID-FR/C=FR/O=CNRS/OU=IPNL/CN=lyostorage18.in2p3.fr,/C=FR/O=CNRS/CN=GRID2-FR)
 