java.lang.ClassCastException: org.glite.ce.monitor.holder.PredefinedSubscriptionHolder cannot be cast to org.glite.ce.monitor.holder.NotificationHolder
	at org.glite.ce.monitor.CEMonitorService.doOnResourceEvent(CEMonitorService.java:1550)
	at org.glite.ce.monitorapij.resource.ResourceHolder.fireEvent(ResourceHolder.java:441)
	at org.glite.ce.monitorapij.resource.ResourceHolder.run(ResourceHolder.java:540)
	at org.glite.ce.commonj.utils.TimerThread.mainLoop(Timer.java:595)
	at org.glite.ce.commonj.utils.TimerThread.run(Timer.java:514)
java.lang.ClassCastException: org.glite.ce.monitor.holder.PredefinedSubscriptionHolder cannot be cast to org.glite.ce.monitor.holder.NotificationHolder
	at org.glite.ce.monitor.CEMonitorService.doOnResourceEvent(CEMonitorService.java:1550)
	at org.glite.ce.monitorapij.resource.ResourceHolder.fireEvent(ResourceHolder.java:441)
	at org.glite.ce.monitorapij.resource.ResourceHolder.run(ResourceHolder.java:540)
	at org.glite.ce.commonj.utils.TimerThread.mainLoop(Timer.java:595)
	at org.glite.ce.commonj.utils.TimerThread.run(Timer.java:514)
java.lang.ClassCastException: org.glite.ce.monitor.holder.PredefinedSubscriptionHolder cannot be cast to org.glite.ce.monitor.holder.NotificationHolder
	at org.glite.ce.monitor.CEMonitorService.doOnResourceEvent(CEMonitorService.java:1550)
	at org.glite.ce.monitorapij.resource.ResourceHolder.fireEvent(ResourceHolder.java:441)
	at org.glite.ce.monitorapij.resource.ResourceHolder.run(ResourceHolder.java:540)
	at org.glite.ce.commonj.utils.TimerThread.mainLoop(Timer.java:595)
	at org.glite.ce.commonj.utils.TimerThread.run(Timer.java:514)
java.lang.ClassCastException: org.glite.ce.monitor.holder.PredefinedSubscriptionHolder cannot be cast to org.glite.ce.monitor.holder.NotificationHolder
	at org.glite.ce.monitor.CEMonitorService.doOnResourceEvent(CEMonitorService.java:1550)
	at org.glite.ce.monitorapij.resource.ResourceHolder.fireEvent(ResourceHolder.java:441)
	at org.glite.ce.monitorapij.resource.ResourceHolder.run(ResourceHolder.java:540)
	at org.glite.ce.commonj.utils.TimerThread.mainLoop(Timer.java:595)
	at org.glite.ce.commonj.utils.TimerThread.run(Timer.java:514)
java.lang.ClassCastException: org.glite.ce.monitor.holder.PredefinedSubscriptionHolder cannot be cast to org.glite.ce.monitor.holder.NotificationHolder
	at org.glite.ce.monitor.CEMonitorService.doOnResourceEvent(CEMonitorService.java:1550)
	at org.glite.ce.monitorapij.resource.ResourceHolder.fireEvent(ResourceHolder.java:441)
	at org.glite.ce.monitorapij.resource.ResourceHolder.run(ResourceHolder.java:540)
	at org.glite.ce.commonj.utils.TimerThread.mainLoop(Timer.java:595)
	at org.glite.ce.commonj.utils.TimerThread.run(Timer.java:514)
