[root@mgce1 cream]# grep CREAM208956912 *
glite-ce-cream.log.13:15 Jul 2016 20:35:18,652 INFO org.glite.ce.cream.jobmanagement.db.table.JobTable - Job inserted. JobId = CREAM208956912
glite-ce-cream.log.13:15 Jul 2016 20:35:18,746 INFO org.glite.ce.creamapi.jobmanagement.cmdexecutor.AbstractJobExecutor - JOB CREAM208956912 STATUS CHANGED: -- => REGISTERED [localUser=icecu038] [delegationId=1468605877.492048]
glite-ce-cream.log.13:15 Jul 2016 20:35:26,363 INFO org.glite.ce.cream.cmdmanagement.CommandManager - new command [NAME="JOB_START"; PRIORITY_LEVEL=1; IS_ASYNCHRONOUS=true; STATUS=ACCEPTED; CATEGORY="JOB_MANAGEMENT"; EXECUTOR_NAME="BLAHExecutor"; USER_ID="CN_pilot_glidein2_chtc_wisc_edu_OU_Services_O_Open_Science_Grid_DC_DigiCert_Grid_DC_com_icecube_Role_pilot_Capability_NULL"; CREATION_TIME="Fri Jul 15 20:35:26 CEST 2016"; REMOTE_REQUEST_ADDRESS="129.79.53.24"; JOB_ID_LIST={ CREAM208956912 }; IS_ADMIN="false"; USER_FQAN={ /icecube/Role=pilot/Capability=NULL; /icecube/Role=NULL/Capability=NULL }; USER_DN="CN=pilot/glidein2.chtc.wisc.edu,OU=Services,O=Open Science Grid,DC=DigiCert-Grid,DC=com"]
glite-ce-cream.log.13:15 Jul 2016 20:35:26,962 INFO org.glite.ce.cream.cmdmanagement.CommandManager - new command [NAME="JOB_STATUS"; PRIORITY_LEVEL=1; IS_ASYNCHRONOUS=false; STATUS=ACCEPTED; CATEGORY="JOB_MANAGEMENT"; EXECUTOR_NAME="BLAHExecutor"; USER_ID="CN_pilot_glidein2_chtc_wisc_edu_OU_Services_O_Open_Science_Grid_DC_DigiCert_Grid_DC_com_icecube_Role_pilot_Capability_NULL"; CREATION_TIME="Fri Jul 15 20:35:26 CEST 2016"; REMOTE_REQUEST_ADDRESS="129.79.53.24"; JOB_ID_LIST={ CREAM208956912 }; IS_ADMIN="false"; USER_FQAN={ /icecube/Role=pilot/Capability=NULL; /icecube/Role=NULL/Capability=NULL }; USER_DN="CN=pilot/glidein2.chtc.wisc.edu,OU=Services,O=Open Science Grid,DC=DigiCert-Grid,DC=com"]
glite-ce-cream.log.13:15 Jul 2016 20:35:27,250 INFO org.glite.ce.creamapi.jobmanagement.cmdexecutor.AbstractJobExecutor - JOB CREAM208956912 STATUS CHANGED: REGISTERED => PENDING [localUser=icecu038] [delegationId=1468605877.492048]
glite-ce-cream.log.13:15 Jul 2016 20:35:31,276 INFO org.glite.ce.creamapi.jobmanagement.cmdexecutor.AbstractJobExecutor - JOB CREAM208956912 STATUS CHANGED: PENDING => IDLE [localUser=icecu038] [delegationId=1468605877.492048]
glite-ce-cream.log.13:15 Jul 2016 20:35:31,276 INFO org.glite.ce.creamapi.jobmanagement.cmdexecutor.AbstractJobExecutor - ID=86337; NAME="JOB_START"; PRIORITY_LEVEL=1; IS_ASYNCHRONOUS=true; STATUS=EXECUTING; CATEGORY="JOB_MANAGEMENT"; USER_ID="CN_pilot_glidein2_chtc_wisc_edu_OU_Services_O_Open_Science_Grid_DC_DigiCert_Grid_DC_com_icecube_Role_pilot_Capability_NULL"; CREATION_TIME="Fri Jul 15 20:35:26 CEST 2016"; START_PROCESSING_TIME="Fri Jul 15 20:35:27 CEST 2016"; JOB_ID_LIST="CREAM208956912"; IS_ADMIN="false"; REMOTE_REQUEST_ADDRESS="129.79.53.24"; USER_DN="CN=pilot/glidein2.chtc.wisc.edu,OU=Services,O=Open Science Grid,DC=DigiCert-Grid,DC=com"; USER_FQAN={ /icecube/Role=pilot/Capability=NULL; /icecube/Role=NULL/Capability=NULL } lrmsAbsJobId=lsf/20160715/84548129;
glite-ce-cream.log.13:15 Jul 2016 20:56:59,802 INFO org.glite.ce.creamapi.jobmanagement.cmdexecutor.AbstractJobExecutor - JOB CREAM208956912 STATUS CHANGED: IDLE => DONE-OK [failureReason=reason=0] [exitCode=W] [localUser=icecu038] [delegationId=1468605877.492048]
glite-ce-cream.log.13:15 Jul 2016 20:57:59,888 INFO org.glite.ce.creamapi.jobmanagement.cmdexecutor.AbstractJobExecutor - JOB CREAM208956912 STATUS UPDATED: DONE-OK
glite-ce-cream.log.13:16 Jul 2016 01:54:15,388 INFO org.glite.ce.cream.cmdmanagement.CommandManager - new command [NAME="JOB_PURGE"; PRIORITY_LEVEL=2; IS_ASYNCHRONOUS=true; STATUS=ACCEPTED; CATEGORY="JOB_MANAGEMENT"; EXECUTOR_NAME="BLAHExecutor"; USER_ID="CN_pilot_glidein2_chtc_wisc_edu_OU_Services_O_Open_Science_Grid_DC_DigiCert_Grid_DC_com_icecube_Role_pilot_Capability_NULL"; CREATION_TIME="Sat Jul 16 01:54:15 CEST 2016"; JOB_ID_LIST={ CREAM208956912; CREAM622037233 }; PRIORITY_LEVEL="0"; EXECUTION_MODE="S"; IS_ADMIN="false"; REMOTE_REQUEST_ADDRESS="129.79.53.24"; USER_DN="CN=pilot/glidein2.chtc.wisc.edu,OU=Services,O=Open Science Grid,DC=DigiCert-Grid,DC=com"; USER_FQAN={ /icecube/Role=pilot/Capability=NULL; /icecube/Role=NULL/Capability=NULL }]
glite-ce-cream.log.13:16 Jul 2016 01:54:16,354 INFO org.glite.ce.cream.cmdmanagement.CommandManager - new command [ID=86705; NAME="JOB_PURGE"; PRIORITY_LEVEL=0; IS_ASYNCHRONOUS=true; STATUS=EXECUTING; CATEGORY="JOB_MANAGEMENT"; EXECUTOR_NAME="BLAHExecutor"; USER_ID="CN_pilot_glidein2_chtc_wisc_edu_OU_Services_O_Open_Science_Grid_DC_DigiCert_Grid_DC_com_icecube_Role_pilot_Capability_NULL"; CREATION_TIME="Sat Jul 16 01:54:15 CEST 2016"; START_PROCESSING_TIME="Sat Jul 16 01:54:16 CEST 2016"; JOB_ID="CREAM208956912"; PRIORITY_LEVEL="0"; EXECUTION_MODE="S"; IS_ADMIN="false"; REMOTE_REQUEST_ADDRESS="129.79.53.24"; USER_DN="CN=pilot/glidein2.chtc.wisc.edu,OU=Services,O=Open Science Grid,DC=DigiCert-Grid,DC=com"; USER_FQAN={ /icecube/Role=pilot/Capability=NULL; /icecube/Role=NULL/Capability=NULL }]
glite-ce-cream.log.13:16 Jul 2016 01:54:17,433 INFO org.glite.ce.cream.jobmanagement.db.table.JobTable - Job deleted. JobId = CREAM208956912
glite-ce-cream.log.13:16 Jul 2016 01:54:17,436 INFO org.glite.ce.creamapi.jobmanagement.cmdexecutor.AbstractJobExecutor - purge: purged job CREAM208956912


[root@mgce1 log]# zgrep 16431 gridftp-session.log-20160716.gz
[16431] Fri Jul 15 20:35:23 2016 :: Configuration read from /etc/gridftp.conf.
[16431] Fri Jul 15 20:35:23 2016 :: Server started in inetd mode.
[16431] Fri Jul 15 20:35:23 2016 :: New connection from: glidein-itb.grid.iu.edu:41628
[16431] Fri Jul 15 20:35:24 2016 :: DN /DC=com/DC=DigiCert-Grid/O=Open Science Grid/OU=Services/CN=pilot/glidein2.chtc.wisc.edu successfully authorized.
[16431] Fri Jul 15 20:35:24 2016 :: User icecu038 successfully authorized.
[16431] Fri Jul 15 20:35:25 2016 :: Starting to transfer "/var/cream_sandbox/icecube/CN_pilot_glidein2_chtc_wisc_edu_OU_Services_O_Open_Science_Grid_DC_DigiCert_Grid_DC_com_icecube_Role_pilot_Capability_NULL_icecu038/20/CREAM208956912/ISB/glidein_startup.sh".
[16431] Fri Jul 15 20:35:25 2016 :: Finished transferring "/var/cream_sandbox/icecube/CN_pilot_glidein2_chtc_wisc_edu_OU_Services_O_Open_Science_Grid_DC_DigiCert_Grid_DC_com_icecube_Role_pilot_Capability_NULL_icecu038/20/CREAM208956912/ISB/glidein_startup.sh".
[16431] Fri Jul 15 20:35:55 2016 :: Closed connection from glidein-itb.grid.iu.edu:41628


[root@mgce1 log]# zgrep 26074 gridftp-session.log-20160716.gz
[26074] Fri Jul 15 20:57:20 2016 :: Configuration read from /etc/gridftp.conf.
[26074] Fri Jul 15 20:57:20 2016 :: Server started in inetd mode.
[26074] Fri Jul 15 20:57:20 2016 :: New connection from: glidein-itb.grid.iu.edu:47168
[26074] Fri Jul 15 20:57:22 2016 :: DN /DC=com/DC=DigiCert-Grid/O=Open Science Grid/OU=Services/CN=pilot/glidein2.chtc.wisc.edu successfully authorized.
[26074] Fri Jul 15 20:57:22 2016 :: User icecu038 successfully authorized.
[26074] Fri Jul 15 20:57:22 2016 :: Failure attempting to transfer "/var/cream_sandbox/icecube/CN_pilot_glidein2_chtc_wisc_edu_OU_Services_O_Open_Science_Grid_DC_DigiCert_Grid_DC_com_icecube_Role_pilot_Capability_NULL_icecu038/20/CREAM208956912/OSB/job.293928.3.out".
[26074] Fri Jul 15 20:57:22 2016 :: Transfer failure:
[26074] Fri Jul 15 20:57:52 2016 :: Closed connection from glidein-itb.grid.iu.edu:47168

