BeStMan (Gateway mode)   2.2.2.3.0  Wed Nov  7 16:03:09 CST 2012

BeStMan and SRM-Clients Copyright(c) 2007-2012,
Lawrence Berkeley National Laboratory. All rights reserved.
Support at SRM@LBL.GOV and documents at http://sdm.lbl.gov/bestman
OSG Support at osg-software@opensciencegrid.org and
documentation at https://www.opensciencegrid.org/bin/view/Documentation/Release3/

............. invoking: Thread.interrupt() on timed out threads
....... file system will be accessed through class:null
....... ls(file) shows checksum?true
....... checksum command: /export/data/atlas/bestman/adler32.sh
....... checksum type=ADLER32
==> assigned event log to be: /var/log/bestman2/event.srm.log max bytes to rotate:50000000
             no cache log
Log level is setting to:INFO
sudo =sudo
.......local file system will be accessed through sudo
       however, local _ls_ will not invoke sudo
sudo -v -S succeed.
>>>>>>>> unrecognized configuration entry: hexChecksumCommand
>>>>>>>> Gateway mode specific: checkSizeWithFS
>>>>>>>> Gateway mode specific: fsConcurrency
>>>>>>>> unrecognized configuration entry: defaultChecksumType
>>>>>>>> Gateway mode specific: pathForToken
>>>>>>>> Gateway mode specific: checkSizeWithGsiftp
## countIpAddress: loopback
## countIpAddress: found 0th address=pdsfgrid1.nersc.gov
## found 1 host addresses
## found assigned hostname=null
## using local host: pdsfgrid1.nersc.gov as web service host.
.........assuming httpg: is the protocol to access SRM.
validate voms proxy? =false
SLF4J: Class path contains multiple SLF4J bindings.
SLF4J: Found binding in [jar:file:/usr/share/java/bestman2/others/slf4j-log4j12-1.6.2.jar!/org/slf4j/impl/StaticLoggerBinder.class]
SLF4J: Found binding in [jar:file:/usr/share/java/bestman2/others/slf4j-simple-1.6.2.jar!/org/slf4j/impl/StaticLoggerBinder.class]
SLF4J: See http://www.slf4j.org/codes.html#multiple_bindings for an explanation.
BeStMan is now using gridmap file: /etc/grid-security/grid-mapfile
......[gsiftp retry options]: wait_interval(seconds)=120  max=2
..............blocking access to path: /
..............blocking access to path: /etc
..............blocking access to path: /var
...............allowed access to path: /scratch
...............allowed access to path: /chos/eliza2
...............allowed access to path: /eliza2
...............allowed access to path: /chos/global/project
...............allowed access to path: /project
...............allowed access to path: /chos/project
...............allowed access to path: /tmp
...............allowed access to path: /chos/eliza18
...............allowed access to path: /eliza18
...............allowed access to path: /global/project
-- listing properties --
noCacheLog=true
hexChecksumCommand=/export/data/atlas/bestman/adler32.sh
noSudoOnLs=true
KeyFileName=/etc/grid-security/bestman/bestmankey...
disableSpaceMgt=true
accessFileSysViaSudo=true
MaxMappedIDCached=1000
LifetimeSecondsMappedIDCached=1800
localPathListAllowed=/scratch;/eliza2;/chos/eliza2;/projec...
CertFileName=/etc/grid-security/bestman/bestmancer...
eventLogLevel=INFO
checkSizeWithFS=true
fsConcurrency=40
useBerkeleyDB=false
defaultChecksumType=adler32
FactoryID=srm/v2/server
EventLogLocation=/var/log/bestman2/event.srm.log
pathForToken=true
GridMapFileName=/etc/grid-security/grid-mapfile
Concurrency=40
noEventLog=false


