Job Name: 9c7b8b8c-1d41-11e8-ae11-ac1f6b05ea26-105
WMBS job id: 407414
Workflow: vlimant_task_HIG-RunIIFall17DRPremix-00017__v1_T_180228_180838_4056
Task: /vlimant_task_HIG-RunIIFall17DRPremix-00017__v1_T_180228_180838_4056/HIG-RunIIFall17DRPremix-00017_0
Status: jobcooloff
Input dataset: /ttZJets_TuneCP5_13TeV_madgraphMLM_pythia8/RunIIFall17wmLHEGS-93X_mc2017_realistic_v3-v1/GEN-SIM
Site: T2_US_Purdue
Agent: cmsgwms-submit5.fnal.gov
ACDC URL: https://cmsweb.cern.ch/couchdb/acdcserver
State Transition
jobcooloff: 2018/3/1 (Thu) 13:08:30 UTC, T2_US_Purdue
Exit code: 99303
Retry count: 0
Errors:
NoJobReport
NoJobReport (Exit Code: 99303)
Could not find jobReport

========== condor.5766.118.err ==========
Adding end of condor.5766.118.err to error message:

mWARNING: Not mounting requested bind point (already mounted in container): /srv
mmWARNING: Container does not have an exec helper script, calling '/srv/.osgvo-user-job-wrapper.sh' directly
mWMAgent bootstrap: Error: VO_CMS_SW_DIR, OSG_APP, CVMFS environment variables were not set and /cvmfs is not present
WMAgent bootstrap: Error: Because of this, we can't load CMSSW. Not good.



========== condor.5766.118.out ==========
Adding end of condor.5766.118.out to error message:

  ShadowBday = 1519908975
  ShadowIpAddr = "<131.225.204.166:9615?addrs=131.225.204.166-9615&noUDP&sock=2548092_133a_286011>"
  ShadowVersion = "$CondorVersion: 8.6.8 Oct 30 2017 BuildID: 422919 $"
  ShouldTransferFiles = "YES"
  StartdIpAddr = "<172.18.48.54:33317?CCBID=131.225.205.232:9650%3faddrs%3d131.225.205.232-9650#4136143%20188.184.83.197:9650%3faddrs%3d188.184.83.197-9650#5274943&addrs=172.18.48.54-33317+[2001-18e8-804-b--ac12-3036]-33317&noUDP>"
  StartdPrincipal = "execute-side@matchsession/128.211.155.35"
  StreamErr = false
  StreamOut = false
  TargetType = "Machine"
  TotalSubmitProcs = 200
  TotalSuspensions = 0
  TransferIn = false
  TransferInput = "/storage/local/data1/cmsdataops/srv/wmagent/v1.1.10.patch4/install/wmagent/WorkQueueManager/cache/vlimant_task_HIG-RunIIFall17DRPremix-00017__v1_T_180228_180838_4056/vlimant_task_HIG-RunIIFall17DRPremix-00017__v1_T_180228_180838_4056-Sandbox.tar.bz2,/storage/local/data1/cmsdataops/srv/wmagent/v1.1.10.patch4/install/wmagent/WorkQueueManager/cache/vlimant_task_HIG-RunIIFall17DRPremix-00017__v1_T_180228_180838_4056/PackageCollection_0/batch_407305-0/JobPackage.pkl,/data/srv/wmagent/v1.1.10.patch4/sw/slc7_amd64_gcc630/cms/wmagent/1.1.10.patch4/lib/python2.7/site-packages/WMCore/WMRuntime/Unpacker.py"
  TransferOutput = "Report.0.pkl,wmagentJob.log"
  TransferSocket = "<131.225.204.166:9615?addrs=131.225.204.166-9615&noUDP&sock=2548092_133a_286011>"
  UidDomain = "cms"
  User = "cmsdataops@cms"
  UserLog = strcat(Iwd,"/condor.",ClusterId,".",ProcId,".log")
  UserLogUseXML = true
  WMAgent_AgentName = "WMAgentCommissioning"
  WMAgent_JobID = 407414
  WMAgent_PostJobPrio1 = -1
  WMAgent_PostJobPrio2 = -2176
  WMAgent_RequestName = "vlimant_task_HIG-RunIIFall17DRPremix-00017__v1_T_180228_180838_4056"
  WMAgent_SubTaskName = "/vlimant_task_HIG-RunIIFall17DRPremix-00017__v1_T_180228_180838_4056/HIG-RunIIFall17DRPremix-00017_0"
  WMCore_ResizeJob = false
  WantCheckpoint = false
  WantRemoteIO = true
  WantRemoteSyscalls = false
  WhenToTransferOutput = "ON_EXIT"
  x509UserProxyEmail = "alan.malta@cern.ch"
  x509UserProxyExpiration = 1520492102
  x509UserProxyFQAN = "/DC=ch/DC=cern/OU=Organic Units/OU=Users/CN=amaltaro/CN=718748/CN=Alan Malta Rodrigues,/cms/Role=production/Capability=NULL,/cms/Role=NULL/Capability=NULL,/cms/uscms/Role=NULL/Capability=NULL"
  x509UserProxyFirstFQAN = "/cms/Role=production/Capability=NULL"
  x509UserProxyVOName = "cms"
  x509userproxy = "/data/certs/myproxy.pem"
  x509userproxysubject = "/DC=ch/DC=cern/OU=Organic Units/OU=Users/CN=amaltaro/CN=718748/CN=Alan Malta Rodrigues"
======== HTCondor jobAds finished at Thu Mar  1 12:56:17 GMT 2018 ========

======== WMAgent validate arguments starting at Thu Mar  1 12:56:17 GMT 2018 ========
======== WMAgent validate arguments finished at Thu Mar  1 12:56:17 GMT 2018 ========

======== WMAgent CMS environment load starting at Thu Mar  1 12:56:17 GMT 2018 ========
======== WMAgent final job runtime checks STARTING at Thu Mar  1 12:56:17 GMT 2018 ========
Thu Mar  1 12:56:17 GMT 2018: Job Runtime in seconds:  0
Thu Mar  1 12:56:17 GMT 2018: Job bootstrap script exited:  2
Thu Mar  1 12:56:17 GMT 2018: Job execution exited: 
Thu Mar  1 12:56:17 GMT 2018: Job runtime is less than 300 seconds. Sleeping  300
======== WMAgent final job runtime checks FINISHED at Thu Mar  1 13:01:17 GMT 2018 ========




========== condor.5766.118.log ==========
Adding end of condor.5766.118.log to error message:

    <a n="Proc"><i>118</i></a>
    <a n="Size"><i>31704</i></a>
    <a n="MachineAttrGLIDEIN_CMSSite0"><s>T2_US_Purdue</s></a>
</c>
<c>
    <a n="SentBytes"><r>1.040800000000000E+04</r></a>
    <a n="TotalRemoteUsage"><s>Usr 0 00:00:00, Sys 0 00:00:00</s></a>
    <a n="TotalLocalUsage"><s>Usr 0 00:00:00, Sys 0 00:00:00</s></a>
    <a n="EventTypeNumber"><i>5</i></a>
    <a n="TotalSentBytes"><r>1.040800000000000E+04</r></a>
    <a n="Subproc"><i>0</i></a>
    <a n="MyType"><s>JobTerminatedEvent</s></a>
    <a n="RunRemoteUsage"><s>Usr 0 00:00:00, Sys 0 00:00:00</s></a>
    <a n="EventTime"><s>2018-03-01T07:01:17</s></a>
    <a n="Cluster"><i>5766</i></a>
    <a n="Proc"><i>118</i></a>
    <a n="ReceivedBytes"><r>9.289639000000000E+06</r></a>
    <a n="TerminatedNormally"><b v="t"/></a>
    <a n="TotalReceivedBytes"><r>9.289639000000000E+06</r></a>
    <a n="ReturnValue"><i>2</i></a>
    <a n="RunLocalUsage"><s>Usr 0 00:00:00, Sys 0 00:00:00</s></a>
</c>
<c>
    <a n="RunLocalUsage"><s>Usr 0 00:00:00, Sys 0 00:00:00</s></a>
    <a n="ReturnValue"><i>2</i></a>
    <a n="TotalReceivedBytes"><r>9.289639000000000E+06</r></a>
    <a n="TerminatedNormally"><b v="t"/></a>
    <a n="SentBytes"><r>1.040800000000000E+04</r></a>
    <a n="EnteredCurrentStatus"><i>1519908967</i></a>
    <a n="ExtDESIRED_Sites"><s>T1_US_FNAL</s></a>
    <a n="Cluster"><i>5766</i></a>
    <a n="TriggerEventTypeName"><s>ULOG_JOB_TERMINATED</s></a>
    <a n="MyType"><s>JobAdInformationEvent</s></a>
    <a n="Subproc"><i>0</i></a>
    <a n="Proc"><i>118</i></a>
    <a n="EventTime"><s>2018-03-01T07:01:17</s></a>
    <a n="TotalSentBytes"><r>1.040800000000000E+04</r></a>
    <a n="DESIRED_Sites"><s>T1_US_FNAL,T2_CH_CERN,T2_US_Caltech,T2_US_Florida,T2_US_MIT,T2_US_Nebraska,T2_US_Purdue,T2_US_UCSD,T2_US_Vanderbilt,T2_US_Wisconsin,T3_US_NERSC,T3_US_OSG</s></a>
    <a n="EventTypeNumber"><i>28</i></a>
    <a n="QDate"><i>1519903239</i></a>
    <a n="JobStatus"><i>2</i></a>
    <a n="TotalRemoteUsage"><s>Usr 0 00:00:00, Sys 0 00:00:00</s></a>
    <a n="TotalLocalUsage"><s>Usr 0 00:00:00, Sys 0 00:00:00</s></a>
    <a n="MachineAttrGLIDEIN_CMSSite0"><s>T2_US_Purdue</s></a>
    <a n="JobStartDate"><i>1519908975</i></a>
    <a n="TriggerEventTypeNumber"><i>5</i></a>
    <a n="RunRemoteUsage"><s>Usr 0 00:00:00, Sys 0 00:00:00</s></a>
    <a n="ReceivedBytes"><r>9.289639000000000E+06</r></a>
    <a n="WMAgent_JobID"><i>407414</i></a>
</c>




Input files:
Lumis:
Output:
log archive: