CMS_T2_US_Caltech_cit (cit-gatekeeper.ultralight.org, gt5, rsl="(queue=default)(jobtype=single)"):
Wed Aug 6 18:31:05 PDT 2014 Failed to load file 'untar.e5lfKp.cfg' from 'http://glidein-frontend-2.t2.ucsd.edu:8319/vofrontend/stage/frontend_UCSD-v1_0/group_main'.
Wed Aug 6 18:31:53 PDT 2014 Failed to load file 'aftergroup_file_list.e5lfKp.lst' from 'http://glidein-frontend-2.t2.ucsd.edu:8319/vofrontend/stage/frontend_UCSD-v1_0'.
Wed Aug 6 18:39:37 PDT 2014 Failed to load file 'preentry_file_list.e5lfKp.lst' from 'http://glidein-frontend-2.t2.ucsd.edu:8319/vofrontend/stage/frontend_UCSD-v1_0/group_main'.
Wed Aug 6 19:14:21 PDT 2014 Failed to load file 'signature.e5lfKp.sha1' from 'http://glidein-frontend-2.t2.ucsd.edu:8319/vofrontend/stage/frontend_UCSD-v1_0/group_main'.

CMS_T2_US_Caltech_cit2 (cit-gatekeeper2.ultralight.org, gt5, rsl="(queue=default)(jobtype=single)"):
Wed Aug 6 18:49:05 PDT 2014 Failed to load file 'define_OSG_SE.d9ufRa.sh' from 'http://gfactory-1.t2.ucsd.edu/glidefactory//stage/glidein_v3_0'.
Wed Aug 6 18:48:37 PDT 2014 Failed to load file 'condor_config.monitor.d9ufRa.include' from 'http://gfactory-1.t2.ucsd.edu/glidefactory//stage/glidein_v3_0'.
Wed Aug 6 18:48:39 PDT 2014 Failed to load file 'signature.e7mgrc.sha1' from 'http://gfactory-1.t2.ucsd.edu/glidefactory//stage/glidein_v3_0/entry_CMS_T2_US_Caltech_cit2'.
Wed Aug 6 18:49:57 PDT 2014 Failed to load file 'set_home_cms.e5lfKp.source' from 'http://glidein-frontend-2.t2.ucsd.edu:8319/vofrontend/stage/frontend_UCSD-v1_0'.
Wed Aug 6 18:49:26 PDT 2014 Failed to load file 'signature.e5lfKp.sha1' from 'http://glidein-frontend-2.t2.ucsd.edu:8319/vofrontend/stage/frontend_UCSD-v1_0/group_main'.
Wed Aug 6 18:49:48 PDT 2014 Failed to load file 'condor_vars.e5lfKp.lst' from 'http://glidein-frontend-2.t2.ucsd.edu:8319/vofrontend/stage/frontend_UCSD-v1_0'.
Wed Aug 6 18:50:25 PDT 2014 Failed to load file 'condor_config.monitor.d9ufRa.include' from 'http://gfactory-1.t2.ucsd.edu/glidefactory//stage/glidein_v3_0'.
Wed Aug 6 18:50:41 PDT 2014 Failed to load file 'constants.e5lfKp.cfg' from 'http://glidein-frontend-2.t2.ucsd.edu:8319/vofrontend/stage/frontend_UCSD-v1_0'.
Wed Aug 6 18:50:36 PDT 2014 Failed to load file 'create_temp_mapfile.d9ufRa.sh' from 'http://gfactory-1.t2.ucsd.edu/glidefactory//stage/glidein_v3_0'.
Wed Aug 6 19:06:15 PDT 2014 Failed to load file 'untar.e5lfKp.cfg' from 'http://glidein-frontend-2.t2.ucsd.edu:8319/vofrontend/stage/frontend_UCSD-v1_0/group_main'.
Wed Aug 6 19:13:14 PDT 2014 Failed to load file 'check_blacklist.d9ufRa.sh' from 'http://gfactory-1.t2.ucsd.edu/glidefactory//stage/glidein_v3_0/entry_CMS_T2_US_Caltech_cit2'.
Wed Aug 6 19:13:00 PDT 2014 Failed to load file 'file_list.e5lfKp.lst' from 'http://glidein-frontend-2.t2.ucsd.edu:8319/vofrontend/stage/frontend_UCSD-v1_0'.
Wed Aug 6 19:12:40 PDT 2014 Failed to load file 'description.e5lfKp.cfg' from 'http://glidein-frontend-2.t2.ucsd.edu:8319/vofrontend/stage/frontend_UCSD-v1_0/group_main'.
Wed Aug 6 19:13:06 PDT 2014 Failed to load file 'file_list.e5lfKp.lst' from 'http://glidein-frontend-2.t2.ucsd.edu:8319/vofrontend/stage/frontend_UCSD-v1_0/group_main'.
Wed Aug 6 19:12:37 PDT 2014 Failed to load file 'cat_consts.d9ufRa.sh' from 'http://gfactory-1.t2.ucsd.edu/glidefactory//stage/glidein_v3_0/entry_CMS_T2_US_Caltech_cit2'.
Wed Aug 6 19:17:49 PDT 2014 Failed to load file 'condor_vars.e5lfKp.lst' from 'http://glidein-frontend-2.t2.ucsd.edu:8319/vofrontend/stage/frontend_UCSD-v1_0'.
Wed Aug 6 19:17:49 PDT 2014 Failed to load file 'description.e7mgrc.cfg' from 'http://gfactory-1.t2.ucsd.edu/glidefactory//stage/glidein_v3_0/entry_CMS_T2_US_Caltech_cit2'.
Wed Aug 6 19:19:38 PDT 2014 Failed to load file 'untar.e79boU.cfg' from 'http://gfactory-1.t2.ucsd.edu/glidefactory//stage/glidein_v3_0'.
Wed Aug 6 19:20:05 PDT 2014 Failed to load file 'condor_startup.e7uaai.sh' from 'http://gfactory-1.t2.ucsd.edu/glidefactory//stage/glidein_v3_0'.
Wed Aug 6 19:20:13 PDT 2014 Failed to load file 'check_blacklist.e5lfKp.sh' from 'http://glidein-frontend-2.t2.ucsd.edu:8319/vofrontend/stage/frontend_UCSD-v1_0/group_main'.
Wed Aug 6 19:18:11 PDT 2014 Failed to load file 'nodes.blacklist' from 'http://glidein-frontend-2.t2.ucsd.edu:8319/vofrontend/stage/frontend_UCSD-v1_0'.
Wed Aug 6 19:19:28 PDT 2014 Failed to load file 'error_augment.d9ufRa.sh' from 'http://gfactory-1.t2.ucsd.edu/glidefactory//stage/glidein_v3_0'.
Wed Aug 6 19:19:21 PDT 2014 Failed to load file 'condor_config.monitor.d9ufRa.include' from 'http://gfactory-1.t2.ucsd.edu/glidefactory//stage/glidein_v3_0'.
Wed Aug 6 19:19:46 PDT 2014 Failed to load file 'CMS_fallback_validation.e86aup.sh' from 'http://glidein-frontend-2.t2.ucsd.edu:8319/vofrontend/stage/frontend_UCSD-o1_0'.
Wed Aug 6 19:20:07 PDT 2014 Failed to load file 'check_blacklist.e5saMq.sh' from 'http://glidein-frontend-2.t2.ucsd.edu:8319/vofrontend/stage/frontend_UCSD-o1_0/group_UCSD'.
Wed Aug 6 19:20:05 PDT 2014 Failed to load file 'nodes.blacklist' from 'http://glidein-frontend-2.t2.ucsd.edu:8319/vofrontend/stage/frontend_UCSD-o1_0/group_MIT'.
Wed Aug 6 19:19:38 PDT 2014 Failed to load file 'advertise_failure.d9ufRa.helper' from 'http://gfactory-1.t2.ucsd.edu/glidefactory//stage/glidein_v3_0'.
Thu Aug 7 02:09:04 PDT 2014 Failed to load file 'setup_script.d9ufRa.sh' from 'http://gfactory-1.t2.ucsd.edu/glidefactory//stage/glidein_v3_0'.
Thu Aug 7 05:54:04 PDT 2014 Failed to load file 'parse_starterlog.e57bd3.awk' from 'http://gfactory-1.t2.ucsd.edu/glidefactory//stage/glidein_v3_0'.
Thu Aug 7 05:54:09 PDT 2014 Failed to load file 'nodes.blacklist' from 'http://glidein-frontend-2.t2.ucsd.edu:8319/vofrontend/stage/frontend_UCSD-v1_0'.
Thu Aug 7 05:54:25 PDT 2014 Failed to load file 'nodes.blacklist' from 'http://glidein-frontend-2.t2.ucsd.edu:8319/vofrontend/stage/frontend_UCSD-o1_0/group_Wisconsin'.
Thu Aug 7 05:54:14 PDT 2014 Failed to load file 'condor_bin_7.e7uaai.tgz' from 'http://gfactory-1.t2.ucsd.edu/glidefactory//stage/glidein_v3_0'.
Thu Aug 7 05:54:07 PDT 2014 Failed to load file 'error_augment.d9ufRa.sh' from 'http://gfactory-1.t2.ucsd.edu/glidefactory//stage/glidein_v3_0'.
Thu Aug 7 05:57:55 PDT 2014 Failed to load file 'condor_config.check.d9ufRa.include' from 'http://gfactory-1.t2.ucsd.edu/glidefactory//stage/glidein_v3_0'.
Thu Aug 7 05:57:52 PDT 2014 Failed to load file 'condor_vars.e57bd3.lst' from 'http://gfactory-1.t2.ucsd.edu/glidefactory//stage/glidein_v3_0'.
Thu Aug 7 05:57:58 PDT 2014 Failed to load file 'condor_config.dedicated_starter.e2oczz.include' from 'http://gfactory-1.t2.ucsd.edu/glidefactory//stage/glidein_v3_0'.
Thu Aug 7 05:57:47 PDT 2014 Failed to load file 'error_gen.d9ufRa.sh' from 'http://gfactory-1.t2.ucsd.edu/glidefactory//stage/glidein_v3_0'.
Thu Aug 7 05:59:45 PDT 2014 Failed to load file 'after_file_list.e7uaai.lst' from 'http://gfactory-1.t2.ucsd.edu/glidefactory//stage/glidein_v3_0'.
Thu Aug 7 06:00:06 PDT 2014 Failed to load file 'untar.e5saMq.cfg' from 'http://glidein-frontend-2.t2.ucsd.edu:8319/vofrontend/stage/frontend_UCSD-o1_0'.
Thu Aug 7 05:59:57 PDT 2014 Failed to load file 'cat_consts.e5saMq.sh' from 'http://glidein-frontend-2.t2.ucsd.edu:8319/vofrontend/stage/frontend_UCSD-o1_0'.
Thu Aug 7 06:00:00 PDT 2014 Failed to load file 'condor_vars.e5saMq.lst' from 'http://glidein-frontend-2.t2.ucsd.edu:8319/vofrontend/stage/frontend_UCSD-o1_0'.

CMS_T2_US_Caltech_cit2_bigmem (cit-gatekeeper2.ultralight.org, gt5, rsl="(queue=default)(jobtype=single)(min_memory=3020)"):
Wed Aug 6 18:25:54 PDT 2014 Failed to load file 'check_blacklist.e5lfKp.sh' from 'http://glidein-frontend-2.t2.ucsd.edu:8319/vofrontend/stage/frontend_UCSD-v1_0/group_main'.
Wed Aug 6 18:27:51 PDT 2014 Failed to load file 'java_setup.d9ufRa.sh' from 'http://gfactory-1.t2.ucsd.edu/glidefactory//stage/glidein_v3_0'.
Wed Aug 6 18:28:07 PDT 2014 Failed to load file 'condor_config.monitor.d9ufRa.include' from 'http://gfactory-1.t2.ucsd.edu/glidefactory//stage/glidein_v3_0'.
Wed Aug 6 18:28:08 PDT 2014 Failed to load file 'signature.e5lfKp.sha1' from 'http://glidein-frontend-2.t2.ucsd.edu:8319/vofrontend/stage/frontend_UCSD-v1_0'.
Wed Aug 6 18:28:25 PDT 2014 Failed to load file 'condor_platform_select.d9ufRa.sh' from 'http://gfactory-1.t2.ucsd.edu/glidefactory//stage/glidein_v3_0'.
Wed Aug 6 18:28:21 PDT 2014 Failed to load file 'description.e7ofu3.cfg' from 'http://gfactory-1.t2.ucsd.edu/glidefactory//stage/glidein_v3_0/entry_CMS_T2_US_Caltech_cit2_bigmem'.
Wed Aug 6 18:28:21 PDT 2014 Failed to load file 'description.e7uaai.cfg' from 'http://gfactory-1.t2.ucsd.edu/glidefactory//stage/glidein_v3_0'.
Wed Aug 6 18:29:27 PDT 2014 Failed to load file 'condor_vars.e57bd3.lst' from 'http://gfactory-1.t2.ucsd.edu/glidefactory//stage/glidein_v3_0'.
Wed Aug 6 18:29:27 PDT 2014 Failed to load file 'error_gen.d9ufRa.sh' from 'http://gfactory-1.t2.ucsd.edu/glidefactory//stage/glidein_v3_0'.
Wed Aug 6 18:31:21 PDT 2014 Failed to load file 'preentry_file_list.e5lfKp.lst' from 'http://glidein-frontend-2.t2.ucsd.edu:8319/vofrontend/stage/frontend_UCSD-v1_0'.
Wed Aug 6 18:46:31 PDT 2014 Failed to load file 'condor_vars.e5lfKp.lst' from 'http://glidein-frontend-2.t2.ucsd.edu:8319/vofrontend/stage/frontend_UCSD-v1_0/group_main'.
Wed Aug 6 18:47:24 PDT 2014 Failed to load file 'set_home_cms.e5lfKp.source' from 'http://glidein-frontend-2.t2.ucsd.edu:8319/vofrontend/stage/frontend_UCSD-v1_0'.
Wed Aug 6 18:48:19 PDT 2014 Failed to load file 'condor_vars.e57bd3.lst' from 'http://gfactory-1.t2.ucsd.edu/glidefactory//stage/glidein_v3_0'.
Wed Aug 6 18:48:24 PDT 2014 Failed to load file 'test_squid.e5lfKp.tgz' from 'http://glidein-frontend-2.t2.ucsd.edu:8319/vofrontend/stage/frontend_UCSD-v1_0'.
Wed Aug 6 18:48:34 PDT 2014 Failed to load file 'error_augment.d9ufRa.sh' from 'http://gfactory-1.t2.ucsd.edu/glidefactory//stage/glidein_v3_0'.
Wed Aug 6 18:49:19 PDT 2014 Failed to load file 'check_blacklist.e5lfKp.sh' from 'http://glidein-frontend-2.t2.ucsd.edu:8319/vofrontend/stage/frontend_UCSD-v1_0'.
Wed Aug 6 18:50:06 PDT 2014 Failed to load file 'after_file_list.e7uaai.lst' from 'http://gfactory-1.t2.ucsd.edu/glidefactory//stage/glidein_v3_0'.
Wed Aug 6 18:49:35 PDT 2014 Failed to load file 'grid-mapfile.e5lfKp' from 'http://glidein-frontend-2.t2.ucsd.edu:8319/vofrontend/stage/frontend_UCSD-v1_0'.
Wed Aug 6 18:49:46 PDT 2014 Failed to load file 'discover_CMSSW.e5lfKp.sh' from 'http://glidein-frontend-2.t2.ucsd.edu:8319/vofrontend/stage/frontend_UCSD-v1_0'.
Wed Aug 6 18:49:41 PDT 2014 Failed to load file 'signature.e5lfKp.sha1' from 'http://glidein-frontend-2.t2.ucsd.edu:8319/vofrontend/stage/frontend_UCSD-v1_0/group_main'.
Wed Aug 6 18:51:12 PDT 2014 Failed to load file 'validate_node.d9ufRa.sh' from 'http://gfactory-1.t2.ucsd.edu/glidefactory//stage/glidein_v3_0'.
Wed Aug 6 18:50:54 PDT 2014 Failed to load file 'untar.e7mgrc.cfg' from 'http://gfactory-1.t2.ucsd.edu/glidefactory//stage/glidein_v3_0/entry_CMS_T2_US_Caltech_cit2_bigmem'.
Wed Aug 6 18:51:21 PDT 2014 Failed to load file 'smart_partitionable_rc.e5r8TI.sh' from 'http://gfactory-1.t2.ucsd.edu/glidefactory//stage/glidein_v3_0'.
Wed Aug 6 18:50:43 PDT 2014 Failed to load file 'file_list.e7uaai.lst' from 'http://gfactory-1.t2.ucsd.edu/glidefactory//stage/glidein_v3_0'.
Thu Aug 7 05:39:52 PDT 2014 Failed to load file 'check_proxy.d9ufRa.sh' from 'http://gfactory-1.t2.ucsd.edu/glidefactory//stage/glidein_v3_0'.
Thu Aug 7 05:56:24 PDT 2014 Failed to load file 'nodes.blacklist' from 'http://glidein-frontend-2.t2.ucsd.edu:8319/vofrontend/stage/frontend_UCSD-o1_0'.
Thu Aug 7 05:54:45 PDT 2014 Failed to load file 'file_list.e7ofu3.lst' from 'http://gfactory-1.t2.ucsd.edu/glidefactory//stage/glidein_v3_0/entry_CMS_T2_US_Caltech_cit2_bigmem'.
Thu Aug 7 05:59:38 PDT 2014 Failed to load file 'file_list.e86aup.lst' from 'http://glidein-frontend-2.t2.ucsd.edu:8319/vofrontend/stage/frontend_UCSD-o1_0'.
Thu Aug 7 06:20:05 PDT 2014 Failed to load file 'nodes.blacklist' from 'http://glidein-frontend-2.t2.ucsd.edu:8319/vofrontend/stage/frontend_UCSD-v1_0'.

CMS_T2_US_Caltech_cit_bigmem (cit-gatekeeper.ultralight.org, gt5, rsl="(queue=default)(jobtype=single)(min_memory=3020)"):
Wed Aug 6 18:31:18 PDT 2014 Failed to load file 'nodes.blacklist' from 'http://glidein-frontend-2.t2.ucsd.edu:8319/vofrontend/stage/frontend_UCSD-v1_0'.
Wed Aug 6 18:31:38 PDT 2014 Failed to load file 'glidein_memory_setup.d9ufRa.sh' from 'http://gfactory-1.t2.ucsd.edu/glidefactory//stage/glidein_v3_0'.
Wed Aug 6 18:31:28 PDT 2014 Failed to load file 'nodes.blacklist' from 'http://glidein-frontend-2.t2.ucsd.edu:8319/vofrontend/stage/frontend_UCSD-v1_0'.
Wed Aug 6 18:31:18 PDT 2014 Failed to load file 'constants.e5lfKp.cfg' from 'http://glidein-frontend-2.t2.ucsd.edu:8319/vofrontend/stage/frontend_UCSD-v1_0/group_main'.
Wed Aug 6 18:31:41 PDT 2014 Failed to load file 'nodes.blacklist' from 'http://glidein-frontend-2.t2.ucsd.edu:8319/vofrontend/stage/frontend_UCSD-v1_0'.
Wed Aug 6 18:35:49 PDT 2014 Failed to load file 'java_setup.d9ufRa.sh' from 'http://gfactory-1.t2.ucsd.edu/glidefactory//stage/glidein_v3_0'.
Wed Aug 6 18:35:25 PDT 2014 Failed to load file 'constants.e7ofu3.cfg' from 'http://gfactory-1.t2.ucsd.edu/glidefactory//stage/glidein_v3_0/entry_CMS_T2_US_Caltech_cit_bigmem'.
Wed Aug 6 18:35:35 PDT 2014 Failed to load file 'condor_vars.e5lfKp.lst' from 'http://glidein-frontend-2.t2.ucsd.edu:8319/vofrontend/stage/frontend_UCSD-v1_0'.
Wed Aug 6 18:35:52 PDT 2014 Failed to load file 'discover_CMSSW.e5lfKp.sh' from 'http://glidein-frontend-2.t2.ucsd.edu:8319/vofrontend/stage/frontend_UCSD-v1_0'.
Wed Aug 6 18:36:14 PDT 2014 Failed to load file 'condor_vars.e7mgrc.lst' from 'http://gfactory-1.t2.ucsd.edu/glidefactory//stage/glidein_v3_0/entry_CMS_T2_US_Caltech_cit_bigmem'.
Wed Aug 6 18:36:12 PDT 2014 Failed to load file 'after_file_list.e7uaai.lst' from 'http://gfactory-1.t2.ucsd.edu/glidefactory//stage/glidein_v3_0'.
Wed Aug 6 18:36:54 PDT 2014 Failed to load file 'condor_config.monitor.d9ufRa.include' from 'http://gfactory-1.t2.ucsd.edu/glidefactory//stage/glidein_v3_0'.
Wed Aug 6 18:38:06 PDT 2014 Failed to load file 'java_setup.d9ufRa.sh' from 'http://gfactory-1.t2.ucsd.edu/glidefactory//stage/glidein_v3_0'.
Wed Aug 6 18:38:10 PDT 2014 Failed to load file 'advertise_failure.d9ufRa.helper' from 'http://gfactory-1.t2.ucsd.edu/glidefactory//stage/glidein_v3_0'.
Wed Aug 6 18:38:17 PDT 2014 Failed to load file 'signature.e7uaai.sha1' from 'http://gfactory-1.t2.ucsd.edu/glidefactory//stage/glidein_v3_0'.
Wed Aug 6 18:38:22 PDT 2014 Failed to load file 'condor_config.monitor.d9ufRa.include' from 'http://gfactory-1.t2.ucsd.edu/glidefactory//stage/glidein_v3_0'.
Wed Aug 6 18:42:22 PDT 2014 Failed to load file 'condor_vars.e57bd3.lst' from 'http://gfactory-1.t2.ucsd.edu/glidefactory//stage/glidein_v3_0'.
Wed Aug 6 18:38:26 PDT 2014 Failed to load file 'constants.e5lfKp.cfg' from 'http://glidein-frontend-2.t2.ucsd.edu:8319/vofrontend/stage/frontend_UCSD-v1_0'.
Wed Aug 6 18:38:25 PDT 2014 Failed to load file 'condor_vars.e5lfKp.lst' from 'http://glidein-frontend-2.t2.ucsd.edu:8319/vofrontend/stage/frontend_UCSD-v1_0/group_main'.
Wed Aug 6 18:38:45 PDT 2014 Failed to load file 'condor_startup.e7uaai.sh' from 'http://gfactory-1.t2.ucsd.edu/glidefactory//stage/glidein_v3_0'.
Wed Aug 6 18:38:27 PDT 2014 Failed to load file 'error_gen.d9ufRa.sh' from 'http://gfactory-1.t2.ucsd.edu/glidefactory//stage/glidein_v3_0'.
Wed Aug 6 18:38:55 PDT 2014 Failed to load file 'parse_starterlog.e57bd3.awk' from 'http://gfactory-1.t2.ucsd.edu/glidefactory//stage/glidein_v3_0'.
Wed Aug 6 18:38:50 PDT 2014 Failed to load file 'condor_vars.e5lfKp.lst' from 'http://glidein-frontend-2.t2.ucsd.edu:8319/vofrontend/stage/frontend_UCSD-v1_0'.
Wed Aug 6 18:39:01 PDT 2014 Failed to load file 'advertise_failure.d9ufRa.helper' from 'http://gfactory-1.t2.ucsd.edu/glidefactory//stage/glidein_v3_0'.
Wed Aug 6 18:39:42 PDT 2014 Failed to load file 'create_mapfile.e7uaai.sh' from 'http://gfactory-1.t2.ucsd.edu/glidefactory//stage/glidein_v3_0'.
Wed Aug 6 18:39:33 PDT 2014 Failed to load file 'condor_config.check.d9ufRa.include' from 'http://gfactory-1.t2.ucsd.edu/glidefactory//stage/glidein_v3_0'.
Wed Aug 6 18:39:53 PDT 2014 Failed to load file 'check_blacklist.e5lfKp.sh' from 'http://glidein-frontend-2.t2.ucsd.edu:8319/vofrontend/stage/frontend_UCSD-v1_0'.
Wed Aug 6 18:42:03 PDT 2014 Failed to load file 'smart_partitionable.e7uaai.sh' from 'http://gfactory-1.t2.ucsd.edu/glidefactory//stage/glidein_v3_0'.
Wed Aug 6 18:40:06 PDT 2014 Failed to load file 'advertise_failure.d9ufRa.helper' from 'http://gfactory-1.t2.ucsd.edu/glidefactory//stage/glidein_v3_0'.
Wed Aug 6 18:44:27 PDT 2014 Failed to load file 'set_hold.e5lfKp.sh' from 'http://glidein-frontend-2.t2.ucsd.edu:8319/vofrontend/stage/frontend_UCSD-v1_0'.
Wed Aug 6 18:44:48 PDT 2014 Failed to load file 'signature.e7ofu3.sha1' from 'http://gfactory-1.t2.ucsd.edu/glidefactory//stage/glidein_v3_0/entry_CMS_T2_US_Caltech_cit_bigmem'.
Wed Aug 6 18:44:47 PDT 2014 Failed to load file 'condor_vars.e57bd3.lst' from 'http://gfactory-1.t2.ucsd.edu/glidefactory//stage/glidein_v3_0'.
Wed Aug 6 18:44:45 PDT 2014 Failed to load file 'signature.e5lfKp.sha1' from 'http://glidein-frontend-2.t2.ucsd.edu:8319/vofrontend/stage/frontend_UCSD-v1_0/group_main'.
Wed Aug 6 18:45:27 PDT 2014 Failed to load file 'file_list.e5lfKp.lst' from 'http://glidein-frontend-2.t2.ucsd.edu:8319/vofrontend/stage/frontend_UCSD-v1_0'.
Wed Aug 6 18:45:27 PDT 2014 Failed to load file 'setjava.e5lfKp.sh' from 'http://glidein-frontend-2.t2.ucsd.edu:8319/vofrontend/stage/frontend_UCSD-v1_0'.
Wed Aug 6 18:46:25 PDT 2014 Failed to load file 'glidein_memory_setup.d9ufRa.sh' from 'http://gfactory-1.t2.ucsd.edu/glidefactory//stage/glidein_v3_0'.
Wed Aug 6 18:45:24 PDT 2014 Failed to load file 'setup_x509.e7uaai.sh' from 'http://gfactory-1.t2.ucsd.edu/glidefactory//stage/glidein_v3_0'.
Wed Aug 6 18:45:11 PDT 2014 Failed to load file 'check_blacklist.e5lfKp.sh' from 'http://glidein-frontend-2.t2.ucsd.edu:8319/vofrontend/stage/frontend_UCSD-v1_0/group_main'.
Wed Aug 6 19:14:03 PDT 2014 Failed to load file 'description.e5saMq.cfg' from 'http://glidein-frontend-2.t2.ucsd.edu:8319/vofrontend/stage/frontend_UCSD-o1_0/group_MIT'.
Wed Aug 6 19:13:43 PDT 2014 Failed to load file 'parse_starterlog.e57bd3.awk' from 'http://gfactory-1.t2.ucsd.edu/glidefactory//stage/glidein_v3_0'.
Wed Aug 6 19:14:38 PDT 2014 Failed to load file 'condor_config.check.d9ufRa.include' from 'http://gfactory-1.t2.ucsd.edu/glidefactory//stage/glidein_v3_0'.
Wed Aug 6 19:15:04 PDT 2014 Failed to load file 'constants.e5saMq.cfg' from 'http://glidein-frontend-2.t2.ucsd.edu:8319/vofrontend/stage/frontend_UCSD-o1_0/group_Wisconsin'.
Wed Aug 6 19:15:18 PDT 2014 Failed to load file 'condor_bin_7.e7uaai.tgz' from 'http://gfactory-1.t2.ucsd.edu/glidefactory//stage/glidein_v3_0'.
Wed Aug 6 19:15:25 PDT 2014 Failed to load file 'grid-mapfile.e5saMq' from 'http://glidein-frontend-2.t2.ucsd.edu:8319/vofrontend/stage/frontend_UCSD-o1_0'.
Wed Aug 6 19:15:26 PDT 2014 Failed to load file 'CMS_fallback_validation.e86aup.sh' from 'http://glidein-frontend-2.t2.ucsd.edu:8319/vofrontend/stage/frontend_UCSD-o1_0'.
Wed Aug 6 19:14:42 PDT 2014 Failed to load file 'preentry_file_list.e5saMq.lst' from 'http://glidein-frontend-2.t2.ucsd.edu:8319/vofrontend/stage/frontend_UCSD-o1_0/group_UCSD'.
Wed Aug 6 19:15:15 PDT 2014 Failed to load file 'smart_partitionable.e7uaai.sh' from 'http://gfactory-1.t2.ucsd.edu/glidefactory//stage/glidein_v3_0'.
Wed Aug 6 19:15:32 PDT 2014 Failed to load file 'cat_consts.e7mgrc.sh' from 'http://gfactory-1.t2.ucsd.edu/glidefactory//stage/glidein_v3_0/entry_CMS_T2_US_Caltech_cit_bigmem'.
Wed Aug 6 19:15:08 PDT 2014 Failed to load file 'cat_consts.d9ufRa.sh' from 'http://gfactory-1.t2.ucsd.edu/glidefactory//stage/glidein_v3_0'.
Wed Aug 6 19:15:14 PDT 2014 Failed to load file 'smart_partitionable_rc.e5r8TI.sh' from 'http://gfactory-1.t2.ucsd.edu/glidefactory//stage/glidein_v3_0'.
Wed Aug 6 19:15:13 PDT 2014 Failed to load file 'condor_config.multi_schedd.e2oczz.include' from 'http://gfactory-1.t2.ucsd.edu/glidefactory//stage/glidein_v3_0'.
Wed Aug 6 19:15:13 PDT 2014 Failed to load file 'parse_starterlog.e57bd3.awk' from 'http://gfactory-1.t2.ucsd.edu/glidefactory//stage/glidein_v3_0'.
Wed Aug 6 19:15:34 PDT 2014 Failed to load file 'glidein_cpus_setup.d9ufRa.sh' from 'http://gfactory-1.t2.ucsd.edu/glidefactory//stage/glidein_v3_0'.
Wed Aug 6 19:15:16 PDT 2014 Failed to load file 'advertise_failure.d9ufRa.helper' from 'http://gfactory-1.t2.ucsd.edu/glidefactory//stage/glidein_v3_0'.
Wed Aug 6 19:16:12 PDT 2014 Failed to load file 'aftergroup_preentry_file_list.e5lfKp.lst' from 'http://glidein-frontend-2.t2.ucsd.edu:8319/vofrontend/stage/frontend_UCSD-v1_0'.
Wed Aug 6 19:24:38 PDT 2014 Failed to load file 'parse_starterlog.e57bd3.awk' from 'http://gfactory-1.t2.ucsd.edu/glidefactory//stage/glidein_v3_0'.
Thu Aug 7 00:03:50 PDT 2014 Failed to load file 'create_mapfile.e7uaai.sh' from 'http://gfactory-1.t2.ucsd.edu/glidefactory//stage/glidein_v3_0'.
Thu Aug 7 03:23:49 PDT 2014 Failed to load file 'parse_starterlog.e57bd3.awk' from 'http://gfactory-1.t2.ucsd.edu/glidefactory//stage/glidein_v3_0'.
Thu Aug 7 06:14:12 PDT 2014 Failed to load file 'constants.e5lfKp.cfg' from 'http://glidein-frontend-2.t2.ucsd.edu:8319/vofrontend/stage/frontend_UCSD-v1_0'.

CMS_T2_US_Caltech_itbce (ce-itb.ultralight.org, condor):
Wed Aug 6 18:40:31 PDT 2014 Failed to load file 'condor_config.multi_schedd.e2oczz.include' from 'http://gfactory-1.t2.ucsd.edu/glidefactory//stage/glidein_v3_0'.
Wed Aug 6 19:15:12 PDT 2014 Failed to load file 'condor_vars.e57bd3.lst' from 'http://gfactory-1.t2.ucsd.edu/glidefactory//stage/glidein_v3_0'.
Wed Aug 6 19:16:10 PDT 2014 Failed to load file 'parse_starterlog.e57bd3.awk' from 'http://gfactory-1.t2.ucsd.edu/glidefactory//stage/glidein_v3_0'.
Wed Aug 6 19:21:19 PDT 2014 Failed to load file 'sethome.d9ufRa.source' from 'http://gfactory-1.t2.ucsd.edu/glidefactory//stage/glidein_v3_0'.
Wed Aug 6 19:21:14 PDT 2014 Failed to load file 'check_blacklist.e5lfKp.sh' from 'http://glidein-frontend-2.t2.ucsd.edu:8319/vofrontend/stage/frontend_UCSD-v1_0/group_main'.
Wed Aug 6 19:16:16 PDT 2014 Failed to load file 'setup_script.d9ufRa.sh' from 'http://gfactory-1.t2.ucsd.edu/glidefactory//stage/glidein_v3_0'.
Wed Aug 6 19:16:22 PDT 2014 Failed to load file 'aftergroup_preentry_file_list.e5lfKp.lst' from 'http://glidein-frontend-2.t2.ucsd.edu:8319/vofrontend/stage/frontend_UCSD-v1_0'.
Wed Aug 6 19:16:39 PDT 2014 Failed to load file 'condor_vars.e5lfKp.lst' from 'http://glidein-frontend-2.t2.ucsd.edu:8319/vofrontend/stage/frontend_UCSD-v1_0'.
Wed Aug 6 19:16:48 PDT 2014 Failed to load file 'gcb_setup.d9ufRa.sh' from 'http://gfactory-1.t2.ucsd.edu/glidefactory//stage/glidein_v3_0'.
Wed Aug 6 19:17:30 PDT 2014 Failed to load file 'glidein_memory_setup.d9ufRa.sh' from 'http://gfactory-1.t2.ucsd.edu/glidefactory//stage/glidein_v3_0'.
Wed Aug 6 19:17:29 PDT 2014 Failed to load file 'signature.e7vaQS.sha1' from 'http://gfactory-1.t2.ucsd.edu/glidefactory//stage/glidein_v3_0/entry_CMS_T2_US_Caltech_itbce'.
Wed Aug 6 19:17:59 PDT 2014 Failed to load file 'nodes.blacklist' from 'http://glidein-frontend-2.t2.ucsd.edu:8319/vofrontend/stage/frontend_UCSD-v1_0/group_main'.
Wed Aug 6 19:42:02 PDT 2014 Failed to load file 'setup_script.d9ufRa.sh' from 'http://gfactory-1.t2.ucsd.edu/glidefactory//stage/glidein_v3_0'.
Wed Aug 6 19:42:02 PDT 2014 Failed to load file 'description.e5lfKp.cfg' from 'http://glidein-frontend-2.t2.ucsd.edu:8319/vofrontend/stage/frontend_UCSD-v1_0/group_main'.
Wed Aug 6 19:53:31 PDT 2014 Failed to load file 'grid-mapfile.e5lfKp' from 'http://glidein-frontend-2.t2.ucsd.edu:8319/vofrontend/stage/frontend_UCSD-v1_0'.
Wed Aug 6 22:10:41 PDT 2014 Failed to load file 'nodes.blacklist' from 'http://glidein-frontend-2.t2.ucsd.edu:8319/vofrontend/stage/frontend_UCSD-v1_0'.
Wed Aug 6 22:43:46 PDT 2014 Failed to load file 'error_augment.d9ufRa.sh' from 'http://gfactory-1.t2.ucsd.edu/glidefactory//stage/glidein_v3_0'.
Wed Aug 6 23:35:21 PDT 2014 Failed to load file 'parse_starterlog.e57bd3.awk' from 'http://gfactory-1.t2.ucsd.edu/glidefactory//stage/glidein_v3_0'.
Thu Aug 7 02:29:55 PDT 2014 Failed to load file 'collector_setup.d9ufRa.sh' from 'http://gfactory-1.t2.ucsd.edu/glidefactory//stage/glidein_v3_0'.
Thu Aug 7 03:29:53 PDT 2014 Failed to load file 'gcb_setup.d9ufRa.sh' from 'http://gfactory-1.t2.ucsd.edu/glidefactory//stage/glidein_v3_0'.
Thu Aug 7 05:35:24 PDT 2014 Failed to load file 'condor_startup.e7uaai.sh' from 'http://gfactory-1.t2.ucsd.edu/glidefactory//stage/glidein_v3_0'.
Thu Aug 7 05:36:00 PDT 2014 Failed to load file 'set_hold.e5lfKp.sh' from 'http://glidein-frontend-2.t2.ucsd.edu:8319/vofrontend/stage/frontend_UCSD-v1_0'.
Thu Aug 7 05:36:18 PDT 2014 Failed to load file 'smart_partitionable_rc.e5r8TI.sh' from 'http://gfactory-1.t2.ucsd.edu/glidefactory//stage/glidein_v3_0'.
Thu Aug 7 06:34:31 PDT 2014 Failed to load file 'parse_starterlog.e57bd3.awk' from 'http://gfactory-1.t2.ucsd.edu/glidefactory//stage/glidein_v3_0'.
Thu Aug 7 06:34:31 PDT 2014 Failed to load file 'condor_startup.e7uaai.sh' from 'http://gfactory-1.t2.ucsd.edu/glidefactory//stage/glidein_v3_0'.