2015-09-01 00:06:19,177 GIP.common:INFO /usr/lib/python2.6/site-packages/gip_common.py:207:  Using config file: gip.conf
2015-09-01 00:06:19,177 GIP.common:INFO /usr/lib/python2.6/site-packages/gip_common.py:207:  Using config file: /etc/gip/gip.conf
2015-09-01 00:06:19,180 GIP:INFO /usr/lib/python2.6/site-packages/gip_osg.py:165:  Using OSG config.ini /etc/osg/config.d.
2015-09-01 00:06:19,186 GIP:DEBUG /usr/lib/python2.6/site-packages/gip_osg.py:675:  Starting to configure information service endpoints
2015-09-01 00:06:19,187 GIP:INFO /usr/lib/python2.6/site-packages/gip_osg.py:746:  Configured BDII endpoints: http://is1.grid.iu.edu:14001, http://is2.grid.iu.edu:14001.
2015-09-01 00:06:19,187 GIP:INFO /usr/lib/python2.6/site-packages/gip_osg.py:754:  Configured ReSS endpoints: https://osg-ress-1.fnal.gov:8443/ig/services/CEInfoCollector.
2015-09-01 00:06:19,193 GIP.common:INFO /usr/lib/python2.6/site-packages/gip_common.py:207:  Using config file: gip.conf
2015-09-01 00:06:19,193 GIP.common:INFO /usr/lib/python2.6/site-packages/gip_common.py:207:  Using config file: /etc/gip/gip.conf
2015-09-01 00:06:19,194 GIP:INFO /usr/lib/python2.6/site-packages/gip_osg.py:165:  Using OSG config.ini /etc/osg/config.d.
2015-09-01 00:06:19,200 GIP:DEBUG /usr/lib/python2.6/site-packages/gip_osg.py:675:  Starting to configure information service endpoints
2015-09-01 00:06:19,201 GIP:INFO /usr/lib/python2.6/site-packages/gip_osg.py:746:  Configured BDII endpoints: http://is1.grid.iu.edu:14001, http://is2.grid.iu.edu:14001.
2015-09-01 00:06:19,201 GIP:INFO /usr/lib/python2.6/site-packages/gip_osg.py:754:  Configured ReSS endpoints: https://osg-ress-1.fnal.gov:8443/ig/services/CEInfoCollector.
2015-09-01 00:06:19,295 GIP.common:INFO /usr/lib/python2.6/site-packages/gip_common.py:207:  Using config file: gip.conf
2015-09-01 00:06:19,295 GIP.common:INFO /usr/lib/python2.6/site-packages/gip_common.py:207:  Using config file: /etc/gip/gip.conf
2015-09-01 00:06:19,298 GIP:INFO /usr/lib/python2.6/site-packages/gip_osg.py:165:  Using OSG config.ini /etc/osg/config.d.
2015-09-01 00:06:19,305 GIP:DEBUG /usr/lib/python2.6/site-packages/gip_osg.py:675:  Starting to configure information service endpoints
2015-09-01 00:06:19,307 GIP:INFO /usr/lib/python2.6/site-packages/gip_osg.py:746:  Configured BDII endpoints: http://is1.grid.iu.edu:14001, http://is2.grid.iu.edu:14001.
2015-09-01 00:06:19,307 GIP:INFO /usr/lib/python2.6/site-packages/gip_osg.py:754:  Configured ReSS endpoints: https://osg-ress-1.fnal.gov:8443/ig/services/CEInfoCollector.
2015-09-01 00:06:19,311 GIP.common:INFO /usr/lib/python2.6/site-packages/gip_common.py:207:  Using config file: gip.conf
2015-09-01 00:06:19,311 GIP.common:INFO /usr/lib/python2.6/site-packages/gip_common.py:207:  Using config file: /etc/gip/gip.conf
2015-09-01 00:06:19,313 GIP.common:INFO /usr/lib/python2.6/site-packages/gip_common.py:207:  Using config file: gip.conf
2015-09-01 00:06:19,314 GIP.common:INFO /usr/lib/python2.6/site-packages/gip_common.py:207:  Using config file: /etc/gip/gip.conf
2015-09-01 00:06:19,314 GIP:INFO /usr/lib/python2.6/site-packages/gip_osg.py:165:  Using OSG config.ini /etc/osg/config.d.
2015-09-01 00:06:19,314 GIP:INFO /usr/lib/python2.6/site-packages/gip_osg.py:165:  Using OSG config.ini /etc/osg/config.d.
2015-09-01 00:06:19,318 GIP.common:INFO /usr/lib/python2.6/site-packages/gip_common.py:207:  Using config file: gip.conf
2015-09-01 00:06:19,319 GIP.common:INFO /usr/lib/python2.6/site-packages/gip_common.py:207:  Using config file: /etc/gip/gip.conf
2015-09-01 00:06:19,321 GIP:DEBUG /usr/lib/python2.6/site-packages/gip_osg.py:675:  Starting to configure information service endpoints
2015-09-01 00:06:19,321 GIP:DEBUG /usr/lib/python2.6/site-packages/gip_osg.py:675:  Starting to configure information service endpoints
2015-09-01 00:06:19,321 GIP:INFO /usr/lib/python2.6/site-packages/gip_osg.py:165:  Using OSG config.ini /etc/osg/config.d.
2015-09-01 00:06:19,322 GIP:INFO /usr/lib/python2.6/site-packages/gip_osg.py:746:  Configured BDII endpoints: http://is1.grid.iu.edu:14001, http://is2.grid.iu.edu:14001.
2015-09-01 00:06:19,322 GIP:INFO /usr/lib/python2.6/site-packages/gip_osg.py:746:  Configured BDII endpoints: http://is1.grid.iu.edu:14001, http://is2.grid.iu.edu:14001.
2015-09-01 00:06:19,322 GIP:INFO /usr/lib/python2.6/site-packages/gip_osg.py:754:  Configured ReSS endpoints: https://osg-ress-1.fnal.gov:8443/ig/services/CEInfoCollector.
2015-09-01 00:06:19,322 GIP:INFO /usr/lib/python2.6/site-packages/gip_osg.py:754:  Configured ReSS endpoints: https://osg-ress-1.fnal.gov:8443/ig/services/CEInfoCollector.
2015-09-01 00:06:19,328 GIP:DEBUG /usr/lib/python2.6/site-packages/gip_osg.py:675:  Starting to configure information service endpoints
2015-09-01 00:06:19,329 GIP:INFO /usr/lib/python2.6/site-packages/gip_osg.py:746:  Configured BDII endpoints: http://is1.grid.iu.edu:14001, http://is2.grid.iu.edu:14001.
2015-09-01 00:06:19,330 GIP:INFO /usr/lib/python2.6/site-packages/gip_osg.py:754:  Configured ReSS endpoints: https://osg-ress-1.fnal.gov:8443/ig/services/CEInfoCollector.
2015-09-01 00:06:19,331 GIP.SE:INFO /usr/libexec/gip/providers/storage_element:15:  Using generic storage element.
2015-09-01 00:06:19,332 GIP.common:INFO /usr/lib/python2.6/site-packages/gip_common.py:207:  Using config file: gip.conf
2015-09-01 00:06:19,332 GIP.common:INFO /usr/lib/python2.6/site-packages/gip_common.py:207:  Using config file: /etc/gip/gip.conf
2015-09-01 00:06:19,333 GIP.common:INFO /usr/lib/python2.6/site-packages/gip_common.py:207:  Using config file: gip.conf
2015-09-01 00:06:19,333 GIP.common:INFO /usr/lib/python2.6/site-packages/gip_common.py:207:  Using config file: /etc/gip/gip.conf
2015-09-01 00:06:19,333 GIP.common:INFO /usr/lib/python2.6/site-packages/gip_common.py:207:  Using config file: gip.conf
2015-09-01 00:06:19,333 GIP.common:INFO /usr/lib/python2.6/site-packages/gip_common.py:207:  Using config file: /etc/gip/gip.conf
2015-09-01 00:06:19,335 GIP:INFO /usr/lib/python2.6/site-packages/gip_osg.py:165:  Using OSG config.ini /etc/osg/config.d.
2015-09-01 00:06:19,335 GIP.common:INFO /usr/lib/python2.6/site-packages/gip_common.py:207:  Using config file: gip.conf
2015-09-01 00:06:19,336 GIP.common:INFO /usr/lib/python2.6/site-packages/gip_common.py:207:  Using config file: /etc/gip/gip.conf
2015-09-01 00:06:19,336 GIP:INFO /usr/lib/python2.6/site-packages/gip_osg.py:165:  Using OSG config.ini /etc/osg/config.d.
2015-09-01 00:06:19,337 GIP:INFO /usr/lib/python2.6/site-packages/gip_osg.py:165:  Using OSG config.ini /etc/osg/config.d.
2015-09-01 00:06:19,338 GIP:INFO /usr/lib/python2.6/site-packages/gip_osg.py:165:  Using OSG config.ini /etc/osg/config.d.
2015-09-01 00:06:19,340 GIP.BatchSystem:INFO /usr/libexec/gip/providers/batch_system:23:  Using job manager slurm
2015-09-01 00:06:19,341 GIP.common:INFO /usr/lib/python2.6/site-packages/gip_common.py:207:  Using config file: gip.conf
2015-09-01 00:06:19,341 GIP.common:INFO /usr/lib/python2.6/site-packages/gip_common.py:207:  Using config file: /etc/gip/gip.conf
2015-09-01 00:06:19,342 GIP:INFO /usr/lib/python2.6/site-packages/gip_osg.py:165:  Using OSG config.ini /etc/osg/config.d.
2015-09-01 00:06:19,342 GIP.common:INFO /usr/lib/python2.6/site-packages/gip_common.py:207:  Using config file: gip.conf
2015-09-01 00:06:19,342 GIP.common:INFO /usr/lib/python2.6/site-packages/gip_common.py:207:  Using config file: /etc/gip/gip.conf
2015-09-01 00:06:19,342 GIP:DEBUG /usr/lib/python2.6/site-packages/gip_osg.py:675:  Starting to configure information service endpoints
2015-09-01 00:06:19,343 GIP:INFO /usr/lib/python2.6/site-packages/gip_osg.py:746:  Configured BDII endpoints: http://is1.grid.iu.edu:14001, http://is2.grid.iu.edu:14001.
2015-09-01 00:06:19,343 GIP:INFO /usr/lib/python2.6/site-packages/gip_osg.py:754:  Configured ReSS endpoints: https://osg-ress-1.fnal.gov:8443/ig/services/CEInfoCollector.
2015-09-01 00:06:19,344 GIP:DEBUG /usr/lib/python2.6/site-packages/gip_osg.py:675:  Starting to configure information service endpoints
2015-09-01 00:06:19,344 GIP.common:INFO /usr/lib/python2.6/site-packages/gip_common.py:207:  Using config file: gip.conf
2015-09-01 00:06:19,345 GIP:INFO /usr/lib/python2.6/site-packages/gip_osg.py:746:  Configured BDII endpoints: http://is1.grid.iu.edu:14001, http://is2.grid.iu.edu:14001.
2015-09-01 00:06:19,345 GIP.common:INFO /usr/lib/python2.6/site-packages/gip_common.py:207:  Using config file: /etc/gip/gip.conf
2015-09-01 00:06:19,345 GIP:DEBUG /usr/lib/python2.6/site-packages/gip_osg.py:675:  Starting to configure information service endpoints
2015-09-01 00:06:19,345 GIP:INFO /usr/lib/python2.6/site-packages/gip_osg.py:754:  Configured ReSS endpoints: https://osg-ress-1.fnal.gov:8443/ig/services/CEInfoCollector.
2015-09-01 00:06:19,345 GIP:INFO /usr/lib/python2.6/site-packages/gip_osg.py:165:  Using OSG config.ini /etc/osg/config.d.
2015-09-01 00:06:19,346 GIP:INFO /usr/lib/python2.6/site-packages/gip_osg.py:746:  Configured BDII endpoints: http://is1.grid.iu.edu:14001, http://is2.grid.iu.edu:14001.
2015-09-01 00:06:19,346 GIP:INFO /usr/lib/python2.6/site-packages/gip_osg.py:754:  Configured ReSS endpoints: https://osg-ress-1.fnal.gov:8443/ig/services/CEInfoCollector.
2015-09-01 00:06:19,346 GIP:DEBUG /usr/lib/python2.6/site-packages/gip_osg.py:675:  Starting to configure information service endpoints
2015-09-01 00:06:19,347 GIP:INFO /usr/lib/python2.6/site-packages/gip_osg.py:746:  Configured BDII endpoints: http://is1.grid.iu.edu:14001, http://is2.grid.iu.edu:14001.
2015-09-01 00:06:19,347 GIP:INFO /usr/lib/python2.6/site-packages/gip_osg.py:754:  Configured ReSS endpoints: https://osg-ress-1.fnal.gov:8443/ig/services/CEInfoCollector.
2015-09-01 00:06:19,347 GIP:INFO /usr/lib/python2.6/site-packages/gip_osg.py:165:  Using OSG config.ini /etc/osg/config.d.
2015-09-01 00:06:19,347 GIP.common:INFO /usr/lib/python2.6/site-packages/gip_common.py:207:  Using config file: gip.conf
2015-09-01 00:06:19,348 GIP.common:INFO /usr/lib/python2.6/site-packages/gip_common.py:207:  Using config file: /etc/gip/gip.conf
2015-09-01 00:06:19,348 GIP:DEBUG /usr/lib/python2.6/site-packages/gip_osg.py:675:  Starting to configure information service endpoints
2015-09-01 00:06:19,349 GIP:INFO /usr/lib/python2.6/site-packages/gip_osg.py:746:  Configured BDII endpoints: http://is1.grid.iu.edu:14001, http://is2.grid.iu.edu:14001.
2015-09-01 00:06:19,349 GIP:INFO /usr/lib/python2.6/site-packages/gip_osg.py:754:  Configured ReSS endpoints: https://osg-ress-1.fnal.gov:8443/ig/services/CEInfoCollector.
2015-09-01 00:06:19,350 GIP:INFO /usr/lib/python2.6/site-packages/gip_osg.py:165:  Using OSG config.ini /etc/osg/config.d.
2015-09-01 00:06:19,351 GIP.common:INFO /usr/lib/python2.6/site-packages/gip_common.py:207:  Using config file: gip.conf
2015-09-01 00:06:19,351 GIP.common:INFO /usr/lib/python2.6/site-packages/gip_common.py:207:  Using config file: /etc/gip/gip.conf
2015-09-01 00:06:19,352 GIP:INFO /usr/lib/python2.6/site-packages/gip_osg.py:165:  Using OSG config.ini /etc/osg/config.d.
2015-09-01 00:06:19,352 GIP:DEBUG /usr/lib/python2.6/site-packages/gip_osg.py:675:  Starting to configure information service endpoints
2015-09-01 00:06:19,353 GIP:INFO /usr/lib/python2.6/site-packages/gip_osg.py:746:  Configured BDII endpoints: http://is1.grid.iu.edu:14001, http://is2.grid.iu.edu:14001.
2015-09-01 00:06:19,354 GIP:INFO /usr/lib/python2.6/site-packages/gip_osg.py:754:  Configured ReSS endpoints: https://osg-ress-1.fnal.gov:8443/ig/services/CEInfoCollector.
2015-09-01 00:06:19,354 GIP.Storage.Generic:INFO /usr/lib/python2.6/site-packages/gip/providers/generic_storage.py:547:  Outputting SE GridUNESP_CENTRAL_SE; implementation bestman; provider static
2015-09-01 00:06:19,355 GIP.common:INFO /usr/lib/python2.6/site-packages/gip_common.py:262:  Using user-to-VO map location /var/lib/osg/user-vo-map.
2015-09-01 00:06:19,355 GIP.Storage:INFO /usr/lib/python2.6/site-packages/gip_storage.py:201:  Calculating Classic SE space.
2015-09-01 00:06:19,354 GIP:DEBUG /usr/lib/python2.6/site-packages/gip_osg.py:675:  Starting to configure information service endpoints
2015-09-01 00:06:19,355 GIP.Storage:INFO /usr/lib/python2.6/site-packages/gip_storage.py:219:  Querying VFS stats for VO.
2015-09-01 00:06:19,355 GIP.common:INFO /usr/lib/python2.6/site-packages/gip_common.py:262:  Using user-to-VO map location /var/lib/osg/user-vo-map.
2015-09-01 00:06:19,355 GIP:INFO /usr/lib/python2.6/site-packages/gip_osg.py:746:  Configured BDII endpoints: http://is1.grid.iu.edu:14001, http://is2.grid.iu.edu:14001.
2015-09-01 00:06:19,356 GIP:INFO /usr/lib/python2.6/site-packages/gip_osg.py:754:  Configured ReSS endpoints: https://osg-ress-1.fnal.gov:8443/ig/services/CEInfoCollector.
2015-09-01 00:06:19,358 GIP:DEBUG /usr/lib/python2.6/site-packages/gip_osg.py:675:  Starting to configure information service endpoints
2015-09-01 00:06:19,358 GIP:DEBUG /usr/lib/python2.6/site-packages/gip_osg.py:675:  Starting to configure information service endpoints
2015-09-01 00:06:19,359 GIP:INFO /usr/lib/python2.6/site-packages/gip_osg.py:746:  Configured BDII endpoints: http://is1.grid.iu.edu:14001, http://is2.grid.iu.edu:14001.
2015-09-01 00:06:19,359 GIP:INFO /usr/lib/python2.6/site-packages/gip_osg.py:746:  Configured BDII endpoints: http://is1.grid.iu.edu:14001, http://is2.grid.iu.edu:14001.
2015-09-01 00:06:19,359 GIP:INFO /usr/lib/python2.6/site-packages/gip_osg.py:754:  Configured ReSS endpoints: https://osg-ress-1.fnal.gov:8443/ig/services/CEInfoCollector.
2015-09-01 00:06:19,359 GIP:INFO /usr/lib/python2.6/site-packages/gip_osg.py:754:  Configured ReSS endpoints: https://osg-ress-1.fnal.gov:8443/ig/services/CEInfoCollector.
2015-09-01 00:06:19,360 GIP.common:INFO /usr/lib/python2.6/site-packages/gip_common.py:207:  Using config file: gip.conf
2015-09-01 00:06:19,360 GIP.common:INFO /usr/lib/python2.6/site-packages/gip_common.py:207:  Using config file: /etc/gip/gip.conf
2015-09-01 00:06:19,361 GIP:INFO /usr/lib/python2.6/site-packages/gip_osg.py:165:  Using OSG config.ini /etc/osg/config.d.
2015-09-01 00:06:19,362 GIP.common:INFO /usr/lib/python2.6/site-packages/gip_common.py:207:  Using config file: gip.conf
2015-09-01 00:06:19,362 GIP.common:INFO /usr/lib/python2.6/site-packages/gip_common.py:207:  Using config file: /etc/gip/gip.conf
2015-09-01 00:06:19,363 GIP:INFO /usr/lib/python2.6/site-packages/gip_osg.py:165:  Using OSG config.ini /etc/osg/config.d.
2015-09-01 00:06:19,365 GIP.authorization_service:INFO /usr/libexec/gip/providers/authorization_service:111:  Not advertising authorization service.
2015-09-01 00:06:19,367 GIP:DEBUG /usr/lib/python2.6/site-packages/gip_osg.py:675:  Starting to configure information service endpoints
2015-09-01 00:06:19,368 GIP:INFO /usr/lib/python2.6/site-packages/gip_osg.py:746:  Configured BDII endpoints: http://is1.grid.iu.edu:14001, http://is2.grid.iu.edu:14001.
2015-09-01 00:06:19,368 GIP:INFO /usr/lib/python2.6/site-packages/gip_osg.py:754:  Configured ReSS endpoints: https://osg-ress-1.fnal.gov:8443/ig/services/CEInfoCollector.
2015-09-01 00:06:19,370 GIP:DEBUG /usr/lib/python2.6/site-packages/gip_osg.py:675:  Starting to configure information service endpoints
2015-09-01 00:06:19,371 GIP:INFO /usr/lib/python2.6/site-packages/gip_osg.py:746:  Configured BDII endpoints: http://is1.grid.iu.edu:14001, http://is2.grid.iu.edu:14001.
2015-09-01 00:06:19,371 GIP:INFO /usr/lib/python2.6/site-packages/gip_osg.py:754:  Configured ReSS endpoints: https://osg-ress-1.fnal.gov:8443/ig/services/CEInfoCollector.
2015-09-01 00:06:19,375 GIP.Site:DEBUG /usr/lib/python2.6/site-packages/gip_site.py:54:  WLCG attributes: wlcg_grid, wlcg_tier, wlcg_parent, wlcg_name: ("OSG", "", "", "")
2015-09-01 00:06:19,375 GIP.Site:DEBUG /usr/lib/python2.6/site-packages/gip_site.py:64:  At least one null WLCG attribute - not publishing WLCG-style GlueSiteOtherInfo
2015-09-01 00:06:19,376 GIP.common:INFO /usr/lib/python2.6/site-packages/gip_common.py:207:  Using config file: gip.conf
2015-09-01 00:06:19,376 GIP.common:INFO /usr/lib/python2.6/site-packages/gip_common.py:207:  Using config file: /etc/gip/gip.conf
2015-09-01 00:06:19,376 GIP.common:INFO /usr/lib/python2.6/site-packages/gip_common.py:262:  Using user-to-VO map location /var/lib/osg/user-vo-map.
2015-09-01 00:06:19,377 GIP:INFO /usr/lib/python2.6/site-packages/gip_osg.py:165:  Using OSG config.ini /etc/osg/config.d.
2015-09-01 00:06:19,379 GIP.common:INFO /usr/lib/python2.6/site-packages/gip_common.py:207:  Using config file: gip.conf
2015-09-01 00:06:19,379 GIP.common:INFO /usr/lib/python2.6/site-packages/gip_common.py:207:  Using config file: /etc/gip/gip.conf
2015-09-01 00:06:19,380 GIP:INFO /usr/lib/python2.6/site-packages/gip_osg.py:165:  Using OSG config.ini /etc/osg/config.d.
2015-09-01 00:06:19,384 GIP:DEBUG /usr/lib/python2.6/site-packages/gip_osg.py:675:  Starting to configure information service endpoints
2015-09-01 00:06:19,385 GIP:INFO /usr/lib/python2.6/site-packages/gip_osg.py:746:  Configured BDII endpoints: http://is1.grid.iu.edu:14001, http://is2.grid.iu.edu:14001.
2015-09-01 00:06:19,385 GIP:INFO /usr/lib/python2.6/site-packages/gip_osg.py:754:  Configured ReSS endpoints: https://osg-ress-1.fnal.gov:8443/ig/services/CEInfoCollector.
2015-09-01 00:06:19,389 GIP:DEBUG /usr/lib/python2.6/site-packages/gip_osg.py:675:  Starting to configure information service endpoints
2015-09-01 00:06:19,390 GIP:INFO /usr/lib/python2.6/site-packages/gip_osg.py:746:  Configured BDII endpoints: http://is1.grid.iu.edu:14001, http://is2.grid.iu.edu:14001.
2015-09-01 00:06:19,390 GIP:INFO /usr/lib/python2.6/site-packages/gip_osg.py:754:  Configured ReSS endpoints: https://osg-ress-1.fnal.gov:8443/ig/services/CEInfoCollector.
2015-09-01 00:06:19,391 GIP.common:INFO /usr/lib/python2.6/site-packages/gip_common.py:207:  Using config file: gip.conf
2015-09-01 00:06:19,392 GIP.common:INFO /usr/lib/python2.6/site-packages/gip_common.py:207:  Using config file: /etc/gip/gip.conf
2015-09-01 00:06:19,392 GIP:INFO /usr/lib/python2.6/site-packages/gip_osg.py:165:  Using OSG config.ini /etc/osg/config.d.
2015-09-01 00:06:19,397 GIP.common:INFO /usr/lib/python2.6/site-packages/gip_common.py:207:  Using config file: gip.conf
2015-09-01 00:06:19,397 GIP.common:INFO /usr/lib/python2.6/site-packages/gip_common.py:207:  Using config file: /etc/gip/gip.conf
2015-09-01 00:06:19,398 GIP:INFO /usr/lib/python2.6/site-packages/gip_osg.py:165:  Using OSG config.ini /etc/osg/config.d.
2015-09-01 00:06:19,399 GIP:DEBUG /usr/lib/python2.6/site-packages/gip_osg.py:675:  Starting to configure information service endpoints
2015-09-01 00:06:19,400 GIP:INFO /usr/lib/python2.6/site-packages/gip_osg.py:746:  Configured BDII endpoints: http://is1.grid.iu.edu:14001, http://is2.grid.iu.edu:14001.
2015-09-01 00:06:19,400 GIP:INFO /usr/lib/python2.6/site-packages/gip_osg.py:754:  Configured ReSS endpoints: https://osg-ress-1.fnal.gov:8443/ig/services/CEInfoCollector.
2015-09-01 00:06:19,405 GIP:DEBUG /usr/lib/python2.6/site-packages/gip_osg.py:675:  Starting to configure information service endpoints
2015-09-01 00:06:19,405 GIP:INFO /usr/lib/python2.6/site-packages/gip_osg.py:746:  Configured BDII endpoints: http://is1.grid.iu.edu:14001, http://is2.grid.iu.edu:14001.
2015-09-01 00:06:19,406 GIP:INFO /usr/lib/python2.6/site-packages/gip_osg.py:754:  Configured ReSS endpoints: https://osg-ress-1.fnal.gov:8443/ig/services/CEInfoCollector.
2015-09-01 00:06:19,408 GIP.common:INFO /usr/lib/python2.6/site-packages/gip_common.py:207:  Using config file: gip.conf
2015-09-01 00:06:19,408 GIP.common:INFO /usr/lib/python2.6/site-packages/gip_common.py:207:  Using config file: /etc/gip/gip.conf
2015-09-01 00:06:19,409 GIP:INFO /usr/lib/python2.6/site-packages/gip_osg.py:165:  Using OSG config.ini /etc/osg/config.d.
2015-09-01 00:06:19,416 GIP:DEBUG /usr/lib/python2.6/site-packages/gip_osg.py:675:  Starting to configure information service endpoints
2015-09-01 00:06:19,417 GIP:INFO /usr/lib/python2.6/site-packages/gip_osg.py:746:  Configured BDII endpoints: http://is1.grid.iu.edu:14001, http://is2.grid.iu.edu:14001.
2015-09-01 00:06:19,417 GIP:INFO /usr/lib/python2.6/site-packages/gip_osg.py:754:  Configured ReSS endpoints: https://osg-ress-1.fnal.gov:8443/ig/services/CEInfoCollector.
2015-09-01 00:06:19,469 GIP.Storage:INFO /usr/lib/python2.6/site-packages/gip_storage.py:243:  Resulting byte-values; used 465145167872, free 340026982400, total 805172150272
2015-09-01 00:06:19,471 GIP.common:INFO /usr/lib/python2.6/site-packages/gip_common.py:207:  Using config file: gip.conf
2015-09-01 00:06:19,471 GIP.common:INFO /usr/lib/python2.6/site-packages/gip_common.py:207:  Using config file: /etc/gip/gip.conf
2015-09-01 00:06:19,472 GIP:INFO /usr/lib/python2.6/site-packages/gip_osg.py:165:  Using OSG config.ini /etc/osg/config.d.
2015-09-01 00:06:19,478 GIP:DEBUG /usr/lib/python2.6/site-packages/gip_osg.py:675:  Starting to configure information service endpoints
2015-09-01 00:06:19,479 GIP:INFO /usr/lib/python2.6/site-packages/gip_osg.py:746:  Configured BDII endpoints: http://is1.grid.iu.edu:14001, http://is2.grid.iu.edu:14001.
2015-09-01 00:06:19,479 GIP:INFO /usr/lib/python2.6/site-packages/gip_osg.py:754:  Configured ReSS endpoints: https://osg-ress-1.fnal.gov:8443/ig/services/CEInfoCollector.
2015-09-01 00:06:19,486 GIP.Storage.Generic:INFO /usr/lib/python2.6/site-packages/gip/providers/generic_storage.py:353:  {'status': 'Production', 'total': 805L, 'siteUniqueID': 'GridUNESP_CENTRAL', 'seName': 'GridUNESP_CENTRAL_SE', 'nearlineTotal': 0, 'implementation': 'bestman', 'arch': 'disk', 'onlineTotal': 805L, 'free': 340L, 'version': '2.2.1.2.i7.p3', 'architecture': 'disk', 'bdii': 'ldap://is.grid.iu.edu:2170', 'seUniqueID': 'se.grid.unesp.br', 'nearlineUsed': 0, 'onlineUsed': 465L, 'port': '8443'}
2015-09-01 00:06:19,487 GIP.common:INFO /usr/lib/python2.6/site-packages/gip_common.py:262:  Using user-to-VO map location /var/lib/osg/user-vo-map.
2015-09-01 00:06:19,490 GIP.Storage:INFO /usr/lib/python2.6/site-packages/gip_storage.py:201:  Calculating Classic SE space.
2015-09-01 00:06:19,490 GIP.Storage:INFO /usr/lib/python2.6/site-packages/gip_storage.py:219:  Querying VFS stats for VO.
2015-09-01 00:06:19,491 GIP.common:INFO /usr/lib/python2.6/site-packages/gip_common.py:262:  Using user-to-VO map location /var/lib/osg/user-vo-map.
2015-09-01 00:06:19,495 GIP.common:INFO /usr/lib/python2.6/site-packages/gip_common.py:207:  Using config file: gip.conf
2015-09-01 00:06:19,495 GIP.common:INFO /usr/lib/python2.6/site-packages/gip_common.py:207:  Using config file: /etc/gip/gip.conf
2015-09-01 00:06:19,496 GIP:INFO /usr/lib/python2.6/site-packages/gip_osg.py:165:  Using OSG config.ini /etc/osg/config.d.
2015-09-01 00:06:19,503 GIP:DEBUG /usr/lib/python2.6/site-packages/gip_osg.py:675:  Starting to configure information service endpoints
2015-09-01 00:06:19,504 GIP:INFO /usr/lib/python2.6/site-packages/gip_osg.py:746:  Configured BDII endpoints: http://is1.grid.iu.edu:14001, http://is2.grid.iu.edu:14001.
2015-09-01 00:06:19,504 GIP:INFO /usr/lib/python2.6/site-packages/gip_osg.py:754:  Configured ReSS endpoints: https://osg-ress-1.fnal.gov:8443/ig/services/CEInfoCollector.
2015-09-01 00:06:19,524 GIP.SLURM:ERROR /usr/lib/python2.6/site-packages/gip/providers/slurm.py:201:  'rack5,rack1,rack2,rack3,rack4,r'
Traceback (most recent call last):
  File "/usr/lib/python2.6/site-packages/gip/providers/slurm.py", line 197, in main
    queueInfo = print_CE(cp)
  File "/usr/lib/python2.6/site-packages/gip/providers/slurm.py", line 25, in print_CE
    queueInfo = getQueueInfo(cp)
  File "/usr/lib/python2.6/site-packages/slurm_common.py", line 156, in getQueueInfo
    queue_data = queueInfo[queue_name]
KeyError: 'rack5,rack1,rack2,rack3,rack4,r'
2015-09-01 00:06:19,599 GIP.Storage:INFO /usr/lib/python2.6/site-packages/gip_storage.py:243:  Resulting byte-values; used 465145167872, free 340026982400, total 805172150272
2015-09-01 00:06:19,602 GIP.common:INFO /usr/lib/python2.6/site-packages/gip_common.py:207:  Using config file: gip.conf
2015-09-01 00:06:19,602 GIP.common:INFO /usr/lib/python2.6/site-packages/gip_common.py:207:  Using config file: /etc/gip/gip.conf
2015-09-01 00:06:19,603 GIP:INFO /usr/lib/python2.6/site-packages/gip_osg.py:165:  Using OSG config.ini /etc/osg/config.d.
2015-09-01 00:06:19,609 GIP:DEBUG /usr/lib/python2.6/site-packages/gip_osg.py:675:  Starting to configure information service endpoints
2015-09-01 00:06:19,610 GIP:INFO /usr/lib/python2.6/site-packages/gip_osg.py:746:  Configured BDII endpoints: http://is1.grid.iu.edu:14001, http://is2.grid.iu.edu:14001.
2015-09-01 00:06:19,610 GIP:INFO /usr/lib/python2.6/site-packages/gip_osg.py:754:  Configured ReSS endpoints: https://osg-ress-1.fnal.gov:8443/ig/services/CEInfoCollector.
2015-09-01 00:06:19,617 GIP.common:INFO /usr/lib/python2.6/site-packages/gip_common.py:262:  Using user-to-VO map location /var/lib/osg/user-vo-map.
2015-09-01 00:06:19,619 GIP.Storage:INFO /usr/lib/python2.6/site-packages/gip_storage.py:201:  Calculating Classic SE space.
2015-09-01 00:06:19,620 GIP.Storage:INFO /usr/lib/python2.6/site-packages/gip_storage.py:219:  Querying VFS stats for VO.
2015-09-01 00:06:19,620 GIP.common:INFO /usr/lib/python2.6/site-packages/gip_common.py:262:  Using user-to-VO map location /var/lib/osg/user-vo-map.
2015-09-01 00:06:19,693 GIP.Storage:INFO /usr/lib/python2.6/site-packages/gip_storage.py:243:  Resulting byte-values; used 465145167872, free 340026982400, total 805172150272
2015-09-01 00:06:19,723 GIP.common:INFO /usr/lib/python2.6/site-packages/gip_common.py:207:  Using config file: gip.conf
2015-09-01 00:06:19,724 GIP.common:INFO /usr/lib/python2.6/site-packages/gip_common.py:207:  Using config file: /etc/gip/gip.conf
2015-09-01 00:06:19,724 GIP:INFO /usr/lib/python2.6/site-packages/gip_osg.py:165:  Using OSG config.ini /etc/osg/config.d.
2015-09-01 00:06:19,731 GIP:DEBUG /usr/lib/python2.6/site-packages/gip_osg.py:675:  Starting to configure information service endpoints
2015-09-01 00:06:19,732 GIP:INFO /usr/lib/python2.6/site-packages/gip_osg.py:746:  Configured BDII endpoints: http://is1.grid.iu.edu:14001, http://is2.grid.iu.edu:14001.
2015-09-01 00:06:19,732 GIP:INFO /usr/lib/python2.6/site-packages/gip_osg.py:754:  Configured ReSS endpoints: https://osg-ress-1.fnal.gov:8443/ig/services/CEInfoCollector.
2015-09-01 00:06:19,739 GIP.common:INFO /usr/lib/python2.6/site-packages/gip_common.py:207:  Using config file: gip.conf
2015-09-01 00:06:19,739 GIP.common:INFO /usr/lib/python2.6/site-packages/gip_common.py:207:  Using config file: /etc/gip/gip.conf
2015-09-01 00:06:19,739 GIP:INFO /usr/lib/python2.6/site-packages/gip_osg.py:165:  Using OSG config.ini /etc/osg/config.d.
2015-09-01 00:06:19,746 GIP:DEBUG /usr/lib/python2.6/site-packages/gip_osg.py:675:  Starting to configure information service endpoints
2015-09-01 00:06:19,747 GIP:INFO /usr/lib/python2.6/site-packages/gip_osg.py:746:  Configured BDII endpoints: http://is1.grid.iu.edu:14001, http://is2.grid.iu.edu:14001.
2015-09-01 00:06:19,746 GIP.Cluster:WARNING /usr/lib/python2.6/site-packages/gip_cluster.py:279:  Invalid line: MountPoints
2015-09-01 00:06:19,747 GIP:INFO /usr/lib/python2.6/site-packages/gip_osg.py:754:  Configured ReSS endpoints: https://osg-ress-1.fnal.gov:8443/ig/services/CEInfoCollector.
2015-09-01 00:06:19,753 GIP.common:INFO /usr/lib/python2.6/site-packages/gip_common.py:207:  Using config file: gip.conf
2015-09-01 00:06:19,754 GIP.common:INFO /usr/lib/python2.6/site-packages/gip_common.py:207:  Using config file: /etc/gip/gip.conf
2015-09-01 00:06:19,754 GIP:INFO /usr/lib/python2.6/site-packages/gip_osg.py:165:  Using OSG config.ini /etc/osg/config.d.
2015-09-01 00:06:19,761 GIP:DEBUG /usr/lib/python2.6/site-packages/gip_osg.py:675:  Starting to configure information service endpoints
2015-09-01 00:06:19,762 GIP:INFO /usr/lib/python2.6/site-packages/gip_osg.py:746:  Configured BDII endpoints: http://is1.grid.iu.edu:14001, http://is2.grid.iu.edu:14001.
2015-09-01 00:06:19,762 GIP:INFO /usr/lib/python2.6/site-packages/gip_osg.py:754:  Configured ReSS endpoints: https://osg-ress-1.fnal.gov:8443/ig/services/CEInfoCollector.
2015-09-01 00:06:19,769 GIP.common:INFO /usr/lib/python2.6/site-packages/gip_common.py:207:  Using config file: gip.conf
2015-09-01 00:06:19,768 GIP.common:INFO /usr/lib/python2.6/site-packages/gip_common.py:262:  Using user-to-VO map location /var/lib/osg/user-vo-map.
2015-09-01 00:06:19,769 GIP.common:INFO /usr/lib/python2.6/site-packages/gip_common.py:207:  Using config file: /etc/gip/gip.conf
2015-09-01 00:06:19,770 GIP:INFO /usr/lib/python2.6/site-packages/gip_osg.py:165:  Using OSG config.ini /etc/osg/config.d.
2015-09-01 00:06:19,773 GIP.common:INFO /usr/lib/python2.6/site-packages/gip_common.py:207:  Using config file: gip.conf
2015-09-01 00:06:19,774 GIP.common:INFO /usr/lib/python2.6/site-packages/gip_common.py:207:  Using config file: /etc/gip/gip.conf
2015-09-01 00:06:19,775 GIP:INFO /usr/lib/python2.6/site-packages/gip_osg.py:165:  Using OSG config.ini /etc/osg/config.d.
2015-09-01 00:06:19,776 GIP:DEBUG /usr/lib/python2.6/site-packages/gip_osg.py:675:  Starting to configure information service endpoints
2015-09-01 00:06:19,777 GIP:INFO /usr/lib/python2.6/site-packages/gip_osg.py:746:  Configured BDII endpoints: http://is1.grid.iu.edu:14001, http://is2.grid.iu.edu:14001.
2015-09-01 00:06:19,777 GIP:INFO /usr/lib/python2.6/site-packages/gip_osg.py:754:  Configured ReSS endpoints: https://osg-ress-1.fnal.gov:8443/ig/services/CEInfoCollector.
2015-09-01 00:06:19,783 GIP:DEBUG /usr/lib/python2.6/site-packages/gip_osg.py:675:  Starting to configure information service endpoints
2015-09-01 00:06:19,784 GIP.common:INFO /usr/lib/python2.6/site-packages/gip_common.py:207:  Using config file: gip.conf
2015-09-01 00:06:19,784 GIP:INFO /usr/lib/python2.6/site-packages/gip_osg.py:746:  Configured BDII endpoints: http://is1.grid.iu.edu:14001, http://is2.grid.iu.edu:14001.
2015-09-01 00:06:19,784 GIP.common:INFO /usr/lib/python2.6/site-packages/gip_common.py:207:  Using config file: /etc/gip/gip.conf
2015-09-01 00:06:19,784 GIP:INFO /usr/lib/python2.6/site-packages/gip_osg.py:754:  Configured ReSS endpoints: https://osg-ress-1.fnal.gov:8443/ig/services/CEInfoCollector.
2015-09-01 00:06:19,785 GIP:INFO /usr/lib/python2.6/site-packages/gip_osg.py:165:  Using OSG config.ini /etc/osg/config.d.
2015-09-01 00:06:19,791 GIP:DEBUG /usr/lib/python2.6/site-packages/gip_osg.py:675:  Starting to configure information service endpoints
2015-09-01 00:06:19,792 GIP:INFO /usr/lib/python2.6/site-packages/gip_osg.py:746:  Configured BDII endpoints: http://is1.grid.iu.edu:14001, http://is2.grid.iu.edu:14001.
2015-09-01 00:06:19,792 GIP:INFO /usr/lib/python2.6/site-packages/gip_osg.py:754:  Configured ReSS endpoints: https://osg-ress-1.fnal.gov:8443/ig/services/CEInfoCollector.
2015-09-01 00:06:19,799 GIP.common:INFO /usr/lib/python2.6/site-packages/gip_common.py:207:  Using config file: gip.conf
2015-09-01 00:06:19,800 GIP.common:INFO /usr/lib/python2.6/site-packages/gip_common.py:207:  Using config file: /etc/gip/gip.conf
2015-09-01 00:06:19,800 GIP:INFO /usr/lib/python2.6/site-packages/gip_osg.py:165:  Using OSG config.ini /etc/osg/config.d.
2015-09-01 00:06:19,807 GIP:DEBUG /usr/lib/python2.6/site-packages/gip_osg.py:675:  Starting to configure information service endpoints
2015-09-01 00:06:19,807 GIP:INFO /usr/lib/python2.6/site-packages/gip_osg.py:746:  Configured BDII endpoints: http://is1.grid.iu.edu:14001, http://is2.grid.iu.edu:14001.
2015-09-01 00:06:19,808 GIP:INFO /usr/lib/python2.6/site-packages/gip_osg.py:754:  Configured ReSS endpoints: https://osg-ress-1.fnal.gov:8443/ig/services/CEInfoCollector.
2015-09-01 00:06:19,814 GIP.common:INFO /usr/lib/python2.6/site-packages/gip_common.py:207:  Using config file: gip.conf
2015-09-01 00:06:19,814 GIP.common:INFO /usr/lib/python2.6/site-packages/gip_common.py:207:  Using config file: /etc/gip/gip.conf
2015-09-01 00:06:19,815 GIP:INFO /usr/lib/python2.6/site-packages/gip_osg.py:165:  Using OSG config.ini /etc/osg/config.d.
2015-09-01 00:06:19,821 GIP:DEBUG /usr/lib/python2.6/site-packages/gip_osg.py:675:  Starting to configure information service endpoints
2015-09-01 00:06:19,822 GIP:INFO /usr/lib/python2.6/site-packages/gip_osg.py:746:  Configured BDII endpoints: http://is1.grid.iu.edu:14001, http://is2.grid.iu.edu:14001.
2015-09-01 00:06:19,822 GIP:INFO /usr/lib/python2.6/site-packages/gip_osg.py:754:  Configured ReSS endpoints: https://osg-ress-1.fnal.gov:8443/ig/services/CEInfoCollector.
2015-09-01 00:06:19,828 GIP.common:INFO /usr/lib/python2.6/site-packages/gip_common.py:207:  Using config file: gip.conf
2015-09-01 00:06:19,829 GIP.common:INFO /usr/lib/python2.6/site-packages/gip_common.py:207:  Using config file: /etc/gip/gip.conf
2015-09-01 00:06:19,829 GIP:INFO /usr/lib/python2.6/site-packages/gip_osg.py:165:  Using OSG config.ini /etc/osg/config.d.
2015-09-01 00:06:19,835 GIP:DEBUG /usr/lib/python2.6/site-packages/gip_osg.py:675:  Starting to configure information service endpoints
2015-09-01 00:06:19,836 GIP:INFO /usr/lib/python2.6/site-packages/gip_osg.py:746:  Configured BDII endpoints: http://is1.grid.iu.edu:14001, http://is2.grid.iu.edu:14001.
2015-09-01 00:06:19,836 GIP:INFO /usr/lib/python2.6/site-packages/gip_osg.py:754:  Configured ReSS endpoints: https://osg-ress-1.fnal.gov:8443/ig/services/CEInfoCollector.
2015-09-01 00:06:19,843 GIP.common:INFO /usr/lib/python2.6/site-packages/gip_common.py:207:  Using config file: gip.conf
2015-09-01 00:06:19,843 GIP.common:INFO /usr/lib/python2.6/site-packages/gip_common.py:207:  Using config file: /etc/gip/gip.conf
2015-09-01 00:06:19,844 GIP:INFO /usr/lib/python2.6/site-packages/gip_osg.py:165:  Using OSG config.ini /etc/osg/config.d.
2015-09-01 00:06:19,850 GIP:DEBUG /usr/lib/python2.6/site-packages/gip_osg.py:675:  Starting to configure information service endpoints
2015-09-01 00:06:19,851 GIP:INFO /usr/lib/python2.6/site-packages/gip_osg.py:746:  Configured BDII endpoints: http://is1.grid.iu.edu:14001, http://is2.grid.iu.edu:14001.
2015-09-01 00:06:19,851 GIP:INFO /usr/lib/python2.6/site-packages/gip_osg.py:754:  Configured ReSS endpoints: https://osg-ress-1.fnal.gov:8443/ig/services/CEInfoCollector.
2015-09-01 00:06:19,858 GIP.common:INFO /usr/lib/python2.6/site-packages/gip_common.py:207:  Using config file: gip.conf
2015-09-01 00:06:19,858 GIP.common:INFO /usr/lib/python2.6/site-packages/gip_common.py:207:  Using config file: /etc/gip/gip.conf
2015-09-01 00:06:19,858 GIP:INFO /usr/lib/python2.6/site-packages/gip_osg.py:165:  Using OSG config.ini /etc/osg/config.d.
2015-09-01 00:06:19,865 GIP:DEBUG /usr/lib/python2.6/site-packages/gip_osg.py:675:  Starting to configure information service endpoints
2015-09-01 00:06:19,866 GIP:INFO /usr/lib/python2.6/site-packages/gip_osg.py:746:  Configured BDII endpoints: http://is1.grid.iu.edu:14001, http://is2.grid.iu.edu:14001.
2015-09-01 00:06:19,866 GIP:INFO /usr/lib/python2.6/site-packages/gip_osg.py:754:  Configured ReSS endpoints: https://osg-ress-1.fnal.gov:8443/ig/services/CEInfoCollector.
2015-09-01 00:06:19,872 GIP.common:INFO /usr/lib/python2.6/site-packages/gip_common.py:207:  Using config file: gip.conf
2015-09-01 00:06:19,872 GIP.common:INFO /usr/lib/python2.6/site-packages/gip_common.py:207:  Using config file: /etc/gip/gip.conf
2015-09-01 00:06:19,873 GIP:INFO /usr/lib/python2.6/site-packages/gip_osg.py:165:  Using OSG config.ini /etc/osg/config.d.
2015-09-01 00:06:19,880 GIP:DEBUG /usr/lib/python2.6/site-packages/gip_osg.py:675:  Starting to configure information service endpoints
2015-09-01 00:06:19,881 GIP:INFO /usr/lib/python2.6/site-packages/gip_osg.py:746:  Configured BDII endpoints: http://is1.grid.iu.edu:14001, http://is2.grid.iu.edu:14001.
2015-09-01 00:06:19,881 GIP:INFO /usr/lib/python2.6/site-packages/gip_osg.py:754:  Configured ReSS endpoints: https://osg-ress-1.fnal.gov:8443/ig/services/CEInfoCollector.
2015-09-01 00:06:19,887 GIP.common:INFO /usr/lib/python2.6/site-packages/gip_common.py:207:  Using config file: gip.conf
2015-09-01 00:06:19,887 GIP.common:INFO /usr/lib/python2.6/site-packages/gip_common.py:207:  Using config file: /etc/gip/gip.conf
2015-09-01 00:06:19,888 GIP:INFO /usr/lib/python2.6/site-packages/gip_osg.py:165:  Using OSG config.ini /etc/osg/config.d.
2015-09-01 00:06:19,894 GIP:DEBUG /usr/lib/python2.6/site-packages/gip_osg.py:675:  Starting to configure information service endpoints
2015-09-01 00:06:19,895 GIP:INFO /usr/lib/python2.6/site-packages/gip_osg.py:746:  Configured BDII endpoints: http://is1.grid.iu.edu:14001, http://is2.grid.iu.edu:14001.
2015-09-01 00:06:19,895 GIP:INFO /usr/lib/python2.6/site-packages/gip_osg.py:754:  Configured ReSS endpoints: https://osg-ress-1.fnal.gov:8443/ig/services/CEInfoCollector.
2015-09-01 00:06:19,901 GIP.common:INFO /usr/lib/python2.6/site-packages/gip_common.py:207:  Using config file: gip.conf
2015-09-01 00:06:19,901 GIP.common:INFO /usr/lib/python2.6/site-packages/gip_common.py:207:  Using config file: /etc/gip/gip.conf
2015-09-01 00:06:19,902 GIP:INFO /usr/lib/python2.6/site-packages/gip_osg.py:165:  Using OSG config.ini /etc/osg/config.d.
2015-09-01 00:06:19,908 GIP:DEBUG /usr/lib/python2.6/site-packages/gip_osg.py:675:  Starting to configure information service endpoints
2015-09-01 00:06:19,909 GIP:INFO /usr/lib/python2.6/site-packages/gip_osg.py:746:  Configured BDII endpoints: http://is1.grid.iu.edu:14001, http://is2.grid.iu.edu:14001.
2015-09-01 00:06:19,909 GIP:INFO /usr/lib/python2.6/site-packages/gip_osg.py:754:  Configured ReSS endpoints: https://osg-ress-1.fnal.gov:8443/ig/services/CEInfoCollector.
2015-09-01 00:06:19,915 GIP.common:INFO /usr/lib/python2.6/site-packages/gip_common.py:207:  Using config file: gip.conf
2015-09-01 00:06:19,916 GIP.common:INFO /usr/lib/python2.6/site-packages/gip_common.py:207:  Using config file: /etc/gip/gip.conf
2015-09-01 00:06:19,916 GIP:INFO /usr/lib/python2.6/site-packages/gip_osg.py:165:  Using OSG config.ini /etc/osg/config.d.
2015-09-01 00:06:19,922 GIP:DEBUG /usr/lib/python2.6/site-packages/gip_osg.py:675:  Starting to configure information service endpoints
2015-09-01 00:06:19,923 GIP:INFO /usr/lib/python2.6/site-packages/gip_osg.py:746:  Configured BDII endpoints: http://is1.grid.iu.edu:14001, http://is2.grid.iu.edu:14001.
2015-09-01 00:06:19,923 GIP:INFO /usr/lib/python2.6/site-packages/gip_osg.py:754:  Configured ReSS endpoints: https://osg-ress-1.fnal.gov:8443/ig/services/CEInfoCollector.
2015-09-01 00:06:19,930 GIP.common:INFO /usr/lib/python2.6/site-packages/gip_common.py:207:  Using config file: gip.conf
2015-09-01 00:06:19,930 GIP.common:INFO /usr/lib/python2.6/site-packages/gip_common.py:207:  Using config file: /etc/gip/gip.conf
2015-09-01 00:06:19,930 GIP:INFO /usr/lib/python2.6/site-packages/gip_osg.py:165:  Using OSG config.ini /etc/osg/config.d.
2015-09-01 00:06:19,936 GIP:DEBUG /usr/lib/python2.6/site-packages/gip_osg.py:675:  Starting to configure information service endpoints
2015-09-01 00:06:19,937 GIP:INFO /usr/lib/python2.6/site-packages/gip_osg.py:746:  Configured BDII endpoints: http://is1.grid.iu.edu:14001, http://is2.grid.iu.edu:14001.
2015-09-01 00:06:19,938 GIP:INFO /usr/lib/python2.6/site-packages/gip_osg.py:754:  Configured ReSS endpoints: https://osg-ress-1.fnal.gov:8443/ig/services/CEInfoCollector.
2015-09-01 00:06:19,944 GIP.common:INFO /usr/lib/python2.6/site-packages/gip_common.py:207:  Using config file: gip.conf
2015-09-01 00:06:19,944 GIP.common:INFO /usr/lib/python2.6/site-packages/gip_common.py:207:  Using config file: /etc/gip/gip.conf
2015-09-01 00:06:19,945 GIP:INFO /usr/lib/python2.6/site-packages/gip_osg.py:165:  Using OSG config.ini /etc/osg/config.d.
2015-09-01 00:06:19,951 GIP:DEBUG /usr/lib/python2.6/site-packages/gip_osg.py:675:  Starting to configure information service endpoints
2015-09-01 00:06:19,951 GIP:INFO /usr/lib/python2.6/site-packages/gip_osg.py:746:  Configured BDII endpoints: http://is1.grid.iu.edu:14001, http://is2.grid.iu.edu:14001.
2015-09-01 00:06:19,952 GIP:INFO /usr/lib/python2.6/site-packages/gip_osg.py:754:  Configured ReSS endpoints: https://osg-ress-1.fnal.gov:8443/ig/services/CEInfoCollector.
2015-09-01 00:06:19,958 GIP.common:INFO /usr/lib/python2.6/site-packages/gip_common.py:207:  Using config file: gip.conf
2015-09-01 00:06:19,958 GIP.common:INFO /usr/lib/python2.6/site-packages/gip_common.py:207:  Using config file: /etc/gip/gip.conf
2015-09-01 00:06:19,959 GIP:INFO /usr/lib/python2.6/site-packages/gip_osg.py:165:  Using OSG config.ini /etc/osg/config.d.
2015-09-01 00:06:19,965 GIP:DEBUG /usr/lib/python2.6/site-packages/gip_osg.py:675:  Starting to configure information service endpoints
2015-09-01 00:06:19,966 GIP:INFO /usr/lib/python2.6/site-packages/gip_osg.py:746:  Configured BDII endpoints: http://is1.grid.iu.edu:14001, http://is2.grid.iu.edu:14001.
2015-09-01 00:06:19,966 GIP:INFO /usr/lib/python2.6/site-packages/gip_osg.py:754:  Configured ReSS endpoints: https://osg-ress-1.fnal.gov:8443/ig/services/CEInfoCollector.
2015-09-01 00:06:19,972 GIP.common:INFO /usr/lib/python2.6/site-packages/gip_common.py:207:  Using config file: gip.conf
2015-09-01 00:06:19,972 GIP.common:INFO /usr/lib/python2.6/site-packages/gip_common.py:207:  Using config file: /etc/gip/gip.conf
2015-09-01 00:06:19,973 GIP:INFO /usr/lib/python2.6/site-packages/gip_osg.py:165:  Using OSG config.ini /etc/osg/config.d.
2015-09-01 00:06:19,979 GIP:DEBUG /usr/lib/python2.6/site-packages/gip_osg.py:675:  Starting to configure information service endpoints
2015-09-01 00:06:19,979 GIP:INFO /usr/lib/python2.6/site-packages/gip_osg.py:746:  Configured BDII endpoints: http://is1.grid.iu.edu:14001, http://is2.grid.iu.edu:14001.
2015-09-01 00:06:19,980 GIP:INFO /usr/lib/python2.6/site-packages/gip_osg.py:754:  Configured ReSS endpoints: https://osg-ress-1.fnal.gov:8443/ig/services/CEInfoCollector.
2015-09-01 00:06:19,986 GIP.common:INFO /usr/lib/python2.6/site-packages/gip_common.py:207:  Using config file: gip.conf
2015-09-01 00:06:19,986 GIP.common:INFO /usr/lib/python2.6/site-packages/gip_common.py:207:  Using config file: /etc/gip/gip.conf
2015-09-01 00:06:19,986 GIP:INFO /usr/lib/python2.6/site-packages/gip_osg.py:165:  Using OSG config.ini /etc/osg/config.d.
2015-09-01 00:06:19,992 GIP:DEBUG /usr/lib/python2.6/site-packages/gip_osg.py:675:  Starting to configure information service endpoints
2015-09-01 00:06:19,993 GIP:INFO /usr/lib/python2.6/site-packages/gip_osg.py:746:  Configured BDII endpoints: http://is1.grid.iu.edu:14001, http://is2.grid.iu.edu:14001.
2015-09-01 00:06:19,993 GIP:INFO /usr/lib/python2.6/site-packages/gip_osg.py:754:  Configured ReSS endpoints: https://osg-ress-1.fnal.gov:8443/ig/services/CEInfoCollector.
