ts=2013-10-11T19:52:52.473472Z id=12322 event=gram.script.start level=DEBUG
ts=2013-10-11T19:52:52.473588Z id=12322 event=gram.startup_lock.start level=DEBUG path="/var/lib/globus/gram_job_state/cms1169/osg/fork.179218f7.lock" 
ts=2013-10-11T19:52:52.473635Z id=12322 event=gram.startup_lock.end level=DEBUG path="/var/lib/globus/gram_job_state/cms1169/osg/fork.179218f7.lock" status=0 
ts=2013-10-11T19:52:52.474093Z id=12323 event=gram.send_job.end level=WARN status=-3 errno=2 msg="Error making datagram connection to Job Manager" reason="No such file or directory" path="/var/lib/globus/gram_job_state/cms1169/osg/fork.179218f7.sock" 
ts=2013-10-11T19:52:52.491519Z id=12322 event=gram.startup_socket_init.start level=DEBUG
ts=2013-10-11T19:52:52.491674Z id=12322 event=gram.startup_socket_init.end level=DEBUG status=0 path="/var/lib/globus/gram_job_state/cms1169/osg/fork.179218f7.sock" 
ts=2013-10-11T19:52:52.724081Z id=12323 event=gram.startup_lock.start level=DEBUG path="/var/lib/globus/gram_job_state/cms1169/osg/fork.179218f7.lock" 
ts=2013-10-11T19:52:52.724148Z id=12323 event=gram.startup_lock.end level=DEBUG status=-124 path="/var/lib/globus/gram_job_state/cms1169/osg/fork.179218f7.lock" msg="Unable to lock file, perhaps another job manager is running" errno=11 reason="Resource temporarily unavailable" 
ts=2013-10-11T19:52:52.724674Z id=12322 event=gram.new_request.start level=DEBUG fd=10 
ts=2013-10-11T19:52:52.746030Z id=12322 event=gram.init_scratchdir.start level=DEBUG gramid=/16362050453080113591/4431738610194073251/ base="/home/cms1169" 
ts=2013-10-11T19:52:52.746053Z id=12322 event=gram.init_scratchdir.end level=DEBUG gramid=/16362050453080113591/4431738610194073251/ status=0 reason="scratch_dir not in RSL" 
ts=2013-10-11T19:52:52.764440Z id=12322 event=gram.reply.start level=DEBUG gramid=/16362050453080113591/4431738610194073251/ job_contact="https://osg.rcac.purdue.edu:50107/16362050453080113591/4431738610194073251/" response_code=0 
ts=2013-10-11T19:52:52.764496Z id=12322 event=gram.reply.end level=DEBUG gramid=/16362050453080113591/4431738610194073251/ status=0 
ts=2013-10-11T19:52:52.766084Z id=12322 event=gram.script.info level=DEBUG msg="Created new script handle" handle=0xc0920a0 rc=0 
ts=2013-10-11T19:52:52.766681Z id=12322 event=gram.script_write.end level=DEBUG msg="writev callback" nbytes=2223 result=0 pending_ops=2 
 ts=2013-10-11T19:52:52.833187Z id=12322 event=gram.script_read.start level=DEBUG gramid=/16362050453080113591/4431738610194073251/ result=0 nbytes=136 
ts=2013-10-11T19:52:52.833241Z id=12322 event=gram.script.log level=DEBUG msg="Using jm supplied job dir: /home/cms1169/.globus/cms1169/.globus/job/osg/16362050453080113591.4431738610194073251" 
ts=2013-10-11T19:52:52.833283Z id=12322 event=gram.script_read.start level=DEBUG gramid=/16362050453080113591/4431738610194073251/ result=0 nbytes=76 
ts=2013-10-11T19:52:52.833302Z id=12322 event=gram.script.log level=DEBUG msg="Checking to see if we'll save the job description: no" 
ts=2013-10-11T19:52:52.833395Z id=12322 event=gram.script_read.start level=DEBUG gramid=/16362050453080113591/4431738610194073251/ result=0 nbytes=136 
ts=2013-10-11T19:52:52.833414Z id=12322 event=gram.script.log level=DEBUG msg="Using jm supplied job dir: /home/cms1169/.globus/cms1169/.globus/job/osg/16362050453080113591.4431738610194073251" 
ts=2013-10-11T19:52:52.833441Z id=12322 event=gram.script_read.start level=DEBUG gramid=/16362050453080113591/4431738610194073251/ result=0 nbytes=136 
ts=2013-10-11T19:52:52.833460Z id=12322 event=gram.script.log level=DEBUG msg="Using jm supplied job dir: /home/cms1169/.globus/cms1169/.globus/job/osg/16362050453080113591.4431738610194073251" 
ts=2013-10-11T19:52:52.844146Z id=12322 event=gram.script_read.start level=DEBUG gramid=/16362050453080113591/4431738610194073251/ result=0 nbytes=49 
ts=2013-10-11T19:52:52.844388Z id=12322 event=gram.script_read.start level=DEBUG gramid=/16362050453080113591/4431738610194073251/ result=0 nbytes=1 
ts=2013-10-11T19:52:52.900199Z id=12322 event=gram.callback.start level=DEBUG gramid=/16362050453080113591/4431738610194073251/ state=2 restart_when_done=false 
ts=2013-10-11T19:52:52.900790Z id=12322 event=gram.callback.end level=DEBUG gramid=/16362050453080113591/4431738610194073251/ state=2 status=0 msg="Done queuing callback messages"
ts=2013-10-11T19:52:53.586448Z id=12322 event=gram.handle_seg_event.start level=DEBUG state=8 gramid=/16362050453080113591/4431738610194073251/ jobid="12343" 
ts=2013-10-11T19:52:53.586494Z id=12322 event=gram.handle_seg_event.end level=DEBUG state=8 gramid=/16362050453080113591/4431738610194073251/ jobid="12343" 
ts=2013-10-11T19:52:53.589222Z id=12322 event=gram.script.info level=DEBUG msg="Using script handle from fifo" handle=0xc0920a0 
ts=2013-10-11T19:52:53.589292Z id=12322 event=gram.script_write.end level=DEBUG msg="writev callback" nbytes=2249 result=0 pending_ops=2 
 ts=2013-10-11T19:52:53.590317Z id=12322 event=gram.script_read.start level=DEBUG gramid=/16362050453080113591/4431738610194073251/ result=0 nbytes=136 
ts=2013-10-11T19:52:53.590338Z id=12322 event=gram.script.log level=DEBUG msg="Using jm supplied job dir: /home/cms1169/.globus/cms1169/.globus/job/osg/16362050453080113591.4431738610194073251" 
ts=2013-10-11T19:52:53.590380Z id=12322 event=gram.script_read.start level=DEBUG gramid=/16362050453080113591/4431738610194073251/ result=0 nbytes=76 
ts=2013-10-11T19:52:53.590400Z id=12322 event=gram.script.log level=DEBUG msg="Checking to see if we'll save the job description: no" 
ts=2013-10-11T19:52:53.590562Z id=12322 event=gram.script_read.start level=DEBUG gramid=/16362050453080113591/4431738610194073251/ result=0 nbytes=136 
ts=2013-10-11T19:52:53.590582Z id=12322 event=gram.script.log level=DEBUG msg="Using jm supplied job dir: /home/cms1169/.globus/cms1169/.globus/job/osg/16362050453080113591.4431738610194073251" 
ts=2013-10-11T19:52:53.590610Z id=12322 event=gram.script_read.start level=DEBUG gramid=/16362050453080113591/4431738610194073251/ result=0 nbytes=136 
ts=2013-10-11T19:52:53.590628Z id=12322 event=gram.script.log level=DEBUG msg="Using jm supplied job dir: /home/cms1169/.globus/cms1169/.globus/job/osg/16362050453080113591.4431738610194073251" 
ts=2013-10-11T19:52:53.590750Z id=12322 event=gram.script_read.start level=DEBUG gramid=/16362050453080113591/4431738610194073251/ result=0 nbytes=136 
ts=2013-10-11T19:52:53.590768Z id=12322 event=gram.script.log level=DEBUG msg="Using jm supplied job dir: /home/cms1169/.globus/cms1169/.globus/job/osg/16362050453080113591.4431738610194073251" 
ts=2013-10-11T19:52:53.590797Z id=12322 event=gram.script_read.start level=DEBUG gramid=/16362050453080113591/4431738610194073251/ result=0 nbytes=37 
ts=2013-10-11T19:52:53.590816Z id=12322 event=gram.script.log level=DEBUG msg="Fork stage out" 
ts=2013-10-11T19:52:53.592871Z id=12322 event=gram.script_read.start level=DEBUG gramid=/16362050453080113591/4431738610194073251/ result=0 nbytes=39 
ts=2013-10-11T19:52:53.592894Z id=12322 event=gram.script.log level=DEBUG msg="stage_out(enter)" 
ts=2013-10-11T19:52:53.593793Z id=12322 event=gram.script_read.start level=DEBUG gramid=/16362050453080113591/4431738610194073251/ result=0 nbytes=134 
ts=2013-10-11T19:52:53.593816Z id=12322 event=gram.script.log level=DEBUG msg="Sent NFS sync for /home/cms1169/.globus/cms1169/.globus/job/osg/16362050453080113591.4431738610194073251/stdout" 
ts=2013-10-11T19:52:53.594548Z id=12322 event=gram.script_read.start level=DEBUG gramid=/16362050453080113591/4431738610194073251/ result=0 nbytes=315 
ts=2013-10-11T19:52:53.594571Z id=12322 event=gram.script.log level=DEBUG msg="Sent NFS sync for /home/cms1169/.globus/cms1169/.globus/job/osg/16362050453080113591.4431738610194073251/stderr" 
ts=2013-10-11T19:52:53.594589Z id=12322 event=gram.script.log level=DEBUG msg="Staging /home/cms1169/.globus/cms1169/.globus/job/osg/16362050453080113591.4431738610194073251/stderr to https://rossmann-osg.rcac.purdue.edu:20886/dev/stderr" 
ts=2013-10-11T19:52:53.595908Z id=12322 event=gram.script_read.start level=DEBUG gramid=/16362050453080113591/4431738610194073251/ result=0 nbytes=723 
ts=2013-10-11T19:52:53.595931Z id=12322 event=gram.script.log level=DEBUG msg="Sent NFS sync for /home/cms1169/.globus/cms1169/.globus/job/osg/16362050453080113591.4431738610194073251/stderr" 
ts=2013-10-11T19:52:53.595965Z id=12322 event=gram.script.log level=DEBUG msg="Staging /home/cms1169/.globus/cms1169/.globus/job/osg/16362050453080113591.4431738610194073251/stderr to https://rossmann-osg.rcac.purdue.edu:20886/dev/stderr" 
ts=2013-10-11T19:52:53.595983Z id=12322 event=gram.script.log level=DEBUG msg="Concretely, staging /home/cms1169/.globus/cms1169/.globus/job/osg/16362050453080113591.4431738610194073251/stderr to https://rossmann-osg.rcac.purdue.edu:20886/dev/stderr" 
ts=2013-10-11T19:52:53.596001Z id=12322 event=gram.script.log level=DEBUG msg="with command /usr/bin/globus-url-copy file:///home/cms1169/.globus/cms1169/.globus/job/osg/16362050453080113591.4431738610194073251/stderr https://rossmann-osg.rcac.purdue.edu:20886/dev/stderr" 
ts=2013-10-11T19:52:53.663910Z id=12322 event=gram.script_read.start level=DEBUG gramid=/16362050453080113591/4431738610194073251/ result=0 nbytes=174 
ts=2013-10-11T19:52:53.663944Z id=12322 event=gram.staging_remove.start level=DEBUG gramid=/16362050453080113591/4431738610194073251/ src="/home/cms1169/.globus/cms1169/.globus/job/osg/16362050453080113591.4431738610194073251/stderr" dst="https://rossmann-osg.rcac.purdue.edu:20886/dev/stderr" type=file_stream_out 
ts=2013-10-11T19:52:53.665790Z id=12322 event=gram.script_read.start level=DEBUG gramid=/16362050453080113591/4431738610194073251/ result=0 nbytes=904 
ts=2013-10-11T19:52:53.665816Z id=12322 event=gram.script.log level=DEBUG msg="Staging /home/cms1169/.globus/cms1169/.globus/job/osg/16362050453080113591.4431738610194073251/stdout to https://rossmann-osg.rcac.purdue.edu:20886/dev/stdout" 
ts=2013-10-11T19:52:53.665835Z id=12322 event=gram.script.log level=DEBUG msg="Sent NFS sync for /home/cms1169/.globus/cms1169/.globus/job/osg/16362050453080113591.4431738610194073251/stdout" 
ts=2013-10-11T19:52:53.665853Z id=12322 event=gram.script.log level=DEBUG msg="Staging /home/cms1169/.globus/cms1169/.globus/job/osg/16362050453080113591.4431738610194073251/stdout to https://rossmann-osg.rcac.purdue.edu:20886/dev/stdout" 
ts=2013-10-11T19:52:53.665871Z id=12322 event=gram.script.log level=DEBUG msg="Concretely, staging /home/cms1169/.globus/cms1169/.globus/job/osg/16362050453080113591.4431738610194073251/stdout to https://rossmann-osg.rcac.purdue.edu:20886/dev/stdout" 
ts=2013-10-11T19:52:53.665892Z id=12322 event=gram.script.log level=DEBUG msg="with command /usr/bin/globus-url-copy file:///home/cms1169/.globus/cms1169/.globus/job/osg/16362050453080113591.4431738610194073251/stdout https://rossmann-osg.rcac.purdue.edu:20886/dev/stdout" 
ts=2013-10-11T19:52:53.730838Z id=12322 event=gram.script_read.start level=DEBUG gramid=/16362050453080113591/4431738610194073251/ result=0 nbytes=174 
ts=2013-10-11T19:52:53.730872Z id=12322 event=gram.staging_remove.start level=DEBUG gramid=/16362050453080113591/4431738610194073251/ src="/home/cms1169/.globus/cms1169/.globus/job/osg/16362050453080113591.4431738610194073251/stdout" dst="https://rossmann-osg.rcac.purdue.edu:20886/dev/stdout" type=file_stream_out 
ts=2013-10-11T19:52:53.732637Z id=12322 event=gram.script_read.start level=DEBUG gramid=/16362050453080113591/4431738610194073251/ result=0 nbytes=39 
ts=2013-10-11T19:52:53.732664Z id=12322 event=gram.script.log level=DEBUG msg="stage_out(exit)" 
ts=2013-10-11T19:52:53.732699Z id=12322 event=gram.callback.start level=DEBUG gramid=/16362050453080113591/4431738610194073251/ state=8 restart_when_done=false 
ts=2013-10-11T19:52:53.733199Z id=12322 event=gram.callback.end level=DEBUG gramid=/16362050453080113591/4431738610194073251/ state=8 status=0 msg="Done queuing callback messages"
ts=2013-10-11T19:52:53.741585Z id=12322 event=gram.directory_destroy.end level=DEBUG gramid=/16362050453080113591/4431738610194073251/ path="/home/cms1169/.globus/cms1169/.globus/job/osg/16362050453080113591.4431738610194073251" failures=0 status=0 
ts=2013-10-11T19:52:54.106322Z id=12348 event=gram.script.start level=DEBUG
ts=2013-10-11T19:52:54.106453Z id=12348 event=gram.startup_lock.start level=DEBUG path="/var/lib/globus/gram_job_state/cms1169/osg/condor.179218f7.lock" 
ts=2013-10-11T19:52:54.106492Z id=12348 event=gram.startup_lock.end level=DEBUG status=-124 path="/var/lib/globus/gram_job_state/cms1169/osg/condor.179218f7.lock" msg="Unable to lock file, perhaps another job manager is running" errno=11 reason="Resource temporarily unavailable" 
ts=2013-10-11T19:53:52.586542Z id=12322 event=gram.script_idle.info level=DEBUG msg="closing idle script handle after 59.0 seconds
 ts=2013-10-11T20:29:19.864075Z id=15812 event=gram.script.start level=DEBUG
ts=2013-10-11T20:29:19.864183Z id=15812 event=gram.startup_lock.start level=DEBUG path="/var/lib/globus/gram_job_state/cms1169/osg/fork.179218f7.lock" 
ts=2013-10-11T20:29:19.864232Z id=15812 event=gram.startup_lock.end level=DEBUG path="/var/lib/globus/gram_job_state/cms1169/osg/fork.179218f7.lock" status=0 
ts=2013-10-11T20:29:19.864643Z id=15813 event=gram.send_job.end level=WARN status=-3 errno=2 msg="Error making datagram connection to Job Manager" reason="No such file or directory" path="/var/lib/globus/gram_job_state/cms1169/osg/fork.179218f7.sock" 
ts=2013-10-11T20:29:19.881954Z id=15812 event=gram.startup_socket_init.start level=DEBUG
ts=2013-10-11T20:29:19.882111Z id=15812 event=gram.startup_socket_init.end level=DEBUG status=0 path="/var/lib/globus/gram_job_state/cms1169/osg/fork.179218f7.sock" 
ts=2013-10-11T20:29:20.114721Z id=15813 event=gram.startup_lock.start level=DEBUG path="/var/lib/globus/gram_job_state/cms1169/osg/fork.179218f7.lock" 
ts=2013-10-11T20:29:20.114776Z id=15813 event=gram.startup_lock.end level=DEBUG status=-124 path="/var/lib/globus/gram_job_state/cms1169/osg/fork.179218f7.lock" msg="Unable to lock file, perhaps another job manager is running" errno=11 reason="Resource temporarily unavailable" 
ts=2013-10-11T20:29:20.115344Z id=15812 event=gram.new_request.start level=DEBUG fd=10 
ts=2013-10-11T20:29:20.119013Z id=15812 event=gram.reply.start level=DEBUG gramid= job_contact="" response_code=0 
ts=2013-10-11T20:29:20.119089Z id=15812 event=gram.reply.end level=DEBUG gramid= status=0 
ts=2013-10-11T20:29:20.156815Z id=9180 event=gram.validate_rsl.end level=ERROR msg="Unsupported RSL attribute" attribute=invalid status=-48 
ts=2013-10-11T20:29:20.156858Z id=9180 event=gram.query.end level=ERROR gramid=/16362070241766526821/4431738610194070972/ uri="/16362070241766526821/4431738610194070972/" msg="Error processing query" status=-48 reason="the provided RSL could not be properly parsed 
ts=2013-10-11T20:29:20.156934Z id=9180 event=gram.validate_rsl.end level=ERROR msg="Unsupported RSL attribute" attribute=invalid status=-48 
ts=2013-10-11T20:29:20.156956Z id=9180 event=gram.query.end level=ERROR gramid=/16362076835343537546/4431738610194070972/ uri="/16362076835343537546/4431738610194070972/" msg="Error processing query" status=-48 reason="the provided RSL could not be properly parsed 
ts=2013-10-11T20:29:50.423870Z id=15878 event=gram.script.start level=DEBUG
ts=2013-10-11T20:29:50.423985Z id=15878 event=gram.startup_lock.start level=DEBUG path="/var/lib/globus/gram_job_state/cms1169/osg/condor.179218f7.lock" 
ts=2013-10-11T20:29:50.424021Z id=15878 event=gram.startup_lock.end level=DEBUG status=-124 path="/var/lib/globus/gram_job_state/cms1169/osg/condor.179218f7.lock" msg="Unable to lock file, perhaps another job manager is running" errno=11 reason="Resource temporarily unavailable" 
ts=2013-10-11T20:29:50.454868Z id=15879 event=gram.script.start level=DEBUG
ts=2013-10-11T20:29:50.454954Z id=15879 event=gram.startup_lock.start level=DEBUG path="/var/lib/globus/gram_job_state/cms1169/osg/condor.179218f7.lock" 
ts=2013-10-11T20:29:50.454992Z id=15879 event=gram.startup_lock.end level=DEBUG status=-124 path="/var/lib/globus/gram_job_state/cms1169/osg/condor.179218f7.lock" msg="Unable to lock file, perhaps another job manager is running" errno=11 reason="Resource temporarily unavailable" 
ts=2013-10-11T20:31:27.300360Z id=16085 event=gram.script.start level=DEBUG
ts=2013-10-11T20:31:27.300496Z id=16085 event=gram.startup_lock.start level=DEBUG path="/var/lib/globus/gram_job_state/cms1169/osg/fork.179218f7.lock" 
ts=2013-10-11T20:31:27.300544Z id=16085 event=gram.startup_lock.end level=DEBUG path="/var/lib/globus/gram_job_state/cms1169/osg/fork.179218f7.lock" status=0 
ts=2013-10-11T20:31:27.300987Z id=16086 event=gram.send_job.end level=WARN status=-3 errno=2 msg="Error making datagram connection to Job Manager" reason="No such file or directory" path="/var/lib/globus/gram_job_state/cms1169/osg/fork.179218f7.sock" 
ts=2013-10-11T20:31:27.318326Z id=16085 event=gram.startup_socket_init.start level=DEBUG
ts=2013-10-11T20:31:27.318494Z id=16085 event=gram.startup_socket_init.end level=DEBUG status=0 path="/var/lib/globus/gram_job_state/cms1169/osg/fork.179218f7.sock" 
ts=2013-10-11T20:31:27.550539Z id=16086 event=gram.startup_lock.start level=DEBUG path="/var/lib/globus/gram_job_state/cms1169/osg/fork.179218f7.lock" 
ts=2013-10-11T20:31:27.550591Z id=16086 event=gram.startup_lock.end level=DEBUG status=-124 path="/var/lib/globus/gram_job_state/cms1169/osg/fork.179218f7.lock" msg="Unable to lock file, perhaps another job manager is running" errno=11 reason="Resource temporarily unavailable" 
ts=2013-10-11T20:31:27.551134Z id=16085 event=gram.new_request.start level=DEBUG fd=10 
ts=2013-10-11T20:31:27.562733Z id=16085 event=gram.init_scratchdir.start level=DEBUG gramid=/16362057051449507866/4431738610194086591/ base="/home/cms1169" 
ts=2013-10-11T20:31:27.562756Z id=16085 event=gram.init_scratchdir.end level=DEBUG gramid=/16362057051449507866/4431738610194086591/ status=0 reason="scratch_dir not in RSL" 
ts=2013-10-11T20:31:27.577458Z id=16085 event=gram.reply.start level=DEBUG gramid=/16362057051449507866/4431738610194086591/ job_contact="https://osg.rcac.purdue.edu:41868/16362057051449507866/4431738610194086591/" response_code=0 
ts=2013-10-11T20:31:27.577529Z id=16085 event=gram.reply.end level=DEBUG gramid=/16362057051449507866/4431738610194086591/ status=0 
ts=2013-10-11T20:31:27.579470Z id=16085 event=gram.script.info level=DEBUG msg="Created new script handle" handle=0x1d0f0060 rc=0 
ts=2013-10-11T20:31:27.580067Z id=16085 event=gram.script_write.end level=DEBUG msg="writev callback" nbytes=2180 result=0 pending_ops=2 
 ts=2013-10-11T20:31:27.645938Z id=16085 event=gram.script_read.start level=DEBUG gramid=/16362057051449507866/4431738610194086591/ result=0 nbytes=136 
ts=2013-10-11T20:31:27.646004Z id=16085 event=gram.script.log level=DEBUG msg="Using jm supplied job dir: /home/cms1169/.globus/cms1169/.globus/job/osg/16362057051449507866.4431738610194086591" 
ts=2013-10-11T20:31:27.646045Z id=16085 event=gram.script_read.start level=DEBUG gramid=/16362057051449507866/4431738610194086591/ result=0 nbytes=76 
ts=2013-10-11T20:31:27.646064Z id=16085 event=gram.script.log level=DEBUG msg="Checking to see if we'll save the job description: no" 
ts=2013-10-11T20:31:27.646127Z id=16085 event=gram.script_read.start level=DEBUG gramid=/16362057051449507866/4431738610194086591/ result=0 nbytes=136 
ts=2013-10-11T20:31:27.646146Z id=16085 event=gram.script.log level=DEBUG msg="Using jm supplied job dir: /home/cms1169/.globus/cms1169/.globus/job/osg/16362057051449507866.4431738610194086591" 
ts=2013-10-11T20:31:27.646173Z id=16085 event=gram.script_read.start level=DEBUG gramid=/16362057051449507866/4431738610194086591/ result=0 nbytes=136 
ts=2013-10-11T20:31:27.646192Z id=16085 event=gram.script.log level=DEBUG msg="Using jm supplied job dir: /home/cms1169/.globus/cms1169/.globus/job/osg/16362057051449507866.4431738610194086591" 
ts=2013-10-11T20:31:27.657992Z id=16085 event=gram.script_read.start level=DEBUG gramid=/16362057051449507866/4431738610194086591/ result=0 nbytes=49 
ts=2013-10-11T20:31:27.658211Z id=16085 event=gram.script_read.start level=DEBUG gramid=/16362057051449507866/4431738610194086591/ result=0 nbytes=1 
ts=2013-10-11T20:31:27.711516Z id=16085 event=gram.callback.start level=DEBUG gramid=/16362057051449507866/4431738610194086591/ state=2 restart_when_done=false 
ts=2013-10-11T20:31:27.711780Z id=16085 event=gram.callback.end level=DEBUG gramid=/16362057051449507866/4431738610194086591/ state=2 status=0 msg="Done queuing callback messages"
ts=2013-10-11T20:31:28.391864Z id=16085 event=gram.handle_seg_event.start level=DEBUG state=8 gramid=/16362057051449507866/4431738610194086591/ jobid="16106" 
ts=2013-10-11T20:31:28.391904Z id=16085 event=gram.handle_seg_event.end level=DEBUG state=8 gramid=/16362057051449507866/4431738610194086591/ jobid="16106" 
ts=2013-10-11T20:31:28.393895Z id=16085 event=gram.script.info level=DEBUG msg="Using script handle from fifo" handle=0x1d0f0060 
ts=2013-10-11T20:31:28.393953Z id=16085 event=gram.script_write.end level=DEBUG msg="writev callback" nbytes=2206 result=0 pending_ops=2 
 ts=2013-10-11T20:31:28.394960Z id=16085 event=gram.script_read.start level=DEBUG gramid=/16362057051449507866/4431738610194086591/ result=0 nbytes=136 
ts=2013-10-11T20:31:28.394981Z id=16085 event=gram.script.log level=DEBUG msg="Using jm supplied job dir: /home/cms1169/.globus/cms1169/.globus/job/osg/16362057051449507866.4431738610194086591" 
ts=2013-10-11T20:31:28.395018Z id=16085 event=gram.script_read.start level=DEBUG gramid=/16362057051449507866/4431738610194086591/ result=0 nbytes=76 
ts=2013-10-11T20:31:28.395037Z id=16085 event=gram.script.log level=DEBUG msg="Checking to see if we'll save the job description: no" 
ts=2013-10-11T20:31:28.395193Z id=16085 event=gram.script_read.start level=DEBUG gramid=/16362057051449507866/4431738610194086591/ result=0 nbytes=136 
ts=2013-10-11T20:31:28.395212Z id=16085 event=gram.script.log level=DEBUG msg="Using jm supplied job dir: /home/cms1169/.globus/cms1169/.globus/job/osg/16362057051449507866.4431738610194086591" 
ts=2013-10-11T20:31:28.395240Z id=16085 event=gram.script_read.start level=DEBUG gramid=/16362057051449507866/4431738610194086591/ result=0 nbytes=136 
ts=2013-10-11T20:31:28.395258Z id=16085 event=gram.script.log level=DEBUG msg="Using jm supplied job dir: /home/cms1169/.globus/cms1169/.globus/job/osg/16362057051449507866.4431738610194086591" 
ts=2013-10-11T20:31:28.395385Z id=16085 event=gram.script_read.start level=DEBUG gramid=/16362057051449507866/4431738610194086591/ result=0 nbytes=136 
ts=2013-10-11T20:31:28.395404Z id=16085 event=gram.script.log level=DEBUG msg="Using jm supplied job dir: /home/cms1169/.globus/cms1169/.globus/job/osg/16362057051449507866.4431738610194086591" 
ts=2013-10-11T20:31:28.395433Z id=16085 event=gram.script_read.start level=DEBUG gramid=/16362057051449507866/4431738610194086591/ result=0 nbytes=37 
ts=2013-10-11T20:31:28.395455Z id=16085 event=gram.script.log level=DEBUG msg="Fork stage out" 
ts=2013-10-11T20:31:28.397408Z id=16085 event=gram.script_read.start level=DEBUG gramid=/16362057051449507866/4431738610194086591/ result=0 nbytes=39 
ts=2013-10-11T20:31:28.397428Z id=16085 event=gram.script.log level=DEBUG msg="stage_out(enter)" 
ts=2013-10-11T20:31:28.398455Z id=16085 event=gram.script_read.start level=DEBUG gramid=/16362057051449507866/4431738610194086591/ result=0 nbytes=134 
ts=2013-10-11T20:31:28.398479Z id=16085 event=gram.script.log level=DEBUG msg="Sent NFS sync for /home/cms1169/.globus/cms1169/.globus/job/osg/16362057051449507866.4431738610194086591/stdout" 
ts=2013-10-11T20:31:28.399292Z id=16085 event=gram.script_read.start level=DEBUG gramid=/16362057051449507866/4431738610194086591/ result=0 nbytes=306 
ts=2013-10-11T20:31:28.399316Z id=16085 event=gram.script.log level=DEBUG msg="Sent NFS sync for /home/cms1169/.globus/cms1169/.globus/job/osg/16362057051449507866.4431738610194086591/stderr" 
ts=2013-10-11T20:31:28.399334Z id=16085 event=gram.script.log level=DEBUG msg="Staging /home/cms1169/.globus/cms1169/.globus/job/osg/16362057051449507866.4431738610194086591/stderr to https://osg.rcac.purdue.edu:44207/dev/stderr" 
ts=2013-10-11T20:31:28.400804Z id=16085 event=gram.script_read.start level=DEBUG gramid=/16362057051449507866/4431738610194086591/ result=0 nbytes=696 
ts=2013-10-11T20:31:28.400838Z id=16085 event=gram.script.log level=DEBUG msg="Sent NFS sync for /home/cms1169/.globus/cms1169/.globus/job/osg/16362057051449507866.4431738610194086591/stderr" 
ts=2013-10-11T20:31:28.400874Z id=16085 event=gram.script.log level=DEBUG msg="Staging /home/cms1169/.globus/cms1169/.globus/job/osg/16362057051449507866.4431738610194086591/stderr to https://osg.rcac.purdue.edu:44207/dev/stderr" 
ts=2013-10-11T20:31:28.400893Z id=16085 event=gram.script.log level=DEBUG msg="Concretely, staging /home/cms1169/.globus/cms1169/.globus/job/osg/16362057051449507866.4431738610194086591/stderr to https://osg.rcac.purdue.edu:44207/dev/stderr" 
ts=2013-10-11T20:31:28.400911Z id=16085 event=gram.script.log level=DEBUG msg="with command /usr/bin/globus-url-copy file:///home/cms1169/.globus/cms1169/.globus/job/osg/16362057051449507866.4431738610194086591/stderr https://osg.rcac.purdue.edu:44207/dev/stderr" 
ts=2013-10-11T20:31:28.466952Z id=16085 event=gram.script_read.start level=DEBUG gramid=/16362057051449507866/4431738610194086591/ result=0 nbytes=165 
ts=2013-10-11T20:31:28.466994Z id=16085 event=gram.staging_remove.start level=DEBUG gramid=/16362057051449507866/4431738610194086591/ src="/home/cms1169/.globus/cms1169/.globus/job/osg/16362057051449507866.4431738610194086591/stderr" dst="https://osg.rcac.purdue.edu:44207/dev/stderr" type=file_stream_out 
ts=2013-10-11T20:31:28.468912Z id=16085 event=gram.script_read.start level=DEBUG gramid=/16362057051449507866/4431738610194086591/ result=0 nbytes=868 
ts=2013-10-11T20:31:28.468939Z id=16085 event=gram.script.log level=DEBUG msg="Staging /home/cms1169/.globus/cms1169/.globus/job/osg/16362057051449507866.4431738610194086591/stdout to https://osg.rcac.purdue.edu:44207/dev/stdout" 
ts=2013-10-11T20:31:28.468958Z id=16085 event=gram.script.log level=DEBUG msg="Sent NFS sync for /home/cms1169/.globus/cms1169/.globus/job/osg/16362057051449507866.4431738610194086591/stdout" 
ts=2013-10-11T20:31:28.468976Z id=16085 event=gram.script.log level=DEBUG msg="Staging /home/cms1169/.globus/cms1169/.globus/job/osg/16362057051449507866.4431738610194086591/stdout to https://osg.rcac.purdue.edu:44207/dev/stdout" 
ts=2013-10-11T20:31:28.468993Z id=16085 event=gram.script.log level=DEBUG msg="Concretely, staging /home/cms1169/.globus/cms1169/.globus/job/osg/16362057051449507866.4431738610194086591/stdout to https://osg.rcac.purdue.edu:44207/dev/stdout" 
ts=2013-10-11T20:31:28.469011Z id=16085 event=gram.script.log level=DEBUG msg="with command /usr/bin/globus-url-copy file:///home/cms1169/.globus/cms1169/.globus/job/osg/16362057051449507866.4431738610194086591/stdout https://osg.rcac.purdue.edu:44207/dev/stdout" 
ts=2013-10-11T20:31:28.532586Z id=16085 event=gram.script_read.start level=DEBUG gramid=/16362057051449507866/4431738610194086591/ result=0 nbytes=165 
ts=2013-10-11T20:31:28.532624Z id=16085 event=gram.staging_remove.start level=DEBUG gramid=/16362057051449507866/4431738610194086591/ src="/home/cms1169/.globus/cms1169/.globus/job/osg/16362057051449507866.4431738610194086591/stdout" dst="https://osg.rcac.purdue.edu:44207/dev/stdout" type=file_stream_out 
ts=2013-10-11T20:31:28.534282Z id=16085 event=gram.script_read.start level=DEBUG gramid=/16362057051449507866/4431738610194086591/ result=0 nbytes=39 
ts=2013-10-11T20:31:28.534310Z id=16085 event=gram.script.log level=DEBUG msg="stage_out(exit)" 
ts=2013-10-11T20:31:28.534347Z id=16085 event=gram.callback.start level=DEBUG gramid=/16362057051449507866/4431738610194086591/ state=8 restart_when_done=false 
ts=2013-10-11T20:31:28.534495Z id=16085 event=gram.callback.end level=DEBUG gramid=/16362057051449507866/4431738610194086591/ state=8 status=0 msg="Done queuing callback messages"
ts=2013-10-11T20:31:28.542983Z id=16085 event=gram.directory_destroy.end level=DEBUG gramid=/16362057051449507866/4431738610194086591/ path="/home/cms1169/.globus/cms1169/.globus/job/osg/16362057051449507866.4431738610194086591" failures=0 status=0 
ts=2013-10-11T20:32:09.033574Z id=16243 event=gram.script.start level=DEBUG
ts=2013-10-11T20:32:09.033694Z id=16243 event=gram.startup_lock.start level=DEBUG path="/var/lib/globus/gram_job_state/cms1169/osg/fork.179218f7.lock" 
ts=2013-10-11T20:32:09.033755Z id=16243 event=gram.startup_lock.end level=DEBUG status=-124 path="/var/lib/globus/gram_job_state/cms1169/osg/fork.179218f7.lock" msg="Unable to lock file, perhaps another job manager is running" errno=11 reason="Resource temporarily unavailable" 
ts=2013-10-11T20:32:09.033837Z id=16085 event=gram.new_request.start level=DEBUG fd=10 
ts=2013-10-11T20:32:09.040254Z id=16085 event=gram.init_scratchdir.start level=DEBUG gramid=/16362057048606603571/4431738610194086591/ base="/home/cms1169" 
ts=2013-10-11T20:32:09.040277Z id=16085 event=gram.init_scratchdir.end level=DEBUG gramid=/16362057048606603571/4431738610194086591/ status=0 reason="scratch_dir not in RSL" 
ts=2013-10-11T20:32:09.048540Z id=16085 event=gram.reply.start level=DEBUG gramid=/16362057048606603571/4431738610194086591/ job_contact="https://osg.rcac.purdue.edu:41868/16362057048606603571/4431738610194086591/" response_code=0 
ts=2013-10-11T20:32:09.048614Z id=16085 event=gram.reply.end level=DEBUG gramid=/16362057048606603571/4431738610194086591/ status=0 
ts=2013-10-11T20:32:09.050026Z id=16085 event=gram.script.info level=DEBUG msg="Using script handle from fifo" handle=0x1d0f0060 
ts=2013-10-11T20:32:09.052375Z id=16085 event=gram.script_write.end level=DEBUG msg="writev callback" nbytes=2180 result=0 pending_ops=2 
 ts=2013-10-11T20:32:09.052421Z id=16085 event=gram.script_read.start level=DEBUG gramid=/16362057048606603571/4431738610194086591/ result=0 nbytes=484 
ts=2013-10-11T20:32:09.052443Z id=16085 event=gram.script.log level=DEBUG msg="Using jm supplied job dir: /home/cms1169/.globus/cms1169/.globus/job/osg/16362057048606603571.4431738610194086591" 
ts=2013-10-11T20:32:09.052461Z id=16085 event=gram.script.log level=DEBUG msg="Checking to see if we'll save the job description: no" 
ts=2013-10-11T20:32:09.052479Z id=16085 event=gram.script.log level=DEBUG msg="Using jm supplied job dir: /home/cms1169/.globus/cms1169/.globus/job/osg/16362057048606603571.4431738610194086591" 
ts=2013-10-11T20:32:09.052497Z id=16085 event=gram.script.log level=DEBUG msg="Using jm supplied job dir: /home/cms1169/.globus/cms1169/.globus/job/osg/16362057048606603571.4431738610194086591" 
ts=2013-10-11T20:32:09.061836Z id=16085 event=gram.script_read.start level=DEBUG gramid=/16362057048606603571/4431738610194086591/ result=0 nbytes=25 
ts=2013-10-11T20:32:09.062082Z id=16085 event=gram.script_read.start level=DEBUG gramid=/16362057048606603571/4431738610194086591/ result=0 nbytes=25 
ts=2013-10-11T20:32:09.110475Z id=16085 event=gram.callback.start level=DEBUG gramid=/16362057048606603571/4431738610194086591/ state=2 restart_when_done=false 
ts=2013-10-11T20:32:09.110691Z id=16085 event=gram.callback.end level=DEBUG gramid=/16362057048606603571/4431738610194086591/ state=2 status=0 msg="Done queuing callback messages"
ts=2013-10-11T20:32:09.391922Z id=16085 event=gram.handle_seg_event.start level=DEBUG state=8 gramid=/16362057048606603571/4431738610194086591/ jobid="16246" 
ts=2013-10-11T20:32:09.391955Z id=16085 event=gram.handle_seg_event.end level=DEBUG state=8 gramid=/16362057048606603571/4431738610194086591/ jobid="16246" 
ts=2013-10-11T20:32:09.393830Z id=16085 event=gram.script.info level=DEBUG msg="Using script handle from fifo" handle=0x1d0f0060 
ts=2013-10-11T20:32:09.395665Z id=16085 event=gram.script_write.end level=DEBUG msg="writev callback" nbytes=2206 result=0 pending_ops=2 
 ts=2013-10-11T20:32:09.395704Z id=16085 event=gram.script_read.start level=DEBUG gramid=/16362057048606603571/4431738610194086591/ result=0 nbytes=657 
ts=2013-10-11T20:32:09.395734Z id=16085 event=gram.script.log level=DEBUG msg="Using jm supplied job dir: /home/cms1169/.globus/cms1169/.globus/job/osg/16362057048606603571.4431738610194086591" 
ts=2013-10-11T20:32:09.395753Z id=16085 event=gram.script.log level=DEBUG msg="Checking to see if we'll save the job description: no" 
ts=2013-10-11T20:32:09.395771Z id=16085 event=gram.script.log level=DEBUG msg="Using jm supplied job dir: /home/cms1169/.globus/cms1169/.globus/job/osg/16362057048606603571.4431738610194086591" 
ts=2013-10-11T20:32:09.395806Z id=16085 event=gram.script.log level=DEBUG msg="Using jm supplied job dir: /home/cms1169/.globus/cms1169/.globus/job/osg/16362057048606603571.4431738610194086591" 
ts=2013-10-11T20:32:09.395824Z id=16085 event=gram.script.log level=DEBUG msg="Using jm supplied job dir: /home/cms1169/.globus/cms1169/.globus/job/osg/16362057048606603571.4431738610194086591" 
ts=2013-10-11T20:32:09.395842Z id=16085 event=gram.script.log level=DEBUG msg="Fork stage out" 
ts=2013-10-11T20:32:09.397285Z id=16085 event=gram.script_read.start level=DEBUG gramid=/16362057048606603571/4431738610194086591/ result=0 nbytes=39 
ts=2013-10-11T20:32:09.397309Z id=16085 event=gram.script.log level=DEBUG msg="stage_out(enter)" 
ts=2013-10-11T20:32:09.398285Z id=16085 event=gram.script_read.start level=DEBUG gramid=/16362057048606603571/4431738610194086591/ result=0 nbytes=134 
ts=2013-10-11T20:32:09.398309Z id=16085 event=gram.script.log level=DEBUG msg="Sent NFS sync for /home/cms1169/.globus/cms1169/.globus/job/osg/16362057048606603571.4431738610194086591/stdout" 
ts=2013-10-11T20:32:09.399021Z id=16085 event=gram.script_read.start level=DEBUG gramid=/16362057048606603571/4431738610194086591/ result=0 nbytes=306 
ts=2013-10-11T20:32:09.399044Z id=16085 event=gram.script.log level=DEBUG msg="Sent NFS sync for /home/cms1169/.globus/cms1169/.globus/job/osg/16362057048606603571.4431738610194086591/stderr" 
ts=2013-10-11T20:32:09.399062Z id=16085 event=gram.script.log level=DEBUG msg="Staging /home/cms1169/.globus/cms1169/.globus/job/osg/16362057048606603571.4431738610194086591/stderr to https://osg.rcac.purdue.edu:42384/dev/stderr" 
ts=2013-10-11T20:32:09.400533Z id=16085 event=gram.script_read.start level=DEBUG gramid=/16362057048606603571/4431738610194086591/ result=0 nbytes=696 
ts=2013-10-11T20:32:09.400557Z id=16085 event=gram.script.log level=DEBUG msg="Sent NFS sync for /home/cms1169/.globus/cms1169/.globus/job/osg/16362057048606603571.4431738610194086591/stderr" 
ts=2013-10-11T20:32:09.400575Z id=16085 event=gram.script.log level=DEBUG msg="Staging /home/cms1169/.globus/cms1169/.globus/job/osg/16362057048606603571.4431738610194086591/stderr to https://osg.rcac.purdue.edu:42384/dev/stderr" 
ts=2013-10-11T20:32:09.400593Z id=16085 event=gram.script.log level=DEBUG msg="Concretely, staging /home/cms1169/.globus/cms1169/.globus/job/osg/16362057048606603571.4431738610194086591/stderr to https://osg.rcac.purdue.edu:42384/dev/stderr" 
ts=2013-10-11T20:32:09.400614Z id=16085 event=gram.script.log level=DEBUG msg="with command /usr/bin/globus-url-copy file:///home/cms1169/.globus/cms1169/.globus/job/osg/16362057048606603571.4431738610194086591/stderr https://osg.rcac.purdue.edu:42384/dev/stderr" 
ts=2013-10-11T20:32:09.465205Z id=16085 event=gram.script_read.start level=DEBUG gramid=/16362057048606603571/4431738610194086591/ result=0 nbytes=165 
ts=2013-10-11T20:32:09.465239Z id=16085 event=gram.staging_remove.start level=DEBUG gramid=/16362057048606603571/4431738610194086591/ src="/home/cms1169/.globus/cms1169/.globus/job/osg/16362057048606603571.4431738610194086591/stderr" dst="https://osg.rcac.purdue.edu:42384/dev/stderr" type=file_stream_out 
ts=2013-10-11T20:32:09.467356Z id=16085 event=gram.script_read.start level=DEBUG gramid=/16362057048606603571/4431738610194086591/ result=0 nbytes=868 
ts=2013-10-11T20:32:09.467385Z id=16085 event=gram.script.log level=DEBUG msg="Staging /home/cms1169/.globus/cms1169/.globus/job/osg/16362057048606603571.4431738610194086591/stdout to https://osg.rcac.purdue.edu:42384/dev/stdout" 
ts=2013-10-11T20:32:09.467404Z id=16085 event=gram.script.log level=DEBUG msg="Sent NFS sync for /home/cms1169/.globus/cms1169/.globus/job/osg/16362057048606603571.4431738610194086591/stdout" 
ts=2013-10-11T20:32:09.467422Z id=16085 event=gram.script.log level=DEBUG msg="Staging /home/cms1169/.globus/cms1169/.globus/job/osg/16362057048606603571.4431738610194086591/stdout to https://osg.rcac.purdue.edu:42384/dev/stdout" 
ts=2013-10-11T20:32:09.467457Z id=16085 event=gram.script.log level=DEBUG msg="Concretely, staging /home/cms1169/.globus/cms1169/.globus/job/osg/16362057048606603571.4431738610194086591/stdout to https://osg.rcac.purdue.edu:42384/dev/stdout" 
ts=2013-10-11T20:32:09.467476Z id=16085 event=gram.script.log level=DEBUG msg="with command /usr/bin/globus-url-copy file:///home/cms1169/.globus/cms1169/.globus/job/osg/16362057048606603571.4431738610194086591/stdout https://osg.rcac.purdue.edu:42384/dev/stdout" 
ts=2013-10-11T20:32:09.531254Z id=16085 event=gram.script_read.start level=DEBUG gramid=/16362057048606603571/4431738610194086591/ result=0 nbytes=165 
ts=2013-10-11T20:32:09.531303Z id=16085 event=gram.staging_remove.start level=DEBUG gramid=/16362057048606603571/4431738610194086591/ src="/home/cms1169/.globus/cms1169/.globus/job/osg/16362057048606603571.4431738610194086591/stdout" dst="https://osg.rcac.purdue.edu:42384/dev/stdout" type=file_stream_out 
ts=2013-10-11T20:32:09.533069Z id=16085 event=gram.script_read.start level=DEBUG gramid=/16362057048606603571/4431738610194086591/ result=0 nbytes=39 
ts=2013-10-11T20:32:09.533102Z id=16085 event=gram.script.log level=DEBUG msg="stage_out(exit)" 
ts=2013-10-11T20:32:09.533140Z id=16085 event=gram.callback.start level=DEBUG gramid=/16362057048606603571/4431738610194086591/ state=8 restart_when_done=false 
ts=2013-10-11T20:32:09.533282Z id=16085 event=gram.callback.end level=DEBUG gramid=/16362057048606603571/4431738610194086591/ state=8 status=0 msg="Done queuing callback messages"
ts=2013-10-11T20:32:09.545257Z id=16085 event=gram.directory_destroy.end level=DEBUG gramid=/16362057048606603571/4431738610194086591/ path="/home/cms1169/.globus/cms1169/.globus/job/osg/16362057048606603571.4431738610194086591" failures=0 status=0 
ts=2013-10-11T20:32:52.998105Z id=16299 event=gram.script.start level=DEBUG
ts=2013-10-11T20:32:52.998211Z id=16299 event=gram.startup_lock.start level=DEBUG path="/var/lib/globus/gram_job_state/cms1169/osg/fork.179218f7.lock" 
ts=2013-10-11T20:32:52.998257Z id=16299 event=gram.startup_lock.end level=DEBUG status=-124 path="/var/lib/globus/gram_job_state/cms1169/osg/fork.179218f7.lock" msg="Unable to lock file, perhaps another job manager is running" errno=11 reason="Resource temporarily unavailable" 
ts=2013-10-11T20:32:52.998326Z id=16085 event=gram.new_request.start level=DEBUG fd=10 
ts=2013-10-11T20:32:53.006233Z id=16085 event=gram.init_scratchdir.start level=DEBUG gramid=/16362057049637236301/4431738610194086591/ base="/home/cms1169" 
ts=2013-10-11T20:32:53.006262Z id=16085 event=gram.init_scratchdir.end level=DEBUG gramid=/16362057049637236301/4431738610194086591/ status=0 reason="scratch_dir not in RSL" 
ts=2013-10-11T20:32:53.016244Z id=16085 event=gram.reply.start level=DEBUG gramid=/16362057049637236301/4431738610194086591/ job_contact="https://osg.rcac.purdue.edu:41868/16362057049637236301/4431738610194086591/" response_code=0 
ts=2013-10-11T20:32:53.016307Z id=16085 event=gram.reply.end level=DEBUG gramid=/16362057049637236301/4431738610194086591/ status=0 
ts=2013-10-11T20:32:53.017867Z id=16085 event=gram.script.info level=DEBUG msg="Using script handle from fifo" handle=0x1d0f0060 
ts=2013-10-11T20:32:53.019126Z id=16085 event=gram.script_write.end level=DEBUG msg="writev callback" nbytes=2180 result=0 pending_ops=2 
 ts=2013-10-11T20:32:53.019166Z id=16085 event=gram.script_read.start level=DEBUG gramid=/16362057049637236301/4431738610194086591/ result=0 nbytes=212 
ts=2013-10-11T20:32:53.019187Z id=16085 event=gram.script.log level=DEBUG msg="Using jm supplied job dir: /home/cms1169/.globus/cms1169/.globus/job/osg/16362057049637236301.4431738610194086591" 
ts=2013-10-11T20:32:53.019205Z id=16085 event=gram.script.log level=DEBUG msg="Checking to see if we'll save the job description: no" 
ts=2013-10-11T20:32:53.019321Z id=16085 event=gram.script_read.start level=DEBUG gramid=/16362057049637236301/4431738610194086591/ result=0 nbytes=136 
ts=2013-10-11T20:32:53.019340Z id=16085 event=gram.script.log level=DEBUG msg="Using jm supplied job dir: /home/cms1169/.globus/cms1169/.globus/job/osg/16362057049637236301.4431738610194086591" 
ts=2013-10-11T20:32:53.019384Z id=16085 event=gram.script_read.start level=DEBUG gramid=/16362057049637236301/4431738610194086591/ result=0 nbytes=136 
ts=2013-10-11T20:32:53.019403Z id=16085 event=gram.script.log level=DEBUG msg="Using jm supplied job dir: /home/cms1169/.globus/cms1169/.globus/job/osg/16362057049637236301.4431738610194086591" 
ts=2013-10-11T20:32:53.029902Z id=16085 event=gram.script_read.start level=DEBUG gramid=/16362057049637236301/4431738610194086591/ result=0 nbytes=49 
ts=2013-10-11T20:32:53.030081Z id=16085 event=gram.script_read.start level=DEBUG gramid=/16362057049637236301/4431738610194086591/ result=0 nbytes=1 
ts=2013-10-11T20:32:53.080894Z id=16085 event=gram.callback.start level=DEBUG gramid=/16362057049637236301/4431738610194086591/ state=2 restart_when_done=false 
ts=2013-10-11T20:32:53.081098Z id=16085 event=gram.callback.end level=DEBUG gramid=/16362057049637236301/4431738610194086591/ state=2 status=0 msg="Done queuing callback messages"
ts=2013-10-11T20:32:53.392341Z id=16085 event=gram.handle_seg_event.start level=DEBUG state=8 gramid=/16362057049637236301/4431738610194086591/ jobid="16302" 
ts=2013-10-11T20:32:53.392370Z id=16085 event=gram.handle_seg_event.end level=DEBUG state=8 gramid=/16362057049637236301/4431738610194086591/ jobid="16302" 
ts=2013-10-11T20:32:53.394407Z id=16085 event=gram.script.info level=DEBUG msg="Using script handle from fifo" handle=0x1d0f0060 
ts=2013-10-11T20:32:53.396228Z id=16085 event=gram.script_write.end level=DEBUG msg="writev callback" nbytes=2206 result=0 pending_ops=2 
 ts=2013-10-11T20:32:53.396267Z id=16085 event=gram.script_read.start level=DEBUG gramid=/16362057049637236301/4431738610194086591/ result=0 nbytes=657 
ts=2013-10-11T20:32:53.396290Z id=16085 event=gram.script.log level=DEBUG msg="Using jm supplied job dir: /home/cms1169/.globus/cms1169/.globus/job/osg/16362057049637236301.4431738610194086591" 
ts=2013-10-11T20:32:53.396308Z id=16085 event=gram.script.log level=DEBUG msg="Checking to see if we'll save the job description: no" 
ts=2013-10-11T20:32:53.396329Z id=16085 event=gram.script.log level=DEBUG msg="Using jm supplied job dir: /home/cms1169/.globus/cms1169/.globus/job/osg/16362057049637236301.4431738610194086591" 
ts=2013-10-11T20:32:53.396347Z id=16085 event=gram.script.log level=DEBUG msg="Using jm supplied job dir: /home/cms1169/.globus/cms1169/.globus/job/osg/16362057049637236301.4431738610194086591" 
ts=2013-10-11T20:32:53.396364Z id=16085 event=gram.script.log level=DEBUG msg="Using jm supplied job dir: /home/cms1169/.globus/cms1169/.globus/job/osg/16362057049637236301.4431738610194086591" 
ts=2013-10-11T20:32:53.396381Z id=16085 event=gram.script.log level=DEBUG msg="Fork stage out" 
ts=2013-10-11T20:32:53.397883Z id=16085 event=gram.script_read.start level=DEBUG gramid=/16362057049637236301/4431738610194086591/ result=0 nbytes=39 
ts=2013-10-11T20:32:53.397912Z id=16085 event=gram.script.log level=DEBUG msg="stage_out(enter)" 
ts=2013-10-11T20:32:53.398899Z id=16085 event=gram.script_read.start level=DEBUG gramid=/16362057049637236301/4431738610194086591/ result=0 nbytes=134 
ts=2013-10-11T20:32:53.398922Z id=16085 event=gram.script.log level=DEBUG msg="Sent NFS sync for /home/cms1169/.globus/cms1169/.globus/job/osg/16362057049637236301.4431738610194086591/stdout" 
ts=2013-10-11T20:32:53.399621Z id=16085 event=gram.script_read.start level=DEBUG gramid=/16362057049637236301/4431738610194086591/ result=0 nbytes=306 
ts=2013-10-11T20:32:53.399651Z id=16085 event=gram.script.log level=DEBUG msg="Sent NFS sync for /home/cms1169/.globus/cms1169/.globus/job/osg/16362057049637236301.4431738610194086591/stderr" 
ts=2013-10-11T20:32:53.399670Z id=16085 event=gram.script.log level=DEBUG msg="Staging /home/cms1169/.globus/cms1169/.globus/job/osg/16362057049637236301.4431738610194086591/stderr to https://osg.rcac.purdue.edu:49504/dev/stderr" 
ts=2013-10-11T20:32:53.401160Z id=16085 event=gram.script_read.start level=DEBUG gramid=/16362057049637236301/4431738610194086591/ result=0 nbytes=696 
ts=2013-10-11T20:32:53.401200Z id=16085 event=gram.script.log level=DEBUG msg="Sent NFS sync for /home/cms1169/.globus/cms1169/.globus/job/osg/16362057049637236301.4431738610194086591/stderr" 
ts=2013-10-11T20:32:53.401219Z id=16085 event=gram.script.log level=DEBUG msg="Staging /home/cms1169/.globus/cms1169/.globus/job/osg/16362057049637236301.4431738610194086591/stderr to https://osg.rcac.purdue.edu:49504/dev/stderr" 
ts=2013-10-11T20:32:53.401237Z id=16085 event=gram.script.log level=DEBUG msg="Concretely, staging /home/cms1169/.globus/cms1169/.globus/job/osg/16362057049637236301.4431738610194086591/stderr to https://osg.rcac.purdue.edu:49504/dev/stderr" 
ts=2013-10-11T20:32:53.401255Z id=16085 event=gram.script.log level=DEBUG msg="with command /usr/bin/globus-url-copy file:///home/cms1169/.globus/cms1169/.globus/job/osg/16362057049637236301.4431738610194086591/stderr https://osg.rcac.purdue.edu:49504/dev/stderr" 
ts=2013-10-11T20:32:53.465626Z id=16085 event=gram.script_read.start level=DEBUG gramid=/16362057049637236301/4431738610194086591/ result=0 nbytes=165 
ts=2013-10-11T20:32:53.465661Z id=16085 event=gram.staging_remove.start level=DEBUG gramid=/16362057049637236301/4431738610194086591/ src="/home/cms1169/.globus/cms1169/.globus/job/osg/16362057049637236301.4431738610194086591/stderr" dst="https://osg.rcac.purdue.edu:49504/dev/stderr" type=file_stream_out 
ts=2013-10-11T20:32:53.467607Z id=16085 event=gram.script_read.start level=DEBUG gramid=/16362057049637236301/4431738610194086591/ result=0 nbytes=868 
ts=2013-10-11T20:32:53.467634Z id=16085 event=gram.script.log level=DEBUG msg="Staging /home/cms1169/.globus/cms1169/.globus/job/osg/16362057049637236301.4431738610194086591/stdout to https://osg.rcac.purdue.edu:49504/dev/stdout" 
ts=2013-10-11T20:32:53.467653Z id=16085 event=gram.script.log level=DEBUG msg="Sent NFS sync for /home/cms1169/.globus/cms1169/.globus/job/osg/16362057049637236301.4431738610194086591/stdout" 
ts=2013-10-11T20:32:53.467671Z id=16085 event=gram.script.log level=DEBUG msg="Staging /home/cms1169/.globus/cms1169/.globus/job/osg/16362057049637236301.4431738610194086591/stdout to https://osg.rcac.purdue.edu:49504/dev/stdout" 
ts=2013-10-11T20:32:53.467688Z id=16085 event=gram.script.log level=DEBUG msg="Concretely, staging /home/cms1169/.globus/cms1169/.globus/job/osg/16362057049637236301.4431738610194086591/stdout to https://osg.rcac.purdue.edu:49504/dev/stdout" 
ts=2013-10-11T20:32:53.467706Z id=16085 event=gram.script.log level=DEBUG msg="with command /usr/bin/globus-url-copy file:///home/cms1169/.globus/cms1169/.globus/job/osg/16362057049637236301.4431738610194086591/stdout https://osg.rcac.purdue.edu:49504/dev/stdout" 
ts=2013-10-11T20:32:53.531689Z id=16085 event=gram.script_read.start level=DEBUG gramid=/16362057049637236301/4431738610194086591/ result=0 nbytes=165 
ts=2013-10-11T20:32:53.531726Z id=16085 event=gram.staging_remove.start level=DEBUG gramid=/16362057049637236301/4431738610194086591/ src="/home/cms1169/.globus/cms1169/.globus/job/osg/16362057049637236301.4431738610194086591/stdout" dst="https://osg.rcac.purdue.edu:49504/dev/stdout" type=file_stream_out 
ts=2013-10-11T20:32:53.532773Z id=16085 event=gram.script_read.start level=DEBUG gramid=/16362057049637236301/4431738610194086591/ result=0 nbytes=39 
ts=2013-10-11T20:32:53.532803Z id=16085 event=gram.script.log level=DEBUG msg="stage_out(exit)" 
ts=2013-10-11T20:32:53.532839Z id=16085 event=gram.callback.start level=DEBUG gramid=/16362057049637236301/4431738610194086591/ state=8 restart_when_done=false 
ts=2013-10-11T20:32:53.532984Z id=16085 event=gram.callback.end level=DEBUG gramid=/16362057049637236301/4431738610194086591/ state=8 status=0 msg="Done queuing callback messages"
ts=2013-10-11T20:32:53.541355Z id=16085 event=gram.directory_destroy.end level=DEBUG gramid=/16362057049637236301/4431738610194086591/ path="/home/cms1169/.globus/cms1169/.globus/job/osg/16362057049637236301.4431738610194086591" failures=0 status=0 
ts=2013-10-11T20:33:27.391873Z id=16085 event=gram.script_idle.info level=DEBUG msg="closing idle script handle after 34.0 seconds
 ts=2013-10-11T20:33:33.663915Z id=16354 event=gram.script.start level=DEBUG
ts=2013-10-11T20:33:33.664018Z id=16354 event=gram.startup_lock.start level=DEBUG path="/var/lib/globus/gram_job_state/cms1169/osg/fork.179218f7.lock" 
ts=2013-10-11T20:33:33.664054Z id=16354 event=gram.startup_lock.end level=DEBUG status=-124 path="/var/lib/globus/gram_job_state/cms1169/osg/fork.179218f7.lock" msg="Unable to lock file, perhaps another job manager is running" errno=11 reason="Resource temporarily unavailable" 
ts=2013-10-11T20:33:33.664140Z id=16085 event=gram.new_request.start level=DEBUG fd=10 
ts=2013-10-11T20:33:33.670235Z id=16085 event=gram.init_scratchdir.start level=DEBUG gramid=/16362057050176285541/4431738610194086591/ base="/home/cms1169" 
ts=2013-10-11T20:33:33.670259Z id=16085 event=gram.init_scratchdir.end level=DEBUG gramid=/16362057050176285541/4431738610194086591/ status=0 reason="scratch_dir not in RSL" 
ts=2013-10-11T20:33:33.679393Z id=16085 event=gram.reply.start level=DEBUG gramid=/16362057050176285541/4431738610194086591/ job_contact="https://osg.rcac.purdue.edu:41868/16362057050176285541/4431738610194086591/" response_code=0 
ts=2013-10-11T20:33:33.679447Z id=16085 event=gram.reply.end level=DEBUG gramid=/16362057050176285541/4431738610194086591/ status=0 
ts=2013-10-11T20:33:33.681414Z id=16085 event=gram.script.info level=DEBUG msg="Created new script handle" handle=0x1d1064c0 rc=0 
ts=2013-10-11T20:33:33.682109Z id=16085 event=gram.script_write.end level=DEBUG msg="writev callback" nbytes=2218 result=0 pending_ops=2 
 ts=2013-10-11T20:33:33.748582Z id=16085 event=gram.script_read.start level=DEBUG gramid=/16362057050176285541/4431738610194086591/ result=0 nbytes=136 
ts=2013-10-11T20:33:33.748639Z id=16085 event=gram.script.log level=DEBUG msg="Using jm supplied job dir: /home/cms1169/.globus/cms1169/.globus/job/osg/16362057050176285541.4431738610194086591" 
ts=2013-10-11T20:33:33.748681Z id=16085 event=gram.script_read.start level=DEBUG gramid=/16362057050176285541/4431738610194086591/ result=0 nbytes=76 
ts=2013-10-11T20:33:33.748700Z id=16085 event=gram.script.log level=DEBUG msg="Checking to see if we'll save the job description: no" 
ts=2013-10-11T20:33:33.748791Z id=16085 event=gram.script_read.start level=DEBUG gramid=/16362057050176285541/4431738610194086591/ result=0 nbytes=136 
ts=2013-10-11T20:33:33.748810Z id=16085 event=gram.script.log level=DEBUG msg="Using jm supplied job dir: /home/cms1169/.globus/cms1169/.globus/job/osg/16362057050176285541.4431738610194086591" 
ts=2013-10-11T20:33:33.748837Z id=16085 event=gram.script_read.start level=DEBUG gramid=/16362057050176285541/4431738610194086591/ result=0 nbytes=136 
ts=2013-10-11T20:33:33.748855Z id=16085 event=gram.script.log level=DEBUG msg="Using jm supplied job dir: /home/cms1169/.globus/cms1169/.globus/job/osg/16362057050176285541.4431738610194086591" 
ts=2013-10-11T20:33:33.758563Z id=16085 event=gram.script_read.start level=DEBUG gramid=/16362057050176285541/4431738610194086591/ result=0 nbytes=49 
ts=2013-10-11T20:33:33.758791Z id=16085 event=gram.script_read.start level=DEBUG gramid=/16362057050176285541/4431738610194086591/ result=0 nbytes=1 
ts=2013-10-11T20:33:33.805651Z id=16085 event=gram.callback.start level=DEBUG gramid=/16362057050176285541/4431738610194086591/ state=2 restart_when_done=false 
ts=2013-10-11T20:33:33.806215Z id=16085 event=gram.callback.end level=DEBUG gramid=/16362057050176285541/4431738610194086591/ state=2 status=0 msg="Done queuing callback messages"
ts=2013-10-11T20:33:34.392066Z id=16085 event=gram.handle_seg_event.start level=DEBUG state=8 gramid=/16362057050176285541/4431738610194086591/ jobid="16361" 
ts=2013-10-11T20:33:34.392098Z id=16085 event=gram.handle_seg_event.end level=DEBUG state=8 gramid=/16362057050176285541/4431738610194086591/ jobid="16361" 
ts=2013-10-11T20:33:34.393992Z id=16085 event=gram.script.info level=DEBUG msg="Using script handle from fifo" handle=0x1d1064c0 
ts=2013-10-11T20:33:34.394073Z id=16085 event=gram.script_write.end level=DEBUG msg="writev callback" nbytes=2244 result=0 pending_ops=2 
 ts=2013-10-11T20:33:34.395104Z id=16085 event=gram.script_read.start level=DEBUG gramid=/16362057050176285541/4431738610194086591/ result=0 nbytes=136 
ts=2013-10-11T20:33:34.395126Z id=16085 event=gram.script.log level=DEBUG msg="Using jm supplied job dir: /home/cms1169/.globus/cms1169/.globus/job/osg/16362057050176285541.4431738610194086591" 
ts=2013-10-11T20:33:34.395164Z id=16085 event=gram.script_read.start level=DEBUG gramid=/16362057050176285541/4431738610194086591/ result=0 nbytes=76 
ts=2013-10-11T20:33:34.395183Z id=16085 event=gram.script.log level=DEBUG msg="Checking to see if we'll save the job description: no" 
ts=2013-10-11T20:33:34.395341Z id=16085 event=gram.script_read.start level=DEBUG gramid=/16362057050176285541/4431738610194086591/ result=0 nbytes=136 
ts=2013-10-11T20:33:34.395360Z id=16085 event=gram.script.log level=DEBUG msg="Using jm supplied job dir: /home/cms1169/.globus/cms1169/.globus/job/osg/16362057050176285541.4431738610194086591" 
ts=2013-10-11T20:33:34.395387Z id=16085 event=gram.script_read.start level=DEBUG gramid=/16362057050176285541/4431738610194086591/ result=0 nbytes=136 
ts=2013-10-11T20:33:34.395406Z id=16085 event=gram.script.log level=DEBUG msg="Using jm supplied job dir: /home/cms1169/.globus/cms1169/.globus/job/osg/16362057050176285541.4431738610194086591" 
ts=2013-10-11T20:33:34.395542Z id=16085 event=gram.script_read.start level=DEBUG gramid=/16362057050176285541/4431738610194086591/ result=0 nbytes=136 
ts=2013-10-11T20:33:34.395560Z id=16085 event=gram.script.log level=DEBUG msg="Using jm supplied job dir: /home/cms1169/.globus/cms1169/.globus/job/osg/16362057050176285541.4431738610194086591" 
ts=2013-10-11T20:33:34.395589Z id=16085 event=gram.script_read.start level=DEBUG gramid=/16362057050176285541/4431738610194086591/ result=0 nbytes=37 
ts=2013-10-11T20:33:34.395608Z id=16085 event=gram.script.log level=DEBUG msg="Fork stage out" 
ts=2013-10-11T20:33:34.397563Z id=16085 event=gram.script_read.start level=DEBUG gramid=/16362057050176285541/4431738610194086591/ result=0 nbytes=39 
ts=2013-10-11T20:33:34.397583Z id=16085 event=gram.script.log level=DEBUG msg="stage_out(enter)" 
ts=2013-10-11T20:33:34.398617Z id=16085 event=gram.script_read.start level=DEBUG gramid=/16362057050176285541/4431738610194086591/ result=0 nbytes=134 
ts=2013-10-11T20:33:34.398640Z id=16085 event=gram.script.log level=DEBUG msg="Sent NFS sync for /home/cms1169/.globus/cms1169/.globus/job/osg/16362057050176285541.4431738610194086591/stdout" 
ts=2013-10-11T20:33:34.399408Z id=16085 event=gram.script_read.start level=DEBUG gramid=/16362057050176285541/4431738610194086591/ result=0 nbytes=315 
ts=2013-10-11T20:33:34.399431Z id=16085 event=gram.script.log level=DEBUG msg="Sent NFS sync for /home/cms1169/.globus/cms1169/.globus/job/osg/16362057050176285541.4431738610194086591/stderr" 
ts=2013-10-11T20:33:34.399449Z id=16085 event=gram.script.log level=DEBUG msg="Staging /home/cms1169/.globus/cms1169/.globus/job/osg/16362057050176285541.4431738610194086591/stderr to https://rossmann-osg.rcac.purdue.edu:20886/dev/stderr" 
ts=2013-10-11T20:33:34.401009Z id=16085 event=gram.script_read.start level=DEBUG gramid=/16362057050176285541/4431738610194086591/ result=0 nbytes=723 
ts=2013-10-11T20:33:34.401041Z id=16085 event=gram.script.log level=DEBUG msg="Sent NFS sync for /home/cms1169/.globus/cms1169/.globus/job/osg/16362057050176285541.4431738610194086591/stderr" 
ts=2013-10-11T20:33:34.401059Z id=16085 event=gram.script.log level=DEBUG msg="Staging /home/cms1169/.globus/cms1169/.globus/job/osg/16362057050176285541.4431738610194086591/stderr to https://rossmann-osg.rcac.purdue.edu:20886/dev/stderr" 
ts=2013-10-11T20:33:34.401077Z id=16085 event=gram.script.log level=DEBUG msg="Concretely, staging /home/cms1169/.globus/cms1169/.globus/job/osg/16362057050176285541.4431738610194086591/stderr to https://rossmann-osg.rcac.purdue.edu:20886/dev/stderr" 
ts=2013-10-11T20:33:34.401095Z id=16085 event=gram.script.log level=DEBUG msg="with command /usr/bin/globus-url-copy file:///home/cms1169/.globus/cms1169/.globus/job/osg/16362057050176285541.4431738610194086591/stderr https://rossmann-osg.rcac.purdue.edu:20886/dev/stderr" 
ts=2013-10-11T20:33:34.466789Z id=16085 event=gram.script_read.start level=DEBUG gramid=/16362057050176285541/4431738610194086591/ result=0 nbytes=174 
ts=2013-10-11T20:33:34.466826Z id=16085 event=gram.staging_remove.start level=DEBUG gramid=/16362057050176285541/4431738610194086591/ src="/home/cms1169/.globus/cms1169/.globus/job/osg/16362057050176285541.4431738610194086591/stderr" dst="https://rossmann-osg.rcac.purdue.edu:20886/dev/stderr" type=file_stream_out 
ts=2013-10-11T20:33:34.468861Z id=16085 event=gram.script_read.start level=DEBUG gramid=/16362057050176285541/4431738610194086591/ result=0 nbytes=904 
ts=2013-10-11T20:33:34.468888Z id=16085 event=gram.script.log level=DEBUG msg="Staging /home/cms1169/.globus/cms1169/.globus/job/osg/16362057050176285541.4431738610194086591/stdout to https://rossmann-osg.rcac.purdue.edu:20886/dev/stdout" 
ts=2013-10-11T20:33:34.468906Z id=16085 event=gram.script.log level=DEBUG msg="Sent NFS sync for /home/cms1169/.globus/cms1169/.globus/job/osg/16362057050176285541.4431738610194086591/stdout" 
ts=2013-10-11T20:33:34.468924Z id=16085 event=gram.script.log level=DEBUG msg="Staging /home/cms1169/.globus/cms1169/.globus/job/osg/16362057050176285541.4431738610194086591/stdout to https://rossmann-osg.rcac.purdue.edu:20886/dev/stdout" 
ts=2013-10-11T20:33:34.468942Z id=16085 event=gram.script.log level=DEBUG msg="Concretely, staging /home/cms1169/.globus/cms1169/.globus/job/osg/16362057050176285541.4431738610194086591/stdout to https://rossmann-osg.rcac.purdue.edu:20886/dev/stdout" 
ts=2013-10-11T20:33:34.468959Z id=16085 event=gram.script.log level=DEBUG msg="with command /usr/bin/globus-url-copy file:///home/cms1169/.globus/cms1169/.globus/job/osg/16362057050176285541.4431738610194086591/stdout https://rossmann-osg.rcac.purdue.edu:20886/dev/stdout" 
ts=2013-10-11T20:33:34.533767Z id=16085 event=gram.script_read.start level=DEBUG gramid=/16362057050176285541/4431738610194086591/ result=0 nbytes=174 
ts=2013-10-11T20:33:34.533799Z id=16085 event=gram.staging_remove.start level=DEBUG gramid=/16362057050176285541/4431738610194086591/ src="/home/cms1169/.globus/cms1169/.globus/job/osg/16362057050176285541.4431738610194086591/stdout" dst="https://rossmann-osg.rcac.purdue.edu:20886/dev/stdout" type=file_stream_out 
ts=2013-10-11T20:33:34.535439Z id=16085 event=gram.script_read.start level=DEBUG gramid=/16362057050176285541/4431738610194086591/ result=0 nbytes=39 
ts=2013-10-11T20:33:34.535467Z id=16085 event=gram.script.log level=DEBUG msg="stage_out(exit)" 
ts=2013-10-11T20:33:34.535504Z id=16085 event=gram.callback.start level=DEBUG gramid=/16362057050176285541/4431738610194086591/ state=8 restart_when_done=false 
ts=2013-10-11T20:33:34.535988Z id=16085 event=gram.callback.end level=DEBUG gramid=/16362057050176285541/4431738610194086591/ state=8 status=0 msg="Done queuing callback messages"
ts=2013-10-11T20:33:34.546269Z id=16085 event=gram.directory_destroy.end level=DEBUG gramid=/16362057050176285541/4431738610194086591/ path="/home/cms1169/.globus/cms1169/.globus/job/osg/16362057050176285541.4431738610194086591" failures=0 status=0 
ts=2013-10-11T20:33:37.865791Z id=16366 event=gram.script.start level=DEBUG
ts=2013-10-11T20:33:37.865905Z id=16366 event=gram.startup_lock.start level=DEBUG path="/var/lib/globus/gram_job_state/cms1169/osg/fork.179218f7.lock" 
ts=2013-10-11T20:33:37.865939Z id=16366 event=gram.startup_lock.end level=DEBUG status=-124 path="/var/lib/globus/gram_job_state/cms1169/osg/fork.179218f7.lock" msg="Unable to lock file, perhaps another job manager is running" errno=11 reason="Resource temporarily unavailable" 
ts=2013-10-11T20:33:37.866013Z id=16085 event=gram.new_request.start level=DEBUG fd=10 
ts=2013-10-11T20:33:37.872237Z id=16085 event=gram.init_scratchdir.start level=DEBUG gramid=/16362057049977613416/4431738610194086591/ base="/home/cms1169" 
ts=2013-10-11T20:33:37.872294Z id=16085 event=gram.init_scratchdir.end level=DEBUG gramid=/16362057049977613416/4431738610194086591/ status=0 reason="scratch_dir not in RSL" 
ts=2013-10-11T20:33:37.879790Z id=16085 event=gram.reply.start level=DEBUG gramid=/16362057049977613416/4431738610194086591/ job_contact="https://osg.rcac.purdue.edu:41868/16362057049977613416/4431738610194086591/" response_code=0 
ts=2013-10-11T20:33:37.879844Z id=16085 event=gram.reply.end level=DEBUG gramid=/16362057049977613416/4431738610194086591/ status=0 
ts=2013-10-11T20:33:37.881424Z id=16085 event=gram.script.info level=DEBUG msg="Using script handle from fifo" handle=0x1d1064c0 
ts=2013-10-11T20:33:37.883821Z id=16085 event=gram.script_write.end level=DEBUG msg="writev callback" nbytes=2218 result=0 pending_ops=2 
 ts=2013-10-11T20:33:37.883866Z id=16085 event=gram.script_read.start level=DEBUG gramid=/16362057049977613416/4431738610194086591/ result=0 nbytes=484 
ts=2013-10-11T20:33:37.883887Z id=16085 event=gram.script.log level=DEBUG msg="Using jm supplied job dir: /home/cms1169/.globus/cms1169/.globus/job/osg/16362057049977613416.4431738610194086591" 
ts=2013-10-11T20:33:37.883905Z id=16085 event=gram.script.log level=DEBUG msg="Checking to see if we'll save the job description: no" 
ts=2013-10-11T20:33:37.883923Z id=16085 event=gram.script.log level=DEBUG msg="Using jm supplied job dir: /home/cms1169/.globus/cms1169/.globus/job/osg/16362057049977613416.4431738610194086591" 
ts=2013-10-11T20:33:37.883941Z id=16085 event=gram.script.log level=DEBUG msg="Using jm supplied job dir: /home/cms1169/.globus/cms1169/.globus/job/osg/16362057049977613416.4431738610194086591" 
ts=2013-10-11T20:33:37.893322Z id=16085 event=gram.script_read.start level=DEBUG gramid=/16362057049977613416/4431738610194086591/ result=0 nbytes=25 
ts=2013-10-11T20:33:37.893571Z id=16085 event=gram.script_read.start level=DEBUG gramid=/16362057049977613416/4431738610194086591/ result=0 nbytes=25 
ts=2013-10-11T20:33:37.939917Z id=16085 event=gram.callback.start level=DEBUG gramid=/16362057049977613416/4431738610194086591/ state=2 restart_when_done=false 
ts=2013-10-11T20:33:37.940443Z id=16085 event=gram.callback.end level=DEBUG gramid=/16362057049977613416/4431738610194086591/ state=2 status=0 msg="Done queuing callback messages"
ts=2013-10-11T20:33:38.392284Z id=16085 event=gram.handle_seg_event.start level=DEBUG state=8 gramid=/16362057049977613416/4431738610194086591/ jobid="16369" 
ts=2013-10-11T20:33:38.392315Z id=16085 event=gram.handle_seg_event.end level=DEBUG state=8 gramid=/16362057049977613416/4431738610194086591/ jobid="16369" 
ts=2013-10-11T20:33:38.394221Z id=16085 event=gram.script.info level=DEBUG msg="Using script handle from fifo" handle=0x1d1064c0 
ts=2013-10-11T20:33:38.396095Z id=16085 event=gram.script_write.end level=DEBUG msg="writev callback" nbytes=2244 result=0 pending_ops=2 
 ts=2013-10-11T20:33:38.396137Z id=16085 event=gram.script_read.start level=DEBUG gramid=/16362057049977613416/4431738610194086591/ result=0 nbytes=657 
ts=2013-10-11T20:33:38.396162Z id=16085 event=gram.script.log level=DEBUG msg="Using jm supplied job dir: /home/cms1169/.globus/cms1169/.globus/job/osg/16362057049977613416.4431738610194086591" 
ts=2013-10-11T20:33:38.396180Z id=16085 event=gram.script.log level=DEBUG msg="Checking to see if we'll save the job description: no" 
ts=2013-10-11T20:33:38.396198Z id=16085 event=gram.script.log level=DEBUG msg="Using jm supplied job dir: /home/cms1169/.globus/cms1169/.globus/job/osg/16362057049977613416.4431738610194086591" 
ts=2013-10-11T20:33:38.396215Z id=16085 event=gram.script.log level=DEBUG msg="Using jm supplied job dir: /home/cms1169/.globus/cms1169/.globus/job/osg/16362057049977613416.4431738610194086591" 
ts=2013-10-11T20:33:38.396233Z id=16085 event=gram.script.log level=DEBUG msg="Using jm supplied job dir: /home/cms1169/.globus/cms1169/.globus/job/osg/16362057049977613416.4431738610194086591" 
ts=2013-10-11T20:33:38.396250Z id=16085 event=gram.script.log level=DEBUG msg="Fork stage out" 
ts=2013-10-11T20:33:38.397731Z id=16085 event=gram.script_read.start level=DEBUG gramid=/16362057049977613416/4431738610194086591/ result=0 nbytes=39 
ts=2013-10-11T20:33:38.397756Z id=16085 event=gram.script.log level=DEBUG msg="stage_out(enter)" 
ts=2013-10-11T20:33:38.398756Z id=16085 event=gram.script_read.start level=DEBUG gramid=/16362057049977613416/4431738610194086591/ result=0 nbytes=134 
ts=2013-10-11T20:33:38.398780Z id=16085 event=gram.script.log level=DEBUG msg="Sent NFS sync for /home/cms1169/.globus/cms1169/.globus/job/osg/16362057049977613416.4431738610194086591/stdout" 
ts=2013-10-11T20:33:38.399497Z id=16085 event=gram.script_read.start level=DEBUG gramid=/16362057049977613416/4431738610194086591/ result=0 nbytes=315 
ts=2013-10-11T20:33:38.399520Z id=16085 event=gram.script.log level=DEBUG msg="Sent NFS sync for /home/cms1169/.globus/cms1169/.globus/job/osg/16362057049977613416.4431738610194086591/stderr" 
ts=2013-10-11T20:33:38.399539Z id=16085 event=gram.script.log level=DEBUG msg="Staging /home/cms1169/.globus/cms1169/.globus/job/osg/16362057049977613416.4431738610194086591/stderr to https://rossmann-osg.rcac.purdue.edu:20887/dev/stderr" 
ts=2013-10-11T20:33:38.401001Z id=16085 event=gram.script_read.start level=DEBUG gramid=/16362057049977613416/4431738610194086591/ result=0 nbytes=723 
ts=2013-10-11T20:33:38.401025Z id=16085 event=gram.script.log level=DEBUG msg="Sent NFS sync for /home/cms1169/.globus/cms1169/.globus/job/osg/16362057049977613416.4431738610194086591/stderr" 
ts=2013-10-11T20:33:38.401044Z id=16085 event=gram.script.log level=DEBUG msg="Staging /home/cms1169/.globus/cms1169/.globus/job/osg/16362057049977613416.4431738610194086591/stderr to https://rossmann-osg.rcac.purdue.edu:20887/dev/stderr" 
ts=2013-10-11T20:33:38.401062Z id=16085 event=gram.script.log level=DEBUG msg="Concretely, staging /home/cms1169/.globus/cms1169/.globus/job/osg/16362057049977613416.4431738610194086591/stderr to https://rossmann-osg.rcac.purdue.edu:20887/dev/stderr" 
ts=2013-10-11T20:33:38.401079Z id=16085 event=gram.script.log level=DEBUG msg="with command /usr/bin/globus-url-copy file:///home/cms1169/.globus/cms1169/.globus/job/osg/16362057049977613416.4431738610194086591/stderr https://rossmann-osg.rcac.purdue.edu:20887/dev/stderr" 
ts=2013-10-11T20:33:38.466997Z id=16085 event=gram.script_read.start level=DEBUG gramid=/16362057049977613416/4431738610194086591/ result=0 nbytes=174 
ts=2013-10-11T20:33:38.467044Z id=16085 event=gram.staging_remove.start level=DEBUG gramid=/16362057049977613416/4431738610194086591/ src="/home/cms1169/.globus/cms1169/.globus/job/osg/16362057049977613416.4431738610194086591/stderr" dst="https://rossmann-osg.rcac.purdue.edu:20887/dev/stderr" type=file_stream_out 
ts=2013-10-11T20:33:38.468981Z id=16085 event=gram.script_read.start level=DEBUG gramid=/16362057049977613416/4431738610194086591/ result=0 nbytes=904 
ts=2013-10-11T20:33:38.469007Z id=16085 event=gram.script.log level=DEBUG msg="Staging /home/cms1169/.globus/cms1169/.globus/job/osg/16362057049977613416.4431738610194086591/stdout to https://rossmann-osg.rcac.purdue.edu:20887/dev/stdout" 
ts=2013-10-11T20:33:38.469030Z id=16085 event=gram.script.log level=DEBUG msg="Sent NFS sync for /home/cms1169/.globus/cms1169/.globus/job/osg/16362057049977613416.4431738610194086591/stdout" 
ts=2013-10-11T20:33:38.469048Z id=16085 event=gram.script.log level=DEBUG msg="Staging /home/cms1169/.globus/cms1169/.globus/job/osg/16362057049977613416.4431738610194086591/stdout to https://rossmann-osg.rcac.purdue.edu:20887/dev/stdout" 
ts=2013-10-11T20:33:38.469066Z id=16085 event=gram.script.log level=DEBUG msg="Concretely, staging /home/cms1169/.globus/cms1169/.globus/job/osg/16362057049977613416.4431738610194086591/stdout to https://rossmann-osg.rcac.purdue.edu:20887/dev/stdout" 
ts=2013-10-11T20:33:38.469083Z id=16085 event=gram.script.log level=DEBUG msg="with command /usr/bin/globus-url-copy file:///home/cms1169/.globus/cms1169/.globus/job/osg/16362057049977613416.4431738610194086591/stdout https://rossmann-osg.rcac.purdue.edu:20887/dev/stdout" 
ts=2013-10-11T20:33:38.533895Z id=16085 event=gram.script_read.start level=DEBUG gramid=/16362057049977613416/4431738610194086591/ result=0 nbytes=174 
ts=2013-10-11T20:33:38.533929Z id=16085 event=gram.staging_remove.start level=DEBUG gramid=/16362057049977613416/4431738610194086591/ src="/home/cms1169/.globus/cms1169/.globus/job/osg/16362057049977613416.4431738610194086591/stdout" dst="https://rossmann-osg.rcac.purdue.edu:20887/dev/stdout" type=file_stream_out 
ts=2013-10-11T20:33:38.545436Z id=16085 event=gram.script_read.start level=DEBUG gramid=/16362057049977613416/4431738610194086591/ result=0 nbytes=39 
ts=2013-10-11T20:33:38.545478Z id=16085 event=gram.script.log level=DEBUG msg="stage_out(exit)" 
ts=2013-10-11T20:33:38.545517Z id=16085 event=gram.callback.start level=DEBUG gramid=/16362057049977613416/4431738610194086591/ state=8 restart_when_done=false 
ts=2013-10-11T20:33:38.545968Z id=16085 event=gram.callback.end level=DEBUG gramid=/16362057049977613416/4431738610194086591/ state=8 status=0 msg="Done queuing callback messages"
ts=2013-10-11T20:33:38.553961Z id=16085 event=gram.directory_destroy.end level=DEBUG gramid=/16362057049977613416/4431738610194086591/ path="/home/cms1169/.globus/cms1169/.globus/job/osg/16362057049977613416.4431738610194086591" failures=0 status=0 
ts=2013-10-11T20:34:27.392225Z id=16085 event=gram.script_idle.info level=DEBUG msg="closing idle script handle after 49.0 seconds
 ts=2013-10-11T20:59:10.266338Z id=17404 event=gram.script.start level=DEBUG
ts=2013-10-11T20:59:10.266461Z id=17404 event=gram.startup_lock.start level=DEBUG path="/var/lib/globus/gram_job_state/cms1169/osg/fork.179218f7.lock" 
ts=2013-10-11T20:59:10.266509Z id=17404 event=gram.startup_lock.end level=DEBUG path="/var/lib/globus/gram_job_state/cms1169/osg/fork.179218f7.lock" status=0 
ts=2013-10-11T20:59:10.266944Z id=17405 event=gram.send_job.end level=WARN status=-3 errno=2 msg="Error making datagram connection to Job Manager" reason="No such file or directory" path="/var/lib/globus/gram_job_state/cms1169/osg/fork.179218f7.sock" 
ts=2013-10-11T20:59:10.284174Z id=17404 event=gram.startup_socket_init.start level=DEBUG
ts=2013-10-11T20:59:10.284340Z id=17404 event=gram.startup_socket_init.end level=DEBUG status=0 path="/var/lib/globus/gram_job_state/cms1169/osg/fork.179218f7.sock" 
ts=2013-10-11T20:59:10.516960Z id=17405 event=gram.startup_lock.start level=DEBUG path="/var/lib/globus/gram_job_state/cms1169/osg/fork.179218f7.lock" 
ts=2013-10-11T20:59:10.517012Z id=17405 event=gram.startup_lock.end level=DEBUG status=-124 path="/var/lib/globus/gram_job_state/cms1169/osg/fork.179218f7.lock" msg="Unable to lock file, perhaps another job manager is running" errno=11 reason="Resource temporarily unavailable" 
ts=2013-10-11T20:59:10.517554Z id=17404 event=gram.new_request.start level=DEBUG fd=10 
ts=2013-10-11T20:59:10.527448Z id=17404 event=gram.init_scratchdir.start level=DEBUG gramid=/16362060349288543481/4431738610194116514/ base="/home/cms1169" 
ts=2013-10-11T20:59:10.527471Z id=17404 event=gram.init_scratchdir.end level=DEBUG gramid=/16362060349288543481/4431738610194116514/ status=0 reason="scratch_dir not in RSL" 
ts=2013-10-11T20:59:10.540659Z id=17404 event=gram.reply.start level=DEBUG gramid=/16362060349288543481/4431738610194116514/ job_contact="https://osg.rcac.purdue.edu:50963/16362060349288543481/4431738610194116514/" response_code=0 
ts=2013-10-11T20:59:10.540720Z id=17404 event=gram.reply.end level=DEBUG gramid=/16362060349288543481/4431738610194116514/ status=0 
ts=2013-10-11T20:59:10.542151Z id=17404 event=gram.script.info level=DEBUG msg="Created new script handle" handle=0xf997060 rc=0 
ts=2013-10-11T20:59:10.542752Z id=17404 event=gram.script_write.end level=DEBUG msg="writev callback" nbytes=2172 result=0 pending_ops=2 
 ts=2013-10-11T20:59:10.608495Z id=17404 event=gram.script_read.start level=DEBUG gramid=/16362060349288543481/4431738610194116514/ result=0 nbytes=136 
ts=2013-10-11T20:59:10.608571Z id=17404 event=gram.script.log level=DEBUG msg="Using jm supplied job dir: /home/cms1169/.globus/cms1169/.globus/job/osg/16362060349288543481.4431738610194116514" 
ts=2013-10-11T20:59:10.608638Z id=17404 event=gram.script_read.start level=DEBUG gramid=/16362060349288543481/4431738610194116514/ result=0 nbytes=76 
ts=2013-10-11T20:59:10.608659Z id=17404 event=gram.script.log level=DEBUG msg="Checking to see if we'll save the job description: no" 
ts=2013-10-11T20:59:10.608716Z id=17404 event=gram.script_read.start level=DEBUG gramid=/16362060349288543481/4431738610194116514/ result=0 nbytes=136 
ts=2013-10-11T20:59:10.608736Z id=17404 event=gram.script.log level=DEBUG msg="Using jm supplied job dir: /home/cms1169/.globus/cms1169/.globus/job/osg/16362060349288543481.4431738610194116514" 
ts=2013-10-11T20:59:10.608763Z id=17404 event=gram.script_read.start level=DEBUG gramid=/16362060349288543481/4431738610194116514/ result=0 nbytes=136 
ts=2013-10-11T20:59:10.608781Z id=17404 event=gram.script.log level=DEBUG msg="Using jm supplied job dir: /home/cms1169/.globus/cms1169/.globus/job/osg/16362060349288543481.4431738610194116514" 
ts=2013-10-11T20:59:10.609054Z id=17404 event=gram.script_read.start level=DEBUG gramid=/16362060349288543481/4431738610194116514/ result=0 nbytes=21 
ts=2013-10-11T20:59:10.613018Z id=17404 event=gram.callback.start level=DEBUG gramid=/16362060349288543481/4431738610194116514/ state=4 restart_when_done=false 
ts=2013-10-11T20:59:10.613277Z id=17404 event=gram.callback.end level=DEBUG gramid=/16362060349288543481/4431738610194116514/ state=4 status=0 msg="Done queuing callback messages"
ts=2013-10-11T20:59:10.618335Z id=17404 event=gram.directory_destroy.end level=DEBUG gramid=/16362060349288543481/4431738610194116514/ path="/home/cms1169/.globus/cms1169/.globus/job/osg/16362060349288543481.4431738610194116514" failures=0 status=0 
ts=2013-10-11T20:59:10.621291Z id=17404 event=gram.job.end level=ERROR gramid=/16362060349288543481/4431738610194116514/ job_status=4 status=-5 reason="the executable does not exist"
ts=2013-10-11T20:59:24.334380Z id=17472 event=gram.script.start level=DEBUG
ts=2013-10-11T20:59:24.334490Z id=17472 event=gram.startup_lock.start level=DEBUG path="/var/lib/globus/gram_job_state/cms1169/osg/fork.179218f7.lock" 
ts=2013-10-11T20:59:24.334528Z id=17472 event=gram.startup_lock.end level=DEBUG status=-124 path="/var/lib/globus/gram_job_state/cms1169/osg/fork.179218f7.lock" msg="Unable to lock file, perhaps another job manager is running" errno=11 reason="Resource temporarily unavailable" 
ts=2013-10-11T20:59:24.334603Z id=17404 event=gram.new_request.start level=DEBUG fd=10 
ts=2013-10-11T20:59:24.340399Z id=17404 event=gram.init_scratchdir.start level=DEBUG gramid=/16362061447225094146/4431738610194116514/ base="/home/cms1169" 
ts=2013-10-11T20:59:24.340423Z id=17404 event=gram.init_scratchdir.end level=DEBUG gramid=/16362061447225094146/4431738610194116514/ status=0 reason="scratch_dir not in RSL" 
ts=2013-10-11T20:59:24.347704Z id=17404 event=gram.reply.start level=DEBUG gramid=/16362061447225094146/4431738610194116514/ job_contact="https://osg.rcac.purdue.edu:50963/16362061447225094146/4431738610194116514/" response_code=0 
ts=2013-10-11T20:59:24.347769Z id=17404 event=gram.reply.end level=DEBUG gramid=/16362061447225094146/4431738610194116514/ status=0 
ts=2013-10-11T20:59:24.349031Z id=17404 event=gram.script.info level=DEBUG msg="Using script handle from fifo" handle=0xf997060 
ts=2013-10-11T20:59:24.349097Z id=17404 event=gram.script_write.end level=DEBUG msg="writev callback" nbytes=2172 result=0 pending_ops=2 
 ts=2013-10-11T20:59:24.350144Z id=17404 event=gram.script_read.start level=DEBUG gramid=/16362061447225094146/4431738610194116514/ result=0 nbytes=136 
ts=2013-10-11T20:59:24.350170Z id=17404 event=gram.script.log level=DEBUG msg="Using jm supplied job dir: /home/cms1169/.globus/cms1169/.globus/job/osg/16362061447225094146.4431738610194116514" 
ts=2013-10-11T20:59:24.350201Z id=17404 event=gram.script_read.start level=DEBUG gramid=/16362061447225094146/4431738610194116514/ result=0 nbytes=76 
ts=2013-10-11T20:59:24.350220Z id=17404 event=gram.script.log level=DEBUG msg="Checking to see if we'll save the job description: no" 
ts=2013-10-11T20:59:24.350348Z id=17404 event=gram.script_read.start level=DEBUG gramid=/16362061447225094146/4431738610194116514/ result=0 nbytes=136 
ts=2013-10-11T20:59:24.350368Z id=17404 event=gram.script.log level=DEBUG msg="Using jm supplied job dir: /home/cms1169/.globus/cms1169/.globus/job/osg/16362061447225094146.4431738610194116514" 
ts=2013-10-11T20:59:24.350395Z id=17404 event=gram.script_read.start level=DEBUG gramid=/16362061447225094146/4431738610194116514/ result=0 nbytes=136 
ts=2013-10-11T20:59:24.350414Z id=17404 event=gram.script.log level=DEBUG msg="Using jm supplied job dir: /home/cms1169/.globus/cms1169/.globus/job/osg/16362061447225094146.4431738610194116514" 
ts=2013-10-11T20:59:24.350754Z id=17404 event=gram.script_read.start level=DEBUG gramid=/16362061447225094146/4431738610194116514/ result=0 nbytes=21 
ts=2013-10-11T20:59:24.354269Z id=17404 event=gram.callback.start level=DEBUG gramid=/16362061447225094146/4431738610194116514/ state=4 restart_when_done=false 
ts=2013-10-11T20:59:24.354447Z id=17404 event=gram.callback.end level=DEBUG gramid=/16362061447225094146/4431738610194116514/ state=4 status=0 msg="Done queuing callback messages"
ts=2013-10-11T20:59:24.359298Z id=17404 event=gram.directory_destroy.end level=DEBUG gramid=/16362061447225094146/4431738610194116514/ path="/home/cms1169/.globus/cms1169/.globus/job/osg/16362061447225094146.4431738610194116514" failures=0 status=0 
ts=2013-10-11T20:59:24.361622Z id=17404 event=gram.job.end level=ERROR gramid=/16362061447225094146/4431738610194116514/ job_status=4 status=-5 reason="the executable does not exist"
ts=2013-10-11T20:59:30.109789Z id=17522 event=gram.script.start level=DEBUG
ts=2013-10-11T20:59:30.109892Z id=17522 event=gram.startup_lock.start level=DEBUG path="/var/lib/globus/gram_job_state/cms1169/osg/fork.179218f7.lock" 
ts=2013-10-11T20:59:30.109926Z id=17522 event=gram.startup_lock.end level=DEBUG status=-124 path="/var/lib/globus/gram_job_state/cms1169/osg/fork.179218f7.lock" msg="Unable to lock file, perhaps another job manager is running" errno=11 reason="Resource temporarily unavailable" 
ts=2013-10-11T20:59:30.110027Z id=17404 event=gram.new_request.start level=DEBUG fd=10 
ts=2013-10-11T20:59:30.115621Z id=17404 event=gram.init_scratchdir.start level=DEBUG gramid=/16362061447883629061/4431738610194116514/ base="/home/cms1169" 
ts=2013-10-11T20:59:30.115645Z id=17404 event=gram.init_scratchdir.end level=DEBUG gramid=/16362061447883629061/4431738610194116514/ status=0 reason="scratch_dir not in RSL" 
ts=2013-10-11T20:59:30.123569Z id=17404 event=gram.reply.start level=DEBUG gramid=/16362061447883629061/4431738610194116514/ job_contact="https://osg.rcac.purdue.edu:50963/16362061447883629061/4431738610194116514/" response_code=0 
ts=2013-10-11T20:59:30.123636Z id=17404 event=gram.reply.end level=DEBUG gramid=/16362061447883629061/4431738610194116514/ status=0 
ts=2013-10-11T20:59:30.125332Z id=17404 event=gram.script.info level=DEBUG msg="Using script handle from fifo" handle=0xf997060 
ts=2013-10-11T20:59:30.125398Z id=17404 event=gram.script_write.end level=DEBUG msg="writev callback" nbytes=2176 result=0 pending_ops=2 
 ts=2013-10-11T20:59:30.126445Z id=17404 event=gram.script_read.start level=DEBUG gramid=/16362061447883629061/4431738610194116514/ result=0 nbytes=136 
ts=2013-10-11T20:59:30.126467Z id=17404 event=gram.script.log level=DEBUG msg="Using jm supplied job dir: /home/cms1169/.globus/cms1169/.globus/job/osg/16362061447883629061.4431738610194116514" 
ts=2013-10-11T20:59:30.126496Z id=17404 event=gram.script_read.start level=DEBUG gramid=/16362061447883629061/4431738610194116514/ result=0 nbytes=76 
ts=2013-10-11T20:59:30.126516Z id=17404 event=gram.script.log level=DEBUG msg="Checking to see if we'll save the job description: no" 
ts=2013-10-11T20:59:30.126658Z id=17404 event=gram.script_read.start level=DEBUG gramid=/16362061447883629061/4431738610194116514/ result=0 nbytes=136 
ts=2013-10-11T20:59:30.126679Z id=17404 event=gram.script.log level=DEBUG msg="Using jm supplied job dir: /home/cms1169/.globus/cms1169/.globus/job/osg/16362061447883629061.4431738610194116514" 
ts=2013-10-11T20:59:30.126723Z id=17404 event=gram.script_read.start level=DEBUG gramid=/16362061447883629061/4431738610194116514/ result=0 nbytes=136 
ts=2013-10-11T20:59:30.126743Z id=17404 event=gram.script.log level=DEBUG msg="Using jm supplied job dir: /home/cms1169/.globus/cms1169/.globus/job/osg/16362061447883629061.4431738610194116514" 
ts=2013-10-11T20:59:30.127042Z id=17404 event=gram.script_read.start level=DEBUG gramid=/16362061447883629061/4431738610194116514/ result=0 nbytes=21 
ts=2013-10-11T20:59:30.130329Z id=17404 event=gram.callback.start level=DEBUG gramid=/16362061447883629061/4431738610194116514/ state=4 restart_when_done=false 
ts=2013-10-11T20:59:30.130509Z id=17404 event=gram.callback.end level=DEBUG gramid=/16362061447883629061/4431738610194116514/ state=4 status=0 msg="Done queuing callback messages"
ts=2013-10-11T20:59:30.135454Z id=17404 event=gram.directory_destroy.end level=DEBUG gramid=/16362061447883629061/4431738610194116514/ path="/home/cms1169/.globus/cms1169/.globus/job/osg/16362061447883629061.4431738610194116514" failures=0 status=0 
ts=2013-10-11T20:59:30.137331Z id=17404 event=gram.job.end level=ERROR gramid=/16362061447883629061/4431738610194116514/ job_status=4 status=-5 reason="the executable does not exist"
ts=2013-10-11T21:00:02.893734Z id=17655 event=gram.script.start level=DEBUG
ts=2013-10-11T21:00:02.893840Z id=17655 event=gram.startup_lock.start level=DEBUG path="/var/lib/globus/gram_job_state/cms1169/osg/fork.179218f7.lock" 
ts=2013-10-11T21:00:02.893876Z id=17655 event=gram.startup_lock.end level=DEBUG status=-124 path="/var/lib/globus/gram_job_state/cms1169/osg/fork.179218f7.lock" msg="Unable to lock file, perhaps another job manager is running" errno=11 reason="Resource temporarily unavailable" 
ts=2013-10-11T21:00:02.893972Z id=17404 event=gram.new_request.start level=DEBUG fd=10 
ts=2013-10-11T21:00:02.900289Z id=17404 event=gram.init_scratchdir.start level=DEBUG gramid=/16362061449065409561/4431738610194116514/ base="/home/cms1169" 
ts=2013-10-11T21:00:02.900313Z id=17404 event=gram.init_scratchdir.end level=DEBUG gramid=/16362061449065409561/4431738610194116514/ status=0 reason="scratch_dir not in RSL" 
ts=2013-10-11T21:00:02.907687Z id=17404 event=gram.reply.start level=DEBUG gramid=/16362061449065409561/4431738610194116514/ job_contact="https://osg.rcac.purdue.edu:50963/16362061449065409561/4431738610194116514/" response_code=0 
ts=2013-10-11T21:00:02.907746Z id=17404 event=gram.reply.end level=DEBUG gramid=/16362061449065409561/4431738610194116514/ status=0 
ts=2013-10-11T21:00:02.909149Z id=17404 event=gram.script.info level=DEBUG msg="Using script handle from fifo" handle=0xf997060 
ts=2013-10-11T21:00:02.909215Z id=17404 event=gram.script_write.end level=DEBUG msg="writev callback" nbytes=2180 result=0 pending_ops=2 
 ts=2013-10-11T21:00:02.910263Z id=17404 event=gram.script_read.start level=DEBUG gramid=/16362061449065409561/4431738610194116514/ result=0 nbytes=136 
ts=2013-10-11T21:00:02.910285Z id=17404 event=gram.script.log level=DEBUG msg="Using jm supplied job dir: /home/cms1169/.globus/cms1169/.globus/job/osg/16362061449065409561.4431738610194116514" 
ts=2013-10-11T21:00:02.910315Z id=17404 event=gram.script_read.start level=DEBUG gramid=/16362061449065409561/4431738610194116514/ result=0 nbytes=76 
ts=2013-10-11T21:00:02.910334Z id=17404 event=gram.script.log level=DEBUG msg="Checking to see if we'll save the job description: no" 
ts=2013-10-11T21:00:02.910469Z id=17404 event=gram.script_read.start level=DEBUG gramid=/16362061449065409561/4431738610194116514/ result=0 nbytes=136 
ts=2013-10-11T21:00:02.910488Z id=17404 event=gram.script.log level=DEBUG msg="Using jm supplied job dir: /home/cms1169/.globus/cms1169/.globus/job/osg/16362061449065409561.4431738610194116514" 
ts=2013-10-11T21:00:02.910515Z id=17404 event=gram.script_read.start level=DEBUG gramid=/16362061449065409561/4431738610194116514/ result=0 nbytes=136 
ts=2013-10-11T21:00:02.910551Z id=17404 event=gram.script.log level=DEBUG msg="Using jm supplied job dir: /home/cms1169/.globus/cms1169/.globus/job/osg/16362061449065409561.4431738610194116514" 
ts=2013-10-11T21:00:02.921229Z id=17404 event=gram.script_read.start level=DEBUG gramid=/16362061449065409561/4431738610194116514/ result=0 nbytes=49 
ts=2013-10-11T21:00:02.921424Z id=17404 event=gram.script_read.start level=DEBUG gramid=/16362061449065409561/4431738610194116514/ result=0 nbytes=1 
ts=2013-10-11T21:00:02.970591Z id=17404 event=gram.callback.start level=DEBUG gramid=/16362061449065409561/4431738610194116514/ state=2 restart_when_done=false 
ts=2013-10-11T21:00:02.970793Z id=17404 event=gram.callback.end level=DEBUG gramid=/16362061449065409561/4431738610194116514/ state=2 status=0 msg="Done queuing callback messages"
ts=2013-10-11T21:00:03.324195Z id=17404 event=gram.handle_seg_event.start level=DEBUG state=8 gramid=/16362061449065409561/4431738610194116514/ jobid="17658" 
ts=2013-10-11T21:00:03.324231Z id=17404 event=gram.handle_seg_event.end level=DEBUG state=8 gramid=/16362061449065409561/4431738610194116514/ jobid="17658" 
ts=2013-10-11T21:00:03.326094Z id=17404 event=gram.script.info level=DEBUG msg="Using script handle from fifo" handle=0xf997060 
ts=2013-10-11T21:00:03.326155Z id=17404 event=gram.script_write.end level=DEBUG msg="writev callback" nbytes=2206 result=0 pending_ops=2 
 ts=2013-10-11T21:00:03.327157Z id=17404 event=gram.script_read.start level=DEBUG gramid=/16362061449065409561/4431738610194116514/ result=0 nbytes=136 
ts=2013-10-11T21:00:03.327180Z id=17404 event=gram.script.log level=DEBUG msg="Using jm supplied job dir: /home/cms1169/.globus/cms1169/.globus/job/osg/16362061449065409561.4431738610194116514" 
ts=2013-10-11T21:00:03.327215Z id=17404 event=gram.script_read.start level=DEBUG gramid=/16362061449065409561/4431738610194116514/ result=0 nbytes=76 
ts=2013-10-11T21:00:03.327235Z id=17404 event=gram.script.log level=DEBUG msg="Checking to see if we'll save the job description: no" 
ts=2013-10-11T21:00:03.327394Z id=17404 event=gram.script_read.start level=DEBUG gramid=/16362061449065409561/4431738610194116514/ result=0 nbytes=136 
ts=2013-10-11T21:00:03.327412Z id=17404 event=gram.script.log level=DEBUG msg="Using jm supplied job dir: /home/cms1169/.globus/cms1169/.globus/job/osg/16362061449065409561.4431738610194116514" 
ts=2013-10-11T21:00:03.327440Z id=17404 event=gram.script_read.start level=DEBUG gramid=/16362061449065409561/4431738610194116514/ result=0 nbytes=136 
ts=2013-10-11T21:00:03.327459Z id=17404 event=gram.script.log level=DEBUG msg="Using jm supplied job dir: /home/cms1169/.globus/cms1169/.globus/job/osg/16362061449065409561.4431738610194116514" 
ts=2013-10-11T21:00:03.327545Z id=17404 event=gram.script_read.start level=DEBUG gramid=/16362061449065409561/4431738610194116514/ result=0 nbytes=136 
ts=2013-10-11T21:00:03.327564Z id=17404 event=gram.script.log level=DEBUG msg="Using jm supplied job dir: /home/cms1169/.globus/cms1169/.globus/job/osg/16362061449065409561.4431738610194116514" 
ts=2013-10-11T21:00:03.327593Z id=17404 event=gram.script_read.start level=DEBUG gramid=/16362061449065409561/4431738610194116514/ result=0 nbytes=37 
ts=2013-10-11T21:00:03.327612Z id=17404 event=gram.script.log level=DEBUG msg="Fork stage out" 
ts=2013-10-11T21:00:03.329581Z id=17404 event=gram.script_read.start level=DEBUG gramid=/16362061449065409561/4431738610194116514/ result=0 nbytes=39 
ts=2013-10-11T21:00:03.329601Z id=17404 event=gram.script.log level=DEBUG msg="stage_out(enter)" 
ts=2013-10-11T21:00:03.330504Z id=17404 event=gram.script_read.start level=DEBUG gramid=/16362061449065409561/4431738610194116514/ result=0 nbytes=134 
ts=2013-10-11T21:00:03.330535Z id=17404 event=gram.script.log level=DEBUG msg="Sent NFS sync for /home/cms1169/.globus/cms1169/.globus/job/osg/16362061449065409561.4431738610194116514/stdout" 
ts=2013-10-11T21:00:03.331289Z id=17404 event=gram.script_read.start level=DEBUG gramid=/16362061449065409561/4431738610194116514/ result=0 nbytes=306 
ts=2013-10-11T21:00:03.331339Z id=17404 event=gram.script.log level=DEBUG msg="Sent NFS sync for /home/cms1169/.globus/cms1169/.globus/job/osg/16362061449065409561.4431738610194116514/stderr" 
ts=2013-10-11T21:00:03.331358Z id=17404 event=gram.script.log level=DEBUG msg="Staging /home/cms1169/.globus/cms1169/.globus/job/osg/16362061449065409561.4431738610194116514/stderr to https://osg.rcac.purdue.edu:56549/dev/stderr" 
ts=2013-10-11T21:00:03.332868Z id=17404 event=gram.script_read.start level=DEBUG gramid=/16362061449065409561/4431738610194116514/ result=0 nbytes=696 
ts=2013-10-11T21:00:03.332892Z id=17404 event=gram.script.log level=DEBUG msg="Sent NFS sync for /home/cms1169/.globus/cms1169/.globus/job/osg/16362061449065409561.4431738610194116514/stderr" 
ts=2013-10-11T21:00:03.332911Z id=17404 event=gram.script.log level=DEBUG msg="Staging /home/cms1169/.globus/cms1169/.globus/job/osg/16362061449065409561.4431738610194116514/stderr to https://osg.rcac.purdue.edu:56549/dev/stderr" 
ts=2013-10-11T21:00:03.332929Z id=17404 event=gram.script.log level=DEBUG msg="Concretely, staging /home/cms1169/.globus/cms1169/.globus/job/osg/16362061449065409561.4431738610194116514/stderr to https://osg.rcac.purdue.edu:56549/dev/stderr" 
ts=2013-10-11T21:00:03.332946Z id=17404 event=gram.script.log level=DEBUG msg="with command /usr/bin/globus-url-copy file:///home/cms1169/.globus/cms1169/.globus/job/osg/16362061449065409561.4431738610194116514/stderr https://osg.rcac.purdue.edu:56549/dev/stderr" 
ts=2013-10-11T21:00:03.398577Z id=17404 event=gram.script_read.start level=DEBUG gramid=/16362061449065409561/4431738610194116514/ result=0 nbytes=165 
ts=2013-10-11T21:00:03.398615Z id=17404 event=gram.staging_remove.start level=DEBUG gramid=/16362061449065409561/4431738610194116514/ src="/home/cms1169/.globus/cms1169/.globus/job/osg/16362061449065409561.4431738610194116514/stderr" dst="https://osg.rcac.purdue.edu:56549/dev/stderr" type=file_stream_out 
ts=2013-10-11T21:00:03.400909Z id=17404 event=gram.script_read.start level=DEBUG gramid=/16362061449065409561/4431738610194116514/ result=0 nbytes=868 
ts=2013-10-11T21:00:03.400936Z id=17404 event=gram.script.log level=DEBUG msg="Staging /home/cms1169/.globus/cms1169/.globus/job/osg/16362061449065409561.4431738610194116514/stdout to https://osg.rcac.purdue.edu:56549/dev/stdout" 
ts=2013-10-11T21:00:03.400955Z id=17404 event=gram.script.log level=DEBUG msg="Sent NFS sync for /home/cms1169/.globus/cms1169/.globus/job/osg/16362061449065409561.4431738610194116514/stdout" 
ts=2013-10-11T21:00:03.400973Z id=17404 event=gram.script.log level=DEBUG msg="Staging /home/cms1169/.globus/cms1169/.globus/job/osg/16362061449065409561.4431738610194116514/stdout to https://osg.rcac.purdue.edu:56549/dev/stdout" 
ts=2013-10-11T21:00:03.400991Z id=17404 event=gram.script.log level=DEBUG msg="Concretely, staging /home/cms1169/.globus/cms1169/.globus/job/osg/16362061449065409561.4431738610194116514/stdout to https://osg.rcac.purdue.edu:56549/dev/stdout" 
ts=2013-10-11T21:00:03.401008Z id=17404 event=gram.script.log level=DEBUG msg="with command /usr/bin/globus-url-copy file:///home/cms1169/.globus/cms1169/.globus/job/osg/16362061449065409561.4431738610194116514/stdout https://osg.rcac.purdue.edu:56549/dev/stdout" 
ts=2013-10-11T21:00:03.467350Z id=17404 event=gram.script_read.start level=DEBUG gramid=/16362061449065409561/4431738610194116514/ result=0 nbytes=165 
ts=2013-10-11T21:00:03.467400Z id=17404 event=gram.staging_remove.start level=DEBUG gramid=/16362061449065409561/4431738610194116514/ src="/home/cms1169/.globus/cms1169/.globus/job/osg/16362061449065409561.4431738610194116514/stdout" dst="https://osg.rcac.purdue.edu:56549/dev/stdout" type=file_stream_out 
ts=2013-10-11T21:00:03.469086Z id=17404 event=gram.script_read.start level=DEBUG gramid=/16362061449065409561/4431738610194116514/ result=0 nbytes=39 
ts=2013-10-11T21:00:03.469114Z id=17404 event=gram.script.log level=DEBUG msg="stage_out(exit)" 
ts=2013-10-11T21:00:03.469162Z id=17404 event=gram.callback.start level=DEBUG gramid=/16362061449065409561/4431738610194116514/ state=8 restart_when_done=false 
ts=2013-10-11T21:00:03.469325Z id=17404 event=gram.callback.end level=DEBUG gramid=/16362061449065409561/4431738610194116514/ state=8 status=0 msg="Done queuing callback messages"
ts=2013-10-11T21:00:03.477624Z id=17404 event=gram.directory_destroy.end level=DEBUG gramid=/16362061449065409561/4431738610194116514/ path="/home/cms1169/.globus/cms1169/.globus/job/osg/16362061449065409561.4431738610194116514" failures=0 status=0 
ts=2013-10-11T21:04:28.778983Z id=18381 event=gram.script.start level=DEBUG
ts=2013-10-11T21:04:28.779103Z id=18381 event=gram.startup_lock.start level=DEBUG path="/var/lib/globus/gram_job_state/cms1169/osg/fork.179218f7.lock" 
ts=2013-10-11T21:04:28.779152Z id=18381 event=gram.startup_lock.end level=DEBUG path="/var/lib/globus/gram_job_state/cms1169/osg/fork.179218f7.lock" status=0 
ts=2013-10-11T21:04:28.779579Z id=18382 event=gram.send_job.end level=WARN status=-3 errno=2 msg="Error making datagram connection to Job Manager" reason="No such file or directory" path="/var/lib/globus/gram_job_state/cms1169/osg/fork.179218f7.sock" 
ts=2013-10-11T21:04:28.797245Z id=18381 event=gram.startup_socket_init.start level=DEBUG
ts=2013-10-11T21:04:28.797406Z id=18381 event=gram.startup_socket_init.end level=DEBUG status=0 path="/var/lib/globus/gram_job_state/cms1169/osg/fork.179218f7.sock" 
ts=2013-10-11T21:04:29.029655Z id=18382 event=gram.startup_lock.start level=DEBUG path="/var/lib/globus/gram_job_state/cms1169/osg/fork.179218f7.lock" 
ts=2013-10-11T21:04:29.029710Z id=18382 event=gram.startup_lock.end level=DEBUG status=-124 path="/var/lib/globus/gram_job_state/cms1169/osg/fork.179218f7.lock" msg="Unable to lock file, perhaps another job manager is running" errno=11 reason="Resource temporarily unavailable" 
ts=2013-10-11T21:04:29.030267Z id=18381 event=gram.new_request.start level=DEBUG fd=10 
ts=2013-10-11T21:04:29.034782Z id=18381 event=gram.reply.start level=DEBUG gramid= job_contact="" response_code=0 
ts=2013-10-11T21:04:29.034853Z id=18381 event=gram.reply.end level=DEBUG gramid= status=0 
ts=2013-10-11T21:04:29.062676Z id=9180 event=gram.validate_rsl.end level=ERROR msg="Unsupported RSL attribute" attribute=invalid status=-48 
ts=2013-10-11T21:04:29.062714Z id=9180 event=gram.query.end level=ERROR gramid=/16362070241766526821/4431738610194070972/ uri="/16362070241766526821/4431738610194070972/" msg="Error processing query" status=-48 reason="the provided RSL could not be properly parsed 
ts=2013-10-11T21:04:29.067222Z id=9180 event=gram.validate_rsl.end level=ERROR msg="Unsupported RSL attribute" attribute=invalid status=-48 
ts=2013-10-11T21:04:29.067246Z id=9180 event=gram.query.end level=ERROR gramid=/16362076835343537546/4431738610194070972/ uri="/16362076835343537546/4431738610194070972/" msg="Error processing query" status=-48 reason="the provided RSL could not be properly parsed 
ts=2013-10-11T21:04:59.332320Z id=18407 event=gram.script.start level=DEBUG
ts=2013-10-11T21:04:59.332426Z id=18407 event=gram.startup_lock.start level=DEBUG path="/var/lib/globus/gram_job_state/cms1169/osg/condor.179218f7.lock" 
ts=2013-10-11T21:04:59.332469Z id=18407 event=gram.startup_lock.end level=DEBUG status=-124 path="/var/lib/globus/gram_job_state/cms1169/osg/condor.179218f7.lock" msg="Unable to lock file, perhaps another job manager is running" errno=11 reason="Resource temporarily unavailable" 
ts=2013-10-11T21:04:59.335725Z id=18408 event=gram.script.start level=DEBUG
ts=2013-10-11T21:04:59.335836Z id=18408 event=gram.startup_lock.start level=DEBUG path="/var/lib/globus/gram_job_state/cms1169/osg/condor.179218f7.lock" 
ts=2013-10-11T21:04:59.335875Z id=18408 event=gram.startup_lock.end level=DEBUG status=-124 path="/var/lib/globus/gram_job_state/cms1169/osg/condor.179218f7.lock" msg="Unable to lock file, perhaps another job manager is running" errno=11 reason="Resource temporarily unavailable" 
ts=2013-10-11T21:05:02.845446Z id=18410 event=gram.script.start level=DEBUG
ts=2013-10-11T21:05:02.845551Z id=18410 event=gram.startup_lock.start level=DEBUG path="/var/lib/globus/gram_job_state/cms1169/osg/condor.179218f7.lock" 
ts=2013-10-11T21:05:02.845633Z id=18410 event=gram.startup_lock.end level=DEBUG status=-124 path="/var/lib/globus/gram_job_state/cms1169/osg/condor.179218f7.lock" msg="Unable to lock file, perhaps another job manager is running" errno=11 reason="Resource temporarily unavailable" 
ts=2013-10-11T21:06:02.330136Z id=9180 event=gram.job.end level=ERROR gramid=/16362061448864658891/4431738610194115487/ job_status=4 status=-8 reason="the user cancelled the job"
ts=2013-10-11T21:06:22.763808Z id=18689 event=gram.script.start level=DEBUG
ts=2013-10-11T21:06:22.763923Z id=18689 event=gram.startup_lock.start level=DEBUG path="/var/lib/globus/gram_job_state/cms1169/osg/condor.179218f7.lock" 
ts=2013-10-11T21:06:22.763959Z id=18689 event=gram.startup_lock.end level=DEBUG status=-124 path="/var/lib/globus/gram_job_state/cms1169/osg/condor.179218f7.lock" msg="Unable to lock file, perhaps another job manager is running" errno=11 reason="Resource temporarily unavailable" 
