475751649 [qtp1010849012-20] ERROR gov.lbl.srm.server.JettyGSIConnector7 - Failed to accept the GSI socket
java.net.SocketException: Connection reset
	at java.net.SocketInputStream.read(SocketInputStream.java:197)
	at java.net.SocketInputStream.read(SocketInputStream.java:122)
	at org.globus.gsi.gssapi.SSLUtil.read(SSLUtil.java:41)
	at org.globus.gsi.gssapi.net.impl.GSIGssInputStream.readToken(GSIGssInputStream.java:70)
	at org.globus.gsi.gssapi.net.impl.GSIGssInputStream.readHandshakeToken(GSIGssInputStream.java:60)
	at org.globus.gsi.gssapi.net.impl.GSIGssSocket.readToken(GSIGssSocket.java:64)
	at org.globus.gsi.gssapi.net.GssSocket.authenticateServer(GssSocket.java:126)
	at org.globus.gsi.gssapi.net.GssSocket.startHandshake(GssSocket.java:146)
	at gov.lbl.srm.server.JettyGSIConnector7$GsiConnection.run(JettyGSIConnector7.java:528)
	at org.eclipse.jetty.util.thread.QueuedThreadPool.runJob(QueuedThreadPool.java:603)
	at org.eclipse.jetty.util.thread.QueuedThreadPool$3.run(QueuedThreadPool.java:538)
	at java.lang.Thread.run(Thread.java:748)
475751910 [qtp1010849012-18] ERROR gov.lbl.srm.server.JettyGSIConnector7 - Failed to accept the GSI socket
java.net.SocketException: Connection reset
	at java.net.SocketInputStream.read(SocketInputStream.java:197)
	at java.net.SocketInputStream.read(SocketInputStream.java:122)
	at org.globus.gsi.gssapi.SSLUtil.read(SSLUtil.java:41)
	at org.globus.gsi.gssapi.net.impl.GSIGssInputStream.readToken(GSIGssInputStream.java:70)
	at org.globus.gsi.gssapi.net.impl.GSIGssInputStream.readHandshakeToken(GSIGssInputStream.java:60)
	at org.globus.gsi.gssapi.net.impl.GSIGssSocket.readToken(GSIGssSocket.java:64)
	at org.globus.gsi.gssapi.net.GssSocket.authenticateServer(GssSocket.java:126)
	at org.globus.gsi.gssapi.net.GssSocket.startHandshake(GssSocket.java:146)
	at gov.lbl.srm.server.JettyGSIConnector7$GsiConnection.run(JettyGSIConnector7.java:528)
	at org.eclipse.jetty.util.thread.QueuedThreadPool.runJob(QueuedThreadPool.java:603)
	at org.eclipse.jetty.util.thread.QueuedThreadPool$3.run(QueuedThreadPool.java:538)
	at java.lang.Thread.run(Thread.java:748)
