Apr 27, 2017 4:08:50 PM org.apache.catalina.startup.SetAllPropertiesRule begin
WARNING: [SetAllPropertiesRule]{Server/Service/Connector} Setting property 'maxSpareThreads' to '75' did not find a matching property.
Apr 27, 2017 4:08:50 PM org.apache.catalina.startup.SetAllPropertiesRule begin
WARNING: [SetAllPropertiesRule]{Server/Service/Connector} Setting property 'debug' to '0' did not find a matching property.
Apr 27, 2017 4:08:50 PM org.apache.catalina.startup.SetAllPropertiesRule begin
WARNING: [SetAllPropertiesRule]{Server/Service/Connector} Setting property 'trustStoreDir' to '/etc/grid-security/certificates' did not find a matching property.
Apr 27, 2017 4:08:50 PM org.apache.catalina.startup.SetAllPropertiesRule begin
WARNING: [SetAllPropertiesRule]{Server/Service/Connector} Setting property 'sslCertFile' to '/etc/grid-security/http/httpcert.pem' did not find a matching property.
Apr 27, 2017 4:08:50 PM org.apache.catalina.startup.SetAllPropertiesRule begin
WARNING: [SetAllPropertiesRule]{Server/Service/Connector} Setting property 'sslKey' to '/etc/grid-security/http/httpkey.pem' did not find a matching property.
Apr 27, 2017 4:08:50 PM org.apache.catalina.startup.SetAllPropertiesRule begin
WARNING: [SetAllPropertiesRule]{Server/Service/Connector} Setting property 'crlUpdateInterval' to '2h' did not find a matching property.
Apr 27, 2017 4:08:50 PM org.apache.catalina.startup.SetAllPropertiesRule begin
WARNING: [SetAllPropertiesRule]{Server/Service/Connector} Setting property 'log4jConfFile' to '/usr/share/tomcat/conf/log4j-trustmanager.properties' did not find a matching property.
Apr 27, 2017 4:08:50 PM org.apache.catalina.startup.SetAllPropertiesRule begin
WARNING: [SetAllPropertiesRule]{Server/Service/Connector} Setting property 'crlEnabled' to 'true' did not find a matching property.
Apr 27, 2017 4:08:50 PM org.apache.catalina.startup.SetAllPropertiesRule begin
WARNING: [SetAllPropertiesRule]{Server/Service/Connector} Setting property 'crlRequired' to 'true' did not find a matching property.
Apr 27, 2017 4:08:51 PM org.apache.coyote.AbstractProtocol init
INFO: Initializing ProtocolHandler ["http-bio-8443"]
Apr 27, 2017 4:08:51 PM org.apache.coyote.AbstractProtocol init
SEVERE: Failed to initialize end point associated with ProtocolHandler ["http-bio-8443"]
java.io.IOException: java.security.cert.CertificateException: java.io.IOException: Error while reading private key. Item is not a private key. Item is: class org.bouncycastle.asn1.pkcs.PrivateKeyInfo
	at org.glite.security.trustmanager.tomcat.TMSSLServerSocketFactory.initProxy(TMSSLServerSocketFactory.java:389)
	at org.glite.security.trustmanager.tomcat.TMSSLServerSocketFactory.init(TMSSLServerSocketFactory.java:230)
	at org.glite.security.trustmanager.tomcat.TMSSLServerSocketFactory.createSocket(TMSSLServerSocketFactory.java:141)
	at org.apache.tomcat.util.net.JIoEndpoint.bind(JIoEndpoint.java:400)
	at org.apache.tomcat.util.net.AbstractEndpoint.init(AbstractEndpoint.java:650)
	at org.apache.coyote.AbstractProtocol.init(AbstractProtocol.java:434)
	at org.apache.coyote.http11.AbstractHttp11JsseProtocol.init(AbstractHttp11JsseProtocol.java:119)
	at org.apache.catalina.connector.Connector.initInternal(Connector.java:978)
	at org.apache.catalina.util.LifecycleBase.init(LifecycleBase.java:102)
	at org.apache.catalina.core.StandardService.initInternal(StandardService.java:560)
	at org.apache.catalina.util.LifecycleBase.init(LifecycleBase.java:102)
	at org.apache.catalina.core.StandardServer.initInternal(StandardServer.java:838)
	at org.apache.catalina.util.LifecycleBase.init(LifecycleBase.java:102)
	at org.apache.catalina.startup.Catalina.load(Catalina.java:642)
	at org.apache.catalina.startup.Catalina.load(Catalina.java:667)
	at sun.reflect.NativeMethodAccessorImpl.invoke0(Native Method)
	at sun.reflect.NativeMethodAccessorImpl.invoke(NativeMethodAccessorImpl.java:62)
	at sun.reflect.DelegatingMethodAccessorImpl.invoke(DelegatingMethodAccessorImpl.java:43)
	at java.lang.reflect.Method.invoke(Method.java:498)
	at org.apache.catalina.startup.Bootstrap.load(Bootstrap.java:253)
	at org.apache.catalina.startup.Bootstrap.main(Bootstrap.java:427)
Caused by: java.security.cert.CertificateException: java.io.IOException: Error while reading private key. Item is not a private key. Item is: class org.bouncycastle.asn1.pkcs.PrivateKeyInfo
	at org.glite.security.trustmanager.UpdatingKeyManager.loadKeystore(UpdatingKeyManager.java:321)
	at org.glite.security.trustmanager.UpdatingKeyManager.<init>(UpdatingKeyManager.java:177)
	at org.glite.security.trustmanager.ContextWrapper.initKeyManagers(ContextWrapper.java:490)
	at org.glite.security.trustmanager.ContextWrapper.init(ContextWrapper.java:412)
	at org.glite.security.trustmanager.ContextWrapper.<init>(ContextWrapper.java:276)
	at org.glite.security.trustmanager.tomcat.TMSSLServerSocketFactory.initProxy(TMSSLServerSocketFactory.java:382)
	... 20 more
Caused by: java.io.IOException: Error while reading private key. Item is not a private key. Item is: class org.bouncycastle.asn1.pkcs.PrivateKeyInfo
	at org.glite.security.util.PrivateKeyReader.read(PrivateKeyReader.java:149)
	at org.glite.security.util.KeyStoreGenerator.generate(KeyStoreGenerator.java:71)
	at org.glite.security.trustmanager.UpdatingKeyManager.loadKeystore(UpdatingKeyManager.java:275)
	... 25 more

Apr 27, 2017 4:08:51 PM org.apache.catalina.core.StandardService initInternal
SEVERE: Failed to initialize connector [Connector[HTTP/1.1-8443]]
org.apache.catalina.LifecycleException: Failed to initialize component [Connector[HTTP/1.1-8443]]
	at org.apache.catalina.util.LifecycleBase.init(LifecycleBase.java:106)
	at org.apache.catalina.core.StandardService.initInternal(StandardService.java:560)
	at org.apache.catalina.util.LifecycleBase.init(LifecycleBase.java:102)
	at org.apache.catalina.core.StandardServer.initInternal(StandardServer.java:838)
	at org.apache.catalina.util.LifecycleBase.init(LifecycleBase.java:102)
	at org.apache.catalina.startup.Catalina.load(Catalina.java:642)
	at org.apache.catalina.startup.Catalina.load(Catalina.java:667)
	at sun.reflect.NativeMethodAccessorImpl.invoke0(Native Method)
	at sun.reflect.NativeMethodAccessorImpl.invoke(NativeMethodAccessorImpl.java:62)
	at sun.reflect.DelegatingMethodAccessorImpl.invoke(DelegatingMethodAccessorImpl.java:43)
	at java.lang.reflect.Method.invoke(Method.java:498)
	at org.apache.catalina.startup.Bootstrap.load(Bootstrap.java:253)
	at org.apache.catalina.startup.Bootstrap.main(Bootstrap.java:427)
Caused by: org.apache.catalina.LifecycleException: Protocol handler initialization failed
	at org.apache.catalina.connector.Connector.initInternal(Connector.java:980)
	at org.apache.catalina.util.LifecycleBase.init(LifecycleBase.java:102)
	... 12 more
Caused by: java.io.IOException: java.security.cert.CertificateException: java.io.IOException: Error while reading private key. Item is not a private key. Item is: class org.bouncycastle.asn1.pkcs.PrivateKeyInfo
	at org.glite.security.trustmanager.tomcat.TMSSLServerSocketFactory.initProxy(TMSSLServerSocketFactory.java:389)
	at org.glite.security.trustmanager.tomcat.TMSSLServerSocketFactory.init(TMSSLServerSocketFactory.java:230)
	at org.glite.security.trustmanager.tomcat.TMSSLServerSocketFactory.createSocket(TMSSLServerSocketFactory.java:141)
	at org.apache.tomcat.util.net.JIoEndpoint.bind(JIoEndpoint.java:400)
	at org.apache.tomcat.util.net.AbstractEndpoint.init(AbstractEndpoint.java:650)
	at org.apache.coyote.AbstractProtocol.init(AbstractProtocol.java:434)
	at org.apache.coyote.http11.AbstractHttp11JsseProtocol.init(AbstractHttp11JsseProtocol.java:119)
	at org.apache.catalina.connector.Connector.initInternal(Connector.java:978)
	... 13 more
Caused by: java.security.cert.CertificateException: java.io.IOException: Error while reading private key. Item is not a private key. Item is: class org.bouncycastle.asn1.pkcs.PrivateKeyInfo
	at org.glite.security.trustmanager.UpdatingKeyManager.loadKeystore(UpdatingKeyManager.java:321)
	at org.glite.security.trustmanager.UpdatingKeyManager.<init>(UpdatingKeyManager.java:177)
	at org.glite.security.trustmanager.ContextWrapper.initKeyManagers(ContextWrapper.java:490)
	at org.glite.security.trustmanager.ContextWrapper.init(ContextWrapper.java:412)
	at org.glite.security.trustmanager.ContextWrapper.<init>(ContextWrapper.java:276)
	at org.glite.security.trustmanager.tomcat.TMSSLServerSocketFactory.initProxy(TMSSLServerSocketFactory.java:382)
	... 20 more
Caused by: java.io.IOException: Error while reading private key. Item is not a private key. Item is: class org.bouncycastle.asn1.pkcs.PrivateKeyInfo
	at org.glite.security.util.PrivateKeyReader.read(PrivateKeyReader.java:149)
	at org.glite.security.util.KeyStoreGenerator.generate(KeyStoreGenerator.java:71)
	at org.glite.security.trustmanager.UpdatingKeyManager.loadKeystore(UpdatingKeyManager.java:275)
	... 25 more

Apr 27, 2017 4:08:51 PM org.apache.catalina.startup.Catalina load
INFO: Initialization processed in 1392 ms
Apr 27, 2017 4:08:51 PM org.apache.catalina.core.StandardService startInternal
INFO: Starting service Catalina
Apr 27, 2017 4:08:51 PM org.apache.catalina.core.StandardEngine startInternal
INFO: Starting Servlet Engine: Apache Tomcat/7.0.69
Apr 27, 2017 4:08:51 PM org.apache.catalina.startup.HostConfig deployDirectory
INFO: Deploying web application directory /var/lib/tomcat/webapps/ROOT
Apr 27, 2017 4:08:52 PM org.apache.catalina.startup.TldConfig execute
INFO: At least one JAR was scanned for TLDs yet contained no TLDs. Enable debug logging for this logger for a complete list of JARs that were scanned but no TLDs were found in them. Skipping unneeded JARs during scanning can improve startup time and JSP compilation time.
Apr 27, 2017 4:08:53 PM org.apache.catalina.startup.HostConfig deployDirectory
INFO: Deployment of web application directory /var/lib/tomcat/webapps/ROOT has finished in 1,569 ms
Apr 27, 2017 4:08:53 PM org.apache.catalina.startup.HostConfig deployDirectory
INFO: Deploying web application directory /var/lib/tomcat/webapps/gums
Apr 27, 2017 4:08:58 PM org.apache.catalina.startup.TldConfig execute
INFO: At least one JAR was scanned for TLDs yet contained no TLDs. Enable debug logging for this logger for a complete list of JARs that were scanned but no TLDs were found in them. Skipping unneeded JARs during scanning can improve startup time and JSP compilation time.
Apr 27, 2017 4:08:59 PM org.apache.catalina.startup.HostConfig deployDirectory
INFO: Deployment of web application directory /var/lib/tomcat/webapps/gums has finished in 5,985 ms
Apr 27, 2017 4:08:59 PM org.apache.catalina.startup.Catalina start
INFO: Server startup in 7609 ms
