Loaded plugins: kernel-module, priorities, rhnplugin
Setting up Remove Process
Resolving Dependencies
--> Running transaction check
---> Package jdk.i586 2000:1.6.0_33-fcs set to be erased
---> Package jdk.x86_64 2000:1.6.0_33-fcs set to be erased
--> Finished Dependency Resolution
Beginning Kernel Module Plugin
Finished Kernel Module Plugin

Dependencies Resolved

================================================================================
 Package     Arch           Version                     Repository         Size
================================================================================
Removing:
 jdk         i586           2000:1.6.0_33-fcs           installed         121 M
 jdk         x86_64         2000:1.6.0_33-fcs           installed         121 M

Transaction Summary
================================================================================
Remove        2 Package(s)
Reinstall     0 Package(s)
Downgrade     0 Package(s)

Downloading Packages:
Running rpm_check_debug
Running Transaction Test
Finished Transaction Test
Transaction Test Succeeded
Running Transaction
  Erasing        : jdk                                                      1/2 
  Erasing        : jdk                                                      2/2 

Removed:
  jdk.i586 2000:1.6.0_33-fcs            jdk.x86_64 2000:1.6.0_33-fcs           

Complete!
Loaded plugins: kernel-module, priorities, rhnplugin
Excluding Packages in global exclude list
Finished
3929 packages excluded due to repository priority protections
Setting up Install Process
Resolving Dependencies
--> Running transaction check
---> Package empty-ca-certs.noarch 0:1.0-1 set to be updated
--> Finished Dependency Resolution
Beginning Kernel Module Plugin
Finished Kernel Module Plugin

Dependencies Resolved

================================================================================
 Package                  Arch             Version          Repository     Size
================================================================================
Installing:
 empty-ca-certs           noarch           1.0-1            osg           2.1 k

Transaction Summary
================================================================================
Install       1 Package(s)
Upgrade       0 Package(s)

Total download size: 2.1 k
Downloading Packages:
Running rpm_check_debug
Running Transaction Test
Finished Transaction Test
Transaction Test Succeeded
Running Transaction
  Installing     : empty-ca-certs                                           1/1 

Installed:
  empty-ca-certs.noarch 0:1.0-1                                                 

Complete!
Loaded plugins: kernel-module, priorities, rhnplugin
Excluding Packages in global exclude list
Finished
3929 packages excluded due to repository priority protections
Setting up Install Process
Resolving Dependencies
--> Running transaction check
---> Package osg-ce-pbs.x86_64 0:3.0.0-30.osg.el5 set to be updated
--> Processing Dependency: osg-ce = 3.0.0-30.osg.el5 for package: osg-ce-pbs
--> Processing Dependency: gratia-probe-pbs-lsf for package: osg-ce-pbs
--> Processing Dependency: globus-gram-job-manager-pbs-setup-seg for package: osg-ce-pbs
--> Processing Dependency: osg-configure-pbs for package: osg-ce-pbs
--> Running transaction check
---> Package globus-gram-job-manager-pbs-setup-seg.x86_64 0:1.1-4.1.osg set to be updated
--> Processing Dependency: globus-gram-job-manager-pbs = 1.1-4.1.osg for package: globus-gram-job-manager-pbs-setup-seg
--> Processing Dependency: globus-gram-job-manager-scripts >= 4 for package: globus-gram-job-manager-pbs-setup-seg
--> Processing Dependency: globus-scheduler-event-generator-progs >= 4 for package: globus-gram-job-manager-pbs-setup-seg
--> Processing Dependency: libglobus_common.so.0(GLOBUS_COMMON_14)(64bit) for package: globus-gram-job-manager-pbs-setup-seg
--> Processing Dependency: torque-server for package: globus-gram-job-manager-pbs-setup-seg
--> Processing Dependency: libglobus_gsi_credential.so.1()(64bit) for package: globus-gram-job-manager-pbs-setup-seg
--> Processing Dependency: libglobus_gsi_cert_utils.so.0()(64bit) for package: globus-gram-job-manager-pbs-setup-seg
--> Processing Dependency: libglobus_gsi_sysconfig.so.1()(64bit) for package: globus-gram-job-manager-pbs-setup-seg
--> Processing Dependency: libglobus_scheduler_event_generator.so.0()(64bit) for package: globus-gram-job-manager-pbs-setup-seg
--> Processing Dependency: libglobus_gram_protocol.so.3()(64bit) for package: globus-gram-job-manager-pbs-setup-seg
--> Processing Dependency: libglobus_proxy_ssl.so.1()(64bit) for package: globus-gram-job-manager-pbs-setup-seg
--> Processing Dependency: libglobus_gsi_callback.so.0()(64bit) for package: globus-gram-job-manager-pbs-setup-seg
--> Processing Dependency: libglobus_gsi_proxy_core.so.0()(64bit) for package: globus-gram-job-manager-pbs-setup-seg
--> Processing Dependency: libglobus_xio.so.0()(64bit) for package: globus-gram-job-manager-pbs-setup-seg
--> Processing Dependency: libglobus_openssl_error.so.0()(64bit) for package: globus-gram-job-manager-pbs-setup-seg
--> Processing Dependency: libglobus_oldgaa.so.0()(64bit) for package: globus-gram-job-manager-pbs-setup-seg
--> Processing Dependency: libglobus_gssapi_gsi.so.4()(64bit) for package: globus-gram-job-manager-pbs-setup-seg
--> Processing Dependency: libglobus_common.so.0()(64bit) for package: globus-gram-job-manager-pbs-setup-seg
--> Processing Dependency: libglobus_gssapi_error.so.2()(64bit) for package: globus-gram-job-manager-pbs-setup-seg
--> Processing Dependency: libglobus_gss_assist.so.3()(64bit) for package: globus-gram-job-manager-pbs-setup-seg
--> Processing Dependency: libglobus_callout.so.0()(64bit) for package: globus-gram-job-manager-pbs-setup-seg
--> Processing Dependency: libglobus_openssl.so.0()(64bit) for package: globus-gram-job-manager-pbs-setup-seg
--> Processing Dependency: libglobus_io.so.3()(64bit) for package: globus-gram-job-manager-pbs-setup-seg
---> Package gratia-probe-pbs-lsf.x86_64 0:1.12-1.osg.el5 set to be updated
--> Processing Dependency: gratia-probe-common >= 0.12f for package: gratia-probe-pbs-lsf
---> Package osg-ce.x86_64 0:3.0.0-30.osg.el5 set to be updated
--> Processing Dependency: osg-configure-managedfork for package: osg-ce
--> Processing Dependency: edg-mkgridmap for package: osg-ce
--> Processing Dependency: osg-site-web-page for package: osg-ce
--> Processing Dependency: osg-site-verify for package: osg-ce
--> Processing Dependency: gratia-probe-gridftp-transfer for package: osg-ce
--> Processing Dependency: osg-version for package: osg-ce
--> Processing Dependency: gratia-probe-gram for package: osg-ce
--> Processing Dependency: osg-configure-misc for package: osg-ce
--> Processing Dependency: osg-configure-ce for package: osg-ce
--> Processing Dependency: globus-gatekeeper for package: osg-ce
--> Processing Dependency: osg-configure for package: osg-ce
--> Processing Dependency: osg-info-services for package: osg-ce
--> Processing Dependency: globus-gram-job-manager-fork for package: osg-ce
--> Processing Dependency: vo-client for package: osg-ce
--> Processing Dependency: osg-cleanup for package: osg-ce
--> Processing Dependency: osg-configure-cemon for package: osg-ce
--> Processing Dependency: lfc-client for package: osg-ce
--> Processing Dependency: globus-gridftp-server-progs for package: osg-ce
--> Processing Dependency: perl(Date::Manip) for package: osg-ce
--> Processing Dependency: osg-configure-squid for package: osg-ce
--> Processing Dependency: java-1.6.0-sun-compat for package: osg-ce
--> Processing Dependency: osg-system-profiler for package: osg-ce
--> Processing Dependency: globus-gram-job-manager for package: osg-ce
--> Processing Dependency: osg-configure-network for package: osg-ce
--> Processing Dependency: osg-configure-gratia for package: osg-ce
--> Processing Dependency: osg-vo-map for package: osg-ce
--> Processing Dependency: osg-client for package: osg-ce
--> Processing Dependency: gip for package: osg-ce
--> Processing Dependency: osg-configure-gip for package: osg-ce
--> Processing Dependency: glite-ce-monitor for package: osg-ce
--> Processing Dependency: gums-client for package: osg-ce
--> Processing Dependency: globus-gram-job-manager-fork-setup-poll for package: osg-ce
--> Processing Dependency: liblcas_lcmaps_gt4_mapping.so.0()(64bit) for package: osg-ce
---> Package osg-configure-pbs.noarch 0:1.0.14-1.osg.el5 set to be updated
--> Running transaction check
---> Package edg-mkgridmap.noarch 0:4.0.0-4.osg set to be updated
--> Processing Dependency: perl(Net::LDAPS) for package: edg-mkgridmap
--> Processing Dependency: perl-libwww-perl for package: edg-mkgridmap
--> Processing Dependency: perl(XML::Parser) for package: edg-mkgridmap
--> Processing Dependency: vo-client-edgmkgridmap for package: edg-mkgridmap
--> Processing Dependency: perl-Net-SSLeay for package: edg-mkgridmap
--> Processing Dependency: perl(Net::LDAP::Util) for package: edg-mkgridmap
--> Processing Dependency: perl(Net::LDAP) for package: edg-mkgridmap
--> Processing Dependency: perl(Term::ReadKey) for package: edg-mkgridmap
--> Processing Dependency: perl(XML::DOM) for package: edg-mkgridmap
--> Processing Dependency: perl-Crypt-SSLeay for package: edg-mkgridmap
---> Package empty-torque.noarch 0:1.0-1 set to be updated
---> Package gip.noarch 0:1.3.8-2.osg.el5 set to be updated
--> Processing Dependency: globus-proxy-utils for package: gip
---> Package glite-ce-monitor.noarch 0:1.13.1-17.osg.el5 set to be updated
--> Processing Dependency: tomcat5 for package: glite-ce-monitor
--> Processing Dependency: glite-ce-osg-ce-plugin for package: glite-ce-monitor
--> Processing Dependency: /usr/share/java/xml-commons-apis.jar for package: glite-ce-monitor
---> Package globus-callout.x86_64 0:2.1-4.osg set to be updated
---> Package globus-common.x86_64 0:14.5-2.2.osg.el5 set to be updated
---> Package globus-gatekeeper.x86_64 0:9.6-1.7.osg.el5 set to be updated
--> Processing Dependency: globus-common-progs >= 13.4 for package: globus-gatekeeper
---> Package globus-gram-job-manager.x86_64 0:13.45-1.1.osg.el5 set to be updated
--> Processing Dependency: globus-gram-job-manager-callout-error >= 2 for package: globus-gram-job-manager
--> Processing Dependency: globus-gass-copy-progs >= 8 for package: globus-gram-job-manager
--> Processing Dependency: globus-usage >= 3 for package: globus-gram-job-manager
--> Processing Dependency: globus-rsl >= 9 for package: globus-gram-job-manager
--> Processing Dependency: globus-gass-transfer >= 7 for package: globus-gram-job-manager
--> Processing Dependency: globus-gass-cache >= 8 for package: globus-gram-job-manager
--> Processing Dependency: globus-xio-popen-driver >= 2 for package: globus-gram-job-manager
--> Processing Dependency: globus-gass-cache-program >= 2 for package: globus-gram-job-manager
--> Processing Dependency: libglobus_gass_cache.so.5()(64bit) for package: globus-gram-job-manager
--> Processing Dependency: libglobus_gass_transfer.so.2()(64bit) for package: globus-gram-job-manager
--> Processing Dependency: libglobus_gram_job_manager_callout_error.so.0()(64bit) for package: globus-gram-job-manager
--> Processing Dependency: libglobus_usage.so.0()(64bit) for package: globus-gram-job-manager
--> Processing Dependency: libglobus_rsl_assist.so.2()(64bit) for package: globus-gram-job-manager
--> Processing Dependency: libglobus_rsl.so.2()(64bit) for package: globus-gram-job-manager
---> Package globus-gram-job-manager-fork.x86_64 0:1.0-8.osg set to be updated
---> Package globus-gram-job-manager-fork-setup-poll.x86_64 0:1.0-8.osg set to be updated
---> Package globus-gram-job-manager-pbs.x86_64 0:1.1-4.1.osg set to be updated
---> Package globus-gram-job-manager-scripts.noarch 0:4.1-3.1.osg set to be updated
---> Package globus-gram-protocol.x86_64 0:11.2-3.1.osg.el5 set to be updated
---> Package globus-gridftp-server-progs.x86_64 0:6.5-1.7.osg.el5 set to be updated
--> Processing Dependency: globus-gridftp-server = 6.5-1.7.osg.el5 for package: globus-gridftp-server-progs
--> Processing Dependency: globus-xio-gsi-driver >= 2 for package: globus-gridftp-server-progs
--> Processing Dependency: libglobus_ftp_control.so.1()(64bit) for package: globus-gridftp-server-progs
--> Processing Dependency: libglobus_authz.so.0()(64bit) for package: globus-gridftp-server-progs
--> Processing Dependency: libglobus_gridftp_server.so.0()(64bit) for package: globus-gridftp-server-progs
--> Processing Dependency: libglobus_gfork.so.0()(64bit) for package: globus-gridftp-server-progs
--> Processing Dependency: libglobus_gridftp_server_control.so.0()(64bit) for package: globus-gridftp-server-progs
--> Processing Dependency: libglobus_gsi_authz_callout_error.so.0()(64bit) for package: globus-gridftp-server-progs
---> Package globus-gsi-callback.x86_64 0:4.1-4.osg set to be updated
---> Package globus-gsi-cert-utils.x86_64 0:8.1-4.osg set to be updated
---> Package globus-gsi-credential.x86_64 0:5.1-4.osg set to be updated
---> Package globus-gsi-openssl-error.x86_64 0:2.1-4.osg set to be updated
---> Package globus-gsi-proxy-core.x86_64 0:6.1-4.osg set to be updated
---> Package globus-gsi-proxy-ssl.x86_64 0:4.1-4.osg set to be updated
---> Package globus-gsi-sysconfig.x86_64 0:5.1-4.osg set to be updated
---> Package globus-gss-assist.x86_64 0:8.1-4.osg set to be updated
---> Package globus-gssapi-error.x86_64 0:4.1-4.osg set to be updated
---> Package globus-gssapi-gsi.x86_64 0:10.7-2.osg.el5 set to be updated
---> Package globus-io.x86_64 0:9.2-3.osg set to be updated
---> Package globus-openssl-module.x86_64 0:3.1-4.osg set to be updated
---> Package globus-scheduler-event-generator.x86_64 0:4.4-1.osg set to be updated
---> Package globus-scheduler-event-generator-progs.x86_64 0:4.4-1.osg set to be updated
---> Package globus-xio.x86_64 0:3.2-4.1.osg set to be updated
---> Package gratia-probe-common.noarch 0:1.12-1.osg.el5 set to be updated
---> Package gratia-probe-gram.noarch 0:1.12-1.osg.el5 set to be updated
--> Processing Dependency: perl(XML::Simple) for package: gratia-probe-gram
---> Package gratia-probe-gridftp-transfer.noarch 0:1.12-1.osg.el5 set to be updated
--> Processing Dependency: netlogger for package: gratia-probe-gridftp-transfer
---> Package gums-client.noarch 0:1.3.18.009-3.osg.el5 set to be updated
--> Processing Dependency: gums = 1.3.18.009 for package: gums-client
---> Package java-1.6.0-sun-compat.x86_64 0:1.6.0.33-3.sl5.jpp set to be updated
--> Processing Dependency: jpackage-utils >= 1.7.3 for package: java-1.6.0-sun-compat
--> Processing Dependency: /usr/bin/xsltproc for package: java-1.6.0-sun-compat
--> Processing Dependency: /usr/bin/xsltproc for package: java-1.6.0-sun-compat
---> Package lcas-lcmaps-gt4-interface.x86_64 0:0.2.4-1.3.osg.el5 set to be updated
--> Processing Dependency: liblcmaps.so.0()(64bit) for package: lcas-lcmaps-gt4-interface
--> Processing Dependency: libglobus_gridmap_callout_error.so.0()(64bit) for package: lcas-lcmaps-gt4-interface
---> Package lfc.x86_64 0:1.8.1.2-6.osg.el5 set to be updated
--> Processing Dependency: lfc-libs = 1.8.1.2-6.osg.el5 for package: lfc
--> Processing Dependency: liblfc.so.1()(64bit) for package: lfc
--> Processing Dependency: libgsoap.so.0()(64bit) for package: lfc
--> Processing Dependency: liblcgdm.so.1()(64bit) for package: lfc
---> Package osg-cleanup.noarch 0:1.2-1.osg.el5 set to be updated
---> Package osg-client.noarch 0:3.0.0-17.osg.el5 set to be updated
--> Processing Dependency: gsi-openssh-clients for package: osg-client
--> Processing Dependency: lcg-info for package: osg-client
--> Processing Dependency: globus-gram-client-tools for package: osg-client
--> Processing Dependency: ndt for package: osg-client
--> Processing Dependency: globus-gsi-cert-utils-progs for package: osg-client
--> Processing Dependency: nmap for package: osg-client
--> Processing Dependency: osg-discovery for package: osg-client
--> Processing Dependency: osg-cert-scripts for package: osg-client
--> Processing Dependency: owamp-client for package: osg-client
--> Processing Dependency: bwctl for package: osg-client
--> Processing Dependency: osg-wn-client for package: osg-client
--> Processing Dependency: lcg-infosites for package: osg-client
---> Package osg-configure.noarch 0:1.0.14-1.osg.el5 set to be updated
---> Package osg-configure-ce.noarch 0:1.0.14-1.osg.el5 set to be updated
---> Package osg-configure-cemon.noarch 0:1.0.14-1.osg.el5 set to be updated
---> Package osg-configure-gip.noarch 0:1.0.14-1.osg.el5 set to be updated
---> Package osg-configure-gratia.noarch 0:1.0.14-1.osg.el5 set to be updated
---> Package osg-configure-managedfork.noarch 0:1.0.14-1.osg.el5 set to be updated
---> Package osg-configure-misc.noarch 0:1.0.14-1.osg.el5 set to be updated
---> Package osg-configure-network.noarch 0:1.0.14-1.osg.el5 set to be updated
---> Package osg-configure-squid.noarch 0:1.0.14-1.osg.el5 set to be updated
---> Package osg-info-services.noarch 0:0.9-1 set to be updated
---> Package osg-site-verify.noarch 0:3.0.0-1.osg set to be updated
---> Package osg-site-web-page.noarch 0:0.15-3 set to be updated
--> Processing Dependency: httpd for package: osg-site-web-page
---> Package osg-system-profiler.noarch 0:1.0.9-1.osg.el5 set to be updated
---> Package osg-version.noarch 0:3.1.6-1.osg.el5 set to be updated
---> Package osg-vo-map.noarch 0:0.0.1-1.osg set to be updated
---> Package perl-DateManip.noarch 0:5.44-1.2.1 set to be updated
---> Package vo-client.noarch 0:42-1.osg.el5 set to be updated
--> Running transaction check
---> Package bwctl.x86_64 0:1.3-5.osg set to be updated
--> Processing Dependency: bwctl-server for package: bwctl
--> Processing Dependency: bwctl-client for package: bwctl
---> Package glite-ce-osg-ce-plugin.noarch 0:1.13.1-4.osg.el5 set to be updated
---> Package globus-authz.x86_64 0:2.1-4.osg set to be updated
---> Package globus-authz-callout-error.x86_64 0:2.1-4.osg set to be updated
---> Package globus-common-progs.x86_64 0:14.5-2.2.osg.el5 set to be updated
---> Package globus-ftp-control.x86_64 0:4.2-6.osg set to be updated
---> Package globus-gass-cache.x86_64 0:8.1-4.osg set to be updated
---> Package globus-gass-cache-program.x86_64 0:5.0-5.osg set to be updated
--> Processing Dependency: globus-gram-client >= 12 for package: globus-gass-cache-program
--> Processing Dependency: globus-gass-copy >= 8 for package: globus-gass-cache-program
--> Processing Dependency: globus-gass-server-ez >= 4 for package: globus-gass-cache-program
--> Processing Dependency: libglobus_ftp_client.so.2()(64bit) for package: globus-gass-cache-program
--> Processing Dependency: libglobus_gass_copy.so.2()(64bit) for package: globus-gass-cache-program
--> Processing Dependency: libglobus_gram_client.so.3()(64bit) for package: globus-gass-cache-program
--> Processing Dependency: libglobus_gass_server_ez.so.2()(64bit) for package: globus-gass-cache-program
---> Package globus-gass-copy-progs.x86_64 0:8.2-4.osg set to be updated
---> Package globus-gass-transfer.x86_64 0:7.1-4.osg set to be updated
---> Package globus-gfork.x86_64 0:3.1-4.osg set to be updated
---> Package globus-gram-client-tools.x86_64 0:10.0-5.osg set to be updated
---> Package globus-gram-job-manager-callout-error.x86_64 0:2.1-4.osg set to be updated
---> Package globus-gridftp-server.x86_64 0:6.5-1.7.osg.el5 set to be updated
---> Package globus-gridftp-server-control.x86_64 0:2.3-1.1.osg.el5 set to be updated
--> Processing Dependency: globus-xio-pipe-driver >= 2 for package: globus-gridftp-server-control
---> Package globus-gridmap-callout-error.x86_64 0:1.2-2.osg set to be updated
---> Package globus-gsi-cert-utils-progs.x86_64 0:8.1-4.osg set to be updated
---> Package globus-proxy-utils.x86_64 0:5.0-5.osg set to be updated
---> Package globus-rsl.x86_64 0:9.1-4.osg set to be updated
---> Package globus-usage.x86_64 0:3.1-4.osg set to be updated
---> Package globus-xio-gsi-driver.x86_64 0:2.1-4.osg set to be updated
---> Package globus-xio-popen-driver.x86_64 0:2.2-3.osg set to be updated
---> Package gsi-openssh-clients.x86_64 0:5.4-3.osg set to be updated
--> Processing Dependency: gsi-openssh = 5.4-3.osg for package: gsi-openssh-clients
---> Package gsoap.x86_64 0:2.7.13-4.el5 set to be updated
---> Package gums.noarch 0:1.3.18.009-3.osg.el5 set to be updated
--> Processing Dependency: /usr/share/java/cog-jglobus/cog-jglobus-1.8.0.jar for package: gums
--> Processing Dependency: /usr/share/java/cog-jglobus/cog-url-1.8.0.jar for package: gums
--> Processing Dependency: /usr/share/java/cog-jglobus/cog-jobmanager-1.8.0.jar for package: gums
---> Package httpd.x86_64 0:2.2.3-63.sl5.1 set to be updated
--> Processing Dependency: libaprutil-1.so.0()(64bit) for package: httpd
---> Package jpackage-utils.noarch 0:1.7.3-1jpp.2.el5 set to be updated
---> Package lcg-info.noarch 0:1.12.2-1.osg set to be updated
---> Package lcg-infosites.noarch 0:3.1.0-1.osg.el5 set to be updated
---> Package lcgdm-libs.x86_64 0:1.8.1.2-6.osg.el5 set to be updated
--> Processing Dependency: libvomsapi.so.1()(64bit) for package: lcgdm-libs
---> Package lcmaps.x86_64 0:1.5.4-1.1.osg.el5 set to be updated
--> Processing Dependency: lcmaps-plugins-saz-client for package: lcmaps
--> Processing Dependency: lcmaps-plugins-basic for package: lcmaps
--> Processing Dependency: lcmaps-plugins-verify-proxy for package: lcmaps
--> Processing Dependency: lcmaps-plugins-gums-client for package: lcmaps
---> Package lfc-libs.x86_64 0:1.8.1.2-6.osg.el5 set to be updated
---> Package libxslt.x86_64 0:1.1.17-2.el5_2.2 set to be updated
---> Package ndt.x86_64 0:3.6.4-1.osg set to be updated
---> Package netlogger.noarch 0:4.2.0-2.osg.el5 set to be updated
---> Package nmap.x86_64 2:4.11-1.1 set to be updated
---> Package osg-cert-scripts.noarch 0:2.7.2-1.osg.el5 set to be updated
--> Processing Dependency: /usr/bin/ldapsearch for package: osg-cert-scripts
--> Processing Dependency: perl(Date::Format) for package: osg-cert-scripts
---> Package osg-discovery.noarch 0:1.0.7-5.osg.el5 set to be updated
---> Package osg-wn-client.noarch 0:3.0.0-15.osg.el5 set to be updated
--> Processing Dependency: myproxy for package: osg-wn-client
--> Processing Dependency: fetch-crl for package: osg-wn-client
--> Processing Dependency: glite-fts-client for package: osg-wn-client
--> Processing Dependency: bestman2-client for package: osg-wn-client
--> Processing Dependency: /usr/bin/uberftp for package: osg-wn-client
--> Processing Dependency: dcap-tunnel-gsi for package: osg-wn-client
--> Processing Dependency: lcg-utils for package: osg-wn-client
--> Processing Dependency: /usr/bin/dccp for package: osg-wn-client
--> Processing Dependency: dcache-srmclient for package: osg-wn-client
--> Processing Dependency: lfc-python for package: osg-wn-client
--> Processing Dependency: edg-gridftp-client for package: osg-wn-client
---> Package owamp-client.x86_64 0:3.2rc4-2.osg.el5 set to be updated
---> Package perl-Crypt-SSLeay.x86_64 0:0.51-11.el5 set to be updated
---> Package perl-LDAP.noarch 1:0.33-3.fc6 set to be updated
--> Processing Dependency: perl(Convert::ASN1) for package: perl-LDAP
--> Processing Dependency: perl(XML::SAX::Base) for package: perl-LDAP
--> Processing Dependency: perl(IO::Socket::SSL) for package: perl-LDAP
---> Package perl-Net-SSLeay.x86_64 0:1.30-4.fc6 set to be updated
---> Package perl-TermReadKey.x86_64 0:2.30-5.el5 set to be updated
---> Package perl-XML-DOM.noarch 0:1.44-2.el5 set to be updated
--> Processing Dependency: perl(XML::RegExp) for package: perl-XML-DOM
---> Package perl-XML-Parser.x86_64 0:2.34-6.1.2.2.1 set to be updated
---> Package perl-XML-Simple.noarch 0:2.14-4.fc6 set to be updated
---> Package perl-libwww-perl.noarch 0:5.805-1.1.1 set to be updated
--> Processing Dependency: perl-HTML-Parser >= 3.33 for package: perl-libwww-perl
---> Package tomcat5.x86_64 0:5.5.23-0jpp.31.el5_8 set to be updated
--> Processing Dependency: tomcat5-common-lib = 5.5.23-0jpp.31.el5_8 for package: tomcat5
--> Processing Dependency: tomcat5-server-lib = 5.5.23-0jpp.31.el5_8 for package: tomcat5
--> Processing Dependency: tomcat5-server-lib = 5.5.23-0jpp.31.el5_8 for package: tomcat5
--> Processing Dependency: tomcat5-common-lib = 5.5.23-0jpp.31.el5_8 for package: tomcat5
--> Processing Dependency: xerces-j2 >= 2.7.1 for package: tomcat5
--> Processing Dependency: java-gcj-compat >= 1.0.31 for package: tomcat5
--> Processing Dependency: jakarta-commons-daemon >= 1.0.1 for package: tomcat5
--> Processing Dependency: jakarta-commons-launcher >= 0.9 for package: tomcat5
--> Processing Dependency: libgcj_bc.so.1()(64bit) for package: tomcat5
---> Package vo-client-edgmkgridmap.noarch 0:42-1.osg.el5 set to be updated
---> Package xml-commons-apis.x86_64 0:1.3.02-0.b2.7jpp.10 set to be updated
--> Processing Dependency: xml-commons = 1.3.02-0.b2.7jpp.10 for package: xml-commons-apis
--> Running transaction check
---> Package apr-util.x86_64 0:1.2.7-11.el5_5.2 set to be updated
--> Processing Dependency: libpq.so.4()(64bit) for package: apr-util
---> Package bestman2-client.noarch 0:2.2.1-3.osg.el5 set to be updated
--> Processing Dependency: bestman2-common-libs = 2.2.1-3.osg.el5 for package: bestman2-client
--> Processing Dependency: bestman2-client-libs = 2.2.1-3.osg.el5 for package: bestman2-client
---> Package bwctl-client.x86_64 0:1.3-5.osg set to be updated
---> Package bwctl-server.x86_64 0:1.3-5.osg set to be updated
--> Processing Dependency: I2util for package: bwctl-server
---> Package cog-jglobus.noarch 0:1.8.0-1.osg.el5 set to be updated
--> Processing Dependency: jakarta-commons-logging for package: cog-jglobus
--> Processing Dependency: log4j for package: cog-jglobus
--> Processing Dependency: bouncycastle13 for package: cog-jglobus
--> Processing Dependency: puretls for package: cog-jglobus
---> Package dcache-srmclient.noarch 0:1.9.5.23-4 set to be updated
---> Package dcap.x86_64 0:2.47.5-3.osg set to be updated
--> Processing Dependency: dcap-libs = 2.47.5-3.osg for package: dcap
--> Processing Dependency: libdcap.so.1()(64bit) for package: dcap
---> Package dcap-tunnel-gsi.x86_64 0:2.47.5-3.osg set to be updated
---> Package edg-gridftp-client.x86_64 0:1.2.9.2-3.osg set to be updated
---> Package fetch-crl.noarch 0:2.8.5-1.el5 set to be updated
---> Package glite-fts-client.x86_64 0:3.7.4-7.osg.el5 set to be updated
--> Processing Dependency: CGSI-gSOAP for package: glite-fts-client
--> Processing Dependency: libgridsite.so.1.7()(64bit) for package: glite-fts-client
--> Processing Dependency: libglite_data_util.so.0()(64bit) for package: glite-fts-client
--> Processing Dependency: libcgsi_plugin.so.1()(64bit) for package: glite-fts-client
--> Processing Dependency: libglite_data_delegation_api_simple_c.so.2()(64bit) for package: glite-fts-client
--> Processing Dependency: libglite-sd-c.so.2()(64bit) for package: glite-fts-client
---> Package globus-ftp-client.x86_64 0:7.2-4.osg set to be updated
---> Package globus-gass-copy.x86_64 0:8.2-4.osg set to be updated
---> Package globus-gass-server-ez.x86_64 0:4.1-4.osg set to be updated
---> Package globus-gram-client.x86_64 0:12.3-3.osg set to be updated
---> Package globus-xio-pipe-driver.x86_64 0:2.1-4.osg set to be updated
---> Package gsi-openssh.x86_64 0:5.4-3.osg set to be updated
---> Package jakarta-commons-daemon.x86_64 1:1.0.1-6jpp.1 set to be updated
---> Package jakarta-commons-launcher.x86_64 0:0.9-6jpp.1 set to be updated
---> Package java-1.4.2-gcj-compat.x86_64 0:1.4.2.0-40jpp.115 set to be updated
--> Processing Dependency: gjdoc for package: java-1.4.2-gcj-compat
---> Package lcg-utils.x86_64 0:1.11.14-11.osg set to be updated
--> Processing Dependency: gfal for package: lcg-utils
--> Processing Dependency: libgfal.so.1()(64bit) for package: lcg-utils
---> Package lcmaps-plugins-basic.x86_64 0:1.5.0-3.2.osg.el5 set to be updated
---> Package lcmaps-plugins-gums-client.x86_64 0:0.0.2-3.osg set to be updated
--> Processing Dependency: lcmaps-plugins-scas-client for package: lcmaps-plugins-gums-client
---> Package lcmaps-plugins-saz-client.x86_64 0:0.3.4-1.1.osg.el5 set to be updated
--> Processing Dependency: libxacml.so.0()(64bit) for package: lcmaps-plugins-saz-client
---> Package lcmaps-plugins-verify-proxy.x86_64 0:1.5.2-1.2.osg.el5 set to be updated
---> Package lfc-python.x86_64 0:1.8.1.2-6.osg.el5 set to be updated
---> Package libgcj.x86_64 0:4.1.2-50.el5 set to be updated
--> Processing Dependency: libart_lgpl >= 2.1.0 for package: libgcj
--> Processing Dependency: libasound.so.2(ALSA_0.9)(64bit) for package: libgcj
--> Processing Dependency: libasound.so.2()(64bit) for package: libgcj
---> Package myproxy.x86_64 0:5.6-2.osg set to be updated
--> Processing Dependency: myproxy-libs = 5.6-2.osg for package: myproxy
--> Processing Dependency: voms-clients for package: myproxy
--> Processing Dependency: libmyproxy.so.5()(64bit) for package: myproxy
---> Package openldap-clients.x86_64 0:2.3.43-12.el5_6.7 set to be updated
---> Package perl-Convert-ASN1.noarch 0:0.20-1.1 set to be updated
---> Package perl-HTML-Parser.x86_64 0:3.55-1.fc6 set to be updated
--> Processing Dependency: perl-HTML-Tagset >= 3.03 for package: perl-HTML-Parser
---> Package perl-IO-Socket-SSL.noarch 0:1.01-1.fc6 set to be updated
---> Package perl-TimeDate.noarch 1:1.16-5.el5 set to be updated
---> Package perl-XML-RegExp.noarch 0:0.03-2.el5 set to be updated
---> Package perl-XML-SAX.noarch 0:0.14-8 set to be updated
--> Processing Dependency: perl(XML::NamespaceSupport) for package: perl-XML-SAX
---> Package tomcat5-common-lib.x86_64 0:5.5.23-0jpp.31.el5_8 set to be updated
--> Processing Dependency: tomcat5-servlet-2.4-api = 5.5.23-0jpp.31.el5_8 for package: tomcat5-common-lib
--> Processing Dependency: tomcat5-jasper = 5.5.23-0jpp.31.el5_8 for package: tomcat5-common-lib
--> Processing Dependency: tomcat5-servlet-2.4-api = 5.5.23-0jpp.31.el5_8 for package: tomcat5-common-lib
--> Processing Dependency: tomcat5-jsp-2.0-api = 5.5.23-0jpp.31.el5_8 for package: tomcat5-common-lib
--> Processing Dependency: tomcat5-jasper = 5.5.23-0jpp.31.el5_8 for package: tomcat5-common-lib
--> Processing Dependency: tomcat5-jsp-2.0-api = 5.5.23-0jpp.31.el5_8 for package: tomcat5-common-lib
--> Processing Dependency: jakarta-commons-dbcp >= 1.2.1 for package: tomcat5-common-lib
--> Processing Dependency: jaf >= 1.0.1 for package: tomcat5-common-lib
--> Processing Dependency: javamail >= 1.3.1 for package: tomcat5-common-lib
--> Processing Dependency: jta >= 1.0.1 for package: tomcat5-common-lib
--> Processing Dependency: eclipse-ecj >= 3.1.1 for package: tomcat5-common-lib
--> Processing Dependency: jakarta-commons-collections >= 3.1 for package: tomcat5-common-lib
--> Processing Dependency: javamail >= 1.3.1 for package: tomcat5-common-lib
--> Processing Dependency: ant >= 1.6 for package: tomcat5-common-lib
--> Processing Dependency: jta >= 1.0.1 for package: tomcat5-common-lib
--> Processing Dependency: mx4j >= 3.0.1 for package: tomcat5-common-lib
--> Processing Dependency: jakarta-commons-el >= 1.0 for package: tomcat5-common-lib
--> Processing Dependency: jakarta-commons-pool >= 1.2 for package: tomcat5-common-lib
--> Processing Dependency: jakarta-commons-dbcp >= 1.2.1 for package: tomcat5-common-lib
--> Processing Dependency: jakarta-commons-collections >= 3.1 for package: tomcat5-common-lib
--> Processing Dependency: jaf >= 1.0.1 for package: tomcat5-common-lib
--> Processing Dependency: ant >= 1.6 for package: tomcat5-common-lib
--> Processing Dependency: mx4j >= 3.0.1 for package: tomcat5-common-lib
--> Processing Dependency: jakarta-commons-el >= 1.0 for package: tomcat5-common-lib
--> Processing Dependency: eclipse-ecj >= 3.1.1 for package: tomcat5-common-lib
--> Processing Dependency: jakarta-commons-pool >= 1.2 for package: tomcat5-common-lib
---> Package tomcat5-server-lib.x86_64 0:5.5.23-0jpp.31.el5_8 set to be updated
--> Processing Dependency: jakarta-commons-digester >= 1.6 for package: tomcat5-server-lib
--> Processing Dependency: jakarta-commons-beanutils >= 1.7.0 for package: tomcat5-server-lib
--> Processing Dependency: regexp >= 1.3 for package: tomcat5-server-lib
--> Processing Dependency: jakarta-commons-modeler >= 1.1-8jpp.1.0.1 for package: tomcat5-server-lib
--> Processing Dependency: jakarta-commons-fileupload >= 1.0-1jpp for package: tomcat5-server-lib
--> Processing Dependency: regexp >= 1.3 for package: tomcat5-server-lib
--> Processing Dependency: jakarta-commons-digester >= 1.6 for package: tomcat5-server-lib
--> Processing Dependency: jakarta-commons-beanutils >= 1.7.0 for package: tomcat5-server-lib
--> Processing Dependency: jakarta-commons-modeler >= 1.1-8jpp.1.0.1 for package: tomcat5-server-lib
--> Processing Dependency: jakarta-commons-fileupload >= 1.0-1jpp for package: tomcat5-server-lib
---> Package uberftp.x86_64 0:2.6-3.osg set to be updated
---> Package voms.x86_64 0:2.0.6-5.osg set to be updated
---> Package xerces-j2.x86_64 0:2.7.1-7jpp.2.el5_4.2 set to be updated
--> Processing Dependency: xml-commons-resolver >= 1.1 for package: xerces-j2
---> Package xml-commons.x86_64 0:1.3.02-0.b2.7jpp.10 set to be updated
--> Running transaction check
---> Package CGSI-gSOAP.x86_64 0:1.3.4.2-3.osg set to be updated
---> Package I2util.x86_64 0:1.1-1 set to be updated
---> Package alsa-lib.x86_64 0:1.0.17-1.el5 set to be updated
---> Package ant.x86_64 0:1.6.5-2jpp.2 set to be updated
---> Package bestman2-client-libs.noarch 0:2.2.1-3.osg.el5 set to be updated
---> Package bestman2-common-libs.noarch 0:2.2.1-3.osg.el5 set to be updated
--> Processing Dependency: axis for package: bestman2-common-libs
--> Processing Dependency: cog-jglobus-axis for package: bestman2-common-libs
--> Processing Dependency: jakarta-commons-discovery for package: bestman2-common-libs
--> Processing Dependency: wsdl4j for package: bestman2-common-libs
---> Package bouncycastle13.noarch 0:1.33-4.osg.el5 set to be updated
---> Package classpathx-jaf.x86_64 0:1.0-9jpp.1 set to be updated
---> Package classpathx-mail.x86_64 0:1.1.1-4jpp.2 set to be updated
---> Package dcap-libs.x86_64 0:2.47.5-3.osg set to be updated
---> Package eclipse-ecj.x86_64 1:3.2.1-19.el5 set to be updated
---> Package geronimo-specs-compat.x86_64 0:1.0-0.M2.2jpp.12 set to be updated
--> Processing Dependency: geronimo-specs = 1.0-0.M2.2jpp.12 for package: geronimo-specs-compat
---> Package gfal.x86_64 0:1.11.14-12.osg.el5 set to be updated
---> Package gjdoc.x86_64 0:0.7.7-12.el5 set to be updated
--> Processing Dependency: antlr for package: gjdoc
---> Package glite-data-delegation-cli.x86_64 0:2.0.1.3-6.osg.el5 set to be updated
--> Processing Dependency: libglite_data_delegation_api_c.so.2(libglite_data_delegation_api_c_2)(64bit) for package: glite-data-delegation-cli
--> Processing Dependency: libglite_data_delegation_api_c.so.2()(64bit) for package: glite-data-delegation-cli
---> Package glite-data-util-c.x86_64 0:1.2.3-4.osg set to be updated
---> Package glite-service-discovery-api-c.x86_64 0:2.2.3-2.sl5 set to be updated
---> Package gridsite-libs.x86_64 0:1.7.15-4.osg.3 set to be updated
---> Package jakarta-commons-beanutils.x86_64 0:1.7.0-5jpp.1 set to be updated
---> Package jakarta-commons-collections.x86_64 0:3.2-2jpp.3 set to be updated
---> Package jakarta-commons-dbcp.x86_64 0:1.2.1-7jpp.1 set to be updated
---> Package jakarta-commons-digester.x86_64 0:1.7-5jpp.1 set to be updated
---> Package jakarta-commons-el.x86_64 0:1.0-7jpp.1 set to be updated
---> Package jakarta-commons-fileupload.x86_64 1:1.0-6jpp.1 set to be updated
---> Package jakarta-commons-logging.x86_64 0:1.0.4-6jpp.1 set to be updated
---> Package jakarta-commons-modeler.x86_64 0:1.1-8jpp.3.el5 set to be updated
--> Processing Dependency: jaxp_transform_impl for package: jakarta-commons-modeler
---> Package jakarta-commons-pool.x86_64 0:1.3-5jpp.1 set to be updated
---> Package lcmaps-plugins-scas-client.x86_64 0:0.3.4-1.1.osg.el5 set to be updated
---> Package libart_lgpl.x86_64 0:2.3.17-4 set to be updated
---> Package log4j.x86_64 0:1.2.13-3jpp.2 set to be updated
---> Package mx4j.x86_64 1:3.0.1-6jpp.4 set to be updated
--> Processing Dependency: bcel >= 5.0 for package: mx4j
---> Package myproxy-libs.x86_64 0:5.6-2.osg set to be updated
---> Package perl-HTML-Tagset.noarch 0:3.10-2.1.1 set to be updated
---> Package perl-XML-NamespaceSupport.noarch 0:1.09-1.2.1 set to be updated
---> Package postgresql-libs.x86_64 0:8.1.23-5.el5_8 set to be updated
---> Package puretls.noarch 0:0.9b4-1.osg.el5 set to be updated
--> Processing Dependency: cryptix >= 3.2 for package: puretls
--> Processing Dependency: cryptix-asn1 for package: puretls
---> Package regexp.x86_64 0:1.4-2jpp.2 set to be updated
---> Package tomcat5-jasper.x86_64 0:5.5.23-0jpp.31.el5_8 set to be updated
---> Package tomcat5-jsp-2.0-api.x86_64 0:5.5.23-0jpp.31.el5_8 set to be updated
---> Package tomcat5-servlet-2.4-api.x86_64 0:5.5.23-0jpp.31.el5_8 set to be updated
---> Package voms-clients.x86_64 0:2.0.6-5.osg set to be updated
---> Package xacml.x86_64 0:1.1.1-1.2.osg.el5 set to be updated
---> Package xml-commons-resolver.x86_64 0:1.1-1jpp.12 set to be updated
--> Running transaction check
---> Package antlr.x86_64 0:2.7.6-4jpp.2 set to be updated
---> Package axis.x86_64 0:1.2.1-2jpp.6 set to be updated
--> Processing Dependency: jakarta-commons-httpclient for package: axis
---> Package bcel.x86_64 0:5.1-8jpp.1 set to be updated
---> Package cog-jglobus-axis.noarch 0:1.2-1.osg.el5 set to be updated
---> Package cryptix.noarch 0:3.2.0-2.osg.el5 set to be updated
---> Package cryptix-asn1.noarch 0:20011119-2.osg.el5 set to be updated
---> Package geronimo-specs.x86_64 0:1.0-0.M2.2jpp.12 set to be updated
---> Package glite-data-delegation-api-c.x86_64 0:2.0.0.7-6.osg.el5 set to be updated
---> Package jakarta-commons-discovery.x86_64 1:0.3-4jpp.1 set to be updated
---> Package wsdl4j.x86_64 0:1.5.2-4jpp.1 set to be updated
---> Package xalan-j2.x86_64 0:2.7.0-6jpp.1 set to be updated
--> Running transaction check
---> Package jakarta-commons-httpclient.x86_64 1:3.0-7jpp.1 set to be updated
--> Finished Dependency Resolution
Beginning Kernel Module Plugin
Finished Kernel Module Plugin

Dependencies Resolved

================================================================================
 Package                          Arch   Version              Repository   Size
================================================================================
Installing:
 osg-ce-pbs                       x86_64 3.0.0-30.osg.el5     osg         4.8 k
Installing for dependencies:
 CGSI-gSOAP                       x86_64 1.3.4.2-3.osg        osg          56 k
 I2util                           x86_64 1.1-1                osg          67 k
 alsa-lib                         x86_64 1.0.17-1.el5         sl-base     414 k
 ant                              x86_64 1.6.5-2jpp.2         sl-base     2.3 M
 antlr                            x86_64 2.7.6-4jpp.2         sl-base     1.1 M
 apr-util                         x86_64 1.2.7-11.el5_5.2     sl-security  79 k
 axis                             x86_64 1.2.1-2jpp.6         sl-base     3.6 M
 bcel                             x86_64 5.1-8jpp.1           sl-base     1.1 M
 bestman2-client                  noarch 2.2.1-3.osg.el5      osg          29 k
 bestman2-client-libs             noarch 2.2.1-3.osg.el5      osg         865 k
 bestman2-common-libs             noarch 2.2.1-3.osg.el5      osg         1.7 M
 bouncycastle13                   noarch 1.33-4.osg.el5       osg         1.0 M
 bwctl                            x86_64 1.3-5.osg            osg         2.0 k
 bwctl-client                     x86_64 1.3-5.osg            osg          88 k
 bwctl-server                     x86_64 1.3-5.osg            osg         110 k
 classpathx-jaf                   x86_64 1.0-9jpp.1           sl-base     111 k
 classpathx-mail                  x86_64 1.1.1-4jpp.2         sl-base     1.2 M
 cog-jglobus                      noarch 1.8.0-1.osg.el5      osg         737 k
 cog-jglobus-axis                 noarch 1.2-1.osg.el5        osg          15 k
 cryptix                          noarch 3.2.0-2.osg.el5      osg         381 k
 cryptix-asn1                     noarch 20011119-2.osg.el5   osg          55 k
 dcache-srmclient                 noarch 1.9.5.23-4           osg         7.2 M
 dcap                             x86_64 2.47.5-3.osg         osg          26 k
 dcap-libs                        x86_64 2.47.5-3.osg         osg         120 k
 dcap-tunnel-gsi                  x86_64 2.47.5-3.osg         osg          14 k
 eclipse-ecj                      x86_64 1:3.2.1-19.el5       sl-base     9.0 M
 edg-gridftp-client               x86_64 1.2.9.2-3.osg        osg          44 k
 edg-mkgridmap                    noarch 4.0.0-4.osg          osg          21 k
 empty-torque                     noarch 1.0-1                osg         1.8 k
 fetch-crl                        noarch 2.8.5-1.el5          epel         24 k
 geronimo-specs                   x86_64 1.0-0.M2.2jpp.12     sl-base     258 k
 geronimo-specs-compat            x86_64 1.0-0.M2.2jpp.12     sl-base     5.4 k
 gfal                             x86_64 1.11.14-12.osg.el5   osg         713 k
 gip                              noarch 1.3.8-2.osg.el5      osg         363 k
 gjdoc                            x86_64 0.7.7-12.el5         sl-base     885 k
 glite-ce-monitor                 noarch 1.13.1-17.osg.el5    osg          13 M
 glite-ce-osg-ce-plugin           noarch 1.13.1-4.osg.el5     osg          19 k
 glite-data-delegation-api-c      x86_64 2.0.0.7-6.osg.el5    osg          37 k
 glite-data-delegation-cli        x86_64 2.0.1.3-6.osg.el5    osg          18 k
 glite-data-util-c                x86_64 1.2.3-4.osg          osg          14 k
 glite-fts-client                 x86_64 3.7.4-7.osg.el5      osg         324 k
 glite-service-discovery-api-c    x86_64 2.2.3-2.sl5          osg          13 k
 globus-authz                     x86_64 2.1-4.osg            osg          14 k
 globus-authz-callout-error       x86_64 2.1-4.osg            osg          10 k
 globus-callout                   x86_64 2.1-4.osg            osg          16 k
 globus-common                    x86_64 14.5-2.2.osg.el5     osg         131 k
 globus-common-progs              x86_64 14.5-2.2.osg.el5     osg          30 k
 globus-ftp-client                x86_64 7.2-4.osg            osg         107 k
 globus-ftp-control               x86_64 4.2-6.osg            osg          73 k
 globus-gass-cache                x86_64 8.1-4.osg            osg          26 k
 globus-gass-cache-program        x86_64 5.0-5.osg            osg          26 k
 globus-gass-copy                 x86_64 8.2-4.osg            osg          37 k
 globus-gass-copy-progs           x86_64 8.2-4.osg            osg          40 k
 globus-gass-server-ez            x86_64 4.1-4.osg            osg          15 k
 globus-gass-transfer             x86_64 7.1-4.osg            osg          44 k
 globus-gatekeeper                x86_64 9.6-1.7.osg.el5      osg          44 k
 globus-gfork                     x86_64 3.1-4.osg            osg          19 k
 globus-gram-client               x86_64 12.3-3.osg           osg          19 k
 globus-gram-client-tools         x86_64 10.0-5.osg           osg          47 k
 globus-gram-job-manager          x86_64 13.45-1.1.osg.el5    osg         265 k
 globus-gram-job-manager-callout-error
                                  x86_64 2.1-4.osg            osg         6.9 k
 globus-gram-job-manager-fork     x86_64 1.0-8.osg            osg          11 k
 globus-gram-job-manager-fork-setup-poll
                                  x86_64 1.0-8.osg            osg         4.4 k
 globus-gram-job-manager-pbs      x86_64 1.1-4.1.osg          osg          12 k
 globus-gram-job-manager-pbs-setup-seg
                                  x86_64 1.1-4.1.osg          osg          20 k
 globus-gram-job-manager-scripts  noarch 4.1-3.1.osg          osg          25 k
 globus-gram-protocol             x86_64 11.2-3.1.osg.el5     osg          40 k
 globus-gridftp-server            x86_64 6.5-1.7.osg.el5      osg         167 k
 globus-gridftp-server-control    x86_64 2.3-1.1.osg.el5      osg          77 k
 globus-gridftp-server-progs      x86_64 6.5-1.7.osg.el5      osg          43 k
 globus-gridmap-callout-error     x86_64 1.2-2.osg            osg         7.0 k
 globus-gsi-callback              x86_64 4.1-4.osg            osg          42 k
 globus-gsi-cert-utils            x86_64 8.1-4.osg            osg          19 k
 globus-gsi-cert-utils-progs      x86_64 8.1-4.osg            osg          26 k
 globus-gsi-credential            x86_64 5.1-4.osg            osg          35 k
 globus-gsi-openssl-error         x86_64 2.1-4.osg            osg          16 k
 globus-gsi-proxy-core            x86_64 6.1-4.osg            osg          37 k
 globus-gsi-proxy-ssl             x86_64 4.1-4.osg            osg          17 k
 globus-gsi-sysconfig             x86_64 5.1-4.osg            osg          30 k
 globus-gss-assist                x86_64 8.1-4.osg            osg          34 k
 globus-gssapi-error              x86_64 4.1-4.osg            osg          14 k
 globus-gssapi-gsi                x86_64 10.7-2.osg.el5       osg          62 k
 globus-io                        x86_64 9.2-3.osg            osg          45 k
 globus-openssl-module            x86_64 3.1-4.osg            osg          15 k
 globus-proxy-utils               x86_64 5.0-5.osg            osg          45 k
 globus-rsl                       x86_64 9.1-4.osg            osg          25 k
 globus-scheduler-event-generator x86_64 4.4-1.osg            osg          10 k
 globus-scheduler-event-generator-progs
                                  x86_64 4.4-1.osg            osg          19 k
 globus-usage                     x86_64 3.1-4.osg            osg          16 k
 globus-xio                       x86_64 3.2-4.1.osg          osg         178 k
 globus-xio-gsi-driver            x86_64 2.1-4.osg            osg          37 k
 globus-xio-pipe-driver           x86_64 2.1-4.osg            osg          17 k
 globus-xio-popen-driver          x86_64 2.2-3.osg            osg          21 k
 gratia-probe-common              noarch 1.12-1.osg.el5       osg         141 k
 gratia-probe-gram                noarch 1.12-1.osg.el5       osg         6.9 k
 gratia-probe-gridftp-transfer    noarch 1.12-1.osg.el5       osg          24 k
 gratia-probe-pbs-lsf             x86_64 1.12-1.osg.el5       osg         103 k
 gridsite-libs                    x86_64 1.7.15-4.osg.3       osg          76 k
 gsi-openssh                      x86_64 5.4-3.osg            osg         276 k
 gsi-openssh-clients              x86_64 5.4-3.osg            osg         306 k
 gsoap                            x86_64 2.7.13-4.el5         epel        444 k
 gums                             noarch 1.3.18.009-3.osg.el5 osg          25 M
 gums-client                      noarch 1.3.18.009-3.osg.el5 osg          15 k
 httpd                            x86_64 2.2.3-63.sl5.1       sl-security 1.3 M
 jakarta-commons-beanutils        x86_64 1.7.0-5jpp.1         sl-base     567 k
 jakarta-commons-collections      x86_64 3.2-2jpp.3           sl-base     1.2 M
 jakarta-commons-daemon           x86_64 1:1.0.1-6jpp.1       sl-base      46 k
 jakarta-commons-dbcp             x86_64 1.2.1-7jpp.1         sl-base     278 k
 jakarta-commons-digester         x86_64 1.7-5jpp.1           sl-base     349 k
 jakarta-commons-discovery        x86_64 1:0.3-4jpp.1         sl-base     150 k
 jakarta-commons-el               x86_64 1.0-7jpp.1           sl-base     269 k
 jakarta-commons-fileupload       x86_64 1:1.0-6jpp.1         sl-base      53 k
 jakarta-commons-httpclient       x86_64 1:3.0-7jpp.1         sl-base     595 k
 jakarta-commons-launcher         x86_64 0.9-6jpp.1           sl-base      97 k
 jakarta-commons-logging          x86_64 1.0.4-6jpp.1         sl-base     115 k
 jakarta-commons-modeler          x86_64 1.1-8jpp.3.el5       sl-base     259 k
 jakarta-commons-pool             x86_64 1.3-5jpp.1           sl-base     142 k
 java-1.4.2-gcj-compat            x86_64 1.4.2.0-40jpp.115    sl-base      29 k
 java-1.6.0-sun-compat            x86_64 1.6.0.33-3.sl5.jpp   sl-security  65 k
 jpackage-utils                   noarch 1.7.3-1jpp.2.el5     sl-base      61 k
 lcas-lcmaps-gt4-interface        x86_64 0.2.4-1.3.osg.el5    osg          21 k
 lcg-info                         noarch 1.12.2-1.osg         osg          13 k
 lcg-infosites                    noarch 3.1.0-1.osg.el5      osg          10 k
 lcg-utils                        x86_64 1.11.14-11.osg       osg         255 k
 lcgdm-libs                       x86_64 1.8.1.2-6.osg.el5    osg         100 k
 lcmaps                           x86_64 1.5.4-1.1.osg.el5    osg          90 k
 lcmaps-plugins-basic             x86_64 1.5.0-3.2.osg.el5    osg          40 k
 lcmaps-plugins-gums-client       x86_64 0.0.2-3.osg          osg         3.3 k
 lcmaps-plugins-saz-client        x86_64 0.3.4-1.1.osg.el5    osg          39 k
 lcmaps-plugins-scas-client       x86_64 0.3.4-1.1.osg.el5    osg          42 k
 lcmaps-plugins-verify-proxy      x86_64 1.5.2-1.2.osg.el5    osg          29 k
 lfc                              x86_64 1.8.1.2-6.osg.el5    osg          75 k
 lfc-libs                         x86_64 1.8.1.2-6.osg.el5    osg          45 k
 lfc-python                       x86_64 1.8.1.2-6.osg.el5    osg         2.2 M
 libart_lgpl                      x86_64 2.3.17-4             sl-base      75 k
 libgcj                           x86_64 4.1.2-50.el5         sl-security  18 M
 libxslt                          x86_64 1.1.17-2.el5_2.2     sl-base     488 k
 log4j                            x86_64 1.2.13-3jpp.2        sl-base     729 k
 mx4j                             x86_64 1:3.0.1-6jpp.4       sl-base     2.7 M
 myproxy                          x86_64 5.6-2.osg            osg          85 k
 myproxy-libs                     x86_64 5.6-2.osg            osg         120 k
 ndt                              x86_64 3.6.4-1.osg          osg          37 k
 netlogger                        noarch 4.2.0-2.osg.el5      osg         624 k
 nmap                             x86_64 2:4.11-1.1           sl-base     680 k
 openldap-clients                 x86_64 2.3.43-12.el5_6.7    sl-security 223 k
 osg-ce                           x86_64 3.0.0-30.osg.el5     osg         5.8 k
 osg-cert-scripts                 noarch 2.7.2-1.osg.el5      osg          51 k
 osg-cleanup                      noarch 1.2-1.osg.el5        osg         8.7 k
 osg-client                       noarch 3.0.0-17.osg.el5     osg         4.0 k
 osg-configure                    noarch 1.0.14-1.osg.el5     osg         130 k
 osg-configure-ce                 noarch 1.0.14-1.osg.el5     osg          10 k
 osg-configure-cemon              noarch 1.0.14-1.osg.el5     osg         8.5 k
 osg-configure-gip                noarch 1.0.14-1.osg.el5     osg          11 k
 osg-configure-gratia             noarch 1.0.14-1.osg.el5     osg         8.6 k
 osg-configure-managedfork        noarch 1.0.14-1.osg.el5     osg         8.1 k
 osg-configure-misc               noarch 1.0.14-1.osg.el5     osg         8.7 k
 osg-configure-network            noarch 1.0.14-1.osg.el5     osg         8.8 k
 osg-configure-pbs                noarch 1.0.14-1.osg.el5     osg         8.7 k
 osg-configure-squid              noarch 1.0.14-1.osg.el5     osg         8.2 k
 osg-discovery                    noarch 1.0.7-5.osg.el5      osg         8.4 M
 osg-info-services                noarch 0.9-1                osg          12 k
 osg-site-verify                  noarch 3.0.0-1.osg          osg          25 k
 osg-site-web-page                noarch 0.15-3               osg          18 k
 osg-system-profiler              noarch 1.0.9-1.osg.el5      osg         5.3 k
 osg-version                      noarch 3.1.6-1.osg.el5      osg         3.2 k
 osg-vo-map                       noarch 0.0.1-1.osg          osg         7.3 k
 osg-wn-client                    noarch 3.0.0-15.osg.el5     osg         5.0 k
 owamp-client                     x86_64 3.2rc4-2.osg.el5     osg         208 k
 perl-Convert-ASN1                noarch 0.20-1.1             sl-base      41 k
 perl-Crypt-SSLeay                x86_64 0.51-11.el5          sl-base      45 k
 perl-DateManip                   noarch 5.44-1.2.1           sl-base     143 k
 perl-HTML-Parser                 x86_64 3.55-1.fc6           sl-base      91 k
 perl-HTML-Tagset                 noarch 3.10-2.1.1           sl-base      14 k
 perl-IO-Socket-SSL               noarch 1.01-1.fc6           sl-base      49 k
 perl-LDAP                        noarch 1:0.33-3.fc6         sl-base     316 k
 perl-Net-SSLeay                  x86_64 1.30-4.fc6           sl-base     192 k
 perl-TermReadKey                 x86_64 2.30-5.el5           sl-base      32 k
 perl-TimeDate                    noarch 1:1.16-5.el5         sl-base      32 k
 perl-XML-DOM                     noarch 1.44-2.el5           epel        138 k
 perl-XML-NamespaceSupport        noarch 1.09-1.2.1           sl-base      15 k
 perl-XML-Parser                  x86_64 2.34-6.1.2.2.1       sl-base     209 k
 perl-XML-RegExp                  noarch 0.03-2.el5           epel        8.2 k
 perl-XML-SAX                     noarch 0.14-8               sl-base      77 k
 perl-XML-Simple                  noarch 2.14-4.fc6           sl-base      68 k
 perl-libwww-perl                 noarch 5.805-1.1.1          sl-base     375 k
 postgresql-libs                  x86_64 8.1.23-5.el5_8       sl-security 197 k
 puretls                          noarch 0.9b4-1.osg.el5      osg         136 k
 regexp                           x86_64 1.4-2jpp.2           sl-base     102 k
 tomcat5                          x86_64 5.5.23-0jpp.31.el5_8 sl-security 362 k
 tomcat5-common-lib               x86_64 5.5.23-0jpp.31.el5_8 sl-security 225 k
 tomcat5-jasper                   x86_64 5.5.23-0jpp.31.el5_8 sl-security 1.1 M
 tomcat5-jsp-2.0-api              x86_64 5.5.23-0jpp.31.el5_8 sl-security 103 k
 tomcat5-server-lib               x86_64 5.5.23-0jpp.31.el5_8 sl-security 4.0 M
 tomcat5-servlet-2.4-api          x86_64 5.5.23-0jpp.31.el5_8 sl-security 163 k
 uberftp                          x86_64 2.6-3.osg            osg          86 k
 vo-client                        noarch 42-1.osg.el5         osg          16 k
 vo-client-edgmkgridmap           noarch 42-1.osg.el5         osg         5.8 k
 voms                             x86_64 2.0.6-5.osg          osg         171 k
 voms-clients                     x86_64 2.0.6-5.osg          osg         180 k
 wsdl4j                           x86_64 1.5.2-4jpp.1         sl-base     428 k
 xacml                            x86_64 1.1.1-1.2.osg.el5    osg         498 k
 xalan-j2                         x86_64 2.7.0-6jpp.1         sl-base     4.6 M
 xerces-j2                        x86_64 2.7.1-7jpp.2.el5_4.2 sl-base     3.1 M
 xml-commons                      x86_64 1.3.02-0.b2.7jpp.10  sl-base      19 k
 xml-commons-apis                 x86_64 1.3.02-0.b2.7jpp.10  sl-base     387 k
 xml-commons-resolver             x86_64 1.1-1jpp.12          sl-base     170 k

Transaction Summary
================================================================================
Install     207 Package(s)
Upgrade       0 Package(s)

Total download size: 134 M
Downloading Packages:
--------------------------------------------------------------------------------
Total                                           3.9 MB/s | 134 MB     00:34     
Running rpm_check_debug
Running Transaction Test
Finished Transaction Test
Transaction Test Succeeded
Running Transaction
  Installing     : globus-common                                          1/207 
  Installing     : globus-gsi-openssl-error                               2/207 
  Installing     : globus-gsi-proxy-ssl                                   3/207 
  Installing     : globus-openssl-module                                  4/207 
  Installing     : globus-gsi-cert-utils                                  5/207 
  Installing     : globus-gsi-sysconfig                                   6/207 
  Installing     : globus-gsi-callback                                    7/207 
  Installing     : globus-gsi-credential                                  8/207 
  Installing     : globus-gsi-proxy-core                                  9/207 
  Installing     : globus-gssapi-gsi                                     10/207 
  Installing     : globus-callout                                        11/207 
  Installing     : globus-gss-assist                                     12/207 
  Installing     : globus-xio                                            13/207 
  Installing     : globus-gssapi-error                                   14/207 
  Installing     : voms                                                  15/207 
  Installing     : globus-usage                                          16/207 
  Installing     : globus-common-progs                                   17/207 
  Installing     : globus-xio-gsi-driver                                 18/207 
  Installing     : globus-io                                             19/207 
  Installing     : globus-gram-protocol                                  20/207 
  Installing     : globus-gass-transfer                                  21/207 
  Installing     : globus-ftp-control                                    22/207 
  Installing     : gsoap                                                 23/207 
  Installing     : CGSI-gSOAP                                            24/207 
  Installing     : globus-rsl                                            25/207 
  Installing     : globus-scheduler-event-generator                      26/207 
  Installing     : lcgdm-libs                                            27/207 
  Installing     : globus-proxy-utils                                    28/207 
  Installing     : globus-authz-callout-error                            29/207 
  Installing     : gridsite-libs                                         30/207 
  Installing     : globus-authz                                          31/207 
  Installing     : lfc-libs                                              32/207 
  Installing     : lfc                                                   33/207 
  Installing     : globus-gram-client                                    34/207 
  Installing     : xacml                                                 35/207 
  Installing     : lcmaps-plugins-saz-client                             36/207 
  Installing     : globus-gass-server-ez                                 37/207 
  Installing     : globus-gatekeeper                                     38/207 
  Installing     : globus-xio-popen-driver                               39/207 
  Installing     : globus-ftp-client                                     40/207 
  Installing     : globus-gass-copy                                      41/207 
  Installing     : globus-gass-copy-progs                                42/207 
  Installing     : globus-gfork                                          43/207 
  Installing     : globus-gass-cache                                     44/207 
  Installing     : globus-gass-cache-program                             45/207 
  Installing     : perl-Crypt-SSLeay                                     46/207 
  Installing     : dcap-libs                                             47/207 
  Installing     : perl-Net-SSLeay                                       48/207 
  Installing     : openldap-clients                                      49/207 
  Installing     : glite-service-discovery-api-c                         50/207 
  Installing     : glite-data-util-c                                     51/207 
  Installing     : dcap-tunnel-gsi                                       52/207 
  Installing     : dcap                                                  53/207 
  Installing     : gfal                                                  54/207 
  Installing     : lcg-utils                                             55/207 
  Installing     : edg-gridftp-client                                    56/207 
  Installing     : globus-gram-client-tools                              57/207 
  Installing     : lcmaps-plugins-scas-client                            58/207 
  Installing     : lfc-python                                            59/207 
  Installing     : globus-scheduler-event-generator-progs                60/207 
  Installing     : glite-data-delegation-api-c                           61/207 
  Installing     : glite-data-delegation-cli                             62/207 
  Installing     : glite-fts-client                                      63/207 
  Installing     : gsi-openssh                                           64/207 
  Installing     : gsi-openssh-clients                                   65/207 
  Installing     : myproxy-libs                                          66/207 
  Installing     : voms-clients                                          67/207 
  Installing     : myproxy                                               68/207 
  Installing     : globus-gridmap-callout-error                          69/207 
  Installing     : globus-xio-pipe-driver                                70/207 
  Installing     : globus-gridftp-server-control                         71/207 
  Installing     : globus-gridftp-server                                 72/207 
  Installing     : globus-gridftp-server-progs                           73/207 
  Installing     : uberftp                                               74/207 
  Installing     : globus-gram-job-manager-callout-error                 75/207 
  Installing     : bwctl-client                                          76/207 
  Installing     : lcmaps-plugins-basic                                  77/207 
  Installing     : nmap                                                  78/207 
  Installing     : ndt                                                   79/207 
  Installing     : lcmaps-plugins-verify-proxy                           80/207 
  Installing     : alsa-lib                                              81/207 
  Installing     : I2util                                                82/207 
  Installing     : bwctl-server                                          83/207 
  Installing     : perl-TermReadKey                                      84/207 
  Installing     : libart_lgpl                                           85/207 
  Installing     : libgcj                                                86/207 
  Installing     : owamp-client                                          87/207 
  Installing     : libxslt                                               88/207 
  Installing     : postgresql-libs                                       89/207 
  Installing     : jpackage-utils                                        90/207 
  Installing     : java-1.6.0-sun-compat                                 91/207 
  Installing     : globus-gram-job-manager-scripts                       92/207 
  Installing     : vo-client                                             93/207 
  Installing     : osg-system-profiler                                   94/207 
  Installing     : osg-vo-map                                            95/207 
  Installing     : osg-version                                           96/207 
  Installing     : cryptix                                               97/207 
  Installing     : bouncycastle13                                        98/207 
  Installing     : xml-commons                                           99/207 
  Installing     : empty-torque                                         100/207 
  Installing     : gratia-probe-common                                  101/207 
  Installing     : osg-configure                                        102/207 
  Installing     : gratia-probe-pbs-lsf                                 103/207 
  Installing     : globus-gram-job-manager                              104/207 
  Installing     : apr-util                                             105/207 
  Installing     : httpd                                                106/207 
  Installing     : osg-site-web-page                                    107/207 
  Installing     : globus-gram-job-manager-pbs                          108/207 
  Installing     : globus-gram-job-manager-pbs-setup-seg                109/207globus-scheduler-event-generator (pbs) is running (pid=
4347)
Stopped globus-scheduler-event-generator[  OK  ]
Started globus-scheduler-event-generator for (pbs)[  OK  ]
 
  Installing     : cryptix-asn1                                         110/207 
  Installing     : puretls                                              111/207 
  Installing     : bestman2-client-libs                                 112/207 
  Installing     : osg-discovery                                        113/207 
  Installing     : dcache-srmclient                                     114/207 
  Installing     : bwctl                                                115/207 
  Installing     : lcmaps-plugins-gums-client                           116/207 
  Installing     : lcmaps                                               117/207 
  Installing     : lcas-lcmaps-gt4-interface                            118/207 
  Installing     : perl-IO-Socket-SSL                                   119/207 
  Installing     : globus-gsi-cert-utils-progs                          120/207 
  Installing     : perl-DateManip                                       121/207 
  Installing     : osg-configure-ce                                     122/207 
  Installing     : perl-TimeDate                                        123/207 
  Installing     : osg-configure-gratia                                 124/207 
  Installing     : perl-XML-NamespaceSupport                            125/207 
  Installing     : perl-XML-SAX                                         126/207 
  Installing     : osg-site-verify                                      127/207 
  Installing     : osg-configure-managedfork                            128/207 
  Installing     : osg-configure-misc                                   129/207 
  Installing     : vo-client-edgmkgridmap                               130/207 
  Installing     : osg-configure-pbs                                    131/207 
  Installing     : osg-configure-squid                                  132/207 
  Installing     : netlogger                                            133/207 
  Installing     : gratia-probe-gridftp-transfer                        134/207 
  Installing     : osg-configure-gip                                    135/207 
  Installing     : perl-XML-RegExp                                      136/207 
  Installing     : osg-cleanup                                          137/207 
  Installing     : osg-configure-network                                138/207 
  Installing     : osg-configure-cemon                                  139/207 
  Installing     : perl-HTML-Tagset                                     140/207 
  Installing     : perl-HTML-Parser                                     141/207 
  Installing     : perl-libwww-perl                                     142/207 
  Installing     : perl-XML-Parser                                      143/207 
  Installing     : perl-XML-DOM                                         144/207 
  Installing     : perl-XML-Simple                                      145/207 
  Installing     : gratia-probe-gram                                    146/207 
  Installing     : osg-cert-scripts                                     147/207 
  Installing     : perl-Convert-ASN1                                    148/207 
  Installing     : perl-LDAP                                            149/207 
  Installing     : edg-mkgridmap                                        150/207 
  Installing     : lcg-infosites                                        151/207 
  Installing     : lcg-info                                             152/207 
  Installing     : fetch-crl                                            153/207 
  Installing     : java-1.4.2-gcj-compat                                154/207 
  Installing     : jakarta-commons-logging                              155/207 
  Installing     : xml-commons-apis                                     156/207 
  Installing     : tomcat5-servlet-2.4-api                              157/207 
  Installing     : classpathx-jaf                                       158/207 
  Installing     : jakarta-commons-collections                          159/207 
  Installing     : jakarta-commons-beanutils                            160/207 
  Installing     : classpathx-mail                                      161/207 
  Installing     : jakarta-commons-digester                             162/207 
  Installing     : tomcat5-jasper                                       163/207 
  Installing     : jakarta-commons-discovery                            164/207 
  Installing     : jakarta-commons-pool                                 165/207 
  Installing     : jakarta-commons-el                                   166/207 
  Installing     : regexp                                               167/207 
  Installing     : globus-gram-job-manager-fork-setup-poll              168/207 
  Installing     : globus-gram-job-manager-fork                         169/207 
  Installing     : bcel                                                 170/207 
  Installing     : jakarta-commons-dbcp                                 171/207 
  Installing     : jakarta-commons-fileupload                           172/207 
  Installing     : tomcat5-jsp-2.0-api                                  173/207 
  Installing     : jakarta-commons-httpclient                           174/207 
  Installing     : gjdoc                                                175/207 
  Installing     : jakarta-commons-launcher                             176/207 
  Installing     : eclipse-ecj                                          177/207 
  Installing     : antlr                                                178/207 
  Installing     : jakarta-commons-daemon                               179/207 
  Installing     : xerces-j2                                            180/207 
  Installing     : log4j                                                181/207 
  Installing     : wsdl4j                                               182/207 
  Installing     : axis                                                 183/207 
  Installing     : xml-commons-resolver                                 184/207 
  Installing     : mx4j                                                 185/207 
  Installing     : geronimo-specs                                       186/207 
  Installing     : xalan-j2                                             187/207 
  Installing     : jakarta-commons-modeler                              188/207 
  Installing     : tomcat5-server-lib                                   189/207 
  Installing     : ant                                                  190/207 
  Installing     : cog-jglobus                                          191/207 
  Installing     : gums                                                 192/207 
  Installing     : gums-client                                          193/207 
  Installing     : geronimo-specs-compat                                194/207 
  Installing     : tomcat5-common-lib                                   195/207 
  Installing     : tomcat5                                              196/207 
  Installing     : cog-jglobus-axis                                     197/207 
  Installing     : bestman2-common-libs                                 198/207 
  Installing     : bestman2-client                                      199/207 
  Installing     : osg-wn-client                                        200/207 
  Installing     : osg-client                                           201/207 
  Installing     : glite-ce-monitor                                     202/207 
  Installing     : gip                                                  203/207 
  Installing     : osg-info-services                                    204/207 
  Installing     : osg-ce                                               205/207 
  Installing     : glite-ce-osg-ce-plugin                               206/207 
  Installing     : osg-ce-pbs                                           207/207 

Installed:
  osg-ce-pbs.x86_64 0:3.0.0-30.osg.el5                                          

Dependency Installed:
  CGSI-gSOAP.x86_64 0:1.3.4.2-3.osg                                             
  I2util.x86_64 0:1.1-1                                                         
  alsa-lib.x86_64 0:1.0.17-1.el5                                                
  ant.x86_64 0:1.6.5-2jpp.2                                                     
  antlr.x86_64 0:2.7.6-4jpp.2                                                   
  apr-util.x86_64 0:1.2.7-11.el5_5.2                                            
  axis.x86_64 0:1.2.1-2jpp.6                                                    
  bcel.x86_64 0:5.1-8jpp.1                                                      
  bestman2-client.noarch 0:2.2.1-3.osg.el5                                      
  bestman2-client-libs.noarch 0:2.2.1-3.osg.el5                                 
  bestman2-common-libs.noarch 0:2.2.1-3.osg.el5                                 
  bouncycastle13.noarch 0:1.33-4.osg.el5                                        
  bwctl.x86_64 0:1.3-5.osg                                                      
  bwctl-client.x86_64 0:1.3-5.osg                                               
  bwctl-server.x86_64 0:1.3-5.osg                                               
  classpathx-jaf.x86_64 0:1.0-9jpp.1                                            
  classpathx-mail.x86_64 0:1.1.1-4jpp.2                                         
  cog-jglobus.noarch 0:1.8.0-1.osg.el5                                          
  cog-jglobus-axis.noarch 0:1.2-1.osg.el5                                       
  cryptix.noarch 0:3.2.0-2.osg.el5                                              
  cryptix-asn1.noarch 0:20011119-2.osg.el5                                      
  dcache-srmclient.noarch 0:1.9.5.23-4                                          
  dcap.x86_64 0:2.47.5-3.osg                                                    
  dcap-libs.x86_64 0:2.47.5-3.osg                                               
  dcap-tunnel-gsi.x86_64 0:2.47.5-3.osg                                         
  eclipse-ecj.x86_64 1:3.2.1-19.el5                                             
  edg-gridftp-client.x86_64 0:1.2.9.2-3.osg                                     
  edg-mkgridmap.noarch 0:4.0.0-4.osg                                            
  empty-torque.noarch 0:1.0-1                                                   
  fetch-crl.noarch 0:2.8.5-1.el5                                                
  geronimo-specs.x86_64 0:1.0-0.M2.2jpp.12                                      
  geronimo-specs-compat.x86_64 0:1.0-0.M2.2jpp.12                               
  gfal.x86_64 0:1.11.14-12.osg.el5                                              
  gip.noarch 0:1.3.8-2.osg.el5                                                  
  gjdoc.x86_64 0:0.7.7-12.el5                                                   
  glite-ce-monitor.noarch 0:1.13.1-17.osg.el5                                   
  glite-ce-osg-ce-plugin.noarch 0:1.13.1-4.osg.el5                              
  glite-data-delegation-api-c.x86_64 0:2.0.0.7-6.osg.el5                        
  glite-data-delegation-cli.x86_64 0:2.0.1.3-6.osg.el5                          
  glite-data-util-c.x86_64 0:1.2.3-4.osg                                        
  glite-fts-client.x86_64 0:3.7.4-7.osg.el5                                     
  glite-service-discovery-api-c.x86_64 0:2.2.3-2.sl5                            
  globus-authz.x86_64 0:2.1-4.osg                                               
  globus-authz-callout-error.x86_64 0:2.1-4.osg                                 
  globus-callout.x86_64 0:2.1-4.osg                                             
  globus-common.x86_64 0:14.5-2.2.osg.el5                                       
  globus-common-progs.x86_64 0:14.5-2.2.osg.el5                                 
  globus-ftp-client.x86_64 0:7.2-4.osg                                          
  globus-ftp-control.x86_64 0:4.2-6.osg                                         
  globus-gass-cache.x86_64 0:8.1-4.osg                                          
  globus-gass-cache-program.x86_64 0:5.0-5.osg                                  
  globus-gass-copy.x86_64 0:8.2-4.osg                                           
  globus-gass-copy-progs.x86_64 0:8.2-4.osg                                     
  globus-gass-server-ez.x86_64 0:4.1-4.osg                                      
  globus-gass-transfer.x86_64 0:7.1-4.osg                                       
  globus-gatekeeper.x86_64 0:9.6-1.7.osg.el5                                    
  globus-gfork.x86_64 0:3.1-4.osg                                               
  globus-gram-client.x86_64 0:12.3-3.osg                                        
  globus-gram-client-tools.x86_64 0:10.0-5.osg                                  
  globus-gram-job-manager.x86_64 0:13.45-1.1.osg.el5                            
  globus-gram-job-manager-callout-error.x86_64 0:2.1-4.osg                      
  globus-gram-job-manager-fork.x86_64 0:1.0-8.osg                               
  globus-gram-job-manager-fork-setup-poll.x86_64 0:1.0-8.osg                    
  globus-gram-job-manager-pbs.x86_64 0:1.1-4.1.osg                              
  globus-gram-job-manager-pbs-setup-seg.x86_64 0:1.1-4.1.osg                    
  globus-gram-job-manager-scripts.noarch 0:4.1-3.1.osg                          
  globus-gram-protocol.x86_64 0:11.2-3.1.osg.el5                                
  globus-gridftp-server.x86_64 0:6.5-1.7.osg.el5                                
  globus-gridftp-server-control.x86_64 0:2.3-1.1.osg.el5                        
  globus-gridftp-server-progs.x86_64 0:6.5-1.7.osg.el5                          
  globus-gridmap-callout-error.x86_64 0:1.2-2.osg                               
  globus-gsi-callback.x86_64 0:4.1-4.osg                                        
  globus-gsi-cert-utils.x86_64 0:8.1-4.osg                                      
  globus-gsi-cert-utils-progs.x86_64 0:8.1-4.osg                                
  globus-gsi-credential.x86_64 0:5.1-4.osg                                      
  globus-gsi-openssl-error.x86_64 0:2.1-4.osg                                   
  globus-gsi-proxy-core.x86_64 0:6.1-4.osg                                      
  globus-gsi-proxy-ssl.x86_64 0:4.1-4.osg                                       
  globus-gsi-sysconfig.x86_64 0:5.1-4.osg                                       
  globus-gss-assist.x86_64 0:8.1-4.osg                                          
  globus-gssapi-error.x86_64 0:4.1-4.osg                                        
  globus-gssapi-gsi.x86_64 0:10.7-2.osg.el5                                     
  globus-io.x86_64 0:9.2-3.osg                                                  
  globus-openssl-module.x86_64 0:3.1-4.osg                                      
  globus-proxy-utils.x86_64 0:5.0-5.osg                                         
  globus-rsl.x86_64 0:9.1-4.osg                                                 
  globus-scheduler-event-generator.x86_64 0:4.4-1.osg                           
  globus-scheduler-event-generator-progs.x86_64 0:4.4-1.osg                     
  globus-usage.x86_64 0:3.1-4.osg                                               
  globus-xio.x86_64 0:3.2-4.1.osg                                               
  globus-xio-gsi-driver.x86_64 0:2.1-4.osg                                      
  globus-xio-pipe-driver.x86_64 0:2.1-4.osg                                     
  globus-xio-popen-driver.x86_64 0:2.2-3.osg                                    
  gratia-probe-common.noarch 0:1.12-1.osg.el5                                   
  gratia-probe-gram.noarch 0:1.12-1.osg.el5                                     
  gratia-probe-gridftp-transfer.noarch 0:1.12-1.osg.el5                         
  gratia-probe-pbs-lsf.x86_64 0:1.12-1.osg.el5                                  
  gridsite-libs.x86_64 0:1.7.15-4.osg.3                                         
  gsi-openssh.x86_64 0:5.4-3.osg                                                
  gsi-openssh-clients.x86_64 0:5.4-3.osg                                        
  gsoap.x86_64 0:2.7.13-4.el5                                                   
  gums.noarch 0:1.3.18.009-3.osg.el5                                            
  gums-client.noarch 0:1.3.18.009-3.osg.el5                                     
  httpd.x86_64 0:2.2.3-63.sl5.1                                                 
  jakarta-commons-beanutils.x86_64 0:1.7.0-5jpp.1                               
  jakarta-commons-collections.x86_64 0:3.2-2jpp.3                               
  jakarta-commons-daemon.x86_64 1:1.0.1-6jpp.1                                  
  jakarta-commons-dbcp.x86_64 0:1.2.1-7jpp.1                                    
  jakarta-commons-digester.x86_64 0:1.7-5jpp.1                                  
  jakarta-commons-discovery.x86_64 1:0.3-4jpp.1                                 
  jakarta-commons-el.x86_64 0:1.0-7jpp.1                                        
  jakarta-commons-fileupload.x86_64 1:1.0-6jpp.1                                
  jakarta-commons-httpclient.x86_64 1:3.0-7jpp.1                                
  jakarta-commons-launcher.x86_64 0:0.9-6jpp.1                                  
  jakarta-commons-logging.x86_64 0:1.0.4-6jpp.1                                 
  jakarta-commons-modeler.x86_64 0:1.1-8jpp.3.el5                               
  jakarta-commons-pool.x86_64 0:1.3-5jpp.1                                      
  java-1.4.2-gcj-compat.x86_64 0:1.4.2.0-40jpp.115                              
  java-1.6.0-sun-compat.x86_64 0:1.6.0.33-3.sl5.jpp                             
  jpackage-utils.noarch 0:1.7.3-1jpp.2.el5                                      
  lcas-lcmaps-gt4-interface.x86_64 0:0.2.4-1.3.osg.el5                          
  lcg-info.noarch 0:1.12.2-1.osg                                                
  lcg-infosites.noarch 0:3.1.0-1.osg.el5                                        
  lcg-utils.x86_64 0:1.11.14-11.osg                                             
  lcgdm-libs.x86_64 0:1.8.1.2-6.osg.el5                                         
  lcmaps.x86_64 0:1.5.4-1.1.osg.el5                                             
  lcmaps-plugins-basic.x86_64 0:1.5.0-3.2.osg.el5                               
  lcmaps-plugins-gums-client.x86_64 0:0.0.2-3.osg                               
  lcmaps-plugins-saz-client.x86_64 0:0.3.4-1.1.osg.el5                          
  lcmaps-plugins-scas-client.x86_64 0:0.3.4-1.1.osg.el5                         
  lcmaps-plugins-verify-proxy.x86_64 0:1.5.2-1.2.osg.el5                        
  lfc.x86_64 0:1.8.1.2-6.osg.el5                                                
  lfc-libs.x86_64 0:1.8.1.2-6.osg.el5                                           
  lfc-python.x86_64 0:1.8.1.2-6.osg.el5                                         
  libart_lgpl.x86_64 0:2.3.17-4                                                 
  libgcj.x86_64 0:4.1.2-50.el5                                                  
  libxslt.x86_64 0:1.1.17-2.el5_2.2                                             
  log4j.x86_64 0:1.2.13-3jpp.2                                                  
  mx4j.x86_64 1:3.0.1-6jpp.4                                                    
  myproxy.x86_64 0:5.6-2.osg                                                    
  myproxy-libs.x86_64 0:5.6-2.osg                                               
  ndt.x86_64 0:3.6.4-1.osg                                                      
  netlogger.noarch 0:4.2.0-2.osg.el5                                            
  nmap.x86_64 2:4.11-1.1                                                        
  openldap-clients.x86_64 0:2.3.43-12.el5_6.7                                   
  osg-ce.x86_64 0:3.0.0-30.osg.el5                                              
  osg-cert-scripts.noarch 0:2.7.2-1.osg.el5                                     
  osg-cleanup.noarch 0:1.2-1.osg.el5                                            
  osg-client.noarch 0:3.0.0-17.osg.el5                                          
  osg-configure.noarch 0:1.0.14-1.osg.el5                                       
  osg-configure-ce.noarch 0:1.0.14-1.osg.el5                                    
  osg-configure-cemon.noarch 0:1.0.14-1.osg.el5                                 
  osg-configure-gip.noarch 0:1.0.14-1.osg.el5                                   
  osg-configure-gratia.noarch 0:1.0.14-1.osg.el5                                
  osg-configure-managedfork.noarch 0:1.0.14-1.osg.el5                           
  osg-configure-misc.noarch 0:1.0.14-1.osg.el5                                  
  osg-configure-network.noarch 0:1.0.14-1.osg.el5                               
  osg-configure-pbs.noarch 0:1.0.14-1.osg.el5                                   
  osg-configure-squid.noarch 0:1.0.14-1.osg.el5                                 
  osg-discovery.noarch 0:1.0.7-5.osg.el5                                        
  osg-info-services.noarch 0:0.9-1                                              
  osg-site-verify.noarch 0:3.0.0-1.osg                                          
  osg-site-web-page.noarch 0:0.15-3                                             
  osg-system-profiler.noarch 0:1.0.9-1.osg.el5                                  
  osg-version.noarch 0:3.1.6-1.osg.el5                                          
  osg-vo-map.noarch 0:0.0.1-1.osg                                               
  osg-wn-client.noarch 0:3.0.0-15.osg.el5                                       
  owamp-client.x86_64 0:3.2rc4-2.osg.el5                                        
  perl-Convert-ASN1.noarch 0:0.20-1.1                                           
  perl-Crypt-SSLeay.x86_64 0:0.51-11.el5                                        
  perl-DateManip.noarch 0:5.44-1.2.1                                            
  perl-HTML-Parser.x86_64 0:3.55-1.fc6                                          
  perl-HTML-Tagset.noarch 0:3.10-2.1.1                                          
  perl-IO-Socket-SSL.noarch 0:1.01-1.fc6                                        
  perl-LDAP.noarch 1:0.33-3.fc6                                                 
  perl-Net-SSLeay.x86_64 0:1.30-4.fc6                                           
  perl-TermReadKey.x86_64 0:2.30-5.el5                                          
  perl-TimeDate.noarch 1:1.16-5.el5                                             
  perl-XML-DOM.noarch 0:1.44-2.el5                                              
  perl-XML-NamespaceSupport.noarch 0:1.09-1.2.1                                 
  perl-XML-Parser.x86_64 0:2.34-6.1.2.2.1                                       
  perl-XML-RegExp.noarch 0:0.03-2.el5                                           
  perl-XML-SAX.noarch 0:0.14-8                                                  
  perl-XML-Simple.noarch 0:2.14-4.fc6                                           
  perl-libwww-perl.noarch 0:5.805-1.1.1                                         
  postgresql-libs.x86_64 0:8.1.23-5.el5_8                                       
  puretls.noarch 0:0.9b4-1.osg.el5                                              
  regexp.x86_64 0:1.4-2jpp.2                                                    
  tomcat5.x86_64 0:5.5.23-0jpp.31.el5_8                                         
  tomcat5-common-lib.x86_64 0:5.5.23-0jpp.31.el5_8                              
  tomcat5-jasper.x86_64 0:5.5.23-0jpp.31.el5_8                                  
  tomcat5-jsp-2.0-api.x86_64 0:5.5.23-0jpp.31.el5_8                             
  tomcat5-server-lib.x86_64 0:5.5.23-0jpp.31.el5_8                              
  tomcat5-servlet-2.4-api.x86_64 0:5.5.23-0jpp.31.el5_8                         
  uberftp.x86_64 0:2.6-3.osg                                                    
  vo-client.noarch 0:42-1.osg.el5                                               
  vo-client-edgmkgridmap.noarch 0:42-1.osg.el5                                  
  voms.x86_64 0:2.0.6-5.osg                                                     
  voms-clients.x86_64 0:2.0.6-5.osg                                             
  wsdl4j.x86_64 0:1.5.2-4jpp.1                                                  
  xacml.x86_64 0:1.1.1-1.2.osg.el5                                              
  xalan-j2.x86_64 0:2.7.0-6jpp.1                                                
  xerces-j2.x86_64 0:2.7.1-7jpp.2.el5_4.2                                       
  xml-commons.x86_64 0:1.3.02-0.b2.7jpp.10                                      
  xml-commons-apis.x86_64 0:1.3.02-0.b2.7jpp.10                                 
  xml-commons-resolver.x86_64 0:1.1-1jpp.12                                     

Complete!
Loaded plugins: kernel-module, priorities, rhnplugin
Excluding Packages in global exclude list
Finished
3929 packages excluded due to repository priority protections
Setting up Install Process
Resolving Dependencies
--> Running transaction check
---> Package globus-gram-job-manager-managedfork.noarch 0:0.1-1.osg set to be updated
--> Processing Dependency: globus-gram-job-manager-condor for package: globus-gram-job-manager-managedfork
--> Running transaction check
---> Package globus-gram-job-manager-condor.noarch 0:1.0-12.osg.el5 set to be updated
--> Processing Dependency: condor for package: globus-gram-job-manager-condor
--> Running transaction check
---> Package condor.x86_64 0:7.8.1-3.osg.el5 set to be updated
--> Processing Dependency: condor-classads = 7.8.1-3.osg.el5 for package: condor
--> Processing Dependency: condor-procd = 7.8.1-3.osg.el5 for package: condor
--> Processing Dependency: blahp >= 1.16.1 for package: condor
--> Processing Dependency: libclassad.so.3()(64bit) for package: condor
--> Running transaction check
---> Package blahp.x86_64 0:1.18.0.4-3.osg.el5 set to be updated
---> Package condor-classads.x86_64 0:7.8.1-3.osg.el5 set to be updated
---> Package condor-procd.x86_64 0:7.8.1-3.osg.el5 set to be updated
--> Finished Dependency Resolution
Beginning Kernel Module Plugin
Finished Kernel Module Plugin

Dependencies Resolved

================================================================================
 Package                              Arch    Version                Repository
                                                                           Size
================================================================================
Installing:
 globus-gram-job-manager-managedfork  noarch  0.1-1.osg              osg  3.2 k
Installing for dependencies:
 blahp                                x86_64  1.18.0.4-3.osg.el5     osg  706 k
 condor                               x86_64  7.8.1-3.osg.el5        osg  4.1 M
 condor-classads                      x86_64  7.8.1-3.osg.el5        osg  243 k
 condor-procd                         x86_64  7.8.1-3.osg.el5        osg   76 k
 globus-gram-job-manager-condor       noarch  1.0-12.osg.el5         osg   20 k

Transaction Summary
================================================================================
Install       6 Package(s)
Upgrade       0 Package(s)

Total download size: 5.1 M
Downloading Packages:
--------------------------------------------------------------------------------
Total                                           3.1 MB/s | 5.1 MB     00:01     
Running rpm_check_debug
Running Transaction Test
Finished Transaction Test
Transaction Test Succeeded
Running Transaction
  Installing     : condor-classads                                          1/6 
  Installing     : blahp                                                    2/6 
  Installing     : condor                                                   3/6 
  Installing     : condor-procd                                             4/6 
  Installing     : globus-gram-job-manager-condor                           5/6 
  Installing     : globus-gram-job-manager-managedfork                      6/6 

Installed:
  globus-gram-job-manager-managedfork.noarch 0:0.1-1.osg                        

Dependency Installed:
  blahp.x86_64 0:1.18.0.4-3.osg.el5                                             
  condor.x86_64 0:7.8.1-3.osg.el5                                               
  condor-classads.x86_64 0:7.8.1-3.osg.el5                                      
  condor-procd.x86_64 0:7.8.1-3.osg.el5                                         
  globus-gram-job-manager-condor.noarch 0:1.0-12.osg.el5                        

Complete!
