May 15, 2012 9:28:38 AM org.apache.catalina.core.AprLifecycleListener lifecycleEvent
INFO: The Apache Tomcat Native library which allows optimal performance in production environments was not found on the java.library.path: /usr/java/jdk1.6.0_31/jre/lib/amd64/server:/usr/java/jdk1.6.0_31/jre/lib/amd64:/usr/java/jdk1.6.0_31/jre/../lib/amd64:/usr/java/packages/lib/amd64:/usr/lib64:/lib64:/lib:/usr/lib
May 15, 2012 9:28:38 AM org.apache.commons.modeler.Registry registerComponent
SEVERE: Error registering Catalina:type=StringCache
sun.misc.InvalidJarIndexException: Invalid index
	at sun.misc.URLClassPath$JarLoader.getResource(URLClassPath.java:858)
	at sun.misc.URLClassPath$JarLoader.getResource(URLClassPath.java:765)
	at sun.misc.URLClassPath$JarLoader.findResource(URLClassPath.java:735)
	at sun.misc.URLClassPath.findResource(URLClassPath.java:146)
	at java.net.URLClassLoader$2.run(URLClassLoader.java:385)
	at java.security.AccessController.doPrivileged(Native Method)
	at java.net.URLClassLoader.findResource(URLClassLoader.java:382)
	at java.lang.ClassLoader.getResource(ClassLoader.java:1002)
	at org.apache.commons.modeler.Registry.loadDescriptors(Registry.java:895)
	at org.apache.commons.modeler.Registry.findDescriptor(Registry.java:992)
	at org.apache.commons.modeler.Registry.findManagedBean(Registry.java:696)
	at org.apache.commons.modeler.Registry.findManagedBean(Registry.java:1047)
	at org.apache.commons.modeler.Registry.registerComponent(Registry.java:859)
	at org.apache.catalina.core.StandardServer.initialize(StandardServer.java:775)
	at org.apache.catalina.startup.Catalina.load(Catalina.java:504)
	at org.apache.catalina.startup.Catalina.load(Catalina.java:524)
	at sun.reflect.NativeMethodAccessorImpl.invoke0(Native Method)
	at sun.reflect.NativeMethodAccessorImpl.invoke(NativeMethodAccessorImpl.java:39)
	at sun.reflect.DelegatingMethodAccessorImpl.invoke(DelegatingMethodAccessorImpl.java:25)
	at java.lang.reflect.Method.invoke(Method.java:597)
	at org.apache.catalina.startup.Bootstrap.load(Bootstrap.java:267)
	at org.apache.catalina.startup.Bootstrap.main(Bootstrap.java:432)
May 15, 2012 9:28:38 AM org.apache.catalina.core.StandardServer initialize
SEVERE: Error registering 
sun.misc.InvalidJarIndexException: Invalid index
	at sun.misc.URLClassPath$JarLoader.getResource(URLClassPath.java:858)
	at sun.misc.URLClassPath$JarLoader.getResource(URLClassPath.java:765)
	at sun.misc.URLClassPath$JarLoader.findResource(URLClassPath.java:735)
	at sun.misc.URLClassPath.findResource(URLClassPath.java:146)
	at java.net.URLClassLoader$2.run(URLClassLoader.java:385)
	at java.security.AccessController.doPrivileged(Native Method)
	at java.net.URLClassLoader.findResource(URLClassLoader.java:382)
	at java.lang.ClassLoader.getResource(ClassLoader.java:1002)
	at org.apache.commons.modeler.Registry.loadDescriptors(Registry.java:895)
	at org.apache.commons.modeler.Registry.findDescriptor(Registry.java:992)
	at org.apache.commons.modeler.Registry.findManagedBean(Registry.java:696)
	at org.apache.commons.modeler.Registry.findManagedBean(Registry.java:1047)
	at org.apache.commons.modeler.Registry.registerComponent(Registry.java:859)
	at org.apache.catalina.core.StandardServer.initialize(StandardServer.java:775)
	at org.apache.catalina.startup.Catalina.load(Catalina.java:504)
	at org.apache.catalina.startup.Catalina.load(Catalina.java:524)
	at sun.reflect.NativeMethodAccessorImpl.invoke0(Native Method)
	at sun.reflect.NativeMethodAccessorImpl.invoke(NativeMethodAccessorImpl.java:39)
	at sun.reflect.DelegatingMethodAccessorImpl.invoke(DelegatingMethodAccessorImpl.java:25)
	at java.lang.reflect.Method.invoke(Method.java:597)
	at org.apache.catalina.startup.Bootstrap.load(Bootstrap.java:267)
	at org.apache.catalina.startup.Bootstrap.main(Bootstrap.java:432)
May 15, 2012 9:28:38 AM org.apache.coyote.http11.Http11BaseProtocol init
INFO: Initializing Coyote HTTP/1.1 on http-8080
May 15, 2012 9:28:38 AM org.apache.catalina.startup.Catalina load
INFO: Initialization processed in 436 ms
May 15, 2012 9:28:38 AM org.apache.catalina.core.StandardService start
INFO: Starting service Catalina
May 15, 2012 9:28:38 AM org.apache.catalina.core.StandardEngine start
INFO: Starting Servlet Engine: Apache Tomcat/5.5.23
May 15, 2012 9:28:38 AM org.apache.catalina.core.StandardHost start
INFO: XML validation disabled
- Initializing VOMS certificate store from directory: /etc/grid-security/vomsdir
- VOMS store initialized
May 15, 2012 9:28:39 AM org.apache.commons.modeler.Registry registerComponent
SEVERE: Error registering Catalina:type=ProtocolHandler,port=8080
sun.misc.InvalidJarIndexException: Invalid index
	at sun.misc.URLClassPath$JarLoader.getResource(URLClassPath.java:858)
	at sun.misc.URLClassPath$JarLoader.getResource(URLClassPath.java:765)
	at sun.misc.URLClassPath$JarLoader.findResource(URLClassPath.java:735)
	at sun.misc.URLClassPath.findResource(URLClassPath.java:146)
	at java.net.URLClassLoader$2.run(URLClassLoader.java:385)
	at java.security.AccessController.doPrivileged(Native Method)
	at java.net.URLClassLoader.findResource(URLClassLoader.java:382)
	at java.lang.ClassLoader.getResource(ClassLoader.java:1002)
	at org.apache.commons.modeler.Registry.loadDescriptors(Registry.java:895)
	at org.apache.commons.modeler.Registry.findDescriptor(Registry.java:992)
	at org.apache.commons.modeler.Registry.findManagedBean(Registry.java:696)
	at org.apache.commons.modeler.Registry.findManagedBean(Registry.java:1047)
	at org.apache.commons.modeler.Registry.registerComponent(Registry.java:859)
	at org.apache.catalina.connector.Connector.start(Connector.java:1077)
	at org.apache.catalina.core.StandardService.start(StandardService.java:457)
	at org.apache.catalina.core.StandardServer.start(StandardServer.java:700)
	at org.apache.catalina.startup.Catalina.start(Catalina.java:552)
	at sun.reflect.NativeMethodAccessorImpl.invoke0(Native Method)
	at sun.reflect.NativeMethodAccessorImpl.invoke(NativeMethodAccessorImpl.java:39)
	at sun.reflect.DelegatingMethodAccessorImpl.invoke(DelegatingMethodAccessorImpl.java:25)
	at java.lang.reflect.Method.invoke(Method.java:597)
	at org.apache.catalina.startup.Bootstrap.start(Bootstrap.java:295)
	at org.apache.catalina.startup.Bootstrap.main(Bootstrap.java:433)
May 15, 2012 9:28:39 AM org.apache.catalina.connector.Connector start
SEVERE: Protocol JMX registration failed
sun.misc.InvalidJarIndexException: Invalid index
	at sun.misc.URLClassPath$JarLoader.getResource(URLClassPath.java:858)
	at sun.misc.URLClassPath$JarLoader.getResource(URLClassPath.java:765)
	at sun.misc.URLClassPath$JarLoader.findResource(URLClassPath.java:735)
	at sun.misc.URLClassPath.findResource(URLClassPath.java:146)
	at java.net.URLClassLoader$2.run(URLClassLoader.java:385)
	at java.security.AccessController.doPrivileged(Native Method)
	at java.net.URLClassLoader.findResource(URLClassLoader.java:382)
	at java.lang.ClassLoader.getResource(ClassLoader.java:1002)
	at org.apache.commons.modeler.Registry.loadDescriptors(Registry.java:895)
	at org.apache.commons.modeler.Registry.findDescriptor(Registry.java:992)
	at org.apache.commons.modeler.Registry.findManagedBean(Registry.java:696)
	at org.apache.commons.modeler.Registry.findManagedBean(Registry.java:1047)
	at org.apache.commons.modeler.Registry.registerComponent(Registry.java:859)
	at org.apache.catalina.connector.Connector.start(Connector.java:1077)
	at org.apache.catalina.core.StandardService.start(StandardService.java:457)
	at org.apache.catalina.core.StandardServer.start(StandardServer.java:700)
	at org.apache.catalina.startup.Catalina.start(Catalina.java:552)
	at sun.reflect.NativeMethodAccessorImpl.invoke0(Native Method)
	at sun.reflect.NativeMethodAccessorImpl.invoke(NativeMethodAccessorImpl.java:39)
	at sun.reflect.DelegatingMethodAccessorImpl.invoke(DelegatingMethodAccessorImpl.java:25)
	at java.lang.reflect.Method.invoke(Method.java:597)
	at org.apache.catalina.startup.Bootstrap.start(Bootstrap.java:295)
	at org.apache.catalina.startup.Bootstrap.main(Bootstrap.java:433)
May 15, 2012 9:28:39 AM org.apache.coyote.http11.Http11BaseProtocol start
INFO: Starting Coyote HTTP/1.1 on http-8080
May 15, 2012 9:28:39 AM org.apache.catalina.connector.MapperListener init
INFO: Registering Hosts
May 15, 2012 9:28:39 AM org.apache.catalina.connector.MapperListener init
INFO: Registering WebModule Contexts
May 15, 2012 9:28:39 AM org.apache.catalina.connector.MapperListener init
INFO: Registering Servlets
May 15, 2012 9:28:39 AM org.apache.commons.modeler.Registry registerComponent
SEVERE: Error registering Catalina:type=ProtocolHandler,port=8009
sun.misc.InvalidJarIndexException: Invalid index
	at sun.misc.URLClassPath$JarLoader.getResource(URLClassPath.java:858)
	at sun.misc.URLClassPath$JarLoader.getResource(URLClassPath.java:765)
	at sun.misc.URLClassPath$JarLoader.findResource(URLClassPath.java:735)
	at sun.misc.URLClassPath.findResource(URLClassPath.java:146)
	at java.net.URLClassLoader$2.run(URLClassLoader.java:385)
	at java.security.AccessController.doPrivileged(Native Method)
	at java.net.URLClassLoader.findResource(URLClassLoader.java:382)
	at java.lang.ClassLoader.getResource(ClassLoader.java:1002)
	at org.apache.commons.modeler.Registry.loadDescriptors(Registry.java:895)
	at org.apache.commons.modeler.Registry.findDescriptor(Registry.java:992)
	at org.apache.commons.modeler.Registry.findManagedBean(Registry.java:696)
	at org.apache.commons.modeler.Registry.findManagedBean(Registry.java:1047)
	at org.apache.commons.modeler.Registry.registerComponent(Registry.java:859)
	at org.apache.catalina.connector.Connector.start(Connector.java:1077)
	at org.apache.catalina.core.StandardService.start(StandardService.java:457)
	at org.apache.catalina.core.StandardServer.start(StandardServer.java:700)
	at org.apache.catalina.startup.Catalina.start(Catalina.java:552)
	at sun.reflect.NativeMethodAccessorImpl.invoke0(Native Method)
	at sun.reflect.NativeMethodAccessorImpl.invoke(NativeMethodAccessorImpl.java:39)
	at sun.reflect.DelegatingMethodAccessorImpl.invoke(DelegatingMethodAccessorImpl.java:25)
	at java.lang.reflect.Method.invoke(Method.java:597)
	at org.apache.catalina.startup.Bootstrap.start(Bootstrap.java:295)
	at org.apache.catalina.startup.Bootstrap.main(Bootstrap.java:433)
May 15, 2012 9:28:39 AM org.apache.catalina.connector.Connector start
SEVERE: Protocol JMX registration failed
sun.misc.InvalidJarIndexException: Invalid index
	at sun.misc.URLClassPath$JarLoader.getResource(URLClassPath.java:858)
	at sun.misc.URLClassPath$JarLoader.getResource(URLClassPath.java:765)
	at sun.misc.URLClassPath$JarLoader.findResource(URLClassPath.java:735)
	at sun.misc.URLClassPath.findResource(URLClassPath.java:146)
	at java.net.URLClassLoader$2.run(URLClassLoader.java:385)
	at java.security.AccessController.doPrivileged(Native Method)
	at java.net.URLClassLoader.findResource(URLClassLoader.java:382)
	at java.lang.ClassLoader.getResource(ClassLoader.java:1002)
	at org.apache.commons.modeler.Registry.loadDescriptors(Registry.java:895)
	at org.apache.commons.modeler.Registry.findDescriptor(Registry.java:992)
	at org.apache.commons.modeler.Registry.findManagedBean(Registry.java:696)
	at org.apache.commons.modeler.Registry.findManagedBean(Registry.java:1047)
	at org.apache.commons.modeler.Registry.registerComponent(Registry.java:859)
	at org.apache.catalina.connector.Connector.start(Connector.java:1077)
	at org.apache.catalina.core.StandardService.start(StandardService.java:457)
	at org.apache.catalina.core.StandardServer.start(StandardServer.java:700)
	at org.apache.catalina.startup.Catalina.start(Catalina.java:552)
	at sun.reflect.NativeMethodAccessorImpl.invoke0(Native Method)
	at sun.reflect.NativeMethodAccessorImpl.invoke(NativeMethodAccessorImpl.java:39)
	at sun.reflect.DelegatingMethodAccessorImpl.invoke(DelegatingMethodAccessorImpl.java:25)
	at java.lang.reflect.Method.invoke(Method.java:597)
	at org.apache.catalina.startup.Bootstrap.start(Bootstrap.java:295)
	at org.apache.catalina.startup.Bootstrap.main(Bootstrap.java:433)
May 15, 2012 9:28:39 AM org.apache.jk.common.ChannelSocket init
INFO: JK: ajp13 listening on /0.0.0.0:8009
May 15, 2012 9:28:39 AM org.apache.jk.server.JkMain start
INFO: Jk running ID=0 time=0/18  config=null
May 15, 2012 9:28:39 AM org.apache.catalina.connector.MapperListener init
INFO: Registering Hosts
May 15, 2012 9:28:39 AM org.apache.catalina.connector.MapperListener init
INFO: Registering WebModule Contexts
May 15, 2012 9:28:39 AM org.apache.catalina.connector.MapperListener init
INFO: Registering Servlets
May 15, 2012 9:28:39 AM org.apache.catalina.storeconfig.StoreLoader load
INFO: Find registry server-registry.xml at classpath resource
May 15, 2012 9:28:39 AM org.apache.catalina.startup.Catalina start
INFO: Server startup in 1503 ms

Session terminated, killing shell... ...killed.

Session terminated, killing shell... ...killed.
