ts=2016-01-19T15:35:16.757Z level=Console class=gov.lbl.srm.util.TSRMUtil ==> assigned event log to be: /var/log/bestman2/event.srm.log max bytes to rotate:50000000 tid=main
ts=2016-01-19T15:35:16.759Z level=Console class=gov.lbl.srm.util.TSRMUtil              no cache log tid=main
ts=2016-01-19T15:35:16.759Z level=Console class=gov.lbl.srm.util.TSRMUtil Log level is setting to:INFO tid=main
ts=2016-01-19T15:35:16.759Z level=Console class=gov.lbl.srm.util.TSRMUtil .......local file system will be accessed through sudo tid=main
ts=2016-01-19T15:35:16.759Z level=Console class=gov.lbl.srm.util.TSRMUtil        however, local _ls_ will not invoke sudo tid=main
ts=2016-01-19T15:35:16.773Z level=Console class=gov.lbl.srm.util.TSRMUtil sudo -v -S succeed. tid=main
ts=2016-01-19T15:35:16.792Z level=Console class=gov.lbl.srm.util.TSRMUtil >>>>>>>> Gateway mode specific: checkSizeWithFS tid=main
ts=2016-01-19T15:35:16.792Z level=Console class=gov.lbl.srm.util.TSRMUtil >>>>>>>> Gateway mode specific: fsConcurrency tid=main
ts=2016-01-19T15:35:16.793Z level=Console class=gov.lbl.srm.util.TSRMUtil >>>>>>>> Gateway mode specific: pathForToken tid=main
ts=2016-01-19T15:35:16.793Z level=Console class=gov.lbl.srm.util.TSRMUtil >>>>>>>> Gateway mode specific: checkSizeWithGsiftp tid=main
ts=2016-01-19T15:35:16.805Z level=Console class=gov.lbl.srm.util.TSRMUtil ## countIpAddress: loopback tid=main
ts=2016-01-19T15:35:16.806Z level=Console class=gov.lbl.srm.util.TSRMUtil ## countIpAddress: loopback tid=main
ts=2016-01-19T15:35:16.806Z level=Console class=gov.lbl.srm.util.TSRMUtil ## countIpAddress: found 0th address=ndcms.crc.nd.edu tid=main
ts=2016-01-19T15:35:16.806Z level=Console class=gov.lbl.srm.util.TSRMUtil ## found 1 host addresses tid=main
ts=2016-01-19T15:35:16.807Z level=Console class=gov.lbl.srm.util.TSRMUtil ## found assigned hostname=null tid=main
ts=2016-01-19T15:35:16.807Z level=Console class=gov.lbl.srm.util.TSRMUtil ## using local host: ndcms.crc.nd.edu as web service host. tid=main
ts=2016-01-19T15:35:16.807Z level=Console class=gov.lbl.srm.util.TSRMUtil .........assuming httpg: is the protocol to access SRM. tid=main
ts=2016-01-19T15:35:16.811Z level=Console class=gov.lbl.srm.util.TSRMUtil validate voms proxy? =false tid=main
ts=2016-01-19T15:35:16.812Z level=Info  class=gov.lbl.srm.server.TSRMHistory event=init limit=1000 entrylifetime=1800 tid=main
ts=2016-01-19T15:35:17.302Z level=Console class=gov.lbl.srm.util.TSRMUtil BeStMan is now using gridmap file: /etc/grid-security/grid-mapfile tid=main
ts=2016-01-19T15:35:17.302Z level=Console class=gov.lbl.srm.util.TSRMUtil ......[gsiftp retry options]: wait_interval(seconds)=120  max=2 tid=main
ts=2016-01-19T15:35:17.305Z level=Info  class=gov.lbl.srm.server.TSRMTxfProtocol event=parse value=gsiftp://ndcms.crc.nd.edu tid=main
ts=2016-01-19T15:35:17.306Z level=Console class=gov.lbl.srm.util.TSRMUtil ==> input: gsiftp 0th: ndcms.crc.nd.edu tid=main
ts=2016-01-19T15:35:17.306Z level=Info  class=gov.lbl.srm.server.TSRMTxfProtocol event=defaultProtocol value=gsiftp tid=main
ts=2016-01-19T15:35:17.320Z level=Console class=gov.lbl.srm.util.TSRMUtil ..............blocking access to path: / tid=main
ts=2016-01-19T15:35:17.321Z level=Console class=gov.lbl.srm.util.TSRMUtil ..............blocking access to path: /etc tid=main
ts=2016-01-19T15:35:17.321Z level=Console class=gov.lbl.srm.util.TSRMUtil ..............blocking access to path: /var tid=main
ts=2016-01-19T15:35:17.354Z level=Console class=gov.lbl.srm.util.TSRMUtil ...............allowed access to path: /scratch365/osg/bestman tid=main
ts=2016-01-19T15:35:17.354Z level=Console class=gov.lbl.srm.util.TSRMUtil ...............allowed access to path: /hadoop/store tid=main
ts=2016-01-19T15:35:17.354Z level=Info  class=gov.lbl.srm.server.Config msg="LBL SRM Server starting " tid=main
ts=2016-01-19T15:35:17.354Z level=Info  class=gov.lbl.srm.server.Config 	java.version  = 1.7.0_91 tid=main
ts=2016-01-19T15:35:17.354Z level=Info  class=gov.lbl.srm.server.Config 	java.home     = /usr/lib/jvm/java-1.7.0-openjdk-1.7.0.91.x86_64/jre tid=main
ts=2016-01-19T15:35:17.354Z level=Info  class=gov.lbl.srm.server.Config 	working dir   = /tmp tid=main
ts=2016-01-19T15:35:17.354Z level=Info  class=gov.lbl.srm.server.Config 	os name       = Linux tid=main
ts=2016-01-19T15:35:17.354Z level=Info  class=gov.lbl.srm.server.Config 	user name       = bestman tid=main
ts=2016-01-19T15:35:17.356Z level=Console class=gov.lbl.srm.util.TSRMUtil -- done with listing web service parameters -- tid=main
ts=2016-01-19T15:35:17.356Z level=Console class=gov.lbl.srm.util.TSRMUtil BeStMan: space mgt component is disabled. tid=main
ts=2016-01-19T15:35:17.356Z level=Console class=gov.lbl.srm.util.TSRMUtil [Note:] srmcacheKeywordOn is set to true automatically when space mgt is disabled. tid=main
ts=2016-01-19T15:35:17.356Z level=Console class=gov.lbl.srm.util.TSRMUtil ............ no static tokens defined for bestman tid=main
ts=2016-01-19T15:35:17.365Z level=Info  class=gov.lbl.srm.server.Config event=dcauInit value=true tid=main
ts=2016-01-19T15:35:17.365Z level=Console class=gov.lbl.srm.util.TSRMUtil .........local SRM is on: httpg://ndcms.crc.nd.edu:8443/srm/v2/server  current user:bestman tid=main
ts=2016-01-19T15:35:19.233Z level=Info  class=gov.lbl.srm.server.Config event=READLOG_ends+ tid=main
ts=2016-01-19T15:35:19.233Z level=Info  class=gov.lbl.srm.server.Config event=READLOG_ends- tid=main
ts=2016-01-19T15:35:19.233Z level=Console class=gov.lbl.srm.util.TSRMUtil ## MaxNumberOfUsers:using default value tid=main
ts=2016-01-19T15:35:19.233Z level=Console class=gov.lbl.srm.util.TSRMUtil ########## Max active accounts = 10 tid=main
ts=2016-01-19T15:35:19.233Z level=Console class=gov.lbl.srm.util.TSRMUtil ## DefaultVolatileFileLifeTimeInSeconds:using default value tid=main
ts=2016-01-19T15:35:19.234Z level=Console class=gov.lbl.srm.util.TSRMUtil ########## Default volatile File LifeTime = 1200 seconds tid=main
ts=2016-01-19T15:35:19.234Z level=Console class=gov.lbl.srm.util.TSRMUtil ######## => input: Concurrency => [40] tid=main
ts=2016-01-19T15:35:19.234Z level=Console class=gov.lbl.srm.util.TSRMUtil ########## thread pool size = 40 tid=main
ts=2016-01-19T15:35:19.234Z level=Console class=gov.lbl.srm.util.TSRMUtil ## MaxNumberOfFileRequests:using default value tid=main
ts=2016-01-19T15:35:19.234Z level=Console class=gov.lbl.srm.util.TSRMUtil ########## max file requests allowed = 10000 tid=main
ts=2016-01-19T15:35:19.234Z level=Console class=gov.lbl.srm.util.TSRMUtil ## MaxConcurrentFileTransfer:using default value tid=main
ts=2016-01-19T15:35:19.234Z level=Console class=gov.lbl.srm.util.TSRMUtil ########## max concurrent transfer limit=5 tid=main
ts=2016-01-19T15:35:19.234Z level=Console class=gov.lbl.srm.util.TSRMUtil ## InactiveTxfTimeOutInSeconds:using default value tid=main
ts=2016-01-19T15:35:19.234Z level=Console class=gov.lbl.srm.util.TSRMUtil ########## inactive transfer time out = 900 seconds tid=main
ts=2016-01-19T15:35:19.240Z level=Console class=gov.lbl.srm.util.TSRMUtil ............NO MSS tid=main
ts=2016-01-19T15:35:19.240Z level=Console class=gov.lbl.srm.util.TSRMUtil ########## desired mss connection limit=0 tid=main
ts=2016-01-19T15:35:19.240Z level=Console class=gov.lbl.srm.util.TSRMUtil == SRM is initialized ==  tid=main
ts=2016-01-19T15:49:49.362Z level=Info  class=gov.lbl.srm.server.Config event=READLOG_ends+ tid=qtp602782649-19
ts=2016-01-19T15:49:49.362Z level=Info  class=gov.lbl.srm.server.Config event=READLOG_ends- tid=qtp602782649-19
ts=2016-01-19T15:49:49.362Z level=Console class=gov.lbl.srm.util.TSRMUtil ## MaxNumberOfUsers:using default value tid=qtp602782649-19
ts=2016-01-19T15:49:49.362Z level=Console class=gov.lbl.srm.util.TSRMUtil ########## Max active accounts = 10 tid=qtp602782649-19
ts=2016-01-19T15:49:49.362Z level=Console class=gov.lbl.srm.util.TSRMUtil ## DefaultVolatileFileLifeTimeInSeconds:using default value tid=qtp602782649-19
ts=2016-01-19T15:49:49.362Z level=Console class=gov.lbl.srm.util.TSRMUtil ########## Default volatile File LifeTime = 1200 seconds tid=qtp602782649-19
ts=2016-01-19T15:49:49.362Z level=Console class=gov.lbl.srm.util.TSRMUtil ######## => input: Concurrency => [40] tid=qtp602782649-19
ts=2016-01-19T15:49:49.363Z level=Console class=gov.lbl.srm.util.TSRMUtil ########## thread pool size = 40 tid=qtp602782649-19
ts=2016-01-19T15:49:49.363Z level=Console class=gov.lbl.srm.util.TSRMUtil ## MaxNumberOfFileRequests:using default value tid=qtp602782649-19
ts=2016-01-19T15:49:49.363Z level=Console class=gov.lbl.srm.util.TSRMUtil ########## max file requests allowed = 10000 tid=qtp602782649-19
ts=2016-01-19T15:49:49.363Z level=Console class=gov.lbl.srm.util.TSRMUtil ## MaxConcurrentFileTransfer:using default value tid=qtp602782649-19
ts=2016-01-19T15:49:49.363Z level=Console class=gov.lbl.srm.util.TSRMUtil ########## max concurrent transfer limit=5 tid=qtp602782649-19
ts=2016-01-19T15:49:49.363Z level=Console class=gov.lbl.srm.util.TSRMUtil ## InactiveTxfTimeOutInSeconds:using default value tid=qtp602782649-19
ts=2016-01-19T15:49:49.363Z level=Console class=gov.lbl.srm.util.TSRMUtil ########## inactive transfer time out = 900 seconds tid=qtp602782649-19
ts=2016-01-19T15:49:49.363Z level=Console class=gov.lbl.srm.util.TSRMUtil ............NO MSS tid=qtp602782649-19
ts=2016-01-19T15:49:49.363Z level=Console class=gov.lbl.srm.util.TSRMUtil ########## desired mss connection limit=0 tid=qtp602782649-19
ts=2016-01-19T15:49:49.363Z level=Console class=gov.lbl.srm.util.TSRMUtil == SRM is initialized ==  tid=qtp602782649-19
ts=2016-01-19T15:49:49.610Z level=Console class=gov.lbl.srm.util.TSRMUtil ## reading configuration file: /etc/bestman2/conf/bestman2.rc tid=qtp602782649-19
ts=2016-01-19T15:49:49.611Z level=Console class=gov.lbl.srm.util.TSRMUtil recursive srmLs() allowd?true tid=qtp602782649-19
ts=2016-01-19T15:49:49.611Z level=Console class=gov.lbl.srm.util.TSRMUtil Checking size through FS?true, gsiftp?false tid=qtp602782649-19
ts=2016-01-19T15:49:49.611Z level=Console class=gov.lbl.srm.util.TSRMUtil Checking space token with FS?true tid=qtp602782649-19
ts=2016-01-19T15:49:49.619Z level=Info  class=gov.lbl.srm.server.TSRMServer name=LBNLSRM  JVMmaxbytes=1011875840 hashedServerTag=3587183008 tid=qtp602782649-19
ts=2016-01-19T15:49:49.625Z level=Console class=gov.lbl.srm.util.TSRMUtil ############  processing limits: ############### tid=qtp602782649-19
ts=2016-01-19T15:49:49.625Z level=Console class=gov.lbl.srm.util.TSRMUtil ############      thread pool size for requests=:40 tid=qtp602782649-19
ts=2016-01-19T15:49:49.625Z level=Console class=gov.lbl.srm.util.TSRMUtil ############      thread pool size for ls=:40 tid=qtp602782649-19
ts=2016-01-19T15:49:49.625Z level=Console class=gov.lbl.srm.util.TSRMUtil ############      msslimit        =:0 tid=qtp602782649-19
ts=2016-01-19T15:49:49.625Z level=Console class=gov.lbl.srm.util.TSRMUtil ############      disklimit       =:5 tid=qtp602782649-19
ts=2016-01-19T15:49:49.625Z level=Console class=gov.lbl.srm.util.TSRMUtil ################################################# tid=qtp602782649-19
ts=2016-01-19T15:49:49.626Z level=Info  class=gov.lbl.srm.util.TSRMThreadSitter event=wait tid=Thread-16
ts=2016-01-19T15:49:49.627Z level=Info  class=gov.lbl.srm.server.SRMGateway event=setFSAC value=40 tid=qtp602782649-19
ts=2016-01-19T15:49:49.627Z level=Info  class=gov.lbl.srm.util.TSRMHeartbeater event=heartbeat tid=Thread-17
ts=2016-01-19T15:49:49.641Z level=Info  class=gov.lbl.srm.server.TAccount event=cleanUp id=shared size=0 tid=Thread-17
ts=2016-01-19T15:49:49.646Z level=Console class=gov.lbl.srm.util.TSRMUtil => incoming [srmLs()] tid=qtp602782649-19
ts=2016-01-19T15:49:49.647Z level=Console class=gov.lbl.srm.util.TSRMUtil ### [srmLs()] tid =qtp602782649-19 tid=qtp602782649-19
ts=2016-01-19T15:49:49.647Z level=Info  class=gov.lbl.srm.impl.TSRMService event=srmLs() gssCName=/DC=com/DC=DigiCert-Grid/O=Open Science Grid/OU=People/CN=Serguei Fedorov 787 tid=qtp602782649-19
ts=2016-01-19T15:49:49.753Z level=Console class=gov.lbl.srm.util.TSRMUtil ### [srmLs] tid =qtp602782649-19 tid=qtp602782649-19
ts=2016-01-19T15:49:49.753Z level=Info  class=gov.lbl.srm.impl.TSRMService event=srmLs gssCName=/DC=com/DC=DigiCert-Grid/O=Open Science Grid/OU=People/CN=Serguei Fedorov 787 tid=qtp602782649-19
ts=2016-01-19T15:49:49.859Z level=Info  class=gov.lbl.srm.impl.TSRMService event=gGetCredentialJetty cred=null tid=qtp602782649-19
ts=2016-01-19T15:49:49.928Z level=Info  class=gov.lbl.srm.impl.TSRMService event=outcoming.SrmLs tid=qtp602782649-19
ts=2016-01-19T15:49:50.203Z level=Console class=gov.lbl.srm.util.TSRMUtil => incoming [srmPrepareToPut()] tid=qtp602782649-23
ts=2016-01-19T15:49:50.203Z level=Console class=gov.lbl.srm.util.TSRMUtil ### [srmPrepareToPut()] tid =qtp602782649-23 tid=qtp602782649-23
ts=2016-01-19T15:49:50.203Z level=Info  class=gov.lbl.srm.impl.TSRMService event=srmPrepareToPut() gssCName=/DC=com/DC=DigiCert-Grid/O=Open Science Grid/OU=People/CN=Serguei Fedorov 787 tid=qtp602782649-23
ts=2016-01-19T15:49:50.302Z level=Info  class=gov.lbl.srm.impl.TSRMService event=gGetCredentialJetty cred=null tid=qtp602782649-23
ts=2016-01-19T15:49:50.303Z level=Info  class=gov.lbl.srm.impl.TSRMService event=outcoming.SrmPrepareToPut tid=qtp602782649-23
ts=2016-01-19T15:49:51.533Z level=Console class=gov.lbl.srm.util.TSRMUtil => incoming [srmPutDone()] tid=qtp602782649-21
ts=2016-01-19T15:49:51.533Z level=Console class=gov.lbl.srm.util.TSRMUtil ### [srmPutDone()] tid =qtp602782649-21 tid=qtp602782649-21
ts=2016-01-19T15:49:51.533Z level=Info  class=gov.lbl.srm.impl.TSRMService event=srmPutDone() gssCName=/DC=com/DC=DigiCert-Grid/O=Open Science Grid/OU=People/CN=Serguei Fedorov 787 tid=qtp602782649-21
ts=2016-01-19T15:49:51.664Z level=Info  class=gov.lbl.srm.server.TSRMServer event=putDone rid=put:0 tgt=srm://ndcms.crc.nd.edu:8443/srm/v2/server?SFN=/hadoop/store/user/lannon/test.tmp tid=qtp602782649-21
ts=2016-01-19T15:49:51.664Z level=Info  class=gov.lbl.srm.impl.TSRMService event=outcoming.SrmPutDone tid=qtp602782649-21
ts=2016-01-19T15:53:05.716Z level=Info  class=gov.lbl.srm.server.TSRMServer event=incoming name=srmPing authorizationId=null tid=qtp602782649-15
ts=2016-01-19T15:53:05.719Z level=Info  class=gov.lbl.srm.server.SRMGateway compiledAt=2015-09-19T01:20:48.000Z  tid=qtp602782649-15
ts=2016-01-19T15:53:05.719Z level=Console class=gov.lbl.srm.util.TSRMUtil ### [srmPing] tid =qtp602782649-15 tid=qtp602782649-15
ts=2016-01-19T15:53:05.719Z level=Info  class=gov.lbl.srm.impl.TSRMService event=srmPing gssCName=/DC=com/DC=DigiCert-Grid/O=Open Science Grid/OU=Services/CN=rsv/ndcms.crc.nd.edu tid=qtp602782649-15
ts=2016-01-19T15:53:05.824Z level=Info  class=gov.lbl.srm.impl.TSRMService event=outcoming.srmPing tid=qtp602782649-15
ts=2016-01-19T15:54:49.643Z level=Info  class=gov.lbl.srm.util.TSRMHeartbeater event=heartbeat tid=Thread-17
ts=2016-01-19T15:54:49.643Z level=Info  class=gov.lbl.srm.server.TAccount event=cleanUp id=shared size=0 tid=Thread-17
ts=2016-01-19T15:59:49.647Z level=Info  class=gov.lbl.srm.util.TSRMHeartbeater event=heartbeat tid=Thread-17
ts=2016-01-19T15:59:49.648Z level=Info  class=gov.lbl.srm.server.TAccount event=cleanUp id=shared size=0 tid=Thread-17
ts=2016-01-19T16:04:49.649Z level=Info  class=gov.lbl.srm.util.TSRMHeartbeater event=heartbeat tid=Thread-17
ts=2016-01-19T16:04:49.650Z level=Info  class=gov.lbl.srm.server.TAccount event=cleanUp id=shared size=0 tid=Thread-17
ts=2016-01-19T16:08:11.751Z level=Console class=gov.lbl.srm.util.TSRMUtil => incoming [srmLs()] tid=qtp602782649-20
ts=2016-01-19T16:08:11.751Z level=Console class=gov.lbl.srm.util.TSRMUtil ### [srmLs()] tid =qtp602782649-20 tid=qtp602782649-20
ts=2016-01-19T16:08:11.751Z level=Info  class=gov.lbl.srm.impl.TSRMService event=srmLs() gssCName=/DC=com/DC=DigiCert-Grid/O=Open Science Grid/OU=People/CN=Serguei Fedorov 787 tid=qtp602782649-20
ts=2016-01-19T16:08:11.852Z level=Console class=gov.lbl.srm.util.TSRMUtil ### [srmLs] tid =qtp602782649-20 tid=qtp602782649-20
ts=2016-01-19T16:08:11.852Z level=Info  class=gov.lbl.srm.impl.TSRMService event=srmLs gssCName=/DC=com/DC=DigiCert-Grid/O=Open Science Grid/OU=People/CN=Serguei Fedorov 787 tid=qtp602782649-20
ts=2016-01-19T16:08:11.948Z level=Info  class=gov.lbl.srm.impl.TSRMService event=gGetCredentialJetty cred=null tid=qtp602782649-20
ts=2016-01-19T16:08:12.034Z level=Info  class=gov.lbl.srm.impl.TSRMService event=outcoming.SrmLs tid=qtp602782649-20
ts=2016-01-19T16:08:12.250Z level=Console class=gov.lbl.srm.util.TSRMUtil => incoming [srmPrepareToPut()] tid=qtp602782649-16
ts=2016-01-19T16:08:12.251Z level=Console class=gov.lbl.srm.util.TSRMUtil ### [srmPrepareToPut()] tid =qtp602782649-16 tid=qtp602782649-16
ts=2016-01-19T16:08:12.251Z level=Info  class=gov.lbl.srm.impl.TSRMService event=srmPrepareToPut() gssCName=/DC=com/DC=DigiCert-Grid/O=Open Science Grid/OU=People/CN=Serguei Fedorov 787 tid=qtp602782649-16
ts=2016-01-19T16:08:12.356Z level=Info  class=gov.lbl.srm.impl.TSRMService event=gGetCredentialJetty cred=null tid=qtp602782649-16
ts=2016-01-19T16:08:12.357Z level=Info  class=gov.lbl.srm.impl.TSRMService event=outcoming.SrmPrepareToPut tid=qtp602782649-16
ts=2016-01-19T16:08:13.599Z level=Console class=gov.lbl.srm.util.TSRMUtil => incoming [srmPutDone()] tid=qtp602782649-22
ts=2016-01-19T16:08:13.599Z level=Console class=gov.lbl.srm.util.TSRMUtil ### [srmPutDone()] tid =qtp602782649-22 tid=qtp602782649-22
ts=2016-01-19T16:08:13.599Z level=Info  class=gov.lbl.srm.impl.TSRMService event=srmPutDone() gssCName=/DC=com/DC=DigiCert-Grid/O=Open Science Grid/OU=People/CN=Serguei Fedorov 787 tid=qtp602782649-22
ts=2016-01-19T16:08:13.702Z level=Info  class=gov.lbl.srm.server.TSRMServer event=putDone rid=put:1 tgt=srm://ndcms.crc.nd.edu:8443/srm/v2/server?SFN=/hadoop/store/user/lannon/test.tmp tid=qtp602782649-22
ts=2016-01-19T16:08:13.703Z level=Info  class=gov.lbl.srm.impl.TSRMService event=outcoming.SrmPutDone tid=qtp602782649-22
ts=2016-01-19T16:09:49.651Z level=Info  class=gov.lbl.srm.util.TSRMHeartbeater event=heartbeat tid=Thread-17
ts=2016-01-19T16:09:49.651Z level=Info  class=gov.lbl.srm.server.TAccount event=cleanUp id=shared size=0 tid=Thread-17
ts=2016-01-19T16:13:05.177Z level=Info  class=gov.lbl.srm.server.TSRMServer event=incoming name=srmPing authorizationId=null tid=qtp602782649-15
ts=2016-01-19T16:13:05.177Z level=Console class=gov.lbl.srm.util.TSRMUtil ### [srmPing] tid =qtp602782649-15 tid=qtp602782649-15
ts=2016-01-19T16:13:05.178Z level=Info  class=gov.lbl.srm.impl.TSRMService event=srmPing gssCName=/DC=com/DC=DigiCert-Grid/O=Open Science Grid/OU=Services/CN=rsv/ndcms.crc.nd.edu tid=qtp602782649-15
ts=2016-01-19T16:13:05.281Z level=Info  class=gov.lbl.srm.impl.TSRMService event=outcoming.srmPing tid=qtp602782649-15
ts=2016-01-19T16:14:49.651Z level=Info  class=gov.lbl.srm.util.TSRMHeartbeater event=heartbeat tid=Thread-17
ts=2016-01-19T16:14:49.652Z level=Info  class=gov.lbl.srm.server.TAccount event=cleanUp id=shared size=0 tid=Thread-17
ts=2016-01-19T16:19:49.653Z level=Info  class=gov.lbl.srm.util.TSRMHeartbeater event=heartbeat tid=Thread-17
ts=2016-01-19T16:19:49.653Z level=Info  class=gov.lbl.srm.server.TAccount event=cleanUp id=shared size=0 tid=Thread-17
ts=2016-01-19T16:24:49.654Z level=Info  class=gov.lbl.srm.util.TSRMHeartbeater event=heartbeat tid=Thread-17
ts=2016-01-19T16:24:49.655Z level=Info  class=gov.lbl.srm.server.TAccount event=cleanUp id=shared size=0 tid=Thread-17
ts=2016-01-19T16:28:00.343Z level=Console class=gov.lbl.srm.util.TSRMUtil => incoming [srmLs()] tid=qtp602782649-17
ts=2016-01-19T16:28:00.343Z level=Console class=gov.lbl.srm.util.TSRMUtil ### [srmLs()] tid =qtp602782649-17 tid=qtp602782649-17
ts=2016-01-19T16:28:00.343Z level=Info  class=gov.lbl.srm.impl.TSRMService event=srmLs() gssCName=/DC=com/DC=DigiCert-Grid/O=Open Science Grid/OU=Services/CN=rsv/ndcms.crc.nd.edu tid=qtp602782649-17
ts=2016-01-19T16:28:00.444Z level=Console class=gov.lbl.srm.util.TSRMUtil ### [srmLs] tid =qtp602782649-17 tid=qtp602782649-17
ts=2016-01-19T16:28:00.444Z level=Info  class=gov.lbl.srm.impl.TSRMService event=srmLs gssCName=/DC=com/DC=DigiCert-Grid/O=Open Science Grid/OU=Services/CN=rsv/ndcms.crc.nd.edu tid=qtp602782649-17
ts=2016-01-19T16:28:00.566Z level=Info  class=gov.lbl.srm.impl.TSRMService event=gGetCredentialJetty cred=null tid=qtp602782649-17
ts=2016-01-19T16:28:00.570Z level=Error class=gov.lbl.srm.server.TSRMFileAccessDefault event=listAttr msg="Does not exist on disk" path=/scratch365/osg/bestman/storage-probe-test-file.1453220880.74697 tid=qtp602782649-17
ts=2016-01-19T16:28:00.570Z level=Info  class=gov.lbl.srm.impl.TSRMService event=outcoming.SrmLs tid=qtp602782649-17
ts=2016-01-19T16:28:00.581Z level=Console class=gov.lbl.srm.util.TSRMUtil => incoming [srmLs()] tid=qtp602782649-17
ts=2016-01-19T16:28:00.581Z level=Console class=gov.lbl.srm.util.TSRMUtil ### [srmLs()] tid =qtp602782649-17 tid=qtp602782649-17
ts=2016-01-19T16:28:00.581Z level=Info  class=gov.lbl.srm.impl.TSRMService event=srmLs() gssCName=/DC=com/DC=DigiCert-Grid/O=Open Science Grid/OU=Services/CN=rsv/ndcms.crc.nd.edu tid=qtp602782649-17
ts=2016-01-19T16:28:00.690Z level=Console class=gov.lbl.srm.util.TSRMUtil ### [srmLs] tid =qtp602782649-17 tid=qtp602782649-17
ts=2016-01-19T16:28:00.690Z level=Info  class=gov.lbl.srm.impl.TSRMService event=srmLs gssCName=/DC=com/DC=DigiCert-Grid/O=Open Science Grid/OU=Services/CN=rsv/ndcms.crc.nd.edu tid=qtp602782649-17
ts=2016-01-19T16:28:00.807Z level=Info  class=gov.lbl.srm.impl.TSRMService event=gGetCredentialJetty cred=null tid=qtp602782649-17
ts=2016-01-19T16:28:00.808Z level=Error class=gov.lbl.srm.server.TSRMFileAccessDefault event=listAttr msg="Does not exist on disk" path=/scratch365/osg/bestman/storage-probe-test-file.1453220880.74697 tid=qtp602782649-17
ts=2016-01-19T16:28:00.808Z level=Info  class=gov.lbl.srm.impl.TSRMService event=outcoming.SrmLs tid=qtp602782649-17
ts=2016-01-19T16:28:00.819Z level=Info  class=gov.lbl.srm.server.TSRMServer event=incoming name=srmPing authorizationId=null tid=qtp602782649-17
ts=2016-01-19T16:28:00.819Z level=Console class=gov.lbl.srm.util.TSRMUtil ### [srmPing] tid =qtp602782649-17 tid=qtp602782649-17
ts=2016-01-19T16:28:00.819Z level=Info  class=gov.lbl.srm.impl.TSRMService event=srmPing gssCName=/DC=com/DC=DigiCert-Grid/O=Open Science Grid/OU=Services/CN=rsv/ndcms.crc.nd.edu tid=qtp602782649-17
ts=2016-01-19T16:28:00.927Z level=Info  class=gov.lbl.srm.impl.TSRMService event=outcoming.srmPing tid=qtp602782649-17
ts=2016-01-19T16:28:00.939Z level=Console class=gov.lbl.srm.util.TSRMUtil => incoming [srmPrepareToPut()] tid=qtp602782649-17
ts=2016-01-19T16:28:00.940Z level=Console class=gov.lbl.srm.util.TSRMUtil ### [srmPrepareToPut()] tid =qtp602782649-17 tid=qtp602782649-17
ts=2016-01-19T16:28:00.940Z level=Info  class=gov.lbl.srm.impl.TSRMService event=srmPrepareToPut() gssCName=/DC=com/DC=DigiCert-Grid/O=Open Science Grid/OU=Services/CN=rsv/ndcms.crc.nd.edu tid=qtp602782649-17
ts=2016-01-19T16:28:01.051Z level=Info  class=gov.lbl.srm.impl.TSRMService event=gGetCredentialJetty cred=null tid=qtp602782649-17
ts=2016-01-19T16:28:01.052Z level=Info  class=gov.lbl.srm.impl.TSRMService event=outcoming.SrmPrepareToPut tid=qtp602782649-17
ts=2016-01-19T16:28:01.276Z level=Console class=gov.lbl.srm.util.TSRMUtil => incoming [srmPutDone()] tid=qtp602782649-17
ts=2016-01-19T16:28:01.277Z level=Console class=gov.lbl.srm.util.TSRMUtil ### [srmPutDone()] tid =qtp602782649-17 tid=qtp602782649-17
ts=2016-01-19T16:28:01.277Z level=Info  class=gov.lbl.srm.impl.TSRMService event=srmPutDone() gssCName=/DC=com/DC=DigiCert-Grid/O=Open Science Grid/OU=Services/CN=rsv/ndcms.crc.nd.edu tid=qtp602782649-17
ts=2016-01-19T16:28:01.383Z level=Info  class=gov.lbl.srm.server.TSRMServer event=putDone rid=put:2 tgt=srm://ndcms.crc.nd.edu:8443/srm/v2/server?SFN=/scratch365/osg/bestman/storage-probe-test-file.1453220880.74697 tid=qtp602782649-17
ts=2016-01-19T16:28:01.383Z level=Info  class=gov.lbl.srm.impl.TSRMService event=outcoming.SrmPutDone tid=qtp602782649-17
ts=2016-01-19T16:28:01.551Z level=Console class=gov.lbl.srm.util.TSRMUtil => incoming [srmLs()] tid=qtp602782649-15
ts=2016-01-19T16:28:01.551Z level=Console class=gov.lbl.srm.util.TSRMUtil ### [srmLs()] tid =qtp602782649-15 tid=qtp602782649-15
ts=2016-01-19T16:28:01.551Z level=Info  class=gov.lbl.srm.impl.TSRMService event=srmLs() gssCName=/DC=com/DC=DigiCert-Grid/O=Open Science Grid/OU=Services/CN=rsv/ndcms.crc.nd.edu tid=qtp602782649-15
ts=2016-01-19T16:28:01.657Z level=Console class=gov.lbl.srm.util.TSRMUtil ### [srmLs] tid =qtp602782649-15 tid=qtp602782649-15
ts=2016-01-19T16:28:01.658Z level=Info  class=gov.lbl.srm.impl.TSRMService event=srmLs gssCName=/DC=com/DC=DigiCert-Grid/O=Open Science Grid/OU=Services/CN=rsv/ndcms.crc.nd.edu tid=qtp602782649-15
ts=2016-01-19T16:28:01.765Z level=Info  class=gov.lbl.srm.impl.TSRMService event=gGetCredentialJetty cred=null tid=qtp602782649-15
ts=2016-01-19T16:28:01.767Z level=Info  class=gov.lbl.srm.impl.TSRMService event=outcoming.SrmLs tid=qtp602782649-15
ts=2016-01-19T16:28:01.779Z level=Info  class=gov.lbl.srm.server.TSRMServer event=incoming name=srmPing authorizationId=null tid=qtp602782649-15
ts=2016-01-19T16:28:01.779Z level=Console class=gov.lbl.srm.util.TSRMUtil ### [srmPing] tid =qtp602782649-15 tid=qtp602782649-15
ts=2016-01-19T16:28:01.779Z level=Info  class=gov.lbl.srm.impl.TSRMService event=srmPing gssCName=/DC=com/DC=DigiCert-Grid/O=Open Science Grid/OU=Services/CN=rsv/ndcms.crc.nd.edu tid=qtp602782649-15
ts=2016-01-19T16:28:01.898Z level=Info  class=gov.lbl.srm.impl.TSRMService event=outcoming.srmPing tid=qtp602782649-15
ts=2016-01-19T16:28:01.909Z level=Console class=gov.lbl.srm.util.TSRMUtil => incoming [srmPrepareToGet()] tid=qtp602782649-15
ts=2016-01-19T16:28:01.909Z level=Console class=gov.lbl.srm.util.TSRMUtil ### [srmPrepareToGet()] tid =qtp602782649-15 tid=qtp602782649-15
ts=2016-01-19T16:28:01.910Z level=Info  class=gov.lbl.srm.impl.TSRMService event=srmPrepareToGet() gssCName=/DC=com/DC=DigiCert-Grid/O=Open Science Grid/OU=Services/CN=rsv/ndcms.crc.nd.edu tid=qtp602782649-15
ts=2016-01-19T16:28:02.018Z level=Info  class=gov.lbl.srm.impl.TSRMService event=gGetCredentialJetty cred=null tid=qtp602782649-15
ts=2016-01-19T16:28:02.020Z level=Info  class=gov.lbl.srm.impl.TSRMService event=outcoming.SrmPrepareToGet tid=qtp602782649-15
ts=2016-01-19T16:28:02.226Z level=Console class=gov.lbl.srm.util.TSRMUtil => incoming [srmReleaseFiles()] tid=qtp602782649-15
ts=2016-01-19T16:28:02.226Z level=Console class=gov.lbl.srm.util.TSRMUtil ### [srmReleaseFiles()] tid =qtp602782649-15 tid=qtp602782649-15
ts=2016-01-19T16:28:02.226Z level=Info  class=gov.lbl.srm.impl.TSRMService event=srmReleaseFiles() gssCName=/DC=com/DC=DigiCert-Grid/O=Open Science Grid/OU=Services/CN=rsv/ndcms.crc.nd.edu tid=qtp602782649-15
ts=2016-01-19T16:28:02.348Z level=Info  class=gov.lbl.srm.impl.TSRMService event=outcoming.SrmReleaseFiles tid=qtp602782649-15
ts=2016-01-19T16:28:02.546Z level=Console class=gov.lbl.srm.util.TSRMUtil => incoming [srmLs()] tid=qtp602782649-18
ts=2016-01-19T16:28:02.546Z level=Console class=gov.lbl.srm.util.TSRMUtil ### [srmLs()] tid =qtp602782649-18 tid=qtp602782649-18
ts=2016-01-19T16:28:02.546Z level=Info  class=gov.lbl.srm.impl.TSRMService event=srmLs() gssCName=/DC=com/DC=DigiCert-Grid/O=Open Science Grid/OU=Services/CN=rsv/ndcms.crc.nd.edu tid=qtp602782649-18
ts=2016-01-19T16:28:02.653Z level=Console class=gov.lbl.srm.util.TSRMUtil ### [srmLs] tid =qtp602782649-18 tid=qtp602782649-18
ts=2016-01-19T16:28:02.653Z level=Info  class=gov.lbl.srm.impl.TSRMService event=srmLs gssCName=/DC=com/DC=DigiCert-Grid/O=Open Science Grid/OU=Services/CN=rsv/ndcms.crc.nd.edu tid=qtp602782649-18
ts=2016-01-19T16:28:02.777Z level=Info  class=gov.lbl.srm.impl.TSRMService event=gGetCredentialJetty cred=null tid=qtp602782649-18
ts=2016-01-19T16:28:02.778Z level=Info  class=gov.lbl.srm.impl.TSRMService event=outcoming.SrmLs tid=qtp602782649-18
ts=2016-01-19T16:28:02.947Z level=Console class=gov.lbl.srm.util.TSRMUtil => incoming [srmLs()] tid=qtp602782649-19
ts=2016-01-19T16:28:02.947Z level=Console class=gov.lbl.srm.util.TSRMUtil ### [srmLs()] tid =qtp602782649-19 tid=qtp602782649-19
ts=2016-01-19T16:28:02.947Z level=Info  class=gov.lbl.srm.impl.TSRMService event=srmLs() gssCName=/DC=com/DC=DigiCert-Grid/O=Open Science Grid/OU=Services/CN=rsv/ndcms.crc.nd.edu tid=qtp602782649-19
ts=2016-01-19T16:28:03.048Z level=Console class=gov.lbl.srm.util.TSRMUtil ### [srmLs] tid =qtp602782649-19 tid=qtp602782649-19
ts=2016-01-19T16:28:03.049Z level=Info  class=gov.lbl.srm.impl.TSRMService event=srmLs gssCName=/DC=com/DC=DigiCert-Grid/O=Open Science Grid/OU=Services/CN=rsv/ndcms.crc.nd.edu tid=qtp602782649-19
ts=2016-01-19T16:28:03.152Z level=Info  class=gov.lbl.srm.impl.TSRMService event=gGetCredentialJetty cred=null tid=qtp602782649-19
ts=2016-01-19T16:28:03.152Z level=Info  class=gov.lbl.srm.impl.TSRMService event=outcoming.SrmLs tid=qtp602782649-19
ts=2016-01-19T16:28:03.164Z level=Console class=gov.lbl.srm.util.TSRMUtil => incoming [srmRm()] tid=qtp602782649-19
ts=2016-01-19T16:28:03.165Z level=Console class=gov.lbl.srm.util.TSRMUtil ### [srmRm()] tid =qtp602782649-19 tid=qtp602782649-19
ts=2016-01-19T16:28:03.165Z level=Info  class=gov.lbl.srm.impl.TSRMService event=srmRm() gssCName=/DC=com/DC=DigiCert-Grid/O=Open Science Grid/OU=Services/CN=rsv/ndcms.crc.nd.edu tid=qtp602782649-19
ts=2016-01-19T16:28:03.285Z level=Info  class=gov.lbl.srm.impl.TSRMService event=gGetCredentialJetty cred=null tid=qtp602782649-19
ts=2016-01-19T16:28:03.285Z level=Console class=gov.lbl.srm.util.TSRMUtil ### [srmRm] tid =qtp602782649-19 tid=qtp602782649-19
ts=2016-01-19T16:28:03.285Z level=Info  class=gov.lbl.srm.impl.TSRMService event=srmRm gssCName=/DC=com/DC=DigiCert-Grid/O=Open Science Grid/OU=Services/CN=rsv/ndcms.crc.nd.edu tid=qtp602782649-19
ts=2016-01-19T16:28:03.388Z level=Console class=gov.lbl.srm.util.TSRMUtil invokeSudo=[sudo -u rsv  /bin/rm /scratch365/osg/bestman/storage-probe-test-file.1453220880.74697] tid=qtp602782649-19
ts=2016-01-19T16:28:03.400Z level=Info  class=gov.lbl.srm.impl.TSRMService event=outcoming.SrmRm tid=qtp602782649-19
ts=2016-01-19T16:29:49.656Z level=Info  class=gov.lbl.srm.util.TSRMHeartbeater event=heartbeat tid=Thread-17
ts=2016-01-19T16:29:49.656Z level=Info  class=gov.lbl.srm.server.TAccount event=cleanUp id=shared size=0 tid=Thread-17
ts=2016-01-19T16:33:05.133Z level=Info  class=gov.lbl.srm.server.TSRMServer event=incoming name=srmPing authorizationId=null tid=qtp602782649-43
ts=2016-01-19T16:33:05.133Z level=Console class=gov.lbl.srm.util.TSRMUtil ### [srmPing] tid =qtp602782649-43 tid=qtp602782649-43
ts=2016-01-19T16:33:05.133Z level=Info  class=gov.lbl.srm.impl.TSRMService event=srmPing gssCName=/DC=com/DC=DigiCert-Grid/O=Open Science Grid/OU=Services/CN=rsv/ndcms.crc.nd.edu tid=qtp602782649-43
ts=2016-01-19T16:33:05.244Z level=Info  class=gov.lbl.srm.impl.TSRMService event=outcoming.srmPing tid=qtp602782649-43
ts=2016-01-19T16:34:49.658Z level=Info  class=gov.lbl.srm.util.TSRMHeartbeater event=heartbeat tid=Thread-17
ts=2016-01-19T16:34:49.658Z level=Info  class=gov.lbl.srm.server.TAccount event=cleanUp id=shared size=0 tid=Thread-17
ts=2016-01-19T16:39:49.659Z level=Info  class=gov.lbl.srm.util.TSRMHeartbeater event=heartbeat tid=Thread-17
ts=2016-01-19T16:39:49.659Z level=Info  class=gov.lbl.srm.server.TAccount event=cleanUp id=shared size=0 tid=Thread-17
ts=2016-01-19T16:44:49.660Z level=Info  class=gov.lbl.srm.util.TSRMHeartbeater event=heartbeat tid=Thread-17
ts=2016-01-19T16:44:49.660Z level=Info  class=gov.lbl.srm.server.TAccount event=cleanUp id=shared size=0 tid=Thread-17
ts=2016-01-19T16:49:49.662Z level=Info  class=gov.lbl.srm.util.TSRMHeartbeater event=heartbeat tid=Thread-17
ts=2016-01-19T16:49:49.663Z level=Info  class=gov.lbl.srm.server.TAccount event=cleanUp id=shared size=0 tid=Thread-17
ts=2016-01-19T16:53:05.082Z level=Info  class=gov.lbl.srm.server.TSRMServer event=incoming name=srmPing authorizationId=null tid=qtp602782649-42
ts=2016-01-19T16:53:05.082Z level=Console class=gov.lbl.srm.util.TSRMUtil ### [srmPing] tid =qtp602782649-42 tid=qtp602782649-42
ts=2016-01-19T16:53:05.082Z level=Info  class=gov.lbl.srm.impl.TSRMService event=srmPing gssCName=/DC=com/DC=DigiCert-Grid/O=Open Science Grid/OU=Services/CN=rsv/ndcms.crc.nd.edu tid=qtp602782649-42
ts=2016-01-19T16:53:05.193Z level=Info  class=gov.lbl.srm.impl.TSRMService event=outcoming.srmPing tid=qtp602782649-42
ts=2016-01-19T16:54:49.663Z level=Info  class=gov.lbl.srm.util.TSRMHeartbeater event=heartbeat tid=Thread-17
ts=2016-01-19T16:54:49.663Z level=Info  class=gov.lbl.srm.server.TAccount event=cleanUp id=shared size=0 tid=Thread-17
ts=2016-01-19T16:59:49.664Z level=Info  class=gov.lbl.srm.util.TSRMHeartbeater event=heartbeat tid=Thread-17
ts=2016-01-19T16:59:49.664Z level=Info  class=gov.lbl.srm.server.TAccount event=cleanUp id=shared size=0 tid=Thread-17
ts=2016-01-19T17:04:49.665Z level=Info  class=gov.lbl.srm.util.TSRMHeartbeater event=heartbeat tid=Thread-17
ts=2016-01-19T17:04:49.665Z level=Info  class=gov.lbl.srm.server.TAccount event=cleanUp id=shared size=0 tid=Thread-17
ts=2016-01-19T17:09:49.667Z level=Info  class=gov.lbl.srm.util.TSRMHeartbeater event=heartbeat tid=Thread-17
ts=2016-01-19T17:09:49.668Z level=Info  class=gov.lbl.srm.server.TAccount event=cleanUp id=shared size=0 tid=Thread-17
ts=2016-01-19T17:13:04.724Z level=Info  class=gov.lbl.srm.server.TSRMServer event=incoming name=srmPing authorizationId=null tid=qtp602782649-44
ts=2016-01-19T17:13:04.724Z level=Console class=gov.lbl.srm.util.TSRMUtil ### [srmPing] tid =qtp602782649-44 tid=qtp602782649-44
ts=2016-01-19T17:13:04.724Z level=Info  class=gov.lbl.srm.impl.TSRMService event=srmPing gssCName=/DC=com/DC=DigiCert-Grid/O=Open Science Grid/OU=Services/CN=rsv/ndcms.crc.nd.edu tid=qtp602782649-44
ts=2016-01-19T17:13:04.823Z level=Info  class=gov.lbl.srm.impl.TSRMService event=outcoming.srmPing tid=qtp602782649-44
ts=2016-01-19T17:14:49.669Z level=Info  class=gov.lbl.srm.util.TSRMHeartbeater event=heartbeat tid=Thread-17
ts=2016-01-19T17:14:49.670Z level=Info  class=gov.lbl.srm.server.TAccount event=cleanUp id=shared size=0 tid=Thread-17
ts=2016-01-19T17:19:49.670Z level=Info  class=gov.lbl.srm.util.TSRMHeartbeater event=heartbeat tid=Thread-17
ts=2016-01-19T17:19:49.671Z level=Info  class=gov.lbl.srm.server.TAccount event=cleanUp id=shared size=0 tid=Thread-17
ts=2016-01-19T17:24:49.671Z level=Info  class=gov.lbl.srm.util.TSRMHeartbeater event=heartbeat tid=Thread-17
ts=2016-01-19T17:24:49.671Z level=Info  class=gov.lbl.srm.server.TAccount event=cleanUp id=shared size=0 tid=Thread-17
ts=2016-01-19T17:28:01.002Z level=Console class=gov.lbl.srm.util.TSRMUtil => incoming [srmLs()] tid=qtp602782649-44
ts=2016-01-19T17:28:01.002Z level=Console class=gov.lbl.srm.util.TSRMUtil ### [srmLs()] tid =qtp602782649-44 tid=qtp602782649-44
ts=2016-01-19T17:28:01.003Z level=Info  class=gov.lbl.srm.impl.TSRMService event=srmLs() gssCName=/DC=com/DC=DigiCert-Grid/O=Open Science Grid/OU=Services/CN=rsv/ndcms.crc.nd.edu tid=qtp602782649-44
ts=2016-01-19T17:28:01.101Z level=Console class=gov.lbl.srm.util.TSRMUtil ### [srmLs] tid =qtp602782649-44 tid=qtp602782649-44
ts=2016-01-19T17:28:01.101Z level=Info  class=gov.lbl.srm.impl.TSRMService event=srmLs gssCName=/DC=com/DC=DigiCert-Grid/O=Open Science Grid/OU=Services/CN=rsv/ndcms.crc.nd.edu tid=qtp602782649-44
ts=2016-01-19T17:28:01.220Z level=Info  class=gov.lbl.srm.impl.TSRMService event=gGetCredentialJetty cred=null tid=qtp602782649-44
ts=2016-01-19T17:28:01.224Z level=Error class=gov.lbl.srm.server.TSRMFileAccessDefault event=listAttr msg="Does not exist on disk" path=/scratch365/osg/bestman/storage-probe-test-file.1453224480.97252 tid=qtp602782649-44
ts=2016-01-19T17:28:01.224Z level=Info  class=gov.lbl.srm.impl.TSRMService event=outcoming.SrmLs tid=qtp602782649-44
ts=2016-01-19T17:28:01.234Z level=Console class=gov.lbl.srm.util.TSRMUtil => incoming [srmLs()] tid=qtp602782649-44
ts=2016-01-19T17:28:01.235Z level=Console class=gov.lbl.srm.util.TSRMUtil ### [srmLs()] tid =qtp602782649-44 tid=qtp602782649-44
ts=2016-01-19T17:28:01.235Z level=Info  class=gov.lbl.srm.impl.TSRMService event=srmLs() gssCName=/DC=com/DC=DigiCert-Grid/O=Open Science Grid/OU=Services/CN=rsv/ndcms.crc.nd.edu tid=qtp602782649-44
ts=2016-01-19T17:28:01.358Z level=Console class=gov.lbl.srm.util.TSRMUtil ### [srmLs] tid =qtp602782649-44 tid=qtp602782649-44
ts=2016-01-19T17:28:01.358Z level=Info  class=gov.lbl.srm.impl.TSRMService event=srmLs gssCName=/DC=com/DC=DigiCert-Grid/O=Open Science Grid/OU=Services/CN=rsv/ndcms.crc.nd.edu tid=qtp602782649-44
ts=2016-01-19T17:28:01.479Z level=Info  class=gov.lbl.srm.impl.TSRMService event=gGetCredentialJetty cred=null tid=qtp602782649-44
ts=2016-01-19T17:28:01.480Z level=Error class=gov.lbl.srm.server.TSRMFileAccessDefault event=listAttr msg="Does not exist on disk" path=/scratch365/osg/bestman/storage-probe-test-file.1453224480.97252 tid=qtp602782649-44
ts=2016-01-19T17:28:01.480Z level=Info  class=gov.lbl.srm.impl.TSRMService event=outcoming.SrmLs tid=qtp602782649-44
ts=2016-01-19T17:28:01.489Z level=Info  class=gov.lbl.srm.server.TSRMServer event=incoming name=srmPing authorizationId=null tid=qtp602782649-44
ts=2016-01-19T17:28:01.489Z level=Console class=gov.lbl.srm.util.TSRMUtil ### [srmPing] tid =qtp602782649-44 tid=qtp602782649-44
ts=2016-01-19T17:28:01.489Z level=Info  class=gov.lbl.srm.impl.TSRMService event=srmPing gssCName=/DC=com/DC=DigiCert-Grid/O=Open Science Grid/OU=Services/CN=rsv/ndcms.crc.nd.edu tid=qtp602782649-44
ts=2016-01-19T17:28:01.608Z level=Info  class=gov.lbl.srm.impl.TSRMService event=outcoming.srmPing tid=qtp602782649-44
ts=2016-01-19T17:28:01.619Z level=Console class=gov.lbl.srm.util.TSRMUtil => incoming [srmPrepareToPut()] tid=qtp602782649-44
ts=2016-01-19T17:28:01.619Z level=Console class=gov.lbl.srm.util.TSRMUtil ### [srmPrepareToPut()] tid =qtp602782649-44 tid=qtp602782649-44
ts=2016-01-19T17:28:01.620Z level=Info  class=gov.lbl.srm.impl.TSRMService event=srmPrepareToPut() gssCName=/DC=com/DC=DigiCert-Grid/O=Open Science Grid/OU=Services/CN=rsv/ndcms.crc.nd.edu tid=qtp602782649-44
ts=2016-01-19T17:28:01.739Z level=Info  class=gov.lbl.srm.impl.TSRMService event=gGetCredentialJetty cred=null tid=qtp602782649-44
ts=2016-01-19T17:28:01.739Z level=Info  class=gov.lbl.srm.impl.TSRMService event=outcoming.SrmPrepareToPut tid=qtp602782649-44
ts=2016-01-19T17:28:01.916Z level=Console class=gov.lbl.srm.util.TSRMUtil => incoming [srmPutDone()] tid=qtp602782649-44
ts=2016-01-19T17:28:01.916Z level=Console class=gov.lbl.srm.util.TSRMUtil ### [srmPutDone()] tid =qtp602782649-44 tid=qtp602782649-44
ts=2016-01-19T17:28:01.916Z level=Info  class=gov.lbl.srm.impl.TSRMService event=srmPutDone() gssCName=/DC=com/DC=DigiCert-Grid/O=Open Science Grid/OU=Services/CN=rsv/ndcms.crc.nd.edu tid=qtp602782649-44
ts=2016-01-19T17:28:02.021Z level=Info  class=gov.lbl.srm.server.TSRMServer event=putDone rid=put:4 tgt=srm://ndcms.crc.nd.edu:8443/srm/v2/server?SFN=/scratch365/osg/bestman/storage-probe-test-file.1453224480.97252 tid=qtp602782649-44
ts=2016-01-19T17:28:02.021Z level=Info  class=gov.lbl.srm.impl.TSRMService event=outcoming.SrmPutDone tid=qtp602782649-44
ts=2016-01-19T17:28:02.198Z level=Console class=gov.lbl.srm.util.TSRMUtil => incoming [srmLs()] tid=qtp602782649-47
ts=2016-01-19T17:28:02.198Z level=Console class=gov.lbl.srm.util.TSRMUtil ### [srmLs()] tid =qtp602782649-47 tid=qtp602782649-47
ts=2016-01-19T17:28:02.199Z level=Info  class=gov.lbl.srm.impl.TSRMService event=srmLs() gssCName=/DC=com/DC=DigiCert-Grid/O=Open Science Grid/OU=Services/CN=rsv/ndcms.crc.nd.edu tid=qtp602782649-47
ts=2016-01-19T17:28:02.320Z level=Console class=gov.lbl.srm.util.TSRMUtil ### [srmLs] tid =qtp602782649-47 tid=qtp602782649-47
ts=2016-01-19T17:28:02.320Z level=Info  class=gov.lbl.srm.impl.TSRMService event=srmLs gssCName=/DC=com/DC=DigiCert-Grid/O=Open Science Grid/OU=Services/CN=rsv/ndcms.crc.nd.edu tid=qtp602782649-47
ts=2016-01-19T17:28:02.439Z level=Info  class=gov.lbl.srm.impl.TSRMService event=gGetCredentialJetty cred=null tid=qtp602782649-47
ts=2016-01-19T17:28:02.440Z level=Info  class=gov.lbl.srm.impl.TSRMService event=outcoming.SrmLs tid=qtp602782649-47
ts=2016-01-19T17:28:02.452Z level=Info  class=gov.lbl.srm.server.TSRMServer event=incoming name=srmPing authorizationId=null tid=qtp602782649-47
ts=2016-01-19T17:28:02.452Z level=Console class=gov.lbl.srm.util.TSRMUtil ### [srmPing] tid =qtp602782649-47 tid=qtp602782649-47
ts=2016-01-19T17:28:02.452Z level=Info  class=gov.lbl.srm.impl.TSRMService event=srmPing gssCName=/DC=com/DC=DigiCert-Grid/O=Open Science Grid/OU=Services/CN=rsv/ndcms.crc.nd.edu tid=qtp602782649-47
ts=2016-01-19T17:28:02.562Z level=Info  class=gov.lbl.srm.impl.TSRMService event=outcoming.srmPing tid=qtp602782649-47
ts=2016-01-19T17:28:02.572Z level=Console class=gov.lbl.srm.util.TSRMUtil => incoming [srmPrepareToGet()] tid=qtp602782649-47
ts=2016-01-19T17:28:02.572Z level=Console class=gov.lbl.srm.util.TSRMUtil ### [srmPrepareToGet()] tid =qtp602782649-47 tid=qtp602782649-47
ts=2016-01-19T17:28:02.572Z level=Info  class=gov.lbl.srm.impl.TSRMService event=srmPrepareToGet() gssCName=/DC=com/DC=DigiCert-Grid/O=Open Science Grid/OU=Services/CN=rsv/ndcms.crc.nd.edu tid=qtp602782649-47
ts=2016-01-19T17:28:02.690Z level=Info  class=gov.lbl.srm.impl.TSRMService event=gGetCredentialJetty cred=null tid=qtp602782649-47
ts=2016-01-19T17:28:02.691Z level=Info  class=gov.lbl.srm.impl.TSRMService event=outcoming.SrmPrepareToGet tid=qtp602782649-47
ts=2016-01-19T17:28:02.873Z level=Console class=gov.lbl.srm.util.TSRMUtil => incoming [srmReleaseFiles()] tid=qtp602782649-47
ts=2016-01-19T17:28:02.873Z level=Console class=gov.lbl.srm.util.TSRMUtil ### [srmReleaseFiles()] tid =qtp602782649-47 tid=qtp602782649-47
ts=2016-01-19T17:28:02.873Z level=Info  class=gov.lbl.srm.impl.TSRMService event=srmReleaseFiles() gssCName=/DC=com/DC=DigiCert-Grid/O=Open Science Grid/OU=Services/CN=rsv/ndcms.crc.nd.edu tid=qtp602782649-47
ts=2016-01-19T17:28:02.976Z level=Info  class=gov.lbl.srm.impl.TSRMService event=outcoming.SrmReleaseFiles tid=qtp602782649-47
ts=2016-01-19T17:28:03.148Z level=Console class=gov.lbl.srm.util.TSRMUtil => incoming [srmLs()] tid=qtp602782649-23
ts=2016-01-19T17:28:03.149Z level=Console class=gov.lbl.srm.util.TSRMUtil ### [srmLs()] tid =qtp602782649-23 tid=qtp602782649-23
ts=2016-01-19T17:28:03.149Z level=Info  class=gov.lbl.srm.impl.TSRMService event=srmLs() gssCName=/DC=com/DC=DigiCert-Grid/O=Open Science Grid/OU=Services/CN=rsv/ndcms.crc.nd.edu tid=qtp602782649-23
ts=2016-01-19T17:28:03.266Z level=Console class=gov.lbl.srm.util.TSRMUtil ### [srmLs] tid =qtp602782649-23 tid=qtp602782649-23
ts=2016-01-19T17:28:03.266Z level=Info  class=gov.lbl.srm.impl.TSRMService event=srmLs gssCName=/DC=com/DC=DigiCert-Grid/O=Open Science Grid/OU=Services/CN=rsv/ndcms.crc.nd.edu tid=qtp602782649-23
ts=2016-01-19T17:28:03.373Z level=Info  class=gov.lbl.srm.impl.TSRMService event=gGetCredentialJetty cred=null tid=qtp602782649-23
ts=2016-01-19T17:28:03.373Z level=Info  class=gov.lbl.srm.impl.TSRMService event=outcoming.SrmLs tid=qtp602782649-23
ts=2016-01-19T17:28:03.552Z level=Console class=gov.lbl.srm.util.TSRMUtil => incoming [srmLs()] tid=qtp602782649-38
ts=2016-01-19T17:28:03.552Z level=Console class=gov.lbl.srm.util.TSRMUtil ### [srmLs()] tid =qtp602782649-38 tid=qtp602782649-38
ts=2016-01-19T17:28:03.552Z level=Info  class=gov.lbl.srm.impl.TSRMService event=srmLs() gssCName=/DC=com/DC=DigiCert-Grid/O=Open Science Grid/OU=Services/CN=rsv/ndcms.crc.nd.edu tid=qtp602782649-38
ts=2016-01-19T17:28:03.662Z level=Console class=gov.lbl.srm.util.TSRMUtil ### [srmLs] tid =qtp602782649-38 tid=qtp602782649-38
ts=2016-01-19T17:28:03.663Z level=Info  class=gov.lbl.srm.impl.TSRMService event=srmLs gssCName=/DC=com/DC=DigiCert-Grid/O=Open Science Grid/OU=Services/CN=rsv/ndcms.crc.nd.edu tid=qtp602782649-38
ts=2016-01-19T17:28:03.777Z level=Info  class=gov.lbl.srm.impl.TSRMService event=gGetCredentialJetty cred=null tid=qtp602782649-38
ts=2016-01-19T17:28:03.778Z level=Info  class=gov.lbl.srm.impl.TSRMService event=outcoming.SrmLs tid=qtp602782649-38
ts=2016-01-19T17:28:03.790Z level=Console class=gov.lbl.srm.util.TSRMUtil => incoming [srmRm()] tid=qtp602782649-38
ts=2016-01-19T17:28:03.791Z level=Console class=gov.lbl.srm.util.TSRMUtil ### [srmRm()] tid =qtp602782649-38 tid=qtp602782649-38
ts=2016-01-19T17:28:03.791Z level=Info  class=gov.lbl.srm.impl.TSRMService event=srmRm() gssCName=/DC=com/DC=DigiCert-Grid/O=Open Science Grid/OU=Services/CN=rsv/ndcms.crc.nd.edu tid=qtp602782649-38
ts=2016-01-19T17:28:03.906Z level=Info  class=gov.lbl.srm.impl.TSRMService event=gGetCredentialJetty cred=null tid=qtp602782649-38
ts=2016-01-19T17:28:03.906Z level=Console class=gov.lbl.srm.util.TSRMUtil ### [srmRm] tid =qtp602782649-38 tid=qtp602782649-38
ts=2016-01-19T17:28:03.906Z level=Info  class=gov.lbl.srm.impl.TSRMService event=srmRm gssCName=/DC=com/DC=DigiCert-Grid/O=Open Science Grid/OU=Services/CN=rsv/ndcms.crc.nd.edu tid=qtp602782649-38
ts=2016-01-19T17:28:04.017Z level=Console class=gov.lbl.srm.util.TSRMUtil invokeSudo=[sudo -u rsv  /bin/rm /scratch365/osg/bestman/storage-probe-test-file.1453224480.97252] tid=qtp602782649-38
ts=2016-01-19T17:28:04.028Z level=Info  class=gov.lbl.srm.impl.TSRMService event=outcoming.SrmRm tid=qtp602782649-38
ts=2016-01-19T17:29:49.672Z level=Info  class=gov.lbl.srm.util.TSRMHeartbeater event=heartbeat tid=Thread-17
ts=2016-01-19T17:29:49.673Z level=Info  class=gov.lbl.srm.server.TAccount event=cleanUp id=shared size=0 tid=Thread-17
ts=2016-01-19T17:33:04.847Z level=Info  class=gov.lbl.srm.server.TSRMServer event=incoming name=srmPing authorizationId=null tid=qtp602782649-47
ts=2016-01-19T17:33:04.847Z level=Console class=gov.lbl.srm.util.TSRMUtil ### [srmPing] tid =qtp602782649-47 tid=qtp602782649-47
ts=2016-01-19T17:33:04.847Z level=Info  class=gov.lbl.srm.impl.TSRMService event=srmPing gssCName=/DC=com/DC=DigiCert-Grid/O=Open Science Grid/OU=Services/CN=rsv/ndcms.crc.nd.edu tid=qtp602782649-47
ts=2016-01-19T17:33:04.956Z level=Info  class=gov.lbl.srm.impl.TSRMService event=outcoming.srmPing tid=qtp602782649-47
ts=2016-01-19T17:34:49.674Z level=Info  class=gov.lbl.srm.util.TSRMHeartbeater event=heartbeat tid=Thread-17
ts=2016-01-19T17:34:49.675Z level=Info  class=gov.lbl.srm.server.TAccount event=cleanUp id=shared size=0 tid=Thread-17
ts=2016-01-19T17:39:49.676Z level=Info  class=gov.lbl.srm.util.TSRMHeartbeater event=heartbeat tid=Thread-17
ts=2016-01-19T17:39:49.676Z level=Info  class=gov.lbl.srm.server.TAccount event=cleanUp id=shared size=0 tid=Thread-17
ts=2016-01-19T17:44:49.678Z level=Info  class=gov.lbl.srm.util.TSRMHeartbeater event=heartbeat tid=Thread-17
ts=2016-01-19T17:44:49.678Z level=Info  class=gov.lbl.srm.server.TAccount event=cleanUp id=shared size=0 tid=Thread-17
ts=2016-01-19T17:49:49.680Z level=Info  class=gov.lbl.srm.util.TSRMHeartbeater event=heartbeat tid=Thread-17
ts=2016-01-19T17:49:49.680Z level=Info  class=gov.lbl.srm.server.TAccount event=cleanUp id=shared size=0 tid=Thread-17
ts=2016-01-19T17:53:05.607Z level=Info  class=gov.lbl.srm.server.TSRMServer event=incoming name=srmPing authorizationId=null tid=qtp602782649-45
ts=2016-01-19T17:53:05.607Z level=Console class=gov.lbl.srm.util.TSRMUtil ### [srmPing] tid =qtp602782649-45 tid=qtp602782649-45
ts=2016-01-19T17:53:05.607Z level=Info  class=gov.lbl.srm.impl.TSRMService event=srmPing gssCName=/DC=com/DC=DigiCert-Grid/O=Open Science Grid/OU=Services/CN=rsv/ndcms.crc.nd.edu tid=qtp602782649-45
ts=2016-01-19T17:53:05.712Z level=Info  class=gov.lbl.srm.impl.TSRMService event=outcoming.srmPing tid=qtp602782649-45
ts=2016-01-19T17:54:49.682Z level=Info  class=gov.lbl.srm.util.TSRMHeartbeater event=heartbeat tid=Thread-17
ts=2016-01-19T17:54:49.682Z level=Info  class=gov.lbl.srm.server.TAccount event=cleanUp id=shared size=0 tid=Thread-17
ts=2016-01-19T17:59:49.683Z level=Info  class=gov.lbl.srm.util.TSRMHeartbeater event=heartbeat tid=Thread-17
ts=2016-01-19T17:59:49.683Z level=Info  class=gov.lbl.srm.server.TAccount event=cleanUp id=shared size=0 tid=Thread-17
ts=2016-01-19T18:04:49.685Z level=Info  class=gov.lbl.srm.util.TSRMHeartbeater event=heartbeat tid=Thread-17
ts=2016-01-19T18:04:49.685Z level=Info  class=gov.lbl.srm.server.TAccount event=cleanUp id=shared size=0 tid=Thread-17
ts=2016-01-19T18:09:49.686Z level=Info  class=gov.lbl.srm.util.TSRMHeartbeater event=heartbeat tid=Thread-17
ts=2016-01-19T18:09:49.686Z level=Info  class=gov.lbl.srm.server.TAccount event=cleanUp id=shared size=0 tid=Thread-17
ts=2016-01-19T18:13:05.279Z level=Info  class=gov.lbl.srm.server.TSRMServer event=incoming name=srmPing authorizationId=null tid=qtp602782649-44
ts=2016-01-19T18:13:05.279Z level=Console class=gov.lbl.srm.util.TSRMUtil ### [srmPing] tid =qtp602782649-44 tid=qtp602782649-44
ts=2016-01-19T18:13:05.279Z level=Info  class=gov.lbl.srm.impl.TSRMService event=srmPing gssCName=/DC=com/DC=DigiCert-Grid/O=Open Science Grid/OU=Services/CN=rsv/ndcms.crc.nd.edu tid=qtp602782649-44
ts=2016-01-19T18:13:05.379Z level=Info  class=gov.lbl.srm.impl.TSRMService event=outcoming.srmPing tid=qtp602782649-44
ts=2016-01-19T18:14:49.687Z level=Info  class=gov.lbl.srm.util.TSRMHeartbeater event=heartbeat tid=Thread-17
ts=2016-01-19T18:14:49.688Z level=Info  class=gov.lbl.srm.server.TAccount event=cleanUp id=shared size=0 tid=Thread-17
ts=2016-01-19T18:18:49.448Z level=Console class=gov.lbl.srm.util.TSRMUtil => incoming [srmLs()] tid=qtp602782649-23
ts=2016-01-19T18:18:49.449Z level=Console class=gov.lbl.srm.util.TSRMUtil ### [srmLs()] tid =qtp602782649-23 tid=qtp602782649-23
ts=2016-01-19T18:18:49.449Z level=Info  class=gov.lbl.srm.impl.TSRMService event=srmLs() gssCName=/DC=com/DC=DigiCert-Grid/O=Open Science Grid/OU=People/CN=Serguei Fedorov 787 tid=qtp602782649-23
ts=2016-01-19T18:18:49.548Z level=Console class=gov.lbl.srm.util.TSRMUtil ### [srmLs] tid =qtp602782649-23 tid=qtp602782649-23
ts=2016-01-19T18:18:49.548Z level=Info  class=gov.lbl.srm.impl.TSRMService event=srmLs gssCName=/DC=com/DC=DigiCert-Grid/O=Open Science Grid/OU=People/CN=Serguei Fedorov 787 tid=qtp602782649-23
ts=2016-01-19T18:18:49.664Z level=Info  class=gov.lbl.srm.impl.TSRMService event=gGetCredentialJetty cred=null tid=qtp602782649-23
ts=2016-01-19T18:18:49.749Z level=Info  class=gov.lbl.srm.impl.TSRMService event=outcoming.SrmLs tid=qtp602782649-23
ts=2016-01-19T18:18:49.950Z level=Console class=gov.lbl.srm.util.TSRMUtil => incoming [srmPrepareToPut()] tid=qtp602782649-38
ts=2016-01-19T18:18:49.950Z level=Console class=gov.lbl.srm.util.TSRMUtil ### [srmPrepareToPut()] tid =qtp602782649-38 tid=qtp602782649-38
ts=2016-01-19T18:18:49.950Z level=Info  class=gov.lbl.srm.impl.TSRMService event=srmPrepareToPut() gssCName=/DC=com/DC=DigiCert-Grid/O=Open Science Grid/OU=People/CN=Serguei Fedorov 787 tid=qtp602782649-38
ts=2016-01-19T18:18:50.049Z level=Info  class=gov.lbl.srm.impl.TSRMService event=gGetCredentialJetty cred=null tid=qtp602782649-38
ts=2016-01-19T18:18:50.050Z level=Info  class=gov.lbl.srm.impl.TSRMService event=outcoming.SrmPrepareToPut tid=qtp602782649-38
ts=2016-01-19T18:18:51.258Z level=Console class=gov.lbl.srm.util.TSRMUtil => incoming [srmPutDone()] tid=qtp602782649-47
ts=2016-01-19T18:18:51.258Z level=Console class=gov.lbl.srm.util.TSRMUtil ### [srmPutDone()] tid =qtp602782649-47 tid=qtp602782649-47
ts=2016-01-19T18:18:51.258Z level=Info  class=gov.lbl.srm.impl.TSRMService event=srmPutDone() gssCName=/DC=com/DC=DigiCert-Grid/O=Open Science Grid/OU=People/CN=Serguei Fedorov 787 tid=qtp602782649-47
ts=2016-01-19T18:18:51.372Z level=Info  class=gov.lbl.srm.server.TSRMServer event=putDone rid=put:6 tgt=srm://ndcms.crc.nd.edu:8443/srm/v2/server?SFN=/hadoop/store/user/lannon/test.tmp tid=qtp602782649-47
ts=2016-01-19T18:18:51.372Z level=Info  class=gov.lbl.srm.impl.TSRMService event=outcoming.SrmPutDone tid=qtp602782649-47
ts=2016-01-19T18:19:49.689Z level=Info  class=gov.lbl.srm.util.TSRMHeartbeater event=heartbeat tid=Thread-17
ts=2016-01-19T18:19:49.689Z level=Info  class=gov.lbl.srm.server.TAccount event=cleanUp id=shared size=0 tid=Thread-17
ts=2016-01-19T18:24:49.690Z level=Info  class=gov.lbl.srm.util.TSRMHeartbeater event=heartbeat tid=Thread-17
ts=2016-01-19T18:24:49.690Z level=Info  class=gov.lbl.srm.server.TAccount event=cleanUp id=shared size=0 tid=Thread-17
ts=2016-01-19T18:28:00.564Z level=Console class=gov.lbl.srm.util.TSRMUtil => incoming [srmLs()] tid=qtp602782649-48
ts=2016-01-19T18:28:00.565Z level=Console class=gov.lbl.srm.util.TSRMUtil ### [srmLs()] tid =qtp602782649-48 tid=qtp602782649-48
ts=2016-01-19T18:28:00.565Z level=Info  class=gov.lbl.srm.impl.TSRMService event=srmLs() gssCName=/DC=com/DC=DigiCert-Grid/O=Open Science Grid/OU=Services/CN=rsv/ndcms.crc.nd.edu tid=qtp602782649-48
ts=2016-01-19T18:28:00.678Z level=Console class=gov.lbl.srm.util.TSRMUtil ### [srmLs] tid =qtp602782649-48 tid=qtp602782649-48
ts=2016-01-19T18:28:00.678Z level=Info  class=gov.lbl.srm.impl.TSRMService event=srmLs gssCName=/DC=com/DC=DigiCert-Grid/O=Open Science Grid/OU=Services/CN=rsv/ndcms.crc.nd.edu tid=qtp602782649-48
ts=2016-01-19T18:28:00.777Z level=Info  class=gov.lbl.srm.impl.TSRMService event=gGetCredentialJetty cred=null tid=qtp602782649-48
ts=2016-01-19T18:28:00.782Z level=Error class=gov.lbl.srm.server.TSRMFileAccessDefault event=listAttr msg="Does not exist on disk" path=/scratch365/osg/bestman/storage-probe-test-file.1453228080.119855 tid=qtp602782649-48
ts=2016-01-19T18:28:00.782Z level=Info  class=gov.lbl.srm.impl.TSRMService event=outcoming.SrmLs tid=qtp602782649-48
ts=2016-01-19T18:28:00.791Z level=Console class=gov.lbl.srm.util.TSRMUtil => incoming [srmLs()] tid=qtp602782649-48
ts=2016-01-19T18:28:00.791Z level=Console class=gov.lbl.srm.util.TSRMUtil ### [srmLs()] tid =qtp602782649-48 tid=qtp602782649-48
ts=2016-01-19T18:28:00.791Z level=Info  class=gov.lbl.srm.impl.TSRMService event=srmLs() gssCName=/DC=com/DC=DigiCert-Grid/O=Open Science Grid/OU=Services/CN=rsv/ndcms.crc.nd.edu tid=qtp602782649-48
ts=2016-01-19T18:28:00.891Z level=Console class=gov.lbl.srm.util.TSRMUtil ### [srmLs] tid =qtp602782649-48 tid=qtp602782649-48
ts=2016-01-19T18:28:00.891Z level=Info  class=gov.lbl.srm.impl.TSRMService event=srmLs gssCName=/DC=com/DC=DigiCert-Grid/O=Open Science Grid/OU=Services/CN=rsv/ndcms.crc.nd.edu tid=qtp602782649-48
ts=2016-01-19T18:28:00.998Z level=Info  class=gov.lbl.srm.impl.TSRMService event=gGetCredentialJetty cred=null tid=qtp602782649-48
ts=2016-01-19T18:28:00.998Z level=Error class=gov.lbl.srm.server.TSRMFileAccessDefault event=listAttr msg="Does not exist on disk" path=/scratch365/osg/bestman/storage-probe-test-file.1453228080.119855 tid=qtp602782649-48
ts=2016-01-19T18:28:00.998Z level=Info  class=gov.lbl.srm.impl.TSRMService event=outcoming.SrmLs tid=qtp602782649-48
ts=2016-01-19T18:28:01.007Z level=Info  class=gov.lbl.srm.server.TSRMServer event=incoming name=srmPing authorizationId=null tid=qtp602782649-48
ts=2016-01-19T18:28:01.007Z level=Console class=gov.lbl.srm.util.TSRMUtil ### [srmPing] tid =qtp602782649-48 tid=qtp602782649-48
ts=2016-01-19T18:28:01.007Z level=Info  class=gov.lbl.srm.impl.TSRMService event=srmPing gssCName=/DC=com/DC=DigiCert-Grid/O=Open Science Grid/OU=Services/CN=rsv/ndcms.crc.nd.edu tid=qtp602782649-48
ts=2016-01-19T18:28:01.117Z level=Info  class=gov.lbl.srm.impl.TSRMService event=outcoming.srmPing tid=qtp602782649-48
ts=2016-01-19T18:28:01.127Z level=Console class=gov.lbl.srm.util.TSRMUtil => incoming [srmPrepareToPut()] tid=qtp602782649-48
ts=2016-01-19T18:28:01.127Z level=Console class=gov.lbl.srm.util.TSRMUtil ### [srmPrepareToPut()] tid =qtp602782649-48 tid=qtp602782649-48
ts=2016-01-19T18:28:01.127Z level=Info  class=gov.lbl.srm.impl.TSRMService event=srmPrepareToPut() gssCName=/DC=com/DC=DigiCert-Grid/O=Open Science Grid/OU=Services/CN=rsv/ndcms.crc.nd.edu tid=qtp602782649-48
ts=2016-01-19T18:28:01.227Z level=Info  class=gov.lbl.srm.impl.TSRMService event=gGetCredentialJetty cred=null tid=qtp602782649-48
ts=2016-01-19T18:28:01.227Z level=Info  class=gov.lbl.srm.impl.TSRMService event=outcoming.SrmPrepareToPut tid=qtp602782649-48
ts=2016-01-19T18:28:01.392Z level=Console class=gov.lbl.srm.util.TSRMUtil => incoming [srmPutDone()] tid=qtp602782649-48
ts=2016-01-19T18:28:01.392Z level=Console class=gov.lbl.srm.util.TSRMUtil ### [srmPutDone()] tid =qtp602782649-48 tid=qtp602782649-48
ts=2016-01-19T18:28:01.392Z level=Info  class=gov.lbl.srm.impl.TSRMService event=srmPutDone() gssCName=/DC=com/DC=DigiCert-Grid/O=Open Science Grid/OU=Services/CN=rsv/ndcms.crc.nd.edu tid=qtp602782649-48
ts=2016-01-19T18:28:01.501Z level=Info  class=gov.lbl.srm.server.TSRMServer event=putDone rid=put:7 tgt=srm://ndcms.crc.nd.edu:8443/srm/v2/server?SFN=/scratch365/osg/bestman/storage-probe-test-file.1453228080.119855 tid=qtp602782649-48
ts=2016-01-19T18:28:01.501Z level=Info  class=gov.lbl.srm.impl.TSRMService event=outcoming.SrmPutDone tid=qtp602782649-48
ts=2016-01-19T18:28:01.670Z level=Console class=gov.lbl.srm.util.TSRMUtil => incoming [srmLs()] tid=qtp602782649-44
ts=2016-01-19T18:28:01.670Z level=Console class=gov.lbl.srm.util.TSRMUtil ### [srmLs()] tid =qtp602782649-44 tid=qtp602782649-44
ts=2016-01-19T18:28:01.670Z level=Info  class=gov.lbl.srm.impl.TSRMService event=srmLs() gssCName=/DC=com/DC=DigiCert-Grid/O=Open Science Grid/OU=Services/CN=rsv/ndcms.crc.nd.edu tid=qtp602782649-44
ts=2016-01-19T18:28:01.780Z level=Console class=gov.lbl.srm.util.TSRMUtil ### [srmLs] tid =qtp602782649-44 tid=qtp602782649-44
ts=2016-01-19T18:28:01.780Z level=Info  class=gov.lbl.srm.impl.TSRMService event=srmLs gssCName=/DC=com/DC=DigiCert-Grid/O=Open Science Grid/OU=Services/CN=rsv/ndcms.crc.nd.edu tid=qtp602782649-44
ts=2016-01-19T18:28:01.883Z level=Info  class=gov.lbl.srm.impl.TSRMService event=gGetCredentialJetty cred=null tid=qtp602782649-44
ts=2016-01-19T18:28:01.885Z level=Info  class=gov.lbl.srm.impl.TSRMService event=outcoming.SrmLs tid=qtp602782649-44
ts=2016-01-19T18:28:01.903Z level=Info  class=gov.lbl.srm.server.TSRMServer event=incoming name=srmPing authorizationId=null tid=qtp602782649-44
ts=2016-01-19T18:28:01.903Z level=Console class=gov.lbl.srm.util.TSRMUtil ### [srmPing] tid =qtp602782649-44 tid=qtp602782649-44
ts=2016-01-19T18:28:01.903Z level=Info  class=gov.lbl.srm.impl.TSRMService event=srmPing gssCName=/DC=com/DC=DigiCert-Grid/O=Open Science Grid/OU=Services/CN=rsv/ndcms.crc.nd.edu tid=qtp602782649-44
ts=2016-01-19T18:28:02.014Z level=Info  class=gov.lbl.srm.impl.TSRMService event=outcoming.srmPing tid=qtp602782649-44
ts=2016-01-19T18:28:02.024Z level=Console class=gov.lbl.srm.util.TSRMUtil => incoming [srmPrepareToGet()] tid=qtp602782649-44
ts=2016-01-19T18:28:02.024Z level=Console class=gov.lbl.srm.util.TSRMUtil ### [srmPrepareToGet()] tid =qtp602782649-44 tid=qtp602782649-44
ts=2016-01-19T18:28:02.024Z level=Info  class=gov.lbl.srm.impl.TSRMService event=srmPrepareToGet() gssCName=/DC=com/DC=DigiCert-Grid/O=Open Science Grid/OU=Services/CN=rsv/ndcms.crc.nd.edu tid=qtp602782649-44
ts=2016-01-19T18:28:02.135Z level=Info  class=gov.lbl.srm.impl.TSRMService event=gGetCredentialJetty cred=null tid=qtp602782649-44
ts=2016-01-19T18:28:02.135Z level=Info  class=gov.lbl.srm.impl.TSRMService event=outcoming.SrmPrepareToGet tid=qtp602782649-44
ts=2016-01-19T18:28:02.441Z level=Console class=gov.lbl.srm.util.TSRMUtil => incoming [srmReleaseFiles()] tid=qtp602782649-44
ts=2016-01-19T18:28:02.441Z level=Console class=gov.lbl.srm.util.TSRMUtil ### [srmReleaseFiles()] tid =qtp602782649-44 tid=qtp602782649-44
ts=2016-01-19T18:28:02.441Z level=Info  class=gov.lbl.srm.impl.TSRMService event=srmReleaseFiles() gssCName=/DC=com/DC=DigiCert-Grid/O=Open Science Grid/OU=Services/CN=rsv/ndcms.crc.nd.edu tid=qtp602782649-44
ts=2016-01-19T18:28:02.545Z level=Info  class=gov.lbl.srm.impl.TSRMService event=outcoming.SrmReleaseFiles tid=qtp602782649-44
ts=2016-01-19T18:28:02.730Z level=Console class=gov.lbl.srm.util.TSRMUtil => incoming [srmLs()] tid=qtp602782649-45
ts=2016-01-19T18:28:02.731Z level=Console class=gov.lbl.srm.util.TSRMUtil ### [srmLs()] tid =qtp602782649-45 tid=qtp602782649-45
ts=2016-01-19T18:28:02.731Z level=Info  class=gov.lbl.srm.impl.TSRMService event=srmLs() gssCName=/DC=com/DC=DigiCert-Grid/O=Open Science Grid/OU=Services/CN=rsv/ndcms.crc.nd.edu tid=qtp602782649-45
ts=2016-01-19T18:28:02.839Z level=Console class=gov.lbl.srm.util.TSRMUtil ### [srmLs] tid =qtp602782649-45 tid=qtp602782649-45
ts=2016-01-19T18:28:02.839Z level=Info  class=gov.lbl.srm.impl.TSRMService event=srmLs gssCName=/DC=com/DC=DigiCert-Grid/O=Open Science Grid/OU=Services/CN=rsv/ndcms.crc.nd.edu tid=qtp602782649-45
ts=2016-01-19T18:28:02.961Z level=Info  class=gov.lbl.srm.impl.TSRMService event=gGetCredentialJetty cred=null tid=qtp602782649-45
ts=2016-01-19T18:28:02.962Z level=Info  class=gov.lbl.srm.impl.TSRMService event=outcoming.SrmLs tid=qtp602782649-45
ts=2016-01-19T18:28:03.132Z level=Console class=gov.lbl.srm.util.TSRMUtil => incoming [srmLs()] tid=qtp602782649-42
ts=2016-01-19T18:28:03.132Z level=Console class=gov.lbl.srm.util.TSRMUtil ### [srmLs()] tid =qtp602782649-42 tid=qtp602782649-42
ts=2016-01-19T18:28:03.132Z level=Info  class=gov.lbl.srm.impl.TSRMService event=srmLs() gssCName=/DC=com/DC=DigiCert-Grid/O=Open Science Grid/OU=Services/CN=rsv/ndcms.crc.nd.edu tid=qtp602782649-42
ts=2016-01-19T18:28:03.236Z level=Console class=gov.lbl.srm.util.TSRMUtil ### [srmLs] tid =qtp602782649-42 tid=qtp602782649-42
ts=2016-01-19T18:28:03.236Z level=Info  class=gov.lbl.srm.impl.TSRMService event=srmLs gssCName=/DC=com/DC=DigiCert-Grid/O=Open Science Grid/OU=Services/CN=rsv/ndcms.crc.nd.edu tid=qtp602782649-42
ts=2016-01-19T18:28:03.343Z level=Info  class=gov.lbl.srm.impl.TSRMService event=gGetCredentialJetty cred=null tid=qtp602782649-42
ts=2016-01-19T18:28:03.344Z level=Info  class=gov.lbl.srm.impl.TSRMService event=outcoming.SrmLs tid=qtp602782649-42
ts=2016-01-19T18:28:03.355Z level=Console class=gov.lbl.srm.util.TSRMUtil => incoming [srmRm()] tid=qtp602782649-42
ts=2016-01-19T18:28:03.355Z level=Console class=gov.lbl.srm.util.TSRMUtil ### [srmRm()] tid =qtp602782649-42 tid=qtp602782649-42
ts=2016-01-19T18:28:03.356Z level=Info  class=gov.lbl.srm.impl.TSRMService event=srmRm() gssCName=/DC=com/DC=DigiCert-Grid/O=Open Science Grid/OU=Services/CN=rsv/ndcms.crc.nd.edu tid=qtp602782649-42
ts=2016-01-19T18:28:03.459Z level=Info  class=gov.lbl.srm.impl.TSRMService event=gGetCredentialJetty cred=null tid=qtp602782649-42
ts=2016-01-19T18:28:03.459Z level=Console class=gov.lbl.srm.util.TSRMUtil ### [srmRm] tid =qtp602782649-42 tid=qtp602782649-42
ts=2016-01-19T18:28:03.460Z level=Info  class=gov.lbl.srm.impl.TSRMService event=srmRm gssCName=/DC=com/DC=DigiCert-Grid/O=Open Science Grid/OU=Services/CN=rsv/ndcms.crc.nd.edu tid=qtp602782649-42
ts=2016-01-19T18:28:03.567Z level=Console class=gov.lbl.srm.util.TSRMUtil invokeSudo=[sudo -u rsv  /bin/rm /scratch365/osg/bestman/storage-probe-test-file.1453228080.119855] tid=qtp602782649-42
ts=2016-01-19T18:28:03.579Z level=Info  class=gov.lbl.srm.impl.TSRMService event=outcoming.SrmRm tid=qtp602782649-42
ts=2016-01-19T18:29:49.691Z level=Info  class=gov.lbl.srm.util.TSRMHeartbeater event=heartbeat tid=Thread-17
ts=2016-01-19T18:29:49.692Z level=Info  class=gov.lbl.srm.server.TAccount event=cleanUp id=shared size=0 tid=Thread-17
ts=2016-01-19T18:30:38.471Z level=Console class=gov.lbl.srm.util.TSRMUtil => incoming [srmLs()] tid=qtp602782649-47
ts=2016-01-19T18:30:38.472Z level=Console class=gov.lbl.srm.util.TSRMUtil ### [srmLs()] tid =qtp602782649-47 tid=qtp602782649-47
ts=2016-01-19T18:30:38.472Z level=Info  class=gov.lbl.srm.impl.TSRMService event=srmLs() gssCName=/DC=com/DC=DigiCert-Grid/O=Open Science Grid/OU=People/CN=Serguei Fedorov 787 tid=qtp602782649-47
ts=2016-01-19T18:30:38.570Z level=Console class=gov.lbl.srm.util.TSRMUtil ### [srmLs] tid =qtp602782649-47 tid=qtp602782649-47
ts=2016-01-19T18:30:38.570Z level=Info  class=gov.lbl.srm.impl.TSRMService event=srmLs gssCName=/DC=com/DC=DigiCert-Grid/O=Open Science Grid/OU=People/CN=Serguei Fedorov 787 tid=qtp602782649-47
ts=2016-01-19T18:30:38.669Z level=Info  class=gov.lbl.srm.impl.TSRMService event=gGetCredentialJetty cred=null tid=qtp602782649-47
ts=2016-01-19T18:30:38.726Z level=Info  class=gov.lbl.srm.impl.TSRMService event=outcoming.SrmLs tid=qtp602782649-47
ts=2016-01-19T18:30:38.935Z level=Console class=gov.lbl.srm.util.TSRMUtil => incoming [srmPrepareToPut()] tid=qtp602782649-48
ts=2016-01-19T18:30:38.936Z level=Console class=gov.lbl.srm.util.TSRMUtil ### [srmPrepareToPut()] tid =qtp602782649-48 tid=qtp602782649-48
ts=2016-01-19T18:30:38.936Z level=Info  class=gov.lbl.srm.impl.TSRMService event=srmPrepareToPut() gssCName=/DC=com/DC=DigiCert-Grid/O=Open Science Grid/OU=People/CN=Serguei Fedorov 787 tid=qtp602782649-48
ts=2016-01-19T18:30:39.033Z level=Info  class=gov.lbl.srm.impl.TSRMService event=gGetCredentialJetty cred=null tid=qtp602782649-48
ts=2016-01-19T18:30:39.033Z level=Info  class=gov.lbl.srm.impl.TSRMService event=outcoming.SrmPrepareToPut tid=qtp602782649-48
ts=2016-01-19T18:30:40.233Z level=Console class=gov.lbl.srm.util.TSRMUtil => incoming [srmPutDone()] tid=qtp602782649-44
ts=2016-01-19T18:30:40.234Z level=Console class=gov.lbl.srm.util.TSRMUtil ### [srmPutDone()] tid =qtp602782649-44 tid=qtp602782649-44
ts=2016-01-19T18:30:40.234Z level=Info  class=gov.lbl.srm.impl.TSRMService event=srmPutDone() gssCName=/DC=com/DC=DigiCert-Grid/O=Open Science Grid/OU=People/CN=Serguei Fedorov 787 tid=qtp602782649-44
ts=2016-01-19T18:30:40.333Z level=Info  class=gov.lbl.srm.server.TSRMServer event=putDone rid=put:9 tgt=srm://ndcms.crc.nd.edu:8443/srm/v2/server?SFN=/hadoop/store/user/lannon/test.tmp tid=qtp602782649-44
ts=2016-01-19T18:30:40.333Z level=Info  class=gov.lbl.srm.impl.TSRMService event=outcoming.SrmPutDone tid=qtp602782649-44
ts=2016-01-19T18:33:05.143Z level=Info  class=gov.lbl.srm.server.TSRMServer event=incoming name=srmPing authorizationId=null tid=qtp602782649-45
ts=2016-01-19T18:33:05.144Z level=Console class=gov.lbl.srm.util.TSRMUtil ### [srmPing] tid =qtp602782649-45 tid=qtp602782649-45
ts=2016-01-19T18:33:05.144Z level=Info  class=gov.lbl.srm.impl.TSRMService event=srmPing gssCName=/DC=com/DC=DigiCert-Grid/O=Open Science Grid/OU=Services/CN=rsv/ndcms.crc.nd.edu tid=qtp602782649-45
ts=2016-01-19T18:33:05.262Z level=Info  class=gov.lbl.srm.impl.TSRMService event=outcoming.srmPing tid=qtp602782649-45
ts=2016-01-19T18:34:49.694Z level=Info  class=gov.lbl.srm.util.TSRMHeartbeater event=heartbeat tid=Thread-17
ts=2016-01-19T18:34:49.694Z level=Info  class=gov.lbl.srm.server.TAccount event=cleanUp id=shared size=0 tid=Thread-17
ts=2016-01-19T18:39:49.695Z level=Info  class=gov.lbl.srm.util.TSRMHeartbeater event=heartbeat tid=Thread-17
ts=2016-01-19T18:39:49.695Z level=Info  class=gov.lbl.srm.server.TAccount event=cleanUp id=shared size=0 tid=Thread-17
ts=2016-01-19T18:44:49.697Z level=Info  class=gov.lbl.srm.util.TSRMHeartbeater event=heartbeat tid=Thread-17
ts=2016-01-19T18:44:49.697Z level=Info  class=gov.lbl.srm.server.TAccount event=cleanUp id=shared size=0 tid=Thread-17
ts=2016-01-19T18:49:49.698Z level=Info  class=gov.lbl.srm.util.TSRMHeartbeater event=heartbeat tid=Thread-17
ts=2016-01-19T18:49:49.698Z level=Info  class=gov.lbl.srm.server.TAccount event=cleanUp id=shared size=0 tid=Thread-17
ts=2016-01-19T18:53:04.739Z level=Info  class=gov.lbl.srm.server.TSRMServer event=incoming name=srmPing authorizationId=null tid=qtp602782649-48
ts=2016-01-19T18:53:04.739Z level=Console class=gov.lbl.srm.util.TSRMUtil ### [srmPing] tid =qtp602782649-48 tid=qtp602782649-48
ts=2016-01-19T18:53:04.739Z level=Info  class=gov.lbl.srm.impl.TSRMService event=srmPing gssCName=/DC=com/DC=DigiCert-Grid/O=Open Science Grid/OU=Services/CN=rsv/ndcms.crc.nd.edu tid=qtp602782649-48
ts=2016-01-19T18:53:04.845Z level=Info  class=gov.lbl.srm.impl.TSRMService event=outcoming.srmPing tid=qtp602782649-48
ts=2016-01-19T18:54:49.699Z level=Info  class=gov.lbl.srm.util.TSRMHeartbeater event=heartbeat tid=Thread-17
ts=2016-01-19T18:54:49.699Z level=Info  class=gov.lbl.srm.server.TAccount event=cleanUp id=shared size=0 tid=Thread-17
ts=2016-01-19T18:59:49.701Z level=Info  class=gov.lbl.srm.util.TSRMHeartbeater event=heartbeat tid=Thread-17
ts=2016-01-19T18:59:49.701Z level=Info  class=gov.lbl.srm.server.TAccount event=cleanUp id=shared size=0 tid=Thread-17
ts=2016-01-19T19:04:49.702Z level=Info  class=gov.lbl.srm.util.TSRMHeartbeater event=heartbeat tid=Thread-17
ts=2016-01-19T19:04:49.702Z level=Info  class=gov.lbl.srm.server.TAccount event=cleanUp id=shared size=0 tid=Thread-17
ts=2016-01-19T19:09:49.703Z level=Info  class=gov.lbl.srm.util.TSRMHeartbeater event=heartbeat tid=Thread-17
ts=2016-01-19T19:09:49.703Z level=Info  class=gov.lbl.srm.server.TAccount event=cleanUp id=shared size=0 tid=Thread-17
ts=2016-01-19T19:13:05.176Z level=Info  class=gov.lbl.srm.server.TSRMServer event=incoming name=srmPing authorizationId=null tid=qtp602782649-38
ts=2016-01-19T19:13:05.177Z level=Console class=gov.lbl.srm.util.TSRMUtil ### [srmPing] tid =qtp602782649-38 tid=qtp602782649-38
ts=2016-01-19T19:13:05.177Z level=Info  class=gov.lbl.srm.impl.TSRMService event=srmPing gssCName=/DC=com/DC=DigiCert-Grid/O=Open Science Grid/OU=Services/CN=rsv/ndcms.crc.nd.edu tid=qtp602782649-38
ts=2016-01-19T19:13:05.275Z level=Info  class=gov.lbl.srm.impl.TSRMService event=outcoming.srmPing tid=qtp602782649-38
ts=2016-01-19T19:14:49.705Z level=Info  class=gov.lbl.srm.util.TSRMHeartbeater event=heartbeat tid=Thread-17
ts=2016-01-19T19:14:49.705Z level=Info  class=gov.lbl.srm.server.TAccount event=cleanUp id=shared size=0 tid=Thread-17
ts=2016-01-19T19:19:49.706Z level=Info  class=gov.lbl.srm.util.TSRMHeartbeater event=heartbeat tid=Thread-17
ts=2016-01-19T19:19:49.707Z level=Info  class=gov.lbl.srm.server.TAccount event=cleanUp id=shared size=0 tid=Thread-17
ts=2016-01-19T19:24:49.709Z level=Info  class=gov.lbl.srm.util.TSRMHeartbeater event=heartbeat tid=Thread-17
ts=2016-01-19T19:24:49.709Z level=Info  class=gov.lbl.srm.server.TAccount event=cleanUp id=shared size=0 tid=Thread-17
ts=2016-01-19T19:28:00.537Z level=Console class=gov.lbl.srm.util.TSRMUtil => incoming [srmLs()] tid=qtp602782649-61
ts=2016-01-19T19:28:00.537Z level=Console class=gov.lbl.srm.util.TSRMUtil ### [srmLs()] tid =qtp602782649-61 tid=qtp602782649-61
ts=2016-01-19T19:28:00.537Z level=Info  class=gov.lbl.srm.impl.TSRMService event=srmLs() gssCName=/DC=com/DC=DigiCert-Grid/O=Open Science Grid/OU=Services/CN=rsv/ndcms.crc.nd.edu tid=qtp602782649-61
ts=2016-01-19T19:28:00.643Z level=Console class=gov.lbl.srm.util.TSRMUtil ### [srmLs] tid =qtp602782649-61 tid=qtp602782649-61
ts=2016-01-19T19:28:00.644Z level=Info  class=gov.lbl.srm.impl.TSRMService event=srmLs gssCName=/DC=com/DC=DigiCert-Grid/O=Open Science Grid/OU=Services/CN=rsv/ndcms.crc.nd.edu tid=qtp602782649-61
ts=2016-01-19T19:28:00.744Z level=Info  class=gov.lbl.srm.impl.TSRMService event=gGetCredentialJetty cred=null tid=qtp602782649-61
ts=2016-01-19T19:28:00.748Z level=Error class=gov.lbl.srm.server.TSRMFileAccessDefault event=listAttr msg="Does not exist on disk" path=/scratch365/osg/bestman/storage-probe-test-file.1453231680.144964 tid=qtp602782649-61
ts=2016-01-19T19:28:00.748Z level=Info  class=gov.lbl.srm.impl.TSRMService event=outcoming.SrmLs tid=qtp602782649-61
ts=2016-01-19T19:28:00.758Z level=Console class=gov.lbl.srm.util.TSRMUtil => incoming [srmLs()] tid=qtp602782649-61
ts=2016-01-19T19:28:00.758Z level=Console class=gov.lbl.srm.util.TSRMUtil ### [srmLs()] tid =qtp602782649-61 tid=qtp602782649-61
ts=2016-01-19T19:28:00.758Z level=Info  class=gov.lbl.srm.impl.TSRMService event=srmLs() gssCName=/DC=com/DC=DigiCert-Grid/O=Open Science Grid/OU=Services/CN=rsv/ndcms.crc.nd.edu tid=qtp602782649-61
ts=2016-01-19T19:28:00.882Z level=Console class=gov.lbl.srm.util.TSRMUtil ### [srmLs] tid =qtp602782649-61 tid=qtp602782649-61
ts=2016-01-19T19:28:00.882Z level=Info  class=gov.lbl.srm.impl.TSRMService event=srmLs gssCName=/DC=com/DC=DigiCert-Grid/O=Open Science Grid/OU=Services/CN=rsv/ndcms.crc.nd.edu tid=qtp602782649-61
ts=2016-01-19T19:28:00.989Z level=Info  class=gov.lbl.srm.impl.TSRMService event=gGetCredentialJetty cred=null tid=qtp602782649-61
ts=2016-01-19T19:28:00.990Z level=Error class=gov.lbl.srm.server.TSRMFileAccessDefault event=listAttr msg="Does not exist on disk" path=/scratch365/osg/bestman/storage-probe-test-file.1453231680.144964 tid=qtp602782649-61
ts=2016-01-19T19:28:00.990Z level=Info  class=gov.lbl.srm.impl.TSRMService event=outcoming.SrmLs tid=qtp602782649-61
ts=2016-01-19T19:28:00.999Z level=Info  class=gov.lbl.srm.server.TSRMServer event=incoming name=srmPing authorizationId=null tid=qtp602782649-61
ts=2016-01-19T19:28:00.999Z level=Console class=gov.lbl.srm.util.TSRMUtil ### [srmPing] tid =qtp602782649-61 tid=qtp602782649-61
ts=2016-01-19T19:28:00.999Z level=Info  class=gov.lbl.srm.impl.TSRMService event=srmPing gssCName=/DC=com/DC=DigiCert-Grid/O=Open Science Grid/OU=Services/CN=rsv/ndcms.crc.nd.edu tid=qtp602782649-61
ts=2016-01-19T19:28:01.119Z level=Info  class=gov.lbl.srm.impl.TSRMService event=outcoming.srmPing tid=qtp602782649-61
ts=2016-01-19T19:28:01.129Z level=Console class=gov.lbl.srm.util.TSRMUtil => incoming [srmPrepareToPut()] tid=qtp602782649-61
ts=2016-01-19T19:28:01.129Z level=Console class=gov.lbl.srm.util.TSRMUtil ### [srmPrepareToPut()] tid =qtp602782649-61 tid=qtp602782649-61
ts=2016-01-19T19:28:01.130Z level=Info  class=gov.lbl.srm.impl.TSRMService event=srmPrepareToPut() gssCName=/DC=com/DC=DigiCert-Grid/O=Open Science Grid/OU=Services/CN=rsv/ndcms.crc.nd.edu tid=qtp602782649-61
ts=2016-01-19T19:28:01.235Z level=Info  class=gov.lbl.srm.impl.TSRMService event=gGetCredentialJetty cred=null tid=qtp602782649-61
ts=2016-01-19T19:28:01.236Z level=Info  class=gov.lbl.srm.impl.TSRMService event=outcoming.SrmPrepareToPut tid=qtp602782649-61
ts=2016-01-19T19:28:01.435Z level=Console class=gov.lbl.srm.util.TSRMUtil => incoming [srmPutDone()] tid=qtp602782649-61
ts=2016-01-19T19:28:01.435Z level=Console class=gov.lbl.srm.util.TSRMUtil ### [srmPutDone()] tid =qtp602782649-61 tid=qtp602782649-61
ts=2016-01-19T19:28:01.435Z level=Info  class=gov.lbl.srm.impl.TSRMService event=srmPutDone() gssCName=/DC=com/DC=DigiCert-Grid/O=Open Science Grid/OU=Services/CN=rsv/ndcms.crc.nd.edu tid=qtp602782649-61
ts=2016-01-19T19:28:01.540Z level=Info  class=gov.lbl.srm.server.TSRMServer event=putDone rid=put:10 tgt=srm://ndcms.crc.nd.edu:8443/srm/v2/server?SFN=/scratch365/osg/bestman/storage-probe-test-file.1453231680.144964 tid=qtp602782649-61
ts=2016-01-19T19:28:01.541Z level=Info  class=gov.lbl.srm.impl.TSRMService event=outcoming.SrmPutDone tid=qtp602782649-61
ts=2016-01-19T19:28:01.745Z level=Console class=gov.lbl.srm.util.TSRMUtil => incoming [srmLs()] tid=qtp602782649-59
ts=2016-01-19T19:28:01.745Z level=Console class=gov.lbl.srm.util.TSRMUtil ### [srmLs()] tid =qtp602782649-59 tid=qtp602782649-59
ts=2016-01-19T19:28:01.745Z level=Info  class=gov.lbl.srm.impl.TSRMService event=srmLs() gssCName=/DC=com/DC=DigiCert-Grid/O=Open Science Grid/OU=Services/CN=rsv/ndcms.crc.nd.edu tid=qtp602782649-59
ts=2016-01-19T19:28:01.844Z level=Console class=gov.lbl.srm.util.TSRMUtil ### [srmLs] tid =qtp602782649-59 tid=qtp602782649-59
ts=2016-01-19T19:28:01.844Z level=Info  class=gov.lbl.srm.impl.TSRMService event=srmLs gssCName=/DC=com/DC=DigiCert-Grid/O=Open Science Grid/OU=Services/CN=rsv/ndcms.crc.nd.edu tid=qtp602782649-59
ts=2016-01-19T19:28:01.952Z level=Info  class=gov.lbl.srm.impl.TSRMService event=gGetCredentialJetty cred=null tid=qtp602782649-59
ts=2016-01-19T19:28:01.954Z level=Info  class=gov.lbl.srm.impl.TSRMService event=outcoming.SrmLs tid=qtp602782649-59
ts=2016-01-19T19:28:01.965Z level=Info  class=gov.lbl.srm.server.TSRMServer event=incoming name=srmPing authorizationId=null tid=qtp602782649-59
ts=2016-01-19T19:28:01.965Z level=Console class=gov.lbl.srm.util.TSRMUtil ### [srmPing] tid =qtp602782649-59 tid=qtp602782649-59
ts=2016-01-19T19:28:01.965Z level=Info  class=gov.lbl.srm.impl.TSRMService event=srmPing gssCName=/DC=com/DC=DigiCert-Grid/O=Open Science Grid/OU=Services/CN=rsv/ndcms.crc.nd.edu tid=qtp602782649-59
ts=2016-01-19T19:28:02.080Z level=Info  class=gov.lbl.srm.impl.TSRMService event=outcoming.srmPing tid=qtp602782649-59
ts=2016-01-19T19:28:02.090Z level=Console class=gov.lbl.srm.util.TSRMUtil => incoming [srmPrepareToGet()] tid=qtp602782649-59
ts=2016-01-19T19:28:02.090Z level=Console class=gov.lbl.srm.util.TSRMUtil ### [srmPrepareToGet()] tid =qtp602782649-59 tid=qtp602782649-59
ts=2016-01-19T19:28:02.090Z level=Info  class=gov.lbl.srm.impl.TSRMService event=srmPrepareToGet() gssCName=/DC=com/DC=DigiCert-Grid/O=Open Science Grid/OU=Services/CN=rsv/ndcms.crc.nd.edu tid=qtp602782649-59
ts=2016-01-19T19:28:02.189Z level=Info  class=gov.lbl.srm.impl.TSRMService event=gGetCredentialJetty cred=null tid=qtp602782649-59
ts=2016-01-19T19:28:02.190Z level=Info  class=gov.lbl.srm.impl.TSRMService event=outcoming.SrmPrepareToGet tid=qtp602782649-59
ts=2016-01-19T19:28:02.375Z level=Console class=gov.lbl.srm.util.TSRMUtil => incoming [srmReleaseFiles()] tid=qtp602782649-59
ts=2016-01-19T19:28:02.375Z level=Console class=gov.lbl.srm.util.TSRMUtil ### [srmReleaseFiles()] tid =qtp602782649-59 tid=qtp602782649-59
ts=2016-01-19T19:28:02.375Z level=Info  class=gov.lbl.srm.impl.TSRMService event=srmReleaseFiles() gssCName=/DC=com/DC=DigiCert-Grid/O=Open Science Grid/OU=Services/CN=rsv/ndcms.crc.nd.edu tid=qtp602782649-59
ts=2016-01-19T19:28:02.481Z level=Info  class=gov.lbl.srm.impl.TSRMService event=outcoming.SrmReleaseFiles tid=qtp602782649-59
ts=2016-01-19T19:28:02.637Z level=Console class=gov.lbl.srm.util.TSRMUtil => incoming [srmLs()] tid=qtp602782649-42
ts=2016-01-19T19:28:02.638Z level=Console class=gov.lbl.srm.util.TSRMUtil ### [srmLs()] tid =qtp602782649-42 tid=qtp602782649-42
ts=2016-01-19T19:28:02.638Z level=Info  class=gov.lbl.srm.impl.TSRMService event=srmLs() gssCName=/DC=com/DC=DigiCert-Grid/O=Open Science Grid/OU=Services/CN=rsv/ndcms.crc.nd.edu tid=qtp602782649-42
ts=2016-01-19T19:28:02.750Z level=Console class=gov.lbl.srm.util.TSRMUtil ### [srmLs] tid =qtp602782649-42 tid=qtp602782649-42
ts=2016-01-19T19:28:02.750Z level=Info  class=gov.lbl.srm.impl.TSRMService event=srmLs gssCName=/DC=com/DC=DigiCert-Grid/O=Open Science Grid/OU=Services/CN=rsv/ndcms.crc.nd.edu tid=qtp602782649-42
ts=2016-01-19T19:28:02.851Z level=Info  class=gov.lbl.srm.impl.TSRMService event=gGetCredentialJetty cred=null tid=qtp602782649-42
ts=2016-01-19T19:28:02.852Z level=Info  class=gov.lbl.srm.impl.TSRMService event=outcoming.SrmLs tid=qtp602782649-42
ts=2016-01-19T19:28:03.036Z level=Console class=gov.lbl.srm.util.TSRMUtil => incoming [srmLs()] tid=qtp602782649-38
ts=2016-01-19T19:28:03.037Z level=Console class=gov.lbl.srm.util.TSRMUtil ### [srmLs()] tid =qtp602782649-38 tid=qtp602782649-38
ts=2016-01-19T19:28:03.037Z level=Info  class=gov.lbl.srm.impl.TSRMService event=srmLs() gssCName=/DC=com/DC=DigiCert-Grid/O=Open Science Grid/OU=Services/CN=rsv/ndcms.crc.nd.edu tid=qtp602782649-38
ts=2016-01-19T19:28:03.143Z level=Console class=gov.lbl.srm.util.TSRMUtil ### [srmLs] tid =qtp602782649-38 tid=qtp602782649-38
ts=2016-01-19T19:28:03.143Z level=Info  class=gov.lbl.srm.impl.TSRMService event=srmLs gssCName=/DC=com/DC=DigiCert-Grid/O=Open Science Grid/OU=Services/CN=rsv/ndcms.crc.nd.edu tid=qtp602782649-38
ts=2016-01-19T19:28:03.263Z level=Info  class=gov.lbl.srm.impl.TSRMService event=gGetCredentialJetty cred=null tid=qtp602782649-38
ts=2016-01-19T19:28:03.263Z level=Info  class=gov.lbl.srm.impl.TSRMService event=outcoming.SrmLs tid=qtp602782649-38
ts=2016-01-19T19:28:03.274Z level=Console class=gov.lbl.srm.util.TSRMUtil => incoming [srmRm()] tid=qtp602782649-38
ts=2016-01-19T19:28:03.274Z level=Console class=gov.lbl.srm.util.TSRMUtil ### [srmRm()] tid =qtp602782649-38 tid=qtp602782649-38
ts=2016-01-19T19:28:03.274Z level=Info  class=gov.lbl.srm.impl.TSRMService event=srmRm() gssCName=/DC=com/DC=DigiCert-Grid/O=Open Science Grid/OU=Services/CN=rsv/ndcms.crc.nd.edu tid=qtp602782649-38
ts=2016-01-19T19:28:03.368Z level=Info  class=gov.lbl.srm.impl.TSRMService event=gGetCredentialJetty cred=null tid=qtp602782649-38
ts=2016-01-19T19:28:03.368Z level=Console class=gov.lbl.srm.util.TSRMUtil ### [srmRm] tid =qtp602782649-38 tid=qtp602782649-38
ts=2016-01-19T19:28:03.368Z level=Info  class=gov.lbl.srm.impl.TSRMService event=srmRm gssCName=/DC=com/DC=DigiCert-Grid/O=Open Science Grid/OU=Services/CN=rsv/ndcms.crc.nd.edu tid=qtp602782649-38
ts=2016-01-19T19:28:03.483Z level=Console class=gov.lbl.srm.util.TSRMUtil invokeSudo=[sudo -u rsv  /bin/rm /scratch365/osg/bestman/storage-probe-test-file.1453231680.144964] tid=qtp602782649-38
ts=2016-01-19T19:28:03.494Z level=Info  class=gov.lbl.srm.impl.TSRMService event=outcoming.SrmRm tid=qtp602782649-38
ts=2016-01-19T19:29:49.710Z level=Info  class=gov.lbl.srm.util.TSRMHeartbeater event=heartbeat tid=Thread-17
ts=2016-01-19T19:29:49.710Z level=Info  class=gov.lbl.srm.server.TAccount event=cleanUp id=shared size=0 tid=Thread-17
