160921 04:27:15 1685553 Copr.  2004-2012 Stanford University, xrd version v4.3.0
160921 04:27:15 1685553 xrootd anon@lutse1.lunet.edu:1094 running Linux 2.6.32-642.4.2.el6.x86_64
160921 04:31:00 1685606 XrdProtocol: ?:7@lutgw1.mpinet terminated handshake not received
160921 05:01:01 1685652 XrdProtocol: ?:7@lutgw1.mpinet terminated handshake not received
160921 05:31:01 1706021 XrdProtocol: ?:7@lutgw1.mpinet terminated handshake not received
160921 06:01:01 1685606 XrdProtocol: ?:28@lutgw1.mpinet terminated handshake not received
160921 06:31:01 1706021 XrdProtocol: ?:7@lutgw1.mpinet terminated handshake not received
160921 07:01:00 1685556 XrdProtocol: ?:28@lutgw1.mpinet terminated handshake not received
160921 07:31:01 1686832 XrdProtocol: ?:7@lutgw1.mpinet terminated handshake not received
160921 08:01:01 1706021 XrdProtocol: ?:7@lutgw1.mpinet terminated handshake not received
160921 08:31:01 1685557 XrdProtocol: ?:28@lutgw1.mpinet terminated handshake not received
160921 09:01:00 1685556 XrdProtocol: ?:7@lutgw1.mpinet terminated handshake not received
160921 09:31:00 1706021 XrdProtocol: ?:28@lutgw1.mpinet terminated handshake not received
160921 10:01:00 1686832 XrdProtocol: ?:7@lutgw1.mpinet terminated handshake not received
160921 10:31:00 1685606 XrdProtocol: ?:28@lutgw1.mpinet terminated handshake not received
160921 11:01:01 1686832 XrdProtocol: ?:7@lutgw1.mpinet terminated handshake not received
160921 11:31:00 1685606 XrdProtocol: ?:28@lutgw1.mpinet terminated handshake not received
160921 12:01:00 1685652 XrdProtocol: ?:7@lutgw1.mpinet terminated handshake not received
160921 12:24:06 1921936 Starting on Linux 2.6.32-642.4.2.el6.x86_64
Copr.  2004-2012 Stanford University, xrd version v4.3.0
++++++ xrootd anon@lutse1.lunet.edu initialization started.
Config using configuration file /etc/xrootd/xrootd-clustered.cfg
=====> all.adminpath /var/spool/xrootd
=====> xrd.port 1094
=====> all.sitename LUCILLE
=====> xrd.report uct2-int.mwt2.org:9931 every 60s all -buff -poll sync
Config maximum number of connections restricted to 65536
Config maximum number of threads restricted to 1024
Copr.  2012 Stanford University, xrootd protocol 3.0.0 version v4.3.0
++++++ xrootd protocol initialization started.
=====> all.pidpath /var/run/xrootd
=====> xrootd.redirect atlas-xrd-central.usatlas.org:1094 ? /atlas
=====> all.export /atlas/rucio r/o
=====> all.export /data/osg/cache r/o
=====> xrootd.seclib /usr/lib64/libXrdSec-4.so
=====> xrootd.trace emsg login stall redirect
=====> xrootd.monitor all auth flush 30s window 5s fstat 60 lfn ops xfr 5 dest redir fstat info user uct2-int.mwt2.org:9930 dest redir fstat info user atlas-fax-eu-collector.cern.ch:9330
Config exporting /atlas/rucio
Config exporting /data/osg/cache
Plugin No such file or directory loading seclib /usr/lib64/libXrdSec-4-4.so
Config Falling back to using /usr/lib64/libXrdSec-4.so
Plugin loaded 
++++++ Authentication system initialization started.
=====> sec.protparm gsi -vomsfun:/usr/lib64/libXrdSecgsiVOMS-4.so -vomsfunparms:certfmt=raw|vos=atlas|grps=/atlas
Plugin loaded 
160921 12:24:06 1921936 secgsi_InitOpts: *** ------------------------------------------------------------ ***
160921 12:24:06 1921936 secgsi_InitOpts:  Mode: server
160921 12:24:06 1921936 secgsi_InitOpts:  Debug: -1
160921 12:24:06 1921936 secgsi_InitOpts:  CA dir: /etc/grid-security/certificates/
160921 12:24:06 1921936 secgsi_InitOpts:  CA verification level: 1
160921 12:24:06 1921936 secgsi_InitOpts:  CRL dir: /etc/grid-security/certificates/
160921 12:24:06 1921936 secgsi_InitOpts:  CRL extension: .r0
160921 12:24:06 1921936 secgsi_InitOpts:  CRL check level: 3
160921 12:24:06 1921936 secgsi_InitOpts:  CRL refresh time: 86400
160921 12:24:06 1921936 secgsi_InitOpts:  Certificate: /etc/grid-security/xrd/xrdcert.pem
160921 12:24:06 1921936 secgsi_InitOpts:  Key: /etc/grid-security/xrd/xrdkey.pem
160921 12:24:06 1921936 secgsi_InitOpts:  Proxy delegation option: 0
160921 12:24:06 1921936 secgsi_InitOpts:  GRIDmap file: /dev/null
160921 12:24:06 1921936 secgsi_InitOpts:  GRIDmap option: 1
160921 12:24:06 1921936 secgsi_InitOpts:  GRIDmap cache entries expiration (secs): 600
160921 12:24:06 1921936 secgsi_InitOpts:  Client proxy availability in XrdSecEntity.endorsement: 0
160921 12:24:06 1921936 secgsi_InitOpts:  VOMS option: 1
160921 12:24:06 1921936 secgsi_InitOpts:  VOMS extraction function: /usr/lib64/libXrdSecgsiVOMS-4.so
160921 12:24:06 1921936 secgsi_InitOpts:  VOMS extraction function parms: certfmt=raw|vos=atlas|grps=/atlas
160921 12:24:06 1921936 secgsi_InitOpts:  MonInfo option: 0
160921 12:24:06 1921936 secgsi_InitOpts:  Crypto modules: ssl
160921 12:24:06 1921936 secgsi_InitOpts:  Ciphers: aes-128-cbc:bf-cbc:des-ede3-cbc
160921 12:24:06 1921936 secgsi_InitOpts:  MDigests: sha1:md5
160921 12:24:06 1921936 secgsi_InitOpts: *** ------------------------------------------------------------ ***
160921 12:24:06 1921936 secgsiVOMS_Init: WARNING: support for RAW format not available: forcing PEM
160921 12:24:06 1921936 secgsiVOMS_Init: ++++++++++++++++++ VOMS plugi-in ++++++++++++++++++++++++++++++
160921 12:24:06 1921936 secgsiVOMS_Init: +++ proxy fmt:    pem base64
160921 12:24:06 1921936 secgsiVOMS_Init: +++ group option: all of specified group(s)
160921 12:24:06 1921936 secgsiVOMS_Init: +++ group(s):     /atlas
160921 12:24:06 1921936 secgsiVOMS_Init: +++ VO(s):        atlas
160921 12:24:06 1921936 secgsiVOMS_Init: +++++++++++++++++++++++++++++++++++++++++++++++++++++++++++++++
160921 12:24:06 1921936 secgsi_LoadVOMSFun: using 'XrdSecgsiVOMSFun()' from /usr/lib64/libXrdSecgsiVOMS-4.so
=====> sec.protocol /usr/lib64 gsi -ca:1 -crl:3 -gridmap:/dev/null
Config 2 authentication directives processed in /etc/xrootd/xrootd-clustered.cfg
------ Authentication system initialization completed.
Config Routing for lutse1.lunet.edu: local pub4 prv4 
Config Route all4: lutse1.lunet.edu Dest=[::164.58.29.119]:1094
++++++ File system initialization started.
=====> all.role server
=====> ofs.authorize
++++++ Storage system initialization started.
=====> all.export /atlas/rucio r/o
=====> all.export /data/osg/cache r/o
=====> oss.namelib /usr/lib64/XrdOucName2NameLFC-4.so 
Plugin No such file or directory loading namelib /usr/lib64/XrdOucName2NameLFC-4-4.so
Config Falling back to using /usr/lib64/XrdOucName2NameLFC-4.so
Plugin loaded 
160921 12:24:06 0x4dc0a720 XRD-N2N v2.1 starting, parameters: 
160921 12:24:06 0x4dc0a720 XRD-N2N: Getting site LUCILLE prefix list from AGIS ... 
160921 12:24:08 0x4dc0a720 XRD-N2N: prefix list: /data/osg/cache/atlasdatadisk,/data/osg/cache/atlasscratchdisk,/data/osg/cache/atlaslocalgroupdisk,/data/osg/cache/atlasproddisk,/data/osg/cache/atlasuserdisk
160921 12:24:08 0x4dc0a720 XRD-N2N: rucio_n2n_init completed
160921 12:24:08 0x4dc0a720 XRD-N2N: lookup /atlas/rucio
160921 12:24:08 0x4dc0a720 XRD-N2N: no valid replica for /atlas/rucio
Config effective /etc/xrootd/xrootd-clustered.cfg oss configuration:
       oss.alloc        0 0 0
       oss.cachescan    600
       oss.fdlimit      32768 65536
       oss.maxsize      0
       oss.namelib /usr/lib64/XrdOucName2NameLFC-4.so
       oss.trace        0
       oss.xfr          1 deny 10800 keep 1200
       oss.memfile off  max 67640225792
       oss.defaults  r/w  nocheck nodread nomig norcreate nopurge nostage xattr
       oss.path /data/osg/cache r/o  nocheck nodread nomig norcreate nopurge nostage xattr
       oss.path /atlas/rucio r/o  nocheck nodread nomig norcreate nopurge nostage xattr
------ Storage system initialization completed.
++++++ Authorization system initialization started.
160921 12:24:08 1921936 acc_Config: Authorization system using configuration in /etc/xrootd/xrootd-clustered.cfg
=====> acc.authdb /etc/xrootd/auth_file
=====> acc.authrefresh 60
Config 2 authorization directives processed in /etc/xrootd/xrootd-clustered.cfg
Config 2 auth entries processed in /etc/xrootd/auth_file
------ Authorization system initialization completed.
++++++ Configuring server role. . .
Config Manager atlas-xrd-central.usatlas.org -> atlas-xrd-central02.usatlas.bnl.gov
Config Manager                                  192.12.15.139
Config Manager atlas-xrd-central.usatlas.org -> atlas-xrd-central01.usatlas.bnl.gov
Config Manager                                  192.12.15.138
=====> all.manager atlas-xrd-central.usatlas.org+:1095
=====> all.adminpath /var/spool/xrootd
Config effective /etc/xrootd/xrootd-clustered.cfg ofs configuration:
       all.role server
       ofs.authorize
       ofs.maxdelay   60
       ofs.persist    manual hold 600 logdir /var/spool/xrootd/.ofs/posc.log
       ofs.trace      0
------ File system server initialization completed.
Config warning: 'xrootd.prepare logdir' not specified; prepare tracking disabled.
Config redirect enoent /atlas to atlas-xrd-central.usatlas.org:1094
160921 12:24:09 1921953 cms_Finder: Connected to cmsd via /var/spool/xrootd/.olb/olbd.admin
------ xrootd protocol initialization completed.
------ xrootd anon@lutse1.lunet.edu:1094 initialization completed.
160921 12:24:37 1921941 snow.4135468:7@lutgw1.mpinet XrootdProtocol: more auth requested; sz=2395
160921 12:24:37 1921941 secgsiVOMS_Fun: retrieval FAILED: VOMS extension not found!
160921 12:24:37 1921941 XrootdXeq: snow.4135468:7@lutgw1.mpinet pvt IPv4 login as d146dd18.0
160921 12:24:37 1921941 snow.4135468:7@lutgw1.mpinet XrootdResponse: sending err 3010: Stating path '/atlas/test/' is disallowed.
160921 12:24:37 1921941 snow.4135468:7@lutgw1.mpinet XrootdResponse: sending err 3010: Opening path '/atlas/test/' is disallowed.
160921 12:24:37 1921941 XrootdXeq: snow.4135468:7@lutgw1.mpinet disc 0:00:08
160921 12:24:52 1921958 snow.4136032:29@lutgw1.mpinet XrootdProtocol: more auth requested; sz=2395
160921 12:24:52 1921958 secgsiVOMS_Fun: retrieval FAILED: VOMS extension not found!
160921 12:24:52 1921958 XrootdXeq: snow.4136032:29@lutgw1.mpinet pvt IPv4 login as d146dd18.0
160921 12:24:52 1921958 snow.4136032:29@lutgw1.mpinet XrootdResponse: sending err 3010: Stating path '/atlas/test/' is disallowed.
160921 12:24:52 1921958 snow.4136032:29@lutgw1.mpinet XrootdResponse: sending err 3010: Opening path '/atlas/test/' is disallowed.
160921 12:24:52 1921958 XrootdXeq: snow.4136032:29@lutgw1.mpinet disc 0:00:00
160921 12:26:17 1922504 Starting on Linux 2.6.32-642.4.2.el6.x86_64
Copr.  2004-2012 Stanford University, xrd version v4.3.0
++++++ xrootd anon@lutse1.lunet.edu initialization started.
Config using configuration file /etc/xrootd/xrootd-clustered.cfg
=====> all.adminpath /var/spool/xrootd
=====> xrd.port 1094
=====> all.sitename LUCILLE
=====> xrd.report uct2-int.mwt2.org:9931 every 60s all -buff -poll sync
Config maximum number of connections restricted to 65536
Config maximum number of threads restricted to 1024
Copr.  2012 Stanford University, xrootd protocol 3.0.0 version v4.3.0
++++++ xrootd protocol initialization started.
=====> all.pidpath /var/run/xrootd
=====> xrootd.redirect atlas-xrd-central.usatlas.org:1094 ? /atlas
=====> all.export /atlas/rucio r/o
=====> all.export /data/osg/cache r/o
=====> xrootd.seclib /usr/lib64/libXrdSec-4.so
=====> xrootd.trace emsg login stall redirect
=====> xrootd.monitor all auth flush 30s window 5s fstat 60 lfn ops xfr 5 dest redir fstat info user uct2-int.mwt2.org:9930 dest redir fstat info user atlas-fax-eu-collector.cern.ch:9330
Config exporting /atlas/rucio
Config exporting /data/osg/cache
Plugin No such file or directory loading seclib /usr/lib64/libXrdSec-4-4.so
Config Falling back to using /usr/lib64/libXrdSec-4.so
Plugin loaded 
++++++ Authentication system initialization started.
=====> sec.protparm gsi -vomsfun:/usr/lib64/libXrdSecgsiVOMS-4.so -vomsfunparms:certfmt=raw|vos=atlas|grps=/atlas
Plugin loaded 
160921 12:26:17 1922504 secgsi_InitOpts: *** ------------------------------------------------------------ ***
160921 12:26:17 1922504 secgsi_InitOpts:  Mode: server
160921 12:26:17 1922504 secgsi_InitOpts:  Debug: -1
160921 12:26:17 1922504 secgsi_InitOpts:  CA dir: /etc/grid-security/certificates/
160921 12:26:17 1922504 secgsi_InitOpts:  CA verification level: 1
160921 12:26:17 1922504 secgsi_InitOpts:  CRL dir: /etc/grid-security/certificates/
160921 12:26:17 1922504 secgsi_InitOpts:  CRL extension: .r0
160921 12:26:17 1922504 secgsi_InitOpts:  CRL check level: 3
160921 12:26:17 1922504 secgsi_InitOpts:  CRL refresh time: 86400
160921 12:26:17 1922504 secgsi_InitOpts:  Certificate: /etc/grid-security/xrd/xrdcert.pem
160921 12:26:17 1922504 secgsi_InitOpts:  Key: /etc/grid-security/xrd/xrdkey.pem
160921 12:26:17 1922504 secgsi_InitOpts:  Proxy delegation option: 0
160921 12:26:17 1922504 secgsi_InitOpts:  GRIDmap file: /dev/null
160921 12:26:17 1922504 secgsi_InitOpts:  GRIDmap option: 1
160921 12:26:17 1922504 secgsi_InitOpts:  GRIDmap cache entries expiration (secs): 600
160921 12:26:17 1922504 secgsi_InitOpts:  Client proxy availability in XrdSecEntity.endorsement: 0
160921 12:26:17 1922504 secgsi_InitOpts:  VOMS option: 1
160921 12:26:17 1922504 secgsi_InitOpts:  VOMS extraction function: /usr/lib64/libXrdSecgsiVOMS-4.so
160921 12:26:17 1922504 secgsi_InitOpts:  VOMS extraction function parms: certfmt=raw|vos=atlas|grps=/atlas
160921 12:26:17 1922504 secgsi_InitOpts:  MonInfo option: 0
160921 12:26:17 1922504 secgsi_InitOpts:  Crypto modules: ssl
160921 12:26:17 1922504 secgsi_InitOpts:  Ciphers: aes-128-cbc:bf-cbc:des-ede3-cbc
160921 12:26:17 1922504 secgsi_InitOpts:  MDigests: sha1:md5
160921 12:26:17 1922504 secgsi_InitOpts: *** ------------------------------------------------------------ ***
160921 12:26:17 1922504 secgsiVOMS_Init: WARNING: support for RAW format not available: forcing PEM
160921 12:26:17 1922504 secgsiVOMS_Init: ++++++++++++++++++ VOMS plugi-in ++++++++++++++++++++++++++++++
160921 12:26:17 1922504 secgsiVOMS_Init: +++ proxy fmt:    pem base64
160921 12:26:17 1922504 secgsiVOMS_Init: +++ group option: all of specified group(s)
160921 12:26:17 1922504 secgsiVOMS_Init: +++ group(s):     /atlas
160921 12:26:17 1922504 secgsiVOMS_Init: +++ VO(s):        atlas
160921 12:26:17 1922504 secgsiVOMS_Init: +++++++++++++++++++++++++++++++++++++++++++++++++++++++++++++++
160921 12:26:17 1922504 secgsi_LoadVOMSFun: using 'XrdSecgsiVOMSFun()' from /usr/lib64/libXrdSecgsiVOMS-4.so
=====> sec.protocol /usr/lib64 gsi -ca:1 -crl:3 -gridmap:/dev/null
Config 2 authentication directives processed in /etc/xrootd/xrootd-clustered.cfg
------ Authentication system initialization completed.
Config Routing for lutse1.lunet.edu: local pub4 prv4 
Config Route all4: lutse1.lunet.edu Dest=[::164.58.29.119]:1094
++++++ File system initialization started.
=====> all.role server
=====> ofs.authorize
++++++ Storage system initialization started.
=====> all.export /atlas/rucio r/o
=====> all.export /data/osg/cache r/o
=====> oss.namelib /usr/lib64/XrdOucName2NameLFC-4.so 
Plugin No such file or directory loading namelib /usr/lib64/XrdOucName2NameLFC-4-4.so
Config Falling back to using /usr/lib64/XrdOucName2NameLFC-4.so
Plugin loaded 
160921 12:26:17 0xc78f6720 XRD-N2N v2.1 starting, parameters: 
160921 12:26:17 0xc78f6720 XRD-N2N: Getting site LUCILLE prefix list from AGIS ... 
160921 12:26:19 0xc78f6720 XRD-N2N: prefix list: /data/osg/cache/atlasdatadisk,/data/osg/cache/atlasscratchdisk,/data/osg/cache/atlaslocalgroupdisk,/data/osg/cache/atlasproddisk,/data/osg/cache/atlasuserdisk
160921 12:26:19 0xc78f6720 XRD-N2N: rucio_n2n_init completed
160921 12:26:19 0xc78f6720 XRD-N2N: lookup /atlas/rucio
160921 12:26:19 0xc78f6720 XRD-N2N: no valid replica for /atlas/rucio
Config effective /etc/xrootd/xrootd-clustered.cfg oss configuration:
       oss.alloc        0 0 0
       oss.cachescan    600
       oss.fdlimit      32768 65536
       oss.maxsize      0
       oss.namelib /usr/lib64/XrdOucName2NameLFC-4.so
       oss.trace        0
       oss.xfr          1 deny 10800 keep 1200
       oss.memfile off  max 67640225792
       oss.defaults  r/w  nocheck nodread nomig norcreate nopurge nostage xattr
       oss.path /data/osg/cache r/o  nocheck nodread nomig norcreate nopurge nostage xattr
       oss.path /atlas/rucio r/o  nocheck nodread nomig norcreate nopurge nostage xattr
------ Storage system initialization completed.
++++++ Authorization system initialization started.
160921 12:26:19 1922504 acc_Config: Authorization system using configuration in /etc/xrootd/xrootd-clustered.cfg
=====> acc.authdb /etc/xrootd/auth_file
=====> acc.authrefresh 60
Config 2 authorization directives processed in /etc/xrootd/xrootd-clustered.cfg
Config 2 auth entries processed in /etc/xrootd/auth_file
------ Authorization system initialization completed.
++++++ Configuring server role. . .
Config Manager atlas-xrd-central.usatlas.org -> atlas-xrd-central01.usatlas.bnl.gov
Config Manager                                  192.12.15.138
Config Manager atlas-xrd-central.usatlas.org -> atlas-xrd-central02.usatlas.bnl.gov
Config Manager                                  192.12.15.139
=====> all.manager atlas-xrd-central.usatlas.org+:1095
=====> all.adminpath /var/spool/xrootd
Config effective /etc/xrootd/xrootd-clustered.cfg ofs configuration:
       all.role server
       ofs.authorize
       ofs.maxdelay   60
       ofs.persist    manual hold 600 logdir /var/spool/xrootd/.ofs/posc.log
       ofs.trace      0
------ File system server initialization completed.
160921 12:26:19 1922525 cms_Finder: Connected to cmsd via /var/spool/xrootd/.olb/olbd.admin
Config warning: 'xrootd.prepare logdir' not specified; prepare tracking disabled.
Config redirect enoent /atlas to atlas-xrd-central.usatlas.org:1094
------ xrootd protocol initialization completed.
------ xrootd anon@lutse1.lunet.edu:1094 initialization completed.
160921 12:27:01 1922509 XrootdXeq: rsv.4136757:7@lutgw1.mpinet disc 0:00:00
160921 12:28:32 1922539 rsv.4137030:28@lutgw1.mpinet XrootdProtocol: more auth requested; sz=2395
160921 12:28:32 1922539 secgsiVOMS_Fun: retrieval FAILED: VOMS extension not found!
160921 12:28:32 1922539 XrootdXeq: rsv.4137030:28@lutgw1.mpinet pvt IPv4 login as 2e5eb4da.0
160921 12:28:32 1922539 rsv.4137030:28@lutgw1.mpinet XrootdResponse: sending err 3010: Stating path '/atlas/test/' is disallowed.
160921 12:28:32 1922539 rsv.4137030:28@lutgw1.mpinet XrootdResponse: sending err 3010: Opening path '/atlas/test/' is disallowed.
160921 12:28:32 1922539 XrootdXeq: rsv.4137030:28@lutgw1.mpinet disc 0:00:00
160921 12:31:01 1922668 XrdProtocol: ?:7@lutgw1.mpinet terminated handshake not received
160921 12:36:45 1922669 rsv.4139716:28@lutgw1.mpinet XrootdProtocol: more auth requested; sz=2395
160921 12:36:45 1922669 secgsiVOMS_Fun: retrieval FAILED: VOMS extension not found!
160921 12:36:45 1922669 XrootdXeq: rsv.4139716:28@lutgw1.mpinet pvt IPv4 login as 2e5eb4da.0
160921 12:36:45 1922669 rsv.4139716:28@lutgw1.mpinet XrootdResponse: sending err 3010: Stating path '/atlas/test/' is disallowed.
160921 12:36:45 1922669 rsv.4139716:28@lutgw1.mpinet XrootdResponse: sending err 3010: Opening path '/atlas/test/' is disallowed.
160921 12:36:45 1922669 XrootdXeq: rsv.4139716:28@lutgw1.mpinet disc 0:00:00
160921 12:38:55 1922508 rsv.4140108:7@lutgw1.mpinet XrootdProtocol: more auth requested; sz=2395
160921 12:38:55 1922508 secgsiVOMS_Fun: retrieval FAILED: VOMS extension not found!
160921 12:38:55 1922508 XrootdXeq: rsv.4140108:7@lutgw1.mpinet pvt IPv4 login as 2e5eb4da.0
160921 12:38:55 1922508 rsv.4140108:7@lutgw1.mpinet XrootdResponse: sending err 3010: Stating path '/atlas/test/' is disallowed.
160921 12:38:55 1922508 rsv.4140108:7@lutgw1.mpinet XrootdResponse: sending err 3010: Opening path '/atlas/test/' is disallowed.
160921 12:38:55 1922508 XrootdXeq: rsv.4140108:7@lutgw1.mpinet disc 0:00:00
160921 13:01:00 1922509 XrdProtocol: ?:28@lutgw1.mpinet terminated handshake not received
160921 13:18:59 1922508 rsv.4153022:7@lutgw1.mpinet XrootdProtocol: more auth requested; sz=2395
160921 13:18:59 1922508 secgsiVOMS_Fun: retrieval FAILED: VOMS extension not found!
160921 13:18:59 1922508 XrootdXeq: rsv.4153022:7@lutgw1.mpinet pvt IPv4 login as 2e5eb4da.0
160921 13:18:59 1922508 rsv.4153022:7@lutgw1.mpinet XrootdResponse: sending err 3010: Stating path '/atlas/test/' is disallowed.
160921 13:18:59 1922508 rsv.4153022:7@lutgw1.mpinet XrootdResponse: sending err 3010: Opening path '/atlas/test/' is disallowed.
160921 13:18:59 1922508 XrootdXeq: rsv.4153022:7@lutgw1.mpinet disc 0:00:00
