2013-07-31 16:44:15,560 WARNING Option 'sponsor' in section 'Site Information' located in /etc/osg/config.d/40-siteinfo.ini: Can't currently check VOs in sponsor setting because the /var/lib/osg/user-vo-map is empty. If you are configuring osg components, this may be re
2013-07-31 16:44:15,562 INFO Configuration verified successfully
2013-07-31 16:50:40,171 INFO Configuration verified successfully
2013-07-31 16:50:43,189 INFO Updating /etc/grid-security/gsi-authz.conf
2013-07-31 16:50:43,426 INFO The following consumer subscription has been installed:
2013-07-31 16:50:43,427 INFO 	HOST:    http://is2.grid.iu.edu:14001
2013-07-31 16:50:43,427 INFO 	TOPIC:   OSG_CE
2013-07-31 16:50:43,427 INFO 	DIALECT: RAW

2013-07-31 16:50:43,501 INFO The following consumer subscription has been installed:
2013-07-31 16:50:43,502 INFO 	HOST:    http://is1.grid.iu.edu:14001
2013-07-31 16:50:43,502 INFO 	TOPIC:   OSG_CE
2013-07-31 16:50:43,502 INFO 	DIALECT: RAW

2013-07-31 16:50:43,576 INFO The following consumer subscription has been installed:
2013-07-31 16:50:43,577 INFO 	HOST:    https://osg-ress-1.fnal.gov:8443/ig/services/CEInfoCollector
2013-07-31 16:50:43,577 INFO 	TOPIC:   OSG_CE
2013-07-31 16:50:43,577 INFO 	DIALECT: OLD_CLASSAD

2013-07-31 16:50:43,863 INFO /usr/sbin/osg-configure completed
2013-07-31 18:18:52,537 INFO Updating /etc/grid-security/gsi-authz.conf
2013-07-31 18:18:52,808 INFO /usr/sbin/osg-configure completed
2013-07-31 18:19:01,746 INFO Updating /etc/grid-security/gsi-authz.conf
2013-07-31 18:19:02,395 INFO /usr/sbin/osg-configure completed
2013-07-31 18:42:46,787 INFO Updating /etc/grid-security/gsi-authz.conf
2013-07-31 18:42:47,564 INFO /usr/sbin/osg-configure completed
2013-07-31 18:42:50,042 INFO Updating /etc/grid-security/gsi-authz.conf
2013-07-31 18:42:50,484 INFO /usr/sbin/osg-configure completed
2013-08-01 10:07:56,273 INFO Configuration verified successfully
2013-08-01 10:08:03,578 INFO Updating /etc/grid-security/gsi-authz.conf
2013-08-01 10:08:03,876 INFO /usr/sbin/osg-configure completed
2013-08-01 11:00:30,952 INFO Updating /etc/grid-security/gsi-authz.conf
2013-08-01 11:00:31,259 INFO /usr/sbin/osg-configure completed
2013-08-01 11:03:47,241 INFO Updating /etc/grid-security/gsi-authz.conf
2013-08-01 11:03:47,595 INFO /usr/sbin/osg-configure completed
2013-08-01 11:22:47,033 INFO Updating /etc/grid-security/gsi-authz.conf
2013-08-01 11:22:47,353 INFO /usr/sbin/osg-configure completed
2013-08-01 11:36:22,132 INFO Updating /etc/grid-security/gsi-authz.conf
2013-08-01 11:36:22,433 INFO /usr/sbin/osg-configure completed
2013-08-01 12:24:11,530 INFO Configuration verified successfully
2013-08-01 12:24:14,942 INFO Updating /etc/grid-security/gsi-authz.conf
2013-08-01 12:24:15,482 INFO /usr/sbin/osg-configure completed
2013-08-01 13:39:59,418 INFO Updating /etc/grid-security/gsi-authz.conf
2013-08-01 13:39:59,917 INFO /usr/sbin/osg-configure completed
2013-08-15 09:58:51,336 DEBUG PBSConfiguration.__init__ started
2013-08-15 09:58:51,336 DEBUG PBSConfiguration.__init__ completed
2013-08-15 09:58:51,337 DEBUG NetworkConfiguration.configure started
2013-08-15 09:58:51,337 DEBUG NetworkConfiguration.configure completed
2013-08-15 09:58:51,338 DEBUG SGEConfiguration.__init__ started
2013-08-15 09:58:51,338 DEBUG SGEConfiguration.__init__ completed
2013-08-15 09:58:51,339 DEBUG RsvConfiguration.__init__ started
2013-08-15 09:58:51,339 DEBUG RsvConfiguration.__init__ completed
2013-08-15 09:58:51,340 DEBUG MiscConfiguration.__init__ started
2013-08-15 09:58:51,340 DEBUG MiscConfiguration.__init__ completed
2013-08-15 09:58:51,341 DEBUG ManagedForkConfiguration.__init__ started
2013-08-15 09:58:51,341 DEBUG ManagedForkConfiguration.__init__ completed
2013-08-15 09:58:51,342 DEBUG CondorConfiguration.__init__ started
2013-08-15 09:58:51,342 DEBUG CondorConfiguration.__init__ completed
2013-08-15 09:58:51,343 DEBUG LocalSettings.__init__ started
2013-08-15 09:58:51,343 DEBUG LocalSettings.__init__ completed
2013-08-15 09:58:51,343 DEBUG LSFConfiguration.__init__ started
2013-08-15 09:58:51,344 DEBUG LSFConfiguration.__init__ completed
2013-08-15 09:58:51,344 DEBUG StorageConfiguration.__init__ started
2013-08-15 09:58:51,345 DEBUG StorageConfiguration.__init__ completed
2013-08-15 09:58:51,345 DEBUG SlurmConfiguration.__init__ started
2013-08-15 09:58:51,346 DEBUG SlurmConfiguration.__init__ completed
2013-08-15 09:58:51,346 DEBUG LegacyConfiguration.__init__ started
2013-08-15 09:58:51,347 DEBUG LegacyConfiguration.__init__ completed
2013-08-15 09:58:51,351 DEBUG CemonConfiguration.__init__ started
2013-08-15 09:58:51,352 DEBUG CemonConfiguration.__init__ completed
2013-08-15 09:58:51,352 DEBUG GratiaConfiguration.__init__ started
2013-08-15 09:58:51,353 DEBUG GratiaConfiguration.__init__ completed
2013-08-15 09:58:51,353 DEBUG GipConfiguration.__init__ started
2013-08-15 09:58:51,353 DEBUG GipConfiguration.__init__ completed
2013-08-15 09:58:51,354 DEBUG SiteAttributes.__init__ started
2013-08-15 09:58:51,354 DEBUG SiteAttributes.__init__ completed
2013-08-15 09:58:51,355 DEBUG InstallLocations.configure started
2013-08-15 09:58:51,355 DEBUG InstallLocations.configure completed
2013-08-15 09:58:51,356 DEBUG SquidConfiguration.__init__ started
2013-08-15 09:58:51,356 DEBUG SquidConfiguration.__init__ completed
2013-08-15 09:58:51,357 DEBUG MonalisaConfiguration.__init__ started
2013-08-15 09:58:51,357 DEBUG MonalisaConfiguration.__init__ completed
2013-08-15 09:58:51,365 DEBUG PBSConfiguration.parseConfiguration started
2013-08-15 09:58:51,366 DEBUG Getting value for accounting_log_directory
2013-08-15 09:58:51,366 DEBUG Got 
2013-08-15 09:58:51,366 DEBUG Getting value for pbs_location
2013-08-15 09:58:51,366 DEBUG Got /usr
2013-08-15 09:58:51,366 DEBUG Getting value for job_contact
2013-08-15 09:58:51,367 DEBUG Got osg-ce.grid.uj.ac.za/jobmanager-pbs
2013-08-15 09:58:51,367 DEBUG Getting value for log_directory
2013-08-15 09:58:51,367 DEBUG Got 
2013-08-15 09:58:51,367 DEBUG Getting value for pbs_server
2013-08-15 09:58:51,367 DEBUG Got torque.grid.uj.ac.za
2013-08-15 09:58:51,367 DEBUG Getting value for util_contact
2013-08-15 09:58:51,367 DEBUG Got osg-ce.grid.uj.ac.za/jobmanager-pbs
2013-08-15 09:58:51,368 DEBUG Getting value for accept_limited
2013-08-15 09:58:51,368 DEBUG Got False
2013-08-15 09:58:51,368 DEBUG Getting value for seg_enabled
2013-08-15 09:58:51,368 DEBUG Got False
2013-08-15 09:58:51,368 DEBUG PBSConfiguration.parseConfiguration completed
2013-08-15 09:58:51,369 DEBUG NetworkConfiguration.parseConfiguration started
2013-08-15 09:58:51,369 DEBUG Getting value for port_range
2013-08-15 09:58:51,369 DEBUG Got 32000,65000
2013-08-15 09:58:51,369 DEBUG Getting value for port_state_file
2013-08-15 09:58:51,369 DEBUG Got 
2013-08-15 09:58:51,369 DEBUG Getting value for source_range
2013-08-15 09:58:51,369 DEBUG Got 32000,65000
2013-08-15 09:58:51,370 DEBUG Getting value for source_state_file
2013-08-15 09:58:51,370 DEBUG Got 
2013-08-15 09:58:51,370 DEBUG NetworkConfiguration.parseConfiguration completed
2013-08-15 09:58:51,370 DEBUG SGEConfiguration.parseConfiguration started
2013-08-15 09:58:51,370 DEBUG SGE section not found in config file
2013-08-15 09:58:51,370 DEBUG SGEConfiguration.parseConfiguration completed
2013-08-15 09:58:51,370 DEBUG RsvConfiguration.parseConfiguration started
2013-08-15 09:58:51,394 DEBUG Getting value for ce_hosts
2013-08-15 09:58:51,394 DEBUG Got osg-ce.grid.uj.ac.za
2013-08-15 09:58:51,394 DEBUG Getting value for srm_hosts
2013-08-15 09:58:51,394 DEBUG Got 
2013-08-15 09:58:51,395 DEBUG Getting value for gridftp_dir
2013-08-15 09:58:51,395 DEBUG Got /tmp
2013-08-15 09:58:51,395 DEBUG Getting value for service_proxy
2013-08-15 09:58:51,395 DEBUG Got /tmp/rsvproxy
2013-08-15 09:58:51,395 DEBUG Getting value for gums_hosts
2013-08-15 09:58:51,395 DEBUG Got 
2013-08-15 09:58:51,395 DEBUG Getting value for gridftp_hosts
2013-08-15 09:58:51,396 DEBUG Got 
2013-08-15 09:58:51,396 DEBUG Getting value for enable_local_probes
2013-08-15 09:58:51,396 DEBUG Got True
2013-08-15 09:58:51,396 DEBUG Getting value for enable_gratia
2013-08-15 09:58:51,396 DEBUG Got True
2013-08-15 09:58:51,396 DEBUG Getting value for nagios_send_nsca
2013-08-15 09:58:51,397 DEBUG Got False
2013-08-15 09:58:51,397 DEBUG Getting value for gratia_probes
2013-08-15 09:58:51,397 DEBUG Got metric, pbs, condor
2013-08-15 09:58:51,397 DEBUG Getting value for gratia_collector
2013-08-15 09:58:51,397 DEBUG Got rsv.grid.iu.edu:8880
2013-08-15 09:58:51,397 DEBUG Getting value for enable_nagios
2013-08-15 09:58:51,398 DEBUG Got False
2013-08-15 09:58:51,398 DEBUG Getting value for service_cert
2013-08-15 09:58:51,398 DEBUG Got /etc/grid-security/rsv/rsvcert.pem
2013-08-15 09:58:51,398 DEBUG Getting value for user_proxy
2013-08-15 09:58:51,398 DEBUG Got 
2013-08-15 09:58:51,398 DEBUG Getting value for srm_dir
2013-08-15 09:58:51,398 DEBUG Got None
2013-08-15 09:58:51,399 DEBUG Getting value for condor_location
2013-08-15 09:58:51,399 DEBUG Got /usr/bin
2013-08-15 09:58:51,399 DEBUG Getting value for service_key
2013-08-15 09:58:51,399 DEBUG Got /etc/grid-security/rsv/rsvkey.pem
2013-08-15 09:58:51,399 DEBUG Getting value for legacy_proxy
2013-08-15 09:58:51,399 DEBUG Got False
2013-08-15 09:58:51,400 DEBUG Getting value for srm_webservice_path
2013-08-15 09:58:51,400 DEBUG Got None
2013-08-15 09:58:51,401 DEBUG RsvConfiguration.parseConfiguration completed
2013-08-15 09:58:51,401 DEBUG MiscConfiguration.parseConfiguration started
2013-08-15 09:58:51,401 DEBUG Getting value for authorization_method
2013-08-15 09:58:51,401 DEBUG Got gridmap
2013-08-15 09:58:51,402 DEBUG Getting value for enable_cleanup
2013-08-15 09:58:51,402 DEBUG Got True
2013-08-15 09:58:51,402 DEBUG Getting value for cleanup_age_in_days
2013-08-15 09:58:51,402 DEBUG Got 14
2013-08-15 09:58:51,402 DEBUG Getting value for glexec_location
2013-08-15 09:58:51,402 DEBUG Got None
2013-08-15 09:58:51,403 DEBUG Getting value for cleanup_cron_time
2013-08-15 09:58:51,403 DEBUG Got 15 1 * * *
2013-08-15 09:58:51,403 DEBUG Getting value for gums_host
2013-08-15 09:58:51,403 DEBUG Got None
2013-08-15 09:58:51,403 DEBUG Getting value for cleanup_users_list
2013-08-15 09:58:51,403 DEBUG Got @vo-file
2013-08-15 09:58:51,403 DEBUG MiscConfiguration.parseConfiguration completed
2013-08-15 09:58:51,403 DEBUG ManagedForkConfiguration.parseConfiguration started
2013-08-15 09:58:51,404 DEBUG Getting value for condor_location
2013-08-15 09:58:51,404 DEBUG Got None
2013-08-15 09:58:51,404 DEBUG Getting value for accept_limited
2013-08-15 09:58:51,404 DEBUG Got False
2013-08-15 09:58:51,404 DEBUG Getting value for enabled
2013-08-15 09:58:51,404 DEBUG Got True
2013-08-15 09:58:51,405 DEBUG Getting value for condor_config
2013-08-15 09:58:51,405 DEBUG Got None
2013-08-15 09:58:51,408 WARNING Option 'condor_location' in section 'Managed Fork' located in /etc/osg/config.d/15-managedfork.ini: This setting is not used and will be ignored
2013-08-15 09:58:51,409 DEBUG ManagedForkConfiguration.parseConfiguration completed
2013-08-15 09:58:51,409 DEBUG CondorConfiguration.parseConfiguration started
2013-08-15 09:58:51,409 DEBUG Condor section not in config file
2013-08-15 09:58:51,409 DEBUG CondorConfiguration.parseConfiguration completed
2013-08-15 09:58:51,418 DEBUG LocalSettings.parseConfiguration started
2013-08-15 09:58:51,418 DEBUG LocalSettings.parseConfiguration completed
2013-08-15 09:58:51,418 DEBUG LSFConfiguration.parseConfiguration started
2013-08-15 09:58:51,418 DEBUG LSF section not found in config file
2013-08-15 09:58:51,418 DEBUG LSFConfiguration.parseConfiguration completed
2013-08-15 09:58:51,419 DEBUG StorageConfiguration.parseAttributes started
2013-08-15 09:58:51,421 DEBUG Getting value for default_se
2013-08-15 09:58:51,422 DEBUG Got None
2013-08-15 09:58:51,422 DEBUG Getting value for site_write
2013-08-15 09:58:51,422 DEBUG Got None
2013-08-15 09:58:51,422 DEBUG Getting value for data_dir
2013-08-15 09:58:51,422 DEBUG Got /nfs/osg/data
2013-08-15 09:58:51,422 DEBUG Getting value for worker_node_temp
2013-08-15 09:58:51,423 DEBUG Got /scratch/pbs
2013-08-15 09:58:51,423 DEBUG Getting value for app_dir
2013-08-15 09:58:51,423 DEBUG Got /nfs/osg/app
2013-08-15 09:58:51,423 DEBUG Getting value for se_available
2013-08-15 09:58:51,423 DEBUG Got False
2013-08-15 09:58:51,423 DEBUG Getting value for site_read
2013-08-15 09:58:51,424 DEBUG Got None
2013-08-15 09:58:51,424 DEBUG Getting value for grid_dir
2013-08-15 09:58:51,424 DEBUG Got /nfs/osg/osg-wn-client
2013-08-15 09:58:51,424 DEBUG StorageConfiguration.parseAttributes completed
2013-08-15 09:58:51,424 DEBUG SlurmConfiguration.parseConfiguration started
2013-08-15 09:58:51,424 DEBUG SLURM section not found in config file
2013-08-15 09:58:51,425 DEBUG SlurmConfiguration.parseConfiguration completed
2013-08-15 09:58:51,425 DEBUG CemonConfiguration.parseConfiguration started
2013-08-15 09:58:51,427 DEBUG Getting value for bdii_servers
2013-08-15 09:58:51,428 DEBUG Got http://is1.grid.iu.edu:14001[RAW],http://is2.grid.iu.edu:14001[RAW]
2013-08-15 09:58:51,428 DEBUG Getting value for ress_servers
2013-08-15 09:58:51,428 DEBUG Got https://osg-ress-1.fnal.gov:8443/ig/services/CEInfoCollector[OLD_CLASSAD]
2013-08-15 09:58:51,429 DEBUG GratiaConfiguration.parseConfiguration started
2013-08-15 09:58:51,432 CRITICAL Error in GratiaConfiguration while parsing configuration
2013-08-15 09:58:51,432 CRITICAL Exception: Can't get value for condor_location in Condor section
2013-08-15 09:59:28,813 DEBUG PBSConfiguration.__init__ started
2013-08-15 09:59:28,813 DEBUG PBSConfiguration.__init__ completed
2013-08-15 09:59:28,814 DEBUG NetworkConfiguration.configure started
2013-08-15 09:59:28,814 DEBUG NetworkConfiguration.configure completed
2013-08-15 09:59:28,815 DEBUG SGEConfiguration.__init__ started
2013-08-15 09:59:28,815 DEBUG SGEConfiguration.__init__ completed
2013-08-15 09:59:28,816 DEBUG RsvConfiguration.__init__ started
2013-08-15 09:59:28,816 DEBUG RsvConfiguration.__init__ completed
2013-08-15 09:59:28,817 DEBUG MiscConfiguration.__init__ started
2013-08-15 09:59:28,818 DEBUG MiscConfiguration.__init__ completed
2013-08-15 09:59:28,818 DEBUG ManagedForkConfiguration.__init__ started
2013-08-15 09:59:28,818 DEBUG ManagedForkConfiguration.__init__ completed
2013-08-15 09:59:28,819 DEBUG CondorConfiguration.__init__ started
2013-08-15 09:59:28,819 DEBUG CondorConfiguration.__init__ completed
2013-08-15 09:59:28,820 DEBUG LocalSettings.__init__ started
2013-08-15 09:59:28,820 DEBUG LocalSettings.__init__ completed
2013-08-15 09:59:28,820 DEBUG LSFConfiguration.__init__ started
2013-08-15 09:59:28,820 DEBUG LSFConfiguration.__init__ completed
2013-08-15 09:59:28,821 DEBUG StorageConfiguration.__init__ started
2013-08-15 09:59:28,821 DEBUG StorageConfiguration.__init__ completed
2013-08-15 09:59:28,822 DEBUG SlurmConfiguration.__init__ started
2013-08-15 09:59:28,822 DEBUG SlurmConfiguration.__init__ completed
2013-08-15 09:59:28,822 DEBUG LegacyConfiguration.__init__ started
2013-08-15 09:59:28,823 DEBUG LegacyConfiguration.__init__ completed
2013-08-15 09:59:28,827 DEBUG CemonConfiguration.__init__ started
2013-08-15 09:59:28,827 DEBUG CemonConfiguration.__init__ completed
2013-08-15 09:59:28,828 DEBUG GratiaConfiguration.__init__ started
2013-08-15 09:59:28,828 DEBUG GratiaConfiguration.__init__ completed
2013-08-15 09:59:28,829 DEBUG GipConfiguration.__init__ started
2013-08-15 09:59:28,829 DEBUG GipConfiguration.__init__ completed
2013-08-15 09:59:28,830 DEBUG SiteAttributes.__init__ started
2013-08-15 09:59:28,830 DEBUG SiteAttributes.__init__ completed
2013-08-15 09:59:28,831 DEBUG InstallLocations.configure started
2013-08-15 09:59:28,831 DEBUG InstallLocations.configure completed
2013-08-15 09:59:28,831 DEBUG SquidConfiguration.__init__ started
2013-08-15 09:59:28,832 DEBUG SquidConfiguration.__init__ completed
2013-08-15 09:59:28,832 DEBUG MonalisaConfiguration.__init__ started
2013-08-15 09:59:28,832 DEBUG MonalisaConfiguration.__init__ completed
2013-08-15 09:59:28,840 DEBUG PBSConfiguration.parseConfiguration started
2013-08-15 09:59:28,840 DEBUG Getting value for accounting_log_directory
2013-08-15 09:59:28,840 DEBUG Got 
2013-08-15 09:59:28,841 DEBUG Getting value for pbs_location
2013-08-15 09:59:28,841 DEBUG Got /usr
2013-08-15 09:59:28,841 DEBUG Getting value for job_contact
2013-08-15 09:59:28,841 DEBUG Got osg-ce.grid.uj.ac.za/jobmanager-pbs
2013-08-15 09:59:28,841 DEBUG Getting value for log_directory
2013-08-15 09:59:28,841 DEBUG Got 
2013-08-15 09:59:28,841 DEBUG Getting value for pbs_server
2013-08-15 09:59:28,842 DEBUG Got torque.grid.uj.ac.za
2013-08-15 09:59:28,842 DEBUG Getting value for util_contact
2013-08-15 09:59:28,842 DEBUG Got osg-ce.grid.uj.ac.za/jobmanager-pbs
2013-08-15 09:59:28,842 DEBUG Getting value for accept_limited
2013-08-15 09:59:28,842 DEBUG Got False
2013-08-15 09:59:28,842 DEBUG Getting value for seg_enabled
2013-08-15 09:59:28,842 DEBUG Got False
2013-08-15 09:59:28,842 DEBUG PBSConfiguration.parseConfiguration completed
2013-08-15 09:59:28,843 DEBUG NetworkConfiguration.parseConfiguration started
2013-08-15 09:59:28,843 DEBUG Getting value for port_range
2013-08-15 09:59:28,843 DEBUG Got 32000,65000
2013-08-15 09:59:28,843 DEBUG Getting value for port_state_file
2013-08-15 09:59:28,843 DEBUG Got 
2013-08-15 09:59:28,843 DEBUG Getting value for source_range
2013-08-15 09:59:28,843 DEBUG Got 32000,65000
2013-08-15 09:59:28,844 DEBUG Getting value for source_state_file
2013-08-15 09:59:28,844 DEBUG Got 
2013-08-15 09:59:28,844 DEBUG NetworkConfiguration.parseConfiguration completed
2013-08-15 09:59:28,844 DEBUG SGEConfiguration.parseConfiguration started
2013-08-15 09:59:28,844 DEBUG SGE section not found in config file
2013-08-15 09:59:28,844 DEBUG SGEConfiguration.parseConfiguration completed
2013-08-15 09:59:28,844 DEBUG RsvConfiguration.parseConfiguration started
2013-08-15 09:59:28,848 DEBUG Getting value for ce_hosts
2013-08-15 09:59:28,848 DEBUG Got osg-ce.grid.uj.ac.za
2013-08-15 09:59:28,848 DEBUG Getting value for srm_hosts
2013-08-15 09:59:28,848 DEBUG Got 
2013-08-15 09:59:28,848 DEBUG Getting value for gridftp_dir
2013-08-15 09:59:28,849 DEBUG Got /tmp
2013-08-15 09:59:28,849 DEBUG Getting value for service_proxy
2013-08-15 09:59:28,849 DEBUG Got /tmp/rsvproxy
2013-08-15 09:59:28,849 DEBUG Getting value for gums_hosts
2013-08-15 09:59:28,849 DEBUG Got 
2013-08-15 09:59:28,849 DEBUG Getting value for gridftp_hosts
2013-08-15 09:59:28,849 DEBUG Got 
2013-08-15 09:59:28,850 DEBUG Getting value for enable_local_probes
2013-08-15 09:59:28,850 DEBUG Got True
2013-08-15 09:59:28,850 DEBUG Getting value for enable_gratia
2013-08-15 09:59:28,850 DEBUG Got True
2013-08-15 09:59:28,850 DEBUG Getting value for nagios_send_nsca
2013-08-15 09:59:28,850 DEBUG Got False
2013-08-15 09:59:28,850 DEBUG Getting value for gratia_probes
2013-08-15 09:59:28,850 DEBUG Got metric, pbs, condor
2013-08-15 09:59:28,851 DEBUG Getting value for gratia_collector
2013-08-15 09:59:28,851 DEBUG Got rsv.grid.iu.edu:8880
2013-08-15 09:59:28,851 DEBUG Getting value for enable_nagios
2013-08-15 09:59:28,851 DEBUG Got False
2013-08-15 09:59:28,851 DEBUG Getting value for service_cert
2013-08-15 09:59:28,851 DEBUG Got /etc/grid-security/rsv/rsvcert.pem
2013-08-15 09:59:28,851 DEBUG Getting value for user_proxy
2013-08-15 09:59:28,851 DEBUG Got 
2013-08-15 09:59:28,852 DEBUG Getting value for srm_dir
2013-08-15 09:59:28,852 DEBUG Got None
2013-08-15 09:59:28,852 DEBUG Getting value for condor_location
2013-08-15 09:59:28,852 DEBUG Got 
2013-08-15 09:59:28,852 DEBUG Getting value for service_key
2013-08-15 09:59:28,852 DEBUG Got /etc/grid-security/rsv/rsvkey.pem
2013-08-15 09:59:28,852 DEBUG Getting value for legacy_proxy
2013-08-15 09:59:28,852 DEBUG Got False
2013-08-15 09:59:28,853 DEBUG Getting value for srm_webservice_path
2013-08-15 09:59:28,853 DEBUG Got None
2013-08-15 09:59:28,854 DEBUG RsvConfiguration.parseConfiguration completed
2013-08-15 09:59:28,854 DEBUG MiscConfiguration.parseConfiguration started
2013-08-15 09:59:28,854 DEBUG Getting value for authorization_method
2013-08-15 09:59:28,854 DEBUG Got gridmap
2013-08-15 09:59:28,855 DEBUG Getting value for enable_cleanup
2013-08-15 09:59:28,855 DEBUG Got True
2013-08-15 09:59:28,855 DEBUG Getting value for cleanup_age_in_days
2013-08-15 09:59:28,855 DEBUG Got 14
2013-08-15 09:59:28,855 DEBUG Getting value for glexec_location
2013-08-15 09:59:28,855 DEBUG Got None
2013-08-15 09:59:28,855 DEBUG Getting value for cleanup_cron_time
2013-08-15 09:59:28,855 DEBUG Got 15 1 * * *
2013-08-15 09:59:28,856 DEBUG Getting value for gums_host
2013-08-15 09:59:28,856 DEBUG Got None
2013-08-15 09:59:28,856 DEBUG Getting value for cleanup_users_list
2013-08-15 09:59:28,856 DEBUG Got @vo-file
2013-08-15 09:59:28,856 DEBUG MiscConfiguration.parseConfiguration completed
2013-08-15 09:59:28,856 DEBUG ManagedForkConfiguration.parseConfiguration started
2013-08-15 09:59:28,856 DEBUG Getting value for condor_location
2013-08-15 09:59:28,856 DEBUG Got None
2013-08-15 09:59:28,857 DEBUG Getting value for accept_limited
2013-08-15 09:59:28,857 DEBUG Got False
2013-08-15 09:59:28,857 DEBUG Getting value for enabled
2013-08-15 09:59:28,857 DEBUG Got True
2013-08-15 09:59:28,857 DEBUG Getting value for condor_config
2013-08-15 09:59:28,857 DEBUG Got None
2013-08-15 09:59:28,860 WARNING Option 'condor_location' in section 'Managed Fork' located in /etc/osg/config.d/15-managedfork.ini: This setting is not used and will be ignored
2013-08-15 09:59:28,860 DEBUG ManagedForkConfiguration.parseConfiguration completed
2013-08-15 09:59:28,861 DEBUG CondorConfiguration.parseConfiguration started
2013-08-15 09:59:28,861 DEBUG Condor section not in config file
2013-08-15 09:59:28,861 DEBUG CondorConfiguration.parseConfiguration completed
2013-08-15 09:59:28,868 DEBUG LocalSettings.parseConfiguration started
2013-08-15 09:59:28,869 DEBUG LocalSettings.parseConfiguration completed
2013-08-15 09:59:28,869 DEBUG LSFConfiguration.parseConfiguration started
2013-08-15 09:59:28,869 DEBUG LSF section not found in config file
2013-08-15 09:59:28,869 DEBUG LSFConfiguration.parseConfiguration completed
2013-08-15 09:59:28,869 DEBUG StorageConfiguration.parseAttributes started
2013-08-15 09:59:28,872 DEBUG Getting value for default_se
2013-08-15 09:59:28,873 DEBUG Got None
2013-08-15 09:59:28,873 DEBUG Getting value for site_write
2013-08-15 09:59:28,873 DEBUG Got None
2013-08-15 09:59:28,873 DEBUG Getting value for data_dir
2013-08-15 09:59:28,873 DEBUG Got /nfs/osg/data
2013-08-15 09:59:28,873 DEBUG Getting value for worker_node_temp
2013-08-15 09:59:28,873 DEBUG Got /scratch/pbs
2013-08-15 09:59:28,874 DEBUG Getting value for app_dir
2013-08-15 09:59:28,874 DEBUG Got /nfs/osg/app
2013-08-15 09:59:28,874 DEBUG Getting value for se_available
2013-08-15 09:59:28,874 DEBUG Got False
2013-08-15 09:59:28,874 DEBUG Getting value for site_read
2013-08-15 09:59:28,874 DEBUG Got None
2013-08-15 09:59:28,874 DEBUG Getting value for grid_dir
2013-08-15 09:59:28,874 DEBUG Got /nfs/osg/osg-wn-client
2013-08-15 09:59:28,875 DEBUG StorageConfiguration.parseAttributes completed
2013-08-15 09:59:28,875 DEBUG SlurmConfiguration.parseConfiguration started
2013-08-15 09:59:28,875 DEBUG SLURM section not found in config file
2013-08-15 09:59:28,875 DEBUG SlurmConfiguration.parseConfiguration completed
2013-08-15 09:59:28,875 DEBUG CemonConfiguration.parseConfiguration started
2013-08-15 09:59:28,878 DEBUG Getting value for bdii_servers
2013-08-15 09:59:28,878 DEBUG Got http://is1.grid.iu.edu:14001[RAW],http://is2.grid.iu.edu:14001[RAW]
2013-08-15 09:59:28,878 DEBUG Getting value for ress_servers
2013-08-15 09:59:28,879 DEBUG Got https://osg-ress-1.fnal.gov:8443/ig/services/CEInfoCollector[OLD_CLASSAD]
2013-08-15 09:59:28,879 DEBUG GratiaConfiguration.parseConfiguration started
2013-08-15 09:59:28,882 CRITICAL Error in GratiaConfiguration while parsing configuration
2013-08-15 09:59:28,883 CRITICAL Exception: Can't get value for condor_location in Condor section