19:51:14 EST Gratia: Using config file: /etc/gratia/condor/ProbeConfig
19:51:14 EST Gratia: Initializing Gratia with /etc/gratia/condor/ProbeConfig
19:51:14 EST Gratia: Creating a ProbeDetails record 2016-02-18T00:51:14Z
19:51:14 EST Gratia: ***********************************************************
19:51:14 EST Gratia: OK - Handshake added to bundle (1/100)
19:51:14 EST Gratia: ***********************************************************
19:51:14 EST Gratia: List of backup directories: [u'/var/lib/gratia/tmp']
19:51:14 EST Gratia: Reprocessing response: OK - Reprocessing 0 record(s) uploaded, 0 bundled, 0 failed
19:51:14 EST Gratia: After reprocessing: 0 in outbox 0 in staged outbox 0 tar files
19:51:15 EST Gratia: Creating a UsageRecord 2016-02-18T00:51:15Z
19:51:15 EST Gratia: Registering transient input file: /var/lib/gratia/data/history.17419.0
19:51:15 EST Gratia: ***********************************************************
19:51:15 EST Gratia: ERROR: unable to find valid certinfo file for job 17419. Globbing disabled.
19:51:15 EST Gratia: Saved record to /var/lib/gratia/tmp/gratiafiles/subdir.condor_ligo-6.pace.gatech.edu_gratia-osg-prod.opensciencegrid.org_80/outbox/r.4848.gratia.xml__FBVFSXQJdH
19:51:15 EST Gratia: Deleting transient input file: /var/lib/gratia/data/history.17419.0
19:51:15 EST Gratia: OK - Record added to bundle (2/100)
19:51:15 EST Gratia: ***********************************************************
19:51:15 EST Gratia: Processing bundle file: 
19:51:15 EST Gratia: Processing bundle file: /var/lib/gratia/tmp/gratiafiles/subdir.condor_ligo-6.pace.gatech.edu_gratia-osg-prod.opensciencegrid.org_80/outbox/r.4848.gratia.xml__FBVFSXQJdH
19:51:15 EST Gratia: Connection via HTTP to: gratia-osg-prod.opensciencegrid.org:80
19:51:15 EST Gratia: Bundle response indicates success, /var/lib/gratia/tmp/gratiafiles/subdir.condor_ligo-6.pace.gatech.edu_gratia-osg-prod.opensciencegrid.org_80/outbox/r.4848.gratia.xml__FBVFSXQJdH will be deleted
19:51:15 EST Gratia: OK - Processed bundle with 2 records:  OK
19:51:15 EST Gratia: ***********************************************************
19:51:15 EST Gratia: Removing log files older than 31 days from /var/log/gratia
19:51:15 EST Gratia: /var/log/gratia uses 0.012% and there is 28% free
19:51:15 EST Gratia: Removing incomplete data files older than 31 days from /var/lib/gratia/data/
19:51:15 EST Gratia: Removing quarantines data files older than 31 days from /var/lib/gratia/data/quarantine
19:51:15 EST Gratia: End of execution summary: new records sent successfully: 1
19:51:15 EST Gratia:                           new records suppressed: 0
19:51:15 EST Gratia:                           new records failed: 0
19:51:15 EST Gratia:                           records reprocessed successfully: 0
19:51:15 EST Gratia:                           reprocessed records failed: 0
19:51:15 EST Gratia:                           handshake records sent successfully: 1
19:51:15 EST Gratia:                           handshake records failed: 0
19:51:15 EST Gratia:                           bundle of records sent successfully: 1
19:51:15 EST Gratia:                           bundle of records failed: 0
19:51:15 EST Gratia:                           outstanding records: 0
19:51:15 EST Gratia:                           outstanding staged records: 0
19:51:15 EST Gratia:                           outstanding records tar files: 0
19:51:15 EST Gratia: End-of-execution disconnect ...
