Job Name: 42201da6-1b07-11e8-a145-02163e01877e-25
WMBS job id: 3155896
Workflow: pdmvserv_task_HIG-RunIIFall17wmLHEGS-00604__v1_T_180220_113631_4685
Task: /pdmvserv_task_HIG-RunIIFall17wmLHEGS-00604__v1_T_180220_113631_4685/HIG-RunIIFall17wmLHEGS-00604_0/HIG-RunIIFall17DRPremix-00749_0
Status: jobcooloff
Input dataset:
Site: T2_US_Florida
Agent: vocms0250.cern.ch
ACDC URL: https://cmsweb.cern.ch/couchdb/acdcserver
State Transition
jobcooloff: 2018/2/26 (Mon) 16:25:22 UTC, T2_US_Florida
Exit code: 99303
Retry count: 0
Errors:
NoJobReport
NoJobReport (Exit Code: 99303)
Could not find jobReport

========== condor.26350.27.err ==========
Adding end of condor.26350.27.err to error message:

mWARNING: Not mounting requested bind point (already mounted in container): /srv
mmWARNING: Skipping scratch directory mount, target directory does not exist: /var/tmp
mmWARNING: Container does not have an exec helper script, calling '/srv/.osgvo-user-job-wrapper.sh' directly
m1mERROR  : Failed to execvp() /srv/.osgvo-user-job-wrapper.sh: Permission denied
mmABORT  : Retval = 255
m


========== condor.26350.27.out ==========
Adding end of condor.26350.27.out to error message:




========== condor.26350.27.log ==========
Adding end of condor.26350.27.log to error message:

    <a n="JobStatus"><i>2</i></a>
    <a n="Subproc"><i>0</i></a>
    <a n="ResidentSetSize"><i>0</i></a>
    <a n="Proc"><i>27</i></a>
    <a n="Size"><i>100</i></a>
    <a n="MachineAttrGLIDEIN_CMSSite0"><s>T2_US_Florida</s></a>
</c>
<c>
    <a n="SentBytes"><r>4.180000000000000E+02</r></a>
    <a n="Message"><s>Error from slot1_1@glidein_13121_245885200@c30a-s5.ufhpc: STARTER at 10.13.162.73 failed to send file(s) to &lt;188.184.86.128:4080&gt;: error reading from /scratch/local/17319405/17319405.cms_slurm_job/glide_TwMosw/execute/dir_28895/Report.0.pkl: (errno 2) No such file or directory; SHADOW failed to receive file(s) from &lt;128.227.90.118:33412&gt;</s></a>
    <a n="Proc"><i>27</i></a>
    <a n="Cluster"><i>26350</i></a>
    <a n="EventTime"><s>2018-02-26T17:21:29</s></a>
    <a n="ReceivedBytes"><r>1.195907000000000E+07</r></a>
    <a n="MyType"><s>ShadowExceptionEvent</s></a>
    <a n="Subproc"><i>0</i></a>
    <a n="EventTypeNumber"><i>7</i></a>
</c>
<c>
    <a n="HoldReasonCode"><i>13</i></a>
    <a n="HoldReason"><s>Error from slot1_1@glidein_13121_245885200@c30a-s5.ufhpc: STARTER at 10.13.162.73 failed to send file(s) to &lt;188.184.86.128:4080&gt;: error reading from /scratch/local/17319405/17319405.cms_slurm_job/glide_TwMosw/execute/dir_28895/Report.0.pkl: (errno 2) No such file or directory; SHADOW failed to receive file(s) from &lt;128.227.90.118:33412&gt;</s></a>
    <a n="Proc"><i>27</i></a>
    <a n="Cluster"><i>26350</i></a>
    <a n="EventTime"><s>2018-02-26T17:21:30</s></a>
    <a n="MyType"><s>JobHeldEvent</s></a>
    <a n="HoldReasonSubCode"><i>2</i></a>
    <a n="Subproc"><i>0</i></a>
    <a n="EventTypeNumber"><i>12</i></a>
</c>
<c>
    <a n="TriggerEventTypeNumber"><i>12</i></a>
    <a n="DESIRED_Sites"><s>T1_US_FNAL,T2_CH_CERN,T2_US_Caltech,T2_US_Florida,T2_US_MIT,T2_US_Nebraska,T2_US_Purdue,T2_US_UCSD,T2_US_Vanderbilt,T2_US_Wisconsin,T3_US_NERSC,T3_US_OSG</s></a>
    <a n="JobStartDate"><i>1519662079</i></a>
    <a n="ExtDESIRED_Sites"><s>T2_US_Nebraska</s></a>
    <a n="EnteredCurrentStatus"><i>1519662090</i></a>
    <a n="QDate"><i>1519657988</i></a>
    <a n="EventTypeNumber"><i>28</i></a>
    <a n="Subproc"><i>0</i></a>
    <a n="HoldReasonSubCode"><i>2</i></a>
    <a n="MyType"><s>JobAdInformationEvent</s></a>
    <a n="TriggerEventTypeName"><s>ULOG_JOB_HELD</s></a>
    <a n="EventTime"><s>2018-02-26T17:21:30</s></a>
    <a n="Cluster"><i>26350</i></a>
    <a n="MachineAttrGLIDEIN_CMSSite0"><s>T2_US_Florida</s></a>
    <a n="Proc"><i>27</i></a>
    <a n="JobStatus"><i>5</i></a>
    <a n="HoldReasonCode"><i>13</i></a>
    <a n="HoldReason"><s>Error from slot1_1@glidein_13121_245885200@c30a-s5.ufhpc: STARTER at 10.13.162.73 failed to send file(s) to &lt;188.184.86.128:4080&gt;: error reading from /scratch/local/17319405/17319405.cms_slurm_job/glide_TwMosw/execute/dir_28895/Report.0.pkl: (errno 2) No such file or directory; SHADOW failed to receive file(s) from &lt;128.227.90.118:33412&gt;</s></a>
    <a n="WMAgent_JobID"><i>3155896</i></a>
</c>




Input files:
Lumis:
Output:
log archive: