2012-06-18 13:54:05.703Z - ERROR [JDBCExceptionReporter] - Table 'voms_UC3.task' doesn't exist
2012-06-18 13:54:05.725Z - ERROR [DatabaseTransactionTaskWrapper] - An unexpected exception was caught while executing task TaskStatusUpdater
2012-06-18 13:54:05.731Z - ERROR [DatabaseTransactionTaskWrapper] - could not execute query
org.hibernate.exception.SQLGrammarException: could not execute query
	at org.hibernate.exception.SQLStateConverter.convert(SQLStateConverter.java:67) [hibernate-3.2.6.ga.jar:3.2.6.ga]
	at org.hibernate.exception.JDBCExceptionHelper.convert(JDBCExceptionHelper.java:43) [hibernate-3.2.6.ga.jar:3.2.6.ga]
	at org.hibernate.loader.Loader.doList(Loader.java:2216) [hibernate-3.2.6.ga.jar:3.2.6.ga]
	at org.hibernate.loader.Loader.listIgnoreQueryCache(Loader.java:2104) [hibernate-3.2.6.ga.jar:3.2.6.ga]
	at org.hibernate.loader.Loader.list(Loader.java:2099) [hibernate-3.2.6.ga.jar:3.2.6.ga]
	at org.hibernate.loader.criteria.CriteriaLoader.list(CriteriaLoader.java:94) [hibernate-3.2.6.ga.jar:3.2.6.ga]
	at org.hibernate.impl.SessionImpl.list(SessionImpl.java:1569) [hibernate-3.2.6.ga.jar:3.2.6.ga]
	at org.hibernate.impl.CriteriaImpl.list(CriteriaImpl.java:283) [hibernate-3.2.6.ga.jar:3.2.6.ga]
	at org.glite.security.voms.admin.persistence.dao.hibernate.GenericHibernateDAO.findByCriteria(GenericHibernateDAO.java:133) [GenericHibernateDAO.class:na]
	at org.glite.security.voms.admin.persistence.dao.hibernate.TaskDAOHibernate.getActiveTasks(TaskDAOHibernate.java:117) [TaskDAOHibernate.class:na]
	at org.glite.security.voms.admin.core.tasks.TaskStatusUpdater.run(TaskStatusUpdater.java:39) [TaskStatusUpdater.class:na]
	at org.glite.security.voms.admin.core.tasks.DatabaseTransactionTaskWrapper.run(DatabaseTransactionTaskWrapper.java:50) [DatabaseTransactionTaskWrapper.class:na]
	at java.util.concurrent.Executors$RunnableAdapter.call(Executors.java:441) [na:1.6.0_31]
	at java.util.concurrent.FutureTask$Sync.innerRunAndReset(FutureTask.java:317) [na:1.6.0_31]
	at java.util.concurrent.FutureTask.runAndReset(FutureTask.java:150) [na:1.6.0_31]
	at java.util.concurrent.ScheduledThreadPoolExecutor$ScheduledFutureTask.access$101(ScheduledThreadPoolExecutor.java:98) [na:1.6.0_31]
	at java.util.concurrent.ScheduledThreadPoolExecutor$ScheduledFutureTask.runPeriodic(ScheduledThreadPoolExecutor.java:180) [na:1.6.0_31]
	at java.util.concurrent.ScheduledThreadPoolExecutor$ScheduledFutureTask.run(ScheduledThreadPoolExecutor.java:204) [na:1.6.0_31]
	at java.util.concurrent.ThreadPoolExecutor$Worker.runTask(ThreadPoolExecutor.java:886) [na:1.6.0_31]
	at java.util.concurrent.ThreadPoolExecutor$Worker.run(ThreadPoolExecutor.java:908) [na:1.6.0_31]
	at java.lang.Thread.run(Thread.java:662) [na:1.6.0_31]
Caused by: com.mysql.jdbc.exceptions.MySQLSyntaxErrorException: Table 'voms_UC3.task' doesn't exist
	at com.mysql.jdbc.SQLError.createSQLException(SQLError.java:936) [mysql-connector-java-5.0.7.jar:na]
	at com.mysql.jdbc.MysqlIO.checkErrorPacket(MysqlIO.java:2985) [mysql-connector-java-5.0.7.jar:na]
	at com.mysql.jdbc.MysqlIO.sendCommand(MysqlIO.java:1631) [mysql-connector-java-5.0.7.jar:na]
	at com.mysql.jdbc.MysqlIO.sqlQueryDirect(MysqlIO.java:1723) [mysql-connector-java-5.0.7.jar:na]
	at com.mysql.jdbc.Connection.execSQL(Connection.java:3256) [mysql-connector-java-5.0.7.jar:na]
	at com.mysql.jdbc.PreparedStatement.executeInternal(PreparedStatement.java:1313) [mysql-connector-java-5.0.7.jar:na]
	at com.mysql.jdbc.PreparedStatement.executeQuery(PreparedStatement.java:1448) [mysql-connector-java-5.0.7.jar:na]
	at com.mchange.v2.c3p0.impl.NewProxyPreparedStatement.executeQuery(NewProxyPreparedStatement.java:76) [c3p0-0.9.1.jar:0.9.1]
	at org.hibernate.jdbc.AbstractBatcher.getResultSet(AbstractBatcher.java:186) [hibernate-3.2.6.ga.jar:3.2.6.ga]
	at org.hibernate.loader.Loader.getResultSet(Loader.java:1787) [hibernate-3.2.6.ga.jar:3.2.6.ga]
	at org.hibernate.loader.Loader.doQuery(Loader.java:674) [hibernate-3.2.6.ga.jar:3.2.6.ga]
	at org.hibernate.loader.Loader.doQueryAndInitializeNonLazyCollections(Loader.java:236) [hibernate-3.2.6.ga.jar:3.2.6.ga]
	at org.hibernate.loader.Loader.doList(Loader.java:2213) [hibernate-3.2.6.ga.jar:3.2.6.ga]
	... 18 common frames omitted
2012-06-18 13:54:05.733Z - ERROR [JDBCExceptionReporter] - Table 'voms_UC3.vo_membership_req' doesn't exist
2012-06-18 13:54:05.733Z - ERROR [DatabaseTransactionTaskWrapper] - An unexpected exception was caught while executing task ExpiredRequestsPurgerTask
2012-06-18 13:54:05.733Z - ERROR [DatabaseTransactionTaskWrapper] - could not execute query
org.hibernate.exception.SQLGrammarException: could not execute query
	at org.hibernate.exception.SQLStateConverter.convert(SQLStateConverter.java:67) [hibernate-3.2.6.ga.jar:3.2.6.ga]
	at org.hibernate.exception.JDBCExceptionHelper.convert(JDBCExceptionHelper.java:43) [hibernate-3.2.6.ga.jar:3.2.6.ga]
	at org.hibernate.loader.Loader.doList(Loader.java:2216) [hibernate-3.2.6.ga.jar:3.2.6.ga]
	at org.hibernate.loader.Loader.listIgnoreQueryCache(Loader.java:2104) [hibernate-3.2.6.ga.jar:3.2.6.ga]
	at org.hibernate.loader.Loader.list(Loader.java:2099) [hibernate-3.2.6.ga.jar:3.2.6.ga]
	at org.hibernate.loader.criteria.CriteriaLoader.list(CriteriaLoader.java:94) [hibernate-3.2.6.ga.jar:3.2.6.ga]
	at org.hibernate.impl.SessionImpl.list(SessionImpl.java:1569) [hibernate-3.2.6.ga.jar:3.2.6.ga]
	at org.hibernate.impl.CriteriaImpl.list(CriteriaImpl.java:283) [hibernate-3.2.6.ga.jar:3.2.6.ga]
	at org.glite.security.voms.admin.persistence.dao.hibernate.RequestDAOHibernate.findExpiredVOMembershipRequests(RequestDAOHibernate.java:206) [RequestDAOHibernate.class:na]
	at org.glite.security.voms.admin.core.tasks.ExpiredRequestsPurgerTask.run(ExpiredRequestsPurgerTask.java:63) [ExpiredRequestsPurgerTask.class:na]
	at org.glite.security.voms.admin.core.tasks.DatabaseTransactionTaskWrapper.run(DatabaseTransactionTaskWrapper.java:50) [DatabaseTransactionTaskWrapper.class:na]
	at java.util.concurrent.Executors$RunnableAdapter.call(Executors.java:441) [na:1.6.0_31]
	at java.util.concurrent.FutureTask$Sync.innerRunAndReset(FutureTask.java:317) [na:1.6.0_31]
	at java.util.concurrent.FutureTask.runAndReset(FutureTask.java:150) [na:1.6.0_31]
	at java.util.concurrent.ScheduledThreadPoolExecutor$ScheduledFutureTask.access$101(ScheduledThreadPoolExecutor.java:98) [na:1.6.0_31]
	at java.util.concurrent.ScheduledThreadPoolExecutor$ScheduledFutureTask.runPeriodic(ScheduledThreadPoolExecutor.java:180) [na:1.6.0_31]
	at java.util.concurrent.ScheduledThreadPoolExecutor$ScheduledFutureTask.run(ScheduledThreadPoolExecutor.java:204) [na:1.6.0_31]
	at java.util.concurrent.ThreadPoolExecutor$Worker.runTask(ThreadPoolExecutor.java:886) [na:1.6.0_31]
	at java.util.concurrent.ThreadPoolExecutor$Worker.run(ThreadPoolExecutor.java:908) [na:1.6.0_31]
	at java.lang.Thread.run(Thread.java:662) [na:1.6.0_31]
Caused by: com.mysql.jdbc.exceptions.MySQLSyntaxErrorException: Table 'voms_UC3.vo_membership_req' doesn't exist
	at com.mysql.jdbc.SQLError.createSQLException(SQLError.java:936) [mysql-connector-java-5.0.7.jar:na]
	at com.mysql.jdbc.MysqlIO.checkErrorPacket(MysqlIO.java:2985) [mysql-connector-java-5.0.7.jar:na]
	at com.mysql.jdbc.MysqlIO.sendCommand(MysqlIO.java:1631) [mysql-connector-java-5.0.7.jar:na]
	at com.mysql.jdbc.MysqlIO.sqlQueryDirect(MysqlIO.java:1723) [mysql-connector-java-5.0.7.jar:na]
	at com.mysql.jdbc.Connection.execSQL(Connection.java:3256) [mysql-connector-java-5.0.7.jar:na]
	at com.mysql.jdbc.PreparedStatement.executeInternal(PreparedStatement.java:1313) [mysql-connector-java-5.0.7.jar:na]
	at com.mysql.jdbc.PreparedStatement.executeQuery(PreparedStatement.java:1448) [mysql-connector-java-5.0.7.jar:na]
	at com.mchange.v2.c3p0.impl.NewProxyPreparedStatement.executeQuery(NewProxyPreparedStatement.java:76) [c3p0-0.9.1.jar:0.9.1]
	at org.hibernate.jdbc.AbstractBatcher.getResultSet(AbstractBatcher.java:186) [hibernate-3.2.6.ga.jar:3.2.6.ga]
	at org.hibernate.loader.Loader.getResultSet(Loader.java:1787) [hibernate-3.2.6.ga.jar:3.2.6.ga]
	at org.hibernate.loader.Loader.doQuery(Loader.java:674) [hibernate-3.2.6.ga.jar:3.2.6.ga]
	at org.hibernate.loader.Loader.doQueryAndInitializeNonLazyCollections(Loader.java:236) [hibernate-3.2.6.ga.jar:3.2.6.ga]
	at org.hibernate.loader.Loader.doList(Loader.java:2213) [hibernate-3.2.6.ga.jar:3.2.6.ga]
	... 17 common frames omitted
2012-06-18 13:54:06.850Z - ERROR [JDBCExceptionReporter] - Table 'voms_UC3.usr' doesn't exist
2012-06-18 13:54:06.850Z - ERROR [DatabaseTransactionTaskWrapper] - An unexpected exception was caught while executing task MembershipCheckerTask
2012-06-18 13:54:06.850Z - ERROR [DatabaseTransactionTaskWrapper] - could not execute query
org.hibernate.exception.SQLGrammarException: could not execute query
	at org.hibernate.exception.SQLStateConverter.convert(SQLStateConverter.java:67) [hibernate-3.2.6.ga.jar:3.2.6.ga]
	at org.hibernate.exception.JDBCExceptionHelper.convert(JDBCExceptionHelper.java:43) [hibernate-3.2.6.ga.jar:3.2.6.ga]
	at org.hibernate.loader.Loader.doList(Loader.java:2216) [hibernate-3.2.6.ga.jar:3.2.6.ga]
	at org.hibernate.loader.Loader.listIgnoreQueryCache(Loader.java:2104) [hibernate-3.2.6.ga.jar:3.2.6.ga]
	at org.hibernate.loader.Loader.list(Loader.java:2099) [hibernate-3.2.6.ga.jar:3.2.6.ga]
	at org.hibernate.loader.criteria.CriteriaLoader.list(CriteriaLoader.java:94) [hibernate-3.2.6.ga.jar:3.2.6.ga]
	at org.hibernate.impl.SessionImpl.list(SessionImpl.java:1569) [hibernate-3.2.6.ga.jar:3.2.6.ga]
	at org.hibernate.impl.CriteriaImpl.list(CriteriaImpl.java:283) [hibernate-3.2.6.ga.jar:3.2.6.ga]
	at org.glite.security.voms.admin.persistence.dao.VOMSUserDAO.findExpiringUsers(VOMSUserDAO.java:966) [VOMSUserDAO.class:na]
	at org.glite.security.voms.admin.core.validation.SendWarningToExpiringMembersStrategy.findExpiringMembers(SendWarningToExpiringMembersStrategy.java:88) [SendWarningToExpiringMembersStrategy.class:na]
	at org.glite.security.voms.admin.core.validation.DefaultMembershipCheckBehaviour.findExpiringMembers(DefaultMembershipCheckBehaviour.java:138) [DefaultMembershipCheckBehaviour.class:na]
	at org.glite.security.voms.admin.core.validation.MembershipCheckerTask.checkMembershipStatus(MembershipCheckerTask.java:40) [MembershipCheckerTask.class:na]
	at org.glite.security.voms.admin.core.validation.MembershipCheckerTask.run(MembershipCheckerTask.java:62) [MembershipCheckerTask.class:na]
	at org.glite.security.voms.admin.core.tasks.DatabaseTransactionTaskWrapper.run(DatabaseTransactionTaskWrapper.java:50) [DatabaseTransactionTaskWrapper.class:na]
	at java.util.concurrent.Executors$RunnableAdapter.call(Executors.java:441) [na:1.6.0_31]
	at java.util.concurrent.FutureTask$Sync.innerRunAndReset(FutureTask.java:317) [na:1.6.0_31]
	at java.util.concurrent.FutureTask.runAndReset(FutureTask.java:150) [na:1.6.0_31]
	at java.util.concurrent.ScheduledThreadPoolExecutor$ScheduledFutureTask.access$101(ScheduledThreadPoolExecutor.java:98) [na:1.6.0_31]
	at java.util.concurrent.ScheduledThreadPoolExecutor$ScheduledFutureTask.runPeriodic(ScheduledThreadPoolExecutor.java:180) [na:1.6.0_31]
	at java.util.concurrent.ScheduledThreadPoolExecutor$ScheduledFutureTask.run(ScheduledThreadPoolExecutor.java:204) [na:1.6.0_31]
	at java.util.concurrent.ThreadPoolExecutor$Worker.runTask(ThreadPoolExecutor.java:886) [na:1.6.0_31]
	at java.util.concurrent.ThreadPoolExecutor$Worker.run(ThreadPoolExecutor.java:908) [na:1.6.0_31]
	at java.lang.Thread.run(Thread.java:662) [na:1.6.0_31]
Caused by: com.mysql.jdbc.exceptions.MySQLSyntaxErrorException: Table 'voms_UC3.usr' doesn't exist
	at com.mysql.jdbc.SQLError.createSQLException(SQLError.java:936) [mysql-connector-java-5.0.7.jar:na]
	at com.mysql.jdbc.MysqlIO.checkErrorPacket(MysqlIO.java:2985) [mysql-connector-java-5.0.7.jar:na]
	at com.mysql.jdbc.MysqlIO.sendCommand(MysqlIO.java:1631) [mysql-connector-java-5.0.7.jar:na]
	at com.mysql.jdbc.MysqlIO.sqlQueryDirect(MysqlIO.java:1723) [mysql-connector-java-5.0.7.jar:na]
	at com.mysql.jdbc.Connection.execSQL(Connection.java:3256) [mysql-connector-java-5.0.7.jar:na]
	at com.mysql.jdbc.PreparedStatement.executeInternal(PreparedStatement.java:1313) [mysql-connector-java-5.0.7.jar:na]
	at com.mysql.jdbc.PreparedStatement.executeQuery(PreparedStatement.java:1448) [mysql-connector-java-5.0.7.jar:na]
	at com.mchange.v2.c3p0.impl.NewProxyPreparedStatement.executeQuery(NewProxyPreparedStatement.java:76) [c3p0-0.9.1.jar:0.9.1]
	at org.hibernate.jdbc.AbstractBatcher.getResultSet(AbstractBatcher.java:186) [hibernate-3.2.6.ga.jar:3.2.6.ga]
	at org.hibernate.loader.Loader.getResultSet(Loader.java:1787) [hibernate-3.2.6.ga.jar:3.2.6.ga]
	at org.hibernate.loader.Loader.doQuery(Loader.java:674) [hibernate-3.2.6.ga.jar:3.2.6.ga]
	at org.hibernate.loader.Loader.doQueryAndInitializeNonLazyCollections(Loader.java:236) [hibernate-3.2.6.ga.jar:3.2.6.ga]
	at org.hibernate.loader.Loader.doList(Loader.java:2213) [hibernate-3.2.6.ga.jar:3.2.6.ga]
	... 20 common frames omitted
2012-06-18 13:54:35.307Z - ERROR [JDBCExceptionReporter] - Table 'voms_UC3.task' doesn't exist
2012-06-18 13:54:35.307Z - ERROR [DatabaseTransactionTaskWrapper] - An unexpected exception was caught while executing task TaskStatusUpdater
2012-06-18 13:54:35.308Z - ERROR [DatabaseTransactionTaskWrapper] - could not execute query
org.hibernate.exception.SQLGrammarException: could not execute query
	at org.hibernate.exception.SQLStateConverter.convert(SQLStateConverter.java:67) [hibernate-3.2.6.ga.jar:3.2.6.ga]
	at org.hibernate.exception.JDBCExceptionHelper.convert(JDBCExceptionHelper.java:43) [hibernate-3.2.6.ga.jar:3.2.6.ga]
	at org.hibernate.loader.Loader.doList(Loader.java:2216) [hibernate-3.2.6.ga.jar:3.2.6.ga]
	at org.hibernate.loader.Loader.listIgnoreQueryCache(Loader.java:2104) [hibernate-3.2.6.ga.jar:3.2.6.ga]
	at org.hibernate.loader.Loader.list(Loader.java:2099) [hibernate-3.2.6.ga.jar:3.2.6.ga]
	at org.hibernate.loader.criteria.CriteriaLoader.list(CriteriaLoader.java:94) [hibernate-3.2.6.ga.jar:3.2.6.ga]
	at org.hibernate.impl.SessionImpl.list(SessionImpl.java:1569) [hibernate-3.2.6.ga.jar:3.2.6.ga]
	at org.hibernate.impl.CriteriaImpl.list(CriteriaImpl.java:283) [hibernate-3.2.6.ga.jar:3.2.6.ga]
	at org.glite.security.voms.admin.persistence.dao.hibernate.GenericHibernateDAO.findByCriteria(GenericHibernateDAO.java:133) [GenericHibernateDAO.class:na]
	at org.glite.security.voms.admin.persistence.dao.hibernate.TaskDAOHibernate.getActiveTasks(TaskDAOHibernate.java:117) [TaskDAOHibernate.class:na]
	at org.glite.security.voms.admin.core.tasks.TaskStatusUpdater.run(TaskStatusUpdater.java:39) [TaskStatusUpdater.class:na]
	at org.glite.security.voms.admin.core.tasks.DatabaseTransactionTaskWrapper.run(DatabaseTransactionTaskWrapper.java:50) [DatabaseTransactionTaskWrapper.class:na]
	at java.util.concurrent.Executors$RunnableAdapter.call(Executors.java:441) [na:1.6.0_31]
	at java.util.concurrent.FutureTask$Sync.innerRunAndReset(FutureTask.java:317) [na:1.6.0_31]
	at java.util.concurrent.FutureTask.runAndReset(FutureTask.java:150) [na:1.6.0_31]
	at java.util.concurrent.ScheduledThreadPoolExecutor$ScheduledFutureTask.access$101(ScheduledThreadPoolExecutor.java:98) [na:1.6.0_31]
	at java.util.concurrent.ScheduledThreadPoolExecutor$ScheduledFutureTask.runPeriodic(ScheduledThreadPoolExecutor.java:180) [na:1.6.0_31]
	at java.util.concurrent.ScheduledThreadPoolExecutor$ScheduledFutureTask.run(ScheduledThreadPoolExecutor.java:204) [na:1.6.0_31]
	at java.util.concurrent.ThreadPoolExecutor$Worker.runTask(ThreadPoolExecutor.java:886) [na:1.6.0_31]
	at java.util.concurrent.ThreadPoolExecutor$Worker.run(ThreadPoolExecutor.java:908) [na:1.6.0_31]
	at java.lang.Thread.run(Thread.java:662) [na:1.6.0_31]
Caused by: com.mysql.jdbc.exceptions.MySQLSyntaxErrorException: Table 'voms_UC3.task' doesn't exist
	at com.mysql.jdbc.SQLError.createSQLException(SQLError.java:936) [mysql-connector-java-5.0.7.jar:na]
	at com.mysql.jdbc.MysqlIO.checkErrorPacket(MysqlIO.java:2985) [mysql-connector-java-5.0.7.jar:na]
	at com.mysql.jdbc.MysqlIO.sendCommand(MysqlIO.java:1631) [mysql-connector-java-5.0.7.jar:na]
	at com.mysql.jdbc.MysqlIO.sqlQueryDirect(MysqlIO.java:1723) [mysql-connector-java-5.0.7.jar:na]
	at com.mysql.jdbc.Connection.execSQL(Connection.java:3256) [mysql-connector-java-5.0.7.jar:na]
	at com.mysql.jdbc.PreparedStatement.executeInternal(PreparedStatement.java:1313) [mysql-connector-java-5.0.7.jar:na]
	at com.mysql.jdbc.PreparedStatement.executeQuery(PreparedStatement.java:1448) [mysql-connector-java-5.0.7.jar:na]
	at com.mchange.v2.c3p0.impl.NewProxyPreparedStatement.executeQuery(NewProxyPreparedStatement.java:76) [c3p0-0.9.1.jar:0.9.1]
	at org.hibernate.jdbc.AbstractBatcher.getResultSet(AbstractBatcher.java:186) [hibernate-3.2.6.ga.jar:3.2.6.ga]
	at org.hibernate.loader.Loader.getResultSet(Loader.java:1787) [hibernate-3.2.6.ga.jar:3.2.6.ga]
	at org.hibernate.loader.Loader.doQuery(Loader.java:674) [hibernate-3.2.6.ga.jar:3.2.6.ga]
	at org.hibernate.loader.Loader.doQueryAndInitializeNonLazyCollections(Loader.java:236) [hibernate-3.2.6.ga.jar:3.2.6.ga]
	at org.hibernate.loader.Loader.doList(Loader.java:2213) [hibernate-3.2.6.ga.jar:3.2.6.ga]
	... 18 common frames omitted
2012-06-18 13:55:05.306Z - ERROR [JDBCExceptionReporter] - Table 'voms_UC3.task' doesn't exist
2012-06-18 13:55:05.306Z - ERROR [DatabaseTransactionTaskWrapper] - An unexpected exception was caught while executing task TaskStatusUpdater
2012-06-18 13:55:05.307Z - ERROR [DatabaseTransactionTaskWrapper] - could not execute query
org.hibernate.exception.SQLGrammarException: could not execute query
	at org.hibernate.exception.SQLStateConverter.convert(SQLStateConverter.java:67) [hibernate-3.2.6.ga.jar:3.2.6.ga]
	at org.hibernate.exception.JDBCExceptionHelper.convert(JDBCExceptionHelper.java:43) [hibernate-3.2.6.ga.jar:3.2.6.ga]
	at org.hibernate.loader.Loader.doList(Loader.java:2216) [hibernate-3.2.6.ga.jar:3.2.6.ga]
	at org.hibernate.loader.Loader.listIgnoreQueryCache(Loader.java:2104) [hibernate-3.2.6.ga.jar:3.2.6.ga]
	at org.hibernate.loader.Loader.list(Loader.java:2099) [hibernate-3.2.6.ga.jar:3.2.6.ga]
	at org.hibernate.loader.criteria.CriteriaLoader.list(CriteriaLoader.java:94) [hibernate-3.2.6.ga.jar:3.2.6.ga]
	at org.hibernate.impl.SessionImpl.list(SessionImpl.java:1569) [hibernate-3.2.6.ga.jar:3.2.6.ga]
	at org.hibernate.impl.CriteriaImpl.list(CriteriaImpl.java:283) [hibernate-3.2.6.ga.jar:3.2.6.ga]
	at org.glite.security.voms.admin.persistence.dao.hibernate.GenericHibernateDAO.findByCriteria(GenericHibernateDAO.java:133) [GenericHibernateDAO.class:na]
	at org.glite.security.voms.admin.persistence.dao.hibernate.TaskDAOHibernate.getActiveTasks(TaskDAOHibernate.java:117) [TaskDAOHibernate.class:na]
	at org.glite.security.voms.admin.core.tasks.TaskStatusUpdater.run(TaskStatusUpdater.java:39) [TaskStatusUpdater.class:na]
	at org.glite.security.voms.admin.core.tasks.DatabaseTransactionTaskWrapper.run(DatabaseTransactionTaskWrapper.java:50) [DatabaseTransactionTaskWrapper.class:na]
	at java.util.concurrent.Executors$RunnableAdapter.call(Executors.java:441) [na:1.6.0_31]
	at java.util.concurrent.FutureTask$Sync.innerRunAndReset(FutureTask.java:317) [na:1.6.0_31]
	at java.util.concurrent.FutureTask.runAndReset(FutureTask.java:150) [na:1.6.0_31]
	at java.util.concurrent.ScheduledThreadPoolExecutor$ScheduledFutureTask.access$101(ScheduledThreadPoolExecutor.java:98) [na:1.6.0_31]
	at java.util.concurrent.ScheduledThreadPoolExecutor$ScheduledFutureTask.runPeriodic(ScheduledThreadPoolExecutor.java:180) [na:1.6.0_31]
	at java.util.concurrent.ScheduledThreadPoolExecutor$ScheduledFutureTask.run(ScheduledThreadPoolExecutor.java:204) [na:1.6.0_31]
	at java.util.concurrent.ThreadPoolExecutor$Worker.runTask(ThreadPoolExecutor.java:886) [na:1.6.0_31]
	at java.util.concurrent.ThreadPoolExecutor$Worker.run(ThreadPoolExecutor.java:908) [na:1.6.0_31]
	at java.lang.Thread.run(Thread.java:662) [na:1.6.0_31]
Caused by: com.mysql.jdbc.exceptions.MySQLSyntaxErrorException: Table 'voms_UC3.task' doesn't exist
	at com.mysql.jdbc.SQLError.createSQLException(SQLError.java:936) [mysql-connector-java-5.0.7.jar:na]
	at com.mysql.jdbc.MysqlIO.checkErrorPacket(MysqlIO.java:2985) [mysql-connector-java-5.0.7.jar:na]
	at com.mysql.jdbc.MysqlIO.sendCommand(MysqlIO.java:1631) [mysql-connector-java-5.0.7.jar:na]
	at com.mysql.jdbc.MysqlIO.sqlQueryDirect(MysqlIO.java:1723) [mysql-connector-java-5.0.7.jar:na]
	at com.mysql.jdbc.Connection.execSQL(Connection.java:3256) [mysql-connector-java-5.0.7.jar:na]
	at com.mysql.jdbc.PreparedStatement.executeInternal(PreparedStatement.java:1313) [mysql-connector-java-5.0.7.jar:na]
	at com.mysql.jdbc.PreparedStatement.executeQuery(PreparedStatement.java:1448) [mysql-connector-java-5.0.7.jar:na]
	at com.mchange.v2.c3p0.impl.NewProxyPreparedStatement.executeQuery(NewProxyPreparedStatement.java:76) [c3p0-0.9.1.jar:0.9.1]
	at org.hibernate.jdbc.AbstractBatcher.getResultSet(AbstractBatcher.java:186) [hibernate-3.2.6.ga.jar:3.2.6.ga]
	at org.hibernate.loader.Loader.getResultSet(Loader.java:1787) [hibernate-3.2.6.ga.jar:3.2.6.ga]
	at org.hibernate.loader.Loader.doQuery(Loader.java:674) [hibernate-3.2.6.ga.jar:3.2.6.ga]
	at org.hibernate.loader.Loader.doQueryAndInitializeNonLazyCollections(Loader.java:236) [hibernate-3.2.6.ga.jar:3.2.6.ga]
	at org.hibernate.loader.Loader.doList(Loader.java:2213) [hibernate-3.2.6.ga.jar:3.2.6.ga]
	... 18 common frames omitted
2012-06-18 13:55:35.307Z - ERROR [JDBCExceptionReporter] - Table 'voms_UC3.task' doesn't exist
2012-06-18 13:55:35.307Z - ERROR [DatabaseTransactionTaskWrapper] - An unexpected exception was caught while executing task TaskStatusUpdater
2012-06-18 13:55:35.308Z - ERROR [DatabaseTransactionTaskWrapper] - could not execute query
org.hibernate.exception.SQLGrammarException: could not execute query
	at org.hibernate.exception.SQLStateConverter.convert(SQLStateConverter.java:67) [hibernate-3.2.6.ga.jar:3.2.6.ga]
	at org.hibernate.exception.JDBCExceptionHelper.convert(JDBCExceptionHelper.java:43) [hibernate-3.2.6.ga.jar:3.2.6.ga]
	at org.hibernate.loader.Loader.doList(Loader.java:2216) [hibernate-3.2.6.ga.jar:3.2.6.ga]
	at org.hibernate.loader.Loader.listIgnoreQueryCache(Loader.java:2104) [hibernate-3.2.6.ga.jar:3.2.6.ga]
	at org.hibernate.loader.Loader.list(Loader.java:2099) [hibernate-3.2.6.ga.jar:3.2.6.ga]
	at org.hibernate.loader.criteria.CriteriaLoader.list(CriteriaLoader.java:94) [hibernate-3.2.6.ga.jar:3.2.6.ga]
	at org.hibernate.impl.SessionImpl.list(SessionImpl.java:1569) [hibernate-3.2.6.ga.jar:3.2.6.ga]
	at org.hibernate.impl.CriteriaImpl.list(CriteriaImpl.java:283) [hibernate-3.2.6.ga.jar:3.2.6.ga]
	at org.glite.security.voms.admin.persistence.dao.hibernate.GenericHibernateDAO.findByCriteria(GenericHibernateDAO.java:133) [GenericHibernateDAO.class:na]
	at org.glite.security.voms.admin.persistence.dao.hibernate.TaskDAOHibernate.getActiveTasks(TaskDAOHibernate.java:117) [TaskDAOHibernate.class:na]
	at org.glite.security.voms.admin.core.tasks.TaskStatusUpdater.run(TaskStatusUpdater.java:39) [TaskStatusUpdater.class:na]
	at org.glite.security.voms.admin.core.tasks.DatabaseTransactionTaskWrapper.run(DatabaseTransactionTaskWrapper.java:50) [DatabaseTransactionTaskWrapper.class:na]
	at java.util.concurrent.Executors$RunnableAdapter.call(Executors.java:441) [na:1.6.0_31]
	at java.util.concurrent.FutureTask$Sync.innerRunAndReset(FutureTask.java:317) [na:1.6.0_31]
	at java.util.concurrent.FutureTask.runAndReset(FutureTask.java:150) [na:1.6.0_31]
	at java.util.concurrent.ScheduledThreadPoolExecutor$ScheduledFutureTask.access$101(ScheduledThreadPoolExecutor.java:98) [na:1.6.0_31]
	at java.util.concurrent.ScheduledThreadPoolExecutor$ScheduledFutureTask.runPeriodic(ScheduledThreadPoolExecutor.java:180) [na:1.6.0_31]
	at java.util.concurrent.ScheduledThreadPoolExecutor$ScheduledFutureTask.run(ScheduledThreadPoolExecutor.java:204) [na:1.6.0_31]
	at java.util.concurrent.ThreadPoolExecutor$Worker.runTask(ThreadPoolExecutor.java:886) [na:1.6.0_31]
	at java.util.concurrent.ThreadPoolExecutor$Worker.run(ThreadPoolExecutor.java:908) [na:1.6.0_31]
	at java.lang.Thread.run(Thread.java:662) [na:1.6.0_31]
Caused by: com.mysql.jdbc.exceptions.MySQLSyntaxErrorException: Table 'voms_UC3.task' doesn't exist
	at com.mysql.jdbc.SQLError.createSQLException(SQLError.java:936) [mysql-connector-java-5.0.7.jar:na]
	at com.mysql.jdbc.MysqlIO.checkErrorPacket(MysqlIO.java:2985) [mysql-connector-java-5.0.7.jar:na]
	at com.mysql.jdbc.MysqlIO.sendCommand(MysqlIO.java:1631) [mysql-connector-java-5.0.7.jar:na]
	at com.mysql.jdbc.MysqlIO.sqlQueryDirect(MysqlIO.java:1723) [mysql-connector-java-5.0.7.jar:na]
	at com.mysql.jdbc.Connection.execSQL(Connection.java:3256) [mysql-connector-java-5.0.7.jar:na]
	at com.mysql.jdbc.PreparedStatement.executeInternal(PreparedStatement.java:1313) [mysql-connector-java-5.0.7.jar:na]
	at com.mysql.jdbc.PreparedStatement.executeQuery(PreparedStatement.java:1448) [mysql-connector-java-5.0.7.jar:na]
	at com.mchange.v2.c3p0.impl.NewProxyPreparedStatement.executeQuery(NewProxyPreparedStatement.java:76) [c3p0-0.9.1.jar:0.9.1]
	at org.hibernate.jdbc.AbstractBatcher.getResultSet(AbstractBatcher.java:186) [hibernate-3.2.6.ga.jar:3.2.6.ga]
	at org.hibernate.loader.Loader.getResultSet(Loader.java:1787) [hibernate-3.2.6.ga.jar:3.2.6.ga]
	at org.hibernate.loader.Loader.doQuery(Loader.java:674) [hibernate-3.2.6.ga.jar:3.2.6.ga]
	at org.hibernate.loader.Loader.doQueryAndInitializeNonLazyCollections(Loader.java:236) [hibernate-3.2.6.ga.jar:3.2.6.ga]
	at org.hibernate.loader.Loader.doList(Loader.java:2213) [hibernate-3.2.6.ga.jar:3.2.6.ga]
	... 18 common frames omitted
2012-06-18 13:56:05.305Z - ERROR [JDBCExceptionReporter] - Table 'voms_UC3.task' doesn't exist
2012-06-18 13:56:05.305Z - ERROR [DatabaseTransactionTaskWrapper] - An unexpected exception was caught while executing task TaskStatusUpdater
2012-06-18 13:56:05.306Z - ERROR [DatabaseTransactionTaskWrapper] - could not execute query
org.hibernate.exception.SQLGrammarException: could not execute query
	at org.hibernate.exception.SQLStateConverter.convert(SQLStateConverter.java:67) [hibernate-3.2.6.ga.jar:3.2.6.ga]
	at org.hibernate.exception.JDBCExceptionHelper.convert(JDBCExceptionHelper.java:43) [hibernate-3.2.6.ga.jar:3.2.6.ga]
	at org.hibernate.loader.Loader.doList(Loader.java:2216) [hibernate-3.2.6.ga.jar:3.2.6.ga]
	at org.hibernate.loader.Loader.listIgnoreQueryCache(Loader.java:2104) [hibernate-3.2.6.ga.jar:3.2.6.ga]
	at org.hibernate.loader.Loader.list(Loader.java:2099) [hibernate-3.2.6.ga.jar:3.2.6.ga]
	at org.hibernate.loader.criteria.CriteriaLoader.list(CriteriaLoader.java:94) [hibernate-3.2.6.ga.jar:3.2.6.ga]
	at org.hibernate.impl.SessionImpl.list(SessionImpl.java:1569) [hibernate-3.2.6.ga.jar:3.2.6.ga]
	at org.hibernate.impl.CriteriaImpl.list(CriteriaImpl.java:283) [hibernate-3.2.6.ga.jar:3.2.6.ga]
	at org.glite.security.voms.admin.persistence.dao.hibernate.GenericHibernateDAO.findByCriteria(GenericHibernateDAO.java:133) [GenericHibernateDAO.class:na]
	at org.glite.security.voms.admin.persistence.dao.hibernate.TaskDAOHibernate.getActiveTasks(TaskDAOHibernate.java:117) [TaskDAOHibernate.class:na]
	at org.glite.security.voms.admin.core.tasks.TaskStatusUpdater.run(TaskStatusUpdater.java:39) [TaskStatusUpdater.class:na]
	at org.glite.security.voms.admin.core.tasks.DatabaseTransactionTaskWrapper.run(DatabaseTransactionTaskWrapper.java:50) [DatabaseTransactionTaskWrapper.class:na]
	at java.util.concurrent.Executors$RunnableAdapter.call(Executors.java:441) [na:1.6.0_31]
	at java.util.concurrent.FutureTask$Sync.innerRunAndReset(FutureTask.java:317) [na:1.6.0_31]
	at java.util.concurrent.FutureTask.runAndReset(FutureTask.java:150) [na:1.6.0_31]
	at java.util.concurrent.ScheduledThreadPoolExecutor$ScheduledFutureTask.access$101(ScheduledThreadPoolExecutor.java:98) [na:1.6.0_31]
	at java.util.concurrent.ScheduledThreadPoolExecutor$ScheduledFutureTask.runPeriodic(ScheduledThreadPoolExecutor.java:180) [na:1.6.0_31]
	at java.util.concurrent.ScheduledThreadPoolExecutor$ScheduledFutureTask.run(ScheduledThreadPoolExecutor.java:204) [na:1.6.0_31]
	at java.util.concurrent.ThreadPoolExecutor$Worker.runTask(ThreadPoolExecutor.java:886) [na:1.6.0_31]
	at java.util.concurrent.ThreadPoolExecutor$Worker.run(ThreadPoolExecutor.java:908) [na:1.6.0_31]
	at java.lang.Thread.run(Thread.java:662) [na:1.6.0_31]
Caused by: com.mysql.jdbc.exceptions.MySQLSyntaxErrorException: Table 'voms_UC3.task' doesn't exist
	at com.mysql.jdbc.SQLError.createSQLException(SQLError.java:936) [mysql-connector-java-5.0.7.jar:na]
	at com.mysql.jdbc.MysqlIO.checkErrorPacket(MysqlIO.java:2985) [mysql-connector-java-5.0.7.jar:na]
	at com.mysql.jdbc.MysqlIO.sendCommand(MysqlIO.java:1631) [mysql-connector-java-5.0.7.jar:na]
	at com.mysql.jdbc.MysqlIO.sqlQueryDirect(MysqlIO.java:1723) [mysql-connector-java-5.0.7.jar:na]
	at com.mysql.jdbc.Connection.execSQL(Connection.java:3256) [mysql-connector-java-5.0.7.jar:na]
	at com.mysql.jdbc.PreparedStatement.executeInternal(PreparedStatement.java:1313) [mysql-connector-java-5.0.7.jar:na]
	at com.mysql.jdbc.PreparedStatement.executeQuery(PreparedStatement.java:1448) [mysql-connector-java-5.0.7.jar:na]
	at com.mchange.v2.c3p0.impl.NewProxyPreparedStatement.executeQuery(NewProxyPreparedStatement.java:76) [c3p0-0.9.1.jar:0.9.1]
	at org.hibernate.jdbc.AbstractBatcher.getResultSet(AbstractBatcher.java:186) [hibernate-3.2.6.ga.jar:3.2.6.ga]
	at org.hibernate.loader.Loader.getResultSet(Loader.java:1787) [hibernate-3.2.6.ga.jar:3.2.6.ga]
	at org.hibernate.loader.Loader.doQuery(Loader.java:674) [hibernate-3.2.6.ga.jar:3.2.6.ga]
	at org.hibernate.loader.Loader.doQueryAndInitializeNonLazyCollections(Loader.java:236) [hibernate-3.2.6.ga.jar:3.2.6.ga]
	at org.hibernate.loader.Loader.doList(Loader.java:2213) [hibernate-3.2.6.ga.jar:3.2.6.ga]
	... 18 common frames omitted
2012-06-18 13:56:35.307Z - ERROR [JDBCExceptionReporter] - Table 'voms_UC3.task' doesn't exist
2012-06-18 13:56:35.307Z - ERROR [DatabaseTransactionTaskWrapper] - An unexpected exception was caught while executing task TaskStatusUpdater
2012-06-18 13:56:35.308Z - ERROR [DatabaseTransactionTaskWrapper] - could not execute query
org.hibernate.exception.SQLGrammarException: could not execute query
	at org.hibernate.exception.SQLStateConverter.convert(SQLStateConverter.java:67) [hibernate-3.2.6.ga.jar:3.2.6.ga]
	at org.hibernate.exception.JDBCExceptionHelper.convert(JDBCExceptionHelper.java:43) [hibernate-3.2.6.ga.jar:3.2.6.ga]
	at org.hibernate.loader.Loader.doList(Loader.java:2216) [hibernate-3.2.6.ga.jar:3.2.6.ga]
	at org.hibernate.loader.Loader.listIgnoreQueryCache(Loader.java:2104) [hibernate-3.2.6.ga.jar:3.2.6.ga]
	at org.hibernate.loader.Loader.list(Loader.java:2099) [hibernate-3.2.6.ga.jar:3.2.6.ga]
	at org.hibernate.loader.criteria.CriteriaLoader.list(CriteriaLoader.java:94) [hibernate-3.2.6.ga.jar:3.2.6.ga]
	at org.hibernate.impl.SessionImpl.list(SessionImpl.java:1569) [hibernate-3.2.6.ga.jar:3.2.6.ga]
	at org.hibernate.impl.CriteriaImpl.list(CriteriaImpl.java:283) [hibernate-3.2.6.ga.jar:3.2.6.ga]
	at org.glite.security.voms.admin.persistence.dao.hibernate.GenericHibernateDAO.findByCriteria(GenericHibernateDAO.java:133) [GenericHibernateDAO.class:na]
	at org.glite.security.voms.admin.persistence.dao.hibernate.TaskDAOHibernate.getActiveTasks(TaskDAOHibernate.java:117) [TaskDAOHibernate.class:na]
	at org.glite.security.voms.admin.core.tasks.TaskStatusUpdater.run(TaskStatusUpdater.java:39) [TaskStatusUpdater.class:na]
	at org.glite.security.voms.admin.core.tasks.DatabaseTransactionTaskWrapper.run(DatabaseTransactionTaskWrapper.java:50) [DatabaseTransactionTaskWrapper.class:na]
	at java.util.concurrent.Executors$RunnableAdapter.call(Executors.java:441) [na:1.6.0_31]
	at java.util.concurrent.FutureTask$Sync.innerRunAndReset(FutureTask.java:317) [na:1.6.0_31]
	at java.util.concurrent.FutureTask.runAndReset(FutureTask.java:150) [na:1.6.0_31]
	at java.util.concurrent.ScheduledThreadPoolExecutor$ScheduledFutureTask.access$101(ScheduledThreadPoolExecutor.java:98) [na:1.6.0_31]
	at java.util.concurrent.ScheduledThreadPoolExecutor$ScheduledFutureTask.runPeriodic(ScheduledThreadPoolExecutor.java:180) [na:1.6.0_31]
	at java.util.concurrent.ScheduledThreadPoolExecutor$ScheduledFutureTask.run(ScheduledThreadPoolExecutor.java:204) [na:1.6.0_31]
	at java.util.concurrent.ThreadPoolExecutor$Worker.runTask(ThreadPoolExecutor.java:886) [na:1.6.0_31]
	at java.util.concurrent.ThreadPoolExecutor$Worker.run(ThreadPoolExecutor.java:908) [na:1.6.0_31]
	at java.lang.Thread.run(Thread.java:662) [na:1.6.0_31]
Caused by: com.mysql.jdbc.exceptions.MySQLSyntaxErrorException: Table 'voms_UC3.task' doesn't exist
	at com.mysql.jdbc.SQLError.createSQLException(SQLError.java:936) [mysql-connector-java-5.0.7.jar:na]
	at com.mysql.jdbc.MysqlIO.checkErrorPacket(MysqlIO.java:2985) [mysql-connector-java-5.0.7.jar:na]
	at com.mysql.jdbc.MysqlIO.sendCommand(MysqlIO.java:1631) [mysql-connector-java-5.0.7.jar:na]
	at com.mysql.jdbc.MysqlIO.sqlQueryDirect(MysqlIO.java:1723) [mysql-connector-java-5.0.7.jar:na]
	at com.mysql.jdbc.Connection.execSQL(Connection.java:3256) [mysql-connector-java-5.0.7.jar:na]
	at com.mysql.jdbc.PreparedStatement.executeInternal(PreparedStatement.java:1313) [mysql-connector-java-5.0.7.jar:na]
	at com.mysql.jdbc.PreparedStatement.executeQuery(PreparedStatement.java:1448) [mysql-connector-java-5.0.7.jar:na]
	at com.mchange.v2.c3p0.impl.NewProxyPreparedStatement.executeQuery(NewProxyPreparedStatement.java:76) [c3p0-0.9.1.jar:0.9.1]
	at org.hibernate.jdbc.AbstractBatcher.getResultSet(AbstractBatcher.java:186) [hibernate-3.2.6.ga.jar:3.2.6.ga]
	at org.hibernate.loader.Loader.getResultSet(Loader.java:1787) [hibernate-3.2.6.ga.jar:3.2.6.ga]
	at org.hibernate.loader.Loader.doQuery(Loader.java:674) [hibernate-3.2.6.ga.jar:3.2.6.ga]
	at org.hibernate.loader.Loader.doQueryAndInitializeNonLazyCollections(Loader.java:236) [hibernate-3.2.6.ga.jar:3.2.6.ga]
	at org.hibernate.loader.Loader.doList(Loader.java:2213) [hibernate-3.2.6.ga.jar:3.2.6.ga]
	... 18 common frames omitted
2012-06-18 13:58:23.768Z - INFO [VOMSService] - VOMS admin stopped .
2012-06-18 13:58:25.805Z - INFO [VOMSService] - VOMS-Admin starting for VO: UC3
2012-06-18 13:58:29.929Z - INFO [VOMSExecutorService] - Scheduling task UpdateCATask with period: 1800 seconds
2012-06-18 13:58:29.934Z - INFO [VOMSExecutorService] - Scheduling task TaskStatusUpdater with period: 30 seconds
2012-06-18 13:58:29.935Z - INFO [VOMSExecutorService] - Scheduling task ExpiredRequestsPurgerTask with period: 300 seconds
2012-06-18 13:58:31.768Z - INFO [VOMSExecutorService] - Scheduling task MembershipCheckerTask with period: 300 seconds
2012-06-18 13:58:31.768Z - INFO [VOMSService] - VOMS-Admin started succesfully.
2012-06-18 13:59:34.522Z - INFO [VOMSService] - VOMS admin stopped .
2012-06-18 14:00:38.472Z - INFO [VOMSService] - VOMS-Admin starting for VO: UC3
2012-06-18 14:00:43.903Z - INFO [VOMSExecutorService] - Scheduling task UpdateCATask with period: 1800 seconds
2012-06-18 14:00:43.907Z - INFO [VOMSExecutorService] - Scheduling task TaskStatusUpdater with period: 30 seconds
2012-06-18 14:00:43.908Z - INFO [VOMSExecutorService] - Scheduling task ExpiredRequestsPurgerTask with period: 300 seconds
2012-06-18 14:00:46.344Z - INFO [VOMSExecutorService] - Scheduling task MembershipCheckerTask with period: 300 seconds
2012-06-18 14:00:46.345Z - INFO [VOMSService] - VOMS-Admin started succesfully.
2012-06-18 14:01:10.503Z - INFO [InitSecurityContext] - Connection from "140.182.131.206" by /DC=org/DC=doegrids/OU=People/CN=Scott Teige 689374 (issued by "/DC=org/DC=DOEGrids/OU=Certificate Authorities/CN=DOEGrids CA 1", serial 65608)
2012-06-18 14:01:10.637Z - INFO [InitSecurityContext] - Connection from "140.182.131.206" by /DC=org/DC=doegrids/OU=People/CN=Scott Teige 689374 (issued by "/DC=org/DC=DOEGrids/OU=Certificate Authorities/CN=DOEGrids CA 1", serial 65608)
2012-06-18 14:02:35.120Z - INFO [InitSecurityContext] - Connection from "140.182.131.206" by /DC=org/DC=doegrids/OU=People/CN=Scott Teige 689374 (issued by "/DC=org/DC=DOEGrids/OU=Certificate Authorities/CN=DOEGrids CA 1", serial 65608)
2012-06-18 14:06:20.486Z - INFO [InitSecurityContext] - Connection from "140.182.131.206" by /DC=org/DC=doegrids/OU=People/CN=Scott Teige 689374 (issued by "/DC=org/DC=DOEGrids/OU=Certificate Authorities/CN=DOEGrids CA 1", serial 65608)
2012-06-18 14:06:20.553Z - INFO [InitSecurityContext] - Connection from "140.182.131.206" by /DC=org/DC=doegrids/OU=People/CN=Scott Teige 689374 (issued by "/DC=org/DC=DOEGrids/OU=Certificate Authorities/CN=DOEGrids CA 1", serial 65608)
2012-06-18 14:25:26.285Z - INFO [InitSecurityContext] - Connection from "140.182.131.206" by /DC=org/DC=doegrids/OU=People/CN=Scott Teige 689374 (issued by "/DC=org/DC=DOEGrids/OU=Certificate Authorities/CN=DOEGrids CA 1", serial 65608)
2012-06-18 14:25:26.343Z - INFO [InitSecurityContext] - Connection from "140.182.131.206" by /DC=org/DC=doegrids/OU=People/CN=Scott Teige 689374 (issued by "/DC=org/DC=DOEGrids/OU=Certificate Authorities/CN=DOEGrids CA 1", serial 65608)
2012-06-18 14:30:23.935Z - ERROR [JDBCExceptionReporter] - Table 'voms_UC3.task' doesn't exist
2012-06-18 14:30:23.935Z - ERROR [DatabaseTransactionTaskWrapper] - An unexpected exception was caught while executing task TaskStatusUpdater
2012-06-18 14:30:23.950Z - ERROR [DatabaseTransactionTaskWrapper] - could not execute query
org.hibernate.exception.SQLGrammarException: could not execute query
	at org.hibernate.exception.SQLStateConverter.convert(SQLStateConverter.java:67) [hibernate-3.2.6.ga.jar:3.2.6.ga]
	at org.hibernate.exception.JDBCExceptionHelper.convert(JDBCExceptionHelper.java:43) [hibernate-3.2.6.ga.jar:3.2.6.ga]
	at org.hibernate.loader.Loader.doList(Loader.java:2216) [hibernate-3.2.6.ga.jar:3.2.6.ga]
	at org.hibernate.loader.Loader.listIgnoreQueryCache(Loader.java:2104) [hibernate-3.2.6.ga.jar:3.2.6.ga]
	at org.hibernate.loader.Loader.list(Loader.java:2099) [hibernate-3.2.6.ga.jar:3.2.6.ga]
	at org.hibernate.loader.criteria.CriteriaLoader.list(CriteriaLoader.java:94) [hibernate-3.2.6.ga.jar:3.2.6.ga]
	at org.hibernate.impl.SessionImpl.list(SessionImpl.java:1569) [hibernate-3.2.6.ga.jar:3.2.6.ga]
	at org.hibernate.impl.CriteriaImpl.list(CriteriaImpl.java:283) [hibernate-3.2.6.ga.jar:3.2.6.ga]
	at org.glite.security.voms.admin.persistence.dao.hibernate.GenericHibernateDAO.findByCriteria(GenericHibernateDAO.java:133) [GenericHibernateDAO.class:na]
	at org.glite.security.voms.admin.persistence.dao.hibernate.TaskDAOHibernate.getActiveTasks(TaskDAOHibernate.java:117) [TaskDAOHibernate.class:na]
	at org.glite.security.voms.admin.core.tasks.TaskStatusUpdater.run(TaskStatusUpdater.java:39) [TaskStatusUpdater.class:na]
	at org.glite.security.voms.admin.core.tasks.DatabaseTransactionTaskWrapper.run(DatabaseTransactionTaskWrapper.java:50) [DatabaseTransactionTaskWrapper.class:na]
	at java.util.concurrent.Executors$RunnableAdapter.call(Executors.java:441) [na:1.6.0_31]
	at java.util.concurrent.FutureTask$Sync.innerRunAndReset(FutureTask.java:317) [na:1.6.0_31]
	at java.util.concurrent.FutureTask.runAndReset(FutureTask.java:150) [na:1.6.0_31]
	at java.util.concurrent.ScheduledThreadPoolExecutor$ScheduledFutureTask.access$101(ScheduledThreadPoolExecutor.java:98) [na:1.6.0_31]
	at java.util.concurrent.ScheduledThreadPoolExecutor$ScheduledFutureTask.runPeriodic(ScheduledThreadPoolExecutor.java:180) [na:1.6.0_31]
	at java.util.concurrent.ScheduledThreadPoolExecutor$ScheduledFutureTask.run(ScheduledThreadPoolExecutor.java:204) [na:1.6.0_31]
	at java.util.concurrent.ThreadPoolExecutor$Worker.runTask(ThreadPoolExecutor.java:886) [na:1.6.0_31]
	at java.util.concurrent.ThreadPoolExecutor$Worker.run(ThreadPoolExecutor.java:908) [na:1.6.0_31]
	at java.lang.Thread.run(Thread.java:662) [na:1.6.0_31]
Caused by: com.mysql.jdbc.exceptions.MySQLSyntaxErrorException: Table 'voms_UC3.task' doesn't exist
	at com.mysql.jdbc.SQLError.createSQLException(SQLError.java:936) [mysql-connector-java-5.0.7.jar:na]
	at com.mysql.jdbc.MysqlIO.checkErrorPacket(MysqlIO.java:2985) [mysql-connector-java-5.0.7.jar:na]
	at com.mysql.jdbc.MysqlIO.sendCommand(MysqlIO.java:1631) [mysql-connector-java-5.0.7.jar:na]
	at com.mysql.jdbc.MysqlIO.sqlQueryDirect(MysqlIO.java:1723) [mysql-connector-java-5.0.7.jar:na]
	at com.mysql.jdbc.Connection.execSQL(Connection.java:3256) [mysql-connector-java-5.0.7.jar:na]
	at com.mysql.jdbc.PreparedStatement.executeInternal(PreparedStatement.java:1313) [mysql-connector-java-5.0.7.jar:na]
	at com.mysql.jdbc.PreparedStatement.executeQuery(PreparedStatement.java:1448) [mysql-connector-java-5.0.7.jar:na]
	at com.mchange.v2.c3p0.impl.NewProxyPreparedStatement.executeQuery(NewProxyPreparedStatement.java:76) [c3p0-0.9.1.jar:0.9.1]
	at org.hibernate.jdbc.AbstractBatcher.getResultSet(AbstractBatcher.java:186) [hibernate-3.2.6.ga.jar:3.2.6.ga]
	at org.hibernate.loader.Loader.getResultSet(Loader.java:1787) [hibernate-3.2.6.ga.jar:3.2.6.ga]
	at org.hibernate.loader.Loader.doQuery(Loader.java:674) [hibernate-3.2.6.ga.jar:3.2.6.ga]
	at org.hibernate.loader.Loader.doQueryAndInitializeNonLazyCollections(Loader.java:236) [hibernate-3.2.6.ga.jar:3.2.6.ga]
	at org.hibernate.loader.Loader.doList(Loader.java:2213) [hibernate-3.2.6.ga.jar:3.2.6.ga]
	... 18 common frames omitted
2012-06-18 14:31:53.916Z - ERROR [JDBCExceptionReporter] - Table 'voms_UC3.task' doesn't exist
2012-06-18 14:31:53.917Z - ERROR [DatabaseTransactionTaskWrapper] - An unexpected exception was caught while executing task TaskStatusUpdater
2012-06-18 14:31:53.917Z - ERROR [DatabaseTransactionTaskWrapper] - could not execute query
org.hibernate.exception.SQLGrammarException: could not execute query
	at org.hibernate.exception.SQLStateConverter.convert(SQLStateConverter.java:67) [hibernate-3.2.6.ga.jar:3.2.6.ga]
	at org.hibernate.exception.JDBCExceptionHelper.convert(JDBCExceptionHelper.java:43) [hibernate-3.2.6.ga.jar:3.2.6.ga]
	at org.hibernate.loader.Loader.doList(Loader.java:2216) [hibernate-3.2.6.ga.jar:3.2.6.ga]
	at org.hibernate.loader.Loader.listIgnoreQueryCache(Loader.java:2104) [hibernate-3.2.6.ga.jar:3.2.6.ga]
	at org.hibernate.loader.Loader.list(Loader.java:2099) [hibernate-3.2.6.ga.jar:3.2.6.ga]
	at org.hibernate.loader.criteria.CriteriaLoader.list(CriteriaLoader.java:94) [hibernate-3.2.6.ga.jar:3.2.6.ga]
	at org.hibernate.impl.SessionImpl.list(SessionImpl.java:1569) [hibernate-3.2.6.ga.jar:3.2.6.ga]
	at org.hibernate.impl.CriteriaImpl.list(CriteriaImpl.java:283) [hibernate-3.2.6.ga.jar:3.2.6.ga]
	at org.glite.security.voms.admin.persistence.dao.hibernate.GenericHibernateDAO.findByCriteria(GenericHibernateDAO.java:133) [GenericHibernateDAO.class:na]
	at org.glite.security.voms.admin.persistence.dao.hibernate.TaskDAOHibernate.getActiveTasks(TaskDAOHibernate.java:117) [TaskDAOHibernate.class:na]
	at org.glite.security.voms.admin.core.tasks.TaskStatusUpdater.run(TaskStatusUpdater.java:39) [TaskStatusUpdater.class:na]
	at org.glite.security.voms.admin.core.tasks.DatabaseTransactionTaskWrapper.run(DatabaseTransactionTaskWrapper.java:50) [DatabaseTransactionTaskWrapper.class:na]
	at java.util.concurrent.Executors$RunnableAdapter.call(Executors.java:441) [na:1.6.0_31]
	at java.util.concurrent.FutureTask$Sync.innerRunAndReset(FutureTask.java:317) [na:1.6.0_31]
	at java.util.concurrent.FutureTask.runAndReset(FutureTask.java:150) [na:1.6.0_31]
	at java.util.concurrent.ScheduledThreadPoolExecutor$ScheduledFutureTask.access$101(ScheduledThreadPoolExecutor.java:98) [na:1.6.0_31]
	at java.util.concurrent.ScheduledThreadPoolExecutor$ScheduledFutureTask.runPeriodic(ScheduledThreadPoolExecutor.java:180) [na:1.6.0_31]
	at java.util.concurrent.ScheduledThreadPoolExecutor$ScheduledFutureTask.run(ScheduledThreadPoolExecutor.java:204) [na:1.6.0_31]
	at java.util.concurrent.ThreadPoolExecutor$Worker.runTask(ThreadPoolExecutor.java:886) [na:1.6.0_31]
	at java.util.concurrent.ThreadPoolExecutor$Worker.run(ThreadPoolExecutor.java:908) [na:1.6.0_31]
	at java.lang.Thread.run(Thread.java:662) [na:1.6.0_31]
Caused by: com.mysql.jdbc.exceptions.MySQLSyntaxErrorException: Table 'voms_UC3.task' doesn't exist
	at com.mysql.jdbc.SQLError.createSQLException(SQLError.java:936) [mysql-connector-java-5.0.7.jar:na]
	at com.mysql.jdbc.MysqlIO.checkErrorPacket(MysqlIO.java:2985) [mysql-connector-java-5.0.7.jar:na]
	at com.mysql.jdbc.MysqlIO.sendCommand(MysqlIO.java:1631) [mysql-connector-java-5.0.7.jar:na]
	at com.mysql.jdbc.MysqlIO.sqlQueryDirect(MysqlIO.java:1723) [mysql-connector-java-5.0.7.jar:na]
	at com.mysql.jdbc.Connection.execSQL(Connection.java:3256) [mysql-connector-java-5.0.7.jar:na]
	at com.mysql.jdbc.PreparedStatement.executeInternal(PreparedStatement.java:1313) [mysql-connector-java-5.0.7.jar:na]
	at com.mysql.jdbc.PreparedStatement.executeQuery(PreparedStatement.java:1448) [mysql-connector-java-5.0.7.jar:na]
	at com.mchange.v2.c3p0.impl.NewProxyPreparedStatement.executeQuery(NewProxyPreparedStatement.java:76) [c3p0-0.9.1.jar:0.9.1]
	at org.hibernate.jdbc.AbstractBatcher.getResultSet(AbstractBatcher.java:186) [hibernate-3.2.6.ga.jar:3.2.6.ga]
	at org.hibernate.loader.Loader.getResultSet(Loader.java:1787) [hibernate-3.2.6.ga.jar:3.2.6.ga]
	at org.hibernate.loader.Loader.doQuery(Loader.java:674) [hibernate-3.2.6.ga.jar:3.2.6.ga]
	at org.hibernate.loader.Loader.doQueryAndInitializeNonLazyCollections(Loader.java:236) [hibernate-3.2.6.ga.jar:3.2.6.ga]
	at org.hibernate.loader.Loader.doList(Loader.java:2213) [hibernate-3.2.6.ga.jar:3.2.6.ga]
	... 18 common frames omitted
2012-06-18 14:32:55.876Z - INFO [VOMSService] - VOMS admin stopped .
2012-06-18 14:32:57.773Z - INFO [VOMSService] - VOMS-Admin starting for VO: UC3
2012-06-18 14:33:01.512Z - INFO [VOMSExecutorService] - Scheduling task UpdateCATask with period: 1800 seconds
2012-06-18 14:33:01.516Z - INFO [VOMSExecutorService] - Scheduling task TaskStatusUpdater with period: 30 seconds
2012-06-18 14:33:01.517Z - INFO [VOMSExecutorService] - Scheduling task ExpiredRequestsPurgerTask with period: 300 seconds
2012-06-18 14:33:03.309Z - INFO [VOMSExecutorService] - Scheduling task MembershipCheckerTask with period: 300 seconds
2012-06-18 14:33:03.309Z - INFO [VOMSService] - VOMS-Admin started succesfully.
2012-06-18 14:34:12.727Z - INFO [InitSecurityContext] - Connection from "140.182.131.206" by /DC=org/DC=doegrids/OU=People/CN=Scott Teige 689374 (issued by "/DC=org/DC=DOEGrids/OU=Certificate Authorities/CN=DOEGrids CA 1", serial 65608)
2012-06-18 14:34:12.881Z - INFO [InitSecurityContext] - Connection from "140.182.131.206" by /DC=org/DC=doegrids/OU=People/CN=Scott Teige 689374 (issued by "/DC=org/DC=DOEGrids/OU=Certificate Authorities/CN=DOEGrids CA 1", serial 65608)
2012-06-18 14:35:57.271Z - INFO [InitSecurityContext] - Connection from "140.182.131.206" by /DC=org/DC=doegrids/OU=People/CN=Scott Teige 689374 (issued by "/DC=org/DC=DOEGrids/OU=Certificate Authorities/CN=DOEGrids CA 1", serial 65608)
