001;1453479125;e1574228-c122-11e5-a248-288023a84afc:11167;2;0
001;1453479125;e1574228-c122-11e5-a248-288023a84afc:11167;8;0
001;1453479167;fa2a84e0-c122-11e5-9e3d-288023a84afc:11203;2;0
001;1453479167;fa2a84e0-c122-11e5-9e3d-288023a84afc:11203;8;0
001;1453479398;83ab1aa4-c123-11e5-8a0a-288023a84afc:11309;2;0
001;1453479398;83ab1aa4-c123-11e5-8a0a-288023a84afc:11309;8;0
001;1453479610;025b851e-c124-11e5-a8d5-288023a84afc:11493;2;0
001;1453479610;025b851e-c124-11e5-a8d5-288023a84afc:11493;8;0
001;1453479698;025b87b2-c124-11e5-a8d5-288023a84afc:11607;2;0
001;1453479698;025b87b2-c124-11e5-a8d5-288023a84afc:11607;8;0
001;1453480163;4bc1c14a-c125-11e5-9ce6-288023a84afc:11799;2;0
001;1453480163;4bc1c14a-c125-11e5-9ce6-288023a84afc:11799;8;0
001;1453480378;cbe58122-c125-11e5-b659-288023a84afc:11939;2;0
001;1453480378;cbe58122-c125-11e5-b659-288023a84afc:11939;8;0
001;1453480447;f53fdc84-c125-11e5-a34c-288023a84afc:12015;2;0
001;1453480447;f53fdc84-c125-11e5-a34c-288023a84afc:12015;8;0
001;1453480542;2d729cb8-c126-11e5-8d27-288023a84afc:12091;2;0
001;1453480542;2d729cb8-c126-11e5-8d27-288023a84afc:12091;8;0
001;1453480558;2d72a1e0-c126-11e5-8d27-288023a84afc:12128;2;0
001;1453480558;2d72a1e0-c126-11e5-8d27-288023a84afc:12128;8;0
001;1453481200;b5deb540-c127-11e5-a250-288023a84afc:12383;2;0
001;1453481200;b5deb540-c127-11e5-a250-288023a84afc:12383;8;0
001;1453486050;00fd8604-c133-11e5-85f2-288023a84afc:13366;2;0
001;1453486050;00fd8604-c133-11e5-85f2-288023a84afc:13366;8;0
001;1453486205;5cecf42c-c133-11e5-9f4e-288023a84afc:13488;2;0
001;1453486205;5cecf42c-c133-11e5-9f4e-288023a84afc:13488;8;0
001;1453486271;5cecfa08-c133-11e5-9f4e-288023a84afc:13588;2;0
001;1453486271;5cecfa08-c133-11e5-9f4e-288023a84afc:13588;8;0
001;1453487369;1328a874-c136-11e5-9ce9-288023a84afc:13917;2;0
001;1453487369;1328a874-c136-11e5-9ce9-288023a84afc:13917;8;0
001;1453487381;1328ab4e-c136-11e5-9ce9-288023a84afc:13955;2;0
001;1453487381;1328ab4e-c136-11e5-9ce9-288023a84afc:13955;8;0
001;1453487393;1a4a0be8-c136-11e5-9ce9-288023a84afc:13986;2;0
001;1453487393;1a4a0be8-c136-11e5-9ce9-288023a84afc:13986;8;0
001;1453487472;5073617e-c136-11e5-88a7-288023a84afc:14071;2;0
001;1453487472;5073617e-c136-11e5-88a7-288023a84afc:14071;8;0
001;1453737613;b806efde-c37c-11e5-a014-288023a84afc:24730;2;0
001;1453737613;b806efde-c37c-11e5-a014-288023a84afc:24730;8;0
001;1453737658;b806f3d0-c37c-11e5-a014-288023a84afc:24766;2;0
001;1453737658;b806f3d0-c37c-11e5-a014-288023a84afc:24766;8;0
001;1453737730;d2b40510-c37c-11e5-a014-288023a84afc:24814;2;0
001;1453737730;d2b40510-c37c-11e5-a014-288023a84afc:24814;8;0
001;1453737774;fd8b80ec-c37c-11e5-a014-288023a84afc:24862;2;0
001;1453737774;fd8b80ec-c37c-11e5-a014-288023a84afc:24862;8;0
001;1453737787;17f3cd90-c37d-11e5-a014-288023a84afc:24878;2;0
001;1453737787;17f3cd90-c37d-11e5-a014-288023a84afc:24878;8;0
