000 (10310348.000.000) 05/19 14:42:25 Job submitted from host: <131.225.67.139:9615?addrs=131.225.67.139-9615&noUDP&sock=3611905_50e2>
    DAG Node: Section_56
...
028 (10310348.000.000) 05/19 14:42:25 Job ad information event triggered.
JOB_GLIDEIN_Name = "$$(GLIDEIN_Name:Unknown)"
JOB_Site = "$$(GLIDEIN_Site:Unknown)"
Proc = 0
JOB_GLIDEIN_Entry_Name = "$$(GLIDEIN_Entry_Name:Unknown)"
EventTime = "2016-05-19T14:42:25"
TriggerEventTypeName = "ULOG_SUBMIT"
SubmitHost = "<131.225.67.139:9615?addrs=131.225.67.139-9615&noUDP&sock=3611905_50e2>"
JOB_GLIDEIN_SiteWMS_Queue = "$$(GLIDEIN_SiteWMS_Queue:Unknown)"
TriggerEventTypeNumber = 0
JOB_GLIDEIN_Site = "$$(GLIDEIN_Site:Unknown)"
LogNotes = "DAG Node: Section_56"
JOB_GLIDEIN_SiteWMS_JobId = "$$(GLIDEIN_SiteWMS_JobId:Unknown)"
MyType = "SubmitEvent"
JOB_GLIDEIN_ProcId = "$$(GLIDEIN_ProcId:Unknown)"
JOB_GLIDEIN_Schedd = "$$(GLIDEIN_Schedd:Unknown)"
JOB_GLIDEIN_ClusterId = "$$(GLIDEIN_ClusterId:Unknown)"
Cluster = 10310348
JOB_GLIDEIN_Factory = "$$(GLIDEIN_Factory:Unknown)"
JOB_GLIDEIN_SiteWMS_Slot = "$$(GLIDEIN_SiteWMS_Slot:Unknown)"
Subproc = 0
EventTypeNumber = 28
JOB_GLIDEIN_SiteWMS = "$$(GLIDEIN_SiteWMS:Unknown)"
...
001 (10310348.000.000) 05/23 08:34:18 Job executing on host: <131.154.201.42:51269?CCBID=131.225.67.218:9629%3faddrs%3d131.225.67.218-9629#4457758%20131.225.67.219:9629%3faddrs%3d131.225.67.219-9629#4456356&noUDP>
...
028 (10310348.000.000) 05/23 08:34:18 Job ad information event triggered.
JOB_GLIDEIN_Name = "gfactory_instance"
JOB_Site = "CNAF"
Proc = 0
JOB_GLIDEIN_Entry_Name = "CDF_IT_CNAF_ce07"
EventTime = "2016-05-23T08:34:18"
TriggerEventTypeName = "ULOG_EXECUTE"
JOB_GLIDEIN_SiteWMS_Queue = "cdf"
TriggerEventTypeNumber = 1
ExecuteHost = "<131.154.201.42:51269?CCBID=131.225.67.218:9629%3faddrs%3d131.225.67.218-9629#4457758%20131.225.67.219:9629%3faddrs%3d131.225.67.219-9629#4456356&noUDP>"
JOB_GLIDEIN_Site = "CNAF"
JOB_GLIDEIN_SiteWMS_JobId = "44072182"
MyType = "ExecuteEvent"
JOB_GLIDEIN_ProcId = "3"
JOB_GLIDEIN_Schedd = "schedd_glideins4@gfactory-1.t2.ucsd.edu"
JOB_GLIDEIN_ClusterId = "4037124"
Cluster = 10310348
JOB_GLIDEIN_Factory = "SDSC"
JOB_GLIDEIN_SiteWMS_Slot = "Unknown"
Subproc = 0
EventTypeNumber = 28
JOB_GLIDEIN_SiteWMS = "LSF"
...
006 (10310348.000.000) 05/23 08:34:27 Image size of job updated: 65216
	6  -  MemoryUsage of job (MB)
	5564  -  ResidentSetSize of job (KB)
...
028 (10310348.000.000) 05/23 08:34:27 Job ad information event triggered.
JOB_Site = "CNAF"
JOB_GLIDEIN_Name = "gfactory_instance"
Size = 65216
Proc = 0
JOB_GLIDEIN_Entry_Name = "CDF_IT_CNAF_ce07"
EventTime = "2016-05-23T08:34:27"
TriggerEventTypeName = "ULOG_IMAGE_SIZE"
JOB_GLIDEIN_SiteWMS_Queue = "cdf"
MemoryUsage = 6
TriggerEventTypeNumber = 6
JOB_GLIDEIN_Site = "CNAF"
JOB_GLIDEIN_SiteWMS_JobId = "44072182"
MyType = "JobImageSizeEvent"
JOB_GLIDEIN_ProcId = "3"
JOB_GLIDEIN_Schedd = "schedd_glideins4@gfactory-1.t2.ucsd.edu"
JOB_GLIDEIN_ClusterId = "4037124"
Cluster = 10310348
JOB_GLIDEIN_Factory = "SDSC"
JOB_GLIDEIN_SiteWMS_Slot = "Unknown"
Subproc = 0
ResidentSetSize = 5564
EventTypeNumber = 28
JOB_GLIDEIN_SiteWMS = "LSF"
...
006 (10310348.000.000) 05/23 08:39:28 Image size of job updated: 295708
	22  -  MemoryUsage of job (MB)
	21800  -  ResidentSetSize of job (KB)
...
028 (10310348.000.000) 05/23 08:39:28 Job ad information event triggered.
JOB_Site = "CNAF"
JOB_GLIDEIN_Name = "gfactory_instance"
Size = 295708
Proc = 0
JOB_GLIDEIN_Entry_Name = "CDF_IT_CNAF_ce07"
EventTime = "2016-05-23T08:39:28"
TriggerEventTypeName = "ULOG_IMAGE_SIZE"
JOB_GLIDEIN_SiteWMS_Queue = "cdf"
MemoryUsage = 22
TriggerEventTypeNumber = 6
JOB_GLIDEIN_Site = "CNAF"
JOB_GLIDEIN_SiteWMS_JobId = "44072182"
MyType = "JobImageSizeEvent"
JOB_GLIDEIN_ProcId = "3"
JOB_GLIDEIN_Schedd = "schedd_glideins4@gfactory-1.t2.ucsd.edu"
JOB_GLIDEIN_ClusterId = "4037124"
Cluster = 10310348
JOB_GLIDEIN_Factory = "SDSC"
JOB_GLIDEIN_SiteWMS_Slot = "Unknown"
Subproc = 0
ResidentSetSize = 21800
EventTypeNumber = 28
JOB_GLIDEIN_SiteWMS = "LSF"
...
006 (10310348.000.000) 05/23 08:49:51 Image size of job updated: 295708
	32  -  MemoryUsage of job (MB)
	32124  -  ResidentSetSize of job (KB)
...
028 (10310348.000.000) 05/23 08:49:51 Job ad information event triggered.
JOB_Site = "CNAF"
JOB_GLIDEIN_Name = "gfactory_instance"
Size = 295708
Proc = 0
JOB_GLIDEIN_Entry_Name = "CDF_IT_CNAF_ce07"
EventTime = "2016-05-23T08:49:51"
TriggerEventTypeName = "ULOG_IMAGE_SIZE"
JOB_GLIDEIN_SiteWMS_Queue = "cdf"
MemoryUsage = 32
TriggerEventTypeNumber = 6
JOB_GLIDEIN_Site = "CNAF"
JOB_GLIDEIN_SiteWMS_JobId = "44072182"
MyType = "JobImageSizeEvent"
JOB_GLIDEIN_ProcId = "3"
JOB_GLIDEIN_Schedd = "schedd_glideins4@gfactory-1.t2.ucsd.edu"
JOB_GLIDEIN_ClusterId = "4037124"
Cluster = 10310348
JOB_GLIDEIN_Factory = "SDSC"
JOB_GLIDEIN_SiteWMS_Slot = "Unknown"
Subproc = 0
ResidentSetSize = 32124
EventTypeNumber = 28
JOB_GLIDEIN_SiteWMS = "LSF"
...
006 (10310348.000.000) 05/23 08:54:29 Image size of job updated: 295708
	32  -  MemoryUsage of job (MB)
	32128  -  ResidentSetSize of job (KB)
...
028 (10310348.000.000) 05/23 08:54:29 Job ad information event triggered.
JOB_Site = "CNAF"
JOB_GLIDEIN_Name = "gfactory_instance"
Size = 295708
Proc = 0
JOB_GLIDEIN_Entry_Name = "CDF_IT_CNAF_ce07"
EventTime = "2016-05-23T08:54:29"
TriggerEventTypeName = "ULOG_IMAGE_SIZE"
JOB_GLIDEIN_SiteWMS_Queue = "cdf"
MemoryUsage = 32
TriggerEventTypeNumber = 6
JOB_GLIDEIN_Site = "CNAF"
JOB_GLIDEIN_SiteWMS_JobId = "44072182"
MyType = "JobImageSizeEvent"
JOB_GLIDEIN_ProcId = "3"
JOB_GLIDEIN_Schedd = "schedd_glideins4@gfactory-1.t2.ucsd.edu"
JOB_GLIDEIN_ClusterId = "4037124"
Cluster = 10310348
JOB_GLIDEIN_Factory = "SDSC"
JOB_GLIDEIN_SiteWMS_Slot = "Unknown"
Subproc = 0
ResidentSetSize = 32128
EventTypeNumber = 28
JOB_GLIDEIN_SiteWMS = "LSF"
...
006 (10310348.000.000) 05/23 09:04:30 Image size of job updated: 296240
	48  -  MemoryUsage of job (MB)
	49056  -  ResidentSetSize of job (KB)
...
028 (10310348.000.000) 05/23 09:04:30 Job ad information event triggered.
JOB_Site = "CNAF"
JOB_GLIDEIN_Name = "gfactory_instance"
Size = 296240
Proc = 0
JOB_GLIDEIN_Entry_Name = "CDF_IT_CNAF_ce07"
EventTime = "2016-05-23T09:04:30"
TriggerEventTypeName = "ULOG_IMAGE_SIZE"
JOB_GLIDEIN_SiteWMS_Queue = "cdf"
MemoryUsage = 48
TriggerEventTypeNumber = 6
JOB_GLIDEIN_Site = "CNAF"
JOB_GLIDEIN_SiteWMS_JobId = "44072182"
MyType = "JobImageSizeEvent"
JOB_GLIDEIN_ProcId = "3"
JOB_GLIDEIN_Schedd = "schedd_glideins4@gfactory-1.t2.ucsd.edu"
JOB_GLIDEIN_ClusterId = "4037124"
Cluster = 10310348
JOB_GLIDEIN_Factory = "SDSC"
JOB_GLIDEIN_SiteWMS_Slot = "Unknown"
Subproc = 0
ResidentSetSize = 49056
EventTypeNumber = 28
JOB_GLIDEIN_SiteWMS = "LSF"
...
006 (10310348.000.000) 05/23 09:09:31 Image size of job updated: 296240
	48  -  MemoryUsage of job (MB)
	49068  -  ResidentSetSize of job (KB)
...
028 (10310348.000.000) 05/23 09:09:31 Job ad information event triggered.
JOB_Site = "CNAF"
JOB_GLIDEIN_Name = "gfactory_instance"
Size = 296240
Proc = 0
JOB_GLIDEIN_Entry_Name = "CDF_IT_CNAF_ce07"
EventTime = "2016-05-23T09:09:31"
TriggerEventTypeName = "ULOG_IMAGE_SIZE"
JOB_GLIDEIN_SiteWMS_Queue = "cdf"
MemoryUsage = 48
TriggerEventTypeNumber = 6
JOB_GLIDEIN_Site = "CNAF"
JOB_GLIDEIN_SiteWMS_JobId = "44072182"
MyType = "JobImageSizeEvent"
JOB_GLIDEIN_ProcId = "3"
JOB_GLIDEIN_Schedd = "schedd_glideins4@gfactory-1.t2.ucsd.edu"
JOB_GLIDEIN_ClusterId = "4037124"
Cluster = 10310348
JOB_GLIDEIN_Factory = "SDSC"
JOB_GLIDEIN_SiteWMS_Slot = "Unknown"
Subproc = 0
ResidentSetSize = 49068
EventTypeNumber = 28
JOB_GLIDEIN_SiteWMS = "LSF"
...
006 (10310348.000.000) 05/23 09:14:31 Image size of job updated: 296240
	48  -  MemoryUsage of job (MB)
	49072  -  ResidentSetSize of job (KB)
...
028 (10310348.000.000) 05/23 09:14:31 Job ad information event triggered.
JOB_Site = "CNAF"
JOB_GLIDEIN_Name = "gfactory_instance"
Size = 296240
Proc = 0
JOB_GLIDEIN_Entry_Name = "CDF_IT_CNAF_ce07"
EventTime = "2016-05-23T09:14:31"
TriggerEventTypeName = "ULOG_IMAGE_SIZE"
JOB_GLIDEIN_SiteWMS_Queue = "cdf"
MemoryUsage = 48
TriggerEventTypeNumber = 6
JOB_GLIDEIN_Site = "CNAF"
JOB_GLIDEIN_SiteWMS_JobId = "44072182"
MyType = "JobImageSizeEvent"
JOB_GLIDEIN_ProcId = "3"
JOB_GLIDEIN_Schedd = "schedd_glideins4@gfactory-1.t2.ucsd.edu"
JOB_GLIDEIN_ClusterId = "4037124"
Cluster = 10310348
JOB_GLIDEIN_Factory = "SDSC"
JOB_GLIDEIN_SiteWMS_Slot = "Unknown"
Subproc = 0
ResidentSetSize = 49072
EventTypeNumber = 28
JOB_GLIDEIN_SiteWMS = "LSF"
...
006 (10310348.000.000) 05/23 09:24:32 Image size of job updated: 296240
	48  -  MemoryUsage of job (MB)
	49088  -  ResidentSetSize of job (KB)
...
028 (10310348.000.000) 05/23 09:24:32 Job ad information event triggered.
JOB_Site = "CNAF"
JOB_GLIDEIN_Name = "gfactory_instance"
Size = 296240
Proc = 0
JOB_GLIDEIN_Entry_Name = "CDF_IT_CNAF_ce07"
EventTime = "2016-05-23T09:24:32"
TriggerEventTypeName = "ULOG_IMAGE_SIZE"
JOB_GLIDEIN_SiteWMS_Queue = "cdf"
MemoryUsage = 48
TriggerEventTypeNumber = 6
JOB_GLIDEIN_Site = "CNAF"
JOB_GLIDEIN_SiteWMS_JobId = "44072182"
MyType = "JobImageSizeEvent"
JOB_GLIDEIN_ProcId = "3"
JOB_GLIDEIN_Schedd = "schedd_glideins4@gfactory-1.t2.ucsd.edu"
JOB_GLIDEIN_ClusterId = "4037124"
Cluster = 10310348
JOB_GLIDEIN_Factory = "SDSC"
JOB_GLIDEIN_SiteWMS_Slot = "Unknown"
Subproc = 0
ResidentSetSize = 49088
EventTypeNumber = 28
JOB_GLIDEIN_SiteWMS = "LSF"
...
006 (10310348.000.000) 05/23 10:34:40 Image size of job updated: 296240
	48  -  MemoryUsage of job (MB)
	49092  -  ResidentSetSize of job (KB)
...
028 (10310348.000.000) 05/23 10:34:40 Job ad information event triggered.
JOB_Site = "CNAF"
JOB_GLIDEIN_Name = "gfactory_instance"
Size = 296240
Proc = 0
JOB_GLIDEIN_Entry_Name = "CDF_IT_CNAF_ce07"
EventTime = "2016-05-23T10:34:40"
TriggerEventTypeName = "ULOG_IMAGE_SIZE"
JOB_GLIDEIN_SiteWMS_Queue = "cdf"
MemoryUsage = 48
TriggerEventTypeNumber = 6
JOB_GLIDEIN_Site = "CNAF"
JOB_GLIDEIN_SiteWMS_JobId = "44072182"
MyType = "JobImageSizeEvent"
JOB_GLIDEIN_ProcId = "3"
JOB_GLIDEIN_Schedd = "schedd_glideins4@gfactory-1.t2.ucsd.edu"
JOB_GLIDEIN_ClusterId = "4037124"
Cluster = 10310348
JOB_GLIDEIN_Factory = "SDSC"
JOB_GLIDEIN_SiteWMS_Slot = "Unknown"
Subproc = 0
ResidentSetSize = 49092
EventTypeNumber = 28
JOB_GLIDEIN_SiteWMS = "LSF"
...
006 (10310348.000.000) 05/23 10:39:41 Image size of job updated: 325292
	48  -  MemoryUsage of job (MB)
	49092  -  ResidentSetSize of job (KB)
...
028 (10310348.000.000) 05/23 10:39:41 Job ad information event triggered.
JOB_Site = "CNAF"
JOB_GLIDEIN_Name = "gfactory_instance"
Size = 325292
Proc = 0
JOB_GLIDEIN_Entry_Name = "CDF_IT_CNAF_ce07"
EventTime = "2016-05-23T10:39:41"
TriggerEventTypeName = "ULOG_IMAGE_SIZE"
JOB_GLIDEIN_SiteWMS_Queue = "cdf"
MemoryUsage = 48
TriggerEventTypeNumber = 6
JOB_GLIDEIN_Site = "CNAF"
JOB_GLIDEIN_SiteWMS_JobId = "44072182"
MyType = "JobImageSizeEvent"
JOB_GLIDEIN_ProcId = "3"
JOB_GLIDEIN_Schedd = "schedd_glideins4@gfactory-1.t2.ucsd.edu"
JOB_GLIDEIN_ClusterId = "4037124"
Cluster = 10310348
JOB_GLIDEIN_Factory = "SDSC"
JOB_GLIDEIN_SiteWMS_Slot = "Unknown"
Subproc = 0
ResidentSetSize = 49092
EventTypeNumber = 28
JOB_GLIDEIN_SiteWMS = "LSF"
...
006 (10310348.000.000) 05/23 12:24:52 Image size of job updated: 325292
	48  -  MemoryUsage of job (MB)
	49096  -  ResidentSetSize of job (KB)
...
028 (10310348.000.000) 05/23 12:24:52 Job ad information event triggered.
JOB_Site = "CNAF"
JOB_GLIDEIN_Name = "gfactory_instance"
Size = 325292
Proc = 0
JOB_GLIDEIN_Entry_Name = "CDF_IT_CNAF_ce07"
EventTime = "2016-05-23T12:24:52"
TriggerEventTypeName = "ULOG_IMAGE_SIZE"
JOB_GLIDEIN_SiteWMS_Queue = "cdf"
MemoryUsage = 48
TriggerEventTypeNumber = 6
JOB_GLIDEIN_Site = "CNAF"
JOB_GLIDEIN_SiteWMS_JobId = "44072182"
MyType = "JobImageSizeEvent"
JOB_GLIDEIN_ProcId = "3"
JOB_GLIDEIN_Schedd = "schedd_glideins4@gfactory-1.t2.ucsd.edu"
JOB_GLIDEIN_ClusterId = "4037124"
Cluster = 10310348
JOB_GLIDEIN_Factory = "SDSC"
JOB_GLIDEIN_SiteWMS_Slot = "Unknown"
Subproc = 0
ResidentSetSize = 49096
EventTypeNumber = 28
JOB_GLIDEIN_SiteWMS = "LSF"
...
006 (10310348.000.000) 05/23 12:34:53 Image size of job updated: 325292
	48  -  MemoryUsage of job (MB)
	49100  -  ResidentSetSize of job (KB)
...
028 (10310348.000.000) 05/23 12:34:53 Job ad information event triggered.
JOB_Site = "CNAF"
JOB_GLIDEIN_Name = "gfactory_instance"
Size = 325292
Proc = 0
JOB_GLIDEIN_Entry_Name = "CDF_IT_CNAF_ce07"
EventTime = "2016-05-23T12:34:53"
TriggerEventTypeName = "ULOG_IMAGE_SIZE"
JOB_GLIDEIN_SiteWMS_Queue = "cdf"
MemoryUsage = 48
TriggerEventTypeNumber = 6
JOB_GLIDEIN_Site = "CNAF"
JOB_GLIDEIN_SiteWMS_JobId = "44072182"
MyType = "JobImageSizeEvent"
JOB_GLIDEIN_ProcId = "3"
JOB_GLIDEIN_Schedd = "schedd_glideins4@gfactory-1.t2.ucsd.edu"
JOB_GLIDEIN_ClusterId = "4037124"
Cluster = 10310348
JOB_GLIDEIN_Factory = "SDSC"
JOB_GLIDEIN_SiteWMS_Slot = "Unknown"
Subproc = 0
ResidentSetSize = 49100
EventTypeNumber = 28
JOB_GLIDEIN_SiteWMS = "LSF"
...
007 (10310348.000.000) 05/23 18:45:53 Shadow exception!
	Error from glidein_32090_50584680@wn-206-03-09-04-a.cr.cnaf.infn.it: unable to restart the ProcD after several tries
	0  -  Run Bytes Sent By Job
	70771704  -  Run Bytes Received By Job
...
001 (10310348.000.000) 05/24 02:31:32 Job executing on host: <131.154.200.14:42255?CCBID=131.225.67.218:9621%3faddrs%3d131.225.67.218-9621#4486395%20131.225.67.219:9621%3faddrs%3d131.225.67.219-9621#4485186&noUDP>
...
028 (10310348.000.000) 05/24 02:31:32 Job ad information event triggered.
JOB_GLIDEIN_Name = "gfactory_instance"
JOB_Site = "CNAF"
Proc = 0
JOB_GLIDEIN_Entry_Name = "CDF_IT_CNAF_ce07"
EventTime = "2016-05-24T02:31:32"
TriggerEventTypeName = "ULOG_EXECUTE"
JOB_GLIDEIN_SiteWMS_Queue = "cdf"
TriggerEventTypeNumber = 1
ExecuteHost = "<131.154.200.14:42255?CCBID=131.225.67.218:9621%3faddrs%3d131.225.67.218-9621#4486395%20131.225.67.219:9621%3faddrs%3d131.225.67.219-9621#4485186&noUDP>"
JOB_GLIDEIN_Site = "CNAF"
JOB_GLIDEIN_SiteWMS_JobId = "44462263"
MyType = "ExecuteEvent"
JOB_GLIDEIN_ProcId = "0"
JOB_GLIDEIN_Schedd = "schedd_glideins4@gfactory-1.t2.ucsd.edu"
JOB_GLIDEIN_ClusterId = "4038801"
Cluster = 10310348
JOB_GLIDEIN_Factory = "SDSC"
JOB_GLIDEIN_SiteWMS_Slot = "Unknown"
Subproc = 0
EventTypeNumber = 28
JOB_GLIDEIN_SiteWMS = "LSF"
...
005 (10310348.000.000) 05/24 13:39:28 Job terminated.
	(1) Normal termination (return value 0)
		Usr 0 10:41:37, Sys 0 00:01:20  -  Run Remote Usage
		Usr 0 00:00:00, Sys 0 00:00:00  -  Run Local Usage
		Usr 0 10:41:37, Sys 0 00:01:20  -  Total Remote Usage
		Usr 0 00:00:00, Sys 0 00:00:00  -  Total Local Usage
	19145  -  Run Bytes Sent By Job
	70771704  -  Run Bytes Received By Job
	19145  -  Total Bytes Sent By Job
	141543408  -  Total Bytes Received By Job
	Partitionable Resources :    Usage  Request  Allocated
	   Cpus                 :                 1          1
	   Disk (KB)            :   325000  1048576 1776508088
	   Memory (MB)          :       49      256       2500
...
028 (10310348.000.000) 05/24 13:39:28 Job ad information event triggered.
SentBytes = 19145.0
JOB_GLIDEIN_Name = "gfactory_instance"
TerminatedNormally = true
ReturnValue = 0
JOB_GLIDEIN_ClusterId = "4038801"
JOB_GLIDEIN_SiteWMS = "LSF"
EventTypeNumber = 28
Subproc = 0
ReceivedBytes = 70771704.0
JOB_GLIDEIN_SiteWMS_Slot = "Unknown"
MyType = "JobTerminatedEvent"
TriggerEventTypeName = "ULOG_JOB_TERMINATED"
TotalRemoteUsage = "Usr 0 10:41:37, Sys 0 00:01:20"
JOB_Site = "CNAF"
JOB_GLIDEIN_Site = "CNAF"
Proc = 0
EventTime = "2016-05-24T13:39:28"
TotalSentBytes = 19145.0
TriggerEventTypeNumber = 5
TotalLocalUsage = "Usr 0 00:00:00, Sys 0 00:00:00"
JOB_GLIDEIN_Schedd = "schedd_glideins4@gfactory-1.t2.ucsd.edu"
Cluster = 10310348
RunLocalUsage = "Usr 0 00:00:00, Sys 0 00:00:00"
JOB_GLIDEIN_Entry_Name = "CDF_IT_CNAF_ce07"
JOB_GLIDEIN_ProcId = "0"
JOB_GLIDEIN_Factory = "SDSC"
JOB_GLIDEIN_SiteWMS_Queue = "cdf"
RunRemoteUsage = "Usr 0 10:41:37, Sys 0 00:01:20"
JOB_GLIDEIN_SiteWMS_JobId = "44462263"
TotalReceivedBytes = 141543408.0
...
