DEBUG  no GFAL_CONFIG_DIR env var found, try to load configuration from default directory /etc/gfal2.d/
DEBUG  try to load configuration file /etc/gfal2.d//http_plugin.conf ...
DEBUG  try to load configuration file /etc/gfal2.d//gfal2_core.conf ...
DEBUG  try to load configuration file /etc/gfal2.d//sftp_plugin.conf ...
DEBUG  try to load configuration file /etc/gfal2.d//bdii.conf ...
DEBUG  try to load configuration file /etc/gfal2.d//gsiftp_plugin.conf ...
DEBUG  try to load configuration file /etc/gfal2.d//srm_plugin.conf ...
DEBUG  try to load configuration file /etc/gfal2.d//xrootd_plugin.conf ...
DEBUG  try to load configuration file /etc/gfal2.d//rfio_plugin.conf ...
DEBUG  try to load configuration file /etc/gfal2.d//dcap_plugin.conf ...
DEBUG  try to load configuration file /etc/gfal2.d//lfc_plugin.conf ...
DEBUG Using credentials from default proxy location
DEBUG Certificate: /tmp/x509up_u51425
DEBUG Private key: /tmp/x509up_u51425
DEBUG ... no GFAL_PLUGIN_DIR environment variable specified, try to load plugins in the default directory : /usr/lib64/gfal2-plugins/
DEBUG  [gfal_list_directory_plugins] add plugin to list to load /usr/lib64/gfal2-plugins//libgfal_plugin_http.so 
DEBUG  [gfal_list_directory_plugins] add plugin to list to load /usr/lib64/gfal2-plugins//libgfal_plugin_dcap.so 
DEBUG  [gfal_list_directory_plugins] add plugin to list to load /usr/lib64/gfal2-plugins//libgfal_plugin_gridftp.so 
DEBUG  [gfal_list_directory_plugins] add plugin to list to load /usr/lib64/gfal2-plugins//libgfal_plugin_lfc.so 
DEBUG  [gfal_list_directory_plugins] add plugin to list to load /usr/lib64/gfal2-plugins//libgfal_plugin_srm.so 
DEBUG  [gfal_list_directory_plugins] add plugin to list to load /usr/lib64/gfal2-plugins//libgfal_plugin_rfio.so 
DEBUG  [gfal_list_directory_plugins] add plugin to list to load /usr/lib64/gfal2-plugins//libgfal_plugin_sftp.so 
DEBUG  [gfal_list_directory_plugins] add plugin to list to load /usr/lib64/gfal2-plugins//libgfal_plugin_file.so 
DEBUG  [gfal_list_directory_plugins] add plugin to list to load /usr/lib64/gfal2-plugins//libgfal_plugin_xrootd.so 
DEBUG Davix: Enable GRID profile for DAVIX
DEBUG Davix: Adding CA path /etc/grid-security/certificates/ to valid CA path list
DEBUG Davix: Using standard location for proxy: /tmp/x509up_u51425
INFO [gfal_module_load] plugin /usr/lib64/gfal2-plugins//libgfal_plugin_http.so loaded with success 
DEBUG  gfal_plugin loaded succesfully : /usr/lib64/gfal2-plugins//libgfal_plugin_http.so
INFO [gfal_module_load] plugin /usr/lib64/gfal2-plugins//libgfal_plugin_dcap.so loaded with success 
DEBUG  gfal_plugin loaded succesfully : /usr/lib64/gfal2-plugins//libgfal_plugin_dcap.so
DEBUG  -> [gridftp_plugin] try to load ..
DEBUG  define GSIFTP session re-use to TRUE
DEBUG  -> [gridftp_plugin] loaded ..
INFO [gfal_module_load] plugin /usr/lib64/gfal2-plugins//libgfal_plugin_gridftp.so loaded with success 
DEBUG  gfal_plugin loaded succesfully : /usr/lib64/gfal2-plugins//libgfal_plugin_gridftp.so
DEBUG lfc plugin : setup env var value LFC_HOST to lfc-puppet02.cern.ch
DEBUG lfc plugin : setup env var value LFC_CONNTIMEOUT to 15
DEBUG lfc plugin : setup env var value LFC_CONRETRY to 2
DEBUG lfc plugin : setup env var value LFC_CONRETRYINT to 1
DEBUG lfc plugin : using certificate /tmp/x509up_u51425
DEBUG lfc plugin : using private key /tmp/x509up_u51425
INFO [gfal_module_load] plugin /usr/lib64/gfal2-plugins//libgfal_plugin_lfc.so loaded with success 
DEBUG  gfal_plugin loaded succesfully : /usr/lib64/gfal2-plugins//libgfal_plugin_lfc.so
INFO [gfal_module_load] plugin /usr/lib64/gfal2-plugins//libgfal_plugin_srm.so loaded with success 
DEBUG  gfal_plugin loaded succesfully : /usr/lib64/gfal2-plugins//libgfal_plugin_srm.so
DEBUG lib rfio is not defined in LCG_RFIO_TYPE, try to found it 
DEBUG rfio library libdpm.so.1 found! configured to use it
INFO [gfal_module_load] plugin /usr/lib64/gfal2-plugins//libgfal_plugin_rfio.so loaded with success 
DEBUG  gfal_plugin loaded succesfully : /usr/lib64/gfal2-plugins//libgfal_plugin_rfio.so
INFO [gfal_module_load] plugin /usr/lib64/gfal2-plugins//libgfal_plugin_sftp.so loaded with success 
DEBUG  gfal_plugin loaded succesfully : /usr/lib64/gfal2-plugins//libgfal_plugin_sftp.so
INFO [gfal_module_load] plugin /usr/lib64/gfal2-plugins//libgfal_plugin_file.so loaded with success 
DEBUG  gfal_plugin loaded succesfully : /usr/lib64/gfal2-plugins//libgfal_plugin_file.so
INFO [gfal_module_load] plugin /usr/lib64/gfal2-plugins//libgfal_plugin_xrootd.so loaded with success 
DEBUG  gfal_plugin loaded succesfully : /usr/lib64/gfal2-plugins//libgfal_plugin_xrootd.so
DEBUG  plugin priority order: lfc-2.13.4 -> http-2.13.4 -> dcap-2.13.4 -> gridftp-2.13.4 -> srm-2.13.4 -> rfio-2.13.4 -> sftp-2.13.4 -> file-2.13.4 -> xrootd-2.13.4 -> 
DEBUG Service endpoint resolution, resolved from FULL SURL srm://cmsdcadisk01.fnal.gov:8443/srm/managerv2?SFN=/dcache/uscmsdisk/store/PhEDEx_LoadTest07/LoadTest07_Prod_FNAL_Disk/LoadTest07_FNAL_B4 -> httpg://cmsdcadisk01.fnal.gov:8443/srm/managerv2
DEBUG SRM context not available
DEBUG  SRM connection keep-alive 1
DEBUG  SRM operation timeout 180
DEBUG  SRM connection timeout 60
DEBUG  SRM using certificate /tmp/x509up_u51425
DEBUG  SRM using private key /tmp/x509up_u51425
DEBUG    [gfal_srm_statG] try to stat file srm://cmsdcadisk01.fnal.gov:8443/srm/managerv2?SFN=/dcache/uscmsdisk/store/PhEDEx_LoadTest07/LoadTest07_Prod_FNAL_Disk/LoadTest07_FNAL_B4
DEBUG    [gfal_srm_statG] store srm://cmsdcadisk01.fnal.gov:8443/srm/managerv2?SFN=/dcache/uscmsdisk/store/PhEDEx_LoadTest07/LoadTest07_Prod_FNAL_Disk/LoadTest07_FNAL_B4 stat info in cache
DEBUG  -> Gfal::Transfer::FileCopy
INFO Event triggered: BOTH GFAL2:CORE:COPY LIST:ENTER 
INFO Event triggered: BOTH GFAL2:CORE:COPY LIST:ITEM srm://cmsdcadisk01.fnal.gov:8443/srm/managerv2?SFN=/dcache/uscmsdisk/store/PhEDEx_LoadTest07/LoadTest07_Prod_FNAL_Disk/LoadTest07_FNAL_B4 => file:///afs/cern.ch/user/g/geonmo/LoadTest07_FNAL_B4
INFO Event triggered: BOTH GFAL2:CORE:COPY LIST:EXIT 
DEBUG Service endpoint resolution, resolved from FULL SURL srm://cmsdcadisk01.fnal.gov:8443/srm/managerv2?SFN=/dcache/uscmsdisk/store/PhEDEx_LoadTest07/LoadTest07_Prod_FNAL_Disk/LoadTest07_FNAL_B4 -> httpg://cmsdcadisk01.fnal.gov:8443/srm/managerv2
DEBUG SRM context recycled for httpg://cmsdcadisk01.fnal.gov:8443/srm/managerv2
INFO Endpoint of type dCache: srm://cmsdcadisk01.fnal.gov:8443/srm/managerv2?SFN=/dcache/uscmsdisk/store/PhEDEx_LoadTest07/LoadTest07_Prod_FNAL_Disk/LoadTest07_FNAL_B4
DEBUG Endpoint not SRM: file:///afs/cern.ch/user/g/geonmo/LoadTest07_FNAL_B4
DEBUG No Castor endpoint. Honor configuration for SESSION_REUSE
INFO Event triggered: BOTH SRM PREPARE:ENTER 
DEBUG 		Checksum check enabled: 0
DEBUG  srm_statG -> value taken from the cache
DEBUG 		GET surl -> turl resolution start
DEBUG Service endpoint resolution, resolved from FULL SURL srm://cmsdcadisk01.fnal.gov:8443/srm/managerv2?SFN=/dcache/uscmsdisk/store/PhEDEx_LoadTest07/LoadTest07_Prod_FNAL_Disk/LoadTest07_FNAL_B4 -> httpg://cmsdcadisk01.fnal.gov:8443/srm/managerv2
DEBUG SRM context recycled for httpg://cmsdcadisk01.fnal.gov:8443/srm/managerv2
INFO Got GET token for srm://cmsdcadisk01.fnal.gov/dcache/uscmsdisk/store/PhEDEx_LoadTest07/LoadTest07_Prod_FNAL_Disk/LoadTest07_FNAL_B4: -1901183214
DEBUG 		GET surl -> turl resolution finished: srm://cmsdcadisk01.fnal.gov:8443/srm/managerv2?SFN=/dcache/uscmsdisk/store/PhEDEx_LoadTest07/LoadTest07_Prod_FNAL_Disk/LoadTest07_FNAL_B4 -> gsiftp://cmsstor445.fnal.gov:2811//uscmsdisk/store/PhEDEx_LoadTest07/LoadTest07_Prod_FNAL_Disk/LoadTest07_FNAL_B4 (-1901183214)
INFO Event triggered: SOURCE GFAL2::PLUGINS::SRM SRM:GET Got TURL srm://cmsdcadisk01.fnal.gov:8443/srm/managerv2?SFN=/dcache/uscmsdisk/store/PhEDEx_LoadTest07/LoadTest07_Prod_FNAL_Disk/LoadTest07_FNAL_B4 => gsiftp://cmsstor445.fnal.gov:2811//uscmsdisk/store/PhEDEx_LoadTest07/LoadTest07_Prod_FNAL_Disk/LoadTest07_FNAL_B4
DEBUG 		No SRM resolution needed on file:///afs/cern.ch/user/g/geonmo/LoadTest07_FNAL_B4
INFO Event triggered: BOTH SRM PREPARE:EXIT 
DEBUG  -> Gfal::Transfer::FileCopy
INFO Event triggered: BOTH GFAL2:CORE:COPY LIST:ENTER 
INFO Event triggered: BOTH GFAL2:CORE:COPY LIST:ITEM gsiftp://cmsstor445.fnal.gov:2811//uscmsdisk/store/PhEDEx_LoadTest07/LoadTest07_Prod_FNAL_Disk/LoadTest07_FNAL_B4 => file:///afs/cern.ch/user/g/geonmo/LoadTest07_FNAL_B4
INFO Event triggered: BOTH GFAL2:CORE:COPY LIST:EXIT 
DEBUG  -> Gfal::Transfer::start_local_copy 
INFO Event triggered: BOTH GFAL2:CORE:COPY:LOCAL TRANSFER:ENTER gsiftp://cmsstor445.fnal.gov:2811//uscmsdisk/store/PhEDEx_LoadTest07/LoadTest07_Prod_FNAL_Disk/LoadTest07_FNAL_B4 => file:///afs/cern.ch/user/g/geonmo/LoadTest07_FNAL_B4
DEBUG  impossible to get integer parameter CORE:COPY_BUFFER_ALIGNMENT, set to default value 512, err  Configuration Error : No configuration parameter with this value found
DEBUG  open src file : gsiftp://cmsstor445.fnal.gov:2811//uscmsdisk/store/PhEDEx_LoadTest07/LoadTest07_Prod_FNAL_Disk/LoadTest07_FNAL_B4 
DEBUG  gfal_plugin_openG ->
DEBUG   -> [gfal_gridftp_openG]
DEBUG no session associated with this hostname, try find generic one .... 
DEBUG no session found in cache for gsiftp://cmsstor445.fnal.gov:2811!
DEBUG  impossible to get integer parameter GRIDFTP PLUGIN:BLOCK_SIZE, set to default value 0, err  Configuration Error : No configuration parameter with this value found
DEBUG GSIFTP using certificate /tmp/x509up_u51425
DEBUG GSIFTP using private key /tmp/x509up_u51425
DEBUG    [GridFTP_Request_state::wait_callback] setup gsiftp timeout to 300 seconds
DEBUG  gridFTP operation done
DEBUG globus_ftp_client: the server responded with an error
535 Authentication failed: Path validation failed: No trusted path can be constructed


DEBUG   [gfal_gridftp_openG]<-
DEBUG  <- Gfal::Transfer::FileCopy
WARNING Transfer failed with: [srm_do_transfer][gfalt_copy_file][perform_copy][perform_local_copy] Could not open source: [streamed_copy][gfal_plugin_openG][gfal_gridftp_openG][gfal_gridftp_openG] globus_ftp_client: the server responded with an error 535 Authentication failed: Path validation failed: No trusted path can be constructed   
INFO Rolling back PUT
INFO Rolling back GET
DEBUG Service endpoint resolution, resolved from FULL SURL srm://cmsdcadisk01.fnal.gov:8443/srm/managerv2?SFN=/dcache/uscmsdisk/store/PhEDEx_LoadTest07/LoadTest07_Prod_FNAL_Disk/LoadTest07_FNAL_B4 -> httpg://cmsdcadisk01.fnal.gov:8443/srm/managerv2
DEBUG SRM context recycled for httpg://cmsdcadisk01.fnal.gov:8443/srm/managerv2
INFO Released file with token -1901183214
DEBUG  <- Gfal::Transfer::FileCopy
gfal-copy error: 70 (Communication error on send) - [gfalt_copy_file][perform_copy][srm_plugin_filecopy][srm_do_transfer][gfalt_copy_file][perform_copy][perform_local_copy] Could not open source: [streamed_copy][gfal_plugin_openG][gfal_gridftp_openG][gfal_gridftp_openG] globus_ftp_client: the server responded with an error 535 Authentication failed: Path validation failed: No trusted path can be constructed   
DEBUG gridftp session cache garbage collection ...
Copying 2754856745 bytes srm://cmsdcadisk01.fnal.gov:8443/srm/managerv2?SFN=/dcache/uscmsdisk/store/PhEDEx_LoadTest07/LoadTest07_Prod_FNAL_Disk/LoadTest07_FNAL_B4 => file:///afs/cern.ch/user/g/geonmo/LoadTest07_FNAL_B4
event: [1500456710069] BOTH   GFAL2:CORE:COPY	LIST:ENTER	
event: [1500456710069] BOTH   GFAL2:CORE:COPY	LIST:ITEM	srm://cmsdcadisk01.fnal.gov:8443/srm/managerv2?SFN=/dcache/uscmsdisk/store/PhEDEx_LoadTest07/LoadTest07_Prod_FNAL_Disk/LoadTest07_FNAL_B4 => file:///afs/cern.ch/user/g/geonmo/LoadTest07_FNAL_B4
event: [1500456710069] BOTH   GFAL2:CORE:COPY	LIST:EXIT	
event: [1500456710179] BOTH   SRM	PREPARE:ENTER	
event: [1500456710300] SOURCE GFAL2::PLUGINS::SRM	SRM:GET	Got TURL srm://cmsdcadisk01.fnal.gov:8443/srm/managerv2?SFN=/dcache/uscmsdisk/store/PhEDEx_LoadTest07/LoadTest07_Prod_FNAL_Disk/LoadTest07_FNAL_B4 => gsiftp://cmsstor445.fnal.gov:2811//uscmsdisk/store/PhEDEx_LoadTest07/LoadTest07_Prod_FNAL_Disk/LoadTest07_FNAL_B4
event: [1500456710300] BOTH   SRM	PREPARE:EXIT	
event: [1500456710300] BOTH   GFAL2:CORE:COPY	LIST:ENTER	
event: [1500456710300] BOTH   GFAL2:CORE:COPY	LIST:ITEM	gsiftp://cmsstor445.fnal.gov:2811//uscmsdisk/store/PhEDEx_LoadTest07/LoadTest07_Prod_FNAL_Disk/LoadTest07_FNAL_B4 => file:///afs/cern.ch/user/g/geonmo/LoadTest07_FNAL_B4
event: [1500456710301] BOTH   GFAL2:CORE:COPY	LIST:EXIT	
event: [1500456710301] BOTH   GFAL2:CORE:COPY:LOCAL	TRANSFER:ENTER	gsiftp://cmsstor445.fnal.gov:2811//uscmsdisk/store/PhEDEx_LoadTest07/LoadTest07_Prod_FNAL_Disk/LoadTest07_FNAL_B4 => file:///afs/cern.ch/user/g/geonmo/LoadTest07_FNAL_B4
