<?xml version='1.0' encoding='UTF-8'?>

<gums version='1.3' allowGridmapFiles='true' bannedUserGroups='gums-banned'>

	<persistenceFactories>

		<hibernatePersistenceFactory
			name='mysql'
			description=''
			storeConfig='false'
			hibernate.c3p0.timeout='180'
			hibernate.connection.driver_class='com.mysql.jdbc.Driver'
			hibernate.connection.autoReconnect='true'
			hibernate.cache.use_query_cache='true'
			hibernate.c3p0.max_size='20'
			hibernate.dialect='org.hibernate.dialect.MySQLDialect'
			hibernate.cache.use_second_level_cache='true'
			hibernate.c3p0.min_size='3'
			hibernate.cache.region.factory_class='org.hibernate.cache.EhCacheRegionFactory'
			hibernate.connection.username='gums'
			hibernate.connection.url='jdbc:mysql://localhost:3306/GUMS_1_3'
			hibernate.connection.password='IQLDFQUWDSU'/>

	</persistenceFactories>

	<vomsServers>

		<vomsServer
			name='cms'
			description=''
			persistenceFactory='mysql'
			baseUrl='https://voms2.cern.ch:8443/voms/cms'
			sslKey='/etc/grid-security/http/httpkey.pem'
			sslCertfile='/etc/grid-security/http/httpcert.pem'
			sslKeyPasswd=''
			sslCAFiles='/etc/grid-security/certificates/*.0'/>

		<vomsServer
			name='fermilab'
			description=''
			persistenceFactory='mysql'
			baseUrl='https://voms.fnal.gov:8443/voms/fermilab'
			sslKey='/etc/grid-security/http/httpkey.pem'
			sslCertfile='/etc/grid-security/http/httpcert.pem'
			sslKeyPasswd=''
			sslCAFiles='/etc/grid-security/certificates/*.0'/>

		<vomsServer
			name='glow'
			description=''
			persistenceFactory='mysql'
			baseUrl='https://glow-voms.cs.wisc.edu:8443/voms/GLOW'
			sslKey='/etc/grid-security/http/httpkey.pem'
			sslCertfile='/etc/grid-security/http/httpcert.pem'
			sslKeyPasswd=''
			sslCAFiles='/etc/grid-security/certificates/*.0'/>

		<vomsServer
			name='osg'
			description=''
			persistenceFactory='mysql'
			baseUrl='https://voms.grid.iu.edu.org:8443/voms/osg'
			sslKey='/etc/grid-security/http/httpkey.pem'
			sslCertfile='/etc/grid-security/http/httpcert.pem'
			sslKeyPasswd=''
			sslCAFiles='/etc/grid-security/certificates/*.0'/>

		<vomsServer
			name='osg1'
			description=''
			persistenceFactory='mysql'
			baseUrl='https://voms.opensciencegrid.org:8443/voms/osg'
			sslKey='/etc/grid-security/http/httpkey.pem'
			sslCertfile='/etc/grid-security/http/httpcert.pem'
			sslKeyPasswd=''
			sslCAFiles='/etc/grid-security/certificates/*.0'/>

		<vomsServer
			name='osgcrossce'
			description=''
			persistenceFactory='mysql'
			baseUrl='https://voms.grid.iu.edu:8443/voms/osgcrossce'
			sslKey='/etc/grid-security/http/httpkey.pem'
			sslCertfile='/etc/grid-security/http/httpcert.pem'
			sslKeyPasswd=''
			sslCAFiles='/etc/grid-security/certificates/*.0'/>

		<vomsServer
			name='osgedu'
			description=''
			persistenceFactory='mysql'
			baseUrl='https://voms.grid.iu.edu:8443/voms/osgedu'
			sslKey='/etc/grid-security/http/httpkey.pem'
			sslCertfile='/etc/grid-security/http/httpcert.pem'
			sslKeyPasswd=''
			sslCAFiles='/etc/grid-security/certificates/*.0'/>

	</vomsServers>

	<userGroups>

		<vomsUserGroup
			name='accelerator'
			access='read self'
			description=''
			vomsServer='fermilab'
			matchFQAN='exact'
			acceptProxyWithoutFQAN='false'
			voGroup='/fermilab/accelerator'/>

		<vomsUserGroup
			name='accelerator-production'
			access='read self'
			description=''
			vomsServer='fermilab'
			matchFQAN='exact'
			acceptProxyWithoutFQAN='false'
			voGroup='/fermilab/accelerator'
			role='Production'/>

		<manualUserGroup
			name='admins'
			access='write'
			description=''
			persistenceFactory='mysql'
			membersUri=''
			nonMembersUri=''/>

		<vomsUserGroup
			name='argoneut'
			access='read self'
			description=''
			vomsServer='fermilab'
			matchFQAN='exact'
			acceptProxyWithoutFQAN='false'
			voGroup='/fermilab/argoneut'/>

		<vomsUserGroup
			name='argoneut-production'
			access='read self'
			description=''
			vomsServer='fermilab'
			matchFQAN='exact'
			acceptProxyWithoutFQAN='false'
			voGroup='/fermilab/argoneut'
			role='Production'/>

		<vomsUserGroup
			name='argoneutana'
			access='read self'
			description=''
			vomsServer='fermilab'
			matchFQAN='exact'
			acceptProxyWithoutFQAN='false'
			voGroup='/fermilab/argoneut'
			role='Analysis'/>

		<vomsUserGroup
			name='argoneutgli'
			access='read self'
			description=''
			vomsServer='fermilab'
			matchFQAN='exact'
			acceptProxyWithoutFQAN='false'
			voGroup='/fermilab/argoneut'
			role='pilot'/>

		<vomsUserGroup
			name='cdms'
			access='read self'
			description=''
			vomsServer='fermilab'
			matchFQAN='exact'
			acceptProxyWithoutFQAN='false'
			voGroup='/fermilab/cdms'/>

		<vomsUserGroup
			name='cdms-production'
			access='read self'
			description=''
			vomsServer='fermilab'
			matchFQAN='exact'
			acceptProxyWithoutFQAN='false'
			voGroup='/fermilab/cdms'
			role='Production'/>

		<vomsUserGroup
			name='cmsfrontier'
			access='read self'
			description=''
			vomsServer='cms'
			matchFQAN='exact'
			acceptProxyWithoutFQAN='false'
			voGroup='/cms/uscms'
			role='cmsfrontier'/>

		<vomsUserGroup
			name='cmsphedex'
			access='read self'
			description=''
			vomsServer='cms'
			matchFQAN='exact'
			acceptProxyWithoutFQAN='false'
			voGroup='/cms/uscms'
			role='cmsphedex'/>

		<vomsUserGroup
			name='cmsphedex2'
			access='read self'
			description=''
			vomsServer='cms'
			matchFQAN='exact'
			acceptProxyWithoutFQAN='false'
			voGroup='/cms'
			role='cmsphedex'/>

		<vomsUserGroup
			name='cmsprod'
			access='read self'
			description=''
			vomsServer='cms'
			matchFQAN='exact'
			acceptProxyWithoutFQAN='false'
			voGroup='/cms/uscms'
			role='cmsprod'/>

		<vomsUserGroup
			name='cmsproduction'
			access='read self'
			description=''
			vomsServer='cms'
			matchFQAN='exact'
			acceptProxyWithoutFQAN='false'
			voGroup='/cms'
			role='production'/>

		<vomsUserGroup
			name='cmssoft'
			access='read self'
			description=''
			vomsServer='cms'
			matchFQAN='exact'
			acceptProxyWithoutFQAN='false'
			voGroup='/cms/uscms'
			role='cmssoft'/>

		<vomsUserGroup
			name='cmssoft2'
			access='read self'
			description=''
			vomsServer='cms'
			matchFQAN='exact'
			acceptProxyWithoutFQAN='false'
			voGroup='/cms'
			role='cmssoft'/>

		<vomsUserGroup
			name='cmsuser'
			access='read self'
			description=''
			vomsServer='cms'
			matchFQAN='vo'
			acceptProxyWithoutFQAN='false'
			voGroup='/cms'
			role='cmsuser'/>

		<vomsUserGroup
			name='cmsuser-null'
			access='read self'
			description=''
			vomsServer='cms'
			matchFQAN='vo'
			acceptProxyWithoutFQAN='true'
			voGroup='/cms'/>

		<vomsUserGroup
			name='coupp'
			access='read self'
			description=''
			vomsServer='fermilab'
			matchFQAN='exact'
			acceptProxyWithoutFQAN='false'
			voGroup='/fermilab/coupp'/>

		<vomsUserGroup
			name='darkside'
			access='read self'
			description=''
			vomsServer='fermilab'
			matchFQAN='exact'
			acceptProxyWithoutFQAN='false'
			voGroup='/fermilab/darkside'/>

		<vomsUserGroup
			name='darksideana'
			access='read self'
			description=''
			vomsServer='fermilab'
			matchFQAN='exact'
			acceptProxyWithoutFQAN='false'
			voGroup='/fermilab/darkside'
			role='analysis'/>

		<vomsUserGroup
			name='darksidecal'
			access='read self'
			description=''
			vomsServer='fermilab'
			matchFQAN='exact'
			acceptProxyWithoutFQAN='false'
			voGroup='/fermilab/darkside'
			role='calibration'/>

		<vomsUserGroup
			name='darksidedat'
			access='read self'
			description=''
			vomsServer='fermilab'
			matchFQAN='exact'
			acceptProxyWithoutFQAN='false'
			voGroup='/fermilab/darkside'
			role='data'/>

		<vomsUserGroup
			name='darksidegli'
			access='read self'
			description=''
			vomsServer='fermilab'
			matchFQAN='exact'
			acceptProxyWithoutFQAN='false'
			voGroup='/fermilab/grid'
			role='pilot'/>

		<vomsUserGroup
			name='darksidepro'
			access='read self'
			description=''
			vomsServer='fermilab'
			matchFQAN='exact'
			acceptProxyWithoutFQAN='false'
			voGroup='/fermilab/darkside'
			role='production'/>

		<vomsUserGroup
			name='fermilab'
			access='read self'
			description=''
			vomsServer='fermilab'
			matchFQAN='exact'
			acceptProxyWithoutFQAN='false'
			voGroup='/fermilab/grid'/>

		<vomsUserGroup
			name='fermilab-production'
			access='read self'
			description=''
			vomsServer='fermilab'
			matchFQAN='exact'
			acceptProxyWithoutFQAN='false'
			voGroup='/fermilab'
			role='Production'/>

		<vomsUserGroup
			name='fermilab-test'
			access='read self'
			description=''
			vomsServer='fermilab'
			matchFQAN='exact'
			acceptProxyWithoutFQAN='false'
			voGroup='/fermilab/test'/>

		<vomsUserGroup
			name='fgadmin'
			access='read self'
			description=''
			vomsServer='fermilab'
			matchFQAN='exact'
			acceptProxyWithoutFQAN='false'
			voGroup='/fermilab/grid'
			role='admin'/>

		<vomsUserGroup
			name='fggli'
			access='read self'
			description=''
			vomsServer='fermilab'
			matchFQAN='exact'
			acceptProxyWithoutFQAN='false'
			voGroup='/fermilab/grid'
			role='pilot'/>

		<vomsUserGroup
			name='fnal-ana'
			access='read self'
			description=''
			vomsServer='fermilab'
			matchFQAN='exact'
			acceptProxyWithoutFQAN='false'
			voGroup='/fermilab'
			role='Analysis'/>

		<vomsUserGroup
			name='gendetrd'
			access='read self'
			description=''
			vomsServer='fermilab'
			matchFQAN='exact'
			acceptProxyWithoutFQAN='false'
			voGroup='/fermilab/gendetrd'/>

		<vomsUserGroup
			name='gendetrd-production'
			access='read self'
			description=''
			vomsServer='fermilab'
			matchFQAN='exact'
			acceptProxyWithoutFQAN='false'
			voGroup='/fermilab/gendetrd'
			role='Production'/>

		<vomsUserGroup
			name='gendetrdana'
			access='read self'
			description=''
			vomsServer='fermilab'
			matchFQAN='exact'
			acceptProxyWithoutFQAN='false'
			voGroup='/fermilab/gendetrd'
			role='Analysis'/>

		<vomsUserGroup
			name='gendetrdgli'
			access='read self'
			description=''
			vomsServer='fermilab'
			matchFQAN='exact'
			acceptProxyWithoutFQAN='false'
			voGroup='/fermilab/gendetrd'
			role='pilot'/>

		<vomsUserGroup
			name='glow'
			access='read self'
			description=''
			vomsServer='glow'
			matchFQAN='vo'
			acceptProxyWithoutFQAN='true'
			voGroup='/GLOW'/>


		<vomsUserGroup
			name='gm2'
			access='read self'
			description=''
			vomsServer='fermilab'
			matchFQAN='exact'
			acceptProxyWithoutFQAN='false'
			voGroup='/fermilab/gm2'/>

		<vomsUserGroup
			name='gm2-production'
			access='read self'
			description=''
			vomsServer='fermilab'
			matchFQAN='exact'
			acceptProxyWithoutFQAN='false'
			voGroup='/fermilab/gm2'
			role='Production'/>

		<vomsUserGroup
			name='gm2ana'
			access='read self'
			description=''
			vomsServer='fermilab'
			matchFQAN='exact'
			acceptProxyWithoutFQAN='false'
			voGroup='/fermilab/gm2'
			role='Analysis'/>

		<vomsUserGroup
			name='gm2gli'
			access='read self'
			description=''
			vomsServer='fermilab'
			matchFQAN='exact'
			acceptProxyWithoutFQAN='false'
			voGroup='/fermilab/gm2'
			role='pilot'/>

		<manualUserGroup
			name='gums-banned'
			access='read self'
			description='Default group for banned users'
			persistenceFactory='mysql'
			membersUri=''
			nonMembersUri=''/>

		<vomsUserGroup
			name='lar1'
			access='read self'
			description=''
			vomsServer='fermilab'
			matchFQAN='exact'
			acceptProxyWithoutFQAN='false'
			voGroup='/fermilab/lar1'/>

		<vomsUserGroup
			name='lar1-production'
			access='read self'
			description=''
			vomsServer='fermilab'
			matchFQAN='exact'
			acceptProxyWithoutFQAN='false'
			voGroup='/fermilab/lar1'
			role='Production'/>

		<vomsUserGroup
			name='lar1ana'
			access='read self'
			description=''
			vomsServer='fermilab'
			matchFQAN='exact'
			acceptProxyWithoutFQAN='false'
			voGroup='/fermilab/lar1'
			role='Analysis'/>

		<vomsUserGroup
			name='lar1gli'
			access='read self'
			description=''
			vomsServer='fermilab'
			matchFQAN='exact'
			acceptProxyWithoutFQAN='false'
			voGroup='/fermilab/lar1'
			role='pilot'/>

		<vomsUserGroup
			name='lariat'
			access='read self'
			description=''
			vomsServer='fermilab'
			matchFQAN='exact'
			acceptProxyWithoutFQAN='false'
			voGroup='/fermilab/lariat'/>

		<vomsUserGroup
			name='lariat-production'
			access='read self'
			description=''
			vomsServer='fermilab'
			matchFQAN='exact'
			acceptProxyWithoutFQAN='false'
			voGroup='/fermilab/lariat'
			role='Production'/>

		<vomsUserGroup
			name='lariatana'
			access='read self'
			description=''
			vomsServer='fermilab'
			matchFQAN='exact'
			acceptProxyWithoutFQAN='false'
			voGroup='/fermilab/lariat'
			role='Analysis'/>

		<vomsUserGroup
			name='lariatgli'
			access='read self'
			description=''
			vomsServer='fermilab'
			matchFQAN='exact'
			acceptProxyWithoutFQAN='false'
			voGroup='/fermilab/lariat'
			role='pilot'/>

		<manualUserGroup
			name='local'
			access='write'
			description='local users'
			persistenceFactory='mysql'
			membersUri=''
			nonMembersUri=''/>

		<vomsUserGroup
			name='map'
			access='read self'
			description=''
			vomsServer='fermilab'
			matchFQAN='exact'
			acceptProxyWithoutFQAN='false'
			voGroup='/fermilab/map'/>

		<vomsUserGroup
			name='map-production'
			access='read self'
			description=''
			vomsServer='fermilab'
			matchFQAN='exact'
			acceptProxyWithoutFQAN='false'
			voGroup='/fermilab/map'
			role='Production'/>

		<vomsUserGroup
			name='mapana'
			access='read self'
			description=''
			vomsServer='fermilab'
			matchFQAN='exact'
			acceptProxyWithoutFQAN='false'
			voGroup='/fermilab/map'
			role='Analysis'/>

		<vomsUserGroup
			name='mapgli'
			access='read self'
			description=''
			vomsServer='fermilab'
			matchFQAN='exact'
			acceptProxyWithoutFQAN='false'
			voGroup='/fermilab/map'
			role='pilot'/>

		<vomsUserGroup
			name='microboone'
			access='read self'
			description=''
			vomsServer='fermilab'
			matchFQAN='exact'
			acceptProxyWithoutFQAN='false'
			voGroup='/fermilab/uboone'/>

		<vomsUserGroup
			name='minerva'
			access='read self'
			description=''
			vomsServer='fermilab'
			matchFQAN='exact'
			acceptProxyWithoutFQAN='false'
			voGroup='/fermilab/minerva'/>

		<vomsUserGroup
			name='minerva-production'
			access='read self'
			description=''
			vomsServer='fermilab'
			matchFQAN='exact'
			acceptProxyWithoutFQAN='false'
			voGroup='/fermilab/minerva'
			role='Production'/>

		<vomsUserGroup
			name='minervaana'
			access='read self'
			description=''
			vomsServer='fermilab'
			matchFQAN='exact'
			acceptProxyWithoutFQAN='false'
			voGroup='/fermilab/minerva'
			role='Analysis'/>

		<vomsUserGroup
			name='minervagli'
			access='read self'
			description=''
			vomsServer='fermilab'
			matchFQAN='exact'
			acceptProxyWithoutFQAN='false'
			voGroup='/fermilab/minerva'
			role='pilot'/>

		<vomsUserGroup
			name='miniboone'
			access='read self'
			description=''
			vomsServer='fermilab'
			matchFQAN='exact'
			acceptProxyWithoutFQAN='false'
			voGroup='/fermilab/miniboone'/>

		<vomsUserGroup
			name='miniboone-production'
			access='read self'
			description=''
			vomsServer='fermilab'
			matchFQAN='exact'
			acceptProxyWithoutFQAN='false'
			voGroup='/fermilab/miniboone'
			role='Production'/>

		<vomsUserGroup
			name='minos'
			access='read self'
			description=''
			vomsServer='fermilab'
			matchFQAN='exact'
			acceptProxyWithoutFQAN='false'
			voGroup='/fermilab/minos'/>

		<vomsUserGroup
			name='minos-production'
			access='read self'
			description=''
			vomsServer='fermilab'
			matchFQAN='exact'
			acceptProxyWithoutFQAN='false'
			voGroup='/fermilab/minos'
			role='Production'/>

		<vomsUserGroup
			name='minosana'
			access='read self'
			description=''
			vomsServer='fermilab'
			matchFQAN='exact'
			acceptProxyWithoutFQAN='false'
			voGroup='/fermilab/minos'
			role='Analysis'/>

		<vomsUserGroup
			name='minosgli'
			access='read self'
			description=''
			vomsServer='fermilab'
			matchFQAN='exact'
			acceptProxyWithoutFQAN='false'
			voGroup='/fermilab/minos'
			role='pilot'/>

		<vomsUserGroup
			name='mipp'
			access='read self'
			description=''
			vomsServer='fermilab'
			matchFQAN='exact'
			acceptProxyWithoutFQAN='false'
			voGroup='/fermilab/mipp'/>

		<vomsUserGroup
			name='mipp-production'
			access='read self'
			description=''
			vomsServer='fermilab'
			matchFQAN='exact'
			acceptProxyWithoutFQAN='false'
			voGroup='/fermilab/mipp'
			role='Production'/>

		<vomsUserGroup
			name='mu2e'
			access='read self'
			description=''
			vomsServer='fermilab'
			matchFQAN='exact'
			acceptProxyWithoutFQAN='false'
			voGroup='/fermilab/mu2e'/>

		<vomsUserGroup
			name='nova'
			access='read self'
			description=''
			vomsServer='fermilab'
			matchFQAN='exact'
			acceptProxyWithoutFQAN='false'
			voGroup='/fermilab/nova'/>

		<vomsUserGroup
			name='nova-production'
			access='read self'
			description=''
			vomsServer='fermilab'
			matchFQAN='exact'
			acceptProxyWithoutFQAN='false'
			voGroup='/fermilab/nova'
			role='Production'/>

		<vomsUserGroup
			name='novaana'
			access='read self'
			description=''
			vomsServer='fermilab'
			matchFQAN='exact'
			acceptProxyWithoutFQAN='false'
			voGroup='/fermilab/nova'
			role='Analysis'/>

		<vomsUserGroup
			name='novagli'
			access='read self'
			description=''
			vomsServer='fermilab'
			matchFQAN='exact'
			acceptProxyWithoutFQAN='false'
			voGroup='/fermilab/nova'
			role='pilot'/>

		<vomsUserGroup
			name='numi'
			access='read self'
			description=''
			vomsServer='fermilab'
			matchFQAN='exact'
			acceptProxyWithoutFQAN='false'
			voGroup='/fermilab/numi'/>

		<vomsUserGroup
			name='numi-production'
			access='read self'
			description=''
			vomsServer='fermilab'
			matchFQAN='exact'
			acceptProxyWithoutFQAN='false'
			voGroup='/fermilab/numi'
			role='Production'/>

		<vomsUserGroup
			name='okra'
			access='read self'
			description=''
			vomsServer='fermilab'
			matchFQAN='exact'
			acceptProxyWithoutFQAN='false'
			voGroup='/fermilab/okra'/>

		<vomsUserGroup
			name='okra-production'
			access='read self'
			description=''
			vomsServer='fermilab'
			matchFQAN='exact'
			acceptProxyWithoutFQAN='false'
			voGroup='/fermilab/okra'
			role='Production'/>

		<vomsUserGroup
			name='okraana'
			access='read self'
			description=''
			vomsServer='fermilab'
			matchFQAN='exact'
			acceptProxyWithoutFQAN='false'
			voGroup='/fermilab/okra'
			role='Analysis'/>

		<vomsUserGroup
			name='okragli'
			access='read self'
			description=''
			vomsServer='fermilab'
			matchFQAN='exact'
			acceptProxyWithoutFQAN='false'
			voGroup='/fermilab/okra'
			role='pilot'/>

		<vomsUserGroup
			name='osg'
			access='read self'
			description=''
			vomsServer='osg1'
			matchFQAN='vo'
			acceptProxyWithoutFQAN='true'
			voGroup='/osg'/>

		<vomsUserGroup
			name='osg-goc'
			access='read self'
			description=''
			vomsServer='osg'
			matchFQAN='vo'
			acceptProxyWithoutFQAN='true'
			voGroup='/osg'/>

		<vomsUserGroup
			name='osgcrossce'
			access='read self'
			description=''
			vomsServer='osgcrossce'
			matchFQAN='vo'
			acceptProxyWithoutFQAN='true'
			voGroup='/osgcrossce'/>

		<vomsUserGroup
			name='osgedu'
			access='read self'
			description=''
			vomsServer='osgedu'
			matchFQAN='vo'
			acceptProxyWithoutFQAN='true'
			voGroup='/osgedu'/>

		<vomsUserGroup
			name='patriot'
			access='read self'
			description=''
			vomsServer='fermilab'
			matchFQAN='exact'
			acceptProxyWithoutFQAN='false'
			voGroup='/fermilab/patriot'/>

		<vomsUserGroup
			name='patriot-production'
			access='read self'
			description=''
			vomsServer='fermilab'
			matchFQAN='exact'
			acceptProxyWithoutFQAN='false'
			voGroup='/fermilab/patriot'
			role='Production'/>

		<manualUserGroup
			name='rsv'
			access='read self'
			description=''
			persistenceFactory='mysql'
			membersUri=''
			nonMembersUri=''/>

		<vomsUserGroup
			name='seaquest'
			access='read self'
			description=''
			vomsServer='fermilab'
			matchFQAN='exact'
			acceptProxyWithoutFQAN='false'
			voGroup='/fermilab/seaquest'/>

		<vomsUserGroup
			name='seaquestana'
			access='read self'
			description=''
			vomsServer='fermilab'
			matchFQAN='exact'
			acceptProxyWithoutFQAN='false'
			voGroup='/fermilab/seaquest'
			role='analysis'/>

		<vomsUserGroup
			name='seaquestgli'
			access='read self'
			description=''
			vomsServer='fermilab'
			matchFQAN='exact'
			acceptProxyWithoutFQAN='false'
			voGroup='/fermilab/seaquest'
			role='pilot'/>

		<vomsUserGroup
			name='seaquestpro'
			access='read self'
			description=''
			vomsServer='fermilab'
			matchFQAN='exact'
			acceptProxyWithoutFQAN='false'
			voGroup='/fermilab/seaquest'
			role='production'/>

		<vomsUserGroup
			name='theory'
			access='read self'
			description=''
			vomsServer='fermilab'
			matchFQAN='exact'
			acceptProxyWithoutFQAN='false'
			voGroup='/fermilab/theory'/>

		<vomsUserGroup
			name='theory-production'
			access='read self'
			description=''
			vomsServer='fermilab'
			matchFQAN='exact'
			acceptProxyWithoutFQAN='false'
			voGroup='/fermilab/theory'
			role='Production'/>

		<vomsUserGroup
			name='ubooneana'
			access='read self'
			description=''
			vomsServer='fermilab'
			matchFQAN='exact'
			acceptProxyWithoutFQAN='false'
			voGroup='/fermilab/uboone'
			role='Analysis'/>

		<vomsUserGroup
			name='uboonegli'
			access='read self'
			description=''
			vomsServer='fermilab'
			matchFQAN='exact'
			acceptProxyWithoutFQAN='false'
			voGroup='/fermilab/uboone'
			role='pilot'/>

		<vomsUserGroup
			name='uboonepro'
			access='read self'
			description=''
			vomsServer='fermilab'
			matchFQAN='exact'
			acceptProxyWithoutFQAN='false'
			voGroup='/fermilab/uboone'
			role='Production'/>

		<vomsUserGroup
			name='uscmst2admin'
			access='read self'
			description=''
			vomsServer='cms'
			matchFQAN='exact'
			acceptProxyWithoutFQAN='false'
			voGroup='/cms/uscms'
			role='cmst2admin'/>

		<vomsUserGroup
			name='uscmsuser'
			access='read self'
			description=''
			vomsServer='cms'
			matchFQAN='exact'
			acceptProxyWithoutFQAN='false'
			voGroup='/cms/uscms'
			role='cmsuser'/>

	</userGroups>

	<accountMappers>

		<groupAccountMapper
			name='accelpro'
			description=''
			accountName='accelpro'/>

		<groupAccountMapper
			name='alice'
			description=''
			accountName='alice'/>

		<groupAccountMapper
			name='argoneut'
			description=''
			accountName='argoneut'/>

		<groupAccountMapper
			name='argoneutana'
			description=''
			accountName='argoneutana'/>

		<groupAccountMapper
			name='argoneutgli'
			description=''
			accountName='argoneutgli'/>

		<groupAccountMapper
			name='argoneutpro'
			description=''
			accountName='argoneutpro'/>

		<groupAccountMapper
			name='auger'
			description=''
			accountName='auger'/>

		<groupAccountMapper
			name='belle'
			description=''
			accountName='belle'/>

		<groupAccountMapper
			name='bellepro'
			description=''
			accountName='bellepro'/>

		<groupAccountMapper
			name='cdf'
			description=''
			accountName='cdf'/>

		<groupAccountMapper
			name='cdfdev'
			description=''
			accountName='cdfdev'/>

		<groupAccountMapper
			name='cdffgrid'
			description=''
			accountName='cdffgrid'/>

		<groupAccountMapper
			name='cdfnam'
			description=''
			accountName='cdfnam'/>

		<groupAccountMapper
			name='cdms'
			description=''
			accountName='cdms'/>

		<groupAccountMapper
			name='cdmspro'
			description=''
			accountName='cdmspro'/>

		<groupAccountMapper
			name='cigi'
			description=''
			accountName='cigi'/>

		<groupAccountMapper
			name='cmsfrontier'
			description=''
			accountName='cmsfrontier'/>

		<groupAccountMapper
			name='cmsphedex'
			description=''
			accountName='cmsphedex'/>

		<groupAccountMapper
			name='cmsprod'
			description=''
			accountName='cmsprod'/>

		<groupAccountMapper
			name='cmssoft'
			description=''
			accountName='cmssoft'/>

		<groupAccountMapper
			name='cmst2admin'
			description=''
			accountName='cmst2admin'/>

		<groupAccountMapper
			name='compbiogrid'
			description=''
			accountName='compbiogrid'/>

		<groupAccountMapper
			name='coupp'
			description=''
			accountName='coupp'/>

		<groupAccountMapper
			name='csiu'
			description=''
			accountName='csiu'/>

		<groupAccountMapper
			name='darkside'
			description=''
			accountName='darkside'/>

		<groupAccountMapper
			name='darksideana'
			description=''
			accountName='darksideana'/>

		<groupAccountMapper
			name='darksidecal'
			description=''
			accountName='darksidecal'/>

		<groupAccountMapper
			name='darksidedat'
			description=''
			accountName='darksidedat'/>

		<groupAccountMapper
			name='darksidegli'
			description=''
			accountName='darksidegli'/>

		<groupAccountMapper
			name='darksidepro'
			description=''
			accountName='darksidepro'/>

		<groupAccountMapper
			name='des'
			description=''
			accountName='des'/>

		<groupAccountMapper
			name='dosar'
			description=''
			accountName='dosar'/>

		<groupAccountMapper
			name='dream'
			description=''
			accountName='dream'/>

		<groupAccountMapper
			name='dzeroana'
			description=''
			accountName='dzeroana'/>

		<groupAccountMapper
			name='enmr.eu'
			description=''
			accountName='enmr.eu'/>

		<groupAccountMapper
			name='fermiana'
			description=''
			accountName='fermiana'/>

		<groupAccountMapper
			name='fermipro'
			description=''
			accountName='fermipro'/>

		<groupAccountMapper
			name='fgadmin'
			description=''
			accountName='fgadmin'/>

		<groupAccountMapper
			name='fggli'
			description=''
			accountName='fggli'/>

		<groupAccountMapper
			name='fgtest'
			description=''
			accountName='fgtest'/>

		<groupAccountMapper
			name='fnal_acc'
			description=''
			accountName='fnal_acc'/>

		<groupAccountMapper
			name='fnal_thy'
			description=''
			accountName='fnal_thy'/>

		<groupAccountMapper
			name='fnalgrid'
			description=''
			accountName='fnalgrid'/>

		<groupAccountMapper
			name='gcedu'
			description=''
			accountName='gcedu'/>

		<groupAccountMapper
			name='gcvo'
			description=''
			accountName='gcvo'/>

		<groupAccountMapper
			name='geant4'
			description=''
			accountName='geant4'/>

		<groupAccountMapper
			name='gendetrd'
			description=''
			accountName='gendetrd'/>

		<groupAccountMapper
			name='gendetrdana'
			description=''
			accountName='gendetrdana'/>

		<groupAccountMapper
			name='gendetrdgli'
			description=''
			accountName='gendetrdgli'/>

		<groupAccountMapper
			name='gendetrdpro'
			description=''
			accountName='gendetrdpro'/>

		<groupAccountMapper
			name='glast.org'
			description=''
			accountName='glast.org'/>

		<groupAccountMapper
			name='glow'
			description=''
			accountName='glow'/>

		<groupAccountMapper
			name='gluex'
			description=''
			accountName='gluex'/>

		<groupAccountMapper
			name='gm2'
			description=''
			accountName='gm2'/>

		<groupAccountMapper
			name='gm2ana'
			description=''
			accountName='gm2ana'/>

		<groupAccountMapper
			name='gm2gli'
			description=''
			accountName='gm2gli'/>

		<groupAccountMapper
			name='gm2pro'
			description=''
			accountName='gm2pro'/>

		<groupAccountMapper
			name='gpn'
			description=''
			accountName='gpn'/>

		<groupAccountMapper
			name='gridunesp'
			description=''
			accountName='gridunesp'/>

		<groupAccountMapper
			name='hcc'
			description=''
			accountName='hcc'/>

		<groupAccountMapper
			name='icecube'
			description=''
			accountName='icecube'/>

		<groupAccountMapper
			name='ilc'
			description=''
			accountName='ilc'/>

		<groupAccountMapper
			name='lar1'
			description=''
			accountName='lar1'/>

		<groupAccountMapper
			name='lar1ana'
			description=''
			accountName='lar1ana'/>

		<groupAccountMapper
			name='lar1gli'
			description=''
			accountName='lar1gli'/>

		<groupAccountMapper
			name='lar1pro'
			description=''
			accountName='lar1pro'/>

		<groupAccountMapper
			name='lariat'
			description=''
			accountName='lariat'/>

		<groupAccountMapper
			name='lariatana'
			description=''
			accountName='lariatana'/>

		<groupAccountMapper
			name='lariatgli'
			description=''
			accountName='lariatgli'/>

		<groupAccountMapper
			name='lariatpro'
			description=''
			accountName='lariatpro'/>

		<groupAccountMapper
			name='lbne'
			description=''
			accountName='lbne'/>

		<groupAccountMapper
			name='lbneana'
			description=''
			accountName='lbneana'/>

		<groupAccountMapper
			name='lbnegli'
			description=''
			accountName='lbnegli'/>

		<groupAccountMapper
			name='lbnepro'
			description=''
			accountName='lbnepro'/>

		<groupAccountMapper
			name='ligo'
			description=''
			accountName='ligo'/>

		<manualAccountMapper
			name='localmapper'
			description='Manual Local Account Mapper'
			persistenceFactory='mysql'/>

		<groupAccountMapper
			name='lqcd'
			description=''
			accountName='lqcd'/>

		<groupAccountMapper
			name='lsst'
			description=''
			accountName='lsst'/>

		<groupAccountMapper
			name='map'
			description=''
			accountName='map'/>

		<groupAccountMapper
			name='mapana'
			description=''
			accountName='mapana'/>

		<groupAccountMapper
			name='mapgli'
			description=''
			accountName='mapgli'/>

		<groupAccountMapper
			name='mappro'
			description=''
			accountName='mappro'/>

		<groupAccountMapper
			name='mcdrd'
			description=''
			accountName='mcdrd'/>

		<groupAccountMapper
			name='minbnpro'
			description=''
			accountName='minbnpro'/>

		<groupAccountMapper
			name='minboone'
			description=''
			accountName='minboone'/>

		<groupAccountMapper
			name='minerva'
			description=''
			accountName='minerva'/>

		<groupAccountMapper
			name='minervaana'
			description=''
			accountName='minervaana'/>

		<groupAccountMapper
			name='minervagli'
			description=''
			accountName='minervagli'/>

		<groupAccountMapper
			name='minervapro'
			description=''
			accountName='minervapro'/>

		<groupAccountMapper
			name='minos'
			description=''
			accountName='minos'/>

		<groupAccountMapper
			name='minosana'
			description=''
			accountName='minosana'/>

		<groupAccountMapper
			name='minosgli'
			description=''
			accountName='minosgli'/>

		<groupAccountMapper
			name='minospro'
			description=''
			accountName='minospro'/>

		<groupAccountMapper
			name='mipp'
			description=''
			accountName='mipp'/>

		<groupAccountMapper
			name='mipppro'
			description=''
			accountName='mipppro'/>

		<groupAccountMapper
			name='mis'
			description=''
			accountName='mis'/>

		<groupAccountMapper
			name='mu2e'
			description=''
			accountName='mu2e'/>

		<groupAccountMapper
			name='nanohub'
			description=''
			accountName='nanohub'/>

		<groupAccountMapper
			name='nees'
			description=''
			accountName='nees'/>

		<groupAccountMapper
			name='nova'
			description=''
			accountName='nova'/>

		<groupAccountMapper
			name='novaana'
			description=''
			accountName='novaana'/>

		<groupAccountMapper
			name='novagli'
			description=''
			accountName='novagli'/>

		<groupAccountMapper
			name='novapro'
			description=''
			accountName='novapro'/>

		<groupAccountMapper
			name='numi'
			description=''
			accountName='numi'/>

		<groupAccountMapper
			name='numipro'
			description=''
			accountName='numipro'/>

		<groupAccountMapper
			name='nysgrid'
			description=''
			accountName='nysgrid'/>

		<groupAccountMapper
			name='okra'
			description=''
			accountName='okra'/>

		<groupAccountMapper
			name='okraana'
			description=''
			accountName='okraana'/>

		<groupAccountMapper
			name='okragli'
			description=''
			accountName='okragli'/>

		<groupAccountMapper
			name='okrapro'
			description=''
			accountName='okrapro'/>

		<groupAccountMapper
			name='ops'
			description=''
			accountName='ops'/>

		<groupAccountMapper
			name='osg'
			description=''
			accountName='osg'/>

		<accountPoolMapper
			name='osgcrossce'
			description=''
			persistenceFactory='mysql'
			accountPool='osgcrossce'/>

		<groupAccountMapper
			name='osgedu'
			description=''
			accountName='osgedu'/>

		<groupAccountMapper
			name='patriot'
			description=''
			accountName='patriot'/>

		<groupAccountMapper
			name='patripro'
			description=''
			accountName='patripro'/>

		<groupAccountMapper
			name='rsv'
			description=''
			accountName='rsv'/>

		<groupAccountMapper
			name='sam'
			description=''
			accountName='sam'/>

		<groupAccountMapper
			name='samgrid'
			description=''
			accountName='samgrid'/>

		<groupAccountMapper
			name='sbgrid'
			description=''
			accountName='sbgrid'/>

		<groupAccountMapper
			name='seaquest'
			description=''
			accountName='seaquest'/>

		<groupAccountMapper
			name='seaquestana'
			description=''
			accountName='seaquestana'/>

		<groupAccountMapper
			name='seaquestgli'
			description=''
			accountName='seaquestgli'/>

		<groupAccountMapper
			name='seaquestpro'
			description=''
			accountName='seaquestpro'/>

		<groupAccountMapper
			name='snoplus.snolab.ca'
			description=''
			accountName='snoplus.snolab.ca'/>

		<groupAccountMapper
			name='star'
			description=''
			accountName='star'/>

		<groupAccountMapper
			name='superbvo.org'
			description=''
			accountName='superbvo.org'/>

		<groupAccountMapper
			name='superbvo.orgprod'
			description=''
			accountName='superbvo.orgprod'/>

		<groupAccountMapper
			name='superbvo.orgsoft'
			description=''
			accountName='superbvo.orgsoft'/>

		<groupAccountMapper
			name='suragrid'
			description=''
			accountName='suragrid'/>

		<groupAccountMapper
			name='theopro'
			description=''
			accountName='theopro'/>

		<groupAccountMapper
			name='uboone'
			description=''
			accountName='uboone'/>

		<groupAccountMapper
			name='ubooneana'
			description=''
			accountName='ubooneana'/>

		<groupAccountMapper
			name='uboonegli'
			description=''
			accountName='uboonegli'/>

		<groupAccountMapper
			name='uboonepro'
			description=''
			accountName='uboonepro'/>

		<groupAccountMapper
			name='uc3'
			description=''
			accountName='uc3'/>

		<groupAccountMapper
			name='usatlas1'
			description=''
			accountName='usatlas1'/>

		<groupAccountMapper
			name='usatlas2'
			description=''
			accountName='usatlas2'/>

		<groupAccountMapper
			name='usatlas3'
			description=''
			accountName='usatlas3'/>

		<groupAccountMapper
			name='usatlas4'
			description=''
			accountName='usatlas4'/>

		<accountPoolMapper
			name='uscmsPool'
			description=''
			persistenceFactory='mysql'
			accountPool='uscmsPool'/>

		<groupAccountMapper
			name='vo.cta.in2p3.fr'
			description=''
			accountName='vo.cta.in2p3.fr'/>

		<groupAccountMapper
			name='xenon.biggrid.nl'
			description=''
			accountName='xenon.biggrid.nl'/>

	</accountMappers>

	<groupToAccountMappings>

		<groupToAccountMapping
			name='accelerator'
			description=''
			accountingVoSubgroup='accelerator'
			accountingVo='FERMILAB'
			userGroups='accelerator'
			accountMappers='fnal_acc'/>

		<groupToAccountMapping
			name='accelerator-production'
			description=''
			accountingVoSubgroup='accelerator'
			accountingVo='FERMILAB'
			userGroups='accelerator-production'
			accountMappers='accelpro'/>

		<groupToAccountMapping
			name='argoneut'
			description=''
			accountingVoSubgroup='argoneut'
			accountingVo='FERMILAB'
			userGroups='argoneut'
			accountMappers='argoneut'/>

		<groupToAccountMapping
			name='argoneut-production'
			description=''
			accountingVoSubgroup='argoneut'
			accountingVo='FERMILAB'
			userGroups='argoneut-production'
			accountMappers='argoneutpro'/>

		<groupToAccountMapping
			name='argoneutana'
			description=''
			accountingVoSubgroup='argoneut'
			accountingVo='FERMILAB'
			userGroups='argoneutana'
			accountMappers='argoneutana'/>

		<groupToAccountMapping
			name='argoneutgli'
			description=''
			accountingVoSubgroup='argoneut'
			accountingVo='FERMILAB'
			userGroups='argoneutgli'
			accountMappers='argoneutgli'/>



		<groupToAccountMapping
			name='cdms'
			description=''
			accountingVoSubgroup='cdms'
			accountingVo='FERMILAB'
			userGroups='cdms'
			accountMappers='cdms'/>

		<groupToAccountMapping
			name='cdms-production'
			description=''
			accountingVoSubgroup='cdms'
			accountingVo='FERMILAB'
			userGroups='cdms-production'
			accountMappers='cdmspro'/>

		<groupToAccountMapping
			name='cmsphedex2'
			description=''
			accountingVoSubgroup='cms'
			accountingVo='CMS'
			userGroups='cmsphedex2'
			accountMappers='cmsphedex'/>

		<groupToAccountMapping
			name='cmsproduction'
			description=''
			accountingVoSubgroup='cms'
			accountingVo='CMS'
			userGroups='cmsproduction'
			accountMappers='cmsprod'/>

		<groupToAccountMapping
			name='cmssoft'
			description=''
			accountingVoSubgroup='cms'
			accountingVo='CMS'
			userGroups='cmssoft2'
			accountMappers='cmssoft'/>

		<groupToAccountMapping
			name='cmsuser'
			description=''
			accountingVoSubgroup='cms'
			accountingVo='CMS'
			userGroups='cmsuser'
			accountMappers='localmapper,uscmsPool'/>

		<groupToAccountMapping
			name='cmsuser-null'
			description=''
			accountingVoSubgroup='cms'
			accountingVo='CMS'
			userGroups='cmsuser-null'
			accountMappers='localmapper,uscmsPool'/>

		<groupToAccountMapping
			name='coupp'
			description=''
			accountingVoSubgroup='coupp'
			accountingVo='FERMILAB'
			userGroups='coupp'
			accountMappers='coupp'/>

		<groupToAccountMapping
			name='darkside'
			description=''
			accountingVoSubgroup='darkside'
			accountingVo='FERMILAB'
			userGroups='darkside'
			accountMappers='darkside'/>

		<groupToAccountMapping
			name='darksideana'
			description=''
			accountingVoSubgroup='darkside'
			accountingVo='FERMILAB'
			userGroups='darksideana'
			accountMappers='darksideana'/>

		<groupToAccountMapping
			name='darksidecal'
			description=''
			accountingVoSubgroup='darkside'
			accountingVo='FERMILAB'
			userGroups='darksidecal'
			accountMappers='darksidecal'/>

		<groupToAccountMapping
			name='darksidedat'
			description=''
			accountingVoSubgroup='darkside'
			accountingVo='FERMILAB'
			userGroups='darksidedat'
			accountMappers='darksidedat'/>

		<groupToAccountMapping
			name='darksidegli'
			description=''
			accountingVoSubgroup='darkside'
			accountingVo='FERMILAB'
			userGroups='darksidegli'
			accountMappers='darksidegli'/>

		<groupToAccountMapping
			name='darksidepro'
			description=''
			accountingVoSubgroup='darkside'
			accountingVo='FERMILAB'
			userGroups='darksidepro'
			accountMappers='darksidepro'/>

		<groupToAccountMapping
			name='fermilab'
			description=''
			accountingVoSubgroup='fermilab'
			accountingVo='FERMILAB'
			userGroups='fermilab'
			accountMappers='fnalgrid'/>

		<groupToAccountMapping
			name='fermilab-production'
			description=''
			accountingVoSubgroup='fermilab'
			accountingVo='FERMILAB'
			userGroups='fermilab-production'
			accountMappers='fermipro'/>

		<groupToAccountMapping
			name='fermilab-test'
			description=''
			accountingVoSubgroup='fermilab-test'
			accountingVo='FERMILAB'
			userGroups='fermilab-test'
			accountMappers='fgtest'/>

		<groupToAccountMapping
			name='fgadmin'
			description=''
			accountingVoSubgroup='fermilab'
			accountingVo='FERMILAB'
			userGroups='fgadmin'
			accountMappers='fgadmin'/>

		<groupToAccountMapping
			name='fggli'
			description=''
			accountingVoSubgroup='fermilab'
			accountingVo='FERMILAB'
			userGroups='fggli'
			accountMappers='fggli'/>

		<groupToAccountMapping
			name='fnal-ana'
			description=''
			accountingVoSubgroup='fermilab'
			accountingVo='FERMILAB'
			userGroups='fnal-ana'
			accountMappers='fermiana'/>

		<groupToAccountMapping
			name='gendetrd'
			description=''
			accountingVoSubgroup='gendetrd'
			accountingVo='FERMILAB'
			userGroups='gendetrd'
			accountMappers='gendetrd'/>

		<groupToAccountMapping
			name='gendetrd-production'
			description=''
			accountingVoSubgroup='gendetrd'
			accountingVo='FERMILAB'
			userGroups='gendetrd-production'
			accountMappers='gendetrdpro'/>

		<groupToAccountMapping
			name='gendetrdana'
			description=''
			accountingVoSubgroup='gendetrd'
			accountingVo='FERMILAB'
			userGroups='gendetrdana'
			accountMappers='gendetrdana'/>

		<groupToAccountMapping
			name='gendetrdgli'
			description=''
			accountingVoSubgroup='gendetrd'
			accountingVo='FERMILAB'
			userGroups='gendetrdgli'
			accountMappers='gendetrdgli'/>

		<groupToAccountMapping
			name='glow'
			description=''
			accountingVoSubgroup='glow'
			accountingVo='GLOW'
			userGroups='glow'
			accountMappers='glow'/>

		<groupToAccountMapping
			name='gm2'
			description=''
			accountingVoSubgroup='gm2'
			accountingVo='FERMILAB'
			userGroups='gm2'
			accountMappers='gm2'/>

		<groupToAccountMapping
			name='gm2-production'
			description=''
			accountingVoSubgroup='gm2'
			accountingVo='FERMILAB'
			userGroups='gm2-production'
			accountMappers='gm2pro'/>

		<groupToAccountMapping
			name='gm2ana'
			description=''
			accountingVoSubgroup='gm2'
			accountingVo='FERMILAB'
			userGroups='gm2ana'
			accountMappers='gm2ana'/>

		<groupToAccountMapping
			name='gm2gli'
			description=''
			accountingVoSubgroup='gm2'
			accountingVo='FERMILAB'
			userGroups='gm2gli'
			accountMappers='gm2gli'/>

		<groupToAccountMapping
			name='lar1'
			description=''
			accountingVoSubgroup='lar1'
			accountingVo='FERMILAB'
			userGroups='lar1'
			accountMappers='lar1'/>

		<groupToAccountMapping
			name='lar1-production'
			description=''
			accountingVoSubgroup='lar1'
			accountingVo='FERMILAB'
			userGroups='lar1-production'
			accountMappers='lar1pro'/>

		<groupToAccountMapping
			name='lar1ana'
			description=''
			accountingVoSubgroup='lar1'
			accountingVo='FERMILAB'
			userGroups='lar1ana'
			accountMappers='lar1ana'/>

		<groupToAccountMapping
			name='lar1gli'
			description=''
			accountingVoSubgroup='lar1'
			accountingVo='FERMILAB'
			userGroups='lar1gli'
			accountMappers='lar1gli'/>

		<groupToAccountMapping
			name='lariat'
			description=''
			accountingVoSubgroup='latiat'
			accountingVo='FERMILAB'
			userGroups='lariat'
			accountMappers='lariat'/>

		<groupToAccountMapping
			name='lariat-production'
			description=''
			accountingVoSubgroup='lariat'
			accountingVo='FERMILAB'
			userGroups='lariat-production'
			accountMappers='lariatpro'/>

		<groupToAccountMapping
			name='lariatana'
			description=''
			accountingVoSubgroup='lariat'
			accountingVo='FERMILAB'
			userGroups='lariatana'
			accountMappers='lariatana'/>

		<groupToAccountMapping
			name='lariatgli'
			description=''
			accountingVoSubgroup='lariat'
			accountingVo='FERMILAB'
			userGroups='lariatgli'
			accountMappers='lariatgli'/>

		<groupToAccountMapping
			name='localGroupToAccountMapping'
			description='Local Group to Account Mapping'
			accountingVoSubgroup=''
			accountingVo=''
			userGroups='local'
			accountMappers='localmapper'/>

		<groupToAccountMapping
			name='map'
			description=''
			accountingVoSubgroup='map'
			accountingVo='FERMILAB'
			userGroups='map'
			accountMappers='map'/>

		<groupToAccountMapping
			name='map-production'
			description=''
			accountingVoSubgroup='map'
			accountingVo='FERMILAB'
			userGroups='map-production'
			accountMappers='mappro'/>

		<groupToAccountMapping
			name='mapana'
			description=''
			accountingVoSubgroup='map'
			accountingVo='FERMILAB'
			userGroups='mapana'
			accountMappers='mapana'/>

		<groupToAccountMapping
			name='mapgli'
			description=''
			accountingVoSubgroup='map'
			accountingVo='FERMILAB'
			userGroups='mapgli'
			accountMappers='mapgli'/>

		<groupToAccountMapping
			name='minerva'
			description=''
			accountingVoSubgroup='minerva'
			accountingVo='FERMILAB'
			userGroups='minerva'
			accountMappers='minerva'/>

		<groupToAccountMapping
			name='minerva-production'
			description=''
			accountingVoSubgroup='minerva'
			accountingVo='FERMILAB'
			userGroups='minerva-production'
			accountMappers='minervapro'/>

		<groupToAccountMapping
			name='minervaana'
			description=''
			accountingVoSubgroup='minerva'
			accountingVo='FERMILAB'
			userGroups='minervaana'
			accountMappers='minervaana'/>

		<groupToAccountMapping
			name='minervagli'
			description=''
			accountingVoSubgroup='minerva'
			accountingVo='FERMILAB'
			userGroups='minervagli'
			accountMappers='minervagli'/>

		<groupToAccountMapping
			name='miniboone'
			description=''
			accountingVoSubgroup='miniboone'
			accountingVo='FERMILAB'
			userGroups='miniboone'
			accountMappers='minboone'/>

		<groupToAccountMapping
			name='miniboone-production'
			description=''
			accountingVoSubgroup='miniboone'
			accountingVo='FERMILAB'
			userGroups='miniboone-production'
			accountMappers='minbnpro'/>

		<groupToAccountMapping
			name='minos'
			description=''
			accountingVoSubgroup='minos'
			accountingVo='FERMILAB'
			userGroups='minos'
			accountMappers='minos'/>

		<groupToAccountMapping
			name='minos-production'
			description=''
			accountingVoSubgroup='minos'
			accountingVo='FERMILAB'
			userGroups='minos-production'
			accountMappers='minospro'/>

		<groupToAccountMapping
			name='minosana'
			description=''
			accountingVoSubgroup='minos'
			accountingVo='FERMILAB'
			userGroups='minosana'
			accountMappers='minosana'/>

		<groupToAccountMapping
			name='minosgli'
			description=''
			accountingVoSubgroup='minos'
			accountingVo='FERMILAB'
			userGroups='minosgli'
			accountMappers='minosgli'/>

		<groupToAccountMapping
			name='mipp'
			description=''
			accountingVoSubgroup='mipp'
			accountingVo='FERMILAB'
			userGroups='mipp'
			accountMappers='mipp'/>

		<groupToAccountMapping
			name='mipp-production'
			description=''
			accountingVoSubgroup='mipp'
			accountingVo='FERMILAB'
			userGroups='mipp-production'
			accountMappers='mipppro'/>

		<groupToAccountMapping
			name='mu2e'
			description=''
			accountingVoSubgroup='mu2e'
			accountingVo='FERMILAB'
			userGroups='mu2e'
			accountMappers='mu2e'/>

		<groupToAccountMapping
			name='nova'
			description=''
			accountingVoSubgroup='nova'
			accountingVo='FERMILAB'
			userGroups='nova'
			accountMappers='nova'/>

		<groupToAccountMapping
			name='nova-production'
			description=''
			accountingVoSubgroup='nova'
			accountingVo='FERMILAB'
			userGroups='nova-production'
			accountMappers='novapro'/>

		<groupToAccountMapping
			name='novaana'
			description=''
			accountingVoSubgroup='nova'
			accountingVo='FERMILAB'
			userGroups='novaana'
			accountMappers='novaana'/>

		<groupToAccountMapping
			name='novagli'
			description=''
			accountingVoSubgroup='nova'
			accountingVo='FERMILAB'
			userGroups='novagli'
			accountMappers='novagli'/>

		<groupToAccountMapping
			name='numi'
			description=''
			accountingVoSubgroup='numi'
			accountingVo='FERMILAB'
			userGroups='numi'
			accountMappers='numi'/>

		<groupToAccountMapping
			name='numi-production'
			description=''
			accountingVoSubgroup='numi'
			accountingVo='FERMILAB'
			userGroups='numi-production'
			accountMappers='numipro'/>

		<groupToAccountMapping
			name='okra'
			description=''
			accountingVoSubgroup='okra'
			accountingVo='FERMILAB'
			userGroups='okra'
			accountMappers='okra'/>

		<groupToAccountMapping
			name='okra-production'
			description=''
			accountingVoSubgroup='okra'
			accountingVo='FERMILAB'
			userGroups='okra-production'
			accountMappers='okrapro'/>

		<groupToAccountMapping
			name='okraana'
			description=''
			accountingVoSubgroup='okra'
			accountingVo='FERMILAB'
			userGroups='okraana'
			accountMappers='okraana'/>

		<groupToAccountMapping
			name='okragli'
			description=''
			accountingVoSubgroup='okra'
			accountingVo='FERMILAB'
			userGroups='okragli'
			accountMappers='okragli'/>

		<groupToAccountMapping
			name='osg'
			description=''
			accountingVoSubgroup='osg'
			accountingVo='OSG'
			userGroups='osg'
			accountMappers='osg'/>

		<groupToAccountMapping
			name='osg-goc'
			description=''
			accountingVoSubgroup='osg'
			accountingVo='OSG'
			userGroups='osg-goc'
			accountMappers='osg'/>

		<groupToAccountMapping
			name='osgcrossce'
			description=''
			accountingVoSubgroup='osgcrossce'
			accountingVo='OSGCrossCE'
			userGroups='osgcrossce'
			accountMappers='osgcrossce'/>

		<groupToAccountMapping
			name='osgedu'
			description=''
			accountingVoSubgroup='osgedu'
			accountingVo='OSGEDU'
			userGroups='osgedu'
			accountMappers='osgedu'/>

		<groupToAccountMapping
			name='patriot'
			description=''
			accountingVoSubgroup='patriot'
			accountingVo='FERMILAB'
			userGroups='patriot'
			accountMappers='patriot'/>

		<groupToAccountMapping
			name='patriot-production'
			description=''
			accountingVoSubgroup='patriot'
			accountingVo='FERMILAB'
			userGroups='patriot-production'
			accountMappers='patripro'/>

		<groupToAccountMapping
			name='rsv'
			description=''
			accountingVoSubgroup=''
			accountingVo=''
			userGroups='rsv'
			accountMappers='rsv'/>

		<groupToAccountMapping
			name='seaquest'
			description=''
			accountingVoSubgroup='seaquest'
			accountingVo='FERMILAB'
			userGroups='seaquest'
			accountMappers='seaquest'/>

		<groupToAccountMapping
			name='seaquestana'
			description=''
			accountingVoSubgroup='seaquest'
			accountingVo='FERMILAB'
			userGroups='seaquestana'
			accountMappers='seaquestana'/>

		<groupToAccountMapping
			name='seaquestgli'
			description=''
			accountingVoSubgroup='seaquest'
			accountingVo='FERMILAB'
			userGroups='seaquestgli'
			accountMappers='seaquestgli'/>

		<groupToAccountMapping
			name='seaquestpro'
			description=''
			accountingVoSubgroup='seaquest'
			accountingVo='FERMILAB'
			userGroups='seaquestpro'
			accountMappers='seaquestpro'/>

		<groupToAccountMapping
			name='theory'
			description=''
			accountingVoSubgroup='theory'
			accountingVo='FERMILAB'
			userGroups='theory'
			accountMappers='fnal_thy'/>

		<groupToAccountMapping
			name='theory-production'
			description=''
			accountingVoSubgroup='theory'
			accountingVo='FERMILAB'
			userGroups='theory-production'
			accountMappers='theopro'/>

		<groupToAccountMapping
			name='uboone'
			description=''
			accountingVoSubgroup='microboone'
			accountingVo='FERMILAB'
			userGroups='microboone'
			accountMappers='uboone'/>

		<groupToAccountMapping
			name='ubooneana'
			description=''
			accountingVoSubgroup='microboone'
			accountingVo='FERMILAB'
			userGroups='ubooneana'
			accountMappers='ubooneana'/>

		<groupToAccountMapping
			name='uboonegli'
			description=''
			accountingVoSubgroup='microboone'
			accountingVo='FERMILAB'
			userGroups='uboonegli'
			accountMappers='uboonegli'/>

		<groupToAccountMapping
			name='uboonepro'
			description=''
			accountingVoSubgroup='microboone'
			accountingVo='FERMILAB'
			userGroups='uboonepro'
			accountMappers='uboonepro'/>

		<groupToAccountMapping
			name='uscmsfrontier'
			description=''
			accountingVoSubgroup='cms'
			accountingVo='CMS'
			userGroups='cmsfrontier'
			accountMappers='cmsfrontier'/>

		<groupToAccountMapping
			name='uscmsphedex'
			description=''
			accountingVoSubgroup='cms'
			accountingVo='CMS'
			userGroups='cmsphedex'
			accountMappers='cmsphedex'/>

		<groupToAccountMapping
			name='uscmsprod'
			description=''
			accountingVoSubgroup='cms'
			accountingVo='CMS'
			userGroups='cmsprod'
			accountMappers='cmsprod'/>

		<groupToAccountMapping
			name='uscmssoft'
			description=''
			accountingVoSubgroup='cms'
			accountingVo='CMS'
			userGroups='cmssoft'
			accountMappers='cmssoft'/>

		<groupToAccountMapping
			name='uscmst2admin'
			description=''
			accountingVoSubgroup='cms'
			accountingVo='CMS'
			userGroups='uscmst2admin'
			accountMappers='cmst2admin'/>

		<groupToAccountMapping
			name='uscmsuser'
			description=''
			accountingVoSubgroup='cms'
			accountingVo='CMS'
			userGroups='uscmsuser'
			accountMappers='localmapper,uscmsPool'/>

	</groupToAccountMappings>

	<hostToGroupMappings>

		<hostToGroupMapping
			groupToAccountMappings='rsv, fermilab, lariat, gendetrd, lar1, okra, accelerator, argoneut, cdms, minerva, miniboone, minos, mipp, mu2e, nova, numi, patriot, theory, fermilab-test, uboone, uboonepro, uboonegli, ubooneana, map, gm2, coupp, fermilab-production, lariat-production, gendetrd-production, lar1-production, okra-production, accelerator-production, argoneut-production, cdms-production, minerva-production, miniboone-production, minos-production, mipp-production, nova-production, numi-production, patriot-production, theory-production, map-production, gm2-production, argoneutana, lariatana, gendetrdana, lar1ana, okraana, minervaana, minosana, novaana, mapana, gm2ana, fnal-ana, fggli, argoneutgli, lariatgli, gendetrdgli, lar1gli, okragli, minervagli, minosgli, novagli, mapgli, gm2gli, fgadmin, darkside, darksideana, darksidecal, darksidedat, darksidegli, darksidepro, seaquest, seaquestpro, seaquestana, seaquestgli, uscmsuser, cmsuser, uscmst2admin, uscmssoft, cmssoft, uscmsprod, uscmsphedex, cmsphedex2, uscmsfrontier, cmsuser-null, cmsproduction, glow, osg, osg-goc, osgedu, osgcrossce, localGroupToAccountMapping'
			description=''
			cn='*/?*.fltech-grid3.fit.edu'/>

	</hostToGroupMappings>

</gums>
