======== WMAgent bootstrap STARTING at Tue Jan  3 13:06:11 GMT 2017 ========
User id:    uid=40035(guser1) gid=40035(guser1) groups=40035(guser1),1503(gusercg) context=unconfined_u:system_r:condor_startd_t:s0
Local time: Tue Jan  3 05:06:11 PST 2017
Hostname:   sdsc-16.t2.ucsd.edu
System:     Linux sdsc-16.t2.ucsd.edu 2.6.32-642.6.2.el6.x86_64 #1 SMP Wed Oct 26 06:52:09 UTC 2016 x86_64 x86_64 x86_64 GNU/Linux
Arguments:  pdmvserv_SUS-RunIISummer16DR80Premix-00129_00110_v0__161116_133916_8255-Sandbox.tar.bz2 6550816
Site name:  T2_US_UCSD
======== HTCondor jobAds start at Tue Jan  3 13:06:11 GMT 2017 ========
  AccountingGroup = "production.cmsdataops"
  AcctGroup = "production"
  AcctGroupUser = "cmsdataops"
  AllowOpportunistic = false
  Arguments = "pdmvserv_SUS-RunIISummer16DR80Premix-00129_00110_v0__161116_133916_8255-Sandbox.tar.bz2 6550816"
  BufferBlockSize = 32768
  BufferSize = 524288
  CMSGroups = "SUS"
  CMS_ALLOW_OVERFLOW = "False"
  CMS_JobType = "Processing"
  ClusterId = 87405
  Cmd = "/data/srv/wmagent/v1.0.21.patch2/sw/slc6_amd64_gcc493/cms/wmagent/1.0.21.patch2/etc/submit.sh"
  CommittedSlotTime = 0
  CommittedSuspensionTime = 0
  CommittedTime = 0
  CompletionDate = 0
  CondorPlatform = "$CondorPlatform: X86_64-ScientificLinux_6.8 $"
  CondorVersion = "$CondorVersion: 8.5.4 Sep 30 2016 $"
  CoreSize = 0
  CpusProvisioned = 4
  CumulativeSlotTime = 0
  CumulativeSuspensionTime = 0
  CurrentHosts = 1
  DESIRED_Archs = "INTEL,X86_64"
  DESIRED_CMSDataLocations = "T2_US_UCSD"
  DESIRED_CMSDataset = "/GJets_HT-200To400_TuneCUETP8M1_13TeV-madgraphMLM-pythia8/RunIISummer15GS-MCRUN2_71_V1-v2/GEN-SIM"
  DESIRED_Sites = "T2_US_UCSD"
  DelegatedProxyExpiration = 1483535161
  DiskProvisioned = 3472914
  DiskUsage = 10000
  DiskUsage_RAW = 7875
  EncryptExecuteDirectory = false
  EnteredCurrentStatus = 1483448759
  Environment = ""
  Err = "_condor_stderr"
  ExecutableSize = 7
  ExecutableSize_RAW = 7
  ExitBySignal = false
  ExitStatus = 0
  ExtDESIRED_Sites = "T2_US_UCSD"
  GlobalJobId = "vocms0310.cern.ch#87405.7#1483433238"
  HasBeenRouted = false
  HasPrioCorrection = true
  ImageSize = 7
  ImageSize_RAW = 7
  In = "/dev/null"
  Iwd = "/data1/condor_local/execute/dir_2033147/glide_3UXLiu/execute/dir_2243224"
  JOBGLIDEIN_CMSSite = "T2_US_UCSD"
  JOB_GLIDECLIENT_Name = "CMSG-v1_0.main"
  JOB_GLIDEIN_CMSSite = "T2_US_UCSD"
  JOB_GLIDEIN_ClusterId = "4268389"
  JOB_GLIDEIN_Entry_Name = "CMSHTPC_T2_US_UCSD_gw6"
  JOB_GLIDEIN_Factory = "SDSC"
  JOB_GLIDEIN_Job_Max_Time = "34800"
  JOB_GLIDEIN_MaxMemMBs = "20240"
  JOB_GLIDEIN_Max_Walltime = "171000"
  JOB_GLIDEIN_Memory = "7500"
  JOB_GLIDEIN_Name = "gfactory_instance"
  JOB_GLIDEIN_ProcId = "4"
  JOB_GLIDEIN_SEs = "bsrm-1.t2.ucsd.edu,bsrm-3.t2.ucsd.edu"
  JOB_GLIDEIN_Schedd = "schedd_glideins8@gfactory-1.t2.ucsd.edu"
  JOB_GLIDEIN_Site = "UCSD"
  JOB_GLIDEIN_SiteWMS = "HTCondor"
  JOB_GLIDEIN_SiteWMS_JobId = "5121357.0"
  JOB_GLIDEIN_SiteWMS_Queue = "osg-gw-6.t2.ucsd.edu"
  JOB_GLIDEIN_SiteWMS_Slot = "slot1_1@sdsc-16.t2.ucsd.edu"
  JOB_GLIDEIN_ToDie = "1483608561"
  JOB_GLIDEIN_ToRetire = "1483573761"
  JOB_Site = "UCSD"
  JR_PostJobPrio1 = -3220491601
  JR_PostJobPrio2 = -203
  JobAdInformationAttrs = "JobStatus,QDate,EnteredCurrentStatus,JobStartDate,DESIRED_Sites,ExtDESIRED_Sites,WMAgent_JobID,MATCH_EXP_JOBGLIDEIN_CMSSite"
  JobCurrentStartDate = 1483448759
  JobLeaseDuration = isUndefined(MachineAttrMaxHibernateTime0) ? 1200 : MachineAttrMaxHibernateTime0
  JobMachineAttrs = "GLIDEIN_CMSSite"
  JobNotification = 0
  JobPrio = 90000
  JobRunCount = 1
  JobStartDate = 1483448759
  JobStatus = 2
  JobUniverse = 5
  LastJobLeaseRenewal = 1483448761
  LastJobStatus = 1
  LastMatchTime = 1483448759
  LastSuspensionTime = 0
  LeaveJobInQueue = false
  LocalSysCpu = 0.0
  LocalUserCpu = 0.0
  MachineAttrCpus0 = 4
  MachineAttrGLIDEIN_CMSSite0 = "T2_US_UCSD"
  MachineAttrMaxHibernateTime0 = undefined
  MachineAttrSlotWeight0 = 11
  MachineCount = 1
  MaxHosts = 1
  MaxWallTimeMins = 200
  MaxWallTimeMins_RAW = 133
  MemoryProvisioned = 7500
  MinHosts = 1
  MyAddress = "<128.142.209.47:4080?addrs=128.142.209.47-4080&noUDP&sock=12922_77c7_3025833>"
  MyType = "Job"
  NiceUser = false
  NumCkpts = 0
  NumCkpts_RAW = 0
  NumJobMatches = 1
  NumJobStarts = 0
  NumRestarts = 0
  NumShadowStarts = 1
  NumSystemHolds = 0
  OnExitHold = false
  OnExitRemove = true
  OrigCmd = "/data/srv/wmagent/v1.0.21.patch2/sw/slc6_amd64_gcc493/cms/wmagent/1.0.21.patch2/etc/submit.sh"
  OrigIwd = "/data/srv/wmagent/v1.0.21.patch2/install/wmagent/JobCreator/JobCache/pdmvserv_SUS-RunIISummer16DR80Premix-00129_00110_v0__161116_133916_8255/StepOneProc/JobCollection_840400_1/job_6550816"
  OrigMaxHosts = 1
  Out = "_condor_stdout"
  Owner = "cmst1"
  PeriodicHold = false
  PeriodicRelease = false
  PeriodicRemove = false
  PostJobPrio1 = JR_PostJobPrio1
  PostJobPrio2 = JR_PostJobPrio2
  ProcId = 7
  ProvisionedResources = "Cpus Memory Disk Swap"
  PublicClaimId = "<169.228.132.115:18455>#1483438142#6#..."
  QDate = 1483433238
  REQUIRED_OS = "rhel6"
  REQUIRES_LOCAL_DATA = true
  Rank = 0.0
  RemoteHost = "slot1@glidein_2033151_126656544@sdsc-16.t2.ucsd.edu"
  RemoteSlotID = 1
  RemoteSysCpu = 0.0
  RemoteUserCpu = 0.0
  RemoteWallClockTime = 0.0
  RequestCpus = 4
  RequestDisk = 3000000
  RequestDisk_RAW = 2572500
  RequestMemory = 7500
  RequestMemory_RAW = 5900
  RequestRepackslots = 0
  Requestioslots = 0
  Requirements = ( ( Memory >= 1 && OpSys == "LINUX" ) && ( Arch == "INTEL" || Arch == "X86_64" ) && stringListMember(GLIDEIN_CMSSite,DESIRED_Sites) && ( ( REQUIRED_OS == "any" ) || ( GLIDEIN_REQUIRED_OS == REQUIRED_OS ) ) ) && ( TARGET.D
isk >= RequestDisk ) && ( TARGET.Memory >= RequestMemory ) && ( TARGET.Cpus >= RequestCpus ) && ( TARGET.HasFileTransfer )
  RootDir = "/"
  ServerTime = 1483448759
  ShadowBday = 1483448759
  ShadowIpAddr = "<128.142.209.47:4080?addrs=128.142.209.47-4080&noUDP&sock=12922_77c7_3025833>"
  ShadowVersion = "$CondorVersion: 8.5.4 May 02 2016 BuildID: 365871 $"
  ShouldTransferFiles = "YES"
  StartdIpAddr = "<169.228.132.115:18455?CCBID=188.184.83.197:9658%3faddrs%3d188.184.83.197-9658#669470%20131.225.205.232:9658%3faddrs%3d131.225.205.232-9658#954384&addrs=169.228.132.115-18455&noUDP>"
  StartdPrincipal = "execute-side@matchsession/169.228.132.115"
  StreamErr = false
  StreamOut = false
  TargetType = "Machine"
  TotalSuspensions = 0
  TransferIn = false
  TransferInput = "/data/srv/wmagent/v1.0.21.patch2/install/wmagent/WorkQueueManager/cache/pdmvserv_SUS-RunIISummer16DR80Premix-00129_00110_v0__161116_133916_8255/pdmvserv_SUS-RunIISummer16DR80Premix-00129_00110_v0__161116_133916_8255-San
dbox.tar.bz2,/data/srv/wmagent/v1.0.21.patch2/install/wmagent/WorkQueueManager/cache/pdmvserv_SUS-RunIISummer16DR80Premix-00129_00110_v0__161116_133916_8255/PackageCollection_0/batch_6550572-0/JobPackage.pkl,/data/srv/wmagent/v1.0.21.patc
h2/sw/slc6_amd64_gcc493/cms/wmagent/1.0.21.patch2/lib/python2.7/site-packages/WMCore/WMRuntime/Unpacker.py"
  TransferInputSizeMB = 7
  TransferOutput = "Report.0.pkl"
  TransferSocket = "<128.142.209.47:4080?addrs=128.142.209.47-4080&noUDP&sock=12922_77c7_3025833>"
  UidDomain = "cms"
  User = "cmst1@cms"
  UserLog = "/data/srv/wmagent/v1.0.21.patch2/install/wmagent/JobCreator/JobCache/pdmvserv_SUS-RunIISummer16DR80Premix-00129_00110_v0__161116_133916_8255/StepOneProc/JobCollection_840400_1/job_6550816/condor.87405.7.log"
  UserLogUseXML = true
  WMAgent_AgentName = "WMAgentCommissioning"
  WMAgent_JobID = 6550816
  WMAgent_PostJobPrio1 = -1
  WMAgent_PostJobPrio2 = -32205
  WMAgent_RequestName = "pdmvserv_SUS-RunIISummer16DR80Premix-00129_00110_v0__161116_133916_8255"
  WMAgent_SubTaskName = "/pdmvserv_SUS-RunIISummer16DR80Premix-00129_00110_v0__161116_133916_8255/StepOneProc"
  WantCheckpoint = false
  WantRemoteIO = true
  WantRemoteSyscalls = false
  WhenToTransferOutput = "ON_EXIT"
  accounting_group = production
  use_x509userproxy = true
  x509UserProxyEmail = "alan.malta@cern.ch"
  x509UserProxyExpiration = 1484006102
  x509UserProxyFQAN = "/DC=ch/DC=cern/OU=Organic Units/OU=Users/CN=amaltaro/CN=718748/CN=Alan Malta Rodrigues,/cms/Role=production/Capability=NULL,/cms/Role=NULL/Capability=NULL,/cms/uscms/Role=NULL/Capability=NULL"
  x509UserProxyFirstFQAN = "/cms/Role=production/Capability=NULL"
  x509UserProxyVOName = "cms"
  x509userproxy = "/data/certs/myproxy.pem"
  x509userproxysubject = "/DC=ch/DC=cern/OU=Organic Units/OU=Users/CN=amaltaro/CN=718748/CN=Alan Malta Rodrigues"
======== HTCondor jobAds finished at Tue Jan  3 13:06:11 GMT 2017 ========

======== WMAgent validate arguments starting at Tue Jan  3 13:06:11 GMT 2017 ========
======== WMAgent validate arguments finished at Tue Jan  3 13:06:11 GMT 2017 ========

======== WMAgent CMS environment load starting at Tue Jan  3 13:06:11 GMT 2017 ========
WMAgent bootstrap: WMAgent thinks it found the correct CMSSW setup script
======== WMAgent CMS environment load finished at Tue Jan  3 13:06:11 GMT 2017 ========

======== WMAgent Python boostrap starting at Tue Jan  3 13:06:11 GMT 2017 ========
WMAgent bootstrap: found python2 at..
/cvmfs/cms.cern.ch/COMP/slc6_amd64_gcc493/external/python/2.7.6/bin/python2
======== WMAgent Python boostrap finished at Tue Jan  3 13:06:11 GMT 2017 ========

======== WMAgent Unpack the job starting at Tue Jan  3 13:06:11 GMT 2017 ========
export PYTHONPATH=$PYTHONPATH:/data1/condor_local/execute/dir_2033147/glide_3UXLiu/execute/dir_2243224/job/WMCore.zip:/data1/condor_local/execute/dir_2033147/glide_3UXLiu/execute/dir_2243224/job
======== WMAgent Unpack the job finished at Tue Jan  3 13:06:13 GMT 2017 ========

======== Current environment dump starting ========
  GLIDEIN_SEs=bsrm-1.t2.ucsd.edu,bsrm-3.t2.ucsd.edu
  GLIDEIN_ResourceName=UCSDT2
  MANPATH=/code/osgcode/cmssoft/cms/share/man:
  _CONDOR_JOB_PIDS=
  CONDOR_PRIVATE_SHARED_PORT_COOKIE=7f4a2db5d8ac0106e72a208e2e6cb632d97fa96bbcbb3c602bed6f3b7e149774
  GRIDMAP=/data1/condor_local/execute/dir_2033147/glide_3UXLiu/grid-mapfile
  GLIDEIN_REQUIRE_GLEXEC_USE=False
  OSG_GLEXEC_LOCATION=/usr/sbin/glexec
  TMPDIR=/data1/condor_local/execute/dir_2033147/glide_3UXLiu/execute/dir_2243224
  GLIDEIN_MaxMemMBs=20240
  GLIDEIN_CPUS=8
  GLOBUS_LOCATION=/usr
  GLIDECLIENT_Signature=5d4a528f4071d1327fdb7e1cce7d557457d8f80c
  CVSROOT=:gserver:cmssw.cvs.cern.ch:/local/reps/CMSSW
  _CONDOR_SCRATCH_DIR=/data1/condor_local/execute/dir_2033147/glide_3UXLiu/execute/dir_2243224
  OLDPWD=/data1/condor_local/execute/dir_2033147/glide_3UXLiu/execute/dir_2243224
  QTDIR=/usr/lib64/qt-3.3
  SCRAM_ARCH=slc6_amd64_gcc472
  X509_CERT_DIR=/etc/grid-security/certificates/
  CMS_VALIDATION_FRONTIER=0
  QTINC=/usr/lib64/qt-3.3/include
  OSG_WN_TMP=/data1/condor_local/execute/dir_2033147/glide_3UXLiu/execute/dir_2243224
  GLIDEIN_Max_Idle=1200
  JOBSTARTDIR=/data1/condor_local/execute/dir_2033147/glide_3UXLiu/execute/dir_2243224
  OSG_SQUID_LOCATION=cvmfs-1.t2.ucsd.edu:3128
  GLIDEIN_REQUIRE_VOMS=False
  USER=guser1
  _CHIRP_DELAYED_UPDATE_PREFIX=Chirp*
  OSG_SITE_WRITE=srm://bsrm-1.t2.ucsd.edu:8443/srm/v2/server?SFN=/hadoop/oppo/
  LD_LIBRARY_PATH=/cvmfs/cms.cern.ch/COMP/slc6_amd64_gcc493/external/python/2.7.6/lib:/cvmfs/cms.cern.ch/COMP/slc6_amd64_gcc493/external/python/2.7.6/lib:/cvmfs/cms.cern.ch/COMP/slc6_amd64_gcc493/external/readline/6.2/lib:/cvmfs/cms.cern.
ch/COMP/slc6_amd64_gcc493/external/ncurses/5.9/lib:/cvmfs/cms.cern.ch/COMP/slc6_amd64_gcc493/external/gdbm/1.8.3/lib:/cvmfs/cms.cern.ch/COMP/slc6_amd64_gcc493/external/db4/4.8.30/lib:/cvmfs/cms.cern.ch/COMP/slc6_amd64_gcc493/external/sqli
te/3.8.10.2/lib:/cvmfs/cms.cern.ch/COMP/slc6_amd64_gcc493/external/openssl/1.0.1p/lib:/cvmfs/cms.cern.ch/COMP/slc6_amd64_gcc493/external/expat/2.0.1/lib:/cvmfs/cms.cern.ch/COMP/slc6_amd64_gcc493/external/zlib/1.2.8/lib:/cvmfs/cms.cern.ch/
COMP/slc6_amd64_gcc493/external/bz2lib/1.0.6/lib:/cvmfs/cms.cern.ch/COMP/slc6_amd64_gcc493/external/gcc/4.9.3/lib64:/cvmfs/cms.cern.ch/COMP/slc6_amd64_gcc493/external/gcc/4.9.3/lib
  TEMP=/data1/condor_local/execute/dir_2033147/glide_3UXLiu/execute/dir_2243224
  CONDOR_PARENT_ID=sdsc-16:2243224:1483448763
  GLIDEIN_Entry_Name=CMSHTPC_T2_US_UCSD_gw6
  BATCH_SYSTEM=HTCondor
  GLIDEIN_Name=gfactory_instance
  _CONDOR_CHIRP_CONFIG=/data1/condor_local/execute/dir_2033147/glide_3UXLiu/execute/dir_2243224/.chirp.config
  CONDORCE_COLLECTOR_HOST=osg-gw-6.t2.ucsd.edu:9619
  GLIDEIN_Entry_Signature=47d8f2a2faae7f53092c8aa4442e698a3821f4ce
  OSG_SITE_READ=srm://bsrm-1.t2.ucsd.edu:8443/srm/v2/server?SFN=/hadoop/oppo/
  CONDOR_PROCD_ADDRESS_BASE=/data1/condor_local/execute/dir_2033147/glide_3UXLiu/log/procd_address
  GLIDECLIENT_Name=CMSG-v1_0.main
  GLIDEIN_Site=UCSD
  PATH=/cvmfs/cms.cern.ch/COMP/slc6_amd64_gcc493/external/python/2.7.6/bin:/cvmfs/cms.cern.ch/COMP/slc6_amd64_gcc493/external/python/2.7.6/bin:/cvmfs/cms.cern.ch/COMP/slc6_amd64_gcc493/external/ncurses/5.9/bin:/cvmfs/cms.cern.ch/COMP/slc6
_amd64_gcc493/external/db4/4.8.30/bin:/cvmfs/cms.cern.ch/COMP/slc6_amd64_gcc493/external/sqlite/3.8.10.2/bin:/cvmfs/cms.cern.ch/COMP/slc6_amd64_gcc493/external/openssl/1.0.1p/bin:/cvmfs/cms.cern.ch/COMP/slc6_amd64_gcc493/external/expat/2.
0.1/bin:/cvmfs/cms.cern.ch/COMP/slc6_amd64_gcc493/external/bz2lib/1.0.6/bin:/cvmfs/cms.cern.ch/COMP/slc6_amd64_gcc493/external/gcc/4.9.3/bin:/cvmfs/cms.cern.ch/common:/cvmfs/cms.cern.ch/bin:/data1/condor_local/execute/dir_2033147/glide_3U
XLiu/main/condor/libexec:/bin:/usr/bin:/sbin:/usr/sbin
  HOLD_GRACE_TIME=0
  CMS_PATH=/code/osgcode/cmssoft/cms
  OSG_DATA=UNAVAILABLE
  CONDOR_CONFIG=/data1/condor_local/execute/dir_2033147/glide_3UXLiu/condor_config
  OSG_APP=/code/osgcode
  PWD=/data1/condor_local/execute/dir_2033147/glide_3UXLiu/execute/dir_2243224/job
  X509_USER_CERT=/data1/condor_local/execute/dir_2033147/glide_3UXLiu/hostcert.pem
  _CONDOR_WRAPPER_ERROR_FILE=/data1/condor_local/execute/dir_2033147/glide_3UXLiu/execute/dir_2243224/.job_wrapper_failure
  LANG=C
  GLIDEIN_Country=US
  GLEXEC_CLIENT_CERT=/data1/condor_local/execute/dir_2033147/glide_3UXLiu/execute/dir_2243224.condor/myproxy.pem
  GLIDEIN_Gatekeeper=osg-gw-6.t2.ucsd.edu
  osg-gw-6.t2.ucsd.edu:9619
  _CONDOR_SLOT=slot1_1
  OSG_GRID=/etc/osg/wn-client/
  GLIDEIN_Tmp_Dir=/data1/condor_local/execute/dir_2033147/glide_3UXLiu/tmp
  GLIDEIN_Factory=SDSC
  GLIDEIN_Proxy_URL=cvmfs-1.t2.ucsd.edu:3128
  GLIDEIN_CLAIM_WORKLIFE_DYNAMIC=cpus*(6*3600)
  GLIDEIN_GridType=condor
  GLIDECLIENT_Group=main
  OSG_HOSTNAME=osg-gw-6.t2.ucsd.edu
  _CONDOR_EXECUTE=/data1/condor_local/execute/dir_2033147/glide_3UXLiu/execute
  GLIDEIN_Expose_Grid_Env=True
  _CONDOR_ANCESTOR_2039087=2039094:1483438138:3513767738
  WMAGENTJOBDIR=/data1/condor_local/execute/dir_2033147/glide_3UXLiu/execute/dir_2243224/job
  GLOBUS_GSSAPI_NAME_COMPATIBILITY=STRICT_RFC2818
  SHLVL=3
  HOME=/data1/condor_local/execute/dir_2033147/glide_3UXLiu/execute/dir_2243224
  GLIDECLIENT_Group_Signature=98c941550ef5b637865f62b50470a8586e8c4193
  OSG_STORAGE_ELEMENT=True
  _CONDOR_MACHINE_AD=/data1/condor_local/execute/dir_2033147/glide_3UXLiu/execute/dir_2243224/.machine.ad
  GLIDEIN_Max_Tail=1200
  GSI_AUTHZ_CONF=/dev/null
  X509_USER_PROXY=/data1/condor_local/execute/dir_2033147/glide_3UXLiu/execute/dir_2243224/myproxy.pem
  java_options=-Xms128m
  -Xmx512m
  SLOTS_LAYOUT=partitionable
  GLIDEIN_Signature=5318ca5b29260108f75bd6e195a237b8505b0365
  GLIDEIN_CMSSite=T2_US_UCSD
  OSG_DEFAULT_SE=bsrm-1.t2.ucsd.edu
  GLIDEIN_Schedd=schedd_glideins8@gfactory-1.t2.ucsd.edu
  PYTHONPATH=:/data1/condor_local/execute/dir_2033147/glide_3UXLiu/execute/dir_2243224/job/WMCore.zip:/data1/condor_local/execute/dir_2033147/glide_3UXLiu/execute/dir_2243224/job
  GLIDEIN_Glexec_Use=OPTIONAL
  LOGNAME=guser1
  TMP=/data1/condor_local/execute/dir_2033147/glide_3UXLiu/execute/dir_2243224
  CVS_RSH=ssh
  QTLIB=/usr/lib64/qt-3.3/lib
  GLIDEIN_Monitoring_Enabled=False
  OSG_SITE_NAME=UCSDT2-C
  GLIDEIN_ClusterId=4268389
  GLIDEIN_ProcId=4
  OMP_NUM_THREADS=4
  GLOBUS_GSSAPI_CIPHERS=HIGH
  LESSOPEN=||/usr/bin/lesspipe.sh
  %s
  _CONDOR_JOB_AD=/data1/condor_local/execute/dir_2033147/glide_3UXLiu/execute/dir_2243224/.job.ad
  GLOBUS_GSSAPI_FORCE_TLS=false
  _CONDOR_ANCESTOR_2039094=2243224:1483448761:3346267052
  GLIDEIN_LOCAL_TMP_DIR=/tmp/glide_cuser1_5k49CB
  _CONDOR_JOB_IWD=/data1/condor_local/execute/dir_2033147/glide_3UXLiu/execute/dir_2243224
  G_BROKEN_FILENAMES=1
  X509_USER_KEY=/data1/condor_local/execute/dir_2033147/glide_3UXLiu/hostkey.pem
  GLOBUS_GSSAPI_SERVER_CIPHER_ORDER=true
  CONDOR_PROCD_ADDRESS=/data1/condor_local/execute/dir_2033147/glide_3UXLiu/log/procd_address
  _=/bin/env
======== Current environment dump finished ========

======== WMAgent Run the job starting at Tue Jan  3 13:06:13 GMT 2017 ========
Startup.py : 2017-01-03T05:06:13 : loading job definition
Startup.py : 2017-01-03T05:06:13 : loading task
Startup.py : 2017-01-03T05:06:13 : setting up monitoring
Startup.py : 2017-01-03T05:06:13 : setting up logging
Startup.py : 2017-01-03T05:06:13 : building task
CMSSW.coreBuild invoked
Builders.CMSSW.build called on cmsRun1
CMSSW.coreBuild invoked
Builders.CMSSW.build called on cmsRun2
StageOut.coreBuild invoked
Builders.StageOut.build called on stageOut1
LogArchive.coreBuild invoked
Builders.LogArchive.build called on logArch1
Startup.py : 2017-01-03T05:06:13 : executing task
Tue Jan  3 05:06:14 2017: ApMon[INFO]: Adding destination 128.142.166.92:8884 
Tue Jan  3 05:06:14 2017: ApMon[DEBUG]: Overwritting option: sys_monitoring = 0
Tue Jan  3 05:06:14 2017: ApMon[DEBUG]: Overwritting option: general_info = 0
Tue Jan  3 05:06:14 2017: ApMon[DEBUG]: Overwritting option: job_monitoring = 0
Tue Jan  3 05:06:14 2017: ApMon[NOTICE]: Adding parameter StatusDestination = T2_US_UCSD
Tue Jan  3 05:06:14 2017: ApMon[NOTICE]: Adding parameter StatusEnterTime = 2017-01-03 13:06:13
Tue Jan  3 05:06:14 2017: ApMon[NOTICE]: Adding parameter MessageType = JobStatus
Tue Jan  3 05:06:14 2017: ApMon[NOTICE]: Adding parameter jobId = 96ef48d2-d190-11e6-b8a4-001e67abefa8-1097_0
Tue Jan  3 05:06:14 2017: ApMon[NOTICE]: Adding parameter StatusValue = running
Tue Jan  3 05:06:14 2017: ApMon[NOTICE]: Adding parameter MessageTS = 2017-01-03 13:06:13
Tue Jan  3 05:06:14 2017: ApMon[NOTICE]: Adding parameter StatusValueReason = Job started execution in the WN
Tue Jan  3 05:06:14 2017: ApMon[NOTICE]: Adding parameter taskId = wmagent_pdmvserv_SUS-RunIISummer16DR80Premix-00129_00110_v0__161116_133916_8255
Tue Jan  3 05:06:14 2017: ApMon[NOTICE]: Adding parameter NCores = 4
Tue Jan  3 05:06:14 2017: ApMon[DEBUG]: previously sent: 0; dropped: 0
Tue Jan  3 05:06:14 2017: ApMon[NOTICE]: Building XDR packet [wmagent_pdmvserv_SUS-RunIISummer16DR80Premix-00129_00110_v0__161116_133916_8255/96ef48d2-d190-11e6-b8a4-001e67abefa8-1097_0] <1/578793724> 9 params, 616 bytes.
Tue Jan  3 05:06:14 2017: ApMon[NOTICE]: Packet sent to 128.142.166.92:8884 
Tue Jan  3 05:06:14 2017: ApMon[DEBUG]: Closing UDP socket on ApMon object destroy.
Tue Jan  3 05:06:14 2017: ApMon[INFO]: Adding destination 188.184.81.255:8884 
Tue Jan  3 05:06:14 2017: ApMon[DEBUG]: Overwritting option: sys_monitoring = 0
Tue Jan  3 05:06:14 2017: ApMon[DEBUG]: Overwritting option: general_info = 0
Tue Jan  3 05:06:14 2017: ApMon[DEBUG]: Overwritting option: job_monitoring = 0
Tue Jan  3 05:06:14 2017: ApMon[NOTICE]: Adding parameter SyncCE = T2_US_UCSD
Tue Jan  3 05:06:14 2017: ApMon[NOTICE]: Adding parameter MessageType = jobRuntime-jobStart
Tue Jan  3 05:06:14 2017: ApMon[NOTICE]: Adding parameter jobId = 96ef48d2-d190-11e6-b8a4-001e67abefa8-1097_0
Tue Jan  3 05:06:14 2017: ApMon[NOTICE]: Adding parameter MessageTS = 2017-01-03 13:06:14
Tue Jan  3 05:06:14 2017: ApMon[NOTICE]: Adding parameter taskId = wmagent_pdmvserv_SUS-RunIISummer16DR80Premix-00129_00110_v0__161116_133916_8255
Tue Jan  3 05:06:14 2017: ApMon[NOTICE]: Adding parameter GridName = /DC=ch/DC=cern/OU=Organic Units/OU=Users/CN=amaltaro/CN=718748/CN=Alan Malta Rodrigues/CN=676581470/CN=468289183/CN=111150965/CN=897578353/CN=1369025674

Tue Jan  3 05:06:14 2017: ApMon[NOTICE]: Adding parameter WNHostName = sdsc-16.t2.ucsd.edu
Tue Jan  3 05:06:14 2017: ApMon[NOTICE]: Adding parameter ExeStart = cmsRun1
Tue Jan  3 05:06:14 2017: ApMon[DEBUG]: previously sent: 0; dropped: 0
Tue Jan  3 05:06:14 2017: ApMon[NOTICE]: Building XDR packet [wmagent_pdmvserv_SUS-RunIISummer16DR80Premix-00129_00110_v0__161116_133916_8255/96ef48d2-d190-11e6-b8a4-001e67abefa8-1097_0] <1/578793545> 8 params, 696 bytes.
Tue Jan  3 05:06:14 2017: ApMon[NOTICE]: Packet sent to 188.184.81.255:8884 
Tue Jan  3 05:06:14 2017: ApMon[DEBUG]: Closing UDP socket on ApMon object destroy.
Tue Jan  3 05:06:14 2017: ApMon[INFO]: Adding destination 188.184.88.94:8884 
Tue Jan  3 05:06:14 2017: ApMon[DEBUG]: Overwritting option: sys_monitoring = 0
Tue Jan  3 05:06:14 2017: ApMon[DEBUG]: Overwritting option: general_info = 0
Tue Jan  3 05:06:14 2017: ApMon[DEBUG]: Overwritting option: job_monitoring = 0
Tue Jan  3 05:06:14 2017: ApMon[NOTICE]: Adding parameter 1_stepName = cmsRun1
Tue Jan  3 05:06:14 2017: ApMon[NOTICE]: Adding parameter MessageType = jobRuntime-stepStart
Tue Jan  3 05:06:14 2017: ApMon[NOTICE]: Adding parameter jobId = 96ef48d2-d190-11e6-b8a4-001e67abefa8-1097_0
Tue Jan  3 05:06:14 2017: ApMon[NOTICE]: Adding parameter MessageTS = 2017-01-03 13:06:14
Tue Jan  3 05:06:14 2017: ApMon[NOTICE]: Adding parameter taskId = wmagent_pdmvserv_SUS-RunIISummer16DR80Premix-00129_00110_v0__161116_133916_8255
Tue Jan  3 05:06:14 2017: ApMon[NOTICE]: Adding parameter 1_ExeStart = cmsRun1
Tue Jan  3 05:06:14 2017: ApMon[DEBUG]: previously sent: 0; dropped: 0
Tue Jan  3 05:06:14 2017: ApMon[NOTICE]: Building XDR packet [wmagent_pdmvserv_SUS-RunIISummer16DR80Premix-00129_00110_v0__161116_133916_8255/96ef48d2-d190-11e6-b8a4-001e67abefa8-1097_0] <1/578793687> 6 params, 480 bytes.
Tue Jan  3 05:06:14 2017: ApMon[NOTICE]: Packet sent to 188.184.88.94:8884 
Tue Jan  3 05:06:14 2017: ApMon[DEBUG]: Closing UDP socket on ApMon object destroy.
Tue Jan  3 05:32:34 2017: ApMon[INFO]: Adding destination 128.142.166.92:8884 
Tue Jan  3 05:32:34 2017: ApMon[DEBUG]: Overwritting option: sys_monitoring = 0
Tue Jan  3 05:32:34 2017: ApMon[DEBUG]: Overwritting option: general_info = 0
Tue Jan  3 05:32:34 2017: ApMon[DEBUG]: Overwritting option: job_monitoring = 0
Tue Jan  3 05:32:34 2017: ApMon[NOTICE]: Adding parameter 1_ExeEnd = cmsRun1
Tue Jan  3 05:32:34 2017: ApMon[NOTICE]: Adding parameter 1_ExeCPUTime = 3764.76
Tue Jan  3 05:32:34 2017: ApMon[NOTICE]: Adding parameter 1_ExeExitCode = 0
Tue Jan  3 05:32:34 2017: ApMon[NOTICE]: Adding parameter jobId = 96ef48d2-d190-11e6-b8a4-001e67abefa8-1097_0
Tue Jan  3 05:32:34 2017: ApMon[NOTICE]: Adding parameter MessageTS = 2017-01-03 13:32:34
Tue Jan  3 05:32:34 2017: ApMon[NOTICE]: Adding parameter MessageType = jobRuntime-stepEnd
Tue Jan  3 05:32:34 2017: ApMon[NOTICE]: Adding parameter taskId = wmagent_pdmvserv_SUS-RunIISummer16DR80Premix-00129_00110_v0__161116_133916_8255
Tue Jan  3 05:32:34 2017: ApMon[NOTICE]: Adding parameter 1_NCores = 4
Tue Jan  3 05:32:34 2017: ApMon[NOTICE]: Adding parameter 1_ExeWCTime = 1580.189744
Tue Jan  3 05:32:34 2017: ApMon[DEBUG]: previously sent: 0; dropped: 0
Tue Jan  3 05:32:34 2017: ApMon[NOTICE]: Building XDR packet [wmagent_pdmvserv_SUS-RunIISummer16DR80Premix-00129_00110_v0__161116_133916_8255/96ef48d2-d190-11e6-b8a4-001e67abefa8-1097_0] <1/578793499> 9 params, 552 bytes.
Tue Jan  3 05:32:34 2017: ApMon[NOTICE]: Packet sent to 128.142.166.92:8884 
Tue Jan  3 05:32:34 2017: ApMon[DEBUG]: Closing UDP socket on ApMon object destroy.
Tue Jan  3 05:32:34 2017: ApMon[INFO]: Adding destination 188.184.81.255:8884 
Tue Jan  3 05:32:34 2017: ApMon[DEBUG]: Overwritting option: sys_monitoring = 0
Tue Jan  3 05:32:34 2017: ApMon[DEBUG]: Overwritting option: general_info = 0
Tue Jan  3 05:32:34 2017: ApMon[DEBUG]: Overwritting option: job_monitoring = 0
Tue Jan  3 05:32:34 2017: ApMon[NOTICE]: Adding parameter 2_ExeStart = cmsRun2
Tue Jan  3 05:32:34 2017: ApMon[NOTICE]: Adding parameter 2_stepName = cmsRun2
Tue Jan  3 05:32:34 2017: ApMon[NOTICE]: Adding parameter MessageType = jobRuntime-stepStart
Tue Jan  3 05:32:34 2017: ApMon[NOTICE]: Adding parameter jobId = 96ef48d2-d190-11e6-b8a4-001e67abefa8-1097_0
Tue Jan  3 05:32:34 2017: ApMon[NOTICE]: Adding parameter MessageTS = 2017-01-03 13:32:34
Tue Jan  3 05:32:34 2017: ApMon[NOTICE]: Adding parameter taskId = wmagent_pdmvserv_SUS-RunIISummer16DR80Premix-00129_00110_v0__161116_133916_8255
Tue Jan  3 05:32:34 2017: ApMon[DEBUG]: previously sent: 0; dropped: 0
Tue Jan  3 05:32:34 2017: ApMon[NOTICE]: Building XDR packet [wmagent_pdmvserv_SUS-RunIISummer16DR80Premix-00129_00110_v0__161116_133916_8255/96ef48d2-d190-11e6-b8a4-001e67abefa8-1097_0] <1/578793659> 6 params, 480 bytes.
Tue Jan  3 05:32:34 2017: ApMon[NOTICE]: Packet sent to 188.184.81.255:8884 
Tue Jan  3 05:32:34 2017: ApMon[DEBUG]: Closing UDP socket on ApMon object destroy.
Tue Jan  3 05:53:20 2017: ApMon[INFO]: Adding destination 128.142.166.92:8884 
Tue Jan  3 05:53:20 2017: ApMon[DEBUG]: Overwritting option: sys_monitoring = 0
Tue Jan  3 05:53:20 2017: ApMon[DEBUG]: Overwritting option: general_info = 0
Tue Jan  3 05:53:20 2017: ApMon[DEBUG]: Overwritting option: job_monitoring = 0
Tue Jan  3 05:53:20 2017: ApMon[NOTICE]: Adding parameter 2_ExeExitCode = 0
Tue Jan  3 05:53:20 2017: ApMon[NOTICE]: Adding parameter MessageType = jobRuntime-stepEnd
Tue Jan  3 05:53:20 2017: ApMon[NOTICE]: Adding parameter jobId = 96ef48d2-d190-11e6-b8a4-001e67abefa8-1097_0
Tue Jan  3 05:53:20 2017: ApMon[NOTICE]: Adding parameter 2_ExeEnd = cmsRun2
Tue Jan  3 05:53:20 2017: ApMon[NOTICE]: Adding parameter MessageTS = 2017-01-03 13:53:20
Tue Jan  3 05:53:20 2017: ApMon[NOTICE]: Adding parameter taskId = wmagent_pdmvserv_SUS-RunIISummer16DR80Premix-00129_00110_v0__161116_133916_8255
Tue Jan  3 05:53:20 2017: ApMon[NOTICE]: Adding parameter 2_ExeCPUTime = 3881.47
Tue Jan  3 05:53:20 2017: ApMon[NOTICE]: Adding parameter 2_ExeWCTime = 1245.54239988
Tue Jan  3 05:53:20 2017: ApMon[NOTICE]: Adding parameter 2_NCores = 4
Tue Jan  3 05:53:20 2017: ApMon[DEBUG]: previously sent: 0; dropped: 0
Tue Jan  3 05:53:20 2017: ApMon[NOTICE]: Building XDR packet [wmagent_pdmvserv_SUS-RunIISummer16DR80Premix-00129_00110_v0__161116_133916_8255/96ef48d2-d190-11e6-b8a4-001e67abefa8-1097_0] <1/578793478> 9 params, 552 bytes.
Tue Jan  3 05:53:20 2017: ApMon[NOTICE]: Packet sent to 128.142.166.92:8884 
Tue Jan  3 05:53:20 2017: ApMon[DEBUG]: Closing UDP socket on ApMon object destroy.
Tue Jan  3 05:53:20 2017: ApMon[INFO]: Adding destination 188.184.81.255:8884 
Tue Jan  3 05:53:20 2017: ApMon[DEBUG]: Overwritting option: sys_monitoring = 0
Tue Jan  3 05:53:20 2017: ApMon[DEBUG]: Overwritting option: general_info = 0
Tue Jan  3 05:53:20 2017: ApMon[DEBUG]: Overwritting option: job_monitoring = 0
Tue Jan  3 05:53:20 2017: ApMon[NOTICE]: Adding parameter MessageType = jobRuntime-stepStart
Tue Jan  3 05:53:20 2017: ApMon[NOTICE]: Adding parameter jobId = 96ef48d2-d190-11e6-b8a4-001e67abefa8-1097_0
Tue Jan  3 05:53:20 2017: ApMon[NOTICE]: Adding parameter MessageTS = 2017-01-03 13:53:20
Tue Jan  3 05:53:20 2017: ApMon[NOTICE]: Adding parameter taskId = wmagent_pdmvserv_SUS-RunIISummer16DR80Premix-00129_00110_v0__161116_133916_8255
Tue Jan  3 05:53:20 2017: ApMon[NOTICE]: Adding parameter 3_ExeStart = stageOut1
Tue Jan  3 05:53:20 2017: ApMon[NOTICE]: Adding parameter 3_stepName = stageOut1
Tue Jan  3 05:53:20 2017: ApMon[DEBUG]: previously sent: 0; dropped: 0
Tue Jan  3 05:53:20 2017: ApMon[NOTICE]: Building XDR packet [wmagent_pdmvserv_SUS-RunIISummer16DR80Premix-00129_00110_v0__161116_133916_8255/96ef48d2-d190-11e6-b8a4-001e67abefa8-1097_0] <1/578793478> 6 params, 488 bytes.
Tue Jan  3 05:53:20 2017: ApMon[NOTICE]: Packet sent to 188.184.81.255:8884 
Tue Jan  3 05:53:20 2017: ApMon[DEBUG]: Closing UDP socket on ApMon object destroy.
Steps.Executors.StageOut.pre called
StageOutMgr::__init__()
==== Stageout configuration start ====
Local Stage Out Implementation to be used is: srmv2-lcg
Local Stage Out PNN to be used is T2_US_UCSD
Local Stage Out Catalog to be used is trivialcatalog_file:/cvmfs/cms.cern.ch/SITECONF/local/PhEDEx/storage.xml?protocol=srmv2
Trivial File Catalog has been loaded:
	lfn-to-pfn: protocol=direct path-match-re=.*/LoadTest07_UCSD_(.*)_.*_.* result=/hadoop/cms/phedex/store/PhEDEx_LoadTest07/LoadTest07_Debug_UCSD/LoadTest07_UCSD_$1
	lfn-to-pfn: protocol=srmv2 path-match-re=.*/LoadTest07_UCSD_(.*)_.*_.* result=srm://bsrm-3.t2.ucsd.edu:8443/srm/v2/server?SFN=/hadoop/cms/phedex/store/PhEDEx_LoadTest07/LoadTest07_Debug_UCSD/LoadTest07_UCSD_$1
	lfn-to-pfn: protocol=direct path-match-re=/+store/user/(.*) result=/hadoop/cms/store/user/$1
	lfn-to-pfn: protocol=srmv2 path-match-re=/+store/user/(.*) result=srm://bsrm-3.t2.ucsd.edu:8443/srm/v2/server?SFN=/hadoop/cms/store/user/$1
	lfn-to-pfn: protocol=dcap path-match-re=/+(store/user/.*) result=/hadoop/cms/$1
	lfn-to-pfn: protocol=direct path-match-re=/+store/group/(.*) result=/hadoop/cms/store/group/$1
	lfn-to-pfn: protocol=srmv2 path-match-re=/+store/group/(.*) result=srm://bsrm-3.t2.ucsd.edu:8443/srm/v2/server?SFN=/hadoop/cms/store/group/$1
	lfn-to-pfn: protocol=dcap path-match-re=/+(store/group/.*) result=/hadoop/cms/$1
	lfn-to-pfn: protocol=direct path-match-re=/+store/unmerged/user/(.*) result=/hadoop/cms/store/unmerged/user/$1
	lfn-to-pfn: protocol=srmv2 path-match-re=/+store/unmerged/user/(.*) result=srm://bsrm-3.t2.ucsd.edu:8443/srm/v2/server?SFN=/hadoop/cms/store/unmerged/user/$1
	lfn-to-pfn: protocol=dcap path-match-re=/+(store/unmerged/user/.*) result=/hadoop/cms/$1
	lfn-to-pfn: protocol=dcap path-match-re=/+store/(.*) result=/hadoop/cms/phedex/store/$1
	lfn-to-pfn: protocol=direct path-match-re=/+store/(.*) result=/hadoop/cms/phedex/store/$1
	lfn-to-pfn: protocol=srmv2 path-match-re=/+store/(.*) result=srm://bsrm-3.t2.ucsd.edu:8443/srm/v2/server?SFN=/hadoop/cms/phedex/store/$1
	lfn-to-pfn: protocol=hadoop path-match-re=/+store/test/xrootd/T2_US_UCSD/store/(.*) result=/cms/phedex/store/$1
	lfn-to-pfn: protocol=hadoop path-match-re=(.*) result=/cms/phedex$1
	lfn-to-pfn: protocol=xrootd path-match-re=/+store/(.*) result=root://cmsxrootd.fnal.gov//store/$1
	pfn-to-lfn: protocol=srmv2 path-match-re=gsiftp://oasis-dm.sdsc.xsede.org/oasis/scratch/mtadel/temp_project/cms/store/(.*) result=/store/$1
	pfn-to-lfn: protocol=direct path-match-re=/+oasis/scratch/mtadel/temp_project/cms/store/(.*) result=/store/$1
	pfn-to-lfn: protocol=direct path-match-re=/+hadoop/cms/store/(.*) result=/store/$1
	pfn-to-lfn: protocol=srmv2 path-match-re=.*\?SFN=/hadoop/cms/store/user/(.*) result=/store/user/$1
	pfn-to-lfn: protocol=direct path-match-re=/+hadoop/cms/store/(.*) result=/store/$1
	pfn-to-lfn: protocol=srmv2 path-match-re=.*\?SFN=/hadoop/cms/store/group/(.*) result=/store/group/$1
	pfn-to-lfn: protocol=direct path-match-re=/+hadoop/cms/store/(.*) result=/store/$1
	pfn-to-lfn: protocol=srmv2 path-match-re=.*\?SFN=/hadoop/cms/store/unmerged/user/(.*) result=/store/unmerged/user/$1
	pfn-to-lfn: protocol=direct path-match-re=/+hadoop/cms/phedex/store/(.*) result=/store/$1
	pfn-to-lfn: protocol=srmv2 path-match-re=.*\?SFN=/hadoop/cms/phedex/store/(.*) result=/store/$1
	pfn-to-lfn: protocol=hadoop path-match-re=/+cms/phedex/store/(.*) result=/store/$1
There are 1 fallback stage out definitions.
      Fallback to : T2_US_Caltech using: srmv2-lcg 

==== Stageout configuration finish ====
==>Working on file: /store/unmerged/RunIISummer16DR80Premix/GJets_HT-200To400_TuneCUETP8M1_13TeV-madgraphMLM-pythia8/AODSIM/PUMoriond17_80X_mcRun2_asymptotic_2016_TrancheIV_v6-v1/70005/E0AC8038-B9D1-E611-ADA7-A4BF0101F533.root
===> Attempting Local Stage Out.
LFN to PFN match made:
LFN: /store/unmerged/RunIISummer16DR80Premix/GJets_HT-200To400_TuneCUETP8M1_13TeV-madgraphMLM-pythia8/AODSIM/PUMoriond17_80X_mcRun2_asymptotic_2016_TrancheIV_v6-v1/70005/E0AC8038-B9D1-E611-ADA7-A4BF0101F533.root
PFN: srm://bsrm-3.t2.ucsd.edu:8443/srm/v2/server?SFN=/hadoop/cms/phedex/store/unmerged/RunIISummer16DR80Premix/GJets_HT-200To400_TuneCUETP8M1_13TeV-madgraphMLM-pythia8/AODSIM/PUMoriond17_80X_mcRun2_asymptotic_2016_TrancheIV_v6-v1/70005/E0
AC8038-B9D1-E611-ADA7-A4BF0101F533.root

2017-01-03T05:53:20 : Creating output directory...
2017-01-03T05:53:20 : Running the stage out...
2017-01-03T05:53:20
/bin/sh: line 1: lcg-cp: command not found

lcg-cp exit status: 127
Non-zero lcg-cp Exit status!!!
Cleaning up failed file:
2017-01-03T05:53:20
2017-01-03T05:53:20 : Command exited with status: 23

ERROR: Exception During Stage Out:

2017-01-03T05:53:20 : Command exited non-zero
Attempt 1 to stage out failed.
Automatically retrying in 300 secs
 Error details:
StageOutError
Message: 2017-01-03T05:53:20 : Command exited non-zero
	 ErrorCode : 60311
	 ModuleName : WMCore.Storage.StageOutError
	 MethodName : __init__
	 ErrorType : GeneralStageOutFailure
	 ClassInstance : None
	 FileName : /data1/condor_local/execute/dir_2033147/glide_3UXLiu/execute/dir_2243224/job/WMCore.zip/WMCore/Storage/StageOutError.py
	 ClassName : None
	 Command : #!/bin/sh
date "+%Y-%m-%dT%H:%M:%S"; lcg-cp -b -D srmv2 --vo cms --srm-timeout 2400 --sendreceive-timeout 2400 --connect-timeout 300 --verbose file:/data1/condor_local/execute/dir_2033147/glide_3UXLiu/execute/dir_2243224/job/WMTaskSpace/cmsRun2/AOD
SIMoutput.root  srm://bsrm-3.t2.ucsd.edu:8443/srm/v2/server?SFN=/hadoop/cms/phedex/store/unmerged/RunIISummer16DR80Premix/GJets_HT-200To400_TuneCUETP8M1_13TeV-madgraphMLM-pythia8/AODSIM/PUMoriond17_80X_mcRun2_asymptotic_2016_TrancheIV_v6-
v1/70005/E0AC8038-B9D1-E611-ADA7-A4BF0101F533.root 2> stageout.log
            EXIT_STATUS=$?
            cat stageout.log
            echo -e "
lcg-cp exit status: $EXIT_STATUS"
            if [[ $EXIT_STATUS != 0 ]]; then
                echo "Non-zero lcg-cp Exit status!!!"
                echo "Cleaning up failed file:"
                date "+%Y-%m-%dT%H:%M:%S";  lcg-del -b -l -D srmv2 --srm-timeout 600 --sendreceive-timeout 600 --connect-timeout 300 --vo cms srm://bsrm-3.t2.ucsd.edu:8443/srm/v2/server?SFN=/hadoop/cms/phedex/store/unmerged/RunIISummer16D
R80Premix/GJets_HT-200To400_TuneCUETP8M1_13TeV-madgraphMLM-pythia8/AODSIM/PUMoriond17_80X_mcRun2_asymptotic_2016_TrancheIV_v6-v1/70005/E0AC8038-B9D1-E611-ADA7-A4BF0101F533.root
                exit 60311
            fi

            FILE_SIZE=`stat -c %s /data1/condor_local/execute/dir_2033147/glide_3UXLiu/execute/dir_2243224/job/WMTaskSpace/cmsRun2/AODSIMoutput.root`
echo "Local File Size is:  $FILE_SIZE"

            LCG_OUTPUT=`lcg-ls -l -b -D srmv2 --srm-timeout 600 --sendreceive-timeout 600 --connect-timeout 300 srm://bsrm-3.t2.ucsd.edu:8443/srm/v2/server?SFN=/hadoop/cms/phedex/store/unmerged/RunIISummer16DR80Premix/GJets_HT-200To400_Tu
neCUETP8M1_13TeV-madgraphMLM-pythia8/AODSIM/PUMoriond17_80X_mcRun2_asymptotic_2016_TrancheIV_v6-v1/70005/E0AC8038-B9D1-E611-ADA7-A4BF0101F533.root 2>/dev/null`
            SRM_SIZE=`echo "$LCG_OUTPUT" | awk 'NR==1{print $5}'`
            SRM_CHECKSUM=`echo "$LCG_OUTPUT" | sed -nr 's/^.*\s([a-f0-9]{8})\s*\([aA][dD][lL][eE][rR]32\)\s*$/\1/p'`
            echo "Remote File Size is: $SRM_SIZE"
            echo "Remote Checksum is:  $SRM_CHECKSUM"
            if [[ $SRM_SIZE == $FILE_SIZE ]]; then
                
                if [[ "X$SRM_CHECKSUM" != "X" ]]; then
                    if [[ "$SRM_CHECKSUM" == "00836592" ]]; then
                        exit 0
                    else
                        echo "ERROR: Checksum Mismatch between local and SE"
                        echo "Cleaning up failed file"
                        date "+%Y-%m-%dT%H:%M:%S";  lcg-del -b -l -D srmv2 --srm-timeout 600 --sendreceive-timeout 600 --connect-timeout 300 --vo cms srm://bsrm-3.t2.ucsd.edu:8443/srm/v2/server?SFN=/hadoop/cms/phedex/store/unmerged/RunIIS
ummer16DR80Premix/GJets_HT-200To400_TuneCUETP8M1_13TeV-madgraphMLM-pythia8/AODSIM/PUMoriond17_80X_mcRun2_asymptotic_2016_TrancheIV_v6-v1/70005/E0AC8038-B9D1-E611-ADA7-A4BF0101F533.root
                        exit 60311
                    fi
                else
                    exit 0
                fi
                
            else
                echo $LCG_OUTPUT
                echo "ERROR: Size Mismatch between local and SE. Cleaning up failed file..."
                date "+%Y-%m-%dT%H:%M:%S";  lcg-del -b -l -D srmv2 --srm-timeout 600 --sendreceive-timeout 600 --connect-timeout 300 --vo cms srm://bsrm-3.t2.ucsd.edu:8443/srm/v2/server?SFN=/hadoop/cms/phedex/store/unmerged/RunIISummer16D
R80Premix/GJets_HT-200To400_TuneCUETP8M1_13TeV-madgraphMLM-pythia8/AODSIM/PUMoriond17_80X_mcRun2_asymptotic_2016_TrancheIV_v6-v1/70005/E0AC8038-B9D1-E611-ADA7-A4BF0101F533.root
                exit 60311
            fi
            
	    LineNumber : 32
	    ErrorNr : 0
	    ExitCode : 23

Traceback: 



2017-01-03T05:58:20 : Running the stage out...
2017-01-03T05:58:20
/bin/sh: line 1: lcg-cp: command not found

lcg-cp exit status: 127
Non-zero lcg-cp Exit status!!!
Cleaning up failed file:
2017-01-03T05:58:20
2017-01-03T05:58:20 : Command exited with status: 23

ERROR: Exception During Stage Out:

2017-01-03T05:58:20 : Command exited non-zero
Attempt 2 to stage out failed.
Automatically retrying in 300 secs
 Error details:
StageOutError
Message: 2017-01-03T05:58:20 : Command exited non-zero
	 ErrorCode : 60311
	 ModuleName : WMCore.Storage.StageOutError
	 MethodName : __init__
	 ErrorType : GeneralStageOutFailure
	 ClassInstance : None
	 FileName : /data1/condor_local/execute/dir_2033147/glide_3UXLiu/execute/dir_2243224/job/WMCore.zip/WMCore/Storage/StageOutError.py
	 ClassName : None
	 Command : #!/bin/sh
date "+%Y-%m-%dT%H:%M:%S"; lcg-cp -b -D srmv2 --vo cms --srm-timeout 2400 --sendreceive-timeout 2400 --connect-timeout 300 --verbose file:/data1/condor_local/execute/dir_2033147/glide_3UXLiu/execute/dir_2243224/job/WMTaskSpace/cmsRun2/AOD
SIMoutput.root  srm://bsrm-3.t2.ucsd.edu:8443/srm/v2/server?SFN=/hadoop/cms/phedex/store/unmerged/RunIISummer16DR80Premix/GJets_HT-200To400_TuneCUETP8M1_13TeV-madgraphMLM-pythia8/AODSIM/PUMoriond17_80X_mcRun2_asymptotic_2016_TrancheIV_v6-
v1/70005/E0AC8038-B9D1-E611-ADA7-A4BF0101F533.root 2> stageout.log
            EXIT_STATUS=$?
            cat stageout.log
            echo -e "
lcg-cp exit status: $EXIT_STATUS"
            if [[ $EXIT_STATUS != 0 ]]; then
                echo "Non-zero lcg-cp Exit status!!!"
                echo "Cleaning up failed file:"
                date "+%Y-%m-%dT%H:%M:%S";  lcg-del -b -l -D srmv2 --srm-timeout 600 --sendreceive-timeout 600 --connect-timeout 300 --vo cms srm://bsrm-3.t2.ucsd.edu:8443/srm/v2/server?SFN=/hadoop/cms/phedex/store/unmerged/RunIISummer16D
R80Premix/GJets_HT-200To400_TuneCUETP8M1_13TeV-madgraphMLM-pythia8/AODSIM/PUMoriond17_80X_mcRun2_asymptotic_2016_TrancheIV_v6-v1/70005/E0AC8038-B9D1-E611-ADA7-A4BF0101F533.root
                exit 60311
            fi

            FILE_SIZE=`stat -c %s /data1/condor_local/execute/dir_2033147/glide_3UXLiu/execute/dir_2243224/job/WMTaskSpace/cmsRun2/AODSIMoutput.root`
echo "Local File Size is:  $FILE_SIZE"

            LCG_OUTPUT=`lcg-ls -l -b -D srmv2 --srm-timeout 600 --sendreceive-timeout 600 --connect-timeout 300 srm://bsrm-3.t2.ucsd.edu:8443/srm/v2/server?SFN=/hadoop/cms/phedex/store/unmerged/RunIISummer16DR80Premix/GJets_HT-200To400_Tu
neCUETP8M1_13TeV-madgraphMLM-pythia8/AODSIM/PUMoriond17_80X_mcRun2_asymptotic_2016_TrancheIV_v6-v1/70005/E0AC8038-B9D1-E611-ADA7-A4BF0101F533.root 2>/dev/null`
            SRM_SIZE=`echo "$LCG_OUTPUT" | awk 'NR==1{print $5}'`
            SRM_CHECKSUM=`echo "$LCG_OUTPUT" | sed -nr 's/^.*\s([a-f0-9]{8})\s*\([aA][dD][lL][eE][rR]32\)\s*$/\1/p'`
            echo "Remote File Size is: $SRM_SIZE"
            echo "Remote Checksum is:  $SRM_CHECKSUM"
            if [[ $SRM_SIZE == $FILE_SIZE ]]; then
                
                if [[ "X$SRM_CHECKSUM" != "X" ]]; then
                    if [[ "$SRM_CHECKSUM" == "00836592" ]]; then
                        exit 0
                    else
                        echo "ERROR: Checksum Mismatch between local and SE"
                        echo "Cleaning up failed file"
                        date "+%Y-%m-%dT%H:%M:%S";  lcg-del -b -l -D srmv2 --srm-timeout 600 --sendreceive-timeout 600 --connect-timeout 300 --vo cms srm://bsrm-3.t2.ucsd.edu:8443/srm/v2/server?SFN=/hadoop/cms/phedex/store/unmerged/RunIIS
ummer16DR80Premix/GJets_HT-200To400_TuneCUETP8M1_13TeV-madgraphMLM-pythia8/AODSIM/PUMoriond17_80X_mcRun2_asymptotic_2016_TrancheIV_v6-v1/70005/E0AC8038-B9D1-E611-ADA7-A4BF0101F533.root
                        exit 60311
                    fi
                else
                    exit 0
                fi
                
            else
                echo $LCG_OUTPUT
                echo "ERROR: Size Mismatch between local and SE. Cleaning up failed file..."
                date "+%Y-%m-%dT%H:%M:%S";  lcg-del -b -l -D srmv2 --srm-timeout 600 --sendreceive-timeout 600 --connect-timeout 300 --vo cms srm://bsrm-3.t2.ucsd.edu:8443/srm/v2/server?SFN=/hadoop/cms/phedex/store/unmerged/RunIISummer16D
R80Premix/GJets_HT-200To400_TuneCUETP8M1_13TeV-madgraphMLM-pythia8/AODSIM/PUMoriond17_80X_mcRun2_asymptotic_2016_TrancheIV_v6-v1/70005/E0AC8038-B9D1-E611-ADA7-A4BF0101F533.root
                exit 60311
            fi
            
	    LineNumber : 32
	    ErrorNr : 0
	    ExitCode : 23

Traceback: 
  File "/data1/condor_local/execute/dir_2033147/glide_3UXLiu/execute/dir_2243224/job/WMCore.zip/WMCore/Storage/StageOutImpl.py", line 213, in __call__
    self.executeCommand(command)

  File "/data1/condor_local/execute/dir_2033147/glide_3UXLiu/execute/dir_2243224/job/WMCore.zip/WMCore/Storage/StageOutImpl.py", line 91, in executeCommand
    raise StageOutError(msg, Command=command, ExitCode=exitCode)



2017-01-03T06:03:21 : Running the stage out...
2017-01-03T06:03:21
/bin/sh: line 1: lcg-cp: command not found

lcg-cp exit status: 127
Non-zero lcg-cp Exit status!!!
Cleaning up failed file:
2017-01-03T06:03:21
2017-01-03T06:03:21 : Command exited with status: 23

ERROR: Exception During Stage Out:

2017-01-03T06:03:21 : Command exited non-zero
Attempt 3 to stage out failed.
Automatically retrying in 300 secs
 Error details:
StageOutError
Message: 2017-01-03T06:03:21 : Command exited non-zero
	 ErrorCode : 60311
	 ModuleName : WMCore.Storage.StageOutError
	 MethodName : __init__
	 ErrorType : GeneralStageOutFailure
	 ClassInstance : None
	 FileName : /data1/condor_local/execute/dir_2033147/glide_3UXLiu/execute/dir_2243224/job/WMCore.zip/WMCore/Storage/StageOutError.py
	 ClassName : None
	 Command : #!/bin/sh
date "+%Y-%m-%dT%H:%M:%S"; lcg-cp -b -D srmv2 --vo cms --srm-timeout 2400 --sendreceive-timeout 2400 --connect-timeout 300 --verbose file:/data1/condor_local/execute/dir_2033147/glide_3UXLiu/execute/dir_2243224/job/WMTaskSpace/cmsRun2/AOD
SIMoutput.root  srm://bsrm-3.t2.ucsd.edu:8443/srm/v2/server?SFN=/hadoop/cms/phedex/store/unmerged/RunIISummer16DR80Premix/GJets_HT-200To400_TuneCUETP8M1_13TeV-madgraphMLM-pythia8/AODSIM/PUMoriond17_80X_mcRun2_asymptotic_2016_TrancheIV_v6-
v1/70005/E0AC8038-B9D1-E611-ADA7-A4BF0101F533.root 2> stageout.log
            EXIT_STATUS=$?
            cat stageout.log
            echo -e "
lcg-cp exit status: $EXIT_STATUS"
            if [[ $EXIT_STATUS != 0 ]]; then
                echo "Non-zero lcg-cp Exit status!!!"
                echo "Cleaning up failed file:"
                date "+%Y-%m-%dT%H:%M:%S";  lcg-del -b -l -D srmv2 --srm-timeout 600 --sendreceive-timeout 600 --connect-timeout 300 --vo cms srm://bsrm-3.t2.ucsd.edu:8443/srm/v2/server?SFN=/hadoop/cms/phedex/store/unmerged/RunIISummer16D
R80Premix/GJets_HT-200To400_TuneCUETP8M1_13TeV-madgraphMLM-pythia8/AODSIM/PUMoriond17_80X_mcRun2_asymptotic_2016_TrancheIV_v6-v1/70005/E0AC8038-B9D1-E611-ADA7-A4BF0101F533.root
                exit 60311
            fi

            FILE_SIZE=`stat -c %s /data1/condor_local/execute/dir_2033147/glide_3UXLiu/execute/dir_2243224/job/WMTaskSpace/cmsRun2/AODSIMoutput.root`
echo "Local File Size is:  $FILE_SIZE"

            LCG_OUTPUT=`lcg-ls -l -b -D srmv2 --srm-timeout 600 --sendreceive-timeout 600 --connect-timeout 300 srm://bsrm-3.t2.ucsd.edu:8443/srm/v2/server?SFN=/hadoop/cms/phedex/store/unmerged/RunIISummer16DR80Premix/GJets_HT-200To400_Tu
neCUETP8M1_13TeV-madgraphMLM-pythia8/AODSIM/PUMoriond17_80X_mcRun2_asymptotic_2016_TrancheIV_v6-v1/70005/E0AC8038-B9D1-E611-ADA7-A4BF0101F533.root 2>/dev/null`
            SRM_SIZE=`echo "$LCG_OUTPUT" | awk 'NR==1{print $5}'`
            SRM_CHECKSUM=`echo "$LCG_OUTPUT" | sed -nr 's/^.*\s([a-f0-9]{8})\s*\([aA][dD][lL][eE][rR]32\)\s*$/\1/p'`
            echo "Remote File Size is: $SRM_SIZE"
            echo "Remote Checksum is:  $SRM_CHECKSUM"
            if [[ $SRM_SIZE == $FILE_SIZE ]]; then
                
                if [[ "X$SRM_CHECKSUM" != "X" ]]; then
                    if [[ "$SRM_CHECKSUM" == "00836592" ]]; then
                        exit 0
                    else
                        echo "ERROR: Checksum Mismatch between local and SE"
                        echo "Cleaning up failed file"
                        date "+%Y-%m-%dT%H:%M:%S";  lcg-del -b -l -D srmv2 --srm-timeout 600 --sendreceive-timeout 600 --connect-timeout 300 --vo cms srm://bsrm-3.t2.ucsd.edu:8443/srm/v2/server?SFN=/hadoop/cms/phedex/store/unmerged/RunIIS
ummer16DR80Premix/GJets_HT-200To400_TuneCUETP8M1_13TeV-madgraphMLM-pythia8/AODSIM/PUMoriond17_80X_mcRun2_asymptotic_2016_TrancheIV_v6-v1/70005/E0AC8038-B9D1-E611-ADA7-A4BF0101F533.root
                        exit 60311
                    fi
                else
                    exit 0
                fi
                
            else
                echo $LCG_OUTPUT
                echo "ERROR: Size Mismatch between local and SE. Cleaning up failed file..."
                date "+%Y-%m-%dT%H:%M:%S";  lcg-del -b -l -D srmv2 --srm-timeout 600 --sendreceive-timeout 600 --connect-timeout 300 --vo cms srm://bsrm-3.t2.ucsd.edu:8443/srm/v2/server?SFN=/hadoop/cms/phedex/store/unmerged/RunIISummer16D
R80Premix/GJets_HT-200To400_TuneCUETP8M1_13TeV-madgraphMLM-pythia8/AODSIM/PUMoriond17_80X_mcRun2_asymptotic_2016_TrancheIV_v6-v1/70005/E0AC8038-B9D1-E611-ADA7-A4BF0101F533.root
                exit 60311
            fi
            
	    LineNumber : 32
	    ErrorNr : 0
	    ExitCode : 23

Traceback: 
  File "/data1/condor_local/execute/dir_2033147/glide_3UXLiu/execute/dir_2243224/job/WMCore.zip/WMCore/Storage/StageOutImpl.py", line 213, in __call__
    self.executeCommand(command)

  File "/data1/condor_local/execute/dir_2033147/glide_3UXLiu/execute/dir_2243224/job/WMCore.zip/WMCore/Storage/StageOutImpl.py", line 91, in executeCommand
    raise StageOutError(msg, Command=command, ExitCode=exitCode)



===> Local Stage Out Failure for file:
======>  /store/unmerged/RunIISummer16DR80Premix/GJets_HT-200To400_TuneCUETP8M1_13TeV-madgraphMLM-pythia8/AODSIM/PUMoriond17_80X_mcRun2_asymptotic_2016_TrancheIV_v6-v1/70005/E0AC8038-B9D1-E611-ADA7-A4BF0101F533.root

===> Attempting 1 Fallback Stage Outs
2017-01-03T06:03:21 : Creating output directory...
2017-01-03T06:03:21 : Running the stage out...
2017-01-03T06:03:21
/bin/sh: line 1: lcg-cp: command not found

lcg-cp exit status: 127
Non-zero lcg-cp Exit status!!!
Cleaning up failed file:
2017-01-03T06:03:21
2017-01-03T06:03:21 : Command exited with status: 23

ERROR: Exception During Stage Out:

2017-01-03T06:03:21 : Command exited non-zero
Attempt 1 to stage out failed.
Automatically retrying in 300 secs
 Error details:
StageOutError
Message: 2017-01-03T06:03:21 : Command exited non-zero
	 ErrorCode : 60311
	 ModuleName : WMCore.Storage.StageOutError
	 MethodName : __init__
	 ErrorType : GeneralStageOutFailure
	 ClassInstance : None
	 FileName : /data1/condor_local/execute/dir_2033147/glide_3UXLiu/execute/dir_2243224/job/WMCore.zip/WMCore/Storage/StageOutError.py
	 ClassName : None
	 Command : #!/bin/sh
date "+%Y-%m-%dT%H:%M:%S"; lcg-cp -b -D srmv2 --vo cms --srm-timeout 2400 --sendreceive-timeout 2400 --connect-timeout 300 --verbose file:/data1/condor_local/execute/dir_2033147/glide_3UXLiu/execute/dir_2243224/job/WMTaskSpace/cmsRun2/AOD
SIMoutput.root  srm://cit-se.ultralight.org:8443/srm/v2/server?SFN=/mnt/hadoop/store/unmerged/RunIISummer16DR80Premix/GJets_HT-200To400_TuneCUETP8M1_13TeV-madgraphMLM-pythia8/AODSIM/PUMoriond17_80X_mcRun2_asymptotic_2016_TrancheIV_v6-v1/7
0005/E0AC8038-B9D1-E611-ADA7-A4BF0101F533.root 2> stageout.log
            EXIT_STATUS=$?
            cat stageout.log
            echo -e "
lcg-cp exit status: $EXIT_STATUS"
            if [[ $EXIT_STATUS != 0 ]]; then
                echo "Non-zero lcg-cp Exit status!!!"
                echo "Cleaning up failed file:"
                date "+%Y-%m-%dT%H:%M:%S";  lcg-del -b -l -D srmv2 --srm-timeout 600 --sendreceive-timeout 600 --connect-timeout 300 --vo cms srm://cit-se.ultralight.org:8443/srm/v2/server?SFN=/mnt/hadoop/store/unmerged/RunIISummer16DR80P
remix/GJets_HT-200To400_TuneCUETP8M1_13TeV-madgraphMLM-pythia8/AODSIM/PUMoriond17_80X_mcRun2_asymptotic_2016_TrancheIV_v6-v1/70005/E0AC8038-B9D1-E611-ADA7-A4BF0101F533.root
                exit 60311
            fi

            FILE_SIZE=`stat -c %s /data1/condor_local/execute/dir_2033147/glide_3UXLiu/execute/dir_2243224/job/WMTaskSpace/cmsRun2/AODSIMoutput.root`
echo "Local File Size is:  $FILE_SIZE"

            LCG_OUTPUT=`lcg-ls -l -b -D srmv2 --srm-timeout 600 --sendreceive-timeout 600 --connect-timeout 300 srm://cit-se.ultralight.org:8443/srm/v2/server?SFN=/mnt/hadoop/store/unmerged/RunIISummer16DR80Premix/GJets_HT-200To400_TuneCU
ETP8M1_13TeV-madgraphMLM-pythia8/AODSIM/PUMoriond17_80X_mcRun2_asymptotic_2016_TrancheIV_v6-v1/70005/E0AC8038-B9D1-E611-ADA7-A4BF0101F533.root 2>/dev/null`
            SRM_SIZE=`echo "$LCG_OUTPUT" | awk 'NR==1{print $5}'`
            SRM_CHECKSUM=`echo "$LCG_OUTPUT" | sed -nr 's/^.*\s([a-f0-9]{8})\s*\([aA][dD][lL][eE][rR]32\)\s*$/\1/p'`
            echo "Remote File Size is: $SRM_SIZE"
            echo "Remote Checksum is:  $SRM_CHECKSUM"
            if [[ $SRM_SIZE == $FILE_SIZE ]]; then
                
                if [[ "X$SRM_CHECKSUM" != "X" ]]; then
                    if [[ "$SRM_CHECKSUM" == "00836592" ]]; then
                        exit 0
                    else
                        echo "ERROR: Checksum Mismatch between local and SE"
                        echo "Cleaning up failed file"
                        date "+%Y-%m-%dT%H:%M:%S";  lcg-del -b -l -D srmv2 --srm-timeout 600 --sendreceive-timeout 600 --connect-timeout 300 --vo cms srm://cit-se.ultralight.org:8443/srm/v2/server?SFN=/mnt/hadoop/store/unmerged/RunIISumme
r16DR80Premix/GJets_HT-200To400_TuneCUETP8M1_13TeV-madgraphMLM-pythia8/AODSIM/PUMoriond17_80X_mcRun2_asymptotic_2016_TrancheIV_v6-v1/70005/E0AC8038-B9D1-E611-ADA7-A4BF0101F533.root
                        exit 60311
                    fi
                else
                    exit 0
                fi
                
            else
                echo $LCG_OUTPUT
                echo "ERROR: Size Mismatch between local and SE. Cleaning up failed file..."
                date "+%Y-%m-%dT%H:%M:%S";  lcg-del -b -l -D srmv2 --srm-timeout 600 --sendreceive-timeout 600 --connect-timeout 300 --vo cms srm://cit-se.ultralight.org:8443/srm/v2/server?SFN=/mnt/hadoop/store/unmerged/RunIISummer16DR80P
remix/GJets_HT-200To400_TuneCUETP8M1_13TeV-madgraphMLM-pythia8/AODSIM/PUMoriond17_80X_mcRun2_asymptotic_2016_TrancheIV_v6-v1/70005/E0AC8038-B9D1-E611-ADA7-A4BF0101F533.root
                exit 60311
            fi
            
	    LineNumber : 32
	    ErrorNr : 0
	    ExitCode : 23

Traceback: 
  File "/data1/condor_local/execute/dir_2033147/glide_3UXLiu/execute/dir_2243224/job/WMCore.zip/WMCore/Storage/StageOutMgr.py", line 187, in __call__
    pfn = self.localStageOut(lfn, fileToStage['PFN'], fileToStage.get('Checksums'))

  File "/data1/condor_local/execute/dir_2033147/glide_3UXLiu/execute/dir_2243224/job/WMCore.zip/WMCore/Storage/StageOutMgr.py", line 312, in localStageOut
    LFN=lfn, InputPFN=localPfn, TargetPFN=pfn)



2017-01-03T06:08:21 : Running the stage out...
2017-01-03T06:08:21
/bin/sh: line 1: lcg-cp: command not found

lcg-cp exit status: 127
Non-zero lcg-cp Exit status!!!
Cleaning up failed file:
2017-01-03T06:08:21
2017-01-03T06:08:21 : Command exited with status: 23

ERROR: Exception During Stage Out:

2017-01-03T06:08:21 : Command exited non-zero
Attempt 2 to stage out failed.
Automatically retrying in 300 secs
 Error details:
StageOutError
Message: 2017-01-03T06:08:21 : Command exited non-zero
	 ErrorCode : 60311
	 ModuleName : WMCore.Storage.StageOutError
	 MethodName : __init__
	 ErrorType : GeneralStageOutFailure
	 ClassInstance : None
	 FileName : /data1/condor_local/execute/dir_2033147/glide_3UXLiu/execute/dir_2243224/job/WMCore.zip/WMCore/Storage/StageOutError.py
	 ClassName : None
	 Command : #!/bin/sh
date "+%Y-%m-%dT%H:%M:%S"; lcg-cp -b -D srmv2 --vo cms --srm-timeout 2400 --sendreceive-timeout 2400 --connect-timeout 300 --verbose file:/data1/condor_local/execute/dir_2033147/glide_3UXLiu/execute/dir_2243224/job/WMTaskSpace/cmsRun2/AOD
SIMoutput.root  srm://cit-se.ultralight.org:8443/srm/v2/server?SFN=/mnt/hadoop/store/unmerged/RunIISummer16DR80Premix/GJets_HT-200To400_TuneCUETP8M1_13TeV-madgraphMLM-pythia8/AODSIM/PUMoriond17_80X_mcRun2_asymptotic_2016_TrancheIV_v6-v1/7
0005/E0AC8038-B9D1-E611-ADA7-A4BF0101F533.root 2> stageout.log
            EXIT_STATUS=$?
            cat stageout.log
            echo -e "
lcg-cp exit status: $EXIT_STATUS"
            if [[ $EXIT_STATUS != 0 ]]; then
                echo "Non-zero lcg-cp Exit status!!!"
                echo "Cleaning up failed file:"
                date "+%Y-%m-%dT%H:%M:%S";  lcg-del -b -l -D srmv2 --srm-timeout 600 --sendreceive-timeout 600 --connect-timeout 300 --vo cms srm://cit-se.ultralight.org:8443/srm/v2/server?SFN=/mnt/hadoop/store/unmerged/RunIISummer16DR80P
remix/GJets_HT-200To400_TuneCUETP8M1_13TeV-madgraphMLM-pythia8/AODSIM/PUMoriond17_80X_mcRun2_asymptotic_2016_TrancheIV_v6-v1/70005/E0AC8038-B9D1-E611-ADA7-A4BF0101F533.root
                exit 60311
            fi

            FILE_SIZE=`stat -c %s /data1/condor_local/execute/dir_2033147/glide_3UXLiu/execute/dir_2243224/job/WMTaskSpace/cmsRun2/AODSIMoutput.root`
echo "Local File Size is:  $FILE_SIZE"

            LCG_OUTPUT=`lcg-ls -l -b -D srmv2 --srm-timeout 600 --sendreceive-timeout 600 --connect-timeout 300 srm://cit-se.ultralight.org:8443/srm/v2/server?SFN=/mnt/hadoop/store/unmerged/RunIISummer16DR80Premix/GJets_HT-200To400_TuneCU
ETP8M1_13TeV-madgraphMLM-pythia8/AODSIM/PUMoriond17_80X_mcRun2_asymptotic_2016_TrancheIV_v6-v1/70005/E0AC8038-B9D1-E611-ADA7-A4BF0101F533.root 2>/dev/null`
            SRM_SIZE=`echo "$LCG_OUTPUT" | awk 'NR==1{print $5}'`
            SRM_CHECKSUM=`echo "$LCG_OUTPUT" | sed -nr 's/^.*\s([a-f0-9]{8})\s*\([aA][dD][lL][eE][rR]32\)\s*$/\1/p'`
            echo "Remote File Size is: $SRM_SIZE"
            echo "Remote Checksum is:  $SRM_CHECKSUM"
            if [[ $SRM_SIZE == $FILE_SIZE ]]; then
                
                if [[ "X$SRM_CHECKSUM" != "X" ]]; then
                    if [[ "$SRM_CHECKSUM" == "00836592" ]]; then
                        exit 0
                    else
                        echo "ERROR: Checksum Mismatch between local and SE"
                        echo "Cleaning up failed file"
                        date "+%Y-%m-%dT%H:%M:%S";  lcg-del -b -l -D srmv2 --srm-timeout 600 --sendreceive-timeout 600 --connect-timeout 300 --vo cms srm://cit-se.ultralight.org:8443/srm/v2/server?SFN=/mnt/hadoop/store/unmerged/RunIISumme
r16DR80Premix/GJets_HT-200To400_TuneCUETP8M1_13TeV-madgraphMLM-pythia8/AODSIM/PUMoriond17_80X_mcRun2_asymptotic_2016_TrancheIV_v6-v1/70005/E0AC8038-B9D1-E611-ADA7-A4BF0101F533.root
                        exit 60311
                    fi
                else
                    exit 0
                fi
                
            else
                echo $LCG_OUTPUT
                echo "ERROR: Size Mismatch between local and SE. Cleaning up failed file..."
                date "+%Y-%m-%dT%H:%M:%S";  lcg-del -b -l -D srmv2 --srm-timeout 600 --sendreceive-timeout 600 --connect-timeout 300 --vo cms srm://cit-se.ultralight.org:8443/srm/v2/server?SFN=/mnt/hadoop/store/unmerged/RunIISummer16DR80P
remix/GJets_HT-200To400_TuneCUETP8M1_13TeV-madgraphMLM-pythia8/AODSIM/PUMoriond17_80X_mcRun2_asymptotic_2016_TrancheIV_v6-v1/70005/E0AC8038-B9D1-E611-ADA7-A4BF0101F533.root
                exit 60311
            fi
            
	    LineNumber : 32
	    ErrorNr : 0
	    ExitCode : 23

Traceback: 
  File "/data1/condor_local/execute/dir_2033147/glide_3UXLiu/execute/dir_2243224/job/WMCore.zip/WMCore/Storage/StageOutImpl.py", line 213, in __call__
    self.executeCommand(command)

  File "/data1/condor_local/execute/dir_2033147/glide_3UXLiu/execute/dir_2243224/job/WMCore.zip/WMCore/Storage/StageOutImpl.py", line 91, in executeCommand
    raise StageOutError(msg, Command=command, ExitCode=exitCode)



2017-01-03T06:13:21 : Running the stage out...
2017-01-03T06:13:21
/bin/sh: line 1: lcg-cp: command not found

lcg-cp exit status: 127
Non-zero lcg-cp Exit status!!!
Cleaning up failed file:
2017-01-03T06:13:21
2017-01-03T06:13:22 : Command exited with status: 23

ERROR: Exception During Stage Out:

2017-01-03T06:13:22 : Command exited non-zero
Attempt 3 to stage out failed.
Automatically retrying in 300 secs
 Error details:
StageOutError
Message: 2017-01-03T06:13:22 : Command exited non-zero
	 ErrorCode : 60311
	 ModuleName : WMCore.Storage.StageOutError
	 MethodName : __init__
	 ErrorType : GeneralStageOutFailure
	 ClassInstance : None
	 FileName : /data1/condor_local/execute/dir_2033147/glide_3UXLiu/execute/dir_2243224/job/WMCore.zip/WMCore/Storage/StageOutError.py
	 ClassName : None
	 Command : #!/bin/sh
date "+%Y-%m-%dT%H:%M:%S"; lcg-cp -b -D srmv2 --vo cms --srm-timeout 2400 --sendreceive-timeout 2400 --connect-timeout 300 --verbose file:/data1/condor_local/execute/dir_2033147/glide_3UXLiu/execute/dir_2243224/job/WMTaskSpace/cmsRun2/AOD
SIMoutput.root  srm://cit-se.ultralight.org:8443/srm/v2/server?SFN=/mnt/hadoop/store/unmerged/RunIISummer16DR80Premix/GJets_HT-200To400_TuneCUETP8M1_13TeV-madgraphMLM-pythia8/AODSIM/PUMoriond17_80X_mcRun2_asymptotic_2016_TrancheIV_v6-v1/7
0005/E0AC8038-B9D1-E611-ADA7-A4BF0101F533.root 2> stageout.log
            EXIT_STATUS=$?
            cat stageout.log
            echo -e "
lcg-cp exit status: $EXIT_STATUS"
            if [[ $EXIT_STATUS != 0 ]]; then
                echo "Non-zero lcg-cp Exit status!!!"
                echo "Cleaning up failed file:"
                date "+%Y-%m-%dT%H:%M:%S";  lcg-del -b -l -D srmv2 --srm-timeout 600 --sendreceive-timeout 600 --connect-timeout 300 --vo cms srm://cit-se.ultralight.org:8443/srm/v2/server?SFN=/mnt/hadoop/store/unmerged/RunIISummer16DR80P
remix/GJets_HT-200To400_TuneCUETP8M1_13TeV-madgraphMLM-pythia8/AODSIM/PUMoriond17_80X_mcRun2_asymptotic_2016_TrancheIV_v6-v1/70005/E0AC8038-B9D1-E611-ADA7-A4BF0101F533.root
                exit 60311
            fi

            FILE_SIZE=`stat -c %s /data1/condor_local/execute/dir_2033147/glide_3UXLiu/execute/dir_2243224/job/WMTaskSpace/cmsRun2/AODSIMoutput.root`
echo "Local File Size is:  $FILE_SIZE"

            LCG_OUTPUT=`lcg-ls -l -b -D srmv2 --srm-timeout 600 --sendreceive-timeout 600 --connect-timeout 300 srm://cit-se.ultralight.org:8443/srm/v2/server?SFN=/mnt/hadoop/store/unmerged/RunIISummer16DR80Premix/GJets_HT-200To400_TuneCU
ETP8M1_13TeV-madgraphMLM-pythia8/AODSIM/PUMoriond17_80X_mcRun2_asymptotic_2016_TrancheIV_v6-v1/70005/E0AC8038-B9D1-E611-ADA7-A4BF0101F533.root 2>/dev/null`
            SRM_SIZE=`echo "$LCG_OUTPUT" | awk 'NR==1{print $5}'`
            SRM_CHECKSUM=`echo "$LCG_OUTPUT" | sed -nr 's/^.*\s([a-f0-9]{8})\s*\([aA][dD][lL][eE][rR]32\)\s*$/\1/p'`
            echo "Remote File Size is: $SRM_SIZE"
            echo "Remote Checksum is:  $SRM_CHECKSUM"
            if [[ $SRM_SIZE == $FILE_SIZE ]]; then
                
                if [[ "X$SRM_CHECKSUM" != "X" ]]; then
                    if [[ "$SRM_CHECKSUM" == "00836592" ]]; then
                        exit 0
                    else
                        echo "ERROR: Checksum Mismatch between local and SE"
                        echo "Cleaning up failed file"
                        date "+%Y-%m-%dT%H:%M:%S";  lcg-del -b -l -D srmv2 --srm-timeout 600 --sendreceive-timeout 600 --connect-timeout 300 --vo cms srm://cit-se.ultralight.org:8443/srm/v2/server?SFN=/mnt/hadoop/store/unmerged/RunIISumme
r16DR80Premix/GJets_HT-200To400_TuneCUETP8M1_13TeV-madgraphMLM-pythia8/AODSIM/PUMoriond17_80X_mcRun2_asymptotic_2016_TrancheIV_v6-v1/70005/E0AC8038-B9D1-E611-ADA7-A4BF0101F533.root
                        exit 60311
                    fi
                else
                    exit 0
                fi
                
            else
                echo $LCG_OUTPUT
                echo "ERROR: Size Mismatch between local and SE. Cleaning up failed file..."
                date "+%Y-%m-%dT%H:%M:%S";  lcg-del -b -l -D srmv2 --srm-timeout 600 --sendreceive-timeout 600 --connect-timeout 300 --vo cms srm://cit-se.ultralight.org:8443/srm/v2/server?SFN=/mnt/hadoop/store/unmerged/RunIISummer16DR80P
remix/GJets_HT-200To400_TuneCUETP8M1_13TeV-madgraphMLM-pythia8/AODSIM/PUMoriond17_80X_mcRun2_asymptotic_2016_TrancheIV_v6-v1/70005/E0AC8038-B9D1-E611-ADA7-A4BF0101F533.root
                exit 60311
            fi
            
	    LineNumber : 32
	    ErrorNr : 0
	    ExitCode : 23

Traceback: 
  File "/data1/condor_local/execute/dir_2033147/glide_3UXLiu/execute/dir_2243224/job/WMCore.zip/WMCore/Storage/StageOutImpl.py", line 213, in __call__
    self.executeCommand(command)

  File "/data1/condor_local/execute/dir_2033147/glide_3UXLiu/execute/dir_2243224/job/WMCore.zip/WMCore/Storage/StageOutImpl.py", line 91, in executeCommand
    raise StageOutError(msg, Command=command, ExitCode=exitCode)



Steps.Executors.StageOut.post called
Tue Jan  3 06:13:22 2017: ApMon[INFO]: Adding destination 188.184.88.94:8884 
Tue Jan  3 06:13:22 2017: ApMon[DEBUG]: Overwritting option: sys_monitoring = 0
Tue Jan  3 06:13:22 2017: ApMon[DEBUG]: Overwritting option: general_info = 0
Tue Jan  3 06:13:22 2017: ApMon[DEBUG]: Overwritting option: job_monitoring = 0
Tue Jan  3 06:13:22 2017: ApMon[NOTICE]: Adding parameter 3_ExeCPUTime = 0
Tue Jan  3 06:13:22 2017: ApMon[NOTICE]: Adding parameter 3_ExeEnd = stageOut1
Tue Jan  3 06:13:22 2017: ApMon[NOTICE]: Adding parameter 3_ExeExitCode = 99109
Tue Jan  3 06:13:22 2017: ApMon[NOTICE]: Adding parameter MessageType = jobRuntime-stepEnd
Tue Jan  3 06:13:22 2017: ApMon[NOTICE]: Adding parameter jobId = 96ef48d2-d190-11e6-b8a4-001e67abefa8-1097_0
Tue Jan  3 06:13:22 2017: ApMon[NOTICE]: Adding parameter 3_ExeWCTime = 1201.76352692
Tue Jan  3 06:13:22 2017: ApMon[NOTICE]: Adding parameter MessageTS = 2017-01-03 14:13:22
Tue Jan  3 06:13:22 2017: ApMon[NOTICE]: Adding parameter taskId = wmagent_pdmvserv_SUS-RunIISummer16DR80Premix-00129_00110_v0__161116_133916_8255
Tue Jan  3 06:13:22 2017: ApMon[NOTICE]: Adding parameter 3_NCores = 1
Tue Jan  3 06:13:22 2017: ApMon[DEBUG]: previously sent: 0; dropped: 0
Tue Jan  3 06:13:22 2017: ApMon[NOTICE]: Building XDR packet [wmagent_pdmvserv_SUS-RunIISummer16DR80Premix-00129_00110_v0__161116_133916_8255/96ef48d2-d190-11e6-b8a4-001e67abefa8-1097_0] <1/578793649> 9 params, 548 bytes.
Tue Jan  3 06:13:22 2017: ApMon[NOTICE]: Packet sent to 188.184.88.94:8884 
Tue Jan  3 06:13:22 2017: ApMon[DEBUG]: Closing UDP socket on ApMon object destroy.
Tue Jan  3 06:13:22 2017: ApMon[INFO]: Adding destination 188.184.29.203:8884 
Tue Jan  3 06:13:22 2017: ApMon[DEBUG]: Overwritting option: sys_monitoring = 0
Tue Jan  3 06:13:22 2017: ApMon[DEBUG]: Overwritting option: general_info = 0
Tue Jan  3 06:13:22 2017: ApMon[DEBUG]: Overwritting option: job_monitoring = 0
Tue Jan  3 06:13:22 2017: ApMon[NOTICE]: Adding parameter 4_stepName = logArch1
Tue Jan  3 06:13:22 2017: ApMon[NOTICE]: Adding parameter MessageType = jobRuntime-stepStart
Tue Jan  3 06:13:22 2017: ApMon[NOTICE]: Adding parameter jobId = 96ef48d2-d190-11e6-b8a4-001e67abefa8-1097_0
Tue Jan  3 06:13:22 2017: ApMon[NOTICE]: Adding parameter 4_ExeStart = logArch1
Tue Jan  3 06:13:22 2017: ApMon[NOTICE]: Adding parameter MessageTS = 2017-01-03 14:13:22
Tue Jan  3 06:13:22 2017: ApMon[NOTICE]: Adding parameter taskId = wmagent_pdmvserv_SUS-RunIISummer16DR80Premix-00129_00110_v0__161116_133916_8255
Tue Jan  3 06:13:22 2017: ApMon[DEBUG]: previously sent: 0; dropped: 0
Tue Jan  3 06:13:22 2017: ApMon[NOTICE]: Building XDR packet [wmagent_pdmvserv_SUS-RunIISummer16DR80Premix-00129_00110_v0__161116_133916_8255/96ef48d2-d190-11e6-b8a4-001e67abefa8-1097_0] <1/578793650> 6 params, 480 bytes.
Tue Jan  3 06:13:22 2017: ApMon[NOTICE]: Packet sent to 188.184.29.203:8884 
Tue Jan  3 06:13:22 2017: ApMon[DEBUG]: Closing UDP socket on ApMon object destroy.
StageOutMgr::__init__()
==== Stageout configuration start ====
Local Stage Out Implementation to be used is: srmv2-lcg
Local Stage Out PNN to be used is T2_US_UCSD
Local Stage Out Catalog to be used is trivialcatalog_file:/cvmfs/cms.cern.ch/SITECONF/local/PhEDEx/storage.xml?protocol=srmv2
Trivial File Catalog has been loaded:
	lfn-to-pfn: protocol=direct path-match-re=.*/LoadTest07_UCSD_(.*)_.*_.* result=/hadoop/cms/phedex/store/PhEDEx_LoadTest07/LoadTest07_Debug_UCSD/LoadTest07_UCSD_$1
	lfn-to-pfn: protocol=srmv2 path-match-re=.*/LoadTest07_UCSD_(.*)_.*_.* result=srm://bsrm-3.t2.ucsd.edu:8443/srm/v2/server?SFN=/hadoop/cms/phedex/store/PhEDEx_LoadTest07/LoadTest07_Debug_UCSD/LoadTest07_UCSD_$1
	lfn-to-pfn: protocol=direct path-match-re=/+store/user/(.*) result=/hadoop/cms/store/user/$1
	lfn-to-pfn: protocol=srmv2 path-match-re=/+store/user/(.*) result=srm://bsrm-3.t2.ucsd.edu:8443/srm/v2/server?SFN=/hadoop/cms/store/user/$1
	lfn-to-pfn: protocol=dcap path-match-re=/+(store/user/.*) result=/hadoop/cms/$1
	lfn-to-pfn: protocol=direct path-match-re=/+store/group/(.*) result=/hadoop/cms/store/group/$1
	lfn-to-pfn: protocol=srmv2 path-match-re=/+store/group/(.*) result=srm://bsrm-3.t2.ucsd.edu:8443/srm/v2/server?SFN=/hadoop/cms/store/group/$1
	lfn-to-pfn: protocol=dcap path-match-re=/+(store/group/.*) result=/hadoop/cms/$1
	lfn-to-pfn: protocol=direct path-match-re=/+store/unmerged/user/(.*) result=/hadoop/cms/store/unmerged/user/$1
	lfn-to-pfn: protocol=srmv2 path-match-re=/+store/unmerged/user/(.*) result=srm://bsrm-3.t2.ucsd.edu:8443/srm/v2/server?SFN=/hadoop/cms/store/unmerged/user/$1
	lfn-to-pfn: protocol=dcap path-match-re=/+(store/unmerged/user/.*) result=/hadoop/cms/$1
	lfn-to-pfn: protocol=dcap path-match-re=/+store/(.*) result=/hadoop/cms/phedex/store/$1
	lfn-to-pfn: protocol=direct path-match-re=/+store/(.*) result=/hadoop/cms/phedex/store/$1
	lfn-to-pfn: protocol=srmv2 path-match-re=/+store/(.*) result=srm://bsrm-3.t2.ucsd.edu:8443/srm/v2/server?SFN=/hadoop/cms/phedex/store/$1
	lfn-to-pfn: protocol=hadoop path-match-re=/+store/test/xrootd/T2_US_UCSD/store/(.*) result=/cms/phedex/store/$1
	lfn-to-pfn: protocol=hadoop path-match-re=(.*) result=/cms/phedex$1
	lfn-to-pfn: protocol=xrootd path-match-re=/+store/(.*) result=root://cmsxrootd.fnal.gov//store/$1
	pfn-to-lfn: protocol=srmv2 path-match-re=gsiftp://oasis-dm.sdsc.xsede.org/oasis/scratch/mtadel/temp_project/cms/store/(.*) result=/store/$1
	pfn-to-lfn: protocol=direct path-match-re=/+oasis/scratch/mtadel/temp_project/cms/store/(.*) result=/store/$1
	pfn-to-lfn: protocol=direct path-match-re=/+hadoop/cms/store/(.*) result=/store/$1
	pfn-to-lfn: protocol=srmv2 path-match-re=.*\?SFN=/hadoop/cms/store/user/(.*) result=/store/user/$1
	pfn-to-lfn: protocol=direct path-match-re=/+hadoop/cms/store/(.*) result=/store/$1
	pfn-to-lfn: protocol=srmv2 path-match-re=.*\?SFN=/hadoop/cms/store/group/(.*) result=/store/group/$1
	pfn-to-lfn: protocol=direct path-match-re=/+hadoop/cms/store/(.*) result=/store/$1
	pfn-to-lfn: protocol=srmv2 path-match-re=.*\?SFN=/hadoop/cms/store/unmerged/user/(.*) result=/store/unmerged/user/$1
	pfn-to-lfn: protocol=direct path-match-re=/+hadoop/cms/phedex/store/(.*) result=/store/$1
	pfn-to-lfn: protocol=srmv2 path-match-re=.*\?SFN=/hadoop/cms/phedex/store/(.*) result=/store/$1
	pfn-to-lfn: protocol=hadoop path-match-re=/+cms/phedex/store/(.*) result=/store/$1
There are 1 fallback stage out definitions.
      Fallback to : T2_US_Caltech using: srmv2-lcg 

==== Stageout configuration finish ====
==>Working on file: /store/unmerged/logs/prod/2017/1/3/pdmvserv_SUS-RunIISummer16DR80Premix-00129_00110_v0__161116_133916_8255/StepOneProc/0005/0/96ef48d2-d190-11e6-b8a4-001e67abefa8-1097-0-logArchive.tar.gz
===> Attempting Local Stage Out.
LFN to PFN match made:
LFN: /store/unmerged/logs/prod/2017/1/3/pdmvserv_SUS-RunIISummer16DR80Premix-00129_00110_v0__161116_133916_8255/StepOneProc/0005/0/96ef48d2-d190-11e6-b8a4-001e67abefa8-1097-0-logArchive.tar.gz
PFN: srm://bsrm-3.t2.ucsd.edu:8443/srm/v2/server?SFN=/hadoop/cms/phedex/store/unmerged/logs/prod/2017/1/3/pdmvserv_SUS-RunIISummer16DR80Premix-00129_00110_v0__161116_133916_8255/StepOneProc/0005/0/96ef48d2-d190-11e6-b8a4-001e67abefa8-1097
-0-logArchive.tar.gz

2017-01-03T06:13:24 : Creating output directory...
2017-01-03T06:13:24 : Running the stage out...
2017-01-03T06:13:24
/bin/sh: line 1: lcg-cp: command not found

lcg-cp exit status: 127
Non-zero lcg-cp Exit status!!!
Cleaning up failed file:
2017-01-03T06:13:24
2017-01-03T06:13:25 : Command exited with status: 23

ERROR: Exception During Stage Out:

2017-01-03T06:13:25 : Command exited non-zero
Attempt 1 to stage out failed.
Automatically retrying in 300 secs
 Error details:
StageOutError
Message: 2017-01-03T06:13:25 : Command exited non-zero
	 ErrorCode : 60311
	 ModuleName : WMCore.Storage.StageOutError
	 MethodName : __init__
	 ErrorType : GeneralStageOutFailure
	 ClassInstance : None
	 FileName : /data1/condor_local/execute/dir_2033147/glide_3UXLiu/execute/dir_2243224/job/WMCore.zip/WMCore/Storage/StageOutError.py
	 ClassName : None
	 Command : #!/bin/sh
date "+%Y-%m-%dT%H:%M:%S"; lcg-cp -b -D srmv2 --vo cms --srm-timeout 2400 --sendreceive-timeout 2400 --connect-timeout 300 --verbose file:/data1/condor_local/execute/dir_2033147/glide_3UXLiu/execute/dir_2243224/job/WMTaskSpace/logArch1/lo
gArchive.tar.gz  srm://bsrm-3.t2.ucsd.edu:8443/srm/v2/server?SFN=/hadoop/cms/phedex/store/unmerged/logs/prod/2017/1/3/pdmvserv_SUS-RunIISummer16DR80Premix-00129_00110_v0__161116_133916_8255/StepOneProc/0005/0/96ef48d2-d190-11e6-b8a4-001e6
7abefa8-1097-0-logArchive.tar.gz 2> stageout.log
            EXIT_STATUS=$?
            cat stageout.log
            echo -e "
lcg-cp exit status: $EXIT_STATUS"
            if [[ $EXIT_STATUS != 0 ]]; then
                echo "Non-zero lcg-cp Exit status!!!"
                echo "Cleaning up failed file:"
                date "+%Y-%m-%dT%H:%M:%S";  lcg-del -b -l -D srmv2 --srm-timeout 600 --sendreceive-timeout 600 --connect-timeout 300 --vo cms srm://bsrm-3.t2.ucsd.edu:8443/srm/v2/server?SFN=/hadoop/cms/phedex/store/unmerged/logs/prod/2017
/1/3/pdmvserv_SUS-RunIISummer16DR80Premix-00129_00110_v0__161116_133916_8255/StepOneProc/0005/0/96ef48d2-d190-11e6-b8a4-001e67abefa8-1097-0-logArchive.tar.gz
                exit 60311
            fi

            FILE_SIZE=`stat -c %s /data1/condor_local/execute/dir_2033147/glide_3UXLiu/execute/dir_2243224/job/WMTaskSpace/logArch1/logArchive.tar.gz`
echo "Local File Size is:  $FILE_SIZE"

            LCG_OUTPUT=`lcg-ls -l -b -D srmv2 --srm-timeout 600 --sendreceive-timeout 600 --connect-timeout 300 srm://bsrm-3.t2.ucsd.edu:8443/srm/v2/server?SFN=/hadoop/cms/phedex/store/unmerged/logs/prod/2017/1/3/pdmvserv_SUS-RunIISummer1
6DR80Premix-00129_00110_v0__161116_133916_8255/StepOneProc/0005/0/96ef48d2-d190-11e6-b8a4-001e67abefa8-1097-0-logArchive.tar.gz 2>/dev/null`
            SRM_SIZE=`echo "$LCG_OUTPUT" | awk 'NR==1{print $5}'`
            SRM_CHECKSUM=`echo "$LCG_OUTPUT" | sed -nr 's/^.*\s([a-f0-9]{8})\s*\([aA][dD][lL][eE][rR]32\)\s*$/\1/p'`
            echo "Remote File Size is: $SRM_SIZE"
            echo "Remote Checksum is:  $SRM_CHECKSUM"
            if [[ $SRM_SIZE == $FILE_SIZE ]]; then
                exit 0
            else
                echo $LCG_OUTPUT
                echo "ERROR: Size Mismatch between local and SE. Cleaning up failed file..."
                date "+%Y-%m-%dT%H:%M:%S";  lcg-del -b -l -D srmv2 --srm-timeout 600 --sendreceive-timeout 600 --connect-timeout 300 --vo cms srm://bsrm-3.t2.ucsd.edu:8443/srm/v2/server?SFN=/hadoop/cms/phedex/store/unmerged/logs/prod/2017
/1/3/pdmvserv_SUS-RunIISummer16DR80Premix-00129_00110_v0__161116_133916_8255/StepOneProc/0005/0/96ef48d2-d190-11e6-b8a4-001e67abefa8-1097-0-logArchive.tar.gz
                exit 60311
            fi
            
	    LineNumber : 32
	    ErrorNr : 0
	    ExitCode : 23

Traceback: 



2017-01-03T06:18:25 : Running the stage out...
2017-01-03T06:18:25
/bin/sh: line 1: lcg-cp: command not found

lcg-cp exit status: 127
Non-zero lcg-cp Exit status!!!
Cleaning up failed file:
2017-01-03T06:18:25
2017-01-03T06:18:25 : Command exited with status: 23

ERROR: Exception During Stage Out:

2017-01-03T06:18:25 : Command exited non-zero
Attempt 2 to stage out failed.
Automatically retrying in 300 secs
 Error details:
StageOutError
Message: 2017-01-03T06:18:25 : Command exited non-zero
	 ErrorCode : 60311
	 ModuleName : WMCore.Storage.StageOutError
	 MethodName : __init__
	 ErrorType : GeneralStageOutFailure
	 ClassInstance : None
	 FileName : /data1/condor_local/execute/dir_2033147/glide_3UXLiu/execute/dir_2243224/job/WMCore.zip/WMCore/Storage/StageOutError.py
	 ClassName : None
	 Command : #!/bin/sh
date "+%Y-%m-%dT%H:%M:%S"; lcg-cp -b -D srmv2 --vo cms --srm-timeout 2400 --sendreceive-timeout 2400 --connect-timeout 300 --verbose file:/data1/condor_local/execute/dir_2033147/glide_3UXLiu/execute/dir_2243224/job/WMTaskSpace/logArch1/lo
gArchive.tar.gz  srm://bsrm-3.t2.ucsd.edu:8443/srm/v2/server?SFN=/hadoop/cms/phedex/store/unmerged/logs/prod/2017/1/3/pdmvserv_SUS-RunIISummer16DR80Premix-00129_00110_v0__161116_133916_8255/StepOneProc/0005/0/96ef48d2-d190-11e6-b8a4-001e6
7abefa8-1097-0-logArchive.tar.gz 2> stageout.log
            EXIT_STATUS=$?
            cat stageout.log
            echo -e "
lcg-cp exit status: $EXIT_STATUS"
            if [[ $EXIT_STATUS != 0 ]]; then
                echo "Non-zero lcg-cp Exit status!!!"
                echo "Cleaning up failed file:"
                date "+%Y-%m-%dT%H:%M:%S";  lcg-del -b -l -D srmv2 --srm-timeout 600 --sendreceive-timeout 600 --connect-timeout 300 --vo cms srm://bsrm-3.t2.ucsd.edu:8443/srm/v2/server?SFN=/hadoop/cms/phedex/store/unmerged/logs/prod/2017
/1/3/pdmvserv_SUS-RunIISummer16DR80Premix-00129_00110_v0__161116_133916_8255/StepOneProc/0005/0/96ef48d2-d190-11e6-b8a4-001e67abefa8-1097-0-logArchive.tar.gz
                exit 60311
            fi

            FILE_SIZE=`stat -c %s /data1/condor_local/execute/dir_2033147/glide_3UXLiu/execute/dir_2243224/job/WMTaskSpace/logArch1/logArchive.tar.gz`
echo "Local File Size is:  $FILE_SIZE"

            LCG_OUTPUT=`lcg-ls -l -b -D srmv2 --srm-timeout 600 --sendreceive-timeout 600 --connect-timeout 300 srm://bsrm-3.t2.ucsd.edu:8443/srm/v2/server?SFN=/hadoop/cms/phedex/store/unmerged/logs/prod/2017/1/3/pdmvserv_SUS-RunIISummer1
6DR80Premix-00129_00110_v0__161116_133916_8255/StepOneProc/0005/0/96ef48d2-d190-11e6-b8a4-001e67abefa8-1097-0-logArchive.tar.gz 2>/dev/null`
            SRM_SIZE=`echo "$LCG_OUTPUT" | awk 'NR==1{print $5}'`
            SRM_CHECKSUM=`echo "$LCG_OUTPUT" | sed -nr 's/^.*\s([a-f0-9]{8})\s*\([aA][dD][lL][eE][rR]32\)\s*$/\1/p'`
            echo "Remote File Size is: $SRM_SIZE"
            echo "Remote Checksum is:  $SRM_CHECKSUM"
            if [[ $SRM_SIZE == $FILE_SIZE ]]; then
                exit 0
            else
                echo $LCG_OUTPUT
                echo "ERROR: Size Mismatch between local and SE. Cleaning up failed file..."
                date "+%Y-%m-%dT%H:%M:%S";  lcg-del -b -l -D srmv2 --srm-timeout 600 --sendreceive-timeout 600 --connect-timeout 300 --vo cms srm://bsrm-3.t2.ucsd.edu:8443/srm/v2/server?SFN=/hadoop/cms/phedex/store/unmerged/logs/prod/2017
/1/3/pdmvserv_SUS-RunIISummer16DR80Premix-00129_00110_v0__161116_133916_8255/StepOneProc/0005/0/96ef48d2-d190-11e6-b8a4-001e67abefa8-1097-0-logArchive.tar.gz
                exit 60311
            fi
            
	    LineNumber : 32
	    ErrorNr : 0
	    ExitCode : 23

Traceback: 
  File "/data1/condor_local/execute/dir_2033147/glide_3UXLiu/execute/dir_2243224/job/WMCore.zip/WMCore/Storage/StageOutImpl.py", line 213, in __call__
    self.executeCommand(command)

  File "/data1/condor_local/execute/dir_2033147/glide_3UXLiu/execute/dir_2243224/job/WMCore.zip/WMCore/Storage/StageOutImpl.py", line 91, in executeCommand
    raise StageOutError(msg, Command=command, ExitCode=exitCode)



2017-01-03T06:23:25 : Running the stage out...
2017-01-03T06:23:25
/bin/sh: line 1: lcg-cp: command not found

lcg-cp exit status: 127
Non-zero lcg-cp Exit status!!!
Cleaning up failed file:
2017-01-03T06:23:25
2017-01-03T06:23:25 : Command exited with status: 23

ERROR: Exception During Stage Out:

2017-01-03T06:23:25 : Command exited non-zero
Attempt 3 to stage out failed.
Automatically retrying in 300 secs
 Error details:
StageOutError
Message: 2017-01-03T06:23:25 : Command exited non-zero
	 ErrorCode : 60311
	 ModuleName : WMCore.Storage.StageOutError
	 MethodName : __init__
	 ErrorType : GeneralStageOutFailure
	 ClassInstance : None
	 FileName : /data1/condor_local/execute/dir_2033147/glide_3UXLiu/execute/dir_2243224/job/WMCore.zip/WMCore/Storage/StageOutError.py
	 ClassName : None
	 Command : #!/bin/sh
date "+%Y-%m-%dT%H:%M:%S"; lcg-cp -b -D srmv2 --vo cms --srm-timeout 2400 --sendreceive-timeout 2400 --connect-timeout 300 --verbose file:/data1/condor_local/execute/dir_2033147/glide_3UXLiu/execute/dir_2243224/job/WMTaskSpace/logArch1/lo
gArchive.tar.gz  srm://bsrm-3.t2.ucsd.edu:8443/srm/v2/server?SFN=/hadoop/cms/phedex/store/unmerged/logs/prod/2017/1/3/pdmvserv_SUS-RunIISummer16DR80Premix-00129_00110_v0__161116_133916_8255/StepOneProc/0005/0/96ef48d2-d190-11e6-b8a4-001e6
7abefa8-1097-0-logArchive.tar.gz 2> stageout.log
            EXIT_STATUS=$?
            cat stageout.log
            echo -e "
lcg-cp exit status: $EXIT_STATUS"
            if [[ $EXIT_STATUS != 0 ]]; then
                echo "Non-zero lcg-cp Exit status!!!"
                echo "Cleaning up failed file:"
                date "+%Y-%m-%dT%H:%M:%S";  lcg-del -b -l -D srmv2 --srm-timeout 600 --sendreceive-timeout 600 --connect-timeout 300 --vo cms srm://bsrm-3.t2.ucsd.edu:8443/srm/v2/server?SFN=/hadoop/cms/phedex/store/unmerged/logs/prod/2017
/1/3/pdmvserv_SUS-RunIISummer16DR80Premix-00129_00110_v0__161116_133916_8255/StepOneProc/0005/0/96ef48d2-d190-11e6-b8a4-001e67abefa8-1097-0-logArchive.tar.gz
                exit 60311
            fi

            FILE_SIZE=`stat -c %s /data1/condor_local/execute/dir_2033147/glide_3UXLiu/execute/dir_2243224/job/WMTaskSpace/logArch1/logArchive.tar.gz`
echo "Local File Size is:  $FILE_SIZE"

            LCG_OUTPUT=`lcg-ls -l -b -D srmv2 --srm-timeout 600 --sendreceive-timeout 600 --connect-timeout 300 srm://bsrm-3.t2.ucsd.edu:8443/srm/v2/server?SFN=/hadoop/cms/phedex/store/unmerged/logs/prod/2017/1/3/pdmvserv_SUS-RunIISummer1
6DR80Premix-00129_00110_v0__161116_133916_8255/StepOneProc/0005/0/96ef48d2-d190-11e6-b8a4-001e67abefa8-1097-0-logArchive.tar.gz 2>/dev/null`
            SRM_SIZE=`echo "$LCG_OUTPUT" | awk 'NR==1{print $5}'`
            SRM_CHECKSUM=`echo "$LCG_OUTPUT" | sed -nr 's/^.*\s([a-f0-9]{8})\s*\([aA][dD][lL][eE][rR]32\)\s*$/\1/p'`
            echo "Remote File Size is: $SRM_SIZE"
            echo "Remote Checksum is:  $SRM_CHECKSUM"
            if [[ $SRM_SIZE == $FILE_SIZE ]]; then
                exit 0
            else
                echo $LCG_OUTPUT
                echo "ERROR: Size Mismatch between local and SE. Cleaning up failed file..."
                date "+%Y-%m-%dT%H:%M:%S";  lcg-del -b -l -D srmv2 --srm-timeout 600 --sendreceive-timeout 600 --connect-timeout 300 --vo cms srm://bsrm-3.t2.ucsd.edu:8443/srm/v2/server?SFN=/hadoop/cms/phedex/store/unmerged/logs/prod/2017
/1/3/pdmvserv_SUS-RunIISummer16DR80Premix-00129_00110_v0__161116_133916_8255/StepOneProc/0005/0/96ef48d2-d190-11e6-b8a4-001e67abefa8-1097-0-logArchive.tar.gz
                exit 60311
            fi
            
	    LineNumber : 32
	    ErrorNr : 0
	    ExitCode : 23

Traceback: 
  File "/data1/condor_local/execute/dir_2033147/glide_3UXLiu/execute/dir_2243224/job/WMCore.zip/WMCore/Storage/StageOutImpl.py", line 213, in __call__
    self.executeCommand(command)

  File "/data1/condor_local/execute/dir_2033147/glide_3UXLiu/execute/dir_2243224/job/WMCore.zip/WMCore/Storage/StageOutImpl.py", line 91, in executeCommand
    raise StageOutError(msg, Command=command, ExitCode=exitCode)



===> Local Stage Out Failure for file:
======>  /store/unmerged/logs/prod/2017/1/3/pdmvserv_SUS-RunIISummer16DR80Premix-00129_00110_v0__161116_133916_8255/StepOneProc/0005/0/96ef48d2-d190-11e6-b8a4-001e67abefa8-1097-0-logArchive.tar.gz

===> Attempting 1 Fallback Stage Outs
2017-01-03T06:23:25 : Creating output directory...
2017-01-03T06:23:25 : Running the stage out...
2017-01-03T06:23:25
/bin/sh: line 1: lcg-cp: command not found

lcg-cp exit status: 127
Non-zero lcg-cp Exit status!!!
Cleaning up failed file:
2017-01-03T06:23:25
2017-01-03T06:23:25 : Command exited with status: 23

ERROR: Exception During Stage Out:

2017-01-03T06:23:25 : Command exited non-zero
Attempt 1 to stage out failed.
Automatically retrying in 300 secs
 Error details:
StageOutError
Message: 2017-01-03T06:23:25 : Command exited non-zero
	 ErrorCode : 60311
	 ModuleName : WMCore.Storage.StageOutError
	 MethodName : __init__
	 ErrorType : GeneralStageOutFailure
	 ClassInstance : None
	 FileName : /data1/condor_local/execute/dir_2033147/glide_3UXLiu/execute/dir_2243224/job/WMCore.zip/WMCore/Storage/StageOutError.py
	 ClassName : None
	 Command : #!/bin/sh
date "+%Y-%m-%dT%H:%M:%S"; lcg-cp -b -D srmv2 --vo cms --srm-timeout 2400 --sendreceive-timeout 2400 --connect-timeout 300 --verbose file:/data1/condor_local/execute/dir_2033147/glide_3UXLiu/execute/dir_2243224/job/WMTaskSpace/logArch1/lo
gArchive.tar.gz  srm://cit-se.ultralight.org:8443/srm/v2/server?SFN=/mnt/hadoop/store/unmerged/logs/prod/2017/1/3/pdmvserv_SUS-RunIISummer16DR80Premix-00129_00110_v0__161116_133916_8255/StepOneProc/0005/0/96ef48d2-d190-11e6-b8a4-001e67abe
fa8-1097-0-logArchive.tar.gz 2> stageout.log
            EXIT_STATUS=$?
            cat stageout.log
            echo -e "
lcg-cp exit status: $EXIT_STATUS"
            if [[ $EXIT_STATUS != 0 ]]; then
                echo "Non-zero lcg-cp Exit status!!!"
                echo "Cleaning up failed file:"
                date "+%Y-%m-%dT%H:%M:%S";  lcg-del -b -l -D srmv2 --srm-timeout 600 --sendreceive-timeout 600 --connect-timeout 300 --vo cms srm://cit-se.ultralight.org:8443/srm/v2/server?SFN=/mnt/hadoop/store/unmerged/logs/prod/2017/1/3
/pdmvserv_SUS-RunIISummer16DR80Premix-00129_00110_v0__161116_133916_8255/StepOneProc/0005/0/96ef48d2-d190-11e6-b8a4-001e67abefa8-1097-0-logArchive.tar.gz
                exit 60311
            fi

            FILE_SIZE=`stat -c %s /data1/condor_local/execute/dir_2033147/glide_3UXLiu/execute/dir_2243224/job/WMTaskSpace/logArch1/logArchive.tar.gz`
echo "Local File Size is:  $FILE_SIZE"

            LCG_OUTPUT=`lcg-ls -l -b -D srmv2 --srm-timeout 600 --sendreceive-timeout 600 --connect-timeout 300 srm://cit-se.ultralight.org:8443/srm/v2/server?SFN=/mnt/hadoop/store/unmerged/logs/prod/2017/1/3/pdmvserv_SUS-RunIISummer16DR8
0Premix-00129_00110_v0__161116_133916_8255/StepOneProc/0005/0/96ef48d2-d190-11e6-b8a4-001e67abefa8-1097-0-logArchive.tar.gz 2>/dev/null`
            SRM_SIZE=`echo "$LCG_OUTPUT" | awk 'NR==1{print $5}'`
            SRM_CHECKSUM=`echo "$LCG_OUTPUT" | sed -nr 's/^.*\s([a-f0-9]{8})\s*\([aA][dD][lL][eE][rR]32\)\s*$/\1/p'`
            echo "Remote File Size is: $SRM_SIZE"
            echo "Remote Checksum is:  $SRM_CHECKSUM"
            if [[ $SRM_SIZE == $FILE_SIZE ]]; then
                exit 0
            else
                echo $LCG_OUTPUT
                echo "ERROR: Size Mismatch between local and SE. Cleaning up failed file..."
                date "+%Y-%m-%dT%H:%M:%S";  lcg-del -b -l -D srmv2 --srm-timeout 600 --sendreceive-timeout 600 --connect-timeout 300 --vo cms srm://cit-se.ultralight.org:8443/srm/v2/server?SFN=/mnt/hadoop/store/unmerged/logs/prod/2017/1/3
/pdmvserv_SUS-RunIISummer16DR80Premix-00129_00110_v0__161116_133916_8255/StepOneProc/0005/0/96ef48d2-d190-11e6-b8a4-001e67abefa8-1097-0-logArchive.tar.gz
                exit 60311
            fi
            
	    LineNumber : 32
	    ErrorNr : 0
	    ExitCode : 23

Traceback: 
  File "/data1/condor_local/execute/dir_2033147/glide_3UXLiu/execute/dir_2243224/job/WMCore.zip/WMCore/Storage/StageOutMgr.py", line 187, in __call__
    pfn = self.localStageOut(lfn, fileToStage['PFN'], fileToStage.get('Checksums'))

  File "/data1/condor_local/execute/dir_2033147/glide_3UXLiu/execute/dir_2243224/job/WMCore.zip/WMCore/Storage/StageOutMgr.py", line 312, in localStageOut
    LFN=lfn, InputPFN=localPfn, TargetPFN=pfn)



2017-01-03T06:28:26 : Running the stage out...
2017-01-03T06:28:26
/bin/sh: line 1: lcg-cp: command not found

lcg-cp exit status: 127
Non-zero lcg-cp Exit status!!!
Cleaning up failed file:
2017-01-03T06:28:26
2017-01-03T06:28:26 : Command exited with status: 23

ERROR: Exception During Stage Out:

2017-01-03T06:28:26 : Command exited non-zero
Attempt 2 to stage out failed.
Automatically retrying in 300 secs
 Error details:
StageOutError
Message: 2017-01-03T06:28:26 : Command exited non-zero
	 ErrorCode : 60311
	 ModuleName : WMCore.Storage.StageOutError
	 MethodName : __init__
	 ErrorType : GeneralStageOutFailure
	 ClassInstance : None
	 FileName : /data1/condor_local/execute/dir_2033147/glide_3UXLiu/execute/dir_2243224/job/WMCore.zip/WMCore/Storage/StageOutError.py
	 ClassName : None
	 Command : #!/bin/sh
date "+%Y-%m-%dT%H:%M:%S"; lcg-cp -b -D srmv2 --vo cms --srm-timeout 2400 --sendreceive-timeout 2400 --connect-timeout 300 --verbose file:/data1/condor_local/execute/dir_2033147/glide_3UXLiu/execute/dir_2243224/job/WMTaskSpace/logArch1/lo
gArchive.tar.gz  srm://cit-se.ultralight.org:8443/srm/v2/server?SFN=/mnt/hadoop/store/unmerged/logs/prod/2017/1/3/pdmvserv_SUS-RunIISummer16DR80Premix-00129_00110_v0__161116_133916_8255/StepOneProc/0005/0/96ef48d2-d190-11e6-b8a4-001e67abe
fa8-1097-0-logArchive.tar.gz 2> stageout.log
            EXIT_STATUS=$?
            cat stageout.log
            echo -e "
lcg-cp exit status: $EXIT_STATUS"
            if [[ $EXIT_STATUS != 0 ]]; then
                echo "Non-zero lcg-cp Exit status!!!"
                echo "Cleaning up failed file:"
                date "+%Y-%m-%dT%H:%M:%S";  lcg-del -b -l -D srmv2 --srm-timeout 600 --sendreceive-timeout 600 --connect-timeout 300 --vo cms srm://cit-se.ultralight.org:8443/srm/v2/server?SFN=/mnt/hadoop/store/unmerged/logs/prod/2017/1/3
/pdmvserv_SUS-RunIISummer16DR80Premix-00129_00110_v0__161116_133916_8255/StepOneProc/0005/0/96ef48d2-d190-11e6-b8a4-001e67abefa8-1097-0-logArchive.tar.gz
                exit 60311
            fi

            FILE_SIZE=`stat -c %s /data1/condor_local/execute/dir_2033147/glide_3UXLiu/execute/dir_2243224/job/WMTaskSpace/logArch1/logArchive.tar.gz`
echo "Local File Size is:  $FILE_SIZE"

            LCG_OUTPUT=`lcg-ls -l -b -D srmv2 --srm-timeout 600 --sendreceive-timeout 600 --connect-timeout 300 srm://cit-se.ultralight.org:8443/srm/v2/server?SFN=/mnt/hadoop/store/unmerged/logs/prod/2017/1/3/pdmvserv_SUS-RunIISummer16DR8
0Premix-00129_00110_v0__161116_133916_8255/StepOneProc/0005/0/96ef48d2-d190-11e6-b8a4-001e67abefa8-1097-0-logArchive.tar.gz 2>/dev/null`
            SRM_SIZE=`echo "$LCG_OUTPUT" | awk 'NR==1{print $5}'`
            SRM_CHECKSUM=`echo "$LCG_OUTPUT" | sed -nr 's/^.*\s([a-f0-9]{8})\s*\([aA][dD][lL][eE][rR]32\)\s*$/\1/p'`
            echo "Remote File Size is: $SRM_SIZE"
            echo "Remote Checksum is:  $SRM_CHECKSUM"
            if [[ $SRM_SIZE == $FILE_SIZE ]]; then
                exit 0
            else
                echo $LCG_OUTPUT
                echo "ERROR: Size Mismatch between local and SE. Cleaning up failed file..."
                date "+%Y-%m-%dT%H:%M:%S";  lcg-del -b -l -D srmv2 --srm-timeout 600 --sendreceive-timeout 600 --connect-timeout 300 --vo cms srm://cit-se.ultralight.org:8443/srm/v2/server?SFN=/mnt/hadoop/store/unmerged/logs/prod/2017/1/3
/pdmvserv_SUS-RunIISummer16DR80Premix-00129_00110_v0__161116_133916_8255/StepOneProc/0005/0/96ef48d2-d190-11e6-b8a4-001e67abefa8-1097-0-logArchive.tar.gz
                exit 60311
            fi
            
	    LineNumber : 32
	    ErrorNr : 0
	    ExitCode : 23

Traceback: 
  File "/data1/condor_local/execute/dir_2033147/glide_3UXLiu/execute/dir_2243224/job/WMCore.zip/WMCore/Storage/StageOutImpl.py", line 213, in __call__
    self.executeCommand(command)

  File "/data1/condor_local/execute/dir_2033147/glide_3UXLiu/execute/dir_2243224/job/WMCore.zip/WMCore/Storage/StageOutImpl.py", line 91, in executeCommand
    raise StageOutError(msg, Command=command, ExitCode=exitCode)



2017-01-03T06:33:26 : Running the stage out...
2017-01-03T06:33:26
/bin/sh: line 1: lcg-cp: command not found

lcg-cp exit status: 127
Non-zero lcg-cp Exit status!!!
Cleaning up failed file:
2017-01-03T06:33:26
2017-01-03T06:33:26 : Command exited with status: 23

ERROR: Exception During Stage Out:

2017-01-03T06:33:26 : Command exited non-zero
Attempt 3 to stage out failed.
Automatically retrying in 300 secs
 Error details:
StageOutError
Message: 2017-01-03T06:33:26 : Command exited non-zero
	 ErrorCode : 60311
	 ModuleName : WMCore.Storage.StageOutError
	 MethodName : __init__
	 ErrorType : GeneralStageOutFailure
	 ClassInstance : None
	 FileName : /data1/condor_local/execute/dir_2033147/glide_3UXLiu/execute/dir_2243224/job/WMCore.zip/WMCore/Storage/StageOutError.py
	 ClassName : None
	 Command : #!/bin/sh
date "+%Y-%m-%dT%H:%M:%S"; lcg-cp -b -D srmv2 --vo cms --srm-timeout 2400 --sendreceive-timeout 2400 --connect-timeout 300 --verbose file:/data1/condor_local/execute/dir_2033147/glide_3UXLiu/execute/dir_2243224/job/WMTaskSpace/logArch1/lo
gArchive.tar.gz  srm://cit-se.ultralight.org:8443/srm/v2/server?SFN=/mnt/hadoop/store/unmerged/logs/prod/2017/1/3/pdmvserv_SUS-RunIISummer16DR80Premix-00129_00110_v0__161116_133916_8255/StepOneProc/0005/0/96ef48d2-d190-11e6-b8a4-001e67abe
fa8-1097-0-logArchive.tar.gz 2> stageout.log
            EXIT_STATUS=$?
            cat stageout.log
            echo -e "
lcg-cp exit status: $EXIT_STATUS"
            if [[ $EXIT_STATUS != 0 ]]; then
                echo "Non-zero lcg-cp Exit status!!!"
                echo "Cleaning up failed file:"
                date "+%Y-%m-%dT%H:%M:%S";  lcg-del -b -l -D srmv2 --srm-timeout 600 --sendreceive-timeout 600 --connect-timeout 300 --vo cms srm://cit-se.ultralight.org:8443/srm/v2/server?SFN=/mnt/hadoop/store/unmerged/logs/prod/2017/1/3
/pdmvserv_SUS-RunIISummer16DR80Premix-00129_00110_v0__161116_133916_8255/StepOneProc/0005/0/96ef48d2-d190-11e6-b8a4-001e67abefa8-1097-0-logArchive.tar.gz
                exit 60311
            fi

            FILE_SIZE=`stat -c %s /data1/condor_local/execute/dir_2033147/glide_3UXLiu/execute/dir_2243224/job/WMTaskSpace/logArch1/logArchive.tar.gz`
echo "Local File Size is:  $FILE_SIZE"

            LCG_OUTPUT=`lcg-ls -l -b -D srmv2 --srm-timeout 600 --sendreceive-timeout 600 --connect-timeout 300 srm://cit-se.ultralight.org:8443/srm/v2/server?SFN=/mnt/hadoop/store/unmerged/logs/prod/2017/1/3/pdmvserv_SUS-RunIISummer16DR8
0Premix-00129_00110_v0__161116_133916_8255/StepOneProc/0005/0/96ef48d2-d190-11e6-b8a4-001e67abefa8-1097-0-logArchive.tar.gz 2>/dev/null`
            SRM_SIZE=`echo "$LCG_OUTPUT" | awk 'NR==1{print $5}'`
            SRM_CHECKSUM=`echo "$LCG_OUTPUT" | sed -nr 's/^.*\s([a-f0-9]{8})\s*\([aA][dD][lL][eE][rR]32\)\s*$/\1/p'`
            echo "Remote File Size is: $SRM_SIZE"
            echo "Remote Checksum is:  $SRM_CHECKSUM"
            if [[ $SRM_SIZE == $FILE_SIZE ]]; then
                exit 0
            else
                echo $LCG_OUTPUT
                echo "ERROR: Size Mismatch between local and SE. Cleaning up failed file..."
                date "+%Y-%m-%dT%H:%M:%S";  lcg-del -b -l -D srmv2 --srm-timeout 600 --sendreceive-timeout 600 --connect-timeout 300 --vo cms srm://cit-se.ultralight.org:8443/srm/v2/server?SFN=/mnt/hadoop/store/unmerged/logs/prod/2017/1/3
/pdmvserv_SUS-RunIISummer16DR80Premix-00129_00110_v0__161116_133916_8255/StepOneProc/0005/0/96ef48d2-d190-11e6-b8a4-001e67abefa8-1097-0-logArchive.tar.gz
                exit 60311
            fi
            
	    LineNumber : 32
	    ErrorNr : 0
	    ExitCode : 23

Traceback: 
  File "/data1/condor_local/execute/dir_2033147/glide_3UXLiu/execute/dir_2243224/job/WMCore.zip/WMCore/Storage/StageOutImpl.py", line 213, in __call__
    self.executeCommand(command)

  File "/data1/condor_local/execute/dir_2033147/glide_3UXLiu/execute/dir_2243224/job/WMCore.zip/WMCore/Storage/StageOutImpl.py", line 91, in executeCommand
    raise StageOutError(msg, Command=command, ExitCode=exitCode)



Tue Jan  3 06:33:26 2017: ApMon[INFO]: Adding destination 188.184.29.203:8884 
Tue Jan  3 06:33:26 2017: ApMon[DEBUG]: Overwritting option: sys_monitoring = 0
Tue Jan  3 06:33:26 2017: ApMon[DEBUG]: Overwritting option: general_info = 0
Tue Jan  3 06:33:26 2017: ApMon[DEBUG]: Overwritting option: job_monitoring = 0
Tue Jan  3 06:33:26 2017: ApMon[NOTICE]: Adding parameter JobExitReason = Step stageOut1 failed in the WN
Tue Jan  3 06:33:26 2017: ApMon[NOTICE]: Adding parameter ExeEnd = stageOut1
Tue Jan  3 06:33:26 2017: ApMon[NOTICE]: Adding parameter WrapperCPUTime = 7646.23
Tue Jan  3 06:33:26 2017: ApMon[NOTICE]: Adding parameter MessageType = jobRuntime-jobEnd
Tue Jan  3 06:33:26 2017: ApMon[NOTICE]: Adding parameter jobId = 96ef48d2-d190-11e6-b8a4-001e67abefa8-1097_0
Tue Jan  3 06:33:26 2017: ApMon[NOTICE]: Adding parameter WrapperWCTime = 4027.4956708
Tue Jan  3 06:33:26 2017: ApMon[NOTICE]: Adding parameter MessageTS = 2017-01-03 14:33:26
Tue Jan  3 06:33:26 2017: ApMon[NOTICE]: Adding parameter JobExitCode = 99109
Tue Jan  3 06:33:26 2017: ApMon[NOTICE]: Adding parameter taskId = wmagent_pdmvserv_SUS-RunIISummer16DR80Premix-00129_00110_v0__161116_133916_8255
Tue Jan  3 06:33:26 2017: ApMon[NOTICE]: Adding parameter NCores = 4
Tue Jan  3 06:33:26 2017: ApMon[DEBUG]: previously sent: 0; dropped: 0
Tue Jan  3 06:33:26 2017: ApMon[NOTICE]: Building XDR packet [wmagent_pdmvserv_SUS-RunIISummer16DR80Premix-00129_00110_v0__161116_133916_8255/96ef48d2-d190-11e6-b8a4-001e67abefa8-1097_0] <1/578793608> 10 params, 616 bytes.
Tue Jan  3 06:33:26 2017: ApMon[NOTICE]: Packet sent to 188.184.29.203:8884 
Tue Jan  3 06:33:26 2017: ApMon[DEBUG]: Closing UDP socket on ApMon object destroy.
Startup.py : 2017-01-03T06:33:26 : completing task
Startup.py : 2017-01-03T06:33:26 : shutting down monitor
======== WMAgent Run the job FINISH at Tue Jan  3 14:33:26 GMT 2017 ========

WMAgent bootstrap: WMAgent finished the job, it's copying the pickled report
total 72
-rw-rw-r--. 1 guser1 guser1 45803 Jan  3 06:33 Report.0.pkl
-rw-rw-r--. 1 guser1 guser1   390 Jan  3 05:06 __init__.py
-rw-rw-r--. 1 guser1 guser1   672 Jan  3 05:06 __init__.pyc
drwxrwxr-x. 3 guser1 guser1  4096 Jan  3 05:32 cmsRun1
drwxrwxr-x. 3 guser1 guser1  4096 Jan  3 05:53 cmsRun2
drwxrwxr-x. 2 guser1 guser1  4096 Jan  3 06:33 logArch1
drwxrwxr-x. 2 guser1 guser1  4096 Jan  3 06:13 stageOut1
-rw-rw-r--. 1 guser1 guser1 45803 Jan  3 06:33 WMTaskSpace/Report.0.pkl
-rw-rw-r--. 1 guser1 guser1   390 Jan  3 05:06 WMTaskSpace/__init__.py
-rw-rw-r--. 1 guser1 guser1   672 Jan  3 05:06 WMTaskSpace/__init__.pyc

WMTaskSpace/cmsRun1:
total 1255648
drwxr-xr-x. 16 guser1 guser1       4096 Jan  3 05:06 CMSSW_8_0_21
-rw-rw-r--.  1 guser1 guser1      68799 Jan  3 05:32 FrameworkJobReport.xml
-rw-rw-r--.  1 guser1 guser1 1211868683 Jan  3 05:32 PREMIXRAWoutput.root
-rw-rw-r--.  1 guser1 guser1   31172751 Jan  3 05:06 PSet.pkl
-rw-r--r--.  1 guser1 guser1        132 Jan  3 05:06 PSet.py
-rw-r--r--.  1 guser1 guser1       5092 Jan  3 05:06 PSet.pyc
-rw-rw-r--.  1 guser1 guser1      18818 Jan  3 06:13 Report.pkl
-rw-rw-r--.  1 guser1 guser1        342 Jan  3 05:06 __init__.py
-rw-rw-r--.  1 guser1 guser1        652 Jan  3 05:06 __init__.pyc
-rw-rw-r--.  1 guser1 guser1       2307 Jan  3 05:06 cmsRun1-main.sh
-rw-rw-r--.  1 guser1 guser1        292 Jan  3 05:06 cmsRun1-stderr.log
-rw-rw-r--.  1 guser1 guser1   10036983 Jan  3 05:32 cmsRun1-stdout.log
-rw-r--r--.  1 guser1 guser1   32556003 Jan  3 05:06 pileupconf.json
-rw-rw-r--.  1 guser1 guser1          8 Jan  3 05:06 process.id
-rw-rw-r--.  1 guser1 guser1       1209 Jan  3 05:06 scramOutput.log

WMTaskSpace/cmsRun2:
total 271980
-rw-rw-r--.  1 guser1 guser1 239649632 Jan  3 05:53 AODSIMoutput.root
drwxr-xr-x. 16 guser1 guser1      4096 Jan  3 05:32 CMSSW_8_0_21
-rw-rw-r--.  1 guser1 guser1     60833 Jan  3 05:53 FrameworkJobReport.xml
-rw-rw-r--.  1 guser1 guser1   4757909 Jan  3 05:32 PSet.pkl
-rw-r--r--.  1 guser1 guser1       132 Jan  3 05:32 PSet.py
-rw-r--r--.  1 guser1 guser1      3208 Jan  3 05:32 PSet.pyc
-rw-rw-r--.  1 guser1 guser1     19143 Jan  3 06:13 Report.pkl
-rw-rw-r--.  1 guser1 guser1       342 Jan  3 05:06 __init__.py
-rw-rw-r--.  1 guser1 guser1       652 Jan  3 05:32 __init__.pyc
-rw-rw-r--.  1 guser1 guser1      2307 Jan  3 05:32 cmsRun2-main.sh
-rw-rw-r--.  1 guser1 guser1       292 Jan  3 05:32 cmsRun2-stderr.log
-rw-rw-r--.  1 guser1 guser1   1412129 Jan  3 05:53 cmsRun2-stdout.log
-rw-r--r--.  1 guser1 guser1  32556003 Jan  3 05:32 pileupconf.json
-rw-rw-r--.  1 guser1 guser1         8 Jan  3 05:32 process.id
-rw-rw-r--.  1 guser1 guser1      1382 Jan  3 05:32 scramOutput.log

WMTaskSpace/logArch1:
total 5944
-rw-rw-r--. 1 guser1 guser1    8637 Jan  3 06:33 Report.pkl
-rw-rw-r--. 1 guser1 guser1     343 Jan  3 05:06 __init__.py
-rw-rw-r--. 1 guser1 guser1     655 Jan  3 06:13 __init__.pyc
-rw-rw-r--. 1 guser1 guser1 6059560 Jan  3 06:13 logArchive.tar.gz
-rw-rw-r--. 1 guser1 guser1      43 Jan  3 06:33 stageout.log

WMTaskSpace/stageOut1:
total 24
-rw-rw-r--. 1 guser1 guser1 9701 Jan  3 06:13 Report.pkl
-rw-rw-r--. 1 guser1 guser1  344 Jan  3 05:06 __init__.py
-rw-rw-r--. 1 guser1 guser1  658 Jan  3 05:53 __init__.pyc
-rw-rw-r--. 1 guser1 guser1   43 Jan  3 06:13 stageout.log
======== WMAgent bootstrap FINISH at Tue Jan  3 14:33:26 GMT 2017 ========

======== WMAgent final job runtime checks STARTING at Tue Jan  3 14:33:26 GMT 2017 ========
Tue Jan  3 14:33:26 GMT 2017: Job Runtime in seconds:  5235
Tue Jan  3 14:33:26 GMT 2017: Job bootstrap script exited:  0
Tue Jan  3 14:33:26 GMT 2017: Job execution exited:  0
======== WMAgent final job runtime checks FINISHED at Tue Jan  3 14:33:26 GMT 2017 ========

