globus-url-copy: 8.6 (1342633606-83)
globus_ftp_client_restart_plugin: 7.6 (1376565325-83)
globus_ftp_client_debug_plugin: 7.6 (1376565325-83)
globus_ftp_client_perf_plugin: 7.6 (1376565325-83)
globus_ftp_client_throughput_plugin: 7.6 (1376565325-83)
globus_xio_popen: 2.3 (1137650252-1)
globus_ftp_control: 4.7 (1381816023-83)
globus_ftp_client: 7.6 (1376565325-83)
globus_xio_gsi: 2.4 (1147293372-1)
globus_xio_tcp: 3.6 (1381426155-83)
globus_xio_system_select: 3.6 (1381426155-83)
globus_xio_file: 3.6 (1381426155-83)
globus_xio: 3.6 (1381426155-83)
globus_io: 9.5 (1381814713-83)
globus_gsi_callback_module: 4.6 (1379089392-83)
globus_credential: 6.0 (1382978010-83)
globus_gsi_proxy: 6.2 (1329144361-83)
globus_gsi_openssl_error: 2.1 (1319549263-1)
globus_openssl: 3.3 (1371225761-83)
globus_gsi_gssapi: 10.10 (1381426151-83)
globus_sysconfig: 5.3 (1337105279-83)
globus_callout_module: 2.4 (1370497367-83)
globus_gss_assist: 9.0 (1382981921-83)
globus_i_gass_transfer_http: 7.2 (1329143690-83)
globus_extension_module: 14.10 (1363615263-83)
globus_callback_nonthreaded: 14.10 (1363615263-83)
globus_callback: 14.10 (1363615263-83)
globus_object: 14.10 (1363615263-83)
globus_error: 14.10 (1363615263-83)
globus_common: 14.10 (1363615263-83)
globus_gass_transfer: 7.2 (1329143690-83)
globus_gass_copy: 8.6 (1342633606-83)
globus_thread_common: 14.10 (1363615263-83)
globus_thread_none: 14.10 (1363615263-83)
globus_thread: <no version>
