000 (21706348.000.000) 03/06 09:56:33 Job submitted from host: <128.104.100.43:9618?sock=9719_4f72_3>
    DAG Node: block2+block2nt.07
...
001 (21706348.000.000) 03/06 09:59:13 Job executing on host: <130.199.49.20:46612?CCBID=128.104.59.136:9660#266964&noUDP>
...
006 (21706348.000.000) 03/06 09:59:14 Image size of job updated: 5
	0  -  MemoryUsage of job (MB)
	0  -  ResidentSetSize of job (KB)
...
005 (21706348.000.000) 03/06 09:59:15 Job terminated.
	(1) Normal termination (return value 2)
		Usr 0 00:00:00, Sys 0 00:00:00  -  Run Remote Usage
		Usr 0 00:00:00, Sys 0 00:00:00  -  Run Local Usage
		Usr 0 00:00:00, Sys 0 00:00:00  -  Total Remote Usage
		Usr 0 00:00:00, Sys 0 00:00:00  -  Total Local Usage
	13188  -  Run Bytes Sent By Job
	330544  -  Run Bytes Received By Job
	13188  -  Total Bytes Sent By Job
	330544  -  Total Bytes Received By Job
	Partitionable Resources :    Usage  Request  Allocated
	   Cpus                 :                 1          1
	   Disk (KB)            :      350  2000000 1293859880
	   Memory (MB)          :        0     1000       2500
...
000 (21706363.000.000) 03/06 10:00:34 Job submitted from host: <128.104.100.43:9618?sock=9719_4f72_3>
    DAG Node: block2+block2nt.07
...
001 (21706363.000.000) 03/06 10:00:46 Job executing on host: <130.199.49.20:46612?CCBID=128.104.59.136:9660#266964&noUDP>
...
006 (21706363.000.000) 03/06 10:00:46 Image size of job updated: 5
	0  -  MemoryUsage of job (MB)
	0  -  ResidentSetSize of job (KB)
...
005 (21706363.000.000) 03/06 10:00:47 Job terminated.
	(1) Normal termination (return value 2)
		Usr 0 00:00:00, Sys 0 00:00:00  -  Run Remote Usage
		Usr 0 00:00:00, Sys 0 00:00:00  -  Run Local Usage
		Usr 0 00:00:00, Sys 0 00:00:00  -  Total Remote Usage
		Usr 0 00:00:00, Sys 0 00:00:00  -  Total Local Usage
	13187  -  Run Bytes Sent By Job
	330544  -  Run Bytes Received By Job
	13187  -  Total Bytes Sent By Job
	330544  -  Total Bytes Received By Job
	Partitionable Resources :    Usage  Request  Allocated
	   Cpus                 :                 1          1
	   Disk (KB)            :      350  2000000 1293859880
	   Memory (MB)          :        0     1000       2500
...
000 (21706370.000.000) 03/06 10:01:01 Job submitted from host: <128.104.100.43:9618?sock=9719_4f72_3>
    DAG Node: block2+block2nt.07
...
001 (21706370.000.000) 03/06 10:01:09 Job executing on host: <130.199.49.20:46612?CCBID=128.104.59.136:9660#266964&noUDP>
...
006 (21706370.000.000) 03/06 10:01:09 Image size of job updated: 5
	0  -  MemoryUsage of job (MB)
	0  -  ResidentSetSize of job (KB)
...
005 (21706370.000.000) 03/06 10:01:10 Job terminated.
	(1) Normal termination (return value 2)
		Usr 0 00:00:00, Sys 0 00:00:00  -  Run Remote Usage
		Usr 0 00:00:00, Sys 0 00:00:00  -  Run Local Usage
		Usr 0 00:00:00, Sys 0 00:00:00  -  Total Remote Usage
		Usr 0 00:00:00, Sys 0 00:00:00  -  Total Local Usage
	13188  -  Run Bytes Sent By Job
	330544  -  Run Bytes Received By Job
	13188  -  Total Bytes Sent By Job
	330544  -  Total Bytes Received By Job
	Partitionable Resources :    Usage  Request  Allocated
	   Cpus                 :                 1          1
	   Disk (KB)            :      350  2000000 1293859880
	   Memory (MB)          :        0     1000       2500
...
000 (21706376.000.000) 03/06 10:01:23 Job submitted from host: <128.104.100.43:9618?sock=9719_4f72_3>
    DAG Node: block2+block2nt.07
...
001 (21706376.000.000) 03/06 10:01:30 Job executing on host: <130.199.49.20:46612?CCBID=128.104.59.136:9660#266964&noUDP>
...
006 (21706376.000.000) 03/06 10:01:31 Image size of job updated: 5
	0  -  MemoryUsage of job (MB)
	0  -  ResidentSetSize of job (KB)
...
005 (21706376.000.000) 03/06 10:01:31 Job terminated.
	(1) Normal termination (return value 2)
		Usr 0 00:00:00, Sys 0 00:00:00  -  Run Remote Usage
		Usr 0 00:00:00, Sys 0 00:00:00  -  Run Local Usage
		Usr 0 00:00:00, Sys 0 00:00:00  -  Total Remote Usage
		Usr 0 00:00:00, Sys 0 00:00:00  -  Total Local Usage
	13187  -  Run Bytes Sent By Job
	330544  -  Run Bytes Received By Job
	13187  -  Total Bytes Sent By Job
	330544  -  Total Bytes Received By Job
	Partitionable Resources :    Usage  Request  Allocated
	   Cpus                 :                 1          1
	   Disk (KB)            :      350  2000000 1293859880
	   Memory (MB)          :        0     1000       2500
...
000 (21706382.000.000) 03/06 10:01:46 Job submitted from host: <128.104.100.43:9618?sock=9719_4f72_3>
    DAG Node: block2+block2nt.07
...
001 (21706382.000.000) 03/06 10:01:52 Job executing on host: <130.199.49.20:46612?CCBID=128.104.59.136:9660#266964&noUDP>
...
006 (21706382.000.000) 03/06 10:01:52 Image size of job updated: 5
	0  -  MemoryUsage of job (MB)
	0  -  ResidentSetSize of job (KB)
...
005 (21706382.000.000) 03/06 10:01:53 Job terminated.
	(1) Normal termination (return value 2)
		Usr 0 00:00:00, Sys 0 00:00:00  -  Run Remote Usage
		Usr 0 00:00:00, Sys 0 00:00:00  -  Run Local Usage
		Usr 0 00:00:00, Sys 0 00:00:00  -  Total Remote Usage
		Usr 0 00:00:00, Sys 0 00:00:00  -  Total Local Usage
	13188  -  Run Bytes Sent By Job
	330544  -  Run Bytes Received By Job
	13188  -  Total Bytes Sent By Job
	330544  -  Total Bytes Received By Job
	Partitionable Resources :    Usage  Request  Allocated
	   Cpus                 :                 1          1
	   Disk (KB)            :      350  2000000 1293859880
	   Memory (MB)          :        0     1000       2500
...
000 (21706386.000.000) 03/06 10:02:07 Job submitted from host: <128.104.100.43:9618?sock=9719_4f72_3>
    DAG Node: block2+block2nt.07
...
001 (21706386.000.000) 03/06 10:02:15 Job executing on host: <130.199.49.20:46612?CCBID=128.104.59.136:9660#266964&noUDP>
...
006 (21706386.000.000) 03/06 10:02:16 Image size of job updated: 5
	0  -  MemoryUsage of job (MB)
	0  -  ResidentSetSize of job (KB)
...
005 (21706386.000.000) 03/06 10:02:16 Job terminated.
	(1) Normal termination (return value 2)
		Usr 0 00:00:00, Sys 0 00:00:00  -  Run Remote Usage
		Usr 0 00:00:00, Sys 0 00:00:00  -  Run Local Usage
		Usr 0 00:00:00, Sys 0 00:00:00  -  Total Remote Usage
		Usr 0 00:00:00, Sys 0 00:00:00  -  Total Local Usage
	13188  -  Run Bytes Sent By Job
	330544  -  Run Bytes Received By Job
	13188  -  Total Bytes Sent By Job
	330544  -  Total Bytes Received By Job
	Partitionable Resources :    Usage  Request  Allocated
	   Cpus                 :                 1          1
	   Disk (KB)            :      350  2000000 1293859880
	   Memory (MB)          :        0     1000       2500
...
000 (21706391.000.000) 03/06 10:02:30 Job submitted from host: <128.104.100.43:9618?sock=9719_4f72_3>
    DAG Node: block2+block2nt.07
...
001 (21706391.000.000) 03/06 10:02:38 Job executing on host: <130.199.49.20:46612?CCBID=128.104.59.136:9660#266964&noUDP>
...
006 (21706391.000.000) 03/06 10:02:43 Image size of job updated: 5
	0  -  MemoryUsage of job (MB)
	0  -  ResidentSetSize of job (KB)
...
005 (21706391.000.000) 03/06 10:02:45 Job terminated.
	(1) Normal termination (return value 2)
		Usr 0 00:00:00, Sys 0 00:00:00  -  Run Remote Usage
		Usr 0 00:00:00, Sys 0 00:00:00  -  Run Local Usage
		Usr 0 00:00:00, Sys 0 00:00:00  -  Total Remote Usage
		Usr 0 00:00:00, Sys 0 00:00:00  -  Total Local Usage
	13188  -  Run Bytes Sent By Job
	330544  -  Run Bytes Received By Job
	13188  -  Total Bytes Sent By Job
	330544  -  Total Bytes Received By Job
	Partitionable Resources :    Usage  Request  Allocated
	   Cpus                 :                 1          1
	   Disk (KB)            :      350  2000000 1293859880
	   Memory (MB)          :        0     1000       2500
...
000 (21706396.000.000) 03/06 10:02:59 Job submitted from host: <128.104.100.43:9618?sock=9719_4f72_3>
    DAG Node: block2+block2nt.07
...
001 (21706396.000.000) 03/06 10:03:09 Job executing on host: <130.199.49.20:46612?CCBID=128.104.59.136:9660#266964&noUDP>
...
006 (21706396.000.000) 03/06 10:03:09 Image size of job updated: 5
	0  -  MemoryUsage of job (MB)
	0  -  ResidentSetSize of job (KB)
...
005 (21706396.000.000) 03/06 10:03:10 Job terminated.
	(1) Normal termination (return value 2)
		Usr 0 00:00:00, Sys 0 00:00:00  -  Run Remote Usage
		Usr 0 00:00:00, Sys 0 00:00:00  -  Run Local Usage
		Usr 0 00:00:00, Sys 0 00:00:00  -  Total Remote Usage
		Usr 0 00:00:00, Sys 0 00:00:00  -  Total Local Usage
	13188  -  Run Bytes Sent By Job
	330544  -  Run Bytes Received By Job
	13188  -  Total Bytes Sent By Job
	330544  -  Total Bytes Received By Job
	Partitionable Resources :    Usage  Request  Allocated
	   Cpus                 :                 1          1
	   Disk (KB)            :      350  2000000 1293859880
	   Memory (MB)          :        0     1000       2500
...
000 (21706403.000.000) 03/06 10:03:27 Job submitted from host: <128.104.100.43:9618?sock=9719_4f72_3>
    DAG Node: block2+block2nt.07
...
001 (21706403.000.000) 03/06 10:03:33 Job executing on host: <130.199.49.20:46612?CCBID=128.104.59.136:9660#266964&noUDP>
...
006 (21706403.000.000) 03/06 10:03:33 Image size of job updated: 5
	0  -  MemoryUsage of job (MB)
	0  -  ResidentSetSize of job (KB)
...
005 (21706403.000.000) 03/06 10:03:34 Job terminated.
	(1) Normal termination (return value 2)
		Usr 0 00:00:00, Sys 0 00:00:00  -  Run Remote Usage
		Usr 0 00:00:00, Sys 0 00:00:00  -  Run Local Usage
		Usr 0 00:00:00, Sys 0 00:00:00  -  Total Remote Usage
		Usr 0 00:00:00, Sys 0 00:00:00  -  Total Local Usage
	13174  -  Run Bytes Sent By Job
	330544  -  Run Bytes Received By Job
	13174  -  Total Bytes Sent By Job
	330544  -  Total Bytes Received By Job
	Partitionable Resources :    Usage  Request  Allocated
	   Cpus                 :                 1          1
	   Disk (KB)            :      350  2000000 1293859880
	   Memory (MB)          :        0     1000       2500
...
000 (21706408.000.000) 03/06 10:03:49 Job submitted from host: <128.104.100.43:9618?sock=9719_4f72_3>
    DAG Node: block2+block2nt.07
...
001 (21706408.000.000) 03/06 10:03:57 Job executing on host: <130.199.49.20:46612?CCBID=128.104.59.136:9660#266964&noUDP>
...
006 (21706408.000.000) 03/06 10:03:57 Image size of job updated: 5
	0  -  MemoryUsage of job (MB)
	0  -  ResidentSetSize of job (KB)
...
005 (21706408.000.000) 03/06 10:03:57 Job terminated.
	(1) Normal termination (return value 2)
		Usr 0 00:00:00, Sys 0 00:00:00  -  Run Remote Usage
		Usr 0 00:00:00, Sys 0 00:00:00  -  Run Local Usage
		Usr 0 00:00:00, Sys 0 00:00:00  -  Total Remote Usage
		Usr 0 00:00:00, Sys 0 00:00:00  -  Total Local Usage
	13174  -  Run Bytes Sent By Job
	330544  -  Run Bytes Received By Job
	13174  -  Total Bytes Sent By Job
	330544  -  Total Bytes Received By Job
	Partitionable Resources :    Usage  Request  Allocated
	   Cpus                 :                 1          1
	   Disk (KB)            :      350  2000000 1293859880
	   Memory (MB)          :        0     1000       2500
...
000 (21706416.000.000) 03/06 10:04:11 Job submitted from host: <128.104.100.43:9618?sock=9719_4f72_3>
    DAG Node: block2+block2nt.07
...
001 (21706416.000.000) 03/06 10:04:17 Job executing on host: <130.199.150.226:57489?CCBID=128.104.59.136:9651#280056&noUDP>
...
006 (21706416.000.000) 03/06 10:04:17 Image size of job updated: 5
	0  -  MemoryUsage of job (MB)
	0  -  ResidentSetSize of job (KB)
...
005 (21706416.000.000) 03/06 10:04:19 Job terminated.
	(1) Normal termination (return value 2)
		Usr 0 00:00:00, Sys 0 00:00:00  -  Run Remote Usage
		Usr 0 00:00:00, Sys 0 00:00:00  -  Run Local Usage
		Usr 0 00:00:00, Sys 0 00:00:00  -  Total Remote Usage
		Usr 0 00:00:00, Sys 0 00:00:00  -  Total Local Usage
	13189  -  Run Bytes Sent By Job
	330544  -  Run Bytes Received By Job
	13189  -  Total Bytes Sent By Job
	330544  -  Total Bytes Received By Job
	Partitionable Resources :    Usage  Request  Allocated
	   Cpus                 :                 1          1
	   Disk (KB)            :      350  2000000 1694795400
	   Memory (MB)          :        0     1000       2500
...
000 (21706422.000.000) 03/06 10:04:39 Job submitted from host: <128.104.100.43:9618?sock=9719_4f72_3>
    DAG Node: block2+block2nt.07
...
001 (21706422.000.000) 03/06 10:04:45 Job executing on host: <130.199.49.20:46612?CCBID=128.104.59.136:9660#266964&noUDP>
...
006 (21706422.000.000) 03/06 10:04:45 Image size of job updated: 5
	0  -  MemoryUsage of job (MB)
	0  -  ResidentSetSize of job (KB)
...
005 (21706422.000.000) 03/06 10:04:46 Job terminated.
	(1) Normal termination (return value 2)
		Usr 0 00:00:00, Sys 0 00:00:00  -  Run Remote Usage
		Usr 0 00:00:00, Sys 0 00:00:00  -  Run Local Usage
		Usr 0 00:00:00, Sys 0 00:00:00  -  Total Remote Usage
		Usr 0 00:00:00, Sys 0 00:00:00  -  Total Local Usage
	13174  -  Run Bytes Sent By Job
	330544  -  Run Bytes Received By Job
	13174  -  Total Bytes Sent By Job
	330544  -  Total Bytes Received By Job
	Partitionable Resources :    Usage  Request  Allocated
	   Cpus                 :                 1          1
	   Disk (KB)            :      350  2000000 1293859880
	   Memory (MB)          :        0     1000       2500
...
000 (21706429.000.000) 03/06 10:04:58 Job submitted from host: <128.104.100.43:9618?sock=9719_4f72_3>
    DAG Node: block2+block2nt.07
...
001 (21706429.000.000) 03/06 10:05:08 Job executing on host: <130.199.49.20:46612?CCBID=128.104.59.136:9660#266964&noUDP>
...
006 (21706429.000.000) 03/06 10:05:08 Image size of job updated: 5
	0  -  MemoryUsage of job (MB)
	0  -  ResidentSetSize of job (KB)
...
005 (21706429.000.000) 03/06 10:05:09 Job terminated.
	(1) Normal termination (return value 2)
		Usr 0 00:00:00, Sys 0 00:00:00  -  Run Remote Usage
		Usr 0 00:00:00, Sys 0 00:00:00  -  Run Local Usage
		Usr 0 00:00:00, Sys 0 00:00:00  -  Total Remote Usage
		Usr 0 00:00:00, Sys 0 00:00:00  -  Total Local Usage
	13174  -  Run Bytes Sent By Job
	330544  -  Run Bytes Received By Job
	13174  -  Total Bytes Sent By Job
	330544  -  Total Bytes Received By Job
	Partitionable Resources :    Usage  Request  Allocated
	   Cpus                 :                 1          1
	   Disk (KB)            :      350  2000000 1293859880
	   Memory (MB)          :        0     1000       2500
...
000 (21706434.000.000) 03/06 10:05:25 Job submitted from host: <128.104.100.43:9618?sock=9719_4f72_3>
    DAG Node: block2+block2nt.07
...
001 (21706434.000.000) 03/06 10:05:32 Job executing on host: <130.199.49.20:46612?CCBID=128.104.59.136:9660#266964&noUDP>
...
006 (21706434.000.000) 03/06 10:05:32 Image size of job updated: 5
	0  -  MemoryUsage of job (MB)
	0  -  ResidentSetSize of job (KB)
...
005 (21706434.000.000) 03/06 10:05:33 Job terminated.
	(1) Normal termination (return value 2)
		Usr 0 00:00:00, Sys 0 00:00:00  -  Run Remote Usage
		Usr 0 00:00:00, Sys 0 00:00:00  -  Run Local Usage
		Usr 0 00:00:00, Sys 0 00:00:00  -  Total Remote Usage
		Usr 0 00:00:00, Sys 0 00:00:00  -  Total Local Usage
	13173  -  Run Bytes Sent By Job
	330544  -  Run Bytes Received By Job
	13173  -  Total Bytes Sent By Job
	330544  -  Total Bytes Received By Job
	Partitionable Resources :    Usage  Request  Allocated
	   Cpus                 :                 1          1
	   Disk (KB)            :      350  2000000 1293859880
	   Memory (MB)          :        0     1000       2500
...
000 (21706440.000.000) 03/06 10:05:47 Job submitted from host: <128.104.100.43:9618?sock=9719_4f72_3>
    DAG Node: block2+block2nt.07
...
001 (21706440.000.000) 03/06 10:05:53 Job executing on host: <130.199.49.20:46612?CCBID=128.104.59.136:9660#266964&noUDP>
...
006 (21706440.000.000) 03/06 10:05:54 Image size of job updated: 5
	0  -  MemoryUsage of job (MB)
	0  -  ResidentSetSize of job (KB)
...
005 (21706440.000.000) 03/06 10:05:54 Job terminated.
	(1) Normal termination (return value 2)
		Usr 0 00:00:00, Sys 0 00:00:00  -  Run Remote Usage
		Usr 0 00:00:00, Sys 0 00:00:00  -  Run Local Usage
		Usr 0 00:00:00, Sys 0 00:00:00  -  Total Remote Usage
		Usr 0 00:00:00, Sys 0 00:00:00  -  Total Local Usage
	13174  -  Run Bytes Sent By Job
	330544  -  Run Bytes Received By Job
	13174  -  Total Bytes Sent By Job
	330544  -  Total Bytes Received By Job
	Partitionable Resources :    Usage  Request  Allocated
	   Cpus                 :                 1          1
	   Disk (KB)            :      350  2000000 1293859880
	   Memory (MB)          :        0     1000       2500
...
000 (21706447.000.000) 03/06 10:06:11 Job submitted from host: <128.104.100.43:9618?sock=9719_4f72_3>
    DAG Node: block2+block2nt.07
...
001 (21706447.000.000) 03/06 10:06:14 Job executing on host: <130.199.49.20:46612?CCBID=128.104.59.136:9660#266964&noUDP>
...
006 (21706447.000.000) 03/06 10:06:14 Image size of job updated: 5
	0  -  MemoryUsage of job (MB)
	0  -  ResidentSetSize of job (KB)
...
005 (21706447.000.000) 03/06 10:06:14 Job terminated.
	(1) Normal termination (return value 2)
		Usr 0 00:00:00, Sys 0 00:00:00  -  Run Remote Usage
		Usr 0 00:00:00, Sys 0 00:00:00  -  Run Local Usage
		Usr 0 00:00:00, Sys 0 00:00:00  -  Total Remote Usage
		Usr 0 00:00:00, Sys 0 00:00:00  -  Total Local Usage
	13174  -  Run Bytes Sent By Job
	330544  -  Run Bytes Received By Job
	13174  -  Total Bytes Sent By Job
	330544  -  Total Bytes Received By Job
	Partitionable Resources :    Usage  Request  Allocated
	   Cpus                 :                 1          1
	   Disk (KB)            :      350  2000000 1293859880
	   Memory (MB)          :        0     1000       2500
...
