srm-copy   2.2.2.3.0  Wed Nov  7 16:03:09 CST 2012

BeStMan and SRM-Clients Copyright(c) 2007-2012,
Lawrence Berkeley National Laboratory. All rights reserved.
Support at SRM@LBL.GOV and documents at http://sdm.lbl.gov/bestman
OSG Support at osg-software@opensciencegrid.org and 
documentation at https://www.opensciencegrid.org/bin/view/Documentation/Release3/
  
##############################################################
# SRM_HOME = /etc/bestman2
# BESTMAN_LIB = /usr/share/java/bestman2
# JAVA_HOME = /etc/alternatives/java_sdk
java version "1.7.0_55"
OpenJDK Runtime Environment (rhel-2.4.7.1.el6_5-x86_64 u55-b13)
OpenJDK 64-Bit Server VM (build 24.51-b03, mixed mode)

# BESTMAN_SYSCONF = /etc/sysconfig/bestman2
##############################################################
#################################################################
# BeStMan and BeStMan Clients Copyright(c) 2007-2011,
# Lawrence Berkeley National Laboratory. All rights reserved.
# Support at SRM@LBL.GOV and documents at http://sdm.lbl.gov/bestman
#################################################################
#
# BESTMAN_SYSCONF contains both external env settings and internal definitions
#
#################################################################
# Below is ONLY for ESTERNAL env settings
#################################################################
#
#
# Initialization
SRM_HOME=/etc/bestman2
BESTMAN_SYSCONF=/etc/sysconfig/bestman2
BESTMAN_SYSCONF_LIB=/etc/sysconfig/bestman2lib
BESTMAN2_CONF=/etc/bestman2/conf/bestman2.rc
JAVA_HOME=/etc/alternatives/java_sdk
#
#
# BeStMan2 server system init variables
BESTMAN_LOG=/var/log/bestman2/bestman2.log
BESTMAN_PID=/var/run/bestman2.pid
BESTMAN_LOCK=/var/lock/bestman2
SRM_OWNER=bestman
#
#
# BeStMan2 server and clients common variables
BESTMAN_LIB=/usr/share/java/bestman2
X509_CERT_DIR=/etc/grid-security/certificates
# GLOBUS_HOSTNAME=
# GLOBUS_LOCATION=
# GLOBUS_TCP_PORT_RANGE=
# GLOBUS_TCP_SOURCE_RANGE=
# VOMSDIR=
# BESTMAN_JAVA_SRM_OTHER_OPTS=
#
#
# BeStMan2 server variables
BESTMAN_MAX_JAVA_HEAP=1024
# BESTMAN_JAVA_STACK_SIZE=
# BESTMAN_EVENT_LOG_COUNT=
# BESTMAN_EVENT_LOG_SIZE=
# BESTMAN_CONNECTOR_QUEUESIZE=
# BESTMAN_CONNECTION_ACCEPTORSIZE=
BESTMAN_GUMSCERTPATH=/etc/grid-security/bestman/bestmancert.pem
BESTMAN_GUMSKEYPATH=/etc/grid-security/bestman/bestmankey.pem
# BESTMAN_GUMSPROXYPATH=
# BESTMAN_PLUGIN=
# BESTMAN_EXTRALIB=
BESTMAN_GUMS_ENABLED=yes
JETTY_DEBUG_ENABLED=no
BESTMAN_GATEWAYMODE_ENABLED=yes
BESTMAN_FULLMODE_ENABLED=no
#
#
# BeStMan2 clients variables
JAVA_CLIENT_MAX_HEAP=512
JAVA_CLIENT_MIN_HEAP=32
# JAVA_CLIENT_STACK_SIZE=

#################################################################
# BESTMAN_SYSCONF_LIB = /etc/sysconfig/bestman2lib
##############################################################
#################################################################
# BeStMan and BeStMan Clients Copyright(c) 2007-2011,
# Lawrence Berkeley National Laboratory. All rights reserved.
# Support at SRM@LBL.GOV and documents at http://sdm.lbl.gov/bestman
#################################################################
#
#
####################################################################
# Below is only for BESTMAN2 SERVER and BESTMAN2 CLIENT LIB settings
####################################################################
#
#
if [ "x$BESTMAN_SYSCONF_MODE" = "xserver" ]; then
 BESTMAN2_SERVER_LIB=.
 # Axis and related dependencies
 BESTMAN2_SERVER_LIB=$BESTMAN2_SERVER_LIB:$(build-classpath axis wsdl4j commons-discovery commons-logging bestman2/axis log4j)
 # GUMS and related deps
 BESTMAN2_SERVER_LIB=$BESTMAN2_SERVER_LIB:$(build-classpath commons-collections joda-time voms-api-java trustmanager trustmanager-axis xalan-j2 jakarta-commons-lang)
 BESTMAN2_SERVER_LIB=$BESTMAN2_SERVER_LIB:/usr/lib/gums/privilege-xacml-2.2.4.jar:/usr/lib/gums/openws-1.2.2.jar:/usr/lib/gums/opensaml-2.2.3.jar:/usr/lib/gums/xmltooling-1.3.2-1.jar:/usr/lib/gums/velocity-1.5.jar:/usr/lib/gums/xmlsec-1.4.2.jar
 # Jetty JARs
 BESTMAN2_SERVER_LIB=$BESTMAN2_SERVER_LIB:$(build-classpath jetty)
 # jglobus JARs
 BESTMAN2_SERVER_LIB=$BESTMAN2_SERVER_LIB:$(build-classpath jglobus bcprov cog-jglobus-axis)
 # Remainder odds-n-ends
 BESTMAN2_SERVER_LIB=$BESTMAN2_SERVER_LIB:$(build-classpath bestman2/others)
else
 BESTMAN2_CLIENT_LIB=.:$(build-classpath cog-jglobus-axis)
 BESTMAN2_CLIENT_LIB=$BESTMAN2_CLIENT_LIB:$(build-classpath axis wsdl4j commons-discovery commons-logging bestman2/axis log4j)
 BESTMAN2_CLIENT_LIB=$BESTMAN2_CLIENT_LIB:$(build-classpath jglobus bcprov)
fi
#################################################################
##############################################################

Parsing config file (2)/etc/bestman2/conf/srmclient.conf
SRM-CLIENT: Creating request
SRM-CLIENT: Totalfiles in the request : 1

SRM-CLIENT: Get Credential for proxyPath /tmp/x509up_u47596
===================================
BeStMan Client Configuration
	ConfFile=/etc/bestman2/conf/srmclient.conf
	InputFile=
	TargetDir=
	ProxyFile=/tmp/x509up_u47596
	MaxFilesPerRequest=all the files in the input file
	serviceUrl=httpg://cmssrmdisk.fnal.gov:8443/srm/managerv2
	Debug ON=true
	Quiet ON=false
	PushMode=false
	3PartyCopy=false
	Renew proxy=false
	KeepSpace=true
	FileStorageType=null
	RetentionPolicy=REPLICA
	AccessLatency=ONLINE
	AuthId=
	doReserveSpace=false
	doReleaseSpace=false
	BufferSize=0
	BlockSize=0
	Parallelism=1
	NumRetry=3
	RetryTimeOut=60
	Overwrite=true
	Status Maximum time allowed=10800 seconds 
	Status Wait time =10 seconds 
	Using default TokenLifeTime 
	DirectGsiFTP=false
	domkdir=false
	connectiontimeoutAllowed=600
	sethttptimeoutAllowed=600
===================================
SRM-CLIENT: Mon Jun 16 16:35:10 CDT 2014 Connecting to httpg://cmssrmdisk.fnal.gov:8443/srm/managerv2

SRM-CLIENT: Get Credential for proxyPath /tmp/x509up_u47596
SRM-CLIENT: user credentials is /DC=gov/DC=fnal/O=Fermilab/OU=People/CN=Carl C. Edquist/CN=UID:edquist

SRM-CLIENT: ProxyType found 18

SRM-CLIENT: limited delegation by system
SRM-CLIENT: ::::::::::::::::::::::::::::::::::::::::::::::::::::::
SRM-CLIENT: :::: Input parameters for SrmPrepareToPutRequest :::::::
SRM-CLIENT: From URL (0)=file:///tmp/test.txt
SRM-CLIENT: To URL (0)=srm://cmssrmdisk.fnal.gov:8443/srm/managerv2?SFN=/dcache/uscmsdisk/store/LocalTests/test.txt
SRM-CLIENT: FileSize (0)=3
SRM-CLIENT: AuthorizationID=
SRM-CLIENT: Overwrite=true
SRM-CLIENT: Protocols=gsiftp,http,https,ftp,
SRM-CLIENT: RetentionPolicy=REPLICA
SRM-CLIENT: ACCESSINFO=ONLINE
SRM-CLIENT: StorageInfo=

SRM-CLIENT: Mon Jun 16 16:35:10 CDT 2014 Calling SrmPrepareToPutRequest now ...

SRM-CLIENT: ####### Output from SRM #####
request.token= -2134900624
Request.status=SRM_FAILURE
explanation= at Mon Jun 16 16:35:16 CDT 2014 state Failed :  at Mon Jun 16 16:35:16 CDT 2014 state Pending : created
RequestFileStatus#-2134900623 failed with error:[  at Mon Jun 16 16:35:16 CDT 2014 state Failed : user has no permission to create file /dcache/uscmsdisk/store/LocalTests]

request.remainingTotalRequestTime=null
	surl=srm://cmssrmdisk.fnal.gov:8443/srm/managerv2?SFN=/dcache/uscmsdisk/store/LocalTests/test.txt
	status=SRM_AUTHORIZATION_FAILURE
	explanation= at Mon Jun 16 16:35:16 CDT 2014 state Failed : user has no permission to create file /dcache/uscmsdisk/store/LocalTests

SRM-CLIENT: EstimatedWait given by server is 1 seconds.
...........................................
	surl=srm://cmssrmdisk.fnal.gov:8443/srm/managerv2?SFN=/dcache/uscmsdisk/store/LocalTests/test.txt
	Status=SRM_AUTHORIZATION_FAILURE
	Explanation= at Mon Jun 16 16:35:16 CDT 2014 state Failed : user has no permission to create file /dcache/uscmsdisk/store/LocalTests

SRM-CLIENT: Request completed with failure

SRM-CLIENT: Printing text report now ...

SRM-CLIENT*REQUESTTYPE=put
SRM-CLIENT*TOTALFILES=1
SRM-CLIENT*TOTAL_SUCCESS=0
SRM-CLIENT*TOTAL_FAILED=1
SRM-CLIENT*REQUEST_TOKEN=-2134900624
SRM-CLIENT*REQUEST_STATUS=SRM_FAILURE
SRM-CLIENT*REQUEST_EXPLANATION= at Mon Jun 16 16:35:16 CDT 2014 state Failed :  at Mon Jun 16 16:35:16 CDT 2014 state Pending : created
RequestFileStatus#-2134900623 failed with error:[  at Mon Jun 16 16:35:16 CDT 2014 state Failed : user has no permission to create file /dcache/uscmsdisk/store/LocalTests]

SRM-CLIENT*SOURCEURL[0]=file:///tmp/test.txt
SRM-CLIENT*TARGETURL[0]=srm://cmssrmdisk.fnal.gov:8443/srm/managerv2?SFN=/dcache/uscmsdisk/store/LocalTests/test.txt
SRM-CLIENT*FILE_STATUS[0]=SRM_AUTHORIZATION_FAILURE
SRM-CLIENT*EXPLANATION[0]= at Mon Jun 16 16:35:16 CDT 2014 state Failed : user has no permission to create file /dcache/uscmsdisk/store/LocalTests

========================================================
<?xml version="1.0" encoding="UTF-8"?>
<report filename=""
    request-explanation=" at Mon Jun 16 16:35:16 CDT 2014 state Failed :  at Mon Jun 16 16:35:16 CDT 2014 state Pending : created&#xa;RequestFileStatus#-2134900623 failed with error:[  at Mon Jun 16 16:35:16 CDT 2014 state Failed : user has no permission to create file /dcache/uscmsdisk/store/LocalTests]&#xa;"
    request-status="SRM_FAILURE" requesttype="put" rids="-2134900624"
    totalfiles="1" totalfiles-failed="1" totalfiles-per-request="1"
    totalfiles-subrequests="1" totalfiles-success="0">
    <file>
        <sourceurl>file:///tmp/test.txt</sourceurl>
        <targeturl>srm://cmssrmdisk.fnal.gov:8443/srm/managerv2?SFN=/dcache/uscmsdisk/store/LocalTests/test.txt</targeturl>
        <transferurl/>
        <actualsize/>
        <file-status>SRM_AUTHORIZATION_FAILURE</file-status>
        <file-explanation> at Mon Jun 16 16:35:16 CDT 2014 state Failed : user has no permission to create file /dcache/uscmsdisk/store/LocalTests</file-explanation>
        <timetaken/>
    </file>
</report>

==========================================================
