$ xrdcp -d2 root://cmsxrootd-site.fnal.gov//store/test/xrootd/CMSSAM//store/mc/SAM/GenericTTbar/GEN-SIM-RECO/CMSSW_5_3_1_START53_V5-v1/0013/CE4D66EB-5AAE-E111-96D6-003048D37524.root bdf
[2016-10-24 15:40:56.468573 -0500][Debug  ][Utility           ] CopyProcess: 2 jobs to prepare
[2016-10-24 15:40:56.468665 -0500][Debug  ][Utility           ] Creating a classic copy job, from root://cmsxrootd-site.fnal.gov:1094//store/test/xrootd/CMSSAM//store/mc/SAM/GenericTTbar/GEN-SIM-RECO/CMSSW_5_3_1_START53_V5-v1/0013/CE4D66EB-5AAE-E111-96D6-003048D37524.root to file://bdf
[2016-10-24 15:40:56.468689 -0500][Debug  ][Utility           ] Monitor library name not set. No monitoring
[2016-10-24 15:40:56.468721 -0500][Debug  ][Utility           ] Opening root://cmsxrootd-site.fnal.gov:1094//store/test/xrootd/CMSSAM//store/mc/SAM/GenericTTbar/GEN-SIM-RECO/CMSSW_5_3_1_START53_V5-v1/0013/CE4D66EB-5AAE-E111-96D6-003048D37524.root for reading
[2016-10-24 15:40:56.468751 -0500][Debug  ][File              ] [0xf0dee0@root://cmsxrootd-site.fnal.gov:1094//store/test/xrootd/CMSSAM//store/mc/SAM/GenericTTbar/GEN-SIM-RECO/CMSSW_5_3_1_START53_V5-v1/0013/CE4D66EB-5AAE-E111-96D6-003048D37524.root] Sending an open command
[2016-10-24 15:40:56.468778 -0500][Debug  ][Poller            ] Available pollers: built-in
[2016-10-24 15:40:56.468785 -0500][Debug  ][Poller            ] Attempting to create a poller according to preference: built-in,libevent
[2016-10-24 15:40:56.468791 -0500][Debug  ][Poller            ] Creating poller: built-in
[2016-10-24 15:40:56.468799 -0500][Debug  ][Poller            ] Creating and starting the built-in poller...
[2016-10-24 15:40:56.468965 -0500][Debug  ][TaskMgr           ] Starting the task manager...
[2016-10-24 15:40:56.469004 -0500][Debug  ][TaskMgr           ] Task manager started
[2016-10-24 15:40:56.469019 -0500][Debug  ][JobMgr            ] Starting the job manager...
[2016-10-24 15:40:56.469085 -0500][Debug  ][JobMgr            ] Job manager started, 3 workers
[2016-10-24 15:40:56.469101 -0500][Debug  ][TaskMgr           ] Registering task: "FileTimer task" to be run at: [2016-10-24 15:40:56 -0500]
[2016-10-24 15:40:56.469126 -0500][Debug  ][PostMaster        ] Creating new channel to: cmsxrootd-site.fnal.gov:1094 1 stream(s)
[2016-10-24 15:40:56.469146 -0500][Debug  ][PostMaster        ] [cmsxrootd-site.fnal.gov:1094 #0] Stream parameters: Network Stack: IPAuto, Connection Window: 120, ConnectionRetry: 5, Stream Error Widnow: 1800
[2016-10-24 15:40:56.469653 -0500][Debug  ][TaskMgr           ] Registering task: "TickGeneratorTask for: cmsxrootd-site.fnal.gov:1094" to be run at: [2016-10-24 15:41:11 -0500]
[2016-10-24 15:40:56.470251 -0500][Debug  ][PostMaster        ] [cmsxrootd-site.fnal.gov:1094] Found 2 address(es): [::ffff:131.225.205.239]:1094, [::ffff:131.225.205.75]:1094
[2016-10-24 15:40:56.470273 -0500][Debug  ][AsyncSock         ] [cmsxrootd-site.fnal.gov:1094 #0.0] Attempting connection to [::ffff:131.225.205.239]:1094
[2016-10-24 15:40:56.470297 -0500][Debug  ][Poller            ] Adding socket 0xf04510 to the poller
[2016-10-24 15:40:56.470532 -0500][Debug  ][AsyncSock         ] [cmsxrootd-site.fnal.gov:1094 #0.0] Async connection call returned
[2016-10-24 15:40:56.470554 -0500][Debug  ][XRootDTransport   ] [cmsxrootd-site.fnal.gov:1094 #0.0] Sending out the initial hand shake + kXR_protocol
[2016-10-24 15:40:56.470720 -0500][Debug  ][XRootDTransport   ] [cmsxrootd-site.fnal.gov:1094 #0.0] Got the server hand shake response (type: manager [], protocol version 300)
[2016-10-24 15:40:56.470743 -0500][Debug  ][XRootDTransport   ] [cmsxrootd-site.fnal.gov:1094 #0.0] kXR_protocol successful (type: manager [], protocol version 300)
[2016-10-24 15:40:56.472509 -0500][Debug  ][XRootDTransport   ] [cmsxrootd-site.fnal.gov:1094 #0.0] Sending out kXR_login request, username: dmason, cgi: ?xrd.cc=us&xrd.tz=-6&xrd.appname=xrdcp&xrd.info=&xrd.hostname=cmslpc37.fnal.gov, dual-stack: false, private IPv4: false, private IPv6: false
[2016-10-24 15:40:56.472778 -0500][Debug  ][XRootDTransport   ] [cmsxrootd-site.fnal.gov:1094 #0.0] Logged in, session: a9bd4100a9ae000003010000e1c14100
[2016-10-24 15:40:56.472796 -0500][Debug  ][PostMaster        ] [cmsxrootd-site.fnal.gov:1094 #0] Stream 0 connected.
[2016-10-24 15:40:56.473217 -0500][Debug  ][PostMaster        ] Creating new channel to: cmsxrootd.fnal.gov:1094 1 stream(s)
[2016-10-24 15:40:56.473238 -0500][Debug  ][PostMaster        ] [cmsxrootd.fnal.gov:1094 #0] Stream parameters: Network Stack: IPAuto, Connection Window: 120, ConnectionRetry: 5, Stream Error Widnow: 1800
[2016-10-24 15:40:56.473779 -0500][Debug  ][TaskMgr           ] Registering task: "TickGeneratorTask for: cmsxrootd.fnal.gov:1094" to be run at: [2016-10-24 15:41:11 -0500]
[2016-10-24 15:40:56.474390 -0500][Debug  ][PostMaster        ] [cmsxrootd.fnal.gov:1094] Found 2 address(es): [::ffff:129.93.239.131]:1094, [::ffff:131.225.204.174]:1094
[2016-10-24 15:40:56.474412 -0500][Debug  ][AsyncSock         ] [cmsxrootd.fnal.gov:1094 #0.0] Attempting connection to [::ffff:129.93.239.131]:1094
[2016-10-24 15:40:56.474431 -0500][Debug  ][Poller            ] Adding socket 0xfc001290 to the poller
[2016-10-24 15:40:56.492380 -0500][Debug  ][AsyncSock         ] [cmsxrootd.fnal.gov:1094 #0.0] Async connection call returned
[2016-10-24 15:40:56.492444 -0500][Debug  ][XRootDTransport   ] [cmsxrootd.fnal.gov:1094 #0.0] Sending out the initial hand shake + kXR_protocol
[2016-10-24 15:40:56.530236 -0500][Debug  ][XRootDTransport   ] [cmsxrootd.fnal.gov:1094 #0.0] Got the server hand shake response (type: manager [], protocol version 300)
[2016-10-24 15:40:56.530289 -0500][Debug  ][XRootDTransport   ] [cmsxrootd.fnal.gov:1094 #0.0] kXR_protocol successful (type: manager [], protocol version 300)
[2016-10-24 15:40:56.532109 -0500][Debug  ][XRootDTransport   ] [cmsxrootd.fnal.gov:1094 #0.0] Sending out kXR_login request, username: dmason, cgi: ?xrd.cc=us&xrd.tz=-6&xrd.appname=xrdcp&xrd.info=&xrd.hostname=cmslpc37.fnal.gov, dual-stack: false, private IPv4: false, private IPv6: false
[2016-10-24 15:40:56.561239 -0500][Debug  ][XRootDTransport   ] [cmsxrootd.fnal.gov:1094 #0.0] Logged in, session: 112c2400d71e00007b080000e72c2400
[2016-10-24 15:40:56.561283 -0500][Debug  ][PostMaster        ] [cmsxrootd.fnal.gov:1094 #0] Stream 0 connected.
[2016-10-24 15:40:56.579777 -0500][Debug  ][PostMaster        ] Creating new channel to: xrootd-local.unl.edu:1094 1 stream(s)
[2016-10-24 15:40:56.579818 -0500][Debug  ][PostMaster        ] [xrootd-local.unl.edu:1094 #0] Stream parameters: Network Stack: IPAuto, Connection Window: 120, ConnectionRetry: 5, Stream Error Widnow: 1800
[2016-10-24 15:40:56.580381 -0500][Debug  ][TaskMgr           ] Registering task: "TickGeneratorTask for: xrootd-local.unl.edu:1094" to be run at: [2016-10-24 15:41:11 -0500]
[2016-10-24 15:40:56.581918 -0500][Debug  ][PostMaster        ] [xrootd-local.unl.edu:1094] Found 1 address(es): [::ffff:129.93.239.164]:1094
[2016-10-24 15:40:56.581948 -0500][Debug  ][AsyncSock         ] [xrootd-local.unl.edu:1094 #0.0] Attempting connection to [::ffff:129.93.239.164]:1094
[2016-10-24 15:40:56.581984 -0500][Debug  ][Poller            ] Adding socket 0x1420 to the poller
[2016-10-24 15:40:56.608804 -0500][Debug  ][AsyncSock         ] [xrootd-local.unl.edu:1094 #0.0] Async connection call returned
[2016-10-24 15:40:56.608855 -0500][Debug  ][XRootDTransport   ] [xrootd-local.unl.edu:1094 #0.0] Sending out the initial hand shake + kXR_protocol
[2016-10-24 15:40:56.627592 -0500][Debug  ][XRootDTransport   ] [xrootd-local.unl.edu:1094 #0.0] Got the server hand shake response (type: manager [], protocol version 300)
[2016-10-24 15:40:56.627626 -0500][Debug  ][XRootDTransport   ] [xrootd-local.unl.edu:1094 #0.0] kXR_protocol successful (type: manager [], protocol version 300)
[2016-10-24 15:40:56.629730 -0500][Debug  ][XRootDTransport   ] [xrootd-local.unl.edu:1094 #0.0] Sending out kXR_login request, username: dmason, cgi: ?xrd.cc=us&xrd.tz=-6&xrd.appname=xrdcp&xrd.info=&xrd.hostname=cmslpc37.fnal.gov, dual-stack: false, private IPv4: false, private IPv6: false
[2016-10-24 15:40:56.647805 -0500][Debug  ][XRootDTransport   ] [xrootd-local.unl.edu:1094 #0.0] Logged in, session: 68300000357200003200000069300000
[2016-10-24 15:40:56.647830 -0500][Debug  ][XRootDTransport   ] [xrootd-local.unl.edu:1094 #0.0] Authentication is required: &P=gsi,v:10300,c:ssl,ca:70d35895.0|d690e530.0
[2016-10-24 15:40:56.647837 -0500][Debug  ][XRootDTransport   ] [xrootd-local.unl.edu:1094 #0.0] Sending authentication data
[2016-10-24 15:40:56.663755 -0500][Debug  ][XRootDTransport   ] [xrootd-local.unl.edu:1094 #0.0] Trying to authenticate using gsi
[2016-10-24 15:40:56.720598 -0500][Debug  ][XRootDTransport   ] [xrootd-local.unl.edu:1094 #0.0] Sending more authentication data for gsi
[2016-10-24 15:40:58.200295 -0500][Debug  ][XRootDTransport   ] [xrootd-local.unl.edu:1094 #0.0] Authenticated with gsi.
[2016-10-24 15:40:58.200337 -0500][Debug  ][PostMaster        ] [xrootd-local.unl.edu:1094 #0] Stream 0 connected.
[2016-10-24 15:40:58.219593 -0500][Debug  ][PostMaster        ] Creating new channel to: red-gridftp8.unl.edu:1094 1 stream(s)
[2016-10-24 15:40:58.219633 -0500][Debug  ][PostMaster        ] [red-gridftp8.unl.edu:1094 #0] Stream parameters: Network Stack: IPAuto, Connection Window: 120, ConnectionRetry: 5, Stream Error Widnow: 1800
[2016-10-24 15:40:58.220052 -0500][Debug  ][TaskMgr           ] Registering task: "TickGeneratorTask for: red-gridftp8.unl.edu:1094" to be run at: [2016-10-24 15:41:13 -0500]
[2016-10-24 15:40:58.220512 -0500][Debug  ][PostMaster        ] [red-gridftp8.unl.edu:1094] Found 1 address(es): [::ffff:129.93.239.138]:1094
[2016-10-24 15:40:58.220538 -0500][Debug  ][AsyncSock         ] [red-gridftp8.unl.edu:1094 #0.0] Attempting connection to [::ffff:129.93.239.138]:1094
[2016-10-24 15:40:58.220573 -0500][Debug  ][Poller            ] Adding socket 0xf8001420 to the poller
[2016-10-24 15:40:58.238642 -0500][Debug  ][AsyncSock         ] [red-gridftp8.unl.edu:1094 #0.0] Async connection call returned
[2016-10-24 15:40:58.238691 -0500][Debug  ][XRootDTransport   ] [red-gridftp8.unl.edu:1094 #0.0] Sending out the initial hand shake + kXR_protocol
[2016-10-24 15:40:58.259985 -0500][Debug  ][XRootDTransport   ] [red-gridftp8.unl.edu:1094 #0.0] Got the server hand shake response (type: server [], protocol version 300)
[2016-10-24 15:40:58.260017 -0500][Debug  ][XRootDTransport   ] [red-gridftp8.unl.edu:1094 #0.0] kXR_protocol successful (type: server [], protocol version 300)
[2016-10-24 15:40:58.262161 -0500][Debug  ][XRootDTransport   ] [red-gridftp8.unl.edu:1094 #0.0] Sending out kXR_login request, username: dmason, cgi: ?xrd.cc=us&xrd.tz=-6&xrd.appname=xrdcp&xrd.info=&xrd.hostname=cmslpc37.fnal.gov, dual-stack: false, private IPv4: false, private IPv6: false
[2016-10-24 15:40:58.280090 -0500][Debug  ][XRootDTransport   ] [red-gridftp8.unl.edu:1094 #0.0] Logged in, session: 4f430000184f00007500000051430000
[2016-10-24 15:40:58.280120 -0500][Debug  ][XRootDTransport   ] [red-gridftp8.unl.edu:1094 #0.0] Authentication is required: &P=gsi,v:10300,c:ssl,ca:70d35895.0|d690e530.0
[2016-10-24 15:40:58.280130 -0500][Debug  ][XRootDTransport   ] [red-gridftp8.unl.edu:1094 #0.0] Sending authentication data
[2016-10-24 15:40:58.300858 -0500][Debug  ][XRootDTransport   ] [red-gridftp8.unl.edu:1094 #0.0] Trying to authenticate using gsi
[2016-10-24 15:40:58.332705 -0500][Debug  ][XRootDTransport   ] [red-gridftp8.unl.edu:1094 #0.0] Sending more authentication data for gsi
[2016-10-24 15:40:59.846419 -0500][Debug  ][XRootDTransport   ] [red-gridftp8.unl.edu:1094 #0.0] Authenticated with gsi.
[2016-10-24 15:40:59.846467 -0500][Debug  ][PostMaster        ] [red-gridftp8.unl.edu:1094 #0] Stream 0 connected.
[2016-10-24 15:41:00.364526 -0500][Debug  ][File              ] [0xf0dee0@root://cmsxrootd-site.fnal.gov:1094//store/test/xrootd/CMSSAM//store/mc/SAM/GenericTTbar/GEN-SIM-RECO/CMSSW_5_3_1_START53_V5-v1/0013/CE4D66EB-5AAE-E111-96D6-003048D37524.root] Open has returned with status [SUCCESS]
[2016-10-24 15:41:00.364557 -0500][Debug  ][File              ] [0xf0dee0@root://cmsxrootd-site.fnal.gov:1094//store/test/xrootd/CMSSAM//store/mc/SAM/GenericTTbar/GEN-SIM-RECO/CMSSW_5_3_1_START53_V5-v1/0013/CE4D66EB-5AAE-E111-96D6-003048D37524.root] successfully opened at red-gridftp8.unl.edu:1094, handle: 0x0, session id: 1
[2016-10-24 15:41:00.364590 -0500][Debug  ][Utility           ] Opening bdf for writing
[2016-10-24 15:41:00.364856 -0500][Debug  ][Utility           ] Unable to open bdf: File exists
[2016-10-24 15:41:00.364877 -0500][Debug  ][File              ] [0xf0dee0@root://cmsxrootd-site.fnal.gov:1094//store/test/xrootd/CMSSAM//store/mc/SAM/GenericTTbar/GEN-SIM-RECO/CMSSW_5_3_1_START53_V5-v1/0013/CE4D66EB-5AAE-E111-96D6-003048D37524.root] Sending a close command for handle 0x0 to red-gridftp8.unl.edu:1094
[2016-10-24 15:41:00.383123 -0500][Debug  ][File              ] [0xf0dee0@root://cmsxrootd-site.fnal.gov:1094//store/test/xrootd/CMSSAM//store/mc/SAM/GenericTTbar/GEN-SIM-RECO/CMSSW_5_3_1_START53_V5-v1/0013/CE4D66EB-5AAE-E111-96D6-003048D37524.root] Close returned from red-gridftp8.unl.edu:1094 with: [SUCCESS]
[0B/0B][100%][==================================================][0B/s]
Run: [ERROR] OS Error: File exists
[2016-10-24 15:41:00.383355 -0500][Debug  ][JobMgr            ] Stopping the job manager...
[2016-10-24 15:41:00.383525 -0500][Debug  ][JobMgr            ] Job manager stopped
[2016-10-24 15:41:00.383539 -0500][Debug  ][TaskMgr           ] Stopping the task manager...
[2016-10-24 15:41:00.395665 -0500][Debug  ][TaskMgr           ] Task manager stopped
[2016-10-24 15:41:00.395701 -0500][Debug  ][Poller            ] Stopping the poller...
[2016-10-24 15:41:00.395763 -0500][Debug  ][TaskMgr           ] Requesting unregistration of: "TickGeneratorTask for: cmsxrootd-site.fnal.gov:1094"
[2016-10-24 15:41:00.395780 -0500][Debug  ][AsyncSock         ] [cmsxrootd-site.fnal.gov:1094 #0.0] Closing the socket
[2016-10-24 15:41:00.395790 -0500][Debug  ][Poller            ] <[::ffff:131.225.189.156]:20386><--><[::ffff:131.225.205.239]:1094> Removing socket from the poller
[2016-10-24 15:41:00.395819 -0500][Debug  ][PostMaster        ] [cmsxrootd-site.fnal.gov:1094 #0] Destroying stream
[2016-10-24 15:41:00.395828 -0500][Debug  ][AsyncSock         ] [cmsxrootd-site.fnal.gov:1094 #0.0] Closing the socket
[2016-10-24 15:41:00.395839 -0500][Debug  ][TaskMgr           ] Requesting unregistration of: "TickGeneratorTask for: cmsxrootd.fnal.gov:1094"
[2016-10-24 15:41:00.395847 -0500][Debug  ][AsyncSock         ] [cmsxrootd.fnal.gov:1094 #0.0] Closing the socket
[2016-10-24 15:41:00.395857 -0500][Debug  ][Poller            ] <[::ffff:131.225.189.156]:58252><--><[::ffff:129.93.239.131]:1094> Removing socket from the poller
[2016-10-24 15:41:00.395872 -0500][Debug  ][PostMaster        ] [cmsxrootd.fnal.gov:1094 #0] Destroying stream
[2016-10-24 15:41:00.395879 -0500][Debug  ][AsyncSock         ] [cmsxrootd.fnal.gov:1094 #0.0] Closing the socket
[2016-10-24 15:41:00.395889 -0500][Debug  ][TaskMgr           ] Requesting unregistration of: "TickGeneratorTask for: red-gridftp8.unl.edu:1094"
[2016-10-24 15:41:00.395895 -0500][Debug  ][AsyncSock         ] [red-gridftp8.unl.edu:1094 #0.0] Closing the socket
[2016-10-24 15:41:00.395902 -0500][Debug  ][Poller            ] <[::ffff:131.225.189.156]:31400><--><[::ffff:129.93.239.138]:1094> Removing socket from the poller
[2016-10-24 15:41:00.395915 -0500][Debug  ][PostMaster        ] [red-gridftp8.unl.edu:1094 #0] Destroying stream
[2016-10-24 15:41:00.395923 -0500][Debug  ][AsyncSock         ] [red-gridftp8.unl.edu:1094 #0.0] Closing the socket
[2016-10-24 15:41:00.395931 -0500][Debug  ][TaskMgr           ] Requesting unregistration of: "TickGeneratorTask for: xrootd-local.unl.edu:1094"
[2016-10-24 15:41:00.395937 -0500][Debug  ][AsyncSock         ] [xrootd-local.unl.edu:1094 #0.0] Closing the socket
[2016-10-24 15:41:00.395944 -0500][Debug  ][Poller            ] <[::ffff:131.225.189.156]:27456><--><[::ffff:129.93.239.164]:1094> Removing socket from the poller
[2016-10-24 15:41:00.395957 -0500][Debug  ][PostMaster        ] [xrootd-local.unl.edu:1094 #0] Destroying stream
[2016-10-24 15:41:00.395964 -0500][Debug  ][AsyncSock         ] [xrootd-local.unl.edu:1094 #0.0] Closing the socket
[dmason@cmslpc37 ~]$ rm bdf
[dmason@cmslpc37 ~]$ xrdcp -d2 root://cmsxrootd-site.fnal.gov//store/test/xrootd/CMSSAM//store/mc/SAM/GenericTTbar/GEN-SIM-RECO/CMSSW_5_3_1_START53_V5-v1/0013/CE4D66EB-5AAE-E111-96D6-003048D37524.root bdf
[2016-10-24 15:41:09.035304 -0500][Debug  ][Utility           ] CopyProcess: 2 jobs to prepare
[2016-10-24 15:41:09.035394 -0500][Debug  ][Utility           ] Creating a classic copy job, from root://cmsxrootd-site.fnal.gov:1094//store/test/xrootd/CMSSAM//store/mc/SAM/GenericTTbar/GEN-SIM-RECO/CMSSW_5_3_1_START53_V5-v1/0013/CE4D66EB-5AAE-E111-96D6-003048D37524.root to file://bdf
[2016-10-24 15:41:09.035419 -0500][Debug  ][Utility           ] Monitor library name not set. No monitoring
[2016-10-24 15:41:09.035450 -0500][Debug  ][Utility           ] Opening root://cmsxrootd-site.fnal.gov:1094//store/test/xrootd/CMSSAM//store/mc/SAM/GenericTTbar/GEN-SIM-RECO/CMSSW_5_3_1_START53_V5-v1/0013/CE4D66EB-5AAE-E111-96D6-003048D37524.root for reading
[2016-10-24 15:41:09.035480 -0500][Debug  ][File              ] [0xe04ee0@root://cmsxrootd-site.fnal.gov:1094//store/test/xrootd/CMSSAM//store/mc/SAM/GenericTTbar/GEN-SIM-RECO/CMSSW_5_3_1_START53_V5-v1/0013/CE4D66EB-5AAE-E111-96D6-003048D37524.root] Sending an open command
[2016-10-24 15:41:09.035506 -0500][Debug  ][Poller            ] Available pollers: built-in
[2016-10-24 15:41:09.035512 -0500][Debug  ][Poller            ] Attempting to create a poller according to preference: built-in,libevent
[2016-10-24 15:41:09.035519 -0500][Debug  ][Poller            ] Creating poller: built-in
[2016-10-24 15:41:09.035526 -0500][Debug  ][Poller            ] Creating and starting the built-in poller...
[2016-10-24 15:41:09.035651 -0500][Debug  ][TaskMgr           ] Starting the task manager...
[2016-10-24 15:41:09.035683 -0500][Debug  ][TaskMgr           ] Task manager started
[2016-10-24 15:41:09.035692 -0500][Debug  ][JobMgr            ] Starting the job manager...
[2016-10-24 15:41:09.035747 -0500][Debug  ][JobMgr            ] Job manager started, 3 workers
[2016-10-24 15:41:09.035758 -0500][Debug  ][TaskMgr           ] Registering task: "FileTimer task" to be run at: [2016-10-24 15:41:09 -0500]
[2016-10-24 15:41:09.035782 -0500][Debug  ][PostMaster        ] Creating new channel to: cmsxrootd-site.fnal.gov:1094 1 stream(s)
[2016-10-24 15:41:09.035802 -0500][Debug  ][PostMaster        ] [cmsxrootd-site.fnal.gov:1094 #0] Stream parameters: Network Stack: IPAuto, Connection Window: 120, ConnectionRetry: 5, Stream Error Widnow: 1800
[2016-10-24 15:41:09.036413 -0500][Debug  ][TaskMgr           ] Registering task: "TickGeneratorTask for: cmsxrootd-site.fnal.gov:1094" to be run at: [2016-10-24 15:41:24 -0500]
[2016-10-24 15:41:09.036905 -0500][Debug  ][PostMaster        ] [cmsxrootd-site.fnal.gov:1094] Found 2 address(es): [::ffff:131.225.205.239]:1094, [::ffff:131.225.205.75]:1094
[2016-10-24 15:41:09.036931 -0500][Debug  ][AsyncSock         ] [cmsxrootd-site.fnal.gov:1094 #0.0] Attempting connection to [::ffff:131.225.205.239]:1094
[2016-10-24 15:41:09.036955 -0500][Debug  ][Poller            ] Adding socket 0xdfb510 to the poller
[2016-10-24 15:41:09.037210 -0500][Debug  ][AsyncSock         ] [cmsxrootd-site.fnal.gov:1094 #0.0] Async connection call returned
[2016-10-24 15:41:09.037260 -0500][Debug  ][XRootDTransport   ] [cmsxrootd-site.fnal.gov:1094 #0.0] Sending out the initial hand shake + kXR_protocol
[2016-10-24 15:41:09.037475 -0500][Debug  ][XRootDTransport   ] [cmsxrootd-site.fnal.gov:1094 #0.0] Got the server hand shake response (type: manager [], protocol version 300)
[2016-10-24 15:41:09.037503 -0500][Debug  ][XRootDTransport   ] [cmsxrootd-site.fnal.gov:1094 #0.0] kXR_protocol successful (type: manager [], protocol version 300)
[2016-10-24 15:41:09.039485 -0500][Debug  ][XRootDTransport   ] [cmsxrootd-site.fnal.gov:1094 #0.0] Sending out kXR_login request, username: dmason, cgi: ?xrd.cc=us&xrd.tz=-6&xrd.appname=xrdcp&xrd.info=&xrd.hostname=cmslpc37.fnal.gov, dual-stack: false, private IPv4: false, private IPv6: false
[2016-10-24 15:41:09.039773 -0500][Debug  ][XRootDTransport   ] [cmsxrootd-site.fnal.gov:1094 #0.0] Logged in, session: adbd4100a9ae00001c020000e5c14100
[2016-10-24 15:41:09.039790 -0500][Debug  ][PostMaster        ] [cmsxrootd-site.fnal.gov:1094 #0] Stream 0 connected.
[2016-10-24 15:41:09.040346 -0500][Debug  ][PostMaster        ] Creating new channel to: cmsxrootd.fnal.gov:1094 1 stream(s)
[2016-10-24 15:41:09.040369 -0500][Debug  ][PostMaster        ] [cmsxrootd.fnal.gov:1094 #0] Stream parameters: Network Stack: IPAuto, Connection Window: 120, ConnectionRetry: 5, Stream Error Widnow: 1800
[2016-10-24 15:41:09.040904 -0500][Debug  ][TaskMgr           ] Registering task: "TickGeneratorTask for: cmsxrootd.fnal.gov:1094" to be run at: [2016-10-24 15:41:24 -0500]
[2016-10-24 15:41:09.041486 -0500][Debug  ][PostMaster        ] [cmsxrootd.fnal.gov:1094] Found 2 address(es): [::ffff:131.225.204.174]:1094, [::ffff:129.93.239.131]:1094
[2016-10-24 15:41:09.041509 -0500][Debug  ][AsyncSock         ] [cmsxrootd.fnal.gov:1094 #0.0] Attempting connection to [::ffff:131.225.204.174]:1094
[2016-10-24 15:41:09.041533 -0500][Debug  ][Poller            ] Adding socket 0x64001290 to the poller
[2016-10-24 15:41:09.041717 -0500][Debug  ][AsyncSock         ] [cmsxrootd.fnal.gov:1094 #0.0] Async connection call returned
[2016-10-24 15:41:09.041730 -0500][Debug  ][XRootDTransport   ] [cmsxrootd.fnal.gov:1094 #0.0] Sending out the initial hand shake + kXR_protocol
[2016-10-24 15:41:09.042652 -0500][Debug  ][XRootDTransport   ] [cmsxrootd.fnal.gov:1094 #0.0] Got the server hand shake response (type: manager [], protocol version 300)
[2016-10-24 15:41:09.042678 -0500][Debug  ][XRootDTransport   ] [cmsxrootd.fnal.gov:1094 #0.0] kXR_protocol successful (type: manager [], protocol version 300)
[2016-10-24 15:41:09.044518 -0500][Debug  ][XRootDTransport   ] [cmsxrootd.fnal.gov:1094 #0.0] Sending out kXR_login request, username: dmason, cgi: ?xrd.cc=us&xrd.tz=-6&xrd.appname=xrdcp&xrd.info=&xrd.hostname=cmslpc37.fnal.gov, dual-stack: false, private IPv4: false, private IPv6: false
[2016-10-24 15:41:09.044777 -0500][Debug  ][XRootDTransport   ] [cmsxrootd.fnal.gov:1094 #0.0] Logged in, session: f2ad3a004b020000b903000019bc3a00
[2016-10-24 15:41:09.044789 -0500][Debug  ][PostMaster        ] [cmsxrootd.fnal.gov:1094 #0] Stream 0 connected.
[2016-10-24 15:41:09.045254 -0500][Debug  ][PostMaster        ] Creating new channel to: xrootd-local.unl.edu:1094 1 stream(s)
[2016-10-24 15:41:09.045281 -0500][Debug  ][PostMaster        ] [xrootd-local.unl.edu:1094 #0] Stream parameters: Network Stack: IPAuto, Connection Window: 120, ConnectionRetry: 5, Stream Error Widnow: 1800
[2016-10-24 15:41:09.045738 -0500][Debug  ][TaskMgr           ] Registering task: "TickGeneratorTask for: xrootd-local.unl.edu:1094" to be run at: [2016-10-24 15:41:24 -0500]
[2016-10-24 15:41:09.046617 -0500][Debug  ][PostMaster        ] [xrootd-local.unl.edu:1094] Found 1 address(es): [::ffff:129.93.239.164]:1094
[2016-10-24 15:41:09.046643 -0500][Debug  ][AsyncSock         ] [xrootd-local.unl.edu:1094 #0.0] Attempting connection to [::ffff:129.93.239.164]:1094
[2016-10-24 15:41:09.046668 -0500][Debug  ][Poller            ] Adding socket 0x68001420 to the poller
[2016-10-24 15:41:09.064687 -0500][Debug  ][AsyncSock         ] [xrootd-local.unl.edu:1094 #0.0] Async connection call returned
[2016-10-24 15:41:09.064736 -0500][Debug  ][XRootDTransport   ] [xrootd-local.unl.edu:1094 #0.0] Sending out the initial hand shake + kXR_protocol
[2016-10-24 15:41:09.082955 -0500][Debug  ][XRootDTransport   ] [xrootd-local.unl.edu:1094 #0.0] Got the server hand shake response (type: manager [], protocol version 300)
[2016-10-24 15:41:09.082993 -0500][Debug  ][XRootDTransport   ] [xrootd-local.unl.edu:1094 #0.0] kXR_protocol successful (type: manager [], protocol version 300)
[2016-10-24 15:41:09.084831 -0500][Debug  ][XRootDTransport   ] [xrootd-local.unl.edu:1094 #0.0] Sending out kXR_login request, username: dmason, cgi: ?xrd.cc=us&xrd.tz=-6&xrd.appname=xrdcp&xrd.info=&xrd.hostname=cmslpc37.fnal.gov, dual-stack: false, private IPv4: false, private IPv6: false
[2016-10-24 15:41:09.102900 -0500][Debug  ][XRootDTransport   ] [xrootd-local.unl.edu:1094 #0.0] Logged in, session: 6a30000035720000320000006b300000
[2016-10-24 15:41:09.102937 -0500][Debug  ][XRootDTransport   ] [xrootd-local.unl.edu:1094 #0.0] Authentication is required: &P=gsi,v:10300,c:ssl,ca:70d35895.0|d690e530.0
[2016-10-24 15:41:09.102947 -0500][Debug  ][XRootDTransport   ] [xrootd-local.unl.edu:1094 #0.0] Sending authentication data
[2016-10-24 15:41:09.104529 -0500][Debug  ][XRootDTransport   ] [xrootd-local.unl.edu:1094 #0.0] Trying to authenticate using gsi
[2016-10-24 15:41:09.147741 -0500][Debug  ][XRootDTransport   ] [xrootd-local.unl.edu:1094 #0.0] Sending more authentication data for gsi
[2016-10-24 15:41:09.206943 -0500][Debug  ][XRootDTransport   ] [xrootd-local.unl.edu:1094 #0.0] Authenticated with gsi.
[2016-10-24 15:41:09.206992 -0500][Debug  ][PostMaster        ] [xrootd-local.unl.edu:1094 #0] Stream 0 connected.
[2016-10-24 15:41:09.225844 -0500][Debug  ][PostMaster        ] Creating new channel to: red-gridftp4.unl.edu:1094 1 stream(s)
[2016-10-24 15:41:09.225880 -0500][Debug  ][PostMaster        ] [red-gridftp4.unl.edu:1094 #0] Stream parameters: Network Stack: IPAuto, Connection Window: 120, ConnectionRetry: 5, Stream Error Widnow: 1800
[2016-10-24 15:41:09.226468 -0500][Debug  ][TaskMgr           ] Registering task: "TickGeneratorTask for: red-gridftp4.unl.edu:1094" to be run at: [2016-10-24 15:41:24 -0500]
[2016-10-24 15:41:09.227058 -0500][Debug  ][PostMaster        ] [red-gridftp4.unl.edu:1094] Found 1 address(es): [::ffff:129.93.239.167]:1094
[2016-10-24 15:41:09.227086 -0500][Debug  ][AsyncSock         ] [red-gridftp4.unl.edu:1094 #0.0] Attempting connection to [::ffff:129.93.239.167]:1094
[2016-10-24 15:41:09.227125 -0500][Debug  ][Poller            ] Adding socket 0x5c001420 to the poller
[2016-10-24 15:41:09.245026 -0500][Debug  ][AsyncSock         ] [red-gridftp4.unl.edu:1094 #0.0] Async connection call returned
[2016-10-24 15:41:09.245076 -0500][Debug  ][XRootDTransport   ] [red-gridftp4.unl.edu:1094 #0.0] Sending out the initial hand shake + kXR_protocol
[2016-10-24 15:41:09.263592 -0500][Debug  ][XRootDTransport   ] [red-gridftp4.unl.edu:1094 #0.0] Got the server hand shake response (type: server [], protocol version 300)
[2016-10-24 15:41:09.263631 -0500][Debug  ][XRootDTransport   ] [red-gridftp4.unl.edu:1094 #0.0] kXR_protocol successful (type: server [], protocol version 300)
[2016-10-24 15:41:09.265856 -0500][Debug  ][XRootDTransport   ] [red-gridftp4.unl.edu:1094 #0.0] Sending out kXR_login request, username: dmason, cgi: ?xrd.cc=us&xrd.tz=-6&xrd.appname=xrdcp&xrd.info=&xrd.hostname=cmslpc37.fnal.gov, dual-stack: false, private IPv4: false, private IPv6: false
[2016-10-24 15:41:09.283860 -0500][Debug  ][XRootDTransport   ] [red-gridftp4.unl.edu:1094 #0.0] Logged in, session: 13430000626a00006b00000014430000
[2016-10-24 15:41:09.283899 -0500][Debug  ][XRootDTransport   ] [red-gridftp4.unl.edu:1094 #0.0] Authentication is required: &P=gsi,v:10300,c:ssl,ca:70d35895.0|d690e530.0
[2016-10-24 15:41:09.283907 -0500][Debug  ][XRootDTransport   ] [red-gridftp4.unl.edu:1094 #0.0] Sending authentication data
[2016-10-24 15:41:09.285694 -0500][Debug  ][XRootDTransport   ] [red-gridftp4.unl.edu:1094 #0.0] Trying to authenticate using gsi
[2016-10-24 15:41:09.318199 -0500][Debug  ][XRootDTransport   ] [red-gridftp4.unl.edu:1094 #0.0] Sending more authentication data for gsi
[2016-10-24 15:41:10.749129 -0500][Debug  ][XRootDTransport   ] [red-gridftp4.unl.edu:1094 #0.0] Authenticated with gsi.
[2016-10-24 15:41:10.749175 -0500][Debug  ][PostMaster        ] [red-gridftp4.unl.edu:1094 #0] Stream 0 connected.
[2016-10-24 15:41:10.779748 -0500][Debug  ][File              ] [0xe04ee0@root://cmsxrootd-site.fnal.gov:1094//store/test/xrootd/CMSSAM//store/mc/SAM/GenericTTbar/GEN-SIM-RECO/CMSSW_5_3_1_START53_V5-v1/0013/CE4D66EB-5AAE-E111-96D6-003048D37524.root] Open has returned with status [SUCCESS]
[2016-10-24 15:41:10.779778 -0500][Debug  ][File              ] [0xe04ee0@root://cmsxrootd-site.fnal.gov:1094//store/test/xrootd/CMSSAM//store/mc/SAM/GenericTTbar/GEN-SIM-RECO/CMSSW_5_3_1_START53_V5-v1/0013/CE4D66EB-5AAE-E111-96D6-003048D37524.root] successfully opened at red-gridftp4.unl.edu:1094, handle: 0x0, session id: 1
[2016-10-24 15:41:10.779810 -0500][Debug  ][Utility           ] Opening bdf for writing
[2016-10-24 15:41:10.781355 -0500][Debug  ][File              ] [0xe04ee0@root://cmsxrootd-site.fnal.gov:1094//store/test/xrootd/CMSSAM//store/mc/SAM/GenericTTbar/GEN-SIM-RECO/CMSSW_5_3_1_START53_V5-v1/0013/CE4D66EB-5AAE-E111-96D6-003048D37524.root] Sending a read command for handle 0x0 to red-gridftp4.unl.edu:1094
[2016-10-24 15:41:10.781414 -0500][Debug  ][File              ] [0xe04ee0@root://cmsxrootd-site.fnal.gov:1094//store/test/xrootd/CMSSAM//store/mc/SAM/GenericTTbar/GEN-SIM-RECO/CMSSW_5_3_1_START53_V5-v1/0013/CE4D66EB-5AAE-E111-96D6-003048D37524.root] Sending a read command for handle 0x0 to red-gridftp4.unl.edu:1094
[2016-10-24 15:41:10.781459 -0500][Debug  ][File              ] [0xe04ee0@root://cmsxrootd-site.fnal.gov:1094//store/test/xrootd/CMSSAM//store/mc/SAM/GenericTTbar/GEN-SIM-RECO/CMSSW_5_3_1_START53_V5-v1/0013/CE4D66EB-5AAE-E111-96D6-003048D37524.root] Sending a read command for handle 0x0 to red-gridftp4.unl.edu:1094
[2016-10-24 15:41:10.781495 -0500][Debug  ][File              ] [0xe04ee0@root://cmsxrootd-site.fnal.gov:1094//store/test/xrootd/CMSSAM//store/mc/SAM/GenericTTbar/GEN-SIM-RECO/CMSSW_5_3_1_START53_V5-v1/0013/CE4D66EB-5AAE-E111-96D6-003048D37524.root] Sending a read command for handle 0x0 to red-gridftp4.unl.edu:1094
[16MB/492.2MB][  3%][=>                                                ][180kB/s]  [2016-10-24 15:42:40.148329 -0500][Debug  ][File              ] [0xe04ee0@root://cmsxrootd-site.fnal.gov:1094//store/test/xrootd/CMSSAM//store/mc/SAM/GenericTTbar/GEN-SIM-RECO/CMSSW_5_3_1_START53_V5-v1/0013/CE4D66EB-5AAE-E111-96D6-003048D37524.root] Sending a read command for handle 0x0 to red-gridftp4.unl.edu:1094
[32MB/492.2MB][  6%][===>                                              ][356.2kB/s]  [2016-10-24 15:42:41.908661 -0500][Debug  ][File              ] [0xe04ee0@root://cmsxrootd-site.fnal.gov:1094//store/test/xrootd/CMSSAM//store/mc/SAM/GenericTTbar/GEN-SIM-RECO/CMSSW_5_3_1_START53_V5-v1/0013/CE4D66EB-5AAE-E111-96D6-003048D37524.root] Sending a read command for handle 0x0 to red-gridftp4.unl.edu:1094
[48MB/492.2MB][  9%][====>                                             ][528.5kB/s]  [2016-10-24 15:42:42.680478 -0500][Debug  ][File              ] [0xe04ee0@root://cmsxrootd-site.fnal.gov:1094//store/test/xrootd/CMSSAM//store/mc/SAM/GenericTTbar/GEN-SIM-RECO/CMSSW_5_3_1_START53_V5-v1/0013/CE4D66EB-5AAE-E111-96D6-003048D37524.root] Sending a read command for handle 0x0 to red-gridftp4.unl.edu:1094
[2016-10-24 15:42:42.792218 -0500][Debug  ][File              ] [0xe04ee0@root://cmsxrootd-site.fnal.gov:1094//store/test/xrootd/CMSSAM//store/mc/SAM/GenericTTbar/GEN-SIM-RECO/CMSSW_5_3_1_START53_V5-v1/0013/CE4D66EB-5AAE-E111-96D6-003048D37524.root] Sending a read command for handle 0x0 to red-gridftp4.unl.edu:1094
[80MB/492.2MB][ 16%][========>                                         ][457.7kB/s]  [2016-10-24 15:44:08.418309 -0500][Debug  ][File              ] [0xe04ee0@root://cmsxrootd-site.fnal.gov:1094//store/test/xrootd/CMSSAM//store/mc/SAM/GenericTTbar/GEN-SIM-RECO/CMSSW_5_3_1_START53_V5-v1/0013/CE4D66EB-5AAE-E111-96D6-003048D37524.root] Sending a read command for handle 0x0 to red-gridftp4.unl.edu:1094
[96MB/492.2MB][ 19%][=========>                                        ][531.4kB/s]  [2016-10-24 15:44:14.212582 -0500][Debug  ][File              ] [0xe04ee0@root://cmsxrootd-site.fnal.gov:1094//store/test/xrootd/CMSSAM//store/mc/SAM/GenericTTbar/GEN-SIM-RECO/CMSSW_5_3_1_START53_V5-v1/0013/CE4D66EB-5AAE-E111-96D6-003048D37524.root] Sending a read command for handle 0x0 to red-gridftp4.unl.edu:1094
[112MB/492.2MB][ 22%][===========>                                      ][606.8kB/s]  [2016-10-24 15:44:18.355193 -0500][Debug  ][File              ] [0xe04ee0@root://cmsxrootd-site.fnal.gov:1094//store/test/xrootd/CMSSAM//store/mc/SAM/GenericTTbar/GEN-SIM-RECO/CMSSW_5_3_1_START53_V5-v1/0013/CE4D66EB-5AAE-E111-96D6-003048D37524.root] Sending a read command for handle 0x0 to red-gridftp4.unl.edu:1094
[128MB/492.2MB][ 26%][=============>                                    ][686.2kB/s]  [2016-10-24 15:44:20.273035 -0500][Debug  ][File              ] [0xe04ee0@root://cmsxrootd-site.fnal.gov:1094//store/test/xrootd/CMSSAM//store/mc/SAM/GenericTTbar/GEN-SIM-RECO/CMSSW_5_3_1_START53_V5-v1/0013/CE4D66EB-5AAE-E111-96D6-003048D37524.root] Sending a read command for handle 0x0 to red-gridftp4.unl.edu:1094
[144MB/492.2MB][ 29%][==============>                                   ][548.2kB/s]  [2016-10-24 15:45:38.796594 -0500][Debug  ][File              ] [0xe04ee0@root://cmsxrootd-site.fnal.gov:1094//store/test/xrootd/CMSSAM//store/mc/SAM/GenericTTbar/GEN-SIM-RECO/CMSSW_5_3_1_START53_V5-v1/0013/CE4D66EB-5AAE-E111-96D6-003048D37524.root] Sending a read command for handle 0x0 to red-gridftp4.unl.edu:1094
[160MB/492.2MB][ 32%][================>                                 ][591.5kB/s]  [2016-10-24 15:45:46.808019 -0500][Debug  ][File              ] [0xe04ee0@root://cmsxrootd-site.fnal.gov:1094//store/test/xrootd/CMSSAM//store/mc/SAM/GenericTTbar/GEN-SIM-RECO/CMSSW_5_3_1_START53_V5-v1/0013/CE4D66EB-5AAE-E111-96D6-003048D37524.root] Sending a read command for handle 0x0 to red-gridftp4.unl.edu:1094
[176MB/492.2MB][ 35%][=================>                                ][636.8kB/s]  [2016-10-24 15:45:52.601431 -0500][Debug  ][File              ] [0xe04ee0@root://cmsxrootd-site.fnal.gov:1094//store/test/xrootd/CMSSAM//store/mc/SAM/GenericTTbar/GEN-SIM-RECO/CMSSW_5_3_1_START53_V5-v1/0013/CE4D66EB-5AAE-E111-96D6-003048D37524.root] Sending a read command for handle 0x0 to red-gridftp4.unl.edu:1094
[192MB/492.2MB][ 39%][===================>                              ][689.9kB/s]  [2016-10-24 15:45:54.774485 -0500][Debug  ][File              ] [0xe04ee0@root://cmsxrootd-site.fnal.gov:1094//store/test/xrootd/CMSSAM//store/mc/SAM/GenericTTbar/GEN-SIM-RECO/CMSSW_5_3_1_START53_V5-v1/0013/CE4D66EB-5AAE-E111-96D6-003048D37524.root] Sending a read command for handle 0x0 to red-gridftp4.unl.edu:1094
[208MB/492.2MB][ 42%][=====================>                            ][588.4kB/s]  [2016-10-24 15:47:11.867924 -0500][Debug  ][File              ] [0xe04ee0@root://cmsxrootd-site.fnal.gov:1094//store/test/xrootd/CMSSAM//store/mc/SAM/GenericTTbar/GEN-SIM-RECO/CMSSW_5_3_1_START53_V5-v1/0013/CE4D66EB-5AAE-E111-96D6-003048D37524.root] Sending a read command for handle 0x0 to red-gridftp4.unl.edu:1094
[224MB/492.2MB][ 45%][======================>                           ][618.3kB/s]  [2016-10-24 15:47:20.112117 -0500][Debug  ][File              ] [0xe04ee0@root://cmsxrootd-site.fnal.gov:1094//store/test/xrootd/CMSSAM//store/mc/SAM/GenericTTbar/GEN-SIM-RECO/CMSSW_5_3_1_START53_V5-v1/0013/CE4D66EB-5AAE-E111-96D6-003048D37524.root] Sending a read command for handle 0x0 to red-gridftp4.unl.edu:1094
[240MB/492.2MB][ 48%][========================>                         ][650.2kB/s]  [2016-10-24 15:47:27.876247 -0500][Debug  ][File              ] [0xe04ee0@root://cmsxrootd-site.fnal.gov:1094//store/test/xrootd/CMSSAM//store/mc/SAM/GenericTTbar/GEN-SIM-RECO/CMSSW_5_3_1_START53_V5-v1/0013/CE4D66EB-5AAE-E111-96D6-003048D37524.root] Sending a read command for handle 0x0 to red-gridftp4.unl.edu:1094
[256MB/492.2MB][ 52%][==========================>                       ][686.2kB/s]  [2016-10-24 15:47:31.076772 -0500][Debug  ][File              ] [0xe04ee0@root://cmsxrootd-site.fnal.gov:1094//store/test/xrootd/CMSSAM//store/mc/SAM/GenericTTbar/GEN-SIM-RECO/CMSSW_5_3_1_START53_V5-v1/0013/CE4D66EB-5AAE-E111-96D6-003048D37524.root] Sending a read command for handle 0x0 to red-gridftp4.unl.edu:1094
[272MB/492.2MB][ 55%][===========================>                      ][613.5kB/s]  [2016-10-24 15:48:43.312422 -0500][Debug  ][File              ] [0xe04ee0@root://cmsxrootd-site.fnal.gov:1094//store/test/xrootd/CMSSAM//store/mc/SAM/GenericTTbar/GEN-SIM-RECO/CMSSW_5_3_1_START53_V5-v1/0013/CE4D66EB-5AAE-E111-96D6-003048D37524.root] Sending a read command for handle 0x0 to red-gridftp4.unl.edu:1094
[288MB/492.2MB][ 58%][=============================>                    ][634.2kB/s]  [2016-10-24 15:48:54.213310 -0500][Debug  ][File              ] [0xe04ee0@root://cmsxrootd-site.fnal.gov:1094//store/test/xrootd/CMSSAM//store/mc/SAM/GenericTTbar/GEN-SIM-RECO/CMSSW_5_3_1_START53_V5-v1/0013/CE4D66EB-5AAE-E111-96D6-003048D37524.root] Sending a read command for handle 0x0 to red-gridftp4.unl.edu:1094
[304MB/492.2MB][ 61%][==============================>                   ][665.2kB/s]  [2016-10-24 15:48:57.685181 -0500][Debug  ][File              ] [0xe04ee0@root://cmsxrootd-site.fnal.gov:1094//store/test/xrootd/CMSSAM//store/mc/SAM/GenericTTbar/GEN-SIM-RECO/CMSSW_5_3_1_START53_V5-v1/0013/CE4D66EB-5AAE-E111-96D6-003048D37524.root] Sending a read command for handle 0x0 to red-gridftp4.unl.edu:1094
[320MB/492.2MB][ 65%][================================>                 ][691.3kB/s]  [2016-10-24 15:49:03.161948 -0500][Debug  ][File              ] [0xe04ee0@root://cmsxrootd-site.fnal.gov:1094//store/test/xrootd/CMSSAM//store/mc/SAM/GenericTTbar/GEN-SIM-RECO/CMSSW_5_3_1_START53_V5-v1/0013/CE4D66EB-5AAE-E111-96D6-003048D37524.root] Sending a read command for handle 0x0 to red-gridftp4.unl.edu:1094
[336MB/492.2MB][ 68%][==================================>               ][627.9kB/s]  [2016-10-24 15:50:17.739049 -0500][Debug  ][File              ] [0xe04ee0@root://cmsxrootd-site.fnal.gov:1094//store/test/xrootd/CMSSAM//store/mc/SAM/GenericTTbar/GEN-SIM-RECO/CMSSW_5_3_1_START53_V5-v1/0013/CE4D66EB-5AAE-E111-96D6-003048D37524.root] Sending a read command for handle 0x0 to red-gridftp4.unl.edu:1094
[352MB/492.2MB][ 71%][===================================>              ][646kB/s]  [2016-10-24 15:50:27.681113 -0500][Debug  ][File              ] [0xe04ee0@root://cmsxrootd-site.fnal.gov:1094//store/test/xrootd/CMSSAM//store/mc/SAM/GenericTTbar/GEN-SIM-RECO/CMSSW_5_3_1_START53_V5-v1/0013/CE4D66EB-5AAE-E111-96D6-003048D37524.root] Sending a read command for handle 0x0 to red-gridftp4.unl.edu:1094
[368MB/492.2MB][ 74%][=====================================>            ][669.3kB/s]  [2016-10-24 15:50:32.589348 -0500][Debug  ][File              ] [0xe04ee0@root://cmsxrootd-site.fnal.gov:1094//store/test/xrootd/CMSSAM//store/mc/SAM/GenericTTbar/GEN-SIM-RECO/CMSSW_5_3_1_START53_V5-v1/0013/CE4D66EB-5AAE-E111-96D6-003048D37524.root] Sending a read command for handle 0x0 to red-gridftp4.unl.edu:1094
[384MB/492.2MB][ 78%][=======================================>          ][693.5kB/s]  [2016-10-24 15:50:36.577565 -0500][Debug  ][File              ] [0xe04ee0@root://cmsxrootd-site.fnal.gov:1094//store/test/xrootd/CMSSAM//store/mc/SAM/GenericTTbar/GEN-SIM-RECO/CMSSW_5_3_1_START53_V5-v1/0013/CE4D66EB-5AAE-E111-96D6-003048D37524.root] Sending a read command for handle 0x0 to red-gridftp4.unl.edu:1094
[400MB/492.2MB][ 81%][========================================>         ][638kB/s]  [2016-10-24 15:51:51.161831 -0500][Debug  ][File              ] [0xe04ee0@root://cmsxrootd-site.fnal.gov:1094//store/test/xrootd/CMSSAM//store/mc/SAM/GenericTTbar/GEN-SIM-RECO/CMSSW_5_3_1_START53_V5-v1/0013/CE4D66EB-5AAE-E111-96D6-003048D37524.root] Sending a read command for handle 0x0 to red-gridftp4.unl.edu:1094
[416MB/492.2MB][ 84%][==========================================>       ][653.3kB/s]  [2016-10-24 15:52:01.358594 -0500][Debug  ][File              ] [0xe04ee0@root://cmsxrootd-site.fnal.gov:1094//store/test/xrootd/CMSSAM//store/mc/SAM/GenericTTbar/GEN-SIM-RECO/CMSSW_5_3_1_START53_V5-v1/0013/CE4D66EB-5AAE-E111-96D6-003048D37524.root] Sending a read command for handle 0x0 to red-gridftp4.unl.edu:1094
[432MB/492.2MB][ 87%][===========================================>      ][672.3kB/s]  [2016-10-24 15:52:07.836473 -0500][Debug  ][File              ] [0xe04ee0@root://cmsxrootd-site.fnal.gov:1094//store/test/xrootd/CMSSAM//store/mc/SAM/GenericTTbar/GEN-SIM-RECO/CMSSW_5_3_1_START53_V5-v1/0013/CE4D66EB-5AAE-E111-96D6-003048D37524.root] Sending a read command for handle 0x0 to red-gridftp4.unl.edu:1094
[492.2MB/492.2MB][100%][==================================================][700.1kB/s]  [2016-10-24 15:53:09.943758 -0500][Debug  ][File              ] [0xe04ee0@root://cmsxrootd-site.fnal.gov:1094//store/test/xrootd/CMSSAM//store/mc/SAM/GenericTTbar/GEN-SIM-RECO/CMSSW_5_3_1_START53_V5-v1/0013/CE4D66EB-5AAE-E111-96D6-003048D37524.root] Sending a close command for handle 0x0 to red-gridftp4.unl.edu:1094
[2016-10-24 15:53:09.962309 -0500][Debug  ][File              ] [0xe04ee0@root://cmsxrootd-site.fnal.gov:1094//store/test/xrootd/CMSSAM//store/mc/SAM/GenericTTbar/GEN-SIM-RECO/CMSSW_5_3_1_START53_V5-v1/0013/CE4D66EB-5AAE-E111-96D6-003048D37524.root] Close returned from red-gridftp4.unl.edu:1094 with: [SUCCESS]
[492.2MB/492.2MB][100%][==================================================][700.1kB/s]
[2016-10-24 15:53:09.962629 -0500][Debug  ][JobMgr            ] Stopping the job manager...
[2016-10-24 15:53:09.963121 -0500][Debug  ][JobMgr            ] Job manager stopped
[2016-10-24 15:53:09.963150 -0500][Debug  ][TaskMgr           ] Stopping the task manager...
[2016-10-24 15:53:09.963358 -0500][Debug  ][TaskMgr           ] Task manager stopped
[2016-10-24 15:53:09.963381 -0500][Debug  ][Poller            ] Stopping the poller...
[2016-10-24 15:53:09.963533 -0500][Debug  ][TaskMgr           ] Requesting unregistration of: "TickGeneratorTask for: cmsxrootd-site.fnal.gov:1094"
[2016-10-24 15:53:09.963557 -0500][Debug  ][AsyncSock         ] [cmsxrootd-site.fnal.gov:1094 #0.0] Closing the socket
[2016-10-24 15:53:09.963574 -0500][Debug  ][Poller            ] <[::ffff:131.225.189.156]:20394><--><[::ffff:131.225.205.239]:1094> Removing socket from the poller
[2016-10-24 15:53:09.963617 -0500][Debug  ][PostMaster        ] [cmsxrootd-site.fnal.gov:1094 #0] Destroying stream
[2016-10-24 15:53:09.963633 -0500][Debug  ][AsyncSock         ] [cmsxrootd-site.fnal.gov:1094 #0.0] Closing the socket
[2016-10-24 15:53:09.963650 -0500][Debug  ][TaskMgr           ] Requesting unregistration of: "TickGeneratorTask for: cmsxrootd.fnal.gov:1094"
[2016-10-24 15:53:09.963661 -0500][Debug  ][AsyncSock         ] [cmsxrootd.fnal.gov:1094 #0.0] Closing the socket
[2016-10-24 15:53:09.963672 -0500][Debug  ][Poller            ] <[::ffff:131.225.189.156]:7722><--><[::ffff:131.225.204.174]:1094> Removing socket from the poller
[2016-10-24 15:53:09.963699 -0500][Debug  ][PostMaster        ] [cmsxrootd.fnal.gov:1094 #0] Destroying stream
[2016-10-24 15:53:09.963713 -0500][Debug  ][AsyncSock         ] [cmsxrootd.fnal.gov:1094 #0.0] Closing the socket
[2016-10-24 15:53:09.963728 -0500][Debug  ][TaskMgr           ] Requesting unregistration of: "TickGeneratorTask for: red-gridftp4.unl.edu:1094"
[2016-10-24 15:53:09.963739 -0500][Debug  ][AsyncSock         ] [red-gridftp4.unl.edu:1094 #0.0] Closing the socket
[2016-10-24 15:53:09.963750 -0500][Debug  ][Poller            ] <[::ffff:131.225.189.156]:50122><--><[::ffff:129.93.239.167]:1094> Removing socket from the poller
[2016-10-24 15:53:09.963773 -0500][Debug  ][PostMaster        ] [red-gridftp4.unl.edu:1094 #0] Destroying stream
[2016-10-24 15:53:09.963785 -0500][Debug  ][AsyncSock         ] [red-gridftp4.unl.edu:1094 #0.0] Closing the socket
[2016-10-24 15:53:09.963812 -0500][Debug  ][TaskMgr           ] Requesting unregistration of: "TickGeneratorTask for: xrootd-local.unl.edu:1094"
[2016-10-24 15:53:09.963825 -0500][Debug  ][AsyncSock         ] [xrootd-local.unl.edu:1094 #0.0] Closing the socket
[2016-10-24 15:53:09.963836 -0500][Debug  ][Poller            ] <[::ffff:131.225.189.156]:27464><--><[::ffff:129.93.239.164]:1094> Removing socket from the poller
[2016-10-24 15:53:09.963864 -0500][Debug  ][PostMaster        ] [xrootd-local.unl.edu:1094 #0] Destroying stream
[2016-10-24 15:53:09.963878 -0500][Debug  ][AsyncSock         ] [xrootd-local.unl.edu:1094 #0.0] Closing the socket
