[5130] Mon Feb 10 12:01:45 2014 :: Server is shutting down...
[19882] Mon Feb 10 12:02:54 2014 :: Configuration read from /etc/gridftp-hdfs/gridftp.conf.
[19882] Mon Feb 10 12:02:54 2014 :: Server started in daemon mode.
[19884] Mon Feb 10 12:02:59 2014 :: Configuration read from /etc/gridftp-hdfs/gridftp.conf.
[19884] Mon Feb 10 12:02:59 2014 :: Server started in inetd mode.
[19884] Mon Feb 10 12:02:59 2014 :: New connection from: gluon.rcac.purdue.edu:51434
[19884] Mon Feb 10 12:03:00 2014 :: Max memory buffer count: 200.
[19884] Mon Feb 10 12:03:00 2014 :: Max file buffer count: 1500.
[19884] Mon Feb 10 12:03:00 2014 :: Checking current load on the server.
[19884] Mon Feb 10 12:03:00 2014 :: Start gridftp server; hadoop nameserver hadoop-name, port 9000, replicas 2.
[19884] Mon Feb 10 12:03:01 2014 :: Checksum algorithms in use: MD5,ADLER32,CRC32,CKSUM.
[19884] Mon Feb 10 12:03:01 2014 :: DN /DC=ch/DC=cern/OU=Organic Units/OU=Users/CN=egough/CN=734735/CN=Erik Gough successfully authorized.
[19884] Mon Feb 10 12:03:01 2014 :: User cms1241 successfully authorized.
[19884] Mon Feb 10 12:03:02 2014 :: Going to do stat on file /store/user/goughes/test1234567.root.
[19884] Mon Feb 10 12:03:02 2014 :: We are going to open file /store/user/goughes/test1234567.root.
[19884] Mon Feb 10 12:03:02 2014 :: Open file /store/user/goughes/test1234567.root with 2 replicas.
[19884] Mon Feb 10 12:03:02 2014 :: Successfully opened file /store/user/goughes/test1234567.root for user cms1241.
[19884] Mon Feb 10 12:03:02 2014 :: Starting to transfer "/mnt/hadoop/store/user/goughes/test1234567.root".
[19884] Mon Feb 10 12:03:05 2014 :: receive 127 blocks of size 1048576 bytes
[19884] Mon Feb 10 12:03:05 2014 :: Trying to close file in HDFS; zero outstanding blocks.
[19884] Mon Feb 10 12:03:05 2014 :: receive 2 blocks of size 0 bytes
[19884] Mon Feb 10 12:03:05 2014 :: Finished transferring "/mnt/hadoop/store/user/goughes/test1234567.root".
[19884] Mon Feb 10 12:03:05 2014 :: Closed connection from gluon.rcac.purdue.edu:51434
[19884] Mon Feb 10 12:03:05 2014 :: Destroying the HDFS connection.
[19882] Mon Feb 10 12:03:05 2014 :: Child process 19884 ended with rc = 0
[19902] Mon Feb 10 12:03:11 2014 :: Configuration read from /etc/gridftp-hdfs/gridftp.conf.
[19902] Mon Feb 10 12:03:11 2014 :: Server started in inetd mode.
[19902] Mon Feb 10 12:03:11 2014 :: New connection from: gluon.rcac.purdue.edu:32810
[19902] Mon Feb 10 12:03:12 2014 :: Max memory buffer count: 200.
[19902] Mon Feb 10 12:03:12 2014 :: Max file buffer count: 1500.
[19902] Mon Feb 10 12:03:12 2014 :: Checking current load on the server.
[19902] Mon Feb 10 12:03:12 2014 :: Start gridftp server; hadoop nameserver hadoop-name, port 9000, replicas 2.
[19902] Mon Feb 10 12:03:13 2014 :: Checksum algorithms in use: MD5,ADLER32,CRC32,CKSUM.
[19902] Mon Feb 10 12:03:13 2014 :: DN /DC=ch/DC=cern/OU=Organic Units/OU=Users/CN=egough/CN=734735/CN=Erik Gough successfully authorized.
[19902] Mon Feb 10 12:03:13 2014 :: User cms1241 successfully authorized.
[19902] Mon Feb 10 12:03:15 2014 :: Going to do stat on file /store/user/goughes/test1234567.root.
[19902] Mon Feb 10 12:03:15 2014 :: We are going to open file /store/user/goughes/test1234567.root.
[19902] Mon Feb 10 12:03:15 2014 :: Open file /store/user/goughes/test1234567.root with 2 replicas.
[19902] Mon Feb 10 12:03:15 2014 :: Successfully opened file /store/user/goughes/test1234567.root for user cms1241.
[19902] Mon Feb 10 12:03:15 2014 :: Starting to transfer "/mnt/hadoop/store/user/goughes/test1234567.root".
[19882] Mon Feb 10 12:03:18 2014 :: Child process 19902 killed by signal 11
[19882] Mon Feb 10 12:06:04 2014 :: Server is shutting down...
[19963] Mon Feb 10 12:06:06 2014 :: Configuration read from /etc/gridftp-hdfs/gridftp.conf.
[19963] Mon Feb 10 12:06:06 2014 :: Server started in daemon mode.
[19965] Mon Feb 10 12:06:13 2014 :: Configuration read from /etc/gridftp-hdfs/gridftp.conf.
[19965] Mon Feb 10 12:06:13 2014 :: Server started in inetd mode.
[19965] Mon Feb 10 12:06:13 2014 :: New connection from: gluon.rcac.purdue.edu:49747
[19965] Mon Feb 10 12:06:14 2014 :: Max memory buffer count: 200.
[19965] Mon Feb 10 12:06:14 2014 :: Max file buffer count: 1500.
[19965] Mon Feb 10 12:06:14 2014 :: Checking current load on the server.
[19965] Mon Feb 10 12:06:14 2014 :: Start gridftp server; hadoop nameserver hadoop-name, port 9000, replicas 2.
[19965] Mon Feb 10 12:06:15 2014 :: Checksum algorithms in use: MD5,ADLER32,CRC32,CKSUM.
[19965] Mon Feb 10 12:06:15 2014 :: DN /DC=ch/DC=cern/OU=Organic Units/OU=Users/CN=egough/CN=734735/CN=Erik Gough successfully authorized.
[19965] Mon Feb 10 12:06:15 2014 :: User cms1241 successfully authorized.
[19965] Mon Feb 10 12:06:15 2014 :: Going to do stat on file /store/user/goughes/test1234567.root.
[19965] Mon Feb 10 12:06:15 2014 :: We are going to open file /store/user/goughes/test1234567.root.
[19965] Mon Feb 10 12:06:15 2014 :: Open file /store/user/goughes/test1234567.root with 2 replicas.
[19965] Mon Feb 10 12:06:15 2014 :: Successfully opened file /store/user/goughes/test1234567.root for user cms1241.
[19965] Mon Feb 10 12:06:15 2014 :: Starting to transfer "/mnt/hadoop/store/user/goughes/test1234567.root".
[19963] Mon Feb 10 12:06:19 2014 :: Child process 19965 killed by signal 11
[19963] Mon Feb 10 12:06:58 2014 :: Server is shutting down...
[20000] Mon Feb 10 12:07:00 2014 :: Configuration read from /etc/gridftp-hdfs/gridftp.conf.
[20000] Mon Feb 10 12:07:00 2014 :: Server started in daemon mode.
[20000] Mon Feb 10 12:07:00 2014 :: Server is shutting down...
[20025] Mon Feb 10 12:07:02 2014 :: Configuration read from /etc/gridftp-hdfs/gridftp.conf.
[20025] Mon Feb 10 12:07:02 2014 :: Server started in daemon mode.
[20025] Mon Feb 10 12:07:08 2014 :: Server is shutting down...
[20039] Mon Feb 10 12:07:10 2014 :: Configuration read from /etc/gridftp-hdfs/gridftp.conf.
[20039] Mon Feb 10 12:07:10 2014 :: Server started in daemon mode.
[20041] Mon Feb 10 12:07:15 2014 :: Configuration read from /etc/gridftp-hdfs/gridftp.conf.
[20041] Mon Feb 10 12:07:15 2014 :: Server started in inetd mode.
[20041] Mon Feb 10 12:07:15 2014 :: New connection from: gluon.rcac.purdue.edu:44265
[20041] Mon Feb 10 12:07:16 2014 :: Max memory buffer count: 200.
[20041] Mon Feb 10 12:07:16 2014 :: Max file buffer count: 1500.
[20041] Mon Feb 10 12:07:16 2014 :: Checking current load on the server.
[20041] Mon Feb 10 12:07:16 2014 :: Start gridftp server; hadoop nameserver hadoop-name, port 9000, replicas 2.
[20041] Mon Feb 10 12:07:17 2014 :: Checksum algorithms in use: MD5,ADLER32,CRC32,CKSUM.
[20041] Mon Feb 10 12:07:17 2014 :: DN /DC=ch/DC=cern/OU=Organic Units/OU=Users/CN=egough/CN=734735/CN=Erik Gough successfully authorized.
[20041] Mon Feb 10 12:07:17 2014 :: User cms1241 successfully authorized.
[20041] Mon Feb 10 12:07:17 2014 :: Going to do stat on file /store/user/goughes/test1234567.root.
[20041] Mon Feb 10 12:07:17 2014 :: We are going to open file /store/user/goughes/test1234567.root.
[20041] Mon Feb 10 12:07:17 2014 :: Open file /store/user/goughes/test1234567.root with 2 replicas.
[20041] Mon Feb 10 12:07:17 2014 :: Successfully opened file /store/user/goughes/test1234567.root for user cms1241.
[20041] Mon Feb 10 12:07:17 2014 :: Starting to transfer "/mnt/hadoop/store/user/goughes/test1234567.root".
[20039] Mon Feb 10 12:07:21 2014 :: Child process 20041 killed by signal 11
[20039] Mon Feb 10 12:10:49 2014 :: Server is shutting down...
[20124] Mon Feb 10 12:10:51 2014 :: Configuration read from /etc/gridftp-hdfs/gridftp.conf.
[20124] Mon Feb 10 12:10:51 2014 :: Server started in daemon mode.
[20126] Mon Feb 10 12:11:00 2014 :: Configuration read from /etc/gridftp-hdfs/gridftp.conf.
[20126] Mon Feb 10 12:11:00 2014 :: Server started in inetd mode.
[20126] Mon Feb 10 12:11:00 2014 :: New connection from: gluon.rcac.purdue.edu:38410
[20126] Mon Feb 10 12:11:01 2014 :: Max memory buffer count: 200.
[20126] Mon Feb 10 12:11:01 2014 :: Max file buffer count: 1500.
[20126] Mon Feb 10 12:11:01 2014 :: Checking current load on the server.
[20126] Mon Feb 10 12:11:01 2014 :: Start gridftp server; hadoop nameserver hadoop-name, port 9000, replicas 2.
[20126] Mon Feb 10 12:11:02 2014 :: Checksum algorithms in use: MD5,ADLER32,CRC32,CKSUM.
[20126] Mon Feb 10 12:11:02 2014 :: DN /DC=ch/DC=cern/OU=Organic Units/OU=Users/CN=egough/CN=734735/CN=Erik Gough successfully authorized.
[20126] Mon Feb 10 12:11:02 2014 :: User cms1241 successfully authorized.
[20126] Mon Feb 10 12:11:02 2014 :: Going to do stat on file /store/user/goughes/test1234567.root.
[20126] Mon Feb 10 12:11:02 2014 :: We are going to open file /store/user/goughes/test1234567.root.
[20126] Mon Feb 10 12:11:02 2014 :: Open file /store/user/goughes/test1234567.root with 2 replicas.
[20126] Mon Feb 10 12:11:02 2014 :: Successfully opened file /store/user/goughes/test1234567.root for user cms1241.
[20126] Mon Feb 10 12:11:02 2014 :: Starting to transfer "/mnt/hadoop/store/user/goughes/test1234567.root".
[20124] Mon Feb 10 12:11:05 2014 :: Child process 20126 killed by signal 11
[20344] Mon Feb 10 12:16:02 2014 :: Configuration read from /etc/gridftp-hdfs/gridftp.conf.
[20344] Mon Feb 10 12:16:02 2014 :: Server started in inetd mode.
[20344] Mon Feb 10 12:16:02 2014 :: New connection from: gluon.rcac.purdue.edu:36477
[20344] Mon Feb 10 12:16:03 2014 :: Max memory buffer count: 200.
[20344] Mon Feb 10 12:16:03 2014 :: Max file buffer count: 1500.
[20344] Mon Feb 10 12:16:03 2014 :: Checking current load on the server.
[20344] Mon Feb 10 12:16:03 2014 :: Start gridftp server; hadoop nameserver hadoop-name, port 9000, replicas 2.
[20344] Mon Feb 10 12:16:12 2014 :: Checksum algorithms in use: MD5,ADLER32,CRC32,CKSUM.
[20344] Mon Feb 10 12:16:12 2014 :: DN /DC=ch/DC=cern/OU=Organic Units/OU=Users/CN=egough/CN=734735/CN=Erik Gough successfully authorized.
[20344] Mon Feb 10 12:16:12 2014 :: User cms1241 successfully authorized.
[20124] Mon Feb 10 12:16:14 2014 :: Child process 20344 killed by signal 11
[20124] Mon Feb 10 12:16:48 2014 :: Server is shutting down...
[20377] Mon Feb 10 12:16:50 2014 :: Configuration read from /etc/gridftp-hdfs/gridftp.conf.
[20377] Mon Feb 10 12:16:50 2014 :: Server started in daemon mode.
[20377] Mon Feb 10 12:16:50 2014 :: Server is shutting down...
[20402] Mon Feb 10 12:16:52 2014 :: Configuration read from /etc/gridftp-hdfs/gridftp.conf.
[20402] Mon Feb 10 12:16:52 2014 :: Server started in daemon mode.
[20402] Mon Feb 10 12:17:00 2014 :: Server is shutting down...
[20417] Mon Feb 10 12:17:02 2014 :: Configuration read from /etc/gridftp-hdfs/gridftp.conf.
[20417] Mon Feb 10 12:17:02 2014 :: Server started in daemon mode.
[20431] Mon Feb 10 12:17:57 2014 :: Configuration read from /etc/gridftp-hdfs/gridftp.conf.
[20431] Mon Feb 10 12:17:57 2014 :: Server started in inetd mode.
[20431] Mon Feb 10 12:17:57 2014 :: New connection from: gluon.rcac.purdue.edu:37229
[20431] Mon Feb 10 12:17:58 2014 :: Max memory buffer count: 200.
[20431] Mon Feb 10 12:17:58 2014 :: Max file buffer count: 1500.
[20431] Mon Feb 10 12:17:58 2014 :: Checking current load on the server.
[20431] Mon Feb 10 12:17:58 2014 :: Start gridftp server; hadoop nameserver hadoop-name, port 9000, replicas 2.
[20431] Mon Feb 10 12:18:05 2014 :: Checksum algorithms in use: MD5,ADLER32,CRC32,CKSUM.
[20431] Mon Feb 10 12:18:05 2014 :: DN /DC=ch/DC=cern/OU=Organic Units/OU=Users/CN=egough/CN=734735/CN=Erik Gough successfully authorized.
[20431] Mon Feb 10 12:18:05 2014 :: User cms1241 successfully authorized.
[20417] Mon Feb 10 12:18:07 2014 :: Child process 20431 killed by signal 11
[20417] Mon Feb 10 14:43:32 2014 :: Server is shutting down...
[27476] Mon Feb 10 14:43:38 2014 :: Configuration read from /etc/gridftp-hdfs/gridftp.conf.
[27476] Mon Feb 10 14:43:38 2014 :: Server started in daemon mode.
[27478] Mon Feb 10 14:43:46 2014 :: Configuration read from /etc/gridftp-hdfs/gridftp.conf.
[27478] Mon Feb 10 14:43:46 2014 :: Server started in inetd mode.
[27478] Mon Feb 10 14:43:46 2014 :: New connection from: gluon.rcac.purdue.edu:49083
[27478] Mon Feb 10 14:43:47 2014 :: Max memory buffer count: 200.
[27478] Mon Feb 10 14:43:47 2014 :: Max file buffer count: 1500.
[27478] Mon Feb 10 14:43:47 2014 :: Checking current load on the server.
[27478] Mon Feb 10 14:43:47 2014 :: Start gridftp server; hadoop nameserver hadoop-name, port 9000, replicas 2.
[27478] Mon Feb 10 14:43:48 2014 :: Checksum algorithms in use: MD5,ADLER32,CRC32,CKSUM.
[27478] Mon Feb 10 14:43:48 2014 :: DN /DC=ch/DC=cern/OU=Organic Units/OU=Users/CN=egough/CN=734735/CN=Erik Gough successfully authorized.
[27478] Mon Feb 10 14:43:48 2014 :: User cms1241 successfully authorized.
[27478] Mon Feb 10 14:43:48 2014 :: Going to do stat on file /store/user/goughes/test1234567.root.
[27478] Mon Feb 10 14:43:48 2014 :: We are going to open file /store/user/goughes/test1234567.root.
[27478] Mon Feb 10 14:43:48 2014 :: Open file /store/user/goughes/test1234567.root with 2 replicas.
[27478] Mon Feb 10 14:43:48 2014 :: Successfully opened file /store/user/goughes/test1234567.root for user cms1241.
[27478] Mon Feb 10 14:43:48 2014 :: Starting to transfer "/mnt/hadoop/store/user/goughes/test1234567.root".
[27478] Mon Feb 10 14:43:51 2014 :: receive 127 blocks of size 1048576 bytes
[27478] Mon Feb 10 14:43:51 2014 :: Trying to close file in HDFS; zero outstanding blocks.
[27478] Mon Feb 10 14:43:51 2014 :: receive 2 blocks of size 0 bytes
[27478] Mon Feb 10 14:43:51 2014 :: Finished transferring "/mnt/hadoop/store/user/goughes/test1234567.root".
[27478] Mon Feb 10 14:43:52 2014 :: Closed connection from gluon.rcac.purdue.edu:49083
[27478] Mon Feb 10 14:43:52 2014 :: Destroying the HDFS connection.
[27476] Mon Feb 10 14:43:52 2014 :: Child process 27478 ended with rc = 0
[27495] Mon Feb 10 14:44:03 2014 :: Configuration read from /etc/gridftp-hdfs/gridftp.conf.
[27495] Mon Feb 10 14:44:03 2014 :: Server started in inetd mode.
[27495] Mon Feb 10 14:44:03 2014 :: New connection from: gluon.rcac.purdue.edu:37463
[27495] Mon Feb 10 14:44:04 2014 :: Max memory buffer count: 200.
[27495] Mon Feb 10 14:44:04 2014 :: Max file buffer count: 1500.
[27495] Mon Feb 10 14:44:04 2014 :: Checking current load on the server.
[27495] Mon Feb 10 14:44:04 2014 :: Start gridftp server; hadoop nameserver hadoop-name, port 9000, replicas 2.
[27495] Mon Feb 10 14:44:05 2014 :: Checksum algorithms in use: MD5,ADLER32,CRC32,CKSUM.
[27495] Mon Feb 10 14:44:05 2014 :: DN /DC=ch/DC=cern/OU=Organic Units/OU=Users/CN=egough/CN=734735/CN=Erik Gough successfully authorized.
[27495] Mon Feb 10 14:44:05 2014 :: User cms1241 successfully authorized.
[27495] Mon Feb 10 14:44:05 2014 :: Going to do stat on file /store/user/goughes/test1234567.root.
[27495] Mon Feb 10 14:44:05 2014 :: We are going to open file /store/user/goughes/test1234567.root.
[27495] Mon Feb 10 14:44:05 2014 :: Open file /store/user/goughes/test1234567.root with 2 replicas.
[27495] Mon Feb 10 14:44:05 2014 :: Successfully opened file /store/user/goughes/test1234567.root for user cms1241.
[27495] Mon Feb 10 14:44:05 2014 :: Starting to transfer "/mnt/hadoop/store/user/goughes/test1234567.root".
[27476] Mon Feb 10 14:44:08 2014 :: Child process 27495 killed by signal 11
[27521] Mon Feb 10 14:46:05 2014 :: Configuration read from /etc/gridftp-hdfs/gridftp.conf.
[27521] Mon Feb 10 14:46:05 2014 :: Server started in inetd mode.
[27521] Mon Feb 10 14:46:05 2014 :: New connection from: gluon.rcac.purdue.edu:36034
[27521] Mon Feb 10 14:46:06 2014 :: Max memory buffer count: 200.
[27521] Mon Feb 10 14:46:06 2014 :: Max file buffer count: 1500.
[27521] Mon Feb 10 14:46:06 2014 :: Checking current load on the server.
[27521] Mon Feb 10 14:46:06 2014 :: Start gridftp server; hadoop nameserver hadoop-name, port 9000, replicas 2.
[27521] Mon Feb 10 14:46:07 2014 :: Checksum algorithms in use: MD5,ADLER32,CRC32,CKSUM.
[27521] Mon Feb 10 14:46:07 2014 :: DN /DC=ch/DC=cern/OU=Organic Units/OU=Users/CN=egough/CN=734735/CN=Erik Gough successfully authorized.
[27521] Mon Feb 10 14:46:07 2014 :: User cms1241 successfully authorized.
[27476] Mon Feb 10 14:46:16 2014 :: Child process 27521 killed by signal 11
[27476] Mon Feb 10 14:49:48 2014 :: Server is shutting down...
[27570] Mon Feb 10 14:49:50 2014 :: Configuration read from /etc/gridftp-hdfs/gridftp.conf.
[27570] Mon Feb 10 14:49:50 2014 :: Server started in daemon mode.
[27570] Mon Feb 10 14:49:50 2014 :: Server is shutting down...
[27595] Mon Feb 10 14:49:52 2014 :: Configuration read from /etc/gridftp-hdfs/gridftp.conf.
[27595] Mon Feb 10 14:49:52 2014 :: Server started in daemon mode.
[27595] Mon Feb 10 14:50:00 2014 :: Server is shutting down...
[27619] Mon Feb 10 14:50:05 2014 :: Configuration read from /etc/gridftp-hdfs/gridftp.conf.
[27619] Mon Feb 10 14:50:05 2014 :: Server started in daemon mode.
[27621] Mon Feb 10 14:50:13 2014 :: Configuration read from /etc/gridftp-hdfs/gridftp.conf.
[27621] Mon Feb 10 14:50:13 2014 :: Server started in inetd mode.
[27621] Mon Feb 10 14:50:13 2014 :: New connection from: gluon.rcac.purdue.edu:58008
[27621] Mon Feb 10 14:50:14 2014 :: Max memory buffer count: 200.
[27621] Mon Feb 10 14:50:14 2014 :: Max file buffer count: 1500.
[27621] Mon Feb 10 14:50:14 2014 :: Checking current load on the server.
[27621] Mon Feb 10 14:50:14 2014 :: Start gridftp server; hadoop nameserver hadoop-name, port 9000, replicas 2.
[27621] Mon Feb 10 14:50:15 2014 :: Checksum algorithms in use: MD5,ADLER32,CRC32,CKSUM.
[27621] Mon Feb 10 14:50:15 2014 :: DN /DC=ch/DC=cern/OU=Organic Units/OU=Users/CN=egough/CN=734735/CN=Erik Gough successfully authorized.
[27621] Mon Feb 10 14:50:15 2014 :: User cms1241 successfully authorized.
[27621] Mon Feb 10 14:50:15 2014 :: Going to do stat on file /store/user/goughes/test1234567.root.
[27621] Mon Feb 10 14:50:15 2014 :: We are going to open file /store/user/goughes/test1234567.root.
[27621] Mon Feb 10 14:50:15 2014 :: Open file /store/user/goughes/test1234567.root with 2 replicas.
[27621] Mon Feb 10 14:50:15 2014 :: Successfully opened file /store/user/goughes/test1234567.root for user cms1241.
[27621] Mon Feb 10 14:50:15 2014 :: Starting to transfer "/mnt/hadoop/store/user/goughes/test1234567.root".
[27621] Mon Feb 10 14:50:21 2014 :: receive 127 blocks of size 1048576 bytes
[27621] Mon Feb 10 14:50:21 2014 :: Trying to close file in HDFS; zero outstanding blocks.
[27621] Mon Feb 10 14:50:21 2014 :: receive 2 blocks of size 0 bytes
[27621] Mon Feb 10 14:50:21 2014 :: Finished transferring "/mnt/hadoop/store/user/goughes/test1234567.root".
[27621] Mon Feb 10 14:50:21 2014 :: Closed connection from gluon.rcac.purdue.edu:58008
[27621] Mon Feb 10 14:50:21 2014 :: Destroying the HDFS connection.
[27619] Mon Feb 10 14:50:21 2014 :: Child process 27621 ended with rc = 0
[27640] Mon Feb 10 14:50:42 2014 :: Configuration read from /etc/gridftp-hdfs/gridftp.conf.
[27640] Mon Feb 10 14:50:42 2014 :: Server started in inetd mode.
[27640] Mon Feb 10 14:50:42 2014 :: New connection from: gluon.rcac.purdue.edu:41483
[27640] Mon Feb 10 14:50:44 2014 :: Max memory buffer count: 200.
[27640] Mon Feb 10 14:50:44 2014 :: Max file buffer count: 1500.
[27640] Mon Feb 10 14:50:44 2014 :: Checking current load on the server.
[27640] Mon Feb 10 14:50:44 2014 :: Start gridftp server; hadoop nameserver hadoop-name, port 9000, replicas 2.
[27640] Mon Feb 10 14:50:45 2014 :: Checksum algorithms in use: MD5,ADLER32,CRC32,CKSUM.
[27640] Mon Feb 10 14:50:45 2014 :: DN /DC=ch/DC=cern/OU=Organic Units/OU=Users/CN=egough/CN=734735/CN=Erik Gough successfully authorized.
[27640] Mon Feb 10 14:50:45 2014 :: User cms1241 successfully authorized.
[27640] Mon Feb 10 14:50:45 2014 :: Going to do stat on file /store/user/goughes/test1234567.root.
[27640] Mon Feb 10 14:50:45 2014 :: We are going to open file /store/user/goughes/test1234567.root.
[27640] Mon Feb 10 14:50:45 2014 :: Open file /store/user/goughes/test1234567.root with 2 replicas.
[27640] Mon Feb 10 14:50:45 2014 :: Successfully opened file /store/user/goughes/test1234567.root for user cms1241.
[27640] Mon Feb 10 14:50:45 2014 :: Starting to transfer "/mnt/hadoop/store/user/goughes/test1234567.root".
[27619] Mon Feb 10 14:50:49 2014 :: Child process 27640 killed by signal 11
[27656] Mon Feb 10 14:51:01 2014 :: Configuration read from /etc/gridftp-hdfs/gridftp.conf.
[27656] Mon Feb 10 14:51:01 2014 :: Server started in inetd mode.
[27656] Mon Feb 10 14:51:01 2014 :: New connection from: gluon.rcac.purdue.edu:42908
[27656] Mon Feb 10 14:51:01 2014 :: Closed connection from gluon.rcac.purdue.edu:42908
[27619] Mon Feb 10 14:51:01 2014 :: Child process 27656 ended with rc = 0
[27619] Mon Feb 10 14:51:31 2014 :: Server is shutting down...
[27673] Mon Feb 10 14:51:33 2014 :: Configuration read from /etc/gridftp-hdfs/gridftp.conf.
[27673] Mon Feb 10 14:51:33 2014 :: Server started in daemon mode.
[27673] Mon Feb 10 14:51:33 2014 :: Server is shutting down...
[27698] Mon Feb 10 14:51:35 2014 :: Configuration read from /etc/gridftp-hdfs/gridftp.conf.
[27698] Mon Feb 10 14:51:35 2014 :: Server started in daemon mode.
[27698] Mon Feb 10 14:51:38 2014 :: Server is shutting down...
[27712] Mon Feb 10 14:51:41 2014 :: Configuration read from /etc/gridftp-hdfs/gridftp.conf.
[27712] Mon Feb 10 14:51:41 2014 :: Server started in daemon mode.
[27714] Mon Feb 10 14:51:45 2014 :: Configuration read from /etc/gridftp-hdfs/gridftp.conf.
[27714] Mon Feb 10 14:51:45 2014 :: Server started in inetd mode.
[27714] Mon Feb 10 14:51:45 2014 :: New connection from: gluon.rcac.purdue.edu:34902
[27714] Mon Feb 10 14:51:46 2014 :: Max memory buffer count: 200.
[27714] Mon Feb 10 14:51:46 2014 :: Max file buffer count: 1500.
[27714] Mon Feb 10 14:51:46 2014 :: Checking current load on the server.
[27714] Mon Feb 10 14:51:46 2014 :: Start gridftp server; hadoop nameserver hadoop-name, port 9000, replicas 2.
[27714] Mon Feb 10 14:51:47 2014 :: Checksum algorithms in use: MD5,ADLER32,CRC32,CKSUM.
[27714] Mon Feb 10 14:51:47 2014 :: DN /DC=ch/DC=cern/OU=Organic Units/OU=Users/CN=egough/CN=734735/CN=Erik Gough successfully authorized.
[27714] Mon Feb 10 14:51:47 2014 :: User cms1241 successfully authorized.
[27714] Mon Feb 10 14:51:47 2014 :: Going to do stat on file /store/user/goughes/test1234567.root.
[27714] Mon Feb 10 14:51:47 2014 :: We are going to open file /store/user/goughes/test1234567.root.
[27714] Mon Feb 10 14:51:47 2014 :: Open file /store/user/goughes/test1234567.root with 2 replicas.
[27714] Mon Feb 10 14:51:47 2014 :: Successfully opened file /store/user/goughes/test1234567.root for user cms1241.
[27714] Mon Feb 10 14:51:47 2014 :: Starting to transfer "/mnt/hadoop/store/user/goughes/test1234567.root".
[27712] Mon Feb 10 14:51:51 2014 :: Child process 27714 killed by signal 11
[27712] Mon Feb 10 15:22:32 2014 :: Child process 28975 killed by signal 11
[28991] Mon Feb 10 15:22:40 2014 :: Configuration read from /etc/gridftp-hdfs/gridftp.conf.
[28991] Mon Feb 10 15:22:40 2014 :: Server started in inetd mode.
[28991] Mon Feb 10 15:22:40 2014 :: New connection from: gluon.rcac.purdue.edu:37723
[28991] Mon Feb 10 15:22:41 2014 :: Max memory buffer count: 200.
[28991] Mon Feb 10 15:22:41 2014 :: Max file buffer count: 1500.
[28991] Mon Feb 10 15:22:41 2014 :: Checking current load on the server.
[28991] Mon Feb 10 15:22:41 2014 :: Start gridftp server; hadoop nameserver hadoop-name, port 9000, replicas 2.
[28991] Mon Feb 10 15:22:42 2014 :: Checksum algorithms in use: MD5,ADLER32,CRC32,CKSUM.
[28991] Mon Feb 10 15:22:42 2014 :: DN /DC=ch/DC=cern/OU=Organic Units/OU=Users/CN=egough/CN=734735/CN=Erik Gough successfully authorized.
[28991] Mon Feb 10 15:22:42 2014 :: User cms1241 successfully authorized.
[28991] Mon Feb 10 15:22:42 2014 :: Going to do stat on file /store/user/goughes/test6.root.
[28991] Mon Feb 10 15:22:42 2014 :: We are going to open file /store/user/goughes/test6.root.
[28991] Mon Feb 10 15:22:42 2014 :: Open file /store/user/goughes/test6.root with 2 replicas.
[28991] Mon Feb 10 15:22:42 2014 :: Successfully opened file /store/user/goughes/test6.root for user cms1241.
[28991] Mon Feb 10 15:22:42 2014 :: Starting to transfer "/mnt/hadoop/store/user/goughes/test6.root".
[28991] Mon Feb 10 15:22:47 2014 :: receive 127 blocks of size 1048576 bytes
[28991] Mon Feb 10 15:22:47 2014 :: Trying to close file in HDFS; zero outstanding blocks.
[28991] Mon Feb 10 15:22:47 2014 :: receive 2 blocks of size 0 bytes
[28991] Mon Feb 10 15:22:47 2014 :: Finished transferring "/mnt/hadoop/store/user/goughes/test6.root".
[28991] Mon Feb 10 15:22:47 2014 :: Closed connection from gluon.rcac.purdue.edu:37723
[28991] Mon Feb 10 15:22:47 2014 :: Destroying the HDFS connection.
[27712] Mon Feb 10 15:22:47 2014 :: Child process 28991 ended with rc = 0
[27712] Mon Feb 10 15:23:52 2014 :: Server is shutting down...
[29053] Mon Feb 10 15:23:58 2014 :: Configuration read from /etc/gridftp-hdfs/gridftp.conf.
[29053] Mon Feb 10 15:23:58 2014 :: Server started in daemon mode.
[29053] Mon Feb 10 15:24:16 2014 :: Server is shutting down...
[30291] Mon Feb 10 15:33:40 2014 :: Configuration read from /etc/gridftp-hdfs/gridftp.conf.
[30291] Mon Feb 10 15:33:40 2014 :: Server started in daemon mode.
[30293] Mon Feb 10 15:33:56 2014 :: Configuration read from /etc/gridftp-hdfs/gridftp.conf.
[30293] Mon Feb 10 15:33:56 2014 :: Server started in inetd mode.
[30293] Mon Feb 10 15:33:56 2014 :: New connection from: gluon.rcac.purdue.edu:34856
[30293] Mon Feb 10 15:33:57 2014 :: Closed connection from gluon.rcac.purdue.edu:34856
[30291] Mon Feb 10 15:33:57 2014 :: Child process 30293 ended with rc = 0
[30298] Mon Feb 10 15:34:27 2014 :: Configuration read from /etc/gridftp-hdfs/gridftp.conf.
[30298] Mon Feb 10 15:34:27 2014 :: Server started in inetd mode.
[30298] Mon Feb 10 15:34:27 2014 :: New connection from: gluon.rcac.purdue.edu:56319
[30298] Mon Feb 10 15:34:28 2014 :: Closed connection from gluon.rcac.purdue.edu:56319
[30291] Mon Feb 10 15:34:28 2014 :: Child process 30298 ended with rc = 0
[30291] Mon Feb 10 15:34:35 2014 :: Server is shutting down...
[30311] Mon Feb 10 15:34:37 2014 :: Configuration read from /etc/gridftp-hdfs/gridftp.conf.
[30311] Mon Feb 10 15:34:37 2014 :: Server started in daemon mode.
[30311] Mon Feb 10 15:34:44 2014 :: Server is shutting down...
[30326] Mon Feb 10 15:34:46 2014 :: Configuration read from /etc/gridftp-hdfs/gridftp.conf.
[30326] Mon Feb 10 15:34:46 2014 :: Server started in daemon mode.
[30328] Mon Feb 10 15:35:08 2014 :: Configuration read from /etc/gridftp-hdfs/gridftp.conf.
[30328] Mon Feb 10 15:35:08 2014 :: Server started in inetd mode.
[30328] Mon Feb 10 15:35:08 2014 :: New connection from: gluon.rcac.purdue.edu:38186
[30328] Mon Feb 10 15:35:09 2014 :: Max memory buffer count: 200.
[30328] Mon Feb 10 15:35:09 2014 :: Max file buffer count: 1500.
[30328] Mon Feb 10 15:35:09 2014 :: Checking current load on the server.
[30328] Mon Feb 10 15:35:09 2014 :: Start gridftp server; hadoop nameserver hadoop-name, port 9000, replicas 2.
[30328] Mon Feb 10 15:35:10 2014 :: Checksum algorithms in use: MD5,ADLER32,CRC32,CKSUM.
[30328] Mon Feb 10 15:35:10 2014 :: DN /DC=ch/DC=cern/OU=Organic Units/OU=Users/CN=egough/CN=734735/CN=Erik Gough successfully authorized.
[30328] Mon Feb 10 15:35:10 2014 :: User cms1241 successfully authorized.
[30328] Mon Feb 10 15:35:10 2014 :: Going to do stat on file /store/user/goughes/test6.root.
[30328] Mon Feb 10 15:35:10 2014 :: We are going to open file /store/user/goughes/test6.root.
[30328] Mon Feb 10 15:35:10 2014 :: Open file /store/user/goughes/test6.root with 2 replicas.
[30328] Mon Feb 10 15:35:10 2014 :: Successfully opened file /store/user/goughes/test6.root for user cms1241.
[30328] Mon Feb 10 15:35:10 2014 :: Starting to transfer "/mnt/hadoop/store/user/goughes/test6.root".
[30328] Mon Feb 10 15:35:13 2014 :: receive 127 blocks of size 1048576 bytes
[30328] Mon Feb 10 15:35:13 2014 :: Trying to close file in HDFS; zero outstanding blocks.
[30328] Mon Feb 10 15:35:13 2014 :: receive 2 blocks of size 0 bytes
[30328] Mon Feb 10 15:35:13 2014 :: Finished transferring "/mnt/hadoop/store/user/goughes/test6.root".
[30328] Mon Feb 10 15:35:14 2014 :: Closed connection from gluon.rcac.purdue.edu:38186
[30328] Mon Feb 10 15:35:14 2014 :: Destroying the HDFS connection.
[30326] Mon Feb 10 15:35:14 2014 :: Child process 30328 ended with rc = 0
[30345] Mon Feb 10 15:35:20 2014 :: Configuration read from /etc/gridftp-hdfs/gridftp.conf.
[30345] Mon Feb 10 15:35:20 2014 :: Server started in inetd mode.
[30345] Mon Feb 10 15:35:20 2014 :: New connection from: gluon.rcac.purdue.edu:58511
[30345] Mon Feb 10 15:35:21 2014 :: Max memory buffer count: 200.
[30345] Mon Feb 10 15:35:21 2014 :: Max file buffer count: 1500.
[30345] Mon Feb 10 15:35:21 2014 :: Checking current load on the server.
[30345] Mon Feb 10 15:35:21 2014 :: Start gridftp server; hadoop nameserver hadoop-name, port 9000, replicas 2.
[30345] Mon Feb 10 15:35:22 2014 :: Checksum algorithms in use: MD5,ADLER32,CRC32,CKSUM.
[30345] Mon Feb 10 15:35:22 2014 :: DN /DC=ch/DC=cern/OU=Organic Units/OU=Users/CN=egough/CN=734735/CN=Erik Gough successfully authorized.
[30345] Mon Feb 10 15:35:22 2014 :: User cms1241 successfully authorized.
[30345] Mon Feb 10 15:35:23 2014 :: Going to do stat on file /store/user/goughes/test6.root.
[30345] Mon Feb 10 15:35:23 2014 :: We are going to open file /store/user/goughes/test6.root.
[30345] Mon Feb 10 15:35:23 2014 :: Open file /store/user/goughes/test6.root with 2 replicas.
[30345] Mon Feb 10 15:35:23 2014 :: Successfully opened file /store/user/goughes/test6.root for user cms1241.
[30345] Mon Feb 10 15:35:23 2014 :: Starting to transfer "/mnt/hadoop/store/user/goughes/test6.root".
[30326] Mon Feb 10 15:35:28 2014 :: Child process 30345 killed by signal 11
[30326] Mon Feb 10 15:44:44 2014 :: Server is shutting down...
[30497] Mon Feb 10 15:44:47 2014 :: Configuration read from /etc/gridftp-hdfs/gridftp.conf.
[30497] Mon Feb 10 15:44:47 2014 :: Server started in daemon mode.
[30499] Mon Feb 10 15:44:52 2014 :: Configuration read from /etc/gridftp-hdfs/gridftp.conf.
[30499] Mon Feb 10 15:44:52 2014 :: Server started in inetd mode.
[30499] Mon Feb 10 15:44:52 2014 :: New connection from: gluon.rcac.purdue.edu:49835
[30499] Mon Feb 10 15:44:53 2014 :: Max memory buffer count: 200.
[30499] Mon Feb 10 15:44:53 2014 :: Max file buffer count: 1500.
[30499] Mon Feb 10 15:44:53 2014 :: Checking current load on the server.
[30499] Mon Feb 10 15:44:53 2014 :: Start gridftp server; hadoop nameserver hadoop-name, port 9000, replicas 2.
[30499] Mon Feb 10 15:44:54 2014 :: Checksum algorithms in use: MD5,ADLER32,CRC32,CKSUM.
[30499] Mon Feb 10 15:44:54 2014 :: DN /DC=ch/DC=cern/OU=Organic Units/OU=Users/CN=egough/CN=734735/CN=Erik Gough successfully authorized.
[30499] Mon Feb 10 15:44:54 2014 :: User cms1241 successfully authorized.
[30499] Mon Feb 10 15:44:55 2014 :: Going to do stat on file /store/user/goughes/test6.root.
[30499] Mon Feb 10 15:44:55 2014 :: We are going to open file /store/user/goughes/test6.root.
[30499] Mon Feb 10 15:44:55 2014 :: Open file /store/user/goughes/test6.root with 2 replicas.
[30499] Mon Feb 10 15:44:56 2014 :: Successfully opened file /store/user/goughes/test6.root for user cms1241.
[30499] Mon Feb 10 15:44:56 2014 :: Starting to transfer "/mnt/hadoop/store/user/goughes/test6.root".
[30499] Mon Feb 10 15:45:01 2014 :: receive 127 blocks of size 1048576 bytes
[30499] Mon Feb 10 15:45:01 2014 :: Trying to close file in HDFS; zero outstanding blocks.
[30499] Mon Feb 10 15:45:01 2014 :: receive 2 blocks of size 0 bytes
[30499] Mon Feb 10 15:45:01 2014 :: Finished transferring "/mnt/hadoop/store/user/goughes/test6.root".
[30499] Mon Feb 10 15:45:02 2014 :: Closed connection from gluon.rcac.purdue.edu:49835
[30499] Mon Feb 10 15:45:02 2014 :: Destroying the HDFS connection.
[30497] Mon Feb 10 15:45:02 2014 :: Child process 30499 ended with rc = 0
[30515] Mon Feb 10 15:45:05 2014 :: Configuration read from /etc/gridftp-hdfs/gridftp.conf.
[30515] Mon Feb 10 15:45:05 2014 :: Server started in inetd mode.
[30515] Mon Feb 10 15:45:05 2014 :: New connection from: gluon.rcac.purdue.edu:35669
[30515] Mon Feb 10 15:45:06 2014 :: Max memory buffer count: 200.
[30515] Mon Feb 10 15:45:06 2014 :: Max file buffer count: 1500.
[30515] Mon Feb 10 15:45:06 2014 :: Checking current load on the server.
[30515] Mon Feb 10 15:45:06 2014 :: Start gridftp server; hadoop nameserver hadoop-name, port 9000, replicas 2.
[30515] Mon Feb 10 15:45:07 2014 :: Checksum algorithms in use: MD5,ADLER32,CRC32,CKSUM.
[30515] Mon Feb 10 15:45:07 2014 :: DN /DC=ch/DC=cern/OU=Organic Units/OU=Users/CN=egough/CN=734735/CN=Erik Gough successfully authorized.
[30515] Mon Feb 10 15:45:07 2014 :: User cms1241 successfully authorized.
[30515] Mon Feb 10 15:45:07 2014 :: Going to do stat on file /store/user/goughes/test6.root.
[30515] Mon Feb 10 15:45:07 2014 :: We are going to open file /store/user/goughes/test6.root.
[30515] Mon Feb 10 15:45:07 2014 :: Open file /store/user/goughes/test6.root with 2 replicas.
[30515] Mon Feb 10 15:45:07 2014 :: Successfully opened file /store/user/goughes/test6.root for user cms1241.
[30515] Mon Feb 10 15:45:07 2014 :: Starting to transfer "/mnt/hadoop/store/user/goughes/test6.root".
[30497] Mon Feb 10 15:45:15 2014 :: Child process 30515 killed by signal 11
[30535] Mon Feb 10 15:45:51 2014 :: Configuration read from /etc/gridftp-hdfs/gridftp.conf.
[30535] Mon Feb 10 15:45:51 2014 :: Server started in inetd mode.
[30535] Mon Feb 10 15:45:51 2014 :: New connection from: gluon.rcac.purdue.edu:56737
[30535] Mon Feb 10 15:45:52 2014 :: Max memory buffer count: 200.
[30535] Mon Feb 10 15:45:52 2014 :: Max file buffer count: 1500.
[30535] Mon Feb 10 15:45:52 2014 :: Checking current load on the server.
[30535] Mon Feb 10 15:45:52 2014 :: Start gridftp server; hadoop nameserver hadoop-name, port 9000, replicas 2.
[30535] Mon Feb 10 15:45:53 2014 :: Checksum algorithms in use: MD5,ADLER32,CRC32,CKSUM.
[30535] Mon Feb 10 15:45:53 2014 :: DN /DC=ch/DC=cern/OU=Organic Units/OU=Users/CN=egough/CN=734735/CN=Erik Gough successfully authorized.
[30535] Mon Feb 10 15:45:53 2014 :: User cms1241 successfully authorized.
[30535] Mon Feb 10 15:45:53 2014 :: Going to do stat on file /store/user/goughes/test7.root.
[30535] Mon Feb 10 15:45:53 2014 :: We are going to open file /store/user/goughes/test7.root.
[30535] Mon Feb 10 15:45:53 2014 :: Open file /store/user/goughes/test7.root with 2 replicas.
[30535] Mon Feb 10 15:45:53 2014 :: Successfully opened file /store/user/goughes/test7.root for user cms1241.
[30535] Mon Feb 10 15:45:53 2014 :: Starting to transfer "/mnt/hadoop/store/user/goughes/test7.root".
[30497] Mon Feb 10 15:45:57 2014 :: Child process 30535 killed by signal 11
[30497] Mon Feb 10 15:47:00 2014 :: Server is shutting down...
[30687] Mon Feb 10 15:47:46 2014 :: Configuration read from /etc/gridftp-hdfs/gridftp.conf.
[30687] Mon Feb 10 15:47:46 2014 :: Server started in daemon mode.
[30689] Mon Feb 10 15:47:53 2014 :: Configuration read from /etc/gridftp-hdfs/gridftp.conf.
[30689] Mon Feb 10 15:47:53 2014 :: Server started in inetd mode.
[30689] Mon Feb 10 15:47:53 2014 :: New connection from: gluon.rcac.purdue.edu:38604
[30689] Mon Feb 10 15:47:54 2014 :: Closed connection from gluon.rcac.purdue.edu:38604
[30687] Mon Feb 10 15:47:54 2014 :: Child process 30689 ended with rc = 0
[30687] Mon Feb 10 15:48:19 2014 :: Server is shutting down...
[30706] Mon Feb 10 15:48:21 2014 :: Configuration read from /etc/gridftp-hdfs/gridftp.conf.
[30706] Mon Feb 10 15:48:21 2014 :: Server started in daemon mode.
[30708] Mon Feb 10 15:48:25 2014 :: Configuration read from /etc/gridftp-hdfs/gridftp.conf.
[30708] Mon Feb 10 15:48:25 2014 :: Server started in inetd mode.
[30708] Mon Feb 10 15:48:25 2014 :: New connection from: gluon.rcac.purdue.edu:34342
[30708] Mon Feb 10 15:48:26 2014 :: Max memory buffer count: 200.
[30708] Mon Feb 10 15:48:26 2014 :: Max file buffer count: 1500.
[30708] Mon Feb 10 15:48:26 2014 :: Checking current load on the server.
[30708] Mon Feb 10 15:48:26 2014 :: Start gridftp server; hadoop nameserver hadoop-name, port 9000, replicas 2.
[30708] Mon Feb 10 15:48:27 2014 :: Checksum algorithms in use: MD5,ADLER32,CRC32,CKSUM.
[30708] Mon Feb 10 15:48:27 2014 :: DN /DC=ch/DC=cern/OU=Organic Units/OU=Users/CN=egough/CN=734735/CN=Erik Gough successfully authorized.
[30708] Mon Feb 10 15:48:27 2014 :: User cms1241 successfully authorized.
[30708] Mon Feb 10 15:48:28 2014 :: Going to do stat on file /store/user/goughes/test6.root.
[30708] Mon Feb 10 15:48:28 2014 :: We are going to open file /store/user/goughes/test6.root.
[30708] Mon Feb 10 15:48:28 2014 :: Open file /store/user/goughes/test6.root with 2 replicas.
[30708] Mon Feb 10 15:48:28 2014 :: Successfully opened file /store/user/goughes/test6.root for user cms1241.
[30708] Mon Feb 10 15:48:28 2014 :: Starting to transfer "/mnt/hadoop/store/user/goughes/test6.root".
[30708] Mon Feb 10 15:48:33 2014 :: receive 127 blocks of size 1048576 bytes
[30708] Mon Feb 10 15:48:33 2014 :: Trying to close file in HDFS; zero outstanding blocks.
[30708] Mon Feb 10 15:48:33 2014 :: receive 2 blocks of size 0 bytes
[30708] Mon Feb 10 15:48:33 2014 :: Finished transferring "/mnt/hadoop/store/user/goughes/test6.root".
[30708] Mon Feb 10 15:48:34 2014 :: Closed connection from gluon.rcac.purdue.edu:34342
[30708] Mon Feb 10 15:48:34 2014 :: Destroying the HDFS connection.
[30706] Mon Feb 10 15:48:34 2014 :: Child process 30708 ended with rc = 0
[30724] Mon Feb 10 15:48:38 2014 :: Configuration read from /etc/gridftp-hdfs/gridftp.conf.
[30724] Mon Feb 10 15:48:38 2014 :: Server started in inetd mode.
[30724] Mon Feb 10 15:48:38 2014 :: New connection from: gluon.rcac.purdue.edu:54928
[30724] Mon Feb 10 15:48:38 2014 :: Max memory buffer count: 200.
[30724] Mon Feb 10 15:48:38 2014 :: Max file buffer count: 1500.
[30724] Mon Feb 10 15:48:38 2014 :: Checking current load on the server.
[30724] Mon Feb 10 15:48:38 2014 :: Start gridftp server; hadoop nameserver hadoop-name, port 9000, replicas 2.
[30724] Mon Feb 10 15:48:39 2014 :: Checksum algorithms in use: MD5,ADLER32,CRC32,CKSUM.
[30724] Mon Feb 10 15:48:39 2014 :: DN /DC=ch/DC=cern/OU=Organic Units/OU=Users/CN=egough/CN=734735/CN=Erik Gough successfully authorized.
[30724] Mon Feb 10 15:48:39 2014 :: User cms1241 successfully authorized.
[30724] Mon Feb 10 15:48:40 2014 :: Going to do stat on file /store/user/goughes/test7.root.
[30724] Mon Feb 10 15:48:40 2014 :: We are going to open file /store/user/goughes/test7.root.
[30724] Mon Feb 10 15:48:40 2014 :: Open file /store/user/goughes/test7.root with 2 replicas.
[30724] Mon Feb 10 15:48:40 2014 :: Successfully opened file /store/user/goughes/test7.root for user cms1241.
[30724] Mon Feb 10 15:48:40 2014 :: Starting to transfer "/mnt/hadoop/store/user/goughes/test7.root".
[30706] Mon Feb 10 15:48:43 2014 :: Child process 30724 killed by signal 11
[30706] Mon Feb 10 16:07:40 2014 :: Server is shutting down...
[35696] Mon Feb 10 16:07:42 2014 :: Configuration read from /etc/gridftp-hdfs/gridftp.conf.
[35696] Mon Feb 10 16:07:42 2014 :: Server started in daemon mode.
[35696] Mon Feb 10 16:08:16 2014 :: Child process 35698 killed by signal 11
[35696] Mon Feb 10 16:08:29 2014 :: Child process 35713 killed by signal 11
[35696] Mon Feb 10 16:08:36 2014 :: Server is shutting down...
[35742] Mon Feb 10 16:08:38 2014 :: Configuration read from /etc/gridftp-hdfs/gridftp.conf.
[35742] Mon Feb 10 16:08:38 2014 :: Server started in daemon mode.
[35742] Mon Feb 10 16:09:00 2014 :: Child process 35746 killed by signal 11
[35742] Mon Feb 10 16:09:28 2014 :: Child process 35761 killed by signal 11
[35742] Mon Feb 10 16:09:49 2014 :: Server is shutting down...
[35914] Mon Feb 10 16:11:22 2014 :: Configuration read from /etc/gridftp-hdfs/gridftp.conf.
[35914] Mon Feb 10 16:11:22 2014 :: Server started in daemon mode.
[35914] Mon Feb 10 16:11:30 2014 :: Child process 35916 killed by signal 11
[35914] Mon Feb 10 16:14:03 2014 :: Child process 35962 killed by signal 11
[35914] Mon Feb 10 16:15:21 2014 :: Server is shutting down...
[36235] Mon Feb 10 16:15:23 2014 :: Configuration read from /etc/gridftp-hdfs/gridftp.conf.
[36235] Mon Feb 10 16:15:23 2014 :: Server started in daemon mode.
[36235] Mon Feb 10 16:15:31 2014 :: Child process 36237 killed by signal 11
[36235] Mon Feb 10 16:16:23 2014 :: Server is shutting down...
[36537] Mon Feb 10 16:20:36 2014 :: Configuration read from /etc/gridftp-hdfs/gridftp.conf.
[36537] Mon Feb 10 16:20:36 2014 :: Server started in daemon mode.
[36539] Mon Feb 10 16:20:46 2014 :: Configuration read from /etc/gridftp-hdfs/gridftp.conf.
[36539] Mon Feb 10 16:20:46 2014 :: Server started in inetd mode.
[36539] Mon Feb 10 16:20:46 2014 :: New connection from: gluon.rcac.purdue.edu:46117
[36539] Mon Feb 10 16:20:47 2014 :: Closed connection from gluon.rcac.purdue.edu:46117
[36537] Mon Feb 10 16:20:47 2014 :: Child process 36539 ended with rc = 0
[36537] Mon Feb 10 16:21:19 2014 :: Server is shutting down...
[36558] Mon Feb 10 16:21:21 2014 :: Configuration read from /etc/gridftp-hdfs/gridftp.conf.
[36558] Mon Feb 10 16:21:21 2014 :: Server started in daemon mode.
[36558] Mon Feb 10 16:21:28 2014 :: Child process 36560 killed by signal 11
[36558] Mon Feb 10 16:22:20 2014 :: Server is shutting down...
[36674] Mon Feb 10 16:22:34 2014 :: Configuration read from /etc/gridftp.conf.
[36674] Mon Feb 10 16:22:34 2014 :: Server started in daemon mode.
[36674] Mon Feb 10 16:22:40 2014 :: Server is shutting down...
[36752] Mon Feb 10 16:24:20 2014 :: Configuration read from /etc/gridftp-hdfs/gridftp.conf.
[36752] Mon Feb 10 16:24:20 2014 :: Server started in daemon mode.
[36752] Mon Feb 10 16:24:32 2014 :: Child process 36754 killed by signal 11
[36752] Mon Feb 10 16:37:41 2014 :: Server is shutting down...
[37025] Mon Feb 10 16:40:38 2014 :: Configuration read from /etc/gridftp-hdfs/gridftp.conf.
[37025] Mon Feb 10 16:40:38 2014 :: Server started in daemon mode.
[37025] Mon Feb 10 16:40:44 2014 :: Server is shutting down...
[37051] Mon Feb 10 16:41:09 2014 :: Configuration read from /etc/gridftp-hdfs/gridftp.conf.
[37051] Mon Feb 10 16:41:09 2014 :: Server started in daemon mode.
[37051] Mon Feb 10 16:41:17 2014 :: Child process 37054 killed by signal 11
[37051] Mon Feb 10 16:41:30 2014 :: Child process 37069 killed by signal 11
[37051] Mon Feb 10 16:41:39 2014 :: Child process 37084 killed by signal 11
[37051] Mon Feb 10 16:43:34 2014 :: Server is shutting down...
[37123] Mon Feb 10 16:43:36 2014 :: Configuration read from /etc/gridftp-hdfs/gridftp.conf.
[37123] Mon Feb 10 16:43:36 2014 :: Server started in daemon mode.
[37123] Mon Feb 10 16:43:36 2014 :: Server is shutting down...
[37148] Mon Feb 10 16:43:38 2014 :: Configuration read from /etc/gridftp-hdfs/gridftp.conf.
[37148] Mon Feb 10 16:43:38 2014 :: Server started in daemon mode.
[37148] Mon Feb 10 16:43:48 2014 :: Server is shutting down...
[37163] Mon Feb 10 16:43:51 2014 :: Configuration read from /etc/gridftp-hdfs/gridftp.conf.
[37163] Mon Feb 10 16:43:51 2014 :: Server started in daemon mode.
[37163] Mon Feb 10 16:43:59 2014 :: Child process 37165 killed by signal 11
[37163] Mon Feb 10 16:45:50 2014 :: Child process 37185 killed by signal 11
[37163] Mon Feb 10 16:46:26 2014 :: Server is shutting down...
[37305] Mon Feb 10 16:47:08 2014 :: Configuration read from /etc/gridftp-hdfs/gridftp.conf.
[37305] Mon Feb 10 16:47:08 2014 :: Server started in daemon mode.
[37305] Mon Feb 10 16:47:15 2014 :: Child process 37307 killed by signal 11
