Job Name: 16ef67cc-7cd8-11e7-b4db-02163e0184a6-1002
WMBS job id: 1696900
Workflow: prebello_Run2016B-v2-JetHT-07Aug17_ver2_8029_170807_154818_3671
Task: /prebello_Run2016B-v2-JetHT-07Aug17_ver2_8029_170807_154818_3671/DataProcessing
Status: jobcooloff
Input dataset: /JetHT/Run2016B-v2/RAW
Site: T1_US_FNAL
Agent: vocms0126.cern.ch
ACDC URL: https://cmsweb.cern.ch/couchdb/acdcserver
State Transition
Exit code: 99303
Retry count: 2
Errors:
NoJobReport
NoJobReport (Exit Code: 99303)
Could not find jobReport
Adding end of condor.30522.130.out to error message:

  ShadowVersion = "$CondorVersion: 8.6.3 May 08 2017 BuildID: 404928 $"
  ShouldTransferFiles = "YES"
  StartdIpAddr = "<10.0.20.62:42648?CCBID=131.225.205.232:9697%3faddrs%3d131.225.205.232-9697#494815%20188.184.83.197:9697%3faddrs%3d188.184.83.197-9697#3113273&addrs=10.0.20.62-42648+[--1]-42648&noUDP>"
  StartdPrincipal = "execute-side@matchsession/129.59.197.22"
  StreamErr = false
  StreamOut = false
  TargetType = "Machine"
  TotalSubmitProcs = 200
  TotalSuspensions = 0
  TransferIn = false
  TransferInput = "/data/srv/wmagent/v1.1.4.patch2/install/wmagent/WorkQueueManager/cache/prebello_Run2016B-v2-JetHT-07Aug17_ver2_8029_170807_154818_3671/prebello_Run2016B-v2-JetHT-07Aug17_ver2_8029_170807_154818_3671-Sandbox.tar.bz2,/data/srv/wmagent/v1.1.4.patch2/install/wmagent/WorkQueueManager/cache/prebello_Run2016B-v2-JetHT-07Aug17_ver2_8029_170807_154818_3671/PackageCollection_0/batch_1704983-0/JobPackage.pkl,/data/srv/wmagent/v1.1.4.patch2/sw/slc6_amd64_gcc493/cms/wmagent/1.1.4.patch2/lib/python2.7/site-packages/WMCore/WMRuntime/Unpacker.py"
  TransferOutput = "Report.2.pkl"
  TransferSocket = "<188.184.83.168:4080?addrs=188.184.83.168-4080&noUDP&sock=10185_00f7_1186833>"
  UidDomain = "cms"
  User = "cmst1@cms"
  UserLog = strcat(Iwd,"/condor.",ClusterId,".",ProcId,".log")
  UserLogUseXML = true
  WMAgent_AgentName = "WMAgentCommissioning"
  WMAgent_JobID = 1696900
  WMAgent_PostJobPrio1 = -1
  WMAgent_PostJobPrio2 = -10552
  WMAgent_RequestName = "prebello_Run2016B-v2-JetHT-07Aug17_ver2_8029_170807_154818_3671"
  WMAgent_SubTaskName = "/prebello_Run2016B-v2-JetHT-07Aug17_ver2_8029_170807_154818_3671/DataProcessing"
  WMCore_ResizeJob = false
  WantCheckpoint = false
  WantRemoteIO = true
  WantRemoteSyscalls = false
  WhenToTransferOutput = "ON_EXIT"
  x509UserProxyEmail = "alan.malta@cern.ch"
  x509UserProxyExpiration = 1502880901
  x509UserProxyFQAN = "/DC=ch/DC=cern/OU=Organic Units/OU=Users/CN=amaltaro/CN=718748/CN=Alan Malta Rodrigues,/cms/Role=production/Capability=NULL,/cms/Role=NULL/Capability=NULL,/cms/uscms/Role=NULL/Capability=NULL"
  x509UserProxyFirstFQAN = "/cms/Role=production/Capability=NULL"
  x509UserProxyVOName = "cms"
  x509userproxy = "/data/certs/myproxy.pem"
  x509userproxysubject = "/DC=ch/DC=cern/OU=Organic Units/OU=Users/CN=amaltaro/CN=718748/CN=Alan Malta Rodrigues"
======== HTCondor jobAds finished at Wed Aug  9 13:09:50 GMT 2017 ========

======== WMAgent validate arguments starting at Wed Aug  9 13:09:50 GMT 2017 ========
======== WMAgent validate arguments finished at Wed Aug  9 13:09:50 GMT 2017 ========

======== WMAgent CMS environment load starting at Wed Aug  9 13:09:50 GMT 2017 ========
ERROR: Vanderbilt's local stageout scripts don't exist
       The current node vmp1358 is broken!
======== WMAgent final job runtime checks STARTING at Wed Aug  9 13:09:50 GMT 2017 ========
Wed Aug  9 13:09:50 GMT 2017: Job Runtime in seconds:  0
Wed Aug  9 13:09:50 GMT 2017: Job bootstrap script exited:  1
Wed Aug  9 13:09:50 GMT 2017: Job execution exited: 
Wed Aug  9 13:09:50 GMT 2017: Job runtime is less than 300 seconds. Sleeping  300
======== WMAgent final job runtime checks FINISHED at Wed Aug  9 13:14:50 GMT 2017 ========



Adding end of condor.30522.130.err to error message:

WARNING: Not mounting requested bind point (already mounted in container): /srv


Adding end of condor.30522.130.log to error message:

    28
    T2_US_Vanderbilt
    T1_US_FNAL


    130
    2017-08-09T15:14:51
    
    3.586953000000000E+06
    Usr 0 00:00:00, Sys 0 00:00:00
    1
    3.586953000000000E+06
    9.867000000000000E+03
    Usr 0 00:00:00, Sys 0 00:00:00
    Usr 0 00:00:00, Sys 0 00:00:00
    JobTerminatedEvent
    Usr 0 00:00:00, Sys 0 00:00:00
    30522
    0
    5
    9.867000000000000E+03


    9.867000000000000E+03
    3.586953000000000E+06
    Usr 0 00:00:00, Sys 0 00:00:00
    T1_US_FNAL
    1
    1696900
    T2_US_Vanderbilt
    2
    ULOG_JOB_TERMINATED
    0
    Usr 0 00:00:00, Sys 0 00:00:00
    JobAdInformationEvent
    2017-08-09T15:14:51
    130
    
    Usr 0 00:00:00, Sys 0 00:00:00
    1502284183
    1502284183
    30522
    9.867000000000000E+03
    1502283921
    28
    5
    3.586953000000000E+06
    Usr 0 00:00:00, Sys 0 00:00:00
    T1_US_FNAL,T2_CH_CERN,T2_US_Caltech,T2_US_Florida,T2_US_MIT,T2_US_Nebraska,T2_US_Purdue,T2_US_UCSD,T2_US_Vanderbilt,T2_US_Wisconsin,T3_US_NERSC



Input files:
Lumis:
Output:
log archive:



