/local_scratch/glide_yyvT0Z/execute/dir_11183/condor_exec.exe: line 53: ulimit: max memory size: cannot modify limit: Operation not permitted
/local_scratch/glide_yyvT0Z/execute/dir_11183/condor_exec.exe: line 72: kinit: command not found
AMSCommonsI-I-HardwareIdentifiedAs Linux 2.6.32-504.16.2.el6.x86_64 x86_64
AMSCommonsI-I-Identified as LittleEndian 64 bit machine. 4294967295
AMSCommonsI-I-amsdatabase /cvmfs/ams.cern.ch/Offline/AMSDataDir/DataBase/
AMSCommonsI-I-SystemIdentified as  Intel(R) Xeon(R) CPU           E5345  @ 2.33GHz
AMSCommonsI-I-ComputerEvaluatedAsMips 3724
AMS Software version v5.01/1064/12 build Tue Feb 23 05:26:59 2016

  thread 0
AMSaPool::SetLastResort-I-ResortSet 80000000
AMSaPool::SetLastResort-I-ResortSet 80000000

 MZSTOR.  ZEBRA table base TAB(0) in /MZCC/ at adr   198764039     BD8E607 HEX

 MZSTOR.  Initialize Store  0  in /GCBANK/
          with Store/Table at absolute adrs   138870381   198764039
                                        HEX     846FE6D     BD8E607
                                        HEX    FC6E169A           0
                              relative adrs   -59894118           0
          with     1 Str. in     2 Links in   5300 Low words in14999970 words.
          This store has a fence of   16 words.

 MZLOGL.  Set Log Level 0 for store  0

 MZSTOR.  Initialize Store  1  in /PAWC/  
          with Store/Table at absolute adrs   153870369   155169960
                                        HEX     92BE021     93FB4A8
                                        HEX    FD52F84E    FD66CEA1
                              relative adrs   -44894130   -43594079
          with     1 Str. in     1 Links in   5001 Low words in 1299990 words.
          This store has a fence of    5 words.

 MZLINK.  Initialize Link Area  /HCBOOK/  for Store  1 NL/NS=    49     4
1*****  GEANT Version  3.21/14 Released on 19032002
0*****  Correction Cradle Version  0.1400
   AMS Software version v5.01/1064/12 build Tue Feb 23 05:26:59 2016

1           USER'S DIRECTIVES TO RUN THIS JOB
            ----------------------------------


 ***** DATA CARD CONTENT     LIST                                                                            
 ***** DATA CARD CONTENT     MCGEN 25=10102013 27=11102013 26=32245 28=184258                                
 ***** DATA CARD CONTENT     C  generate b10 from 3.9m cube top plane (log spectrum) l1 focused from 5 to 100
 ***** DATA CARD CONTENT                                                                                     
 ***** DATA CARD CONTENT     C OPENCLOSE=3                                                                   
 ***** DATA CARD CONTENT     C ROOTNTUPLE                                                                    
 ***** DATA CARD CONTENT     C PART=65                                                                       
 ***** DATA CARD CONTENT     C PMIN=5.                                                                       
 ***** DATA CARD CONTENT     C PMAX=10000.                                                                   
 ***** DATA CARD CONTENT     C TIMBEG=01062011                                                               
 ***** DATA CARD CONTENT     C TIMEND=26112015                                                               
 ***** DATA CARD CONTENT     C EXCLTIMBEG=29092014                                                           
 ***** DATA CARD CONTENT     C EXCLTIMEND=28112014                                                           
 ***** DATA CARD CONTENT     C TOTALEVENTS=10000000000                                                       
 ***** DATA CARD CONTENT     C CPUPEREVENTPERGHZ=0.2527                                                      
 ***** DATA CARD CONTENT     C THREADS=16                                                                    
 ***** DATA CARD CONTENT                                                                                     
 ***** DATA CARD CONTENT     LIST                                                                            
 ***** DATA CARD CONTENT     G4FF 4=1 6=0                                                                    
 ***** DATA CARD CONTENT     MISC 4=0 5=1                                                                    
 ***** DATA CARD CONTENT     ECMC 6=28.81 33=0.02 36=0.0108 37=0.0108                                        
 ***** DATA CARD CONTENT     TRDMC 48=1.                                                                     
 ***** DATA CARD CONTENT     CALIB 4=1111                                                                    
 ***** DATA CARD CONTENT     TRMC 608=0. 609=0. 610=0. 611=0.                                                
 ***** DATA CARD CONTENT     TKGEOM 807=1                                                                    
 ***** DATA CARD CONTENT                                                                                     
 ***** DATA CARD CONTENT     RICR 1=11 2=1 3=1 4=1                                                           
 ***** DATA CARD CONTENT     TRMC 608=0. 609=0. 610=0. 611=0.                                                
 ***** DATA CARD CONTENT                                                                                     
 ***** DATA CARD CONTENT                                                                                     
 ***** DATA CARD CONTENT     KINE 65                                                                         
 ***** DATA CARD CONTENT     LOSS 1                                                                          
 ***** DATA CARD CONTENT     HADR 1                                                                          
 ***** DATA CARD CONTENT     MULS 1                                                                          
 ***** DATA CARD CONTENT     CUTS 1=0.0005 2=0.0005 3=0.001 4=0.001 5=0.001                                  
 ***** DATA CARD CONTENT     TRIG 189000                                                                     
 ***** DATA CARD CONTENT     DEBUG -1 10 1000                                                                
 ***** DATA CARD CONTENT     MCGEN  12=0. 13=4.994 14=10049.218 15=1 19=671171844  20=5 21=0 34=4            
 ***** DATA CARD CONTENT     IOPA 1=0 168=18000000 170=1064 127=-2 128='                                     
 ***** DATA CARD CONTENT     ./pl1/65'                                                                       
 ***** DATA CARD CONTENT     43=101 45='TriggerLVL1 ' 126=199999                                             
 ***** DATA CARD CONTENT     RNDM 578163957 2146800218                                                       
 ***** DATA CARD CONTENT     C      Simul Debug    CpuLim  Read Write Jobname                                
 ***** DATA CARD CONTENT     AMSJOB 1=10000   2=0      3=30.000   4=0  5=0                                   
 ***** DATA CARD CONTENT     C Special HP-UX                                                                 
 ***** DATA CARD CONTENT     TIME 3=10000000                                                                 
 ***** DATA CARD CONTENT     TERM 1234567890                                                                 
 ***** DATA CARD CONTENT     L3REC 11=0                                                                      
 ***** DATA CARD CONTENT     C MAGS 1=1                                                                      
 ***** DATA CARD CONTENT     TRMC 647=2 648=1 649=1                                                          
 ***** DATA CARD CONTENT     MISC 8=1                                                                        
 ***** DATA CARD CONTENT     DAQC 1=610 42='./'                                                              
 ***** DATA CARD CONTENT     G4FF 7=2056 20=1.06 21=2.5 22=0.15 24=0.85                                      
 ***** DATA CARD CONTENT     TRCL 1=11111 76=2                                                               
 ***** DATA CARD CONTENT     END                                                                             
HistoMan::BookHistos: Directory HistoMan created in memory 3
Preparing for OPool Released
AMSaPool::ReleaseLastResort-I- last resort released 
OPool Released a
gbatch-catch-F-NoMemoryAvailable 
           **** RANDOM NUMBER GENERATOR AFTER LAST COMPLETE EVENT 1299961164 832986984
           **** NUMBER OF EVENTS PROCESSED = 0
           **** TIME TO PROCESS ONE EVENT IS = inf SECONDS 
   ~AMSJob called 
 HCDIR. UNKNOWN DIRECTORY //PAWC/GEN                                                                                
 In TKENDJOB 
   tkendjob finished
   tof2endjob finished

   anti2endjob finished
   EcalEndJob:noTFAskip=1
   ecalendjob finished
   trdendjob finished
IN RichPMTsManager::Finish_Default 0 0x736de34
RichTileManager finishing
   richendjob finished
   dbendjob finished
   axendjob finished
   uhend finished

    ============ LVL1-PreDecoding statistics =============

 LVL1-segment entries                :        0

    ============ LVL1-Decoding statistics =============

 LVL1-segment entries                :        0

    ============ LVL1-RECO statistics =============

 entries(MC/RD)                      :      0
 MC: globFTriger(incl ext) OK      :      0
 MC: with FTC(tofZ>=1) included    :      0
 MC: with FTC&BZ(Z>=2) included    :      0
 MC: with FTZ(tofSlowZ>=2) included:      0
 MC: with FTZ at missing FTC       :      0
 MC: with FTE(EcalEnergy) included :      0
 MC: with FTE at missing TOF-FT    :      0
 MC: with EXT(Ext.trig) included   :      0
 MC: LVL1 conditions satisfied     :      0
 MC:   + ScalerRate/LiveTime OK    :      0
   ================================================

    ====================== JOB LVL3-statistics ======================

 LVL3-build entries         :      0
 LVL1 OK                    :      0
 TOF-dir build entries      :      0
     dir info found         :      0
 EC-EM/TRACK build entries  :      0
    fired(>=MIP)            :      0
    EM or HE(>20gev) found  :      0
 EC-TRACK-build entries     :      0
    fired(>=MIP)            :      0
    EC-track found          :      0
 TOF/TRD-path found         :      0
    +  EC-track found       :      0
    +  EC-track matched     :      0
 LVL3 OK                    :      0

    =================================================================

    ======================= TrRecon statistics ======================

 Events in total             :        -1
 Cut by MaxNrawCls    (2000) :         0 (-0.000)
 Cut by MaxNtrCls_ldt (1000) :         0 (-0.000)
 Cut by MaxNtrCls     (1000) :         0 (-0.000)
 Cut by MaxNtrHit     ( 100) :         0 (-0.000)
 Cut by CpuLimit      (1000) :         0 (-0.000)
 TrRecon::Cpu time    (s/ev) :    -0.0000

 Events with >0 track        :         1 (-1.000)
  with all-plI  track        :         0 (0.000)
  with half-L1N track        :         0 (0.000)
  with half-L9  track        :         0 (0.000)
  with fullspan track        :         0 (0.000)
 Events with >1 track        :         0 (-0.000)
 Photon candidates           :         0 (-0.000)
    =================================================================

pntuple deleted
producer deleted
           Name      Type     Entries        
           Name      Entries          Min      Average          Max          Sum
Nskip 0 Nskip2 0
/local_scratch/glide_yyvT0Z/execute/dir_11183/condor_exec.exe: line 150: kinit: command not found
grep: ./MCProducer/0671171844.journal: No such file or directory
Error accessing path/file for ./MCProducer/0671171844.journal
/local_scratch/glide_yyvT0Z/execute/dir_11183/condor_exec.exe: line 171: globus-url-copy: command not found
/local_scratch/glide_yyvT0Z/execute/dir_11183/condor_exec.exe: line 174: globus-url-copy: command not found
/local_scratch/glide_yyvT0Z/execute/dir_11183/condor_exec.exe: line 177: globus-url-copy: command not found
