000 (8136817.000.000) 06/20 12:23:23 Job submitted from host: <131.225.67.102:9615?addrs=131.225.67.102-9615&noUDP&sock=25490_12e1>
    DAG Node: Section_63
...
028 (8136817.000.000) 06/20 12:23:23 Job ad information event triggered.
JOB_GLIDEIN_Name = "$$(GLIDEIN_Name:Unknown)"
JOB_Site = "$$(GLIDEIN_Site:Unknown)"
Proc = 0
JOB_GLIDEIN_Entry_Name = "$$(GLIDEIN_Entry_Name:Unknown)"
EventTime = "2016-06-20T12:23:23"
TriggerEventTypeName = "ULOG_SUBMIT"
SubmitHost = "<131.225.67.102:9615?addrs=131.225.67.102-9615&noUDP&sock=25490_12e1>"
JOB_GLIDEIN_SiteWMS_Queue = "$$(GLIDEIN_SiteWMS_Queue:Unknown)"
TriggerEventTypeNumber = 0
JOB_GLIDEIN_Site = "$$(GLIDEIN_Site:Unknown)"
LogNotes = "DAG Node: Section_63"
JOB_GLIDEIN_SiteWMS_JobId = "$$(GLIDEIN_SiteWMS_JobId:Unknown)"
MyType = "SubmitEvent"
JOB_GLIDEIN_ProcId = "$$(GLIDEIN_ProcId:Unknown)"
JOB_GLIDEIN_Schedd = "$$(GLIDEIN_Schedd:Unknown)"
JOB_GLIDEIN_ClusterId = "$$(GLIDEIN_ClusterId:Unknown)"
Cluster = 8136817
JOB_GLIDEIN_Factory = "$$(GLIDEIN_Factory:Unknown)"
JOB_GLIDEIN_SiteWMS_Slot = "$$(GLIDEIN_SiteWMS_Slot:Unknown)"
Subproc = 0
EventTypeNumber = 28
JOB_GLIDEIN_SiteWMS = "$$(GLIDEIN_SiteWMS:Unknown)"
...
001 (8136817.000.000) 06/20 21:01:57 Job executing on host: <18.12.9.8:35101?CCBID=131.225.67.218:9630%3faddrs%3d131.225.67.218-9630#4928434%20131.225.67.219:9630%3faddrs%3d131.225.67.219-9630#4927153&noUDP>
...
028 (8136817.000.000) 06/20 21:01:57 Job ad information event triggered.
JOB_GLIDEIN_Name = "gfactory_instance"
JOB_Site = "MIT"
Proc = 0
JOB_GLIDEIN_Entry_Name = "CMSHTPC_T2_US_MIT_ce01"
EventTime = "2016-06-20T21:01:57"
TriggerEventTypeName = "ULOG_EXECUTE"
JOB_GLIDEIN_SiteWMS_Queue = "ce01.cmsaf.mit.edu"
TriggerEventTypeNumber = 1
ExecuteHost = "<18.12.9.8:35101?CCBID=131.225.67.218:9630%3faddrs%3d131.225.67.218-9630#4928434%20131.225.67.219:9630%3faddrs%3d131.225.67.219-9630#4927153&noUDP>"
JOB_GLIDEIN_Site = "MIT"
JOB_GLIDEIN_SiteWMS_JobId = "3143.0"
MyType = "ExecuteEvent"
JOB_GLIDEIN_ProcId = "0"
JOB_GLIDEIN_Schedd = "schedd_glideins4@glidein.grid.iu.edu"
JOB_GLIDEIN_ClusterId = "3324578"
Cluster = 8136817
JOB_GLIDEIN_Factory = "OSGGOC"
JOB_GLIDEIN_SiteWMS_Slot = "slot1_1@t2bat0264.cmsaf.mit.edu"
Subproc = 0
EventTypeNumber = 28
JOB_GLIDEIN_SiteWMS = "HTCondor"
...
006 (8136817.000.000) 06/20 21:02:06 Image size of job updated: 296232
	10  -  MemoryUsage of job (MB)
	9796  -  ResidentSetSize of job (KB)
...
028 (8136817.000.000) 06/20 21:02:06 Job ad information event triggered.
JOB_Site = "MIT"
JOB_GLIDEIN_Name = "gfactory_instance"
Size = 296232
Proc = 0
JOB_GLIDEIN_Entry_Name = "CMSHTPC_T2_US_MIT_ce01"
EventTime = "2016-06-20T21:02:06"
TriggerEventTypeName = "ULOG_IMAGE_SIZE"
JOB_GLIDEIN_SiteWMS_Queue = "ce01.cmsaf.mit.edu"
MemoryUsage = 10
TriggerEventTypeNumber = 6
JOB_GLIDEIN_Site = "MIT"
JOB_GLIDEIN_SiteWMS_JobId = "3143.0"
MyType = "JobImageSizeEvent"
JOB_GLIDEIN_ProcId = "0"
JOB_GLIDEIN_Schedd = "schedd_glideins4@glidein.grid.iu.edu"
JOB_GLIDEIN_ClusterId = "3324578"
Cluster = 8136817
JOB_GLIDEIN_Factory = "OSGGOC"
JOB_GLIDEIN_SiteWMS_Slot = "slot1_1@t2bat0264.cmsaf.mit.edu"
Subproc = 0
ResidentSetSize = 9796
EventTypeNumber = 28
JOB_GLIDEIN_SiteWMS = "HTCondor"
...
022 (8136817.000.000) 06/20 21:02:28 Job disconnected, attempting to reconnect
    Socket between submit and execute hosts closed unexpectedly
    Trying to reconnect to slot1@glidein_5521_306874080@t2bat0264.cmsaf.mit.edu <18.12.9.8:35101?CCBID=131.225.67.218:9630%3faddrs%3d131.225.67.218-9630#4928434%20131.225.67.219:9630%3faddrs%3d131.225.67.219-9630#4927153&noUDP>
...
028 (8136817.000.000) 06/20 21:02:28 Job ad information event triggered.
StartdAddr = "<18.12.9.8:35101?CCBID=131.225.67.218:9630%3faddrs%3d131.225.67.218-9630#4928434%20131.225.67.219:9630%3faddrs%3d131.225.67.219-9630#4927153&noUDP>"
JOB_GLIDEIN_Name = "gfactory_instance"
JOB_GLIDEIN_ClusterId = "3324578"
JOB_GLIDEIN_SiteWMS = "HTCondor"
EventTypeNumber = 28
Subproc = 0
JOB_GLIDEIN_SiteWMS_Slot = "slot1_1@t2bat0264.cmsaf.mit.edu"
MyType = "JobDisconnectedEvent"
TriggerEventTypeName = "ULOG_JOB_DISCONNECTED"
JOB_Site = "MIT"
JOB_GLIDEIN_Site = "MIT"
Proc = 0
EventTime = "2016-06-20T21:02:28"
DisconnectReason = "Socket between submit and execute hosts closed unexpectedly"
TriggerEventTypeNumber = 22
JOB_GLIDEIN_Schedd = "schedd_glideins4@glidein.grid.iu.edu"
Cluster = 8136817
StartdName = "slot1@glidein_5521_306874080@t2bat0264.cmsaf.mit.edu"
JOB_GLIDEIN_Entry_Name = "CMSHTPC_T2_US_MIT_ce01"
JOB_GLIDEIN_ProcId = "0"
JOB_GLIDEIN_Factory = "OSGGOC"
JOB_GLIDEIN_SiteWMS_Queue = "ce01.cmsaf.mit.edu"
JOB_GLIDEIN_SiteWMS_JobId = "3143.0"
EventDescription = "Job disconnected, attempting to reconnect"
...
024 (8136817.000.000) 06/20 22:02:28 Job reconnection failed
    Job disconnected too long: JobLeaseDuration (3600 seconds) expired
    Can not reconnect to slot1@glidein_5521_306874080@t2bat0264.cmsaf.mit.edu, rescheduling job
...
028 (8136817.000.000) 06/20 22:02:28 Job ad information event triggered.
JOB_Site = "MIT"
JOB_GLIDEIN_Name = "gfactory_instance"
Proc = 0
JOB_GLIDEIN_Entry_Name = "CMSHTPC_T2_US_MIT_ce01"
EventTime = "2016-06-20T22:02:28"
TriggerEventTypeName = "ULOG_JOB_RECONNECT_FAILED"
JOB_GLIDEIN_SiteWMS_Queue = "ce01.cmsaf.mit.edu"
TriggerEventTypeNumber = 24
JOB_GLIDEIN_Site = "MIT"
JOB_GLIDEIN_SiteWMS_JobId = "3143.0"
MyType = "JobReconnectFailedEvent"
JOB_GLIDEIN_ProcId = "0"
JOB_GLIDEIN_Schedd = "schedd_glideins4@glidein.grid.iu.edu"
JOB_GLIDEIN_ClusterId = "3324578"
StartdName = "slot1@glidein_5521_306874080@t2bat0264.cmsaf.mit.edu"
Cluster = 8136817
JOB_GLIDEIN_Factory = "OSGGOC"
Reason = "Job disconnected too long: JobLeaseDuration (3600 seconds) expired"
JOB_GLIDEIN_SiteWMS_Slot = "slot1_1@t2bat0264.cmsaf.mit.edu"
Subproc = 0
EventTypeNumber = 28
EventDescription = "Job reconnect impossible: rescheduling job"
JOB_GLIDEIN_SiteWMS = "HTCondor"
...
001 (8136817.000.000) 06/20 23:34:34 Job executing on host: <18.12.8.206:51797?CCBID=131.225.67.218:9623%3faddrs%3d131.225.67.218-9623#4944719%20131.225.67.219:9623%3faddrs%3d131.225.67.219-9623#4943625&noUDP>
...
028 (8136817.000.000) 06/20 23:34:34 Job ad information event triggered.
JOB_GLIDEIN_Name = "gfactory_instance"
JOB_Site = "MIT"
Proc = 0
JOB_GLIDEIN_Entry_Name = "CMSHTPC_T2_US_MIT_ce01"
EventTime = "2016-06-20T23:34:34"
TriggerEventTypeName = "ULOG_EXECUTE"
JOB_GLIDEIN_SiteWMS_Queue = "ce01.cmsaf.mit.edu"
TriggerEventTypeNumber = 1
ExecuteHost = "<18.12.8.206:51797?CCBID=131.225.67.218:9623%3faddrs%3d131.225.67.218-9623#4944719%20131.225.67.219:9623%3faddrs%3d131.225.67.219-9623#4943625&noUDP>"
JOB_GLIDEIN_Site = "MIT"
JOB_GLIDEIN_SiteWMS_JobId = "3300.0"
MyType = "ExecuteEvent"
JOB_GLIDEIN_ProcId = "9"
JOB_GLIDEIN_Schedd = "schedd_glideins4@glidein.grid.iu.edu"
JOB_GLIDEIN_ClusterId = "3324822"
Cluster = 8136817
JOB_GLIDEIN_Factory = "OSGGOC"
JOB_GLIDEIN_SiteWMS_Slot = "slot1_1@t2bat0206.cmsaf.mit.edu"
Subproc = 0
EventTypeNumber = 28
JOB_GLIDEIN_SiteWMS = "HTCondor"
...
006 (8136817.000.000) 06/20 23:44:44 Image size of job updated: 300000
	13  -  MemoryUsage of job (MB)
	12968  -  ResidentSetSize of job (KB)
...
028 (8136817.000.000) 06/20 23:44:44 Job ad information event triggered.
JOB_Site = "MIT"
JOB_GLIDEIN_Name = "gfactory_instance"
Size = 300000
Proc = 0
JOB_GLIDEIN_Entry_Name = "CMSHTPC_T2_US_MIT_ce01"
EventTime = "2016-06-20T23:44:44"
TriggerEventTypeName = "ULOG_IMAGE_SIZE"
JOB_GLIDEIN_SiteWMS_Queue = "ce01.cmsaf.mit.edu"
MemoryUsage = 13
TriggerEventTypeNumber = 6
JOB_GLIDEIN_Site = "MIT"
JOB_GLIDEIN_SiteWMS_JobId = "3300.0"
MyType = "JobImageSizeEvent"
JOB_GLIDEIN_ProcId = "9"
JOB_GLIDEIN_Schedd = "schedd_glideins4@glidein.grid.iu.edu"
JOB_GLIDEIN_ClusterId = "3324822"
Cluster = 8136817
JOB_GLIDEIN_Factory = "OSGGOC"
JOB_GLIDEIN_SiteWMS_Slot = "slot1_1@t2bat0206.cmsaf.mit.edu"
Subproc = 0
ResidentSetSize = 12968
EventTypeNumber = 28
JOB_GLIDEIN_SiteWMS = "HTCondor"
...
006 (8136817.000.000) 06/20 23:54:45 Image size of job updated: 300000
	14  -  MemoryUsage of job (MB)
	13500  -  ResidentSetSize of job (KB)
...
028 (8136817.000.000) 06/20 23:54:45 Job ad information event triggered.
JOB_Site = "MIT"
JOB_GLIDEIN_Name = "gfactory_instance"
Size = 300000
Proc = 0
JOB_GLIDEIN_Entry_Name = "CMSHTPC_T2_US_MIT_ce01"
EventTime = "2016-06-20T23:54:45"
TriggerEventTypeName = "ULOG_IMAGE_SIZE"
JOB_GLIDEIN_SiteWMS_Queue = "ce01.cmsaf.mit.edu"
MemoryUsage = 14
TriggerEventTypeNumber = 6
JOB_GLIDEIN_Site = "MIT"
JOB_GLIDEIN_SiteWMS_JobId = "3300.0"
MyType = "JobImageSizeEvent"
JOB_GLIDEIN_ProcId = "9"
JOB_GLIDEIN_Schedd = "schedd_glideins4@glidein.grid.iu.edu"
JOB_GLIDEIN_ClusterId = "3324822"
Cluster = 8136817
JOB_GLIDEIN_Factory = "OSGGOC"
JOB_GLIDEIN_SiteWMS_Slot = "slot1_1@t2bat0206.cmsaf.mit.edu"
Subproc = 0
ResidentSetSize = 13500
EventTypeNumber = 28
JOB_GLIDEIN_SiteWMS = "HTCondor"
...
006 (8136817.000.000) 06/20 23:59:45 Image size of job updated: 300000
	20  -  MemoryUsage of job (MB)
	19500  -  ResidentSetSize of job (KB)
...
028 (8136817.000.000) 06/20 23:59:45 Job ad information event triggered.
JOB_Site = "MIT"
JOB_GLIDEIN_Name = "gfactory_instance"
Size = 300000
Proc = 0
JOB_GLIDEIN_Entry_Name = "CMSHTPC_T2_US_MIT_ce01"
EventTime = "2016-06-20T23:59:45"
TriggerEventTypeName = "ULOG_IMAGE_SIZE"
JOB_GLIDEIN_SiteWMS_Queue = "ce01.cmsaf.mit.edu"
MemoryUsage = 20
TriggerEventTypeNumber = 6
JOB_GLIDEIN_Site = "MIT"
JOB_GLIDEIN_SiteWMS_JobId = "3300.0"
MyType = "JobImageSizeEvent"
JOB_GLIDEIN_ProcId = "9"
JOB_GLIDEIN_Schedd = "schedd_glideins4@glidein.grid.iu.edu"
JOB_GLIDEIN_ClusterId = "3324822"
Cluster = 8136817
JOB_GLIDEIN_Factory = "OSGGOC"
JOB_GLIDEIN_SiteWMS_Slot = "slot1_1@t2bat0206.cmsaf.mit.edu"
Subproc = 0
ResidentSetSize = 19500
EventTypeNumber = 28
JOB_GLIDEIN_SiteWMS = "HTCondor"
...
006 (8136817.000.000) 06/21 00:04:45 Image size of job updated: 300000
	20  -  MemoryUsage of job (MB)
	19504  -  ResidentSetSize of job (KB)
...
028 (8136817.000.000) 06/21 00:04:45 Job ad information event triggered.
JOB_Site = "MIT"
JOB_GLIDEIN_Name = "gfactory_instance"
Size = 300000
Proc = 0
JOB_GLIDEIN_Entry_Name = "CMSHTPC_T2_US_MIT_ce01"
EventTime = "2016-06-21T00:04:45"
TriggerEventTypeName = "ULOG_IMAGE_SIZE"
JOB_GLIDEIN_SiteWMS_Queue = "ce01.cmsaf.mit.edu"
MemoryUsage = 20
TriggerEventTypeNumber = 6
JOB_GLIDEIN_Site = "MIT"
JOB_GLIDEIN_SiteWMS_JobId = "3300.0"
MyType = "JobImageSizeEvent"
JOB_GLIDEIN_ProcId = "9"
JOB_GLIDEIN_Schedd = "schedd_glideins4@glidein.grid.iu.edu"
JOB_GLIDEIN_ClusterId = "3324822"
Cluster = 8136817
JOB_GLIDEIN_Factory = "OSGGOC"
JOB_GLIDEIN_SiteWMS_Slot = "slot1_1@t2bat0206.cmsaf.mit.edu"
Subproc = 0
ResidentSetSize = 19504
EventTypeNumber = 28
JOB_GLIDEIN_SiteWMS = "HTCondor"
...
006 (8136817.000.000) 06/21 00:14:47 Image size of job updated: 300000
	20  -  MemoryUsage of job (MB)
	19508  -  ResidentSetSize of job (KB)
...
028 (8136817.000.000) 06/21 00:14:47 Job ad information event triggered.
JOB_Site = "MIT"
JOB_GLIDEIN_Name = "gfactory_instance"
Size = 300000
Proc = 0
JOB_GLIDEIN_Entry_Name = "CMSHTPC_T2_US_MIT_ce01"
EventTime = "2016-06-21T00:14:47"
TriggerEventTypeName = "ULOG_IMAGE_SIZE"
JOB_GLIDEIN_SiteWMS_Queue = "ce01.cmsaf.mit.edu"
MemoryUsage = 20
TriggerEventTypeNumber = 6
JOB_GLIDEIN_Site = "MIT"
JOB_GLIDEIN_SiteWMS_JobId = "3300.0"
MyType = "JobImageSizeEvent"
JOB_GLIDEIN_ProcId = "9"
JOB_GLIDEIN_Schedd = "schedd_glideins4@glidein.grid.iu.edu"
JOB_GLIDEIN_ClusterId = "3324822"
Cluster = 8136817
JOB_GLIDEIN_Factory = "OSGGOC"
JOB_GLIDEIN_SiteWMS_Slot = "slot1_1@t2bat0206.cmsaf.mit.edu"
Subproc = 0
ResidentSetSize = 19508
EventTypeNumber = 28
JOB_GLIDEIN_SiteWMS = "HTCondor"
...
006 (8136817.000.000) 06/21 00:24:47 Image size of job updated: 300000
	20  -  MemoryUsage of job (MB)
	19512  -  ResidentSetSize of job (KB)
...
028 (8136817.000.000) 06/21 00:24:47 Job ad information event triggered.
JOB_Site = "MIT"
JOB_GLIDEIN_Name = "gfactory_instance"
Size = 300000
Proc = 0
JOB_GLIDEIN_Entry_Name = "CMSHTPC_T2_US_MIT_ce01"
EventTime = "2016-06-21T00:24:47"
TriggerEventTypeName = "ULOG_IMAGE_SIZE"
JOB_GLIDEIN_SiteWMS_Queue = "ce01.cmsaf.mit.edu"
MemoryUsage = 20
TriggerEventTypeNumber = 6
JOB_GLIDEIN_Site = "MIT"
JOB_GLIDEIN_SiteWMS_JobId = "3300.0"
MyType = "JobImageSizeEvent"
JOB_GLIDEIN_ProcId = "9"
JOB_GLIDEIN_Schedd = "schedd_glideins4@glidein.grid.iu.edu"
JOB_GLIDEIN_ClusterId = "3324822"
Cluster = 8136817
JOB_GLIDEIN_Factory = "OSGGOC"
JOB_GLIDEIN_SiteWMS_Slot = "slot1_1@t2bat0206.cmsaf.mit.edu"
Subproc = 0
ResidentSetSize = 19512
EventTypeNumber = 28
JOB_GLIDEIN_SiteWMS = "HTCondor"
...
006 (8136817.000.000) 06/21 00:34:49 Image size of job updated: 300000
	20  -  MemoryUsage of job (MB)
	19516  -  ResidentSetSize of job (KB)
...
028 (8136817.000.000) 06/21 00:34:49 Job ad information event triggered.
JOB_Site = "MIT"
JOB_GLIDEIN_Name = "gfactory_instance"
Size = 300000
Proc = 0
JOB_GLIDEIN_Entry_Name = "CMSHTPC_T2_US_MIT_ce01"
EventTime = "2016-06-21T00:34:49"
TriggerEventTypeName = "ULOG_IMAGE_SIZE"
JOB_GLIDEIN_SiteWMS_Queue = "ce01.cmsaf.mit.edu"
MemoryUsage = 20
TriggerEventTypeNumber = 6
JOB_GLIDEIN_Site = "MIT"
JOB_GLIDEIN_SiteWMS_JobId = "3300.0"
MyType = "JobImageSizeEvent"
JOB_GLIDEIN_ProcId = "9"
JOB_GLIDEIN_Schedd = "schedd_glideins4@glidein.grid.iu.edu"
JOB_GLIDEIN_ClusterId = "3324822"
Cluster = 8136817
JOB_GLIDEIN_Factory = "OSGGOC"
JOB_GLIDEIN_SiteWMS_Slot = "slot1_1@t2bat0206.cmsaf.mit.edu"
Subproc = 0
ResidentSetSize = 19516
EventTypeNumber = 28
JOB_GLIDEIN_SiteWMS = "HTCondor"
...
006 (8136817.000.000) 06/21 01:55:01 Image size of job updated: 300000
	20  -  MemoryUsage of job (MB)
	19524  -  ResidentSetSize of job (KB)
...
028 (8136817.000.000) 06/21 01:55:01 Job ad information event triggered.
JOB_Site = "MIT"
JOB_GLIDEIN_Name = "gfactory_instance"
Size = 300000
Proc = 0
JOB_GLIDEIN_Entry_Name = "CMSHTPC_T2_US_MIT_ce01"
EventTime = "2016-06-21T01:55:01"
TriggerEventTypeName = "ULOG_IMAGE_SIZE"
JOB_GLIDEIN_SiteWMS_Queue = "ce01.cmsaf.mit.edu"
MemoryUsage = 20
TriggerEventTypeNumber = 6
JOB_GLIDEIN_Site = "MIT"
JOB_GLIDEIN_SiteWMS_JobId = "3300.0"
MyType = "JobImageSizeEvent"
JOB_GLIDEIN_ProcId = "9"
JOB_GLIDEIN_Schedd = "schedd_glideins4@glidein.grid.iu.edu"
JOB_GLIDEIN_ClusterId = "3324822"
Cluster = 8136817
JOB_GLIDEIN_Factory = "OSGGOC"
JOB_GLIDEIN_SiteWMS_Slot = "slot1_1@t2bat0206.cmsaf.mit.edu"
Subproc = 0
ResidentSetSize = 19524
EventTypeNumber = 28
JOB_GLIDEIN_SiteWMS = "HTCondor"
...
006 (8136817.000.000) 06/21 02:10:03 Image size of job updated: 300000
	20  -  MemoryUsage of job (MB)
	19528  -  ResidentSetSize of job (KB)
...
028 (8136817.000.000) 06/21 02:10:03 Job ad information event triggered.
JOB_Site = "MIT"
JOB_GLIDEIN_Name = "gfactory_instance"
Size = 300000
Proc = 0
JOB_GLIDEIN_Entry_Name = "CMSHTPC_T2_US_MIT_ce01"
EventTime = "2016-06-21T02:10:03"
TriggerEventTypeName = "ULOG_IMAGE_SIZE"
JOB_GLIDEIN_SiteWMS_Queue = "ce01.cmsaf.mit.edu"
MemoryUsage = 20
TriggerEventTypeNumber = 6
JOB_GLIDEIN_Site = "MIT"
JOB_GLIDEIN_SiteWMS_JobId = "3300.0"
MyType = "JobImageSizeEvent"
JOB_GLIDEIN_ProcId = "9"
JOB_GLIDEIN_Schedd = "schedd_glideins4@glidein.grid.iu.edu"
JOB_GLIDEIN_ClusterId = "3324822"
Cluster = 8136817
JOB_GLIDEIN_Factory = "OSGGOC"
JOB_GLIDEIN_SiteWMS_Slot = "slot1_1@t2bat0206.cmsaf.mit.edu"
Subproc = 0
ResidentSetSize = 19528
EventTypeNumber = 28
JOB_GLIDEIN_SiteWMS = "HTCondor"
...
006 (8136817.000.000) 06/21 02:50:07 Image size of job updated: 300000
	20  -  MemoryUsage of job (MB)
	19532  -  ResidentSetSize of job (KB)
...
028 (8136817.000.000) 06/21 02:50:07 Job ad information event triggered.
JOB_Site = "MIT"
JOB_GLIDEIN_Name = "gfactory_instance"
Size = 300000
Proc = 0
JOB_GLIDEIN_Entry_Name = "CMSHTPC_T2_US_MIT_ce01"
EventTime = "2016-06-21T02:50:07"
TriggerEventTypeName = "ULOG_IMAGE_SIZE"
JOB_GLIDEIN_SiteWMS_Queue = "ce01.cmsaf.mit.edu"
MemoryUsage = 20
TriggerEventTypeNumber = 6
JOB_GLIDEIN_Site = "MIT"
JOB_GLIDEIN_SiteWMS_JobId = "3300.0"
MyType = "JobImageSizeEvent"
JOB_GLIDEIN_ProcId = "9"
JOB_GLIDEIN_Schedd = "schedd_glideins4@glidein.grid.iu.edu"
JOB_GLIDEIN_ClusterId = "3324822"
Cluster = 8136817
JOB_GLIDEIN_Factory = "OSGGOC"
JOB_GLIDEIN_SiteWMS_Slot = "slot1_1@t2bat0206.cmsaf.mit.edu"
Subproc = 0
ResidentSetSize = 19532
EventTypeNumber = 28
JOB_GLIDEIN_SiteWMS = "HTCondor"
...
006 (8136817.000.000) 06/21 03:35:11 Image size of job updated: 300000
	20  -  MemoryUsage of job (MB)
	19540  -  ResidentSetSize of job (KB)
...
028 (8136817.000.000) 06/21 03:35:11 Job ad information event triggered.
JOB_Site = "MIT"
JOB_GLIDEIN_Name = "gfactory_instance"
Size = 300000
Proc = 0
JOB_GLIDEIN_Entry_Name = "CMSHTPC_T2_US_MIT_ce01"
EventTime = "2016-06-21T03:35:11"
TriggerEventTypeName = "ULOG_IMAGE_SIZE"
JOB_GLIDEIN_SiteWMS_Queue = "ce01.cmsaf.mit.edu"
MemoryUsage = 20
TriggerEventTypeNumber = 6
JOB_GLIDEIN_Site = "MIT"
JOB_GLIDEIN_SiteWMS_JobId = "3300.0"
MyType = "JobImageSizeEvent"
JOB_GLIDEIN_ProcId = "9"
JOB_GLIDEIN_Schedd = "schedd_glideins4@glidein.grid.iu.edu"
JOB_GLIDEIN_ClusterId = "3324822"
Cluster = 8136817
JOB_GLIDEIN_Factory = "OSGGOC"
JOB_GLIDEIN_SiteWMS_Slot = "slot1_1@t2bat0206.cmsaf.mit.edu"
Subproc = 0
ResidentSetSize = 19540
EventTypeNumber = 28
JOB_GLIDEIN_SiteWMS = "HTCondor"
...
006 (8136817.000.000) 06/21 05:35:24 Image size of job updated: 300000
	20  -  MemoryUsage of job (MB)
	19544  -  ResidentSetSize of job (KB)
...
028 (8136817.000.000) 06/21 05:35:24 Job ad information event triggered.
JOB_Site = "MIT"
JOB_GLIDEIN_Name = "gfactory_instance"
Size = 300000
Proc = 0
JOB_GLIDEIN_Entry_Name = "CMSHTPC_T2_US_MIT_ce01"
EventTime = "2016-06-21T05:35:24"
TriggerEventTypeName = "ULOG_IMAGE_SIZE"
JOB_GLIDEIN_SiteWMS_Queue = "ce01.cmsaf.mit.edu"
MemoryUsage = 20
TriggerEventTypeNumber = 6
JOB_GLIDEIN_Site = "MIT"
JOB_GLIDEIN_SiteWMS_JobId = "3300.0"
MyType = "JobImageSizeEvent"
JOB_GLIDEIN_ProcId = "9"
JOB_GLIDEIN_Schedd = "schedd_glideins4@glidein.grid.iu.edu"
JOB_GLIDEIN_ClusterId = "3324822"
Cluster = 8136817
JOB_GLIDEIN_Factory = "OSGGOC"
JOB_GLIDEIN_SiteWMS_Slot = "slot1_1@t2bat0206.cmsaf.mit.edu"
Subproc = 0
ResidentSetSize = 19544
EventTypeNumber = 28
JOB_GLIDEIN_SiteWMS = "HTCondor"
...
005 (8136817.000.000) 06/21 07:29:57 Job terminated.
	(1) Normal termination (return value 0)
		Usr 0 09:23:15, Sys 0 00:01:21  -  Run Remote Usage
		Usr 0 00:00:00, Sys 0 00:00:00  -  Run Local Usage
		Usr 0 09:23:15, Sys 0 00:01:21  -  Total Remote Usage
		Usr 0 00:00:00, Sys 0 00:00:00  -  Total Local Usage
	19159  -  Run Bytes Sent By Job
	70771096  -  Run Bytes Received By Job
	19159  -  Total Bytes Sent By Job
	141542192  -  Total Bytes Received By Job
	Partitionable Resources :    Usage  Request Allocated
	   Cpus                 :                 1         1
	   Disk (KB)            :   325000  1048576   8187831
	   Memory (MB)          :       20      256       256
...
028 (8136817.000.000) 06/21 07:29:57 Job ad information event triggered.
SentBytes = 19159.0
JOB_GLIDEIN_Name = "gfactory_instance"
TerminatedNormally = true
ReturnValue = 0
JOB_GLIDEIN_ClusterId = "3324822"
JOB_GLIDEIN_SiteWMS = "HTCondor"
EventTypeNumber = 28
Subproc = 0
ReceivedBytes = 70771096.0
JOB_GLIDEIN_SiteWMS_Slot = "slot1_1@t2bat0206.cmsaf.mit.edu"
MyType = "JobTerminatedEvent"
TriggerEventTypeName = "ULOG_JOB_TERMINATED"
TotalRemoteUsage = "Usr 0 09:23:15, Sys 0 00:01:21"
JOB_Site = "MIT"
JOB_GLIDEIN_Site = "MIT"
Proc = 0
EventTime = "2016-06-21T07:29:57"
TotalSentBytes = 19159.0
TriggerEventTypeNumber = 5
TotalLocalUsage = "Usr 0 00:00:00, Sys 0 00:00:00"
JOB_GLIDEIN_Schedd = "schedd_glideins4@glidein.grid.iu.edu"
Cluster = 8136817
RunLocalUsage = "Usr 0 00:00:00, Sys 0 00:00:00"
JOB_GLIDEIN_Entry_Name = "CMSHTPC_T2_US_MIT_ce01"
JOB_GLIDEIN_ProcId = "9"
JOB_GLIDEIN_Factory = "OSGGOC"
JOB_GLIDEIN_SiteWMS_Queue = "ce01.cmsaf.mit.edu"
RunRemoteUsage = "Usr 0 09:23:15, Sys 0 00:01:21"
JOB_GLIDEIN_SiteWMS_JobId = "3300.0"
TotalReceivedBytes = 141542192.0
...
