22 Apr 2016 07:06:27,135 INFO org.glite.ce.commonj.authz.gjaf.VomsServicePDP - VOMS attribute authorized: /icecube/Role=pilot/Capability=NULL
22 Apr 2016 07:06:27,135 INFO org.glite.ce.commonj.authz.axis2.AuthorizationHandler.Accounting - request for OPERATION={http://glite.org/2007/11/ce/cream/types}JobRegister; REMOTE_REQUEST_ADDRESS=129.79.53.24; USER_DN=CN=pilot/glidein2.cht
c.wisc.edu,OU=Services,O=Open Science Grid,DC=DigiCert-Grid,DC=com; USER_FQAN={ /icecube/Role=pilot/Capability=NULL; /icecube/Role=NULL/Capability=NULL; }; FULL_DN=CN=proxy,CN=pilot/glidein2.chtc.wisc.edu,OU=Services,O=Open Science Grid,DC
=DigiCert-Grid,DC=com;  AUTHORIZED
22 Apr 2016 07:06:27,135 INFO org.glite.ce.commonj.authz.axis2.AuthorizationHandler - request for OPERATION={http://glite.org/2007/11/ce/cream/types}JobRegister; REMOTE_REQUEST_ADDRESS=129.79.53.24; USER_DN=CN=pilot/glidein2.chtc.wisc.edu,
OU=Services,O=Open Science Grid,DC=DigiCert-Grid,DC=com; USER_FQAN={ /icecube/Role=pilot/Capability=NULL; /icecube/Role=NULL/Capability=NULL; };  AUTHORIZED
22 Apr 2016 07:06:27,140 INFO org.glite.ce.cream.cmdmanagement.CommandManager - new command [NAME="JOB_REGISTER"; PRIORITY_LEVEL=1; IS_ASYNCHRONOUS=false; STATUS=ACCEPTED; CATEGORY="JOB_MANAGEMENT"; EXECUTOR_NAME="BLAHExecutor"; USER_ID="C
N_pilot_glidein2_chtc_wisc_edu_OU_Services_O_Open_Science_Grid_DC_DigiCert_Grid_DC_com_icecube_Role_pilot_Capability_NULL"; CREATION_TIME="Fri Apr 22 07:06:27 CEST 2016"; REMOTE_REQUEST_ADDRESS="129.79.53.24"; USER_DN_X500="/DC=com/DC=Digi
Cert-Grid/O=Open Science Grid/OU=Services/CN=pilot/glidein2.chtc.wisc.edu"; AUTOSTART="false"; LEASE_ID="Condor#feglow#schedd_glideins9@glidein-itb.grid.iu.edu#glidein-itb.grid.iu.edu:9614"; GSI_FTP_CREAM_URL="gsiftp://mgce1.physik.uni-mai
nz.de"; LOCAL_USER_GROUP="icecube"; LOCAL_USER="icecu038"; USER_VO="icecube"; USER_DN="CN=pilot/glidein2.chtc.wisc.edu,OU=Services,O=Open Science Grid,DC=DigiCert-Grid,DC=com"; DELEGATION_PROXY_ID="1461301579.435494"; CREAM_URL="https://mg
ce1.physik.uni-mainz.de:8443/ce-cream/services/CREAM2"; USER_FQAN={ /icecube/Role=pilot/Capability=NULL; /icecube/Role=NULL/Capability=NULL }]
22 Apr 2016 07:06:27,140 ERROR org.glite.ce.creamapi.jobmanagement.cmdexecutor.AbstractJobExecutor - undefined UNDEFINED in string context
22 Apr 2016 07:06:27,140 ERROR org.glite.ce.creamapi.jobmanagement.cmdexecutor.AbstractJobExecutor - undefined UNDEFINED in string context
22 Apr 2016 07:06:27,141 ERROR org.glite.ce.cream.cmdmanagement.CommandManager - CommandManager execute: JOB_REGISTER error undefined UNDEFINED in string context
22 Apr 2016 07:06:27,141 INFO org.glite.ce.cream.cmdmanagement.CommandManager - status change for command [ID=1461301587140; NAME="JOB_REGISTER"; PRIORITY_LEVEL=1; IS_ASYNCHRONOUS=false; STATUS=EXECUTED-ERROR; FAILURE_REASON="undefined UND
EFINED in string context"; CATEGORY="JOB_MANAGEMENT"; EXECUTOR_NAME="BLAHExecutor"; USER_ID="CN_pilot_glidein2_chtc_wisc_edu_OU_Services_O_Open_Science_Grid_DC_DigiCert_Grid_DC_com_icecube_Role_pilot_Capability_NULL"; CREATION_TIME="Fri Ap
r 22 07:06:27 CEST 2016"; START_PROCESSING_TIME="Fri Apr 22 07:06:27 CEST 2016"; EXECUTION_COMPLETED_TIME="Fri Apr 22 07:06:27 CEST 2016"; REMOTE_REQUEST_ADDRESS="129.79.53.24"; USER_DN_X500="/DC=com/DC=DigiCert-Grid/O=Open Science Grid/OU
=Services/CN=pilot/glidein2.chtc.wisc.edu"; AUTOSTART="false"; LEASE_ID="Condor#feglow#schedd_glideins9@glidein-itb.grid.iu.edu#glidein-itb.grid.iu.edu:9614"; GSI_FTP_CREAM_URL="gsiftp://mgce1.physik.uni-mainz.de"; LOCAL_USER_GROUP="icecub
e"; LOCAL_USER="icecu038"; USER_VO="icecube"; USER_DN="CN=pilot/glidein2.chtc.wisc.edu,OU=Services,O=Open Science Grid,DC=DigiCert-Grid,DC=com"; DELEGATION_PROXY_ID="1461301579.435494"; CREAM_URL="https://mgce1.physik.uni-mainz.de:8443/ce-
cream/services/CREAM2"; USER_FQAN={ /icecube/Role=pilot/Capability=NULL; /icecube/Role=NULL/Capability=NULL }]
22 Apr 2016 07:06:27,141 ERROR org.glite.ce.cream.ws.CREAM2Service - undefined UNDEFINED in string context
22 Apr 2016 07:06:27,170 INFO org.glite.ce.commonj.authz.gjaf.VomsServicePDP - VOMS attribute authorized: /icecube/Role=pilot/Capability=NULL
22 Apr 2016 07:06:27,170 INFO org.glite.ce.commonj.authz.axis2.AuthorizationHandler.Accounting - request for OPERATION={http://glite.org/2007/11/ce/cream/types}JobRegister; REMOTE_REQUEST_ADDRESS=129.79.53.24; USER_DN=CN=pilot/glidein2.cht
c.wisc.edu,OU=Services,O=Open Science Grid,DC=DigiCert-Grid,DC=com; USER_FQAN={ /icecube/Role=pilot/Capability=NULL; /icecube/Role=NULL/Capability=NULL; }; FULL_DN=CN=proxy,CN=pilot/glidein2.chtc.wisc.edu,OU=Services,O=Open Science Grid,DC
=DigiCert-Grid,DC=com;  AUTHORIZED
22 Apr 2016 07:06:27,170 INFO org.glite.ce.commonj.authz.axis2.AuthorizationHandler - request for OPERATION={http://glite.org/2007/11/ce/cream/types}JobRegister; REMOTE_REQUEST_ADDRESS=129.79.53.24; USER_DN=CN=pilot/glidein2.chtc.wisc.edu,
OU=Services,O=Open Science Grid,DC=DigiCert-Grid,DC=com; USER_FQAN={ /icecube/Role=pilot/Capability=NULL; /icecube/Role=NULL/Capability=NULL; };  AUTHORIZED
22 Apr 2016 07:06:27,175 INFO org.glite.ce.cream.cmdmanagement.CommandManager - new command [NAME="JOB_REGISTER"; PRIORITY_LEVEL=1; IS_ASYNCHRONOUS=false; STATUS=ACCEPTED; CATEGORY="JOB_MANAGEMENT"; EXECUTOR_NAME="BLAHExecutor"; USER_ID="C
N_pilot_glidein2_chtc_wisc_edu_OU_Services_O_Open_Science_Grid_DC_DigiCert_Grid_DC_com_icecube_Role_pilot_Capability_NULL"; CREATION_TIME="Fri Apr 22 07:06:27 CEST 2016"; REMOTE_REQUEST_ADDRESS="129.79.53.24"; USER_DN_X500="/DC=com/DC=Digi
Cert-Grid/O=Open Science Grid/OU=Services/CN=pilot/glidein2.chtc.wisc.edu"; AUTOSTART="false"; LEASE_ID="Condor#feglow#schedd_glideins9@glidein-itb.grid.iu.edu#glidein-itb.grid.iu.edu:9614"; GSI_FTP_CREAM_URL="gsiftp://mgce1.physik.uni-mai
nz.de"; LOCAL_USER_GROUP="icecube"; LOCAL_USER="icecu038"; USER_VO="icecube"; USER_DN="CN=pilot/glidein2.chtc.wisc.edu,OU=Services,O=Open Science Grid,DC=DigiCert-Grid,DC=com"; DELEGATION_PROXY_ID="1461301579.435494"; CREAM_URL="https://mg
ce1.physik.uni-mainz.de:8443/ce-cream/services/CREAM2"; USER_FQAN={ /icecube/Role=pilot/Capability=NULL; /icecube/Role=NULL/Capability=NULL }]
22 Apr 2016 07:06:27,175 ERROR org.glite.ce.creamapi.jobmanagement.cmdexecutor.AbstractJobExecutor - undefined UNDEFINED in string context
22 Apr 2016 07:06:27,175 ERROR org.glite.ce.creamapi.jobmanagement.cmdexecutor.AbstractJobExecutor - undefined UNDEFINED in string context
22 Apr 2016 07:06:27,175 ERROR org.glite.ce.cream.cmdmanagement.CommandManager - CommandManager execute: JOB_REGISTER error undefined UNDEFINED in string context
22 Apr 2016 07:06:27,175 INFO org.glite.ce.cream.cmdmanagement.CommandManager - status change for command [ID=1461301587175; NAME="JOB_REGISTER"; PRIORITY_LEVEL=1; IS_ASYNCHRONOUS=false; STATUS=EXECUTED-ERROR; FAILURE_REASON="undefined UND
EFINED in string context"; CATEGORY="JOB_MANAGEMENT"; EXECUTOR_NAME="BLAHExecutor"; USER_ID="CN_pilot_glidein2_chtc_wisc_edu_OU_Services_O_Open_Science_Grid_DC_DigiCert_Grid_DC_com_icecube_Role_pilot_Capability_NULL"; CREATION_TIME="Fri Ap
r 22 07:06:27 CEST 2016"; START_PROCESSING_TIME="Fri Apr 22 07:06:27 CEST 2016"; EXECUTION_COMPLETED_TIME="Fri Apr 22 07:06:27 CEST 2016"; REMOTE_REQUEST_ADDRESS="129.79.53.24"; USER_DN_X500="/DC=com/DC=DigiCert-Grid/O=Open Science Grid/OU
=Services/CN=pilot/glidein2.chtc.wisc.edu"; AUTOSTART="false"; LEASE_ID="Condor#feglow#schedd_glideins9@glidein-itb.grid.iu.edu#glidein-itb.grid.iu.edu:9614"; GSI_FTP_CREAM_URL="gsiftp://mgce1.physik.uni-mainz.de"; LOCAL_USER_GROUP="icecub
e"; LOCAL_USER="icecu038"; USER_VO="icecube"; USER_DN="CN=pilot/glidein2.chtc.wisc.edu,OU=Services,O=Open Science Grid,DC=DigiCert-Grid,DC=com"; DELEGATION_PROXY_ID="1461301579.435494"; CREAM_URL="https://mgce1.physik.uni-mainz.de:8443/ce-
cream/services/CREAM2"; USER_FQAN={ /icecube/Role=pilot/Capability=NULL; /icecube/Role=NULL/Capability=NULL }]
22 Apr 2016 07:06:27,175 ERROR org.glite.ce.cream.ws.CREAM2Service - undefined UNDEFINED in string context
22 Apr 2016 07:06:27,194 INFO org.glite.ce.commonj.authz.gjaf.VomsServicePDP - VOMS attribute authorized: /icecube/Role=pilot/Capability=NULL
22 Apr 2016 07:06:27,194 INFO org.glite.ce.commonj.authz.axis2.AuthorizationHandler.Accounting - request for OPERATION={http://glite.org/2007/11/ce/cream/types}JobRegister; REMOTE_REQUEST_ADDRESS=129.79.53.24; USER_DN=CN=pilot/glidein2.cht
c.wisc.edu,OU=Services,O=Open Science Grid,DC=DigiCert-Grid,DC=com; USER_FQAN={ /icecube/Role=pilot/Capability=NULL; /icecube/Role=NULL/Capability=NULL; }; FULL_DN=CN=proxy,CN=pilot/glidein2.chtc.wisc.edu,OU=Services,O=Open Science Grid,DC
=DigiCert-Grid,DC=com;  AUTHORIZED

