[sdobbs@numep-proc15 certificates]# fetch-crl --verbose
VERBOSE(1) Initializing trust anchor AAACertificateServices
VERBOSE(1) Initializing trust anchor AddTrust-External-CA-Root
VERBOSE(1) Initializing trust anchor AEGIS
VERBOSE(1) Initializing trust anchor ANSPGrid
VERBOSE(1) Initializing trust anchor ArmeSFo
VERBOSE(1) Initializing trust anchor ASGCCA-2007
VERBOSE(1) Initializing trust anchor AustrianGrid
VERBOSE(1) Initializing trust anchor BEGrid2008
VERBOSE(1) Initializing trust anchor BG-ACAD-CA
VERBOSE(1) Initializing trust anchor BrGrid
VERBOSE(1) Initializing trust anchor BYGCA
VERBOSE(1) Initializing trust anchor CERN-GridCA
VERBOSE(1) Initializing trust anchor CERN-Root-2
VERBOSE(1) Initializing trust anchor CESNET-CA-3
VERBOSE(1) Initializing trust anchor CESNET-CA-Root
VERBOSE(1) Initializing trust anchor cilogon-basic
VERBOSE(1) Initializing trust anchor cilogon-osg
VERBOSE(1) Initializing trust anchor cilogon-silver
VERBOSE(1) Initializing trust anchor CNIC
VERBOSE(1) Initializing trust anchor CNRS2-Grid-FR
VERBOSE(1) Initializing trust anchor CNRS2-Projets
VERBOSE(1) Initializing trust anchor CNRS2
VERBOSE(1) Initializing trust anchor COMODO-RSA-CA
VERBOSE(1) Initializing trust anchor CyGrid
VERBOSE(1) Initializing trust anchor DFN-GridGermany-Root
VERBOSE(1) Initializing trust anchor DFN-SLCS
VERBOSE(1) Initializing trust anchor DigiCertAssuredIDRootCA-Root
VERBOSE(1) Initializing trust anchor DigiCertGridCA-1-Classic
VERBOSE(1) Initializing trust anchor DigiCertGridCA-1G2-Classic-2015
VERBOSE(1) Initializing trust anchor DigiCertGridRootCA-Root
VERBOSE(1) Initializing trust anchor DigiCertGridTrustCA-Classic
VERBOSE(1) Initializing trust anchor DigiCertGridTrustCAG2-Classic
VERBOSE(1) Initializing trust anchor DZeScience
VERBOSE(1) Initializing trust anchor EG-GRID
VERBOSE(1) Initializing trust anchor FNAL-SLCS
VERBOSE(1) Initializing trust anchor GermanGrid
VERBOSE(1) Initializing trust anchor GridCanada
VERBOSE(1) Initializing trust anchor HellasGrid-CA-2006
VERBOSE(1) Initializing trust anchor HellasGrid-Root
VERBOSE(1) Initializing trust anchor HKU
VERBOSE(1) Initializing trust anchor HPCI
VERBOSE(1) Initializing trust anchor IGCA
VERBOSE(1) Initializing trust anchor IHEP-2013
VERBOSE(1) Initializing trust anchor InCommon-IGTF-Server-CA
VERBOSE(1) Initializing trust anchor INFN-CA-2006
VERBOSE(1) Initializing trust anchor INFN-CA-2015
VERBOSE(1) Initializing trust anchor IRAN-GRID
VERBOSE(1) Initializing trust anchor KEK
VERBOSE(1) Initializing trust anchor KISTI-2007
VERBOSE(1) Initializing trust anchor LACGridCA
VERBOSE(1) Initializing trust anchor LIPCA
VERBOSE(1) Initializing trust anchor MaGrid
VERBOSE(1) Initializing trust anchor MARGI
VERBOSE(1) Initializing trust anchor MD-Grid
VERBOSE(1) Initializing trust anchor MREN-CA
VERBOSE(1) Initializing trust anchor MYIFAM
VERBOSE(1) Initializing trust anchor NCSA-slcs-2013
VERBOSE(1) Initializing trust anchor NCSA-tfca-2013
VERBOSE(1) Initializing trust anchor NECTEC
VERBOSE(1) Initializing trust anchor NERSC-SLCS
VERBOSE(1) Initializing trust anchor NIIF-Root-CA-2
VERBOSE(1) Initializing trust anchor NIKHEF
VERBOSE(1) Initializing trust anchor NorduGrid-2015
VERBOSE(1) Initializing trust anchor NorduGrid
VERBOSE(1) Initializing trust anchor PK-Grid-2007
VERBOSE(1) Initializing trust anchor pkIRISGrid
VERBOSE(1) Initializing trust anchor policy-igtf-classic
VERBOSE(1) Trust anchor policy-igtf-classic does not have a CRL
VERBOSE(1) Initializing trust anchor policy-igtf-iota
VERBOSE(1) Trust anchor policy-igtf-iota does not have a CRL
VERBOSE(1) Initializing trust anchor policy-igtf-mics
VERBOSE(1) Trust anchor policy-igtf-mics does not have a CRL
VERBOSE(1) Initializing trust anchor policy-igtf-slcs
VERBOSE(1) Trust anchor policy-igtf-slcs does not have a CRL
VERBOSE(1) Initializing trust anchor PolishGrid
VERBOSE(1) Initializing trust anchor PSC-Myproxy-CA
VERBOSE(1) Initializing trust anchor QuoVadis-Grid-ICA
VERBOSE(1) Initializing trust anchor QuoVadis-Root-CA1
VERBOSE(1) Initializing trust anchor RDIG
VERBOSE(1) Initializing trust anchor REUNA-ca
VERBOSE(1) Initializing trust anchor RomanianGRID
VERBOSE(1) Initializing trust anchor SDG
VERBOSE(1) Initializing trust anchor seegrid-ca-2013
VERBOSE(1) Initializing trust anchor SiGNET-CA
VERBOSE(1) Initializing trust anchor SlovakGrid
VERBOSE(1) Initializing trust anchor SRCE
VERBOSE(1) Initializing trust anchor TERENA-eScience-SSL-CA-2
VERBOSE(1) Initializing trust anchor TERENA-eScience-SSL-CA-3
VERBOSE(1) Initializing trust anchor TERENA-eScience-SSL-CA
VERBOSE(1) Initializing trust anchor TERENAeSciencePersonalCA
VERBOSE(1) Initializing trust anchor TERENAeSciencePersonalCA2
VERBOSE(1) Initializing trust anchor TERENAeSciencePersonalCA3
VERBOSE(1) Initializing trust anchor TRGrid
VERBOSE(1) Initializing trust anchor TSU-GE
VERBOSE(1) Initializing trust anchor UGRID
VERBOSE(1) Initializing trust anchor UKeScienceCA-2A
VERBOSE(1) Initializing trust anchor UKeScienceCA-2B
VERBOSE(1) Initializing trust anchor UKeScienceRoot-2007
VERBOSE(1) Initializing trust anchor UNAMgrid-ca
VERBOSE(1) Initializing trust anchor UniandesCA
VERBOSE(1) Initializing trust anchor UNLPGrid
VERBOSE(1) Initializing trust anchor UTN-USERFirst-Hardware
VERBOSE(1) Initializing trust anchor UTN-USERTrust-RSA-CA
VERBOSE(1) Initializing trust anchor UTNAAAClient
[sdobbs@numep-proc15 certificates]# openssl crl -in /etc/grid-security/certificates/82c2b224.r0 -noout -CApath /etc/grid-security/certificates -text
verify OK
Certificate Revocation List (CRL):
        Version 2 (0x1)
    Signature Algorithm: sha1WithRSAEncryption
        Issuer: /DC=com/DC=DigiCert-Grid/O=DigiCert Grid/CN=DigiCert Grid CA-1
        Last Update: Feb  6 17:02:05 2016 GMT
        Next Update: Mar  7 17:00:00 2016 GMT
        CRL extensions:
            X509v3 Authority Key Identifier: 
                keyid:EF:B0:75:9D:68:31:D1:E4:F7:2A:89:82:53:9D:39:77:68:2E:20:51

            X509v3 CRL Number: 
                1522
Revoked Certificates:
    Serial Number: 0277BCB8540CD11ACBC95B04F3622089
        Revocation Date: Jan  7 16:39:32 2015 GMT
    Serial Number: 0D24DBDAFB9035050FD905E620FC9D5A
        Revocation Date: Jan  9 19:25:38 2015 GMT
    Serial Number: 015F6981DCF360063E939C7696C211D2
        Revocation Date: Jan 22 19:49:08 2015 GMT
    Serial Number: 033746AEA8DE603774FA0FA376298A0C
        Revocation Date: Jan 30 21:56:45 2015 GMT
    Serial Number: 07A3E9E33372BF5D5A155AFB52F074B3
        Revocation Date: Feb 16 21:33:10 2015 GMT
    Serial Number: 0F822C8E3080B8FFB8160E333D41EBD2
        Revocation Date: Feb 21 00:12:12 2015 GMT
    Serial Number: 0BB59E6F6DE6F54DACE802045BEB839D
        Revocation Date: Feb 21 13:54:00 2015 GMT
    Serial Number: 09A13625DB0666D584FD7898B9C8CE4D
        Revocation Date: Feb 23 13:43:11 2015 GMT
    Serial Number: 09470B428F375B103AB42B98BB12CEF0
        Revocation Date: Feb 23 15:26:59 2015 GMT
    Serial Number: 09096FC799DA34086B63B5C932592820
        Revocation Date: Feb 23 15:27:33 2015 GMT
    Serial Number: 0D3270D232206736853B17C48E1582ED
        Revocation Date: Feb 23 15:28:24 2015 GMT
    Serial Number: 0AB6476D52891B612375048602302737
        Revocation Date: Feb 23 15:28:51 2015 GMT
    Serial Number: 0432050A6213A493DE08B99A4EDBE550
        Revocation Date: Feb 23 15:29:16 2015 GMT
    Serial Number: 0BB043502A8E6E256764EA4153285644
        Revocation Date: Feb 23 15:31:01 2015 GMT
    Serial Number: 0A95AC2C6D7FA09B1993C512F9A810AD
        Revocation Date: Feb 23 20:09:27 2015 GMT
    Serial Number: 09AA1E31B2999ADF859D45788597074B
        Revocation Date: Feb 23 20:36:47 2015 GMT
    Serial Number: 02CA9E476D96231681FEC977F537AB10
        Revocation Date: Feb 27 18:52:14 2015 GMT
    Serial Number: 0AFBEEE10BBC977AE3BEB2DD4E5E905F
        Revocation Date: Mar  2 21:53:01 2015 GMT
    Serial Number: 0D40E22EF89AD33C233E1380DCB1A702
        Revocation Date: Mar 17 15:20:22 2015 GMT
    Serial Number: 01EDECFCCDA5A3A30A14639F50F65846
        Revocation Date: Mar 18 21:59:17 2015 GMT
    Serial Number: 05CC39330022EEDF27D436E84B662D00
        Revocation Date: Mar 23 04:21:57 2015 GMT
    Serial Number: 0B124764C15B90C175C80A919FD52F1E
        Revocation Date: Mar 23 04:22:00 2015 GMT
    Serial Number: 07B9F6D2C1500521E93C75B65916C01C
        Revocation Date: Apr  3 18:30:17 2015 GMT
    Serial Number: 09E80441EAA7EE4A24E9118F779439DA
        Revocation Date: Jun  1 18:22:11 2015 GMT
    Serial Number: 05E948A2AF6080F2A77D58506784F449
        Revocation Date: Jun  1 18:22:12 2015 GMT
    Serial Number: 0ADDB3007156EB712DAB0E6A0B710689
        Revocation Date: Jun  1 19:53:42 2015 GMT
    Serial Number: 0C7723A22F59B335CBA9BA7B2DD54894
        Revocation Date: Jun  2 14:24:08 2015 GMT
    Serial Number: 05E97534FF6CD72ABB01D764DEFC1E70
        Revocation Date: Jun 12 04:23:54 2015 GMT
    Serial Number: 08AE83AFFC2201AC8182D3F29256BDB3
        Revocation Date: Jun 24 12:47:13 2015 GMT
    Serial Number: 02B5F55A0062E4A9181CA7620C28F528
        Revocation Date: Jul 17 20:02:59 2015 GMT
    Serial Number: 0CCFE2569C86B736473815E862986453
        Revocation Date: Jul 29 21:14:02 2015 GMT
    Serial Number: 0BDE68972A8616AF77CA7B7B8D443365
        Revocation Date: Jul 30 17:49:44 2015 GMT
    Serial Number: 044C28FABA3C5AC02C55FB250F93D20E
        Revocation Date: Jul 31 14:25:18 2015 GMT
    Serial Number: 0B746A5E7E1A386A2DFD8D6AA29AD01C
        Revocation Date: Aug  5 18:12:12 2015 GMT
    Serial Number: 05DCD8079F69CA310571BF7E3266645D
        Revocation Date: Aug 11 15:06:21 2015 GMT
    Serial Number: 0A99A68641ACE221F57481E57F4FCFE2
        Revocation Date: Aug 11 18:55:18 2015 GMT
    Serial Number: 0E1E663F3292B6137A44EBB10137655F
        Revocation Date: Aug 11 18:55:37 2015 GMT
    Serial Number: 0BE5671D34FA518B335B93ED8304E5E1
        Revocation Date: Aug 11 18:55:52 2015 GMT
    Serial Number: 0B3E0541666991C0DABB68A45DB9472B
        Revocation Date: Aug 11 18:56:05 2015 GMT
    Serial Number: 06BED09FAA411B326FB8EAD72C3CE5B2
        Revocation Date: Aug 11 18:56:20 2015 GMT
    Serial Number: 08688C26C9FF443877640F60D7F881A9
        Revocation Date: Aug 13 12:33:07 2015 GMT
    Serial Number: 0950BDA2B19FCCB4A926FF113B45B138
        Revocation Date: Aug 13 12:33:22 2015 GMT
    Serial Number: 0C89FE3611425B66B734441BF5E78107
        Revocation Date: Aug 13 12:33:34 2015 GMT
    Serial Number: 0B1FF0F7C63C61359B5B5B0DB0CE41E5
        Revocation Date: Aug 25 12:14:49 2015 GMT
    Serial Number: 077E9DAC50A430A1A156D4252959C311
        Revocation Date: Aug 28 17:50:14 2015 GMT
    Serial Number: 090D0E3809822BCB8075A78EE85A4DC1
        Revocation Date: Sep  2 03:02:58 2015 GMT
    Serial Number: 0B607CD92258AA7654274506F88E80AD
        Revocation Date: Sep 18 20:14:02 2015 GMT
    Serial Number: 08AA77B8A0B4BD9D11FD015D5414EB83
        Revocation Date: Sep 19 12:25:43 2015 GMT
    Serial Number: 08301CC36E6DBD0D0FAF5A6C34BE6D59
        Revocation Date: Sep 21 16:29:33 2015 GMT
    Serial Number: 07A0B4F4E6ACF5D5D10DC46E28FC4631
        Revocation Date: Sep 21 19:53:33 2015 GMT
    Serial Number: 072090954F50174D34787420F86C701D
        Revocation Date: Sep 23 17:12:04 2015 GMT
    Serial Number: 04BFD52D7A15851ACFA78497B3A3BE06
        Revocation Date: Sep 23 17:28:24 2015 GMT
    Serial Number: 0BE22DC6753E3D5994B804F510A8C410
        Revocation Date: Sep 25 22:48:59 2015 GMT
    Serial Number: 0C8D8EA19F12086ACE0872305A1E833A
        Revocation Date: Sep 29 02:57:03 2015 GMT
    Serial Number: 01BFF149ADBB50E8CB5B996AF3C8DCAE
        Revocation Date: Sep 29 14:48:24 2015 GMT
    Serial Number: 054DBA0AA2827724D5BE974E7035FFD6
        Revocation Date: Sep 29 15:02:18 2015 GMT
    Serial Number: 0EE0BA490011C0E19280C1CAF0F4BB7A
        Revocation Date: Sep 29 15:07:31 2015 GMT
    Serial Number: 028EAB644FA2968E0F8F5FC62916B9ED
        Revocation Date: Sep 30 14:14:37 2015 GMT
    Serial Number: 0FCD297EE2780F2A0A696F73F30DBA8E
        Revocation Date: Sep 30 19:18:44 2015 GMT
    Serial Number: 093F1CBF07D8992E59E17912F02CF5BB
        Revocation Date: Sep 30 21:46:39 2015 GMT
    Serial Number: 04723C8CD45B2CF54AE80F7DBC7660B7
        Revocation Date: Sep 30 22:56:28 2015 GMT
    Serial Number: 0AFC8348279735E6F86ED260360D7574
        Revocation Date: Oct  7 16:03:43 2015 GMT
    Serial Number: 0BD543833B325195A87B216AAB9DE147
        Revocation Date: Oct  9 04:44:46 2015 GMT
    Serial Number: 094030D7D67C1816288DC82D8C031899
        Revocation Date: Oct  9 16:46:53 2015 GMT
    Serial Number: 021AFA62820CC8D57CDFDC247FF63792
        Revocation Date: Oct 14 03:06:53 2015 GMT
    Serial Number: 034AF55CAD6B1E6913A2098AF15438D5
        Revocation Date: Oct 14 12:40:25 2015 GMT
    Serial Number: 0DBA6EF4A1BD871A377CE97385865149
        Revocation Date: Oct 14 16:21:30 2015 GMT
    Serial Number: 0C08E0E229D3948DF23942275B0AA387
        Revocation Date: Oct 15 12:37:55 2015 GMT
    Serial Number: 0E56D2417DF3610703723C51779E9922
        Revocation Date: Nov  1 19:22:55 2015 GMT
    Serial Number: 0F60EA25040829EBF8B31722A404D12E
        Revocation Date: Nov  3 14:59:52 2015 GMT
    Serial Number: 0D828B2A4070E5DFEA93C5D10414C3B5
        Revocation Date: Nov  4 20:05:20 2015 GMT
    Serial Number: 0A875D477904135A2B7047A31B1C7627
        Revocation Date: Nov 19 22:10:43 2015 GMT
    Serial Number: 08DC5E7F41ED2105E59C641BA8A6D381
        Revocation Date: Jan 27 15:19:48 2016 GMT
    Serial Number: 0AF8F04A59F24C428299A5EFC9DBB9DF
        Revocation Date: Feb  1 21:04:20 2016 GMT
    Serial Number: 09CFF7287D7D2A2FAD57402A7CE410B2
        Revocation Date: Feb  2 16:46:21 2016 GMT
    Signature Algorithm: sha1WithRSAEncryption
         07:59:66:dc:d3:26:68:ae:e4:91:c2:7a:79:a1:fb:f9:32:3f:
         48:b6:bc:4c:34:f4:32:b8:9b:85:1b:aa:93:8a:08:57:c1:5d:
         b7:45:a0:28:33:9b:5e:52:55:06:99:9c:50:66:80:45:05:ad:
         f2:10:dc:7a:d5:61:1f:e4:41:3c:8a:25:29:47:72:b3:d1:6f:
         60:08:7a:81:35:1b:4f:94:60:60:86:0a:25:58:94:c3:18:87:
         9f:65:93:ba:23:b6:89:67:10:3b:70:ab:ef:ed:80:33:3f:8f:
         0f:46:10:cd:d2:a1:22:fc:d2:b8:99:55:14:a2:4e:a8:0c:b1:
         de:fb:f6:2d:fb:a1:5e:f5:c7:29:b0:05:18:fb:bf:09:09:56:
         65:b4:eb:05:f2:9a:3f:7d:4b:1b:43:2a:21:69:31:f9:9a:ae:
         2b:0b:96:92:59:c7:a3:8e:f3:50:57:64:6a:5c:26:c8:ea:a6:
         d0:2f:8c:76:94:aa:14:cd:c2:37:28:a9:b4:ce:9c:df:da:09:
         45:38:d1:4d:92:9a:51:0c:76:5e:2c:bb:1d:6d:77:b2:83:64:
         dd:05:f9:33:0f:c9:a6:4b:79:31:f4:dc:02:19:4e:e6:d0:6c:
         0a:84:12:63:b1:01:b4:64:09:30:44:25:bd:a2:30:3b:b9:07:
         ed:9e:07:44
[sdobbs@numep-proc15 certificates]# openssl crl -in /etc/grid-security/certificates/c7a717ce.r0 -noout -CApath /etc/grid-security/certificates -text
verify OK
Certificate Revocation List (CRL):
        Version 2 (0x1)
    Signature Algorithm: sha1WithRSAEncryption
        Issuer: /DC=com/DC=DigiCert-Grid/O=DigiCert Grid/CN=DigiCert Grid CA-1
        Last Update: Feb  6 17:02:05 2016 GMT
        Next Update: Mar  7 17:00:00 2016 GMT
        CRL extensions:
            X509v3 Authority Key Identifier: 
                keyid:EF:B0:75:9D:68:31:D1:E4:F7:2A:89:82:53:9D:39:77:68:2E:20:51

            X509v3 CRL Number: 
                1522
Revoked Certificates:
    Serial Number: 0277BCB8540CD11ACBC95B04F3622089
        Revocation Date: Jan  7 16:39:32 2015 GMT
    Serial Number: 0D24DBDAFB9035050FD905E620FC9D5A
        Revocation Date: Jan  9 19:25:38 2015 GMT
    Serial Number: 015F6981DCF360063E939C7696C211D2
        Revocation Date: Jan 22 19:49:08 2015 GMT
    Serial Number: 033746AEA8DE603774FA0FA376298A0C
        Revocation Date: Jan 30 21:56:45 2015 GMT
    Serial Number: 07A3E9E33372BF5D5A155AFB52F074B3
        Revocation Date: Feb 16 21:33:10 2015 GMT
    Serial Number: 0F822C8E3080B8FFB8160E333D41EBD2
        Revocation Date: Feb 21 00:12:12 2015 GMT
    Serial Number: 0BB59E6F6DE6F54DACE802045BEB839D
        Revocation Date: Feb 21 13:54:00 2015 GMT
    Serial Number: 09A13625DB0666D584FD7898B9C8CE4D
        Revocation Date: Feb 23 13:43:11 2015 GMT
    Serial Number: 09470B428F375B103AB42B98BB12CEF0
        Revocation Date: Feb 23 15:26:59 2015 GMT
    Serial Number: 09096FC799DA34086B63B5C932592820
        Revocation Date: Feb 23 15:27:33 2015 GMT
    Serial Number: 0D3270D232206736853B17C48E1582ED
        Revocation Date: Feb 23 15:28:24 2015 GMT
    Serial Number: 0AB6476D52891B612375048602302737
        Revocation Date: Feb 23 15:28:51 2015 GMT
    Serial Number: 0432050A6213A493DE08B99A4EDBE550
        Revocation Date: Feb 23 15:29:16 2015 GMT
    Serial Number: 0BB043502A8E6E256764EA4153285644
        Revocation Date: Feb 23 15:31:01 2015 GMT
    Serial Number: 0A95AC2C6D7FA09B1993C512F9A810AD
        Revocation Date: Feb 23 20:09:27 2015 GMT
    Serial Number: 09AA1E31B2999ADF859D45788597074B
        Revocation Date: Feb 23 20:36:47 2015 GMT
    Serial Number: 02CA9E476D96231681FEC977F537AB10
        Revocation Date: Feb 27 18:52:14 2015 GMT
    Serial Number: 0AFBEEE10BBC977AE3BEB2DD4E5E905F
        Revocation Date: Mar  2 21:53:01 2015 GMT
    Serial Number: 0D40E22EF89AD33C233E1380DCB1A702
        Revocation Date: Mar 17 15:20:22 2015 GMT
    Serial Number: 01EDECFCCDA5A3A30A14639F50F65846
        Revocation Date: Mar 18 21:59:17 2015 GMT
    Serial Number: 05CC39330022EEDF27D436E84B662D00
        Revocation Date: Mar 23 04:21:57 2015 GMT
    Serial Number: 0B124764C15B90C175C80A919FD52F1E
        Revocation Date: Mar 23 04:22:00 2015 GMT
    Serial Number: 07B9F6D2C1500521E93C75B65916C01C
        Revocation Date: Apr  3 18:30:17 2015 GMT
    Serial Number: 09E80441EAA7EE4A24E9118F779439DA
        Revocation Date: Jun  1 18:22:11 2015 GMT
    Serial Number: 05E948A2AF6080F2A77D58506784F449
        Revocation Date: Jun  1 18:22:12 2015 GMT
    Serial Number: 0ADDB3007156EB712DAB0E6A0B710689
        Revocation Date: Jun  1 19:53:42 2015 GMT
    Serial Number: 0C7723A22F59B335CBA9BA7B2DD54894
        Revocation Date: Jun  2 14:24:08 2015 GMT
    Serial Number: 05E97534FF6CD72ABB01D764DEFC1E70
        Revocation Date: Jun 12 04:23:54 2015 GMT
    Serial Number: 08AE83AFFC2201AC8182D3F29256BDB3
        Revocation Date: Jun 24 12:47:13 2015 GMT
    Serial Number: 02B5F55A0062E4A9181CA7620C28F528
        Revocation Date: Jul 17 20:02:59 2015 GMT
    Serial Number: 0CCFE2569C86B736473815E862986453
        Revocation Date: Jul 29 21:14:02 2015 GMT
    Serial Number: 0BDE68972A8616AF77CA7B7B8D443365
        Revocation Date: Jul 30 17:49:44 2015 GMT
    Serial Number: 044C28FABA3C5AC02C55FB250F93D20E
        Revocation Date: Jul 31 14:25:18 2015 GMT
    Serial Number: 0B746A5E7E1A386A2DFD8D6AA29AD01C
        Revocation Date: Aug  5 18:12:12 2015 GMT
    Serial Number: 05DCD8079F69CA310571BF7E3266645D
        Revocation Date: Aug 11 15:06:21 2015 GMT
    Serial Number: 0A99A68641ACE221F57481E57F4FCFE2
        Revocation Date: Aug 11 18:55:18 2015 GMT
    Serial Number: 0E1E663F3292B6137A44EBB10137655F
        Revocation Date: Aug 11 18:55:37 2015 GMT
    Serial Number: 0BE5671D34FA518B335B93ED8304E5E1
        Revocation Date: Aug 11 18:55:52 2015 GMT
    Serial Number: 0B3E0541666991C0DABB68A45DB9472B
        Revocation Date: Aug 11 18:56:05 2015 GMT
    Serial Number: 06BED09FAA411B326FB8EAD72C3CE5B2
        Revocation Date: Aug 11 18:56:20 2015 GMT
    Serial Number: 08688C26C9FF443877640F60D7F881A9
        Revocation Date: Aug 13 12:33:07 2015 GMT
    Serial Number: 0950BDA2B19FCCB4A926FF113B45B138
        Revocation Date: Aug 13 12:33:22 2015 GMT
    Serial Number: 0C89FE3611425B66B734441BF5E78107
        Revocation Date: Aug 13 12:33:34 2015 GMT
    Serial Number: 0B1FF0F7C63C61359B5B5B0DB0CE41E5
        Revocation Date: Aug 25 12:14:49 2015 GMT
    Serial Number: 077E9DAC50A430A1A156D4252959C311
        Revocation Date: Aug 28 17:50:14 2015 GMT
    Serial Number: 090D0E3809822BCB8075A78EE85A4DC1
        Revocation Date: Sep  2 03:02:58 2015 GMT
    Serial Number: 0B607CD92258AA7654274506F88E80AD
        Revocation Date: Sep 18 20:14:02 2015 GMT
    Serial Number: 08AA77B8A0B4BD9D11FD015D5414EB83
        Revocation Date: Sep 19 12:25:43 2015 GMT
    Serial Number: 08301CC36E6DBD0D0FAF5A6C34BE6D59
        Revocation Date: Sep 21 16:29:33 2015 GMT
    Serial Number: 07A0B4F4E6ACF5D5D10DC46E28FC4631
        Revocation Date: Sep 21 19:53:33 2015 GMT
    Serial Number: 072090954F50174D34787420F86C701D
        Revocation Date: Sep 23 17:12:04 2015 GMT
    Serial Number: 04BFD52D7A15851ACFA78497B3A3BE06
        Revocation Date: Sep 23 17:28:24 2015 GMT
    Serial Number: 0BE22DC6753E3D5994B804F510A8C410
        Revocation Date: Sep 25 22:48:59 2015 GMT
    Serial Number: 0C8D8EA19F12086ACE0872305A1E833A
        Revocation Date: Sep 29 02:57:03 2015 GMT
    Serial Number: 01BFF149ADBB50E8CB5B996AF3C8DCAE
        Revocation Date: Sep 29 14:48:24 2015 GMT
    Serial Number: 054DBA0AA2827724D5BE974E7035FFD6
        Revocation Date: Sep 29 15:02:18 2015 GMT
    Serial Number: 0EE0BA490011C0E19280C1CAF0F4BB7A
        Revocation Date: Sep 29 15:07:31 2015 GMT
    Serial Number: 028EAB644FA2968E0F8F5FC62916B9ED
        Revocation Date: Sep 30 14:14:37 2015 GMT
    Serial Number: 0FCD297EE2780F2A0A696F73F30DBA8E
        Revocation Date: Sep 30 19:18:44 2015 GMT
    Serial Number: 093F1CBF07D8992E59E17912F02CF5BB
        Revocation Date: Sep 30 21:46:39 2015 GMT
    Serial Number: 04723C8CD45B2CF54AE80F7DBC7660B7
        Revocation Date: Sep 30 22:56:28 2015 GMT
    Serial Number: 0AFC8348279735E6F86ED260360D7574
        Revocation Date: Oct  7 16:03:43 2015 GMT
    Serial Number: 0BD543833B325195A87B216AAB9DE147
        Revocation Date: Oct  9 04:44:46 2015 GMT
    Serial Number: 094030D7D67C1816288DC82D8C031899
        Revocation Date: Oct  9 16:46:53 2015 GMT
    Serial Number: 021AFA62820CC8D57CDFDC247FF63792
        Revocation Date: Oct 14 03:06:53 2015 GMT
    Serial Number: 034AF55CAD6B1E6913A2098AF15438D5
        Revocation Date: Oct 14 12:40:25 2015 GMT
    Serial Number: 0DBA6EF4A1BD871A377CE97385865149
        Revocation Date: Oct 14 16:21:30 2015 GMT
    Serial Number: 0C08E0E229D3948DF23942275B0AA387
        Revocation Date: Oct 15 12:37:55 2015 GMT
    Serial Number: 0E56D2417DF3610703723C51779E9922
        Revocation Date: Nov  1 19:22:55 2015 GMT
    Serial Number: 0F60EA25040829EBF8B31722A404D12E
        Revocation Date: Nov  3 14:59:52 2015 GMT
    Serial Number: 0D828B2A4070E5DFEA93C5D10414C3B5
        Revocation Date: Nov  4 20:05:20 2015 GMT
    Serial Number: 0A875D477904135A2B7047A31B1C7627
        Revocation Date: Nov 19 22:10:43 2015 GMT
    Serial Number: 08DC5E7F41ED2105E59C641BA8A6D381
        Revocation Date: Jan 27 15:19:48 2016 GMT
    Serial Number: 0AF8F04A59F24C428299A5EFC9DBB9DF
        Revocation Date: Feb  1 21:04:20 2016 GMT
    Serial Number: 09CFF7287D7D2A2FAD57402A7CE410B2
        Revocation Date: Feb  2 16:46:21 2016 GMT
    Signature Algorithm: sha1WithRSAEncryption
         07:59:66:dc:d3:26:68:ae:e4:91:c2:7a:79:a1:fb:f9:32:3f:
         48:b6:bc:4c:34:f4:32:b8:9b:85:1b:aa:93:8a:08:57:c1:5d:
         b7:45:a0:28:33:9b:5e:52:55:06:99:9c:50:66:80:45:05:ad:
         f2:10:dc:7a:d5:61:1f:e4:41:3c:8a:25:29:47:72:b3:d1:6f:
         60:08:7a:81:35:1b:4f:94:60:60:86:0a:25:58:94:c3:18:87:
         9f:65:93:ba:23:b6:89:67:10:3b:70:ab:ef:ed:80:33:3f:8f:
         0f:46:10:cd:d2:a1:22:fc:d2:b8:99:55:14:a2:4e:a8:0c:b1:
         de:fb:f6:2d:fb:a1:5e:f5:c7:29:b0:05:18:fb:bf:09:09:56:
         65:b4:eb:05:f2:9a:3f:7d:4b:1b:43:2a:21:69:31:f9:9a:ae:
         2b:0b:96:92:59:c7:a3:8e:f3:50:57:64:6a:5c:26:c8:ea:a6:
         d0:2f:8c:76:94:aa:14:cd:c2:37:28:a9:b4:ce:9c:df:da:09:
         45:38:d1:4d:92:9a:51:0c:76:5e:2c:bb:1d:6d:77:b2:83:64:
         dd:05:f9:33:0f:c9:a6:4b:79:31:f4:dc:02:19:4e:e6:d0:6c:
         0a:84:12:63:b1:01:b4:64:09:30:44:25:bd:a2:30:3b:b9:07:
         ed:9e:07:44
[sdobbs@numep-proc15 certificates]# openssl crl -in /etc/grid-security/certificates/c7a717ce.r0 -noout -CApath /etc/grid-security/certificates -text
verify OK
Certificate Revocation List (CRL):
        Version 2 (0x1)
    Signature Algorithm: sha1WithRSAEncryption
        Issuer: /DC=com/DC=DigiCert-Grid/O=DigiCert Grid/CN=DigiCert Grid CA-1
        Last Update: Feb  6 17:02:05 2016 GMT
        Next Update: Mar  7 17:00:00 2016 GMT
        CRL extensions:
            X509v3 Authority Key Identifier: 
                keyid:EF:B0:75:9D:68:31:D1:E4:F7:2A:89:82:53:9D:39:77:68:2E:20:51

            X509v3 CRL Number: 
                1522
Revoked Certificates:
    Serial Number: 0277BCB8540CD11ACBC95B04F3622089
        Revocation Date: Jan  7 16:39:32 2015 GMT
    Serial Number: 0D24DBDAFB9035050FD905E620FC9D5A
        Revocation Date: Jan  9 19:25:38 2015 GMT
    Serial Number: 015F6981DCF360063E939C7696C211D2
        Revocation Date: Jan 22 19:49:08 2015 GMT
    Serial Number: 033746AEA8DE603774FA0FA376298A0C
        Revocation Date: Jan 30 21:56:45 2015 GMT
    Serial Number: 07A3E9E33372BF5D5A155AFB52F074B3
        Revocation Date: Feb 16 21:33:10 2015 GMT
    Serial Number: 0F822C8E3080B8FFB8160E333D41EBD2
        Revocation Date: Feb 21 00:12:12 2015 GMT
    Serial Number: 0BB59E6F6DE6F54DACE802045BEB839D
        Revocation Date: Feb 21 13:54:00 2015 GMT
    Serial Number: 09A13625DB0666D584FD7898B9C8CE4D
        Revocation Date: Feb 23 13:43:11 2015 GMT
    Serial Number: 09470B428F375B103AB42B98BB12CEF0
        Revocation Date: Feb 23 15:26:59 2015 GMT
    Serial Number: 09096FC799DA34086B63B5C932592820
        Revocation Date: Feb 23 15:27:33 2015 GMT
    Serial Number: 0D3270D232206736853B17C48E1582ED
        Revocation Date: Feb 23 15:28:24 2015 GMT
    Serial Number: 0AB6476D52891B612375048602302737
        Revocation Date: Feb 23 15:28:51 2015 GMT
    Serial Number: 0432050A6213A493DE08B99A4EDBE550
        Revocation Date: Feb 23 15:29:16 2015 GMT
    Serial Number: 0BB043502A8E6E256764EA4153285644
        Revocation Date: Feb 23 15:31:01 2015 GMT
    Serial Number: 0A95AC2C6D7FA09B1993C512F9A810AD
        Revocation Date: Feb 23 20:09:27 2015 GMT
    Serial Number: 09AA1E31B2999ADF859D45788597074B
        Revocation Date: Feb 23 20:36:47 2015 GMT
    Serial Number: 02CA9E476D96231681FEC977F537AB10
        Revocation Date: Feb 27 18:52:14 2015 GMT
    Serial Number: 0AFBEEE10BBC977AE3BEB2DD4E5E905F
        Revocation Date: Mar  2 21:53:01 2015 GMT
    Serial Number: 0D40E22EF89AD33C233E1380DCB1A702
        Revocation Date: Mar 17 15:20:22 2015 GMT
    Serial Number: 01EDECFCCDA5A3A30A14639F50F65846
        Revocation Date: Mar 18 21:59:17 2015 GMT
    Serial Number: 05CC39330022EEDF27D436E84B662D00
        Revocation Date: Mar 23 04:21:57 2015 GMT
    Serial Number: 0B124764C15B90C175C80A919FD52F1E
        Revocation Date: Mar 23 04:22:00 2015 GMT
    Serial Number: 07B9F6D2C1500521E93C75B65916C01C
        Revocation Date: Apr  3 18:30:17 2015 GMT
    Serial Number: 09E80441EAA7EE4A24E9118F779439DA
        Revocation Date: Jun  1 18:22:11 2015 GMT
    Serial Number: 05E948A2AF6080F2A77D58506784F449
        Revocation Date: Jun  1 18:22:12 2015 GMT
    Serial Number: 0ADDB3007156EB712DAB0E6A0B710689
        Revocation Date: Jun  1 19:53:42 2015 GMT
    Serial Number: 0C7723A22F59B335CBA9BA7B2DD54894
        Revocation Date: Jun  2 14:24:08 2015 GMT
    Serial Number: 05E97534FF6CD72ABB01D764DEFC1E70
        Revocation Date: Jun 12 04:23:54 2015 GMT
    Serial Number: 08AE83AFFC2201AC8182D3F29256BDB3
        Revocation Date: Jun 24 12:47:13 2015 GMT
    Serial Number: 02B5F55A0062E4A9181CA7620C28F528
        Revocation Date: Jul 17 20:02:59 2015 GMT
    Serial Number: 0CCFE2569C86B736473815E862986453
        Revocation Date: Jul 29 21:14:02 2015 GMT
    Serial Number: 0BDE68972A8616AF77CA7B7B8D443365
        Revocation Date: Jul 30 17:49:44 2015 GMT
    Serial Number: 044C28FABA3C5AC02C55FB250F93D20E
        Revocation Date: Jul 31 14:25:18 2015 GMT
    Serial Number: 0B746A5E7E1A386A2DFD8D6AA29AD01C
        Revocation Date: Aug  5 18:12:12 2015 GMT
    Serial Number: 05DCD8079F69CA310571BF7E3266645D
        Revocation Date: Aug 11 15:06:21 2015 GMT
    Serial Number: 0A99A68641ACE221F57481E57F4FCFE2
        Revocation Date: Aug 11 18:55:18 2015 GMT
    Serial Number: 0E1E663F3292B6137A44EBB10137655F
        Revocation Date: Aug 11 18:55:37 2015 GMT
    Serial Number: 0BE5671D34FA518B335B93ED8304E5E1
        Revocation Date: Aug 11 18:55:52 2015 GMT
    Serial Number: 0B3E0541666991C0DABB68A45DB9472B
        Revocation Date: Aug 11 18:56:05 2015 GMT
    Serial Number: 06BED09FAA411B326FB8EAD72C3CE5B2
        Revocation Date: Aug 11 18:56:20 2015 GMT
    Serial Number: 08688C26C9FF443877640F60D7F881A9
        Revocation Date: Aug 13 12:33:07 2015 GMT
    Serial Number: 0950BDA2B19FCCB4A926FF113B45B138
        Revocation Date: Aug 13 12:33:22 2015 GMT
    Serial Number: 0C89FE3611425B66B734441BF5E78107
        Revocation Date: Aug 13 12:33:34 2015 GMT
    Serial Number: 0B1FF0F7C63C61359B5B5B0DB0CE41E5
        Revocation Date: Aug 25 12:14:49 2015 GMT
    Serial Number: 077E9DAC50A430A1A156D4252959C311
        Revocation Date: Aug 28 17:50:14 2015 GMT
    Serial Number: 090D0E3809822BCB8075A78EE85A4DC1
        Revocation Date: Sep  2 03:02:58 2015 GMT
    Serial Number: 0B607CD92258AA7654274506F88E80AD
        Revocation Date: Sep 18 20:14:02 2015 GMT
    Serial Number: 08AA77B8A0B4BD9D11FD015D5414EB83
        Revocation Date: Sep 19 12:25:43 2015 GMT
    Serial Number: 08301CC36E6DBD0D0FAF5A6C34BE6D59
        Revocation Date: Sep 21 16:29:33 2015 GMT
    Serial Number: 07A0B4F4E6ACF5D5D10DC46E28FC4631
        Revocation Date: Sep 21 19:53:33 2015 GMT
    Serial Number: 072090954F50174D34787420F86C701D
        Revocation Date: Sep 23 17:12:04 2015 GMT
    Serial Number: 04BFD52D7A15851ACFA78497B3A3BE06
        Revocation Date: Sep 23 17:28:24 2015 GMT
    Serial Number: 0BE22DC6753E3D5994B804F510A8C410
        Revocation Date: Sep 25 22:48:59 2015 GMT
    Serial Number: 0C8D8EA19F12086ACE0872305A1E833A
        Revocation Date: Sep 29 02:57:03 2015 GMT
    Serial Number: 01BFF149ADBB50E8CB5B996AF3C8DCAE
        Revocation Date: Sep 29 14:48:24 2015 GMT
    Serial Number: 054DBA0AA2827724D5BE974E7035FFD6
        Revocation Date: Sep 29 15:02:18 2015 GMT
    Serial Number: 0EE0BA490011C0E19280C1CAF0F4BB7A
        Revocation Date: Sep 29 15:07:31 2015 GMT
    Serial Number: 028EAB644FA2968E0F8F5FC62916B9ED
        Revocation Date: Sep 30 14:14:37 2015 GMT
    Serial Number: 0FCD297EE2780F2A0A696F73F30DBA8E
        Revocation Date: Sep 30 19:18:44 2015 GMT
    Serial Number: 093F1CBF07D8992E59E17912F02CF5BB
        Revocation Date: Sep 30 21:46:39 2015 GMT
    Serial Number: 04723C8CD45B2CF54AE80F7DBC7660B7
        Revocation Date: Sep 30 22:56:28 2015 GMT
    Serial Number: 0AFC8348279735E6F86ED260360D7574
        Revocation Date: Oct  7 16:03:43 2015 GMT
    Serial Number: 0BD543833B325195A87B216AAB9DE147
        Revocation Date: Oct  9 04:44:46 2015 GMT
    Serial Number: 094030D7D67C1816288DC82D8C031899
        Revocation Date: Oct  9 16:46:53 2015 GMT
    Serial Number: 021AFA62820CC8D57CDFDC247FF63792
        Revocation Date: Oct 14 03:06:53 2015 GMT
    Serial Number: 034AF55CAD6B1E6913A2098AF15438D5
        Revocation Date: Oct 14 12:40:25 2015 GMT
    Serial Number: 0DBA6EF4A1BD871A377CE97385865149
        Revocation Date: Oct 14 16:21:30 2015 GMT
    Serial Number: 0C08E0E229D3948DF23942275B0AA387
        Revocation Date: Oct 15 12:37:55 2015 GMT
    Serial Number: 0E56D2417DF3610703723C51779E9922
        Revocation Date: Nov  1 19:22:55 2015 GMT
    Serial Number: 0F60EA25040829EBF8B31722A404D12E
        Revocation Date: Nov  3 14:59:52 2015 GMT
    Serial Number: 0D828B2A4070E5DFEA93C5D10414C3B5
        Revocation Date: Nov  4 20:05:20 2015 GMT
    Serial Number: 0A875D477904135A2B7047A31B1C7627
        Revocation Date: Nov 19 22:10:43 2015 GMT
    Serial Number: 08DC5E7F41ED2105E59C641BA8A6D381
        Revocation Date: Jan 27 15:19:48 2016 GMT
    Serial Number: 0AF8F04A59F24C428299A5EFC9DBB9DF
        Revocation Date: Feb  1 21:04:20 2016 GMT
    Serial Number: 09CFF7287D7D2A2FAD57402A7CE410B2
        Revocation Date: Feb  2 16:46:21 2016 GMT
    Signature Algorithm: sha1WithRSAEncryption
         07:59:66:dc:d3:26:68:ae:e4:91:c2:7a:79:a1:fb:f9:32:3f:
         48:b6:bc:4c:34:f4:32:b8:9b:85:1b:aa:93:8a:08:57:c1:5d:
         b7:45:a0:28:33:9b:5e:52:55:06:99:9c:50:66:80:45:05:ad:
         f2:10:dc:7a:d5:61:1f:e4:41:3c:8a:25:29:47:72:b3:d1:6f:
         60:08:7a:81:35:1b:4f:94:60:60:86:0a:25:58:94:c3:18:87:
         9f:65:93:ba:23:b6:89:67:10:3b:70:ab:ef:ed:80:33:3f:8f:
         0f:46:10:cd:d2:a1:22:fc:d2:b8:99:55:14:a2:4e:a8:0c:b1:
         de:fb:f6:2d:fb:a1:5e:f5:c7:29:b0:05:18:fb:bf:09:09:56:
         65:b4:eb:05:f2:9a:3f:7d:4b:1b:43:2a:21:69:31:f9:9a:ae:
         2b:0b:96:92:59:c7:a3:8e:f3:50:57:64:6a:5c:26:c8:ea:a6:
         d0:2f:8c:76:94:aa:14:cd:c2:37:28:a9:b4:ce:9c:df:da:09:
         45:38:d1:4d:92:9a:51:0c:76:5e:2c:bb:1d:6d:77:b2:83:64:
         dd:05:f9:33:0f:c9:a6:4b:79:31:f4:dc:02:19:4e:e6:d0:6c:
         0a:84:12:63:b1:01:b4:64:09:30:44:25:bd:a2:30:3b:b9:07:
         ed:9e:07:44
