01/29/18 12:13:00 Calling Handler <SharedPortEndpoint::HandleListenerAccept> (0)
01/29/18 12:13:00 SharedPortEndpoint: received command 76 SHARED_PORT_PASS_SOCK on named socket 95375e429b70871f3fcdc289df356613468e11ecee07e0ed5e83bdb6d6b07712/collector
01/29/18 12:13:00 SharedPortEndpoint: received forwarded connection from <129.15.31.41:30942>.
01/29/18 12:13:00 Return from Handler <SharedPortEndpoint::HandleListenerAccept> 0.000475s
01/29/18 12:13:02 Calling Timer handler 3238 (dc_touch_log_file)
01/29/18 12:13:02 Return from Timer handler 3238 (dc_touch_log_file)
01/29/18 12:13:05 Calling Timer handler 2 (check_parent)
01/29/18 12:13:05 Return from Timer handler 2 (check_parent)
01/29/18 12:13:18 Calling Timer handler 12 (CCBServer::PollSockets)
01/29/18 12:13:18 Return from Timer handler 12 (CCBServer::PollSockets) - took 0.000s
01/29/18 12:13:39 Calling Timer handler 11 (CollectorEngine::housekeeper)
01/29/18 12:13:39 Housekeeper:  Ready to clean old ads
01/29/18 12:13:39 	Cleaning StartdAds ...
01/29/18 12:13:39 	Cleaning StartdPrivateAds ...
01/29/18 12:13:39 	Cleaning ScheddAds ...
01/29/18 12:13:39 	Cleaning SubmittorAds ...
01/29/18 12:13:39 	Cleaning LicenseAds ...
01/29/18 12:13:39 	Cleaning MasterAds ...
01/29/18 12:13:39 	Cleaning CkptServerAds ...
01/29/18 12:13:39 	Cleaning CollectorAds ...
01/29/18 12:13:39 	Cleaning StorageAds ...
01/29/18 12:13:39 	Cleaning NegotiatorAds ...
01/29/18 12:13:39 	Cleaning HadAds ...
01/29/18 12:13:39 	Cleaning GridAds ...
01/29/18 12:13:39 	Cleaning XferServiceAds ...
01/29/18 12:13:39 	Cleaning LeaseManagerAds ...
01/29/18 12:13:39 	Cleaning Generic Ads ...
01/29/18 12:13:39 Housekeeper:  Done cleaning
01/29/18 12:13:39 Return from Timer handler 11 (CollectorEngine::housekeeper)
01/29/18 12:13:39 Calling Timer handler 10 (sendCollectorAd)
01/29/18 12:13:39 CollectorAd  : Updating ... "< My Pool - tier2-osg1.bellarmine.edu@tier2-osg1.bellarmine.edu >"
01/29/18 12:13:39 Return from Timer handler 10 (sendCollectorAd)
01/29/18 12:13:39 Calling Timer handler 5 (check_session_cache)
01/29/18 12:13:39 Return from Timer handler 5 (check_session_cache)
01/29/18 12:13:39 Calling Timer handler 12 (CCBServer::PollSockets)
01/29/18 12:13:39 Return from Timer handler 12 (CCBServer::PollSockets) - took 0.000s
01/29/18 12:13:41 Calling HandleReq <receive_update> (0) for command 58 (UPDATE_AD_GENERIC) from tier2-osg1.bellarmine.edu@daemon.opensciencegrid.org <205.159.178.244:39009>
01/29/18 12:13:41 Job_Router: Updating ... "< tier2-osg1@tier2-osg1.bellarmine.edu >"
01/29/18 12:13:41 In OfflineCollectorPlugin::update ( 58 )
01/29/18 12:13:41 Return from HandleReq <receive_update> (handler: 0.000141s, sec: 0.000s, payload: 0.000s)
01/29/18 12:13:48 Calling HandleReq <receive_update> (0) for command 2 (UPDATE_MASTER_AD) from tier2-osg1.bellarmine.edu@daemon.opensciencegrid.org <205.159.178.244:35964>
01/29/18 12:13:48 MasterAd     : Updating ... "< tier2-osg1.bellarmine.edu >"
01/29/18 12:13:48 In OfflineCollectorPlugin::update ( 2 )
01/29/18 12:13:48 Return from HandleReq <receive_update> (handler: 0.000203s, sec: 0.000s, payload: 0.000s)
01/29/18 12:14:00 Calling Timer handler 12 (CCBServer::PollSockets)
01/29/18 12:14:00 Return from Timer handler 12 (CCBServer::PollSockets) - took 0.000s
01/29/18 12:14:02 Calling Timer handler 3240 (dc_touch_log_file)
01/29/18 12:14:02 Return from Timer handler 3240 (dc_touch_log_file)
01/29/18 12:14:21 Calling Timer handler 12 (CCBServer::PollSockets)
01/29/18 12:14:21 Return from Timer handler 12 (CCBServer::PollSockets) - took 0.000s
01/29/18 12:14:26 Calling Handler <DaemonCommandProtocol::WaitForSocketData> (7)
01/29/18 12:14:26 Calling HandleReq <receive_update> (0) for command 1 (UPDATE_SCHEDD_AD) from tier2-osg1.bellarmine.edu@daemon.opensciencegrid.org <205.159.178.244:38796>
01/29/18 12:14:26 ScheddAd     : Updating ... "< tier2-osg1.bellarmine.edu , 205.159.178.244 >"
01/29/18 12:14:26 In OfflineCollectorPlugin::update ( 1 )
01/29/18 12:14:26 Forwarding ad: type=Scheduler command=UPDATE_SCHEDD_AD
01/29/18 12:14:26 Connecting to CONDOR_VIEW_HOST collector1.opensciencegrid.org:9619:9619
01/29/18 12:14:26 Failed to connect to CONDOR_VIEW_HOST collector1.opensciencegrid.org:9619:9619 so not forwarding ad.
01/29/18 12:14:26 Connecting to CONDOR_VIEW_HOST collector2.opensciencegrid.org:9619:9619
01/29/18 12:14:26 Failed to connect to CONDOR_VIEW_HOST collector2.opensciencegrid.org:9619:9619 so not forwarding ad.
01/29/18 12:14:26 Return from HandleReq <receive_update> (handler: 0.000680s, sec: 0.000s, payload: 0.000s)
01/29/18 12:14:26 Return from Handler <DaemonCommandProtocol::WaitForSocketData> 0.000793s
01/29/18 12:14:26 Calling HandleReq <receive_update> (0) for command 11 (UPDATE_SUBMITTOR_AD) from tier2-osg1.bellarmine.edu@daemon.opensciencegrid.org <205.159.178.244:38796>
01/29/18 12:14:26 SubmittorAd  : Updating ... "< rsv@users.opensciencegrid.orgtier2-osg1.bellarmine.edu , 205.159.178.244 >"
01/29/18 12:14:26 In OfflineCollectorPlugin::update ( 11 )
01/29/18 12:14:26 Return from HandleReq <receive_update> (handler: 0.000267s, sec: 0.000s, payload: 0.000s)
01/29/18 12:14:26 Calling HandleReq <receive_update> (0) for command 11 (UPDATE_SUBMITTOR_AD) from tier2-osg1.bellarmine.edu@daemon.opensciencegrid.org <205.159.178.244:38796>
01/29/18 12:14:26 SubmittorAd  : Updating ... "< rsv@users.opensciencegrid.orgtier2-osg1.bellarmine.edu , 205.159.178.244 >"
01/29/18 12:14:26 In OfflineCollectorPlugin::update ( 11 )
01/29/18 12:14:26 Return from HandleReq <receive_update> (handler: 0.000277s, sec: 0.000s, payload: 0.000s)
01/29/18 12:14:26 Calling Handler <SharedPortEndpoint::HandleListenerAccept> (0)
01/29/18 12:14:26 SharedPortEndpoint: received command 76 SHARED_PORT_PASS_SOCK on named socket 95375e429b70871f3fcdc289df356613468e11ecee07e0ed5e83bdb6d6b07712/collector
01/29/18 12:14:26 SharedPortEndpoint: received forwarded connection from <205.159.178.244:32816>.
01/29/18 12:14:26 Calling HandleReq <receive_query_cedar> (0) for command 50 (QUERY_NEGOTIATOR_ADS) from unauthenticated@unmapped <205.159.178.244:32816>
01/29/18 12:14:26 Got QUERY_NEGOTIATOR_ADS
01/29/18 12:14:26 (Sending 0 ads in response to query)
01/29/18 12:14:26 Query info: matched=0; skipped=0; query_time=0.000019; send_time=0.000028; type=Negotiator; requirements={true}; peer=<205.159.178.244:32816>; projection={}
01/29/18 12:14:26 Return from HandleReq <receive_query_cedar> (handler: 0.000122s, sec: 0.000s, payload: 0.000s)
01/29/18 12:14:26 Return from Handler <SharedPortEndpoint::HandleListenerAccept> 0.000425s
01/29/18 12:14:42 Calling Timer handler 12 (CCBServer::PollSockets)
01/29/18 12:14:42 Return from Timer handler 12 (CCBServer::PollSockets) - took 0.000s
01/29/18 12:13:00 Calling Handler <SharedPortEndpoint::HandleListenerAccept> (0)
01/29/18 12:13:00 SharedPortEndpoint: received command 76 SHARED_PORT_PASS_SOCK on named socket 95375e429b70871f3fcdc289df356613468e11ecee07e0ed5e83bdb6d6b07712/collector
01/29/18 12:13:00 SharedPortEndpoint: received forwarded connection from <129.15.31.41:30942>.
01/29/18 12:13:00 Return from Handler <SharedPortEndpoint::HandleListenerAccept> 0.000475s
01/29/18 12:13:02 Calling Timer handler 3238 (dc_touch_log_file)
01/29/18 12:13:02 Return from Timer handler 3238 (dc_touch_log_file)
01/29/18 12:13:05 Calling Timer handler 2 (check_parent)
01/29/18 12:13:05 Return from Timer handler 2 (check_parent)
01/29/18 12:13:18 Calling Timer handler 12 (CCBServer::PollSockets)
01/29/18 12:13:18 Return from Timer handler 12 (CCBServer::PollSockets) - took 0.000s
01/29/18 12:13:39 Calling Timer handler 11 (CollectorEngine::housekeeper)
01/29/18 12:13:39 Housekeeper:  Ready to clean old ads
01/29/18 12:13:39 	Cleaning StartdAds ...
01/29/18 12:13:39 	Cleaning StartdPrivateAds ...
01/29/18 12:13:39 	Cleaning ScheddAds ...
01/29/18 12:13:39 	Cleaning SubmittorAds ...
01/29/18 12:13:39 	Cleaning LicenseAds ...
01/29/18 12:13:39 	Cleaning MasterAds ...
01/29/18 12:13:39 	Cleaning CkptServerAds ...
01/29/18 12:13:39 	Cleaning CollectorAds ...
01/29/18 12:13:39 	Cleaning StorageAds ...
01/29/18 12:13:39 	Cleaning NegotiatorAds ...
01/29/18 12:13:39 	Cleaning HadAds ...
01/29/18 12:13:39 	Cleaning GridAds ...
01/29/18 12:13:39 	Cleaning XferServiceAds ...
01/29/18 12:13:39 	Cleaning LeaseManagerAds ...
01/29/18 12:13:39 	Cleaning Generic Ads ...
01/29/18 12:13:39 Housekeeper:  Done cleaning
01/29/18 12:13:39 Return from Timer handler 11 (CollectorEngine::housekeeper)
01/29/18 12:13:39 Calling Timer handler 10 (sendCollectorAd)
01/29/18 12:13:39 CollectorAd  : Updating ... "< My Pool - tier2-osg1.bellarmine.edu@tier2-osg1.bellarmine.edu >"
01/29/18 12:13:39 Return from Timer handler 10 (sendCollectorAd)
01/29/18 12:13:39 Calling Timer handler 5 (check_session_cache)
01/29/18 12:13:39 Return from Timer handler 5 (check_session_cache)
01/29/18 12:13:39 Calling Timer handler 12 (CCBServer::PollSockets)
01/29/18 12:13:39 Return from Timer handler 12 (CCBServer::PollSockets) - took 0.000s
01/29/18 12:13:41 Calling HandleReq <receive_update> (0) for command 58 (UPDATE_AD_GENERIC) from tier2-osg1.bellarmine.edu@daemon.opensciencegrid.org <205.159.178.244:39009>
01/29/18 12:13:41 Job_Router: Updating ... "< tier2-osg1@tier2-osg1.bellarmine.edu >"
01/29/18 12:13:41 In OfflineCollectorPlugin::update ( 58 )
01/29/18 12:13:41 Return from HandleReq <receive_update> (handler: 0.000141s, sec: 0.000s, payload: 0.000s)
01/29/18 12:13:48 Calling HandleReq <receive_update> (0) for command 2 (UPDATE_MASTER_AD) from tier2-osg1.bellarmine.edu@daemon.opensciencegrid.org <205.159.178.244:35964>
01/29/18 12:13:48 MasterAd     : Updating ... "< tier2-osg1.bellarmine.edu >"
01/29/18 12:13:48 In OfflineCollectorPlugin::update ( 2 )
01/29/18 12:13:48 Return from HandleReq <receive_update> (handler: 0.000203s, sec: 0.000s, payload: 0.000s)
01/29/18 12:14:00 Calling Timer handler 12 (CCBServer::PollSockets)
01/29/18 12:14:00 Return from Timer handler 12 (CCBServer::PollSockets) - took 0.000s
01/29/18 12:14:02 Calling Timer handler 3240 (dc_touch_log_file)
01/29/18 12:14:02 Return from Timer handler 3240 (dc_touch_log_file)
01/29/18 12:14:21 Calling Timer handler 12 (CCBServer::PollSockets)
01/29/18 12:14:21 Return from Timer handler 12 (CCBServer::PollSockets) - took 0.000s
01/29/18 12:14:26 Calling Handler <DaemonCommandProtocol::WaitForSocketData> (7)
01/29/18 12:14:26 Calling HandleReq <receive_update> (0) for command 1 (UPDATE_SCHEDD_AD) from tier2-osg1.bellarmine.edu@daemon.opensciencegrid.org <205.159.178.244:38796>
01/29/18 12:14:26 ScheddAd     : Updating ... "< tier2-osg1.bellarmine.edu , 205.159.178.244 >"
01/29/18 12:14:26 In OfflineCollectorPlugin::update ( 1 )
01/29/18 12:14:26 Forwarding ad: type=Scheduler command=UPDATE_SCHEDD_AD
01/29/18 12:14:26 Connecting to CONDOR_VIEW_HOST collector1.opensciencegrid.org:9619:9619
01/29/18 12:14:26 Failed to connect to CONDOR_VIEW_HOST collector1.opensciencegrid.org:9619:9619 so not forwarding ad.
01/29/18 12:14:26 Connecting to CONDOR_VIEW_HOST collector2.opensciencegrid.org:9619:9619
01/29/18 12:14:26 Failed to connect to CONDOR_VIEW_HOST collector2.opensciencegrid.org:9619:9619 so not forwarding ad.
01/29/18 12:14:26 Return from HandleReq <receive_update> (handler: 0.000680s, sec: 0.000s, payload: 0.000s)
01/29/18 12:14:26 Return from Handler <DaemonCommandProtocol::WaitForSocketData> 0.000793s
01/29/18 12:14:26 Calling HandleReq <receive_update> (0) for command 11 (UPDATE_SUBMITTOR_AD) from tier2-osg1.bellarmine.edu@daemon.opensciencegrid.org <205.159.178.244:38796>
01/29/18 12:14:26 SubmittorAd  : Updating ... "< rsv@users.opensciencegrid.orgtier2-osg1.bellarmine.edu , 205.159.178.244 >"
01/29/18 12:14:26 In OfflineCollectorPlugin::update ( 11 )
01/29/18 12:14:26 Return from HandleReq <receive_update> (handler: 0.000267s, sec: 0.000s, payload: 0.000s)
01/29/18 12:14:26 Calling HandleReq <receive_update> (0) for command 11 (UPDATE_SUBMITTOR_AD) from tier2-osg1.bellarmine.edu@daemon.opensciencegrid.org <205.159.178.244:38796>
01/29/18 12:14:26 SubmittorAd  : Updating ... "< rsv@users.opensciencegrid.orgtier2-osg1.bellarmine.edu , 205.159.178.244 >"
01/29/18 12:14:26 In OfflineCollectorPlugin::update ( 11 )
01/29/18 12:14:26 Return from HandleReq <receive_update> (handler: 0.000277s, sec: 0.000s, payload: 0.000s)
01/29/18 12:14:26 Calling Handler <SharedPortEndpoint::HandleListenerAccept> (0)
01/29/18 12:14:26 SharedPortEndpoint: received command 76 SHARED_PORT_PASS_SOCK on named socket 95375e429b70871f3fcdc289df356613468e11ecee07e0ed5e83bdb6d6b07712/collector
01/29/18 12:14:26 SharedPortEndpoint: received forwarded connection from <205.159.178.244:32816>.
01/29/18 12:14:26 Calling HandleReq <receive_query_cedar> (0) for command 50 (QUERY_NEGOTIATOR_ADS) from unauthenticated@unmapped <205.159.178.244:32816>
01/29/18 12:14:26 Got QUERY_NEGOTIATOR_ADS
01/29/18 12:14:26 (Sending 0 ads in response to query)
01/29/18 12:14:26 Query info: matched=0; skipped=0; query_time=0.000019; send_time=0.000028; type=Negotiator; requirements={true}; peer=<205.159.178.244:32816>; projection={}
01/29/18 12:14:26 Return from HandleReq <receive_query_cedar> (handler: 0.000122s, sec: 0.000s, payload: 0.000s)
01/29/18 12:14:26 Return from Handler <SharedPortEndpoint::HandleListenerAccept> 0.000425s
01/29/18 12:14:42 Calling Timer handler 12 (CCBServer::PollSockets)
01/29/18 12:14:42 Return from Timer handler 12 (CCBServer::PollSockets) - took 0.000s
01/29/18 12:13:01 Calling Timer handler 15 (JobRouter::EvalAllSrcJobPeriodicExprs)
01/29/18 12:13:01 JobRouter: Evaluating all managed jobs periodic job policy expressions.
01/29/18 12:13:01 JobRouter: Evaluated all managed jobs periodic expressions.
01/29/18 12:13:01 Return from Timer handler 15 (JobRouter::EvalAllSrcJobPeriodicExprs) - took 0.000s
01/29/18 12:13:02 Calling Timer handler 2 (check_parent)
01/29/18 12:13:02 Return from Timer handler 2 (check_parent)
01/29/18 12:13:07 Calling Timer handler 12 (JobLogMirror::TimerHandler_JobLogPolling)
01/29/18 12:13:07 TimerHandler_JobLogPolling() called
01/29/18 12:13:07 === Current Probing Information ===
01/29/18 12:13:07 fsize: 623766		mtime: 1517245773
01/29/18 12:13:07 first log entry: 247 CreationTimestamp 1496262092
01/29/18 12:13:07 Return from Timer handler 12 (JobLogMirror::TimerHandler_JobLogPolling)
01/29/18 12:13:07 Calling Timer handler 13 (JobLogMirror::TimerHandler_JobLogPolling)
01/29/18 12:13:07 TimerHandler_JobLogPolling() called
01/29/18 12:13:07 === Current Probing Information ===
01/29/18 12:13:07 fsize: 136		mtime: 1513973104
01/29/18 12:13:07 first log entry: 147 CreationTimestamp 1495479253
01/29/18 12:13:07 Return from Timer handler 13 (JobLogMirror::TimerHandler_JobLogPolling)
01/29/18 12:13:07 Calling Timer handler 14 (JobRouter::Poll)
01/29/18 12:13:07 JobRouter: polling state of (0) managed jobs.
01/29/18 12:13:07 JobRouter: Checking for candidate jobs. routing table is:
01/29/18 12:13:07 JobRouter: Umbrella constraint: ((target.x509userproxysubject =!= UNDEFINED) && (target.x509UserProxyExpiration =!= UNDEFINED) && (time() < target.x509UserProxyExpiration) && (target.JobUniverse =?= 5 || target.JobUniverse =?= 1)) && ( (ifThenElse(target.queue is undefined,true,ifThenElse(target.xcount is undefined,true,target.queue == "prod" && target.xcount == 1))) ) && (target.ProcId >= 0 && target.JobStatus == 1 && (target.StageInStart is undefined || target.StageInFinish isnt undefined) && target.Managed isnt "ScheddDone" && target.Managed isnt "External" && target.Owner isnt Undefined && target.RoutedBy isnt "tier2-osg1")
01/29/18 12:13:07 Return from Timer handler 14 (JobRouter::Poll)
01/29/18 12:13:08 Calling Timer handler 3238 (SharedPortEndpoint::RetryInitRemoteAddress)
01/29/18 12:13:08 Return from Timer handler 3238 (SharedPortEndpoint::RetryInitRemoteAddress)
01/29/18 12:13:17 Calling Timer handler 12 (JobLogMirror::TimerHandler_JobLogPolling)
01/29/18 12:13:17 TimerHandler_JobLogPolling() called
01/29/18 12:13:17 === Current Probing Information ===
01/29/18 12:13:17 fsize: 623836		mtime: 1517245996
01/29/18 12:13:17 first log entry: 247 CreationTimestamp 1496262092
01/29/18 12:13:17 Return from Timer handler 12 (JobLogMirror::TimerHandler_JobLogPolling)
01/29/18 12:13:17 Calling Timer handler 13 (JobLogMirror::TimerHandler_JobLogPolling)
01/29/18 12:13:17 TimerHandler_JobLogPolling() called
01/29/18 12:13:17 === Current Probing Information ===
01/29/18 12:13:17 fsize: 136		mtime: 1513973104
01/29/18 12:13:17 first log entry: 147 CreationTimestamp 1495479253
01/29/18 12:13:17 Return from Timer handler 13 (JobLogMirror::TimerHandler_JobLogPolling)
01/29/18 12:13:17 Calling Timer handler 14 (JobRouter::Poll)
01/29/18 12:13:17 JobRouter: polling state of (0) managed jobs.
01/29/18 12:13:17 JobRouter: Checking for candidate jobs. routing table is:
01/29/18 12:13:17 JobRouter: Umbrella constraint: ((target.x509userproxysubject =!= UNDEFINED) && (target.x509UserProxyExpiration =!= UNDEFINED) && (time() < target.x509UserProxyExpiration) && (target.JobUniverse =?= 5 || target.JobUniverse =?= 1)) && ( (ifThenElse(target.queue is undefined,true,ifThenElse(target.xcount is undefined,true,target.queue == "prod" && target.xcount == 1))) ) && (target.ProcId >= 0 && target.JobStatus == 1 && (target.StageInStart is undefined || target.StageInFinish isnt undefined) && target.Managed isnt "ScheddDone" && target.Managed isnt "External" && target.Owner isnt Undefined && target.RoutedBy isnt "tier2-osg1")
01/29/18 12:13:17 Return from Timer handler 14 (JobRouter::Poll)
01/29/18 12:13:27 Calling Timer handler 12 (JobLogMirror::TimerHandler_JobLogPolling)
01/29/18 12:13:27 TimerHandler_JobLogPolling() called
01/29/18 12:13:27 === Current Probing Information ===
01/29/18 12:13:27 fsize: 623836		mtime: 1517245996
01/29/18 12:13:27 first log entry: 247 CreationTimestamp 1496262092
01/29/18 12:13:27 Return from Timer handler 12 (JobLogMirror::TimerHandler_JobLogPolling)
01/29/18 12:13:27 Calling Timer handler 13 (JobLogMirror::TimerHandler_JobLogPolling)
01/29/18 12:13:27 TimerHandler_JobLogPolling() called
01/29/18 12:13:27 === Current Probing Information ===
01/29/18 12:13:27 fsize: 136		mtime: 1513973104
01/29/18 12:13:27 first log entry: 147 CreationTimestamp 1495479253
01/29/18 12:13:27 Return from Timer handler 13 (JobLogMirror::TimerHandler_JobLogPolling)
01/29/18 12:13:27 Calling Timer handler 14 (JobRouter::Poll)
01/29/18 12:13:27 JobRouter: polling state of (0) managed jobs.
01/29/18 12:13:27 JobRouter: Checking for candidate jobs. routing table is:
01/29/18 12:13:27 JobRouter: Umbrella constraint: ((target.x509userproxysubject =!= UNDEFINED) && (target.x509UserProxyExpiration =!= UNDEFINED) && (time() < target.x509UserProxyExpiration) && (target.JobUniverse =?= 5 || target.JobUniverse =?= 1)) && ( (ifThenElse(target.queue is undefined,true,ifThenElse(target.xcount is undefined,true,target.queue == "prod" && target.xcount == 1))) ) && (target.ProcId >= 0 && target.JobStatus == 1 && (target.StageInStart is undefined || target.StageInFinish isnt undefined) && target.Managed isnt "ScheddDone" && target.Managed isnt "External" && target.Owner isnt Undefined && target.RoutedBy isnt "tier2-osg1")
01/29/18 12:13:27 Return from Timer handler 14 (JobRouter::Poll)
01/29/18 12:13:37 Calling Timer handler 12 (JobLogMirror::TimerHandler_JobLogPolling)
01/29/18 12:13:37 TimerHandler_JobLogPolling() called
01/29/18 12:13:37 === Current Probing Information ===
01/29/18 12:13:37 fsize: 623836		mtime: 1517245996
01/29/18 12:13:37 first log entry: 247 CreationTimestamp 1496262092
01/29/18 12:13:37 Return from Timer handler 12 (JobLogMirror::TimerHandler_JobLogPolling)
01/29/18 12:13:37 Calling Timer handler 13 (JobLogMirror::TimerHandler_JobLogPolling)
01/29/18 12:13:37 TimerHandler_JobLogPolling() called
01/29/18 12:13:37 === Current Probing Information ===
01/29/18 12:13:37 fsize: 136		mtime: 1513973104
01/29/18 12:13:37 first log entry: 147 CreationTimestamp 1495479253
01/29/18 12:13:37 Return from Timer handler 13 (JobLogMirror::TimerHandler_JobLogPolling)
01/29/18 12:13:37 Calling Timer handler 14 (JobRouter::Poll)
01/29/18 12:13:37 JobRouter: polling state of (0) managed jobs.
01/29/18 12:13:37 JobRouter: Checking for candidate jobs. routing table is:
01/29/18 12:13:37 JobRouter: Umbrella constraint: ((target.x509userproxysubject =!= UNDEFINED) && (target.x509UserProxyExpiration =!= UNDEFINED) && (time() < target.x509UserProxyExpiration) && (target.JobUniverse =?= 5 || target.JobUniverse =?= 1)) && ( (ifThenElse(target.queue is undefined,true,ifThenElse(target.xcount is undefined,true,target.queue == "prod" && target.xcount == 1))) ) && (target.ProcId >= 0 && target.JobStatus == 1 && (target.StageInStart is undefined || target.StageInFinish isnt undefined) && target.Managed isnt "ScheddDone" && target.Managed isnt "External" && target.Owner isnt Undefined && target.RoutedBy isnt "tier2-osg1")
01/29/18 12:13:37 Return from Timer handler 14 (JobRouter::Poll)
01/29/18 12:13:41 Calling Timer handler 5 (check_session_cache)
01/29/18 12:13:41 Return from Timer handler 5 (check_session_cache)
01/29/18 12:13:41 Calling Timer handler 16 (JobRouter::TimerHandler_UpdateCollector)
01/29/18 12:13:41 Trying to update collector <205.159.178.244:9619>
01/29/18 12:13:41 Attempting to send update via TCP to collector tier2-osg1.bellarmine.edu <205.159.178.244:9619>
01/29/18 12:13:41 Return from Timer handler 16 (JobRouter::TimerHandler_UpdateCollector)
01/29/18 12:13:47 Calling Timer handler 12 (JobLogMirror::TimerHandler_JobLogPolling)
01/29/18 12:13:47 TimerHandler_JobLogPolling() called
01/29/18 12:13:47 === Current Probing Information ===
01/29/18 12:13:47 fsize: 623836		mtime: 1517245996
01/29/18 12:13:47 first log entry: 247 CreationTimestamp 1496262092
01/29/18 12:13:47 Return from Timer handler 12 (JobLogMirror::TimerHandler_JobLogPolling)
01/29/18 12:13:47 Calling Timer handler 13 (JobLogMirror::TimerHandler_JobLogPolling)
01/29/18 12:13:47 TimerHandler_JobLogPolling() called
01/29/18 12:13:47 === Current Probing Information ===
01/29/18 12:13:47 fsize: 136		mtime: 1513973104
01/29/18 12:13:47 first log entry: 147 CreationTimestamp 1495479253
01/29/18 12:13:47 Return from Timer handler 13 (JobLogMirror::TimerHandler_JobLogPolling)
01/29/18 12:13:47 Calling Timer handler 14 (JobRouter::Poll)
01/29/18 12:13:47 JobRouter: polling state of (0) managed jobs.
01/29/18 12:13:47 JobRouter: Checking for candidate jobs. routing table is:
01/29/18 12:13:47 JobRouter: Umbrella constraint: ((target.x509userproxysubject =!= UNDEFINED) && (target.x509UserProxyExpiration =!= UNDEFINED) && (time() < target.x509UserProxyExpiration) && (target.JobUniverse =?= 5 || target.JobUniverse =?= 1)) && ( (ifThenElse(target.queue is undefined,true,ifThenElse(target.xcount is undefined,true,target.queue == "prod" && target.xcount == 1))) ) && (target.ProcId >= 0 && target.JobStatus == 1 && (target.StageInStart is undefined || target.StageInFinish isnt undefined) && target.Managed isnt "ScheddDone" && target.Managed isnt "External" && target.Owner isnt Undefined && target.RoutedBy isnt "tier2-osg1")
01/29/18 12:13:47 Return from Timer handler 14 (JobRouter::Poll)
01/29/18 12:13:53 Calling Timer handler 3243 (dc_touch_log_file)
01/29/18 12:13:53 Return from Timer handler 3243 (dc_touch_log_file)
01/29/18 12:13:57 Calling Timer handler 12 (JobLogMirror::TimerHandler_JobLogPolling)
01/29/18 12:13:57 TimerHandler_JobLogPolling() called
01/29/18 12:13:57 === Current Probing Information ===
01/29/18 12:13:57 fsize: 623836		mtime: 1517245996
01/29/18 12:13:57 first log entry: 247 CreationTimestamp 1496262092
01/29/18 12:13:57 Return from Timer handler 12 (JobLogMirror::TimerHandler_JobLogPolling)
01/29/18 12:13:57 Calling Timer handler 13 (JobLogMirror::TimerHandler_JobLogPolling)
01/29/18 12:13:57 TimerHandler_JobLogPolling() called
01/29/18 12:13:57 === Current Probing Information ===
01/29/18 12:13:57 fsize: 136		mtime: 1513973104
01/29/18 12:13:57 first log entry: 147 CreationTimestamp 1495479253
01/29/18 12:13:57 Return from Timer handler 13 (JobLogMirror::TimerHandler_JobLogPolling)
01/29/18 12:13:57 Calling Timer handler 14 (JobRouter::Poll)
01/29/18 12:13:57 JobRouter: polling state of (0) managed jobs.
01/29/18 12:13:57 JobRouter: Checking for candidate jobs. routing table is:
01/29/18 12:13:57 JobRouter: Umbrella constraint: ((target.x509userproxysubject =!= UNDEFINED) && (target.x509UserProxyExpiration =!= UNDEFINED) && (time() < target.x509UserProxyExpiration) && (target.JobUniverse =?= 5 || target.JobUniverse =?= 1)) && ( (ifThenElse(target.queue is undefined,true,ifThenElse(target.xcount is undefined,true,target.queue == "prod" && target.xcount == 1))) ) && (target.ProcId >= 0 && target.JobStatus == 1 && (target.StageInStart is undefined || target.StageInFinish isnt undefined) && target.Managed isnt "ScheddDone" && target.Managed isnt "External" && target.Owner isnt Undefined && target.RoutedBy isnt "tier2-osg1")
01/29/18 12:13:57 Return from Timer handler 14 (JobRouter::Poll)
01/29/18 12:14:07 Calling Timer handler 12 (JobLogMirror::TimerHandler_JobLogPolling)
01/29/18 12:14:07 TimerHandler_JobLogPolling() called
01/29/18 12:14:07 === Current Probing Information ===
01/29/18 12:14:07 fsize: 623836		mtime: 1517245996
01/29/18 12:14:07 first log entry: 247 CreationTimestamp 1496262092
01/29/18 12:14:07 Return from Timer handler 12 (JobLogMirror::TimerHandler_JobLogPolling)
01/29/18 12:14:07 Calling Timer handler 13 (JobLogMirror::TimerHandler_JobLogPolling)
01/29/18 12:14:07 TimerHandler_JobLogPolling() called
01/29/18 12:14:07 === Current Probing Information ===
01/29/18 12:14:07 fsize: 136		mtime: 1513973104
01/29/18 12:14:07 first log entry: 147 CreationTimestamp 1495479253
01/29/18 12:14:07 Return from Timer handler 13 (JobLogMirror::TimerHandler_JobLogPolling)
01/29/18 12:14:07 Calling Timer handler 14 (JobRouter::Poll)
01/29/18 12:14:07 JobRouter: polling state of (0) managed jobs.
01/29/18 12:14:07 JobRouter: Checking for candidate jobs. routing table is:
01/29/18 12:14:07 JobRouter: Umbrella constraint: ((target.x509userproxysubject =!= UNDEFINED) && (target.x509UserProxyExpiration =!= UNDEFINED) && (time() < target.x509UserProxyExpiration) && (target.JobUniverse =?= 5 || target.JobUniverse =?= 1)) && ( (ifThenElse(target.queue is undefined,true,ifThenElse(target.xcount is undefined,true,target.queue == "prod" && target.xcount == 1))) ) && (target.ProcId >= 0 && target.JobStatus == 1 && (target.StageInStart is undefined || target.StageInFinish isnt undefined) && target.Managed isnt "ScheddDone" && target.Managed isnt "External" && target.Owner isnt Undefined && target.RoutedBy isnt "tier2-osg1")
01/29/18 12:14:07 Return from Timer handler 14 (JobRouter::Poll)
01/29/18 12:14:17 Calling Timer handler 12 (JobLogMirror::TimerHandler_JobLogPolling)
01/29/18 12:14:17 TimerHandler_JobLogPolling() called
01/29/18 12:14:17 === Current Probing Information ===
01/29/18 12:14:17 fsize: 623836		mtime: 1517245996
01/29/18 12:14:17 first log entry: 247 CreationTimestamp 1496262092
01/29/18 12:14:17 Return from Timer handler 12 (JobLogMirror::TimerHandler_JobLogPolling)
01/29/18 12:14:17 Calling Timer handler 13 (JobLogMirror::TimerHandler_JobLogPolling)
01/29/18 12:14:17 TimerHandler_JobLogPolling() called
01/29/18 12:14:17 === Current Probing Information ===
01/29/18 12:14:17 fsize: 136		mtime: 1513973104
01/29/18 12:14:17 first log entry: 147 CreationTimestamp 1495479253
01/29/18 12:14:17 Return from Timer handler 13 (JobLogMirror::TimerHandler_JobLogPolling)
01/29/18 12:14:17 Calling Timer handler 14 (JobRouter::Poll)
01/29/18 12:14:17 JobRouter: polling state of (0) managed jobs.
01/29/18 12:14:17 JobRouter: Checking for candidate jobs. routing table is:
01/29/18 12:14:17 JobRouter: Umbrella constraint: ((target.x509userproxysubject =!= UNDEFINED) && (target.x509UserProxyExpiration =!= UNDEFINED) && (time() < target.x509UserProxyExpiration) && (target.JobUniverse =?= 5 || target.JobUniverse =?= 1)) && ( (ifThenElse(target.queue is undefined,true,ifThenElse(target.xcount is undefined,true,target.queue == "prod" && target.xcount == 1))) ) && (target.ProcId >= 0 && target.JobStatus == 1 && (target.StageInStart is undefined || target.StageInFinish isnt undefined) && target.Managed isnt "ScheddDone" && target.Managed isnt "External" && target.Owner isnt Undefined && target.RoutedBy isnt "tier2-osg1")
01/29/18 12:14:17 Return from Timer handler 14 (JobRouter::Poll)
01/29/18 12:14:27 Calling Timer handler 12 (JobLogMirror::TimerHandler_JobLogPolling)
01/29/18 12:14:27 TimerHandler_JobLogPolling() called
01/29/18 12:14:27 === Current Probing Information ===
01/29/18 12:14:27 fsize: 623836		mtime: 1517245996
01/29/18 12:14:27 first log entry: 247 CreationTimestamp 1496262092
01/29/18 12:14:27 Return from Timer handler 12 (JobLogMirror::TimerHandler_JobLogPolling)
01/29/18 12:14:27 Calling Timer handler 13 (JobLogMirror::TimerHandler_JobLogPolling)
01/29/18 12:14:27 TimerHandler_JobLogPolling() called
01/29/18 12:14:27 === Current Probing Information ===
01/29/18 12:14:27 fsize: 136		mtime: 1513973104
01/29/18 12:14:27 first log entry: 147 CreationTimestamp 1495479253
01/29/18 12:14:27 Return from Timer handler 13 (JobLogMirror::TimerHandler_JobLogPolling)
01/29/18 12:14:27 Calling Timer handler 14 (JobRouter::Poll)
01/29/18 12:14:27 JobRouter: polling state of (0) managed jobs.
01/29/18 12:14:27 JobRouter: Checking for candidate jobs. routing table is:
01/29/18 12:14:27 JobRouter: Umbrella constraint: ((target.x509userproxysubject =!= UNDEFINED) && (target.x509UserProxyExpiration =!= UNDEFINED) && (time() < target.x509UserProxyExpiration) && (target.JobUniverse =?= 5 || target.JobUniverse =?= 1)) && ( (ifThenElse(target.queue is undefined,true,ifThenElse(target.xcount is undefined,true,target.queue == "prod" && target.xcount == 1))) ) && (target.ProcId >= 0 && target.JobStatus == 1 && (target.StageInStart is undefined || target.StageInFinish isnt undefined) && target.Managed isnt "ScheddDone" && target.Managed isnt "External" && target.Owner isnt Undefined && target.RoutedBy isnt "tier2-osg1")
01/29/18 12:14:27 Return from Timer handler 14 (JobRouter::Poll)
01/29/18 12:14:37 Calling Timer handler 12 (JobLogMirror::TimerHandler_JobLogPolling)
01/29/18 12:14:37 TimerHandler_JobLogPolling() called
01/29/18 12:14:37 === Current Probing Information ===
01/29/18 12:14:37 fsize: 623836		mtime: 1517245996
01/29/18 12:14:37 first log entry: 247 CreationTimestamp 1496262092
01/29/18 12:14:37 Return from Timer handler 12 (JobLogMirror::TimerHandler_JobLogPolling)
01/29/18 12:14:37 Calling Timer handler 13 (JobLogMirror::TimerHandler_JobLogPolling)
01/29/18 12:14:37 TimerHandler_JobLogPolling() called
01/29/18 12:14:37 === Current Probing Information ===
01/29/18 12:14:37 fsize: 136		mtime: 1513973104
01/29/18 12:14:37 first log entry: 147 CreationTimestamp 1495479253
01/29/18 12:14:37 Return from Timer handler 13 (JobLogMirror::TimerHandler_JobLogPolling)
01/29/18 12:14:37 Calling Timer handler 14 (JobRouter::Poll)
01/29/18 12:14:37 JobRouter: polling state of (0) managed jobs.
01/29/18 12:14:37 JobRouter: Checking for candidate jobs. routing table is:
01/29/18 12:14:37 JobRouter: Umbrella constraint: ((target.x509userproxysubject =!= UNDEFINED) && (target.x509UserProxyExpiration =!= UNDEFINED) && (time() < target.x509UserProxyExpiration) && (target.JobUniverse =?= 5 || target.JobUniverse =?= 1)) && ( (ifThenElse(target.queue is undefined,true,ifThenElse(target.xcount is undefined,true,target.queue == "prod" && target.xcount == 1))) ) && (target.ProcId >= 0 && target.JobStatus == 1 && (target.StageInStart is undefined || target.StageInFinish isnt undefined) && target.Managed isnt "ScheddDone" && target.Managed isnt "External" && target.Owner isnt Undefined && target.RoutedBy isnt "tier2-osg1")
01/29/18 12:14:37 Return from Timer handler 14 (JobRouter::Poll)
01/29/18 12:14:47 Calling Timer handler 12 (JobLogMirror::TimerHandler_JobLogPolling)
01/29/18 12:14:47 TimerHandler_JobLogPolling() called
01/29/18 12:14:47 === Current Probing Information ===
01/29/18 12:14:47 fsize: 623836		mtime: 1517245996
01/29/18 12:14:47 first log entry: 247 CreationTimestamp 1496262092
01/29/18 12:14:47 Return from Timer handler 12 (JobLogMirror::TimerHandler_JobLogPolling)
01/29/18 12:14:47 Calling Timer handler 13 (JobLogMirror::TimerHandler_JobLogPolling)
01/29/18 12:14:47 TimerHandler_JobLogPolling() called
01/29/18 12:14:47 === Current Probing Information ===
01/29/18 12:14:47 fsize: 136		mtime: 1513973104
01/29/18 12:14:47 first log entry: 147 CreationTimestamp 1495479253
01/29/18 12:14:47 Return from Timer handler 13 (JobLogMirror::TimerHandler_JobLogPolling)
01/29/18 12:14:47 Calling Timer handler 14 (JobRouter::Poll)
01/29/18 12:14:47 JobRouter: polling state of (0) managed jobs.
01/29/18 12:14:47 JobRouter: Checking for candidate jobs. routing table is:
01/29/18 12:14:47 JobRouter: Umbrella constraint: ((target.x509userproxysubject =!= UNDEFINED) && (target.x509UserProxyExpiration =!= UNDEFINED) && (time() < target.x509UserProxyExpiration) && (target.JobUniverse =?= 5 || target.JobUniverse =?= 1)) && ( (ifThenElse(target.queue is undefined,true,ifThenElse(target.xcount is undefined,true,target.queue == "prod" && target.xcount == 1))) ) && (target.ProcId >= 0 && target.JobStatus == 1 && (target.StageInStart is undefined || target.StageInFinish isnt undefined) && target.Managed isnt "ScheddDone" && target.Managed isnt "External" && target.Owner isnt Undefined && target.RoutedBy isnt "tier2-osg1")
01/29/18 12:14:47 Return from Timer handler 14 (JobRouter::Poll)
01/29/18 12:14:53 Calling Timer handler 3245 (dc_touch_log_file)
01/29/18 12:14:53 Return from Timer handler 3245 (dc_touch_log_file)
01/29/18 12:14:57 Calling Timer handler 12 (JobLogMirror::TimerHandler_JobLogPolling)
01/29/18 12:14:57 TimerHandler_JobLogPolling() called
01/29/18 12:14:57 === Current Probing Information ===
01/29/18 12:14:57 fsize: 623836		mtime: 1517245996
01/29/18 12:14:57 first log entry: 247 CreationTimestamp 1496262092
01/29/18 12:14:57 Return from Timer handler 12 (JobLogMirror::TimerHandler_JobLogPolling)
01/29/18 12:14:57 Calling Timer handler 13 (JobLogMirror::TimerHandler_JobLogPolling)
01/29/18 12:14:57 TimerHandler_JobLogPolling() called
01/29/18 12:14:57 === Current Probing Information ===
01/29/18 12:14:57 fsize: 136		mtime: 1513973104
01/29/18 12:14:57 first log entry: 147 CreationTimestamp 1495479253
01/29/18 12:14:57 Return from Timer handler 13 (JobLogMirror::TimerHandler_JobLogPolling)
01/29/18 12:14:57 Calling Timer handler 14 (JobRouter::Poll)
01/29/18 12:14:57 JobRouter: polling state of (0) managed jobs.
01/29/18 12:14:57 JobRouter: Checking for candidate jobs. routing table is:
01/29/18 12:14:57 JobRouter: Umbrella constraint: ((target.x509userproxysubject =!= UNDEFINED) && (target.x509UserProxyExpiration =!= UNDEFINED) && (time() < target.x509UserProxyExpiration) && (target.JobUniverse =?= 5 || target.JobUniverse =?= 1)) && ( (ifThenElse(target.queue is undefined,true,ifThenElse(target.xcount is undefined,true,target.queue == "prod" && target.xcount == 1))) ) && (target.ProcId >= 0 && target.JobStatus == 1 && (target.StageInStart is undefined || target.StageInFinish isnt undefined) && target.Managed isnt "ScheddDone" && target.Managed isnt "External" && target.Owner isnt Undefined && target.RoutedBy isnt "tier2-osg1")
01/29/18 12:14:57 Return from Timer handler 14 (JobRouter::Poll)
01/29/18 12:13:01 Calling Timer handler 3237 (SharedPortEndpoint::RetryInitRemoteAddress)
01/29/18 12:13:01 Return from Timer handler 3237 (SharedPortEndpoint::RetryInitRemoteAddress)
01/29/18 12:13:12 Calling Timer handler 3242 (dc_touch_log_file)
01/29/18 12:13:12 Return from Timer handler 3242 (dc_touch_log_file)
01/29/18 12:13:48 Calling Timer handler 4 (check_session_cache)
01/29/18 12:13:48 Return from Timer handler 4 (check_session_cache)
01/29/18 12:13:48 Calling Timer handler 9 (Daemons::UpdateCollector())
01/29/18 12:13:48 enter Daemons::UpdateCollector
01/29/18 12:13:48 Trying to update collector <205.159.178.244:9619>
01/29/18 12:13:48 Attempting to send update via TCP to collector tier2-osg1.bellarmine.edu <205.159.178.244:9619>
01/29/18 12:13:48 exit Daemons::UpdateCollector
01/29/18 12:13:48 Return from Timer handler 9 (Daemons::UpdateCollector())
01/29/18 12:13:48 Calling Timer handler 11 (Daemons::CheckForNewExecutable())
01/29/18 12:13:48 enter Daemons::CheckForNewExecutable
01/29/18 12:13:48 Time stamp of running /usr/sbin/condor_master: 1509482756
01/29/18 12:13:48 GetTimeStamp returned: 1509482756
01/29/18 12:13:48 Return from Timer handler 11 (Daemons::CheckForNewExecutable())
01/29/18 12:14:12 Calling Timer handler 3244 (dc_touch_log_file)
01/29/18 12:14:12 Return from Timer handler 3244 (dc_touch_log_file)
01/29/18 12:13:34 : taking a snapshot...
01/29/18 12:13:34 : ProcAPI: new boottime = 1507329122; old_boottime = 1507329122; /proc/stat boottime = 1507329123; /proc/uptime boottime = 1507329122
01/29/18 12:13:34 : process 2265974 (not in monitored family) has exited
01/29/18 12:13:34 : ...snapshot complete
01/29/18 12:14:34 : taking a snapshot...
01/29/18 12:14:34 : ProcAPI: new boottime = 1507329122; old_boottime = 1507329122; /proc/stat boottime = 1507329123; /proc/uptime boottime = 1507329122
01/29/18 12:14:34 : process 2266456 (not in monitored family) has exited
01/29/18 12:14:34 : process 2266254 (not in monitored family) has exited
01/29/18 12:14:34 : no methods have determined process 2266981 to be in a monitored family
01/29/18 12:14:34 : no methods have determined process 2266983 to be in a monitored family
01/29/18 12:14:34 : ...snapshot complete
01/29/18 12:13:02 Calling Timer handler 10 (UpdateIOStats)
01/29/18 12:13:02 Return from Timer handler 10 (UpdateIOStats)
01/29/18 12:13:11 Calling Timer handler 16 (PeriodicExpr)
01/29/18 12:13:11 Initializing Directory: curr_dir = /var/lib/condor-ce/spool/1436/0/cluster31436.proc0.subproc0
01/29/18 12:13:11 Initializing Directory: curr_dir = /var/lib/condor-ce/spool/1436/0/cluster31436.proc0.subproc0
01/29/18 12:13:11 Initializing Directory: curr_dir = /var/lib/condor-ce/spool/1436/0/cluster31436.proc0.subproc0.tmp
01/29/18 12:13:11 Saving classad to history file
01/29/18 12:13:11 Initializing Directory: curr_dir = /var/lib/condor-ce/spool/1435/0/cluster31435.proc0.subproc0
01/29/18 12:13:11 Initializing Directory: curr_dir = /var/lib/condor-ce/spool/1435/0/cluster31435.proc0.subproc0
01/29/18 12:13:11 Initializing Directory: curr_dir = /var/lib/condor-ce/spool/1435/0/cluster31435.proc0.subproc0.tmp
01/29/18 12:13:11 Saving classad to history file
01/29/18 12:13:11 Evaluated periodic expressions in 0.002s, scheduling next run in 300s
01/29/18 12:13:11 Return from Timer handler 16 (PeriodicExpr)
01/29/18 12:13:12 Calling Timer handler 10 (UpdateIOStats)
01/29/18 12:13:12 Return from Timer handler 10 (UpdateIOStats)
01/29/18 12:13:16 Calling Timer handler 4551 (HandleFlushJobQueueLogTimer)
01/29/18 12:13:16 Return from Timer handler 4551 (HandleFlushJobQueueLogTimer)
01/29/18 12:13:22 Calling Timer handler 10 (UpdateIOStats)
01/29/18 12:13:22 Return from Timer handler 10 (UpdateIOStats)
01/29/18 12:13:25 Calling Timer handler 4535 (SharedPortEndpoint::RetryInitRemoteAddress)
01/29/18 12:13:25 Return from Timer handler 4535 (SharedPortEndpoint::RetryInitRemoteAddress)
01/29/18 12:13:32 Calling Timer handler 10 (UpdateIOStats)
01/29/18 12:13:32 Return from Timer handler 10 (UpdateIOStats)
01/29/18 12:13:37 Calling Timer handler 5 (check_session_cache)
01/29/18 12:13:37 Return from Timer handler 5 (check_session_cache)
01/29/18 12:13:42 Calling Timer handler 10 (UpdateIOStats)
01/29/18 12:13:42 Return from Timer handler 10 (UpdateIOStats)
01/29/18 12:13:49 Calling Timer handler 13 (sendAlives)
01/29/18 12:13:49 Return from Timer handler 13 (sendAlives)
01/29/18 12:13:49 Calling Timer handler 4550 (dc_touch_log_file)
01/29/18 12:13:49 Return from Timer handler 4550 (dc_touch_log_file)
01/29/18 12:13:52 Calling Timer handler 10 (UpdateIOStats)
01/29/18 12:13:52 Return from Timer handler 10 (UpdateIOStats)
01/29/18 12:14:02 Calling Timer handler 10 (UpdateIOStats)
01/29/18 12:14:02 Return from Timer handler 10 (UpdateIOStats)
01/29/18 12:14:12 Calling Timer handler 10 (UpdateIOStats)
01/29/18 12:14:12 Return from Timer handler 10 (UpdateIOStats)
01/29/18 12:14:21 Calling Timer handler 12 (StartJobs)
01/29/18 12:14:21 -------- Begin starting jobs --------
01/29/18 12:14:21 -------- Done starting jobs --------
01/29/18 12:14:21 Return from Timer handler 12 (StartJobs) - took 0.000s
01/29/18 12:14:22 Calling Timer handler 10 (UpdateIOStats)
01/29/18 12:14:22 Return from Timer handler 10 (UpdateIOStats)
01/29/18 12:14:26 Calling Timer handler 11 (timeout)
01/29/18 12:14:26 Clearing userlog file cache
01/29/18 12:14:26 JobsRunning = 0
01/29/18 12:14:26 JobsIdle = 0
01/29/18 12:14:26 JobsHeld = 0
01/29/18 12:14:26 JobsRemoved = 0
01/29/18 12:14:26 LocalUniverseJobsRunning = 0
01/29/18 12:14:26 LocalUniverseJobsIdle = 0
01/29/18 12:14:26 SchedUniverseJobsRunning = 0
01/29/18 12:14:26 SchedUniverseJobsIdle = 0
01/29/18 12:14:26 N_Owners = 0
01/29/18 12:14:26 MaxJobsRunning = 10000
01/29/18 12:14:26 TransferQueueManager stats: active up=0/10 down=0/10; waiting up=0 down=0; wait time up=0s down=0s
01/29/18 12:14:26 TransferQueueManager upload 1m I/O load: 0 bytes/s  0.000 disk load  0.000 net load
01/29/18 12:14:26 TransferQueueManager download 1m I/O load: 0 bytes/s  0.000 disk load  0.000 net load
01/29/18 12:14:26 Trying to update collector <205.159.178.244:9619>
01/29/18 12:14:26 Attempting to send update via TCP to collector tier2-osg1.bellarmine.edu <205.159.178.244:9619>
01/29/18 12:14:26 Sent HEART BEAT ad to 1 collectors. Number of submittors=0
01/29/18 12:14:26 Changed attribute: IdleJobs = 0
01/29/18 12:14:26 Changed attribute: RunningJobs = 0
01/29/18 12:14:26 Changed attribute: IdleJobs = 0
01/29/18 12:14:26 Changed attribute: WeightedRunningJobs = 0
01/29/18 12:14:26 Changed attribute: WeightedIdleJobs = 0
01/29/18 12:14:26 Changed attribute: HeldJobs = 0
01/29/18 12:14:26 Changed attribute: FlockedJobs = 0
01/29/18 12:14:26 Changed attribute: Name = rsv@users.opensciencegrid.org
01/29/18 12:14:26 Sent ad to central manager for rsv@users.opensciencegrid.org
01/29/18 12:14:26 Trying to update collector <205.159.178.244:9619>
01/29/18 12:14:26 Attempting to send update via TCP to collector tier2-osg1.bellarmine.edu <205.159.178.244:9619>
01/29/18 12:14:26 Sent ad to 1 collectors for rsv@users.opensciencegrid.org
01/29/18 12:14:26 Changed attribute: Name = rsv@users.opensciencegrid.org
01/29/18 12:14:26 Sent owner (0 jobs) ad to schedd plugins
01/29/18 12:14:26 Trying to update collector <205.159.178.244:9619>
01/29/18 12:14:26 Attempting to send update via TCP to collector tier2-osg1.bellarmine.edu <205.159.178.244:9619>
01/29/18 12:14:26 Sent owner (0 jobs) ad to 1 collectors
01/29/18 12:14:26 ============ Begin clean_shadow_recs =============
01/29/18 12:14:26 ============ End clean_shadow_recs =============
01/29/18 12:14:26 Sending RESCHEDULE command to negotiator(s)
01/29/18 12:14:26 Will use TCP to update collector tier2-osg1.bellarmine.edu <205.159.178.244:9619>
01/29/18 12:14:26 Trying to query collector <205.159.178.244:9619>
01/29/18 12:14:26 Daemon::startCommand(QUERY_NEGOTIATOR_ADS,...) making connection to <205.159.178.244:9619>
01/29/18 12:14:26 Can't find address for negotiator 
01/29/18 12:14:26 DCMessenger::startCommand(RESCHEDULE,...) making non-blocking connection to NULL
01/29/18 12:14:26 Failed to send RESCHEDULE to unknown daemon: 
01/29/18 12:14:26 Return from Timer handler 11 (timeout)
01/29/18 12:14:32 Calling Timer handler 10 (UpdateIOStats)
01/29/18 12:14:32 Return from Timer handler 10 (UpdateIOStats)
01/29/18 12:14:42 Calling Timer handler 10 (UpdateIOStats)
01/29/18 12:14:42 Return from Timer handler 10 (UpdateIOStats)
01/29/18 12:14:49 Calling Timer handler 4553 (dc_touch_log_file)
01/29/18 12:14:49 Return from Timer handler 4553 (dc_touch_log_file)
01/29/18 12:14:52 Calling Timer handler 10 (UpdateIOStats)
01/29/18 12:14:52 Return from Timer handler 10 (UpdateIOStats)
01/29/18 12:14:59 Calling Timer handler 2 (check_parent)
01/29/18 12:14:59 Return from Timer handler 2 (check_parent)
01/29/18 12:13:00 Calling Handler <DaemonCommandProtocol::WaitForSocketData> (1)
01/29/18 12:13:00 Calling HandleUnregisteredReq <SharedPortServer::HandleDefaultRequest> (0) for command 60010 from <129.15.31.41:30942>
01/29/18 12:13:00 SharedPortServer: Passing a request from <129.15.31.41:30942> for command 60010 to ID collector.
01/29/18 12:13:00 Return from HandleUnregisteredReq <SharedPortServer::HandleDefaultRequest, 60010> (handler: 0.000s)
01/29/18 12:13:00 Return from Handler <DaemonCommandProtocol::WaitForSocketData> 0.000148s
01/29/18 12:13:00 Calling Handler <Shared Port state handler> (1)
01/29/18 12:13:00 SharedPortClient: passed socket to collector as requested by <129.15.31.41:30942>
01/29/18 12:13:00 Return from Handler <Shared Port state handler> 0.000034s
01/29/18 12:13:08 Calling Timer handler 0 (check_parent)
01/29/18 12:13:08 Return from Timer handler 0 (check_parent)
01/29/18 12:13:09 Calling Timer handler 2696 (dc_touch_log_file)
01/29/18 12:13:09 Return from Timer handler 2696 (dc_touch_log_file)
01/29/18 12:13:47 Calling Timer handler 7 (SharedPortServer::PublishAddress)
01/29/18 12:13:47 About to update statistics in shared_port daemon ad file at /var/lock/condor-ce/shared_port_ad :
01/29/18 12:13:47 Return from Timer handler 7 (SharedPortServer::PublishAddress)
01/29/18 12:13:47 Calling Timer handler 3 (check_session_cache)
01/29/18 12:13:47 Return from Timer handler 3 (check_session_cache)
01/29/18 12:14:09 Calling Timer handler 2697 (dc_touch_log_file)
01/29/18 12:14:09 Return from Timer handler 2697 (dc_touch_log_file)
01/29/18 12:14:26 Calling Handler <DaemonCommandProtocol::WaitForSocketData> (1)
01/29/18 12:14:26 Calling HandleUnregisteredReq <SharedPortServer::HandleDefaultRequest> (0) for command 60010 from <205.159.178.244:32816>
01/29/18 12:14:26 SharedPortServer: Passing a request from <205.159.178.244:32816> for command 60010 to ID collector.
01/29/18 12:14:26 Return from HandleUnregisteredReq <SharedPortServer::HandleDefaultRequest, 60010> (handler: 0.000s)
01/29/18 12:14:26 Return from Handler <DaemonCommandProtocol::WaitForSocketData> 0.000152s
01/29/18 12:14:26 Calling Handler <Shared Port state handler> (1)
01/29/18 12:14:26 SharedPortClient: passed socket to collector as requested by <205.159.178.244:32816>
01/29/18 12:14:26 Return from Handler <Shared Port state handler> 0.000035s
01/29/18 12:13:01 Calling Timer handler 15 (JobRouter::EvalAllSrcJobPeriodicExprs)
01/29/18 12:13:01 JobRouter: Evaluating all managed jobs periodic job policy expressions.
01/29/18 12:13:01 JobRouter: Evaluated all managed jobs periodic expressions.
01/29/18 12:13:01 Return from Timer handler 15 (JobRouter::EvalAllSrcJobPeriodicExprs) - took 0.000s
01/29/18 12:13:02 Calling Timer handler 2 (check_parent)
01/29/18 12:13:02 Return from Timer handler 2 (check_parent)
01/29/18 12:13:07 Calling Timer handler 12 (JobLogMirror::TimerHandler_JobLogPolling)
01/29/18 12:13:07 TimerHandler_JobLogPolling() called
01/29/18 12:13:07 === Current Probing Information ===
01/29/18 12:13:07 fsize: 623766		mtime: 1517245773
01/29/18 12:13:07 first log entry: 247 CreationTimestamp 1496262092
01/29/18 12:13:07 Return from Timer handler 12 (JobLogMirror::TimerHandler_JobLogPolling)
01/29/18 12:13:07 Calling Timer handler 13 (JobLogMirror::TimerHandler_JobLogPolling)
01/29/18 12:13:07 TimerHandler_JobLogPolling() called
01/29/18 12:13:07 === Current Probing Information ===
01/29/18 12:13:07 fsize: 136		mtime: 1513973104
01/29/18 12:13:07 first log entry: 147 CreationTimestamp 1495479253
01/29/18 12:13:07 Return from Timer handler 13 (JobLogMirror::TimerHandler_JobLogPolling)
01/29/18 12:13:07 Calling Timer handler 14 (JobRouter::Poll)
01/29/18 12:13:07 JobRouter: polling state of (0) managed jobs.
01/29/18 12:13:07 JobRouter: Checking for candidate jobs. routing table is:
01/29/18 12:13:07 JobRouter: Umbrella constraint: ((target.x509userproxysubject =!= UNDEFINED) && (target.x509UserProxyExpiration =!= UNDEFINED) && (time() < target.x509UserProxyExpiration) && (target.JobUniverse =?= 5 || target.JobUniverse =?= 1)) && ( (ifThenElse(target.queue is undefined,true,ifThenElse(target.xcount is undefined,true,target.queue == "prod" && target.xcount == 1))) ) && (target.ProcId >= 0 && target.JobStatus == 1 && (target.StageInStart is undefined || target.StageInFinish isnt undefined) && target.Managed isnt "ScheddDone" && target.Managed isnt "External" && target.Owner isnt Undefined && target.RoutedBy isnt "tier2-osg1")
01/29/18 12:13:07 Return from Timer handler 14 (JobRouter::Poll)
01/29/18 12:13:08 Calling Timer handler 3238 (SharedPortEndpoint::RetryInitRemoteAddress)
01/29/18 12:13:08 Return from Timer handler 3238 (SharedPortEndpoint::RetryInitRemoteAddress)
01/29/18 12:13:17 Calling Timer handler 12 (JobLogMirror::TimerHandler_JobLogPolling)
01/29/18 12:13:17 TimerHandler_JobLogPolling() called
01/29/18 12:13:17 === Current Probing Information ===
01/29/18 12:13:17 fsize: 623836		mtime: 1517245996
01/29/18 12:13:17 first log entry: 247 CreationTimestamp 1496262092
01/29/18 12:13:17 Return from Timer handler 12 (JobLogMirror::TimerHandler_JobLogPolling)
01/29/18 12:13:17 Calling Timer handler 13 (JobLogMirror::TimerHandler_JobLogPolling)
01/29/18 12:13:17 TimerHandler_JobLogPolling() called
01/29/18 12:13:17 === Current Probing Information ===
01/29/18 12:13:17 fsize: 136		mtime: 1513973104
01/29/18 12:13:17 first log entry: 147 CreationTimestamp 1495479253
01/29/18 12:13:17 Return from Timer handler 13 (JobLogMirror::TimerHandler_JobLogPolling)
01/29/18 12:13:17 Calling Timer handler 14 (JobRouter::Poll)
01/29/18 12:13:17 JobRouter: polling state of (0) managed jobs.
01/29/18 12:13:17 JobRouter: Checking for candidate jobs. routing table is:
01/29/18 12:13:17 JobRouter: Umbrella constraint: ((target.x509userproxysubject =!= UNDEFINED) && (target.x509UserProxyExpiration =!= UNDEFINED) && (time() < target.x509UserProxyExpiration) && (target.JobUniverse =?= 5 || target.JobUniverse =?= 1)) && ( (ifThenElse(target.queue is undefined,true,ifThenElse(target.xcount is undefined,true,target.queue == "prod" && target.xcount == 1))) ) && (target.ProcId >= 0 && target.JobStatus == 1 && (target.StageInStart is undefined || target.StageInFinish isnt undefined) && target.Managed isnt "ScheddDone" && target.Managed isnt "External" && target.Owner isnt Undefined && target.RoutedBy isnt "tier2-osg1")
01/29/18 12:13:17 Return from Timer handler 14 (JobRouter::Poll)
01/29/18 12:13:27 Calling Timer handler 12 (JobLogMirror::TimerHandler_JobLogPolling)
01/29/18 12:13:27 TimerHandler_JobLogPolling() called
01/29/18 12:13:27 === Current Probing Information ===
01/29/18 12:13:27 fsize: 623836		mtime: 1517245996
01/29/18 12:13:27 first log entry: 247 CreationTimestamp 1496262092
01/29/18 12:13:27 Return from Timer handler 12 (JobLogMirror::TimerHandler_JobLogPolling)
01/29/18 12:13:27 Calling Timer handler 13 (JobLogMirror::TimerHandler_JobLogPolling)
01/29/18 12:13:27 TimerHandler_JobLogPolling() called
01/29/18 12:13:27 === Current Probing Information ===
01/29/18 12:13:27 fsize: 136		mtime: 1513973104
01/29/18 12:13:27 first log entry: 147 CreationTimestamp 1495479253
01/29/18 12:13:27 Return from Timer handler 13 (JobLogMirror::TimerHandler_JobLogPolling)
01/29/18 12:13:27 Calling Timer handler 14 (JobRouter::Poll)
01/29/18 12:13:27 JobRouter: polling state of (0) managed jobs.
01/29/18 12:13:27 JobRouter: Checking for candidate jobs. routing table is:
01/29/18 12:13:27 JobRouter: Umbrella constraint: ((target.x509userproxysubject =!= UNDEFINED) && (target.x509UserProxyExpiration =!= UNDEFINED) && (time() < target.x509UserProxyExpiration) && (target.JobUniverse =?= 5 || target.JobUniverse =?= 1)) && ( (ifThenElse(target.queue is undefined,true,ifThenElse(target.xcount is undefined,true,target.queue == "prod" && target.xcount == 1))) ) && (target.ProcId >= 0 && target.JobStatus == 1 && (target.StageInStart is undefined || target.StageInFinish isnt undefined) && target.Managed isnt "ScheddDone" && target.Managed isnt "External" && target.Owner isnt Undefined && target.RoutedBy isnt "tier2-osg1")
01/29/18 12:13:27 Return from Timer handler 14 (JobRouter::Poll)
01/29/18 12:13:37 Calling Timer handler 12 (JobLogMirror::TimerHandler_JobLogPolling)
01/29/18 12:13:37 TimerHandler_JobLogPolling() called
01/29/18 12:13:37 === Current Probing Information ===
01/29/18 12:13:37 fsize: 623836		mtime: 1517245996
01/29/18 12:13:37 first log entry: 247 CreationTimestamp 1496262092
01/29/18 12:13:37 Return from Timer handler 12 (JobLogMirror::TimerHandler_JobLogPolling)
01/29/18 12:13:37 Calling Timer handler 13 (JobLogMirror::TimerHandler_JobLogPolling)
01/29/18 12:13:37 TimerHandler_JobLogPolling() called
01/29/18 12:13:37 === Current Probing Information ===
01/29/18 12:13:37 fsize: 136		mtime: 1513973104
01/29/18 12:13:37 first log entry: 147 CreationTimestamp 1495479253
01/29/18 12:13:37 Return from Timer handler 13 (JobLogMirror::TimerHandler_JobLogPolling)
01/29/18 12:13:37 Calling Timer handler 14 (JobRouter::Poll)
01/29/18 12:13:37 JobRouter: polling state of (0) managed jobs.
01/29/18 12:13:37 JobRouter: Checking for candidate jobs. routing table is:
01/29/18 12:13:37 JobRouter: Umbrella constraint: ((target.x509userproxysubject =!= UNDEFINED) && (target.x509UserProxyExpiration =!= UNDEFINED) && (time() < target.x509UserProxyExpiration) && (target.JobUniverse =?= 5 || target.JobUniverse =?= 1)) && ( (ifThenElse(target.queue is undefined,true,ifThenElse(target.xcount is undefined,true,target.queue == "prod" && target.xcount == 1))) ) && (target.ProcId >= 0 && target.JobStatus == 1 && (target.StageInStart is undefined || target.StageInFinish isnt undefined) && target.Managed isnt "ScheddDone" && target.Managed isnt "External" && target.Owner isnt Undefined && target.RoutedBy isnt "tier2-osg1")
01/29/18 12:13:37 Return from Timer handler 14 (JobRouter::Poll)
01/29/18 12:13:41 Calling Timer handler 5 (check_session_cache)
01/29/18 12:13:41 Return from Timer handler 5 (check_session_cache)
01/29/18 12:13:41 Calling Timer handler 16 (JobRouter::TimerHandler_UpdateCollector)
01/29/18 12:13:41 Trying to update collector <205.159.178.244:9619>
01/29/18 12:13:41 Attempting to send update via TCP to collector tier2-osg1.bellarmine.edu <205.159.178.244:9619>
01/29/18 12:13:41 Return from Timer handler 16 (JobRouter::TimerHandler_UpdateCollector)
01/29/18 12:13:47 Calling Timer handler 12 (JobLogMirror::TimerHandler_JobLogPolling)
01/29/18 12:13:47 TimerHandler_JobLogPolling() called
01/29/18 12:13:47 === Current Probing Information ===
01/29/18 12:13:47 fsize: 623836		mtime: 1517245996
01/29/18 12:13:47 first log entry: 247 CreationTimestamp 1496262092
01/29/18 12:13:47 Return from Timer handler 12 (JobLogMirror::TimerHandler_JobLogPolling)
01/29/18 12:13:47 Calling Timer handler 13 (JobLogMirror::TimerHandler_JobLogPolling)
01/29/18 12:13:47 TimerHandler_JobLogPolling() called
01/29/18 12:13:47 === Current Probing Information ===
01/29/18 12:13:47 fsize: 136		mtime: 1513973104
01/29/18 12:13:47 first log entry: 147 CreationTimestamp 1495479253
01/29/18 12:13:47 Return from Timer handler 13 (JobLogMirror::TimerHandler_JobLogPolling)
01/29/18 12:13:47 Calling Timer handler 14 (JobRouter::Poll)
01/29/18 12:13:47 JobRouter: polling state of (0) managed jobs.
01/29/18 12:13:47 JobRouter: Checking for candidate jobs. routing table is:
01/29/18 12:13:47 JobRouter: Umbrella constraint: ((target.x509userproxysubject =!= UNDEFINED) && (target.x509UserProxyExpiration =!= UNDEFINED) && (time() < target.x509UserProxyExpiration) && (target.JobUniverse =?= 5 || target.JobUniverse =?= 1)) && ( (ifThenElse(target.queue is undefined,true,ifThenElse(target.xcount is undefined,true,target.queue == "prod" && target.xcount == 1))) ) && (target.ProcId >= 0 && target.JobStatus == 1 && (target.StageInStart is undefined || target.StageInFinish isnt undefined) && target.Managed isnt "ScheddDone" && target.Managed isnt "External" && target.Owner isnt Undefined && target.RoutedBy isnt "tier2-osg1")
01/29/18 12:13:47 Return from Timer handler 14 (JobRouter::Poll)
01/29/18 12:13:53 Calling Timer handler 3243 (dc_touch_log_file)
01/29/18 12:13:53 Return from Timer handler 3243 (dc_touch_log_file)
01/29/18 12:13:57 Calling Timer handler 12 (JobLogMirror::TimerHandler_JobLogPolling)
01/29/18 12:13:57 TimerHandler_JobLogPolling() called
01/29/18 12:13:57 === Current Probing Information ===
01/29/18 12:13:57 fsize: 623836		mtime: 1517245996
01/29/18 12:13:57 first log entry: 247 CreationTimestamp 1496262092
01/29/18 12:13:57 Return from Timer handler 12 (JobLogMirror::TimerHandler_JobLogPolling)
01/29/18 12:13:57 Calling Timer handler 13 (JobLogMirror::TimerHandler_JobLogPolling)
01/29/18 12:13:57 TimerHandler_JobLogPolling() called
01/29/18 12:13:57 === Current Probing Information ===
01/29/18 12:13:57 fsize: 136		mtime: 1513973104
01/29/18 12:13:57 first log entry: 147 CreationTimestamp 1495479253
01/29/18 12:13:57 Return from Timer handler 13 (JobLogMirror::TimerHandler_JobLogPolling)
01/29/18 12:13:57 Calling Timer handler 14 (JobRouter::Poll)
01/29/18 12:13:57 JobRouter: polling state of (0) managed jobs.
01/29/18 12:13:57 JobRouter: Checking for candidate jobs. routing table is:
01/29/18 12:13:57 JobRouter: Umbrella constraint: ((target.x509userproxysubject =!= UNDEFINED) && (target.x509UserProxyExpiration =!= UNDEFINED) && (time() < target.x509UserProxyExpiration) && (target.JobUniverse =?= 5 || target.JobUniverse =?= 1)) && ( (ifThenElse(target.queue is undefined,true,ifThenElse(target.xcount is undefined,true,target.queue == "prod" && target.xcount == 1))) ) && (target.ProcId >= 0 && target.JobStatus == 1 && (target.StageInStart is undefined || target.StageInFinish isnt undefined) && target.Managed isnt "ScheddDone" && target.Managed isnt "External" && target.Owner isnt Undefined && target.RoutedBy isnt "tier2-osg1")
01/29/18 12:13:57 Return from Timer handler 14 (JobRouter::Poll)
01/29/18 12:14:07 Calling Timer handler 12 (JobLogMirror::TimerHandler_JobLogPolling)
01/29/18 12:14:07 TimerHandler_JobLogPolling() called
01/29/18 12:14:07 === Current Probing Information ===
01/29/18 12:14:07 fsize: 623836		mtime: 1517245996
01/29/18 12:14:07 first log entry: 247 CreationTimestamp 1496262092
01/29/18 12:14:07 Return from Timer handler 12 (JobLogMirror::TimerHandler_JobLogPolling)
01/29/18 12:14:07 Calling Timer handler 13 (JobLogMirror::TimerHandler_JobLogPolling)
01/29/18 12:14:07 TimerHandler_JobLogPolling() called
01/29/18 12:14:07 === Current Probing Information ===
01/29/18 12:14:07 fsize: 136		mtime: 1513973104
01/29/18 12:14:07 first log entry: 147 CreationTimestamp 1495479253
01/29/18 12:14:07 Return from Timer handler 13 (JobLogMirror::TimerHandler_JobLogPolling)
01/29/18 12:14:07 Calling Timer handler 14 (JobRouter::Poll)
01/29/18 12:14:07 JobRouter: polling state of (0) managed jobs.
01/29/18 12:14:07 JobRouter: Checking for candidate jobs. routing table is:
01/29/18 12:14:07 JobRouter: Umbrella constraint: ((target.x509userproxysubject =!= UNDEFINED) && (target.x509UserProxyExpiration =!= UNDEFINED) && (time() < target.x509UserProxyExpiration) && (target.JobUniverse =?= 5 || target.JobUniverse =?= 1)) && ( (ifThenElse(target.queue is undefined,true,ifThenElse(target.xcount is undefined,true,target.queue == "prod" && target.xcount == 1))) ) && (target.ProcId >= 0 && target.JobStatus == 1 && (target.StageInStart is undefined || target.StageInFinish isnt undefined) && target.Managed isnt "ScheddDone" && target.Managed isnt "External" && target.Owner isnt Undefined && target.RoutedBy isnt "tier2-osg1")
01/29/18 12:14:07 Return from Timer handler 14 (JobRouter::Poll)
01/29/18 12:14:17 Calling Timer handler 12 (JobLogMirror::TimerHandler_JobLogPolling)
01/29/18 12:14:17 TimerHandler_JobLogPolling() called
01/29/18 12:14:17 === Current Probing Information ===
01/29/18 12:14:17 fsize: 623836		mtime: 1517245996
01/29/18 12:14:17 first log entry: 247 CreationTimestamp 1496262092
01/29/18 12:14:17 Return from Timer handler 12 (JobLogMirror::TimerHandler_JobLogPolling)
01/29/18 12:14:17 Calling Timer handler 13 (JobLogMirror::TimerHandler_JobLogPolling)
01/29/18 12:14:17 TimerHandler_JobLogPolling() called
01/29/18 12:14:17 === Current Probing Information ===
01/29/18 12:14:17 fsize: 136		mtime: 1513973104
01/29/18 12:14:17 first log entry: 147 CreationTimestamp 1495479253
01/29/18 12:14:17 Return from Timer handler 13 (JobLogMirror::TimerHandler_JobLogPolling)
01/29/18 12:14:17 Calling Timer handler 14 (JobRouter::Poll)
01/29/18 12:14:17 JobRouter: polling state of (0) managed jobs.
01/29/18 12:14:17 JobRouter: Checking for candidate jobs. routing table is:
01/29/18 12:14:17 JobRouter: Umbrella constraint: ((target.x509userproxysubject =!= UNDEFINED) && (target.x509UserProxyExpiration =!= UNDEFINED) && (time() < target.x509UserProxyExpiration) && (target.JobUniverse =?= 5 || target.JobUniverse =?= 1)) && ( (ifThenElse(target.queue is undefined,true,ifThenElse(target.xcount is undefined,true,target.queue == "prod" && target.xcount == 1))) ) && (target.ProcId >= 0 && target.JobStatus == 1 && (target.StageInStart is undefined || target.StageInFinish isnt undefined) && target.Managed isnt "ScheddDone" && target.Managed isnt "External" && target.Owner isnt Undefined && target.RoutedBy isnt "tier2-osg1")
01/29/18 12:14:17 Return from Timer handler 14 (JobRouter::Poll)
01/29/18 12:14:27 Calling Timer handler 12 (JobLogMirror::TimerHandler_JobLogPolling)
01/29/18 12:14:27 TimerHandler_JobLogPolling() called
01/29/18 12:14:27 === Current Probing Information ===
01/29/18 12:14:27 fsize: 623836		mtime: 1517245996
01/29/18 12:14:27 first log entry: 247 CreationTimestamp 1496262092
01/29/18 12:14:27 Return from Timer handler 12 (JobLogMirror::TimerHandler_JobLogPolling)
01/29/18 12:14:27 Calling Timer handler 13 (JobLogMirror::TimerHandler_JobLogPolling)
01/29/18 12:14:27 TimerHandler_JobLogPolling() called
01/29/18 12:14:27 === Current Probing Information ===
01/29/18 12:14:27 fsize: 136		mtime: 1513973104
01/29/18 12:14:27 first log entry: 147 CreationTimestamp 1495479253
01/29/18 12:14:27 Return from Timer handler 13 (JobLogMirror::TimerHandler_JobLogPolling)
01/29/18 12:14:27 Calling Timer handler 14 (JobRouter::Poll)
01/29/18 12:14:27 JobRouter: polling state of (0) managed jobs.
01/29/18 12:14:27 JobRouter: Checking for candidate jobs. routing table is:
01/29/18 12:14:27 JobRouter: Umbrella constraint: ((target.x509userproxysubject =!= UNDEFINED) && (target.x509UserProxyExpiration =!= UNDEFINED) && (time() < target.x509UserProxyExpiration) && (target.JobUniverse =?= 5 || target.JobUniverse =?= 1)) && ( (ifThenElse(target.queue is undefined,true,ifThenElse(target.xcount is undefined,true,target.queue == "prod" && target.xcount == 1))) ) && (target.ProcId >= 0 && target.JobStatus == 1 && (target.StageInStart is undefined || target.StageInFinish isnt undefined) && target.Managed isnt "ScheddDone" && target.Managed isnt "External" && target.Owner isnt Undefined && target.RoutedBy isnt "tier2-osg1")
01/29/18 12:14:27 Return from Timer handler 14 (JobRouter::Poll)
01/29/18 12:14:37 Calling Timer handler 12 (JobLogMirror::TimerHandler_JobLogPolling)
01/29/18 12:14:37 TimerHandler_JobLogPolling() called
01/29/18 12:14:37 === Current Probing Information ===
01/29/18 12:14:37 fsize: 623836		mtime: 1517245996
01/29/18 12:14:37 first log entry: 247 CreationTimestamp 1496262092
01/29/18 12:14:37 Return from Timer handler 12 (JobLogMirror::TimerHandler_JobLogPolling)
01/29/18 12:14:37 Calling Timer handler 13 (JobLogMirror::TimerHandler_JobLogPolling)
01/29/18 12:14:37 TimerHandler_JobLogPolling() called
01/29/18 12:14:37 === Current Probing Information ===
01/29/18 12:14:37 fsize: 136		mtime: 1513973104
01/29/18 12:14:37 first log entry: 147 CreationTimestamp 1495479253
01/29/18 12:14:37 Return from Timer handler 13 (JobLogMirror::TimerHandler_JobLogPolling)
01/29/18 12:14:37 Calling Timer handler 14 (JobRouter::Poll)
01/29/18 12:14:37 JobRouter: polling state of (0) managed jobs.
01/29/18 12:14:37 JobRouter: Checking for candidate jobs. routing table is:
01/29/18 12:14:37 JobRouter: Umbrella constraint: ((target.x509userproxysubject =!= UNDEFINED) && (target.x509UserProxyExpiration =!= UNDEFINED) && (time() < target.x509UserProxyExpiration) && (target.JobUniverse =?= 5 || target.JobUniverse =?= 1)) && ( (ifThenElse(target.queue is undefined,true,ifThenElse(target.xcount is undefined,true,target.queue == "prod" && target.xcount == 1))) ) && (target.ProcId >= 0 && target.JobStatus == 1 && (target.StageInStart is undefined || target.StageInFinish isnt undefined) && target.Managed isnt "ScheddDone" && target.Managed isnt "External" && target.Owner isnt Undefined && target.RoutedBy isnt "tier2-osg1")
01/29/18 12:14:37 Return from Timer handler 14 (JobRouter::Poll)
01/29/18 12:14:47 Calling Timer handler 12 (JobLogMirror::TimerHandler_JobLogPolling)
01/29/18 12:14:47 TimerHandler_JobLogPolling() called
01/29/18 12:14:47 === Current Probing Information ===
01/29/18 12:14:47 fsize: 623836		mtime: 1517245996
01/29/18 12:14:47 first log entry: 247 CreationTimestamp 1496262092
01/29/18 12:14:47 Return from Timer handler 12 (JobLogMirror::TimerHandler_JobLogPolling)
01/29/18 12:14:47 Calling Timer handler 13 (JobLogMirror::TimerHandler_JobLogPolling)
01/29/18 12:14:47 TimerHandler_JobLogPolling() called
01/29/18 12:14:47 === Current Probing Information ===
01/29/18 12:14:47 fsize: 136		mtime: 1513973104
01/29/18 12:14:47 first log entry: 147 CreationTimestamp 1495479253
01/29/18 12:14:47 Return from Timer handler 13 (JobLogMirror::TimerHandler_JobLogPolling)
01/29/18 12:14:47 Calling Timer handler 14 (JobRouter::Poll)
01/29/18 12:14:47 JobRouter: polling state of (0) managed jobs.
01/29/18 12:14:47 JobRouter: Checking for candidate jobs. routing table is:
01/29/18 12:14:47 JobRouter: Umbrella constraint: ((target.x509userproxysubject =!= UNDEFINED) && (target.x509UserProxyExpiration =!= UNDEFINED) && (time() < target.x509UserProxyExpiration) && (target.JobUniverse =?= 5 || target.JobUniverse =?= 1)) && ( (ifThenElse(target.queue is undefined,true,ifThenElse(target.xcount is undefined,true,target.queue == "prod" && target.xcount == 1))) ) && (target.ProcId >= 0 && target.JobStatus == 1 && (target.StageInStart is undefined || target.StageInFinish isnt undefined) && target.Managed isnt "ScheddDone" && target.Managed isnt "External" && target.Owner isnt Undefined && target.RoutedBy isnt "tier2-osg1")
01/29/18 12:14:47 Return from Timer handler 14 (JobRouter::Poll)
01/29/18 12:14:53 Calling Timer handler 3245 (dc_touch_log_file)
01/29/18 12:14:53 Return from Timer handler 3245 (dc_touch_log_file)
01/29/18 12:14:57 Calling Timer handler 12 (JobLogMirror::TimerHandler_JobLogPolling)
01/29/18 12:14:57 TimerHandler_JobLogPolling() called
01/29/18 12:14:57 === Current Probing Information ===
01/29/18 12:14:57 fsize: 623836		mtime: 1517245996
01/29/18 12:14:57 first log entry: 247 CreationTimestamp 1496262092
01/29/18 12:14:57 Return from Timer handler 12 (JobLogMirror::TimerHandler_JobLogPolling)
01/29/18 12:14:57 Calling Timer handler 13 (JobLogMirror::TimerHandler_JobLogPolling)
01/29/18 12:14:57 TimerHandler_JobLogPolling() called
01/29/18 12:14:57 === Current Probing Information ===
01/29/18 12:14:57 fsize: 136		mtime: 1513973104
01/29/18 12:14:57 first log entry: 147 CreationTimestamp 1495479253
01/29/18 12:14:57 Return from Timer handler 13 (JobLogMirror::TimerHandler_JobLogPolling)
01/29/18 12:14:57 Calling Timer handler 14 (JobRouter::Poll)
01/29/18 12:14:57 JobRouter: polling state of (0) managed jobs.
01/29/18 12:14:57 JobRouter: Checking for candidate jobs. routing table is:
01/29/18 12:14:57 JobRouter: Umbrella constraint: ((target.x509userproxysubject =!= UNDEFINED) && (target.x509UserProxyExpiration =!= UNDEFINED) && (time() < target.x509UserProxyExpiration) && (target.JobUniverse =?= 5 || target.JobUniverse =?= 1)) && ( (ifThenElse(target.queue is undefined,true,ifThenElse(target.xcount is undefined,true,target.queue == "prod" && target.xcount == 1))) ) && (target.ProcId >= 0 && target.JobStatus == 1 && (target.StageInStart is undefined || target.StageInFinish isnt undefined) && target.Managed isnt "ScheddDone" && target.Managed isnt "External" && target.Owner isnt Undefined && target.RoutedBy isnt "tier2-osg1")
01/29/18 12:14:57 Return from Timer handler 14 (JobRouter::Poll)
01/29/18 12:13:01 Calling Timer handler 3237 (SharedPortEndpoint::RetryInitRemoteAddress)
01/29/18 12:13:01 Return from Timer handler 3237 (SharedPortEndpoint::RetryInitRemoteAddress)
01/29/18 12:13:12 Calling Timer handler 3242 (dc_touch_log_file)
01/29/18 12:13:12 Return from Timer handler 3242 (dc_touch_log_file)
01/29/18 12:13:48 Calling Timer handler 4 (check_session_cache)
01/29/18 12:13:48 Return from Timer handler 4 (check_session_cache)
01/29/18 12:13:48 Calling Timer handler 9 (Daemons::UpdateCollector())
01/29/18 12:13:48 enter Daemons::UpdateCollector
01/29/18 12:13:48 Trying to update collector <205.159.178.244:9619>
01/29/18 12:13:48 Attempting to send update via TCP to collector tier2-osg1.bellarmine.edu <205.159.178.244:9619>
01/29/18 12:13:48 exit Daemons::UpdateCollector
01/29/18 12:13:48 Return from Timer handler 9 (Daemons::UpdateCollector())
01/29/18 12:13:48 Calling Timer handler 11 (Daemons::CheckForNewExecutable())
01/29/18 12:13:48 enter Daemons::CheckForNewExecutable
01/29/18 12:13:48 Time stamp of running /usr/sbin/condor_master: 1509482756
01/29/18 12:13:48 GetTimeStamp returned: 1509482756
01/29/18 12:13:48 Return from Timer handler 11 (Daemons::CheckForNewExecutable())
01/29/18 12:14:12 Calling Timer handler 3244 (dc_touch_log_file)
01/29/18 12:14:12 Return from Timer handler 3244 (dc_touch_log_file)
01/29/18 12:13:34 : taking a snapshot...
01/29/18 12:13:34 : ProcAPI: new boottime = 1507329122; old_boottime = 1507329122; /proc/stat boottime = 1507329123; /proc/uptime boottime = 1507329122
01/29/18 12:13:34 : process 2265974 (not in monitored family) has exited
01/29/18 12:13:34 : ...snapshot complete
01/29/18 12:14:34 : taking a snapshot...
01/29/18 12:14:34 : ProcAPI: new boottime = 1507329122; old_boottime = 1507329122; /proc/stat boottime = 1507329123; /proc/uptime boottime = 1507329122
01/29/18 12:14:34 : process 2266456 (not in monitored family) has exited
01/29/18 12:14:34 : process 2266254 (not in monitored family) has exited
01/29/18 12:14:34 : no methods have determined process 2266981 to be in a monitored family
01/29/18 12:14:34 : no methods have determined process 2266983 to be in a monitored family
01/29/18 12:14:34 : ...snapshot complete
01/29/18 12:13:02 Calling Timer handler 10 (UpdateIOStats)
01/29/18 12:13:02 Return from Timer handler 10 (UpdateIOStats)
01/29/18 12:13:11 Calling Timer handler 16 (PeriodicExpr)
01/29/18 12:13:11 Initializing Directory: curr_dir = /var/lib/condor-ce/spool/1436/0/cluster31436.proc0.subproc0
01/29/18 12:13:11 Initializing Directory: curr_dir = /var/lib/condor-ce/spool/1436/0/cluster31436.proc0.subproc0
01/29/18 12:13:11 Initializing Directory: curr_dir = /var/lib/condor-ce/spool/1436/0/cluster31436.proc0.subproc0.tmp
01/29/18 12:13:11 Saving classad to history file
01/29/18 12:13:11 Initializing Directory: curr_dir = /var/lib/condor-ce/spool/1435/0/cluster31435.proc0.subproc0
01/29/18 12:13:11 Initializing Directory: curr_dir = /var/lib/condor-ce/spool/1435/0/cluster31435.proc0.subproc0
01/29/18 12:13:11 Initializing Directory: curr_dir = /var/lib/condor-ce/spool/1435/0/cluster31435.proc0.subproc0.tmp
01/29/18 12:13:11 Saving classad to history file
01/29/18 12:13:11 Evaluated periodic expressions in 0.002s, scheduling next run in 300s
01/29/18 12:13:11 Return from Timer handler 16 (PeriodicExpr)
01/29/18 12:13:12 Calling Timer handler 10 (UpdateIOStats)
01/29/18 12:13:12 Return from Timer handler 10 (UpdateIOStats)
01/29/18 12:13:16 Calling Timer handler 4551 (HandleFlushJobQueueLogTimer)
01/29/18 12:13:16 Return from Timer handler 4551 (HandleFlushJobQueueLogTimer)
01/29/18 12:13:22 Calling Timer handler 10 (UpdateIOStats)
01/29/18 12:13:22 Return from Timer handler 10 (UpdateIOStats)
01/29/18 12:13:25 Calling Timer handler 4535 (SharedPortEndpoint::RetryInitRemoteAddress)
01/29/18 12:13:25 Return from Timer handler 4535 (SharedPortEndpoint::RetryInitRemoteAddress)
01/29/18 12:13:32 Calling Timer handler 10 (UpdateIOStats)
01/29/18 12:13:32 Return from Timer handler 10 (UpdateIOStats)
01/29/18 12:13:37 Calling Timer handler 5 (check_session_cache)
01/29/18 12:13:37 Return from Timer handler 5 (check_session_cache)
01/29/18 12:13:42 Calling Timer handler 10 (UpdateIOStats)
01/29/18 12:13:42 Return from Timer handler 10 (UpdateIOStats)
01/29/18 12:13:49 Calling Timer handler 13 (sendAlives)
01/29/18 12:13:49 Return from Timer handler 13 (sendAlives)
01/29/18 12:13:49 Calling Timer handler 4550 (dc_touch_log_file)
01/29/18 12:13:49 Return from Timer handler 4550 (dc_touch_log_file)
01/29/18 12:13:52 Calling Timer handler 10 (UpdateIOStats)
01/29/18 12:13:52 Return from Timer handler 10 (UpdateIOStats)
01/29/18 12:14:02 Calling Timer handler 10 (UpdateIOStats)
01/29/18 12:14:02 Return from Timer handler 10 (UpdateIOStats)
01/29/18 12:14:12 Calling Timer handler 10 (UpdateIOStats)
01/29/18 12:14:12 Return from Timer handler 10 (UpdateIOStats)
01/29/18 12:14:21 Calling Timer handler 12 (StartJobs)
01/29/18 12:14:21 -------- Begin starting jobs --------
01/29/18 12:14:21 -------- Done starting jobs --------
01/29/18 12:14:21 Return from Timer handler 12 (StartJobs) - took 0.000s
01/29/18 12:14:22 Calling Timer handler 10 (UpdateIOStats)
01/29/18 12:14:22 Return from Timer handler 10 (UpdateIOStats)
01/29/18 12:14:26 Calling Timer handler 11 (timeout)
01/29/18 12:14:26 Clearing userlog file cache
01/29/18 12:14:26 JobsRunning = 0
01/29/18 12:14:26 JobsIdle = 0
01/29/18 12:14:26 JobsHeld = 0
01/29/18 12:14:26 JobsRemoved = 0
01/29/18 12:14:26 LocalUniverseJobsRunning = 0
01/29/18 12:14:26 LocalUniverseJobsIdle = 0
01/29/18 12:14:26 SchedUniverseJobsRunning = 0
01/29/18 12:14:26 SchedUniverseJobsIdle = 0
01/29/18 12:14:26 N_Owners = 0
01/29/18 12:14:26 MaxJobsRunning = 10000
01/29/18 12:14:26 TransferQueueManager stats: active up=0/10 down=0/10; waiting up=0 down=0; wait time up=0s down=0s
01/29/18 12:14:26 TransferQueueManager upload 1m I/O load: 0 bytes/s  0.000 disk load  0.000 net load
01/29/18 12:14:26 TransferQueueManager download 1m I/O load: 0 bytes/s  0.000 disk load  0.000 net load
01/29/18 12:14:26 Trying to update collector <205.159.178.244:9619>
01/29/18 12:14:26 Attempting to send update via TCP to collector tier2-osg1.bellarmine.edu <205.159.178.244:9619>
01/29/18 12:14:26 Sent HEART BEAT ad to 1 collectors. Number of submittors=0
01/29/18 12:14:26 Changed attribute: IdleJobs = 0
01/29/18 12:14:26 Changed attribute: RunningJobs = 0
01/29/18 12:14:26 Changed attribute: IdleJobs = 0
01/29/18 12:14:26 Changed attribute: WeightedRunningJobs = 0
01/29/18 12:14:26 Changed attribute: WeightedIdleJobs = 0
01/29/18 12:14:26 Changed attribute: HeldJobs = 0
01/29/18 12:14:26 Changed attribute: FlockedJobs = 0
01/29/18 12:14:26 Changed attribute: Name = rsv@users.opensciencegrid.org
01/29/18 12:14:26 Sent ad to central manager for rsv@users.opensciencegrid.org
01/29/18 12:14:26 Trying to update collector <205.159.178.244:9619>
01/29/18 12:14:26 Attempting to send update via TCP to collector tier2-osg1.bellarmine.edu <205.159.178.244:9619>
01/29/18 12:14:26 Sent ad to 1 collectors for rsv@users.opensciencegrid.org
01/29/18 12:14:26 Changed attribute: Name = rsv@users.opensciencegrid.org
01/29/18 12:14:26 Sent owner (0 jobs) ad to schedd plugins
01/29/18 12:14:26 Trying to update collector <205.159.178.244:9619>
01/29/18 12:14:26 Attempting to send update via TCP to collector tier2-osg1.bellarmine.edu <205.159.178.244:9619>
01/29/18 12:14:26 Sent owner (0 jobs) ad to 1 collectors
01/29/18 12:14:26 ============ Begin clean_shadow_recs =============
01/29/18 12:14:26 ============ End clean_shadow_recs =============
01/29/18 12:14:26 Sending RESCHEDULE command to negotiator(s)
01/29/18 12:14:26 Will use TCP to update collector tier2-osg1.bellarmine.edu <205.159.178.244:9619>
01/29/18 12:14:26 Trying to query collector <205.159.178.244:9619>
01/29/18 12:14:26 Daemon::startCommand(QUERY_NEGOTIATOR_ADS,...) making connection to <205.159.178.244:9619>
01/29/18 12:14:26 Can't find address for negotiator 
01/29/18 12:14:26 DCMessenger::startCommand(RESCHEDULE,...) making non-blocking connection to NULL
01/29/18 12:14:26 Failed to send RESCHEDULE to unknown daemon: 
01/29/18 12:14:26 Return from Timer handler 11 (timeout)
01/29/18 12:14:32 Calling Timer handler 10 (UpdateIOStats)
01/29/18 12:14:32 Return from Timer handler 10 (UpdateIOStats)
01/29/18 12:14:42 Calling Timer handler 10 (UpdateIOStats)
01/29/18 12:14:42 Return from Timer handler 10 (UpdateIOStats)
01/29/18 12:14:49 Calling Timer handler 4553 (dc_touch_log_file)
01/29/18 12:14:49 Return from Timer handler 4553 (dc_touch_log_file)
01/29/18 12:14:52 Calling Timer handler 10 (UpdateIOStats)
01/29/18 12:14:52 Return from Timer handler 10 (UpdateIOStats)
01/29/18 12:14:59 Calling Timer handler 2 (check_parent)
01/29/18 12:14:59 Return from Timer handler 2 (check_parent)
01/29/18 12:13:00 Calling Handler <DaemonCommandProtocol::WaitForSocketData> (1)
01/29/18 12:13:00 Calling HandleUnregisteredReq <SharedPortServer::HandleDefaultRequest> (0) for command 60010 from <129.15.31.41:30942>
01/29/18 12:13:00 SharedPortServer: Passing a request from <129.15.31.41:30942> for command 60010 to ID collector.
01/29/18 12:13:00 Return from HandleUnregisteredReq <SharedPortServer::HandleDefaultRequest, 60010> (handler: 0.000s)
01/29/18 12:13:00 Return from Handler <DaemonCommandProtocol::WaitForSocketData> 0.000148s
01/29/18 12:13:00 Calling Handler <Shared Port state handler> (1)
01/29/18 12:13:00 SharedPortClient: passed socket to collector as requested by <129.15.31.41:30942>
01/29/18 12:13:00 Return from Handler <Shared Port state handler> 0.000034s
01/29/18 12:13:08 Calling Timer handler 0 (check_parent)
01/29/18 12:13:08 Return from Timer handler 0 (check_parent)
01/29/18 12:13:09 Calling Timer handler 2696 (dc_touch_log_file)
01/29/18 12:13:09 Return from Timer handler 2696 (dc_touch_log_file)
01/29/18 12:13:47 Calling Timer handler 7 (SharedPortServer::PublishAddress)
01/29/18 12:13:47 About to update statistics in shared_port daemon ad file at /var/lock/condor-ce/shared_port_ad :
01/29/18 12:13:47 Return from Timer handler 7 (SharedPortServer::PublishAddress)
01/29/18 12:13:47 Calling Timer handler 3 (check_session_cache)
01/29/18 12:13:47 Return from Timer handler 3 (check_session_cache)
01/29/18 12:14:09 Calling Timer handler 2697 (dc_touch_log_file)
01/29/18 12:14:09 Return from Timer handler 2697 (dc_touch_log_file)
01/29/18 12:14:26 Calling Handler <DaemonCommandProtocol::WaitForSocketData> (1)
01/29/18 12:14:26 Calling HandleUnregisteredReq <SharedPortServer::HandleDefaultRequest> (0) for command 60010 from <205.159.178.244:32816>
01/29/18 12:14:26 SharedPortServer: Passing a request from <205.159.178.244:32816> for command 60010 to ID collector.
01/29/18 12:14:26 Return from HandleUnregisteredReq <SharedPortServer::HandleDefaultRequest, 60010> (handler: 0.000s)
01/29/18 12:14:26 Return from Handler <DaemonCommandProtocol::WaitForSocketData> 0.000152s
01/29/18 12:14:26 Calling Handler <Shared Port state handler> (1)
01/29/18 12:14:26 SharedPortClient: passed socket to collector as requested by <205.159.178.244:32816>
01/29/18 12:14:26 Return from Handler <Shared Port state handler> 0.000035s
