170303 08:34:42 94322 Starting on Linux 2.6.32-642.13.1.el6.x86_64
Copr.  2004-2012 Stanford University, xrd version v4.5.0
++++++ cmsd anon@osg-se.sprace.org.br initialization started.
Config using configuration file /etc/xrootd/xrootd-clustered.cfg
=====> xrd.port 1095
=====> all.sitename T2_BR_SPRACE
=====> xrd.trace all
=====> all.adminpath /var/run/xrootd
=====> xrd.report xrootd.t2.ucsd.edu:9931 every 60s all sync
Config maximum number of connections restricted to 65536
170303 08:34:42 94322 XrdConfig: sendfile enabled.
170303 08:34:42 94322 XrdSched: scheduling underused thread monitor in 780 seconds
170303 08:34:42 94322 XrdSched: Starting with 2 workers
170303 08:34:42 94322 XrdLink: Allocating 8 link objects at a time
170303 08:34:42 94322 XrdPoll: Starting poller 0
170303 08:34:42 94322 XrdPoll: Starting poller 1
170303 08:34:42 94322 XrdPoll: Starting poller 2
170303 08:34:42 94322 XrdProtocol: getting port from protocol cmsd
Copr.  2007 Stanford University/SLAC cmsd.
++++++ anon@osg-se.sprace.org.br phase 1 initialization started.
=====> all.role manager
=====> all.manager osg-se.sprace.org.br:1213
Config Manager cmsxrootd.fnal.gov -> xrootd.unl.edu
Config Manager                       129.93.239.131
Config Manager cmsxrootd.fnal.gov -> cmsxrootd1.fnal.gov
Config Manager                       131.225.204.174
=====> all.manager meta all cmsxrootd.fnal.gov+ 1213
=====> all.export / nostage
=====> cms.allow host *
=====> cms.allow host spstrg12.sprace.org.br
=====> cms.allow host spstrg12.local
=====> cms.trace all
=====> oss.namelib /usr/lib64/libXrdCmsTfc.so file:/etc/xrootd/storage.xml?protocol=direct 
=====> all.adminpath /var/run/xrootd
=====> all.pidpath /var/run/xrootd
=====> cms.delay startup 10
=====> cms.fxhold 60s
The following paths are available to the meta-manager:
w  /
 
------ anon@osg-se.sprace.org.br phase 1 manager initialization completed.
170303 08:34:42 94322 XrdConfig: LCL port 1213 wsz=87380 (87380)
170303 08:34:42 94322 XrdProtocol: getting protocol object cmsd
++++++ anon@osg-se.sprace.org.br phase 2 manager initialization started.
170303 08:34:42 94322 Replenish old free 0 + 4096 = 4096
170303 08:34:42 94322 Configure2 Global System Identification: anon-m 1213osg-se.sprace.org.br
Plugin No such file or directory loading namelib /usr/lib64/libXrdCmsTfc-4.so
Config Falling back to using /usr/lib64/libXrdCmsTfc.so
Plugin loaded unversioned XrdOucgetName2Name from namelib /usr/lib64/libXrdCmsTfc.so
Copr. 2009 University of Nebraska-Lincoln TFC plugin v 1.0
Params: file:/etc/xrootd/storage.xml?protocol=direct
Xerces-c has been initialized.
Connecting to the catalog file:/etc/xrootd/storage.xml?protocol=direct
Using catalog file /etc/xrootd/storage.xml
++++++ Storage system initialization started.
=====> all.export / nostage
=====> oss.namelib /usr/lib64/libXrdCmsTfc.so file:/etc/xrootd/storage.xml?protocol=direct 
=====> oss.localroot /pnfs/sprace.org.br/data/cms 
Plugin No such file or directory loading namelib /usr/lib64/libXrdCmsTfc-4.so
Config Falling back to using /usr/lib64/libXrdCmsTfc.so
Plugin loaded unversioned XrdOucgetName2Name from namelib /usr/lib64/libXrdCmsTfc.so
Copr. 2009 University of Nebraska-Lincoln TFC plugin v 1.0
Params: file:/etc/xrootd/storage.xml?protocol=direct
Connecting to the catalog file:/etc/xrootd/storage.xml?protocol=direct
Using catalog file /etc/xrootd/storage.xml
++++++ Configuring standalone mode . . .
No lfn2pfn mapping for /
No lfn2pfn mapping for /
No lfn2pfn mapping for /
Config effective /etc/xrootd/xrootd-clustered.cfg oss configuration:
       oss.alloc        0 0 0
       oss.cachescan    600
       oss.fdlimit      32768 65536
       oss.maxsize      0
       oss.namelib /usr/lib64/libXrdCmsTfc.so
       oss.localroot /pnfs/sprace.org.br/data/cms
       oss.trace        0
       oss.xfr          1 deny 10800 keep 1200
       oss.memfile off  max 33749497856
       oss.defaults  r/w  nocheck nodread nomig norcreate nopurge nostage xattr
       oss.path / r/w  nocheck nodread nomig norcreate nopurge nostage xattr
------ Storage system initialization completed.
170303 08:34:42 94322 Start Srv=0 dfs=0 lcl=0 Pre=1 dmLife=0 0
170303 08:34:42 94322 Start Lim=0 0 fix=0 Qmax=1
Config round robin scheduling in effect.
------ anon@osg-se.sprace.org.br phase 2 manager initialization completed.
170303 08:34:42 94326 XrdSched: running cmsd startup inq=0
170303 08:34:42 94322 XrdSched: scheduling stats reporter in 60 seconds
170303 08:34:42 94340 Start: Waiting for primary server to login.
------ cmsd anon@osg-se.sprace.org.br:1213 initialization completed.
170303 08:34:42 94327 XrdSched: Now have 3 workers
170303 08:34:42 94327 XrdSched: running main accept inq=0
170303 08:34:42 94342 XrdSched: Now have 4 workers
170303 08:34:42 94342 XrdSched: running main accept inq=0
170303 08:34:42 94327 XrdInet: Accepted connection from 7@osg-se.sprace.org.br
170303 08:34:42 94327 XrdProtocol: matched protocol cmsd
170303 08:34:42 94327 ?:7@osg-se XrdPoll: FD 7 attached to poller 0; num=1
170303 08:34:42 94327 Protocol: redirector.94234:7@osg-se logged in.
170303 08:34:42 94327 Admit_Redirector redirector.94234:7@osg-se assigned slot 1
170303 08:34:48 94348 Admin_Login initial request: 'login p 94234 port 1095'
170303 08:34:48 94348 Update FrontEnd Parm1=1 Parm2=1095
170303 08:34:48 94348 do_Login:: Primary server 94234 logged in; data port is 1095
Config Connecting to 2 managers and 1 site.
170303 08:34:48 94343 XrdSched: Now have 6 workers
170303 08:34:48 94343 XrdSched: running cms protocol handler inq=0
170303 08:34:48 94343 Pander manager services to cmsxrootd1.fnal.gov:1213
170303 08:34:48 94351 XrdSched: Now have 6 workers
170303 08:34:48 94351 XrdSched: running cms protocol handler inq=0
170303 08:34:48 94351 Pander manager services to xrootd.unl.edu:1213
170303 08:34:48 94351 Pander trying to connect to lvl 0 xrootd.unl.edu:1213
170303 08:34:48 94343 Pander trying to connect to lvl 0 cmsxrootd1.fnal.gov:1213
170303 08:34:48 94351 XrdInet: Connected to xrootd.unl.edu:1213
170303 08:34:48 94351 Add xrootd.unl.edu to manager config; id=0
170303 08:34:49 94343 XrdInet: Connected to cmsxrootd1.fnal.gov:1213
170303 08:34:49 94343 Add cmsxrootd1.fnal.gov to manager config; id=1
170303 08:34:49 94351 Protocol: Logged into T2_US_Nebraska xrootd.unl.edu
170303 08:34:49 94343 ManTree: Now connected to 2 root node(s)
170303 08:34:49 94343 Protocol: Logged into T1_US_FNAL cmsxrootd1.fnal.gov
170303 08:34:49 94343 Dispatch manager.0:24@cmsxrootd1.fnal.gov for state dlen=133
170303 08:34:49 94343 manager.0:24@cmsxrootd1.fnal.gov do_State: /store/mc/RunIIWinter15GS/MinBias_TuneCUETP8M1_13TeV-pythia8/GEN-SIM/MCRUN2_71_V1-v1/00001/1A0D7103-91B0-E411-BF9E-FB6114151B84.root
170303 08:34:49 94343 manager.0:24@cmsxrootd1.fnal.gov do_StateFWD: Path find failed for state /store/mc/RunIIWinter15GS/MinBias_TuneCUETP8M1_13TeV-pythia8/GEN-SIM/MCRUN2_71_V1-v1/00001/1A0D7103-91B0-E411-BF9E-FB6114151B84.root
170303 08:34:49 94343 Dispatch manager.0:24@cmsxrootd1.fnal.gov for state dlen=133
170303 08:34:49 94343 manager.0:24@cmsxrootd1.fnal.gov do_State: /store/mc/RunIIWinter15GS/MinBias_TuneCUETP8M1_13TeV-pythia8/GEN-SIM/MCRUN2_71_V1-v1/00001/860BC327-7EB0-E411-ADD3-7845C4FC378B.root
170303 08:34:49 94343 manager.0:24@cmsxrootd1.fnal.gov do_StateFWD: Path find failed for state /store/mc/RunIIWinter15GS/MinBias_TuneCUETP8M1_13TeV-pythia8/GEN-SIM/MCRUN2_71_V1-v1/00001/860BC327-7EB0-E411-ADD3-7845C4FC378B.root
170303 08:34:49 94343 Dispatch manager.0:24@cmsxrootd1.fnal.gov for state dlen=104
170303 08:34:49 94343 manager.0:24@cmsxrootd1.fnal.gov do_State: /store/data/Run2016C/SinglePhoton/MINIAOD/03Feb2017-v1/110000/50F8F09F-A2EB-E611-8F45-0025904C66F2.root
170303 08:34:49 94343 manager.0:24@cmsxrootd1.fnal.gov do_StateFWD: Path find failed for state /store/data/Run2016C/SinglePhoton/MINIAOD/03Feb2017-v1/110000/50F8F09F-A2EB-E611-8F45-0025904C66F2.root
170303 08:34:49 94351 Dispatch manager.0:23@xrootd.unl.edu for state dlen=169
170303 08:34:49 94351 manager.0:23@xrootd.unl.edu do_State: /store/mc/RunIIFall15DR76/TT_TuneCUETP8M1_13TeV-powheg-pythia8/AODSIM/PU25nsData2015v1_76X_mcRun2_asymptotic_v12_ext4-v1/50000/0825EDB7-30BB-E511-B318-0CC47A745294.root
170303 08:34:49 94351 manager.0:23@xrootd.unl.edu do_StateFWD: Path find failed for state /store/mc/RunIIFall15DR76/TT_TuneCUETP8M1_13TeV-powheg-pythia8/AODSIM/PU25nsData2015v1_76X_mcRun2_asymptotic_v12_ext4-v1/50000/0825EDB7-30BB-E511-B318-0CC47A745294.root
170303 08:34:49 94343 Dispatch manager.0:24@cmsxrootd1.fnal.gov for state dlen=154
170303 08:34:49 94343 manager.0:24@cmsxrootd1.fnal.gov do_State: /store/user/mvandekl/QGSJET2_pA_MeasuredPos_PROPSHIFTUNIT_AddStat/GEN-SIM-DIGI/170226_085455/0000/HIN-pAWinter13DR53X-00026_step1_ProtontoCastor_123.root
170303 08:34:49 94343 manager.0:24@cmsxrootd1.fnal.gov do_StateFWD: Path find failed for state /store/user/mvandekl/QGSJET2_pA_MeasuredPos_PROPSHIFTUNIT_AddStat/GEN-SIM-DIGI/170226_085455/0000/HIN-pAWinter13DR53X-00026_step1_ProtontoCastor_123.root
170303 08:34:49 94351 Dispatch manager.0:23@xrootd.unl.edu for state dlen=49
170303 08:34:49 94351 manager.0:23@xrootd.unl.edu do_State: /store/user/jozobec/HSCP2016/Run2016_274420.root
170303 08:34:49 94351 manager.0:23@xrootd.unl.edu do_StateFWD: Path find failed for state /store/user/jozobec/HSCP2016/Run2016_274420.root
170303 08:34:49 94343 Dispatch manager.0:24@cmsxrootd1.fnal.gov for state dlen=99
170303 08:34:49 94343 manager.0:24@cmsxrootd1.fnal.gov do_State: /store/data/Run2016H/SingleMuon/RAW/v1/000/283/964/00000/AE133596-A59E-E611-87E1-FA163EEDF8DD.root
170303 08:34:49 94343 manager.0:24@cmsxrootd1.fnal.gov do_StateFWD: Path find failed for state /store/data/Run2016H/SingleMuon/RAW/v1/000/283/964/00000/AE133596-A59E-E611-87E1-FA163EEDF8DD.root
170303 08:34:49 94351 Dispatch manager.0:23@xrootd.unl.edu for state dlen=49
170303 08:34:49 94351 manager.0:23@xrootd.unl.edu do_State: /store/user/jozobec/HSCP2016/Run2016_274955.root
170303 08:34:49 94351 manager.0:23@xrootd.unl.edu do_StateFWD: Path find failed for state /store/user/jozobec/HSCP2016/Run2016_274955.root
170303 08:34:49 94351 Dispatch manager.0:23@xrootd.unl.edu for state dlen=155
170303 08:34:49 94351 manager.0:23@xrootd.unl.edu do_State: /store/user/mvandekl/QGSJET2_pA_MeasuredPos_PROPSHIFTUNIT_AddStat/GEN-SIM-DIGI/170226_085455/0004/HIN-pAWinter13DR53X-00026_step1_ProtontoCastor_4392.root
170303 08:34:49 94351 manager.0:23@xrootd.unl.edu do_StateFWD: Path find failed for state /store/user/mvandekl/QGSJET2_pA_MeasuredPos_PROPSHIFTUNIT_AddStat/GEN-SIM-DIGI/170226_085455/0004/HIN-pAWinter13DR53X-00026_step1_ProtontoCastor_4392.root
170303 08:34:49 94351 Dispatch manager.0:23@xrootd.unl.edu for state dlen=173
170303 08:34:49 94351 manager.0:23@xrootd.unl.edu do_State: /store/mc/PhaseIIFall16GS82/QCD_Pt-15to7000_MuEnrichedPt5_TuneCUETP8M1_14TeV_pythia8/GEN-SIM/90X_upgrade2023_realistic_v1-v1/50000/C0B464E3-71D9-E611-BFD1-02163E019E0F.root
170303 08:34:49 94351 manager.0:23@xrootd.unl.edu do_StateFWD: Path find failed for state /store/mc/PhaseIIFall16GS82/QCD_Pt-15to7000_MuEnrichedPt5_TuneCUETP8M1_14TeV_pythia8/GEN-SIM/90X_upgrade2023_realistic_v1-v1/50000/C0B464E3-71D9-E611-BFD1-02163E019E0F.root
170303 08:34:49 94343 Dispatch manager.0:24@cmsxrootd1.fnal.gov for state dlen=155
170303 08:34:49 94343 manager.0:24@cmsxrootd1.fnal.gov do_State: /store/user/mvandekl/QGSJET2_pA_MeasuredPos_PROPSHIFTUNIT_AddStat/GEN-SIM-DIGI/170207_220946/0004/HIN-pAWinter13DR53X-00026_step1_ProtontoCastor_4514.root
170303 08:34:49 94343 manager.0:24@cmsxrootd1.fnal.gov do_StateFWD: Path find failed for state /store/user/mvandekl/QGSJET2_pA_MeasuredPos_PROPSHIFTUNIT_AddStat/GEN-SIM-DIGI/170207_220946/0004/HIN-pAWinter13DR53X-00026_step1_ProtontoCastor_4514.root
170303 08:34:50 94343 Dispatch manager.0:24@cmsxrootd1.fnal.gov for state dlen=154
170303 08:34:50 94343 manager.0:24@cmsxrootd1.fnal.gov do_State: /store/user/mvandekl/QGSJET2_pA_MeasuredPos_PROPSHIFTUNIT_AddStat/GEN-SIM-DIGI/170218_132655/0000/HIN-pAWinter13DR53X-00026_step1_ProtontoCastor_942.root
170303 08:34:50 94343 manager.0:24@cmsxrootd1.fnal.gov do_StateFWD: Path find failed for state /store/user/mvandekl/QGSJET2_pA_MeasuredPos_PROPSHIFTUNIT_AddStat/GEN-SIM-DIGI/170218_132655/0000/HIN-pAWinter13DR53X-00026_step1_ProtontoCastor_942.root
170303 08:34:50 94343 Dispatch manager.0:24@cmsxrootd1.fnal.gov for state dlen=155
170303 08:34:50 94343 manager.0:24@cmsxrootd1.fnal.gov do_State: /store/user/mvandekl/QGSJET2_pA_MeasuredPos_PROPSHIFTUNIT_AddStat/GEN-SIM-DIGI/170209_101939/0002/HIN-pAWinter13DR53X-00026_step1_ProtontoCastor_2753.root
170303 08:34:50 94343 manager.0:24@cmsxrootd1.fnal.gov do_StateFWD: Path find failed for state /store/user/mvandekl/QGSJET2_pA_MeasuredPos_PROPSHIFTUNIT_AddStat/GEN-SIM-DIGI/170209_101939/0002/HIN-pAWinter13DR53X-00026_step1_ProtontoCastor_2753.root
170303 08:34:50 94351 Dispatch manager.0:23@xrootd.unl.edu for state dlen=178
170303 08:34:50 94351 manager.0:23@xrootd.unl.edu do_State: /store/mc/PhaseIIFall16DR82/ttH_HToZZ_4L_M125_14TeV_powheg2_JHUgenV702_pythia8/AODSIM/PU200_90X_upgrade2023_realistic_v1_ext1-v1/100000/B8BB460E-5DEC-E611-95B8-001E6757A200.root
170303 08:34:50 94351 manager.0:23@xrootd.unl.edu do_StateFWD: Path find failed for state /store/mc/PhaseIIFall16DR82/ttH_HToZZ_4L_M125_14TeV_powheg2_JHUgenV702_pythia8/AODSIM/PU200_90X_upgrade2023_realistic_v1_ext1-v1/100000/B8BB460E-5DEC-E611-95B8-001E6757A200.root
170303 08:34:50 94351 Dispatch manager.0:23@xrootd.unl.edu for state dlen=178
170303 08:34:50 94351 manager.0:23@xrootd.unl.edu do_State: /store/mc/PhaseIIFall16DR82/ttH_HToZZ_4L_M125_14TeV_powheg2_JHUgenV702_pythia8/AODSIM/PU200_90X_upgrade2023_realistic_v1_ext1-v1/100000/E688FBF5-29EC-E611-B35F-02163E00B755.root
170303 08:34:50 94351 manager.0:23@xrootd.unl.edu do_StateFWD: Path find failed for state /store/mc/PhaseIIFall16DR82/ttH_HToZZ_4L_M125_14TeV_powheg2_JHUgenV702_pythia8/AODSIM/PU200_90X_upgrade2023_realistic_v1_ext1-v1/100000/E688FBF5-29EC-E611-B35F-02163E00B755.root
170303 08:34:50 94351 Dispatch manager.0:23@xrootd.unl.edu for state dlen=49
170303 08:34:50 94351 manager.0:23@xrootd.unl.edu do_State: /store/user/jozobec/HSCP2016/Run2016_275001.root
170303 08:34:50 94351 manager.0:23@xrootd.unl.edu do_StateFWD: Path find failed for state /store/user/jozobec/HSCP2016/Run2016_275001.root
170303 08:34:50 94351 Dispatch manager.0:23@xrootd.unl.edu for state dlen=178
170303 08:34:50 94351 manager.0:23@xrootd.unl.edu do_State: /store/mc/PhaseIIFall16DR82/ttH_HToZZ_4L_M125_14TeV_powheg2_JHUgenV702_pythia8/AODSIM/PU200_90X_upgrade2023_realistic_v1_ext1-v1/120000/FAB1F6C9-D0F7-E611-8392-0CC47A7C3408.root
170303 08:34:50 94351 manager.0:23@xrootd.unl.edu do_StateFWD: Path find failed for state /store/mc/PhaseIIFall16DR82/ttH_HToZZ_4L_M125_14TeV_powheg2_JHUgenV702_pythia8/AODSIM/PU200_90X_upgrade2023_realistic_v1_ext1-v1/120000/FAB1F6C9-D0F7-E611-8392-0CC47A7C3408.root
170303 08:34:50 94351 Dispatch manager.0:23@xrootd.unl.edu for state dlen=134
170303 08:34:50 94351 manager.0:23@xrootd.unl.edu do_State: /store/user/aakhmets/grid-control-80Xsamples/DoubleMuon_Run2016C-v2_RAW/SELECTION_DATA_CMSSW_8_0_17_FREIBURG/82/RAWskimmed_15281.root
170303 08:34:50 94351 manager.0:23@xrootd.unl.edu do_StateFWD: Path find failed for state /store/user/aakhmets/grid-control-80Xsamples/DoubleMuon_Run2016C-v2_RAW/SELECTION_DATA_CMSSW_8_0_17_FREIBURG/82/RAWskimmed_15281.root
170303 08:34:50 94351 Dispatch manager.0:23@xrootd.unl.edu for state dlen=162
170303 08:34:50 94351 manager.0:23@xrootd.unl.edu do_State: /store/mc/PhaseIIFall16DR82/MinBias_200PU_TuneCUETP8M1_14TeV-pythia8/AODSIM/PU200_90X_upgrade2023_realistic_v1-v1/60000/E07A2FB9-5AF1-E611-B1B6-0090FAA572B0.root
170303 08:34:50 94351 manager.0:23@xrootd.unl.edu do_StateFWD: Path find failed for state /store/mc/PhaseIIFall16DR82/MinBias_200PU_TuneCUETP8M1_14TeV-pythia8/AODSIM/PU200_90X_upgrade2023_realistic_v1-v1/60000/E07A2FB9-5AF1-E611-B1B6-0090FAA572B0.root
170303 08:34:50 94343 Dispatch manager.0:24@cmsxrootd1.fnal.gov for state dlen=155
170303 08:34:50 94343 manager.0:24@cmsxrootd1.fnal.gov do_State: /store/user/mvandekl/QGSJET2_pA_MeasuredPos_PROPSHIFTUNIT_AddStat/GEN-SIM-DIGI/170226_084303/0008/HIN-pAWinter13DR53X-00026_step1_ProtontoCastor_8205.root
170303 08:34:50 94343 manager.0:24@cmsxrootd1.fnal.gov do_StateFWD: Path find failed for state /store/user/mvandekl/QGSJET2_pA_MeasuredPos_PROPSHIFTUNIT_AddStat/GEN-SIM-DIGI/170226_084303/0008/HIN-pAWinter13DR53X-00026_step1_ProtontoCastor_8205.root
170303 08:34:50 94343 Dispatch manager.0:24@cmsxrootd1.fnal.gov for state dlen=155
170303 08:34:50 94343 manager.0:24@cmsxrootd1.fnal.gov do_State: /store/user/mvandekl/QGSJET2_pA_MeasuredPos_PROPSHIFTUNIT_AddStat/GEN-SIM-DIGI/170218_132808/0003/HIN-pAWinter13DR53X-00026_step1_ProtontoCastor_3533.root
170303 08:34:50 94343 manager.0:24@cmsxrootd1.fnal.gov do_StateFWD: Path find failed for state /store/user/mvandekl/QGSJET2_pA_MeasuredPos_PROPSHIFTUNIT_AddStat/GEN-SIM-DIGI/170218_132808/0003/HIN-pAWinter13DR53X-00026_step1_ProtontoCastor_3533.root
170303 08:34:50 94351 Dispatch manager.0:23@xrootd.unl.edu for state dlen=169
170303 08:34:50 94351 manager.0:23@xrootd.unl.edu do_State: /store/mc/RunIIFall15DR76/TT_TuneCUETP8M1_13TeV-powheg-pythia8/AODSIM/PU25nsData2015v1_76X_mcRun2_asymptotic_v12_ext4-v1/70002/CCF69522-FCBE-E511-9989-0CC47A4C8F1C.root
170303 08:34:50 94351 manager.0:23@xrootd.unl.edu do_StateFWD: Path find failed for state /store/mc/RunIIFall15DR76/TT_TuneCUETP8M1_13TeV-powheg-pythia8/AODSIM/PU25nsData2015v1_76X_mcRun2_asymptotic_v12_ext4-v1/70002/CCF69522-FCBE-E511-9989-0CC47A4C8F1C.root
170303 08:34:50 94351 Dispatch manager.0:23@xrootd.unl.edu for state dlen=173
170303 08:34:50 94351 manager.0:23@xrootd.unl.edu do_State: /store/mc/PhaseIIFall16GS82/QCD_Pt-15to7000_MuEnrichedPt5_TuneCUETP8M1_14TeV_pythia8/GEN-SIM/90X_upgrade2023_realistic_v1-v1/50000/3460286B-75D9-E611-BDED-02163E019E03.root
170303 08:34:50 94351 manager.0:23@xrootd.unl.edu do_StateFWD: Path find failed for state /store/mc/PhaseIIFall16GS82/QCD_Pt-15to7000_MuEnrichedPt5_TuneCUETP8M1_14TeV_pythia8/GEN-SIM/90X_upgrade2023_realistic_v1-v1/50000/3460286B-75D9-E611-BDED-02163E019E03.root
170303 08:34:50 94343 Dispatch manager.0:24@cmsxrootd1.fnal.gov for state dlen=206
170303 08:34:50 94343 manager.0:24@cmsxrootd1.fnal.gov do_State: /store/mc/RunIISummer16MiniAODv2/QCD_HT500to700_TuneCUETP8M1_13TeV-madgraphMLM-pythia8/MINIAODSIM/PUMoriond17_80X_mcRun2_asymptotic_2016_TrancheIV_v6_ext1-v2/50000/3880D0B9-A6B5-E611-968C-0CC47A7C3458.root
170303 08:34:50 94343 manager.0:24@cmsxrootd1.fnal.gov do_StateFWD: Path find failed for state /store/mc/RunIISummer16MiniAODv2/QCD_HT500to700_TuneCUETP8M1_13TeV-madgraphMLM-pythia8/MINIAODSIM/PUMoriond17_80X_mcRun2_asymptotic_2016_TrancheIV_v6_ext1-v2/50000/3880D0B9-A6B5-E611-968C-0CC47A7C3458.root
170303 08:34:50 94351 Dispatch manager.0:23@xrootd.unl.edu for state dlen=173
170303 08:34:50 94351 manager.0:23@xrootd.unl.edu do_State: /store/mc/PhaseIIFall16GS82/QCD_Pt-15to7000_MuEnrichedPt5_TuneCUETP8M1_14TeV_pythia8/GEN-SIM/90X_upgrade2023_realistic_v1-v1/50000/F2248EE0-71D9-E611-8388-02163E019E34.root
170303 08:34:50 94351 manager.0:23@xrootd.unl.edu do_StateFWD: Path find failed for state /store/mc/PhaseIIFall16GS82/QCD_Pt-15to7000_MuEnrichedPt5_TuneCUETP8M1_14TeV_pythia8/GEN-SIM/90X_upgrade2023_realistic_v1-v1/50000/F2248EE0-71D9-E611-8388-02163E019E34.root
170303 08:34:50 94351 Dispatch manager.0:23@xrootd.unl.edu for state dlen=49
170303 08:34:50 94351 manager.0:23@xrootd.unl.edu do_State: /store/user/jozobec/HSCP2016/Run2016_274969.root
170303 08:34:50 94351 manager.0:23@xrootd.unl.edu do_StateFWD: Path find failed for state /store/user/jozobec/HSCP2016/Run2016_274969.root
170303 08:34:50 94351 Dispatch manager.0:23@xrootd.unl.edu for state dlen=49
170303 08:34:50 94351 manager.0:23@xrootd.unl.edu do_State: /store/user/jozobec/HSCP2016/Run2016_274421.root
170303 08:34:50 94351 manager.0:23@xrootd.unl.edu do_StateFWD: Path find failed for state /store/user/jozobec/HSCP2016/Run2016_274421.root
170303 08:34:50 94343 Dispatch manager.0:24@cmsxrootd1.fnal.gov for state dlen=155
170303 08:34:50 94343 manager.0:24@cmsxrootd1.fnal.gov do_State: /store/user/mvandekl/QGSJET2_pA_MeasuredPos_PROPSHIFTUNIT_AddStat/GEN-SIM-DIGI/170207_220946/0006/HIN-pAWinter13DR53X-00026_step1_ProtontoCastor_6370.root
170303 08:34:50 94343 manager.0:24@cmsxrootd1.fnal.gov do_StateFWD: Path find failed for state /store/user/mvandekl/QGSJET2_pA_MeasuredPos_PROPSHIFTUNIT_AddStat/GEN-SIM-DIGI/170207_220946/0006/HIN-pAWinter13DR53X-00026_step1_ProtontoCastor_6370.root
170303 08:34:50 94343 Dispatch manager.0:24@cmsxrootd1.fnal.gov for state dlen=155
170303 08:34:50 94343 manager.0:24@cmsxrootd1.fnal.gov do_State: /store/user/mvandekl/QGSJET2_pA_MeasuredPos_PROPSHIFTUNIT_AddStat/GEN-SIM-DIGI/170224_194256/0007/HIN-pAWinter13DR53X-00026_step1_ProtontoCastor_7818.root
170303 08:34:50 94343 manager.0:24@cmsxrootd1.fnal.gov do_StateFWD: Path find failed for state /store/user/mvandekl/QGSJET2_pA_MeasuredPos_PROPSHIFTUNIT_AddStat/GEN-SIM-DIGI/170224_194256/0007/HIN-pAWinter13DR53X-00026_step1_ProtontoCastor_7818.root
170303 08:34:50 94351 Dispatch manager.0:23@xrootd.unl.edu for state dlen=155
170303 08:34:50 94351 manager.0:23@xrootd.unl.edu do_State: /store/user/mvandekl/QGSJET2_pA_MeasuredPos_PROPSHIFTUNIT_AddStat/GEN-SIM-DIGI/170224_194256/0005/HIN-pAWinter13DR53X-00026_step1_ProtontoCastor_5463.root
170303 08:34:50 94351 manager.0:23@xrootd.unl.edu do_StateFWD: Path find failed for state /store/user/mvandekl/QGSJET2_pA_MeasuredPos_PROPSHIFTUNIT_AddStat/GEN-SIM-DIGI/170224_194256/0005/HIN-pAWinter13DR53X-00026_step1_ProtontoCastor_5463.root
170303 08:34:50 94351 Dispatch manager.0:23@xrootd.unl.edu for state dlen=49
170303 08:34:50 94351 manager.0:23@xrootd.unl.edu do_State: /store/user/jozobec/HSCP2016/Run2016_274971.root
170303 08:34:50 94351 manager.0:23@xrootd.unl.edu do_StateFWD: Path find failed for state /store/user/jozobec/HSCP2016/Run2016_274971.root
170303 08:34:50 94351 Dispatch manager.0:23@xrootd.unl.edu for state dlen=49
170303 08:34:50 94351 manager.0:23@xrootd.unl.edu do_State: /store/user/jozobec/HSCP2016/Run2016_274968.root
170303 08:34:50 94351 manager.0:23@xrootd.unl.edu do_StateFWD: Path find failed for state /store/user/jozobec/HSCP2016/Run2016_274968.root
170303 08:34:51 94343 Dispatch manager.0:24@cmsxrootd1.fnal.gov for state dlen=169
170303 08:34:51 94343 manager.0:24@cmsxrootd1.fnal.gov do_State: /store/mc/RunIIFall15DR76/TT_TuneCUETP8M1_13TeV-powheg-pythia8/AODSIM/PU25nsData2015v1_76X_mcRun2_asymptotic_v12_ext4-v1/20000/BA56DB07-D5BD-E511-A0E1-0CC47A4D760A.root
170303 08:34:51 94343 manager.0:24@cmsxrootd1.fnal.gov do_StateFWD: Path find failed for state /store/mc/RunIIFall15DR76/TT_TuneCUETP8M1_13TeV-powheg-pythia8/AODSIM/PU25nsData2015v1_76X_mcRun2_asymptotic_v12_ext4-v1/20000/BA56DB07-D5BD-E511-A0E1-0CC47A4D760A.root
170303 08:34:51 94351 Dispatch manager.0:23@xrootd.unl.edu for state dlen=173
170303 08:34:51 94351 manager.0:23@xrootd.unl.edu do_State: /store/mc/PhaseIIFall16GS82/QCD_Pt-15to7000_MuEnrichedPt5_TuneCUETP8M1_14TeV_pythia8/GEN-SIM/90X_upgrade2023_realistic_v1-v1/50000/66E5DA6A-75D9-E611-B481-02163E0140D7.root
170303 08:34:51 94351 manager.0:23@xrootd.unl.edu do_StateFWD: Path find failed for state /store/mc/PhaseIIFall16GS82/QCD_Pt-15to7000_MuEnrichedPt5_TuneCUETP8M1_14TeV_pythia8/GEN-SIM/90X_upgrade2023_realistic_v1-v1/50000/66E5DA6A-75D9-E611-B481-02163E0140D7.root
170303 08:34:51 94343 Dispatch manager.0:24@cmsxrootd1.fnal.gov for state dlen=215
170303 08:34:51 94343 manager.0:24@cmsxrootd1.fnal.gov do_State: /store/mc/RunIISummer16MiniAODv2/DYJetsToLL_M-50_HT-600to800_TuneCUETP8M1_13TeV-madgraphMLM-pythia8/MINIAODSIM/PUMoriond17_80X_mcRun2_asymptotic_2016_TrancheIV_v6-v2/120000/E480F042-60BF-E611-B503-6C3BE5B541F8.root
170303 08:34:51 94343 manager.0:24@cmsxrootd1.fnal.gov do_StateFWD: Path find failed for state /store/mc/RunIISummer16MiniAODv2/DYJetsToLL_M-50_HT-600to800_TuneCUETP8M1_13TeV-madgraphMLM-pythia8/MINIAODSIM/PUMoriond17_80X_mcRun2_asymptotic_2016_TrancheIV_v6-v2/120000/E480F042-60BF-E611-B503-6C3BE5B541F8.root
170303 08:34:51 94351 Dispatch manager.0:23@xrootd.unl.edu for state dlen=173
170303 08:34:51 94351 manager.0:23@xrootd.unl.edu do_State: /store/mc/PhaseIIFall16GS82/QCD_Pt-15to7000_MuEnrichedPt5_TuneCUETP8M1_14TeV_pythia8/GEN-SIM/90X_upgrade2023_realistic_v1-v1/50000/0E4A1475-7AD9-E611-AA48-02163E013771.root
170303 08:34:51 94351 manager.0:23@xrootd.unl.edu do_StateFWD: Path find failed for state /store/mc/PhaseIIFall16GS82/QCD_Pt-15to7000_MuEnrichedPt5_TuneCUETP8M1_14TeV_pythia8/GEN-SIM/90X_upgrade2023_realistic_v1-v1/50000/0E4A1475-7AD9-E611-AA48-02163E013771.root
170303 08:34:51 94343 Dispatch manager.0:24@cmsxrootd1.fnal.gov for state dlen=155
170303 08:34:51 94343 manager.0:24@cmsxrootd1.fnal.gov do_State: /store/user/mvandekl/QGSJET2_pA_MeasuredPos_PROPSHIFTUNIT_AddStat/GEN-SIM-DIGI/170224_194256/0007/HIN-pAWinter13DR53X-00026_step1_ProtontoCastor_7795.root
170303 08:34:51 94343 manager.0:24@cmsxrootd1.fnal.gov do_StateFWD: Path find failed for state /store/user/mvandekl/QGSJET2_pA_MeasuredPos_PROPSHIFTUNIT_AddStat/GEN-SIM-DIGI/170224_194256/0007/HIN-pAWinter13DR53X-00026_step1_ProtontoCastor_7795.root
170303 08:34:51 94351 Dispatch manager.0:23@xrootd.unl.edu for state dlen=49
170303 08:34:51 94351 manager.0:23@xrootd.unl.edu do_State: /store/user/jozobec/HSCP2016/Run2016_275066.root
170303 08:34:51 94351 manager.0:23@xrootd.unl.edu do_StateFWD: Path find failed for state /store/user/jozobec/HSCP2016/Run2016_275066.root
170303 08:34:51 94351 Dispatch manager.0:23@xrootd.unl.edu for state dlen=173
170303 08:34:51 94351 manager.0:23@xrootd.unl.edu do_State: /store/mc/PhaseIIFall16GS82/QCD_Pt-15to7000_MuEnrichedPt5_TuneCUETP8M1_14TeV_pythia8/GEN-SIM/90X_upgrade2023_realistic_v1-v1/50000/5C20F277-7AD9-E611-B5BD-02163E019DC8.root
170303 08:34:51 94351 manager.0:23@xrootd.unl.edu do_StateFWD: Path find failed for state /store/mc/PhaseIIFall16GS82/QCD_Pt-15to7000_MuEnrichedPt5_TuneCUETP8M1_14TeV_pythia8/GEN-SIM/90X_upgrade2023_realistic_v1-v1/50000/5C20F277-7AD9-E611-B5BD-02163E019DC8.root
170303 08:34:51 94351 Dispatch manager.0:23@xrootd.unl.edu for state dlen=134
170303 08:34:51 94351 manager.0:23@xrootd.unl.edu do_State: /store/user/aakhmets/grid-control-80Xsamples/DoubleMuon_Run2016C-v2_RAW/SELECTION_DATA_CMSSW_8_0_17_FREIBURG/47/RAWskimmed_15046.root
170303 08:34:51 94351 manager.0:23@xrootd.unl.edu do_StateFWD: Path find failed for state /store/user/aakhmets/grid-control-80Xsamples/DoubleMuon_Run2016C-v2_RAW/SELECTION_DATA_CMSSW_8_0_17_FREIBURG/47/RAWskimmed_15046.root
170303 08:34:51 94351 Dispatch manager.0:23@xrootd.unl.edu for state dlen=134
170303 08:34:51 94351 manager.0:23@xrootd.unl.edu do_State: /store/user/aakhmets/grid-control-80Xsamples/DoubleMuon_Run2016C-v2_RAW/SELECTION_DATA_CMSSW_8_0_17_FREIBURG/48/RAWskimmed_15047.root
170303 08:34:51 94351 manager.0:23@xrootd.unl.edu do_StateFWD: Path find failed for state /store/user/aakhmets/grid-control-80Xsamples/DoubleMuon_Run2016C-v2_RAW/SELECTION_DATA_CMSSW_8_0_17_FREIBURG/48/RAWskimmed_15047.root
170303 08:34:51 94351 Dispatch manager.0:23@xrootd.unl.edu for state dlen=134
170303 08:34:51 94351 manager.0:23@xrootd.unl.edu do_State: /store/user/aakhmets/grid-control-80Xsamples/DoubleMuon_Run2016C-v2_RAW/SELECTION_DATA_CMSSW_8_0_17_FREIBURG/49/RAWskimmed_15048.root
170303 08:34:51 94351 manager.0:23@xrootd.unl.edu do_StateFWD: Path find failed for state /store/user/aakhmets/grid-control-80Xsamples/DoubleMuon_Run2016C-v2_RAW/SELECTION_DATA_CMSSW_8_0_17_FREIBURG/49/RAWskimmed_15048.root
170303 08:34:51 94351 Dispatch manager.0:23@xrootd.unl.edu for state dlen=134
170303 08:34:51 94351 manager.0:23@xrootd.unl.edu do_State: /store/user/aakhmets/grid-control-80Xsamples/DoubleMuon_Run2016C-v2_RAW/SELECTION_DATA_CMSSW_8_0_17_FREIBURG/50/RAWskimmed_15049.root
170303 08:34:51 94351 manager.0:23@xrootd.unl.edu do_StateFWD: Path find failed for state /store/user/aakhmets/grid-control-80Xsamples/DoubleMuon_Run2016C-v2_RAW/SELECTION_DATA_CMSSW_8_0_17_FREIBURG/50/RAWskimmed_15049.root
170303 08:34:51 94351 Dispatch manager.0:23@xrootd.unl.edu for state dlen=49
170303 08:34:51 94351 manager.0:23@xrootd.unl.edu do_State: /store/user/jozobec/HSCP2016/Run2016_274422.root
170303 08:34:51 94351 manager.0:23@xrootd.unl.edu do_StateFWD: Path find failed for state /store/user/jozobec/HSCP2016/Run2016_274422.root
170303 08:34:51 94351 Dispatch manager.0:23@xrootd.unl.edu for state dlen=134
170303 08:34:51 94351 manager.0:23@xrootd.unl.edu do_State: /store/user/aakhmets/grid-control-80Xsamples/DoubleMuon_Run2016C-v2_RAW/SELECTION_DATA_CMSSW_8_0_17_FREIBURG/67/RAWskimmed_15166.root
170303 08:34:51 94351 manager.0:23@xrootd.unl.edu do_StateFWD: Path find failed for state /store/user/aakhmets/grid-control-80Xsamples/DoubleMuon_Run2016C-v2_RAW/SELECTION_DATA_CMSSW_8_0_17_FREIBURG/67/RAWskimmed_15166.root
170303 08:34:51 94351 Dispatch manager.0:23@xrootd.unl.edu for state dlen=49
170303 08:34:51 94351 manager.0:23@xrootd.unl.edu do_State: /store/user/jozobec/HSCP2016/Run2016_274345.root
170303 08:34:51 94351 manager.0:23@xrootd.unl.edu do_StateFWD: Path find failed for state /store/user/jozobec/HSCP2016/Run2016_274345.root
170303 08:34:51 94351 Dispatch manager.0:23@xrootd.unl.edu for state dlen=169
170303 08:34:51 94351 manager.0:23@xrootd.unl.edu do_State: /store/mc/RunIIFall15DR76/TT_TuneCUETP8M1_13TeV-powheg-pythia8/AODSIM/PU25nsData2015v1_76X_mcRun2_asymptotic_v12_ext4-v1/60000/8EC1482B-53BB-E511-B29D-0CC47A4D7662.root
170303 08:34:51 94351 manager.0:23@xrootd.unl.edu do_StateFWD: Path find failed for state /store/mc/RunIIFall15DR76/TT_TuneCUETP8M1_13TeV-powheg-pythia8/AODSIM/PU25nsData2015v1_76X_mcRun2_asymptotic_v12_ext4-v1/60000/8EC1482B-53BB-E511-B29D-0CC47A4D7662.root
170303 08:34:51 94351 Dispatch manager.0:23@xrootd.unl.edu for state dlen=49
170303 08:34:51 94351 manager.0:23@xrootd.unl.edu do_State: /store/user/jozobec/HSCP2016/Run2016_274388.root
170303 08:34:51 94351 manager.0:23@xrootd.unl.edu do_StateFWD: Path find failed for state /store/user/jozobec/HSCP2016/Run2016_274388.root
170303 08:34:51 94351 Dispatch manager.0:23@xrootd.unl.edu for state dlen=173
170303 08:34:51 94351 manager.0:23@xrootd.unl.edu do_State: /store/mc/PhaseIIFall16GS82/QCD_Pt-15to7000_MuEnrichedPt5_TuneCUETP8M1_14TeV_pythia8/GEN-SIM/90X_upgrade2023_realistic_v1-v1/50000/8C0C4395-7CD9-E611-BCA0-02163E011D03.root
170303 08:34:51 94351 manager.0:23@xrootd.unl.edu do_StateFWD: Path find failed for state /store/mc/PhaseIIFall16GS82/QCD_Pt-15to7000_MuEnrichedPt5_TuneCUETP8M1_14TeV_pythia8/GEN-SIM/90X_upgrade2023_realistic_v1-v1/50000/8C0C4395-7CD9-E611-BCA0-02163E011D03.root
170303 08:34:51 94351 Dispatch manager.0:23@xrootd.unl.edu for state dlen=49
170303 08:34:51 94351 manager.0:23@xrootd.unl.edu do_State: /store/user/jozobec/HSCP2016/Run2016_274970.root
170303 08:34:51 94351 manager.0:23@xrootd.unl.edu do_StateFWD: Path find failed for state /store/user/jozobec/HSCP2016/Run2016_274970.root
170303 08:34:52 94351 Dispatch manager.0:23@xrootd.unl.edu for state dlen=49
170303 08:34:52 94351 manager.0:23@xrootd.unl.edu do_State: /store/user/jozobec/HSCP2016/Run2016_275000.root
170303 08:34:52 94351 manager.0:23@xrootd.unl.edu do_StateFWD: Path find failed for state /store/user/jozobec/HSCP2016/Run2016_275000.root
170303 08:34:52 94351 Dispatch manager.0:23@xrootd.unl.edu for state dlen=49
170303 08:34:52 94351 manager.0:23@xrootd.unl.edu do_State: /store/user/jozobec/HSCP2016/Run2016_275124.root
170303 08:34:52 94351 manager.0:23@xrootd.unl.edu do_StateFWD: Path find failed for state /store/user/jozobec/HSCP2016/Run2016_275124.root
170303 08:34:52 94351 Dispatch manager.0:23@xrootd.unl.edu for state dlen=134
170303 08:34:52 94351 manager.0:23@xrootd.unl.edu do_State: /store/user/aakhmets/grid-control-80Xsamples/DoubleMuon_Run2016C-v2_RAW/SELECTION_DATA_CMSSW_8_0_17_FREIBURG/43/RAWskimmed_15242.root
170303 08:34:52 94351 manager.0:23@xrootd.unl.edu do_StateFWD: Path find failed for state /store/user/aakhmets/grid-control-80Xsamples/DoubleMuon_Run2016C-v2_RAW/SELECTION_DATA_CMSSW_8_0_17_FREIBURG/43/RAWskimmed_15242.root
170303 08:34:52 94343 Dispatch manager.0:24@cmsxrootd1.fnal.gov for state dlen=102
170303 08:34:52 94343 manager.0:24@cmsxrootd1.fnal.gov do_State: /store/data/Run2016E/SingleMuon/MINIAOD/03Feb2017-v1/110000/BC2E6717-FFEA-E611-98E4-0CC47A4C8E34.root
170303 08:34:52 94343 manager.0:24@cmsxrootd1.fnal.gov do_StateFWD: Path find failed for state /store/data/Run2016E/SingleMuon/MINIAOD/03Feb2017-v1/110000/BC2E6717-FFEA-E611-98E4-0CC47A4C8E34.root
170303 08:34:52 94351 Dispatch manager.0:23@xrootd.unl.edu for state dlen=49
170303 08:34:52 94351 manager.0:23@xrootd.unl.edu do_State: /store/user/jozobec/HSCP2016/Run2016_274440.root
170303 08:34:52 94351 manager.0:23@xrootd.unl.edu do_StateFWD: Path find failed for state /store/user/jozobec/HSCP2016/Run2016_274440.root
170303 08:34:52 94343 Dispatch manager.0:24@cmsxrootd1.fnal.gov for state dlen=101
170303 08:34:52 94343 manager.0:24@cmsxrootd1.fnal.gov do_State: /store/data/Run2012B/DoubleElectron/AOD/22Jan2013-v1/20000/B23D0C54-5369-E211-B36E-00261894398B.root
170303 08:34:52 94343 manager.0:24@cmsxrootd1.fnal.gov do_StateFWD: Path find failed for state /store/data/Run2012B/DoubleElectron/AOD/22Jan2013-v1/20000/B23D0C54-5369-E211-B36E-00261894398B.root
170303 08:34:52 94351 Dispatch manager.0:23@xrootd.unl.edu for state dlen=49
170303 08:34:52 94351 manager.0:23@xrootd.unl.edu do_State: /store/user/jozobec/HSCP2016/Run2016_275059.root
170303 08:34:52 94351 manager.0:23@xrootd.unl.edu do_StateFWD: Path find failed for state /store/user/jozobec/HSCP2016/Run2016_275059.root
170303 08:34:52 94343 Dispatch manager.0:24@cmsxrootd1.fnal.gov for state dlen=207
170303 08:34:52 94343 manager.0:24@cmsxrootd1.fnal.gov do_State: /store/mc/RunIISummer16MiniAODv2/DYJetsToLL_M-50_TuneCUETP8M1_13TeV-madgraphMLM-pythia8/MINIAODSIM/PUMoriond17_80X_mcRun2_asymptotic_2016_TrancheIV_v6_ext1-v2/80000/6C70B38B-5AC4-E611-8DBA-001E0BC1DE40.root
170303 08:34:52 94343 manager.0:24@cmsxrootd1.fnal.gov do_StateFWD: Path find failed for state /store/mc/RunIISummer16MiniAODv2/DYJetsToLL_M-50_TuneCUETP8M1_13TeV-madgraphMLM-pythia8/MINIAODSIM/PUMoriond17_80X_mcRun2_asymptotic_2016_TrancheIV_v6_ext1-v2/80000/6C70B38B-5AC4-E611-8DBA-001E0BC1DE40.root
170303 08:34:52 94351 Dispatch manager.0:23@xrootd.unl.edu for state dlen=155
170303 08:34:52 94351 manager.0:23@xrootd.unl.edu do_State: /store/user/mvandekl/QGSJET2_pA_MeasuredPos_PROPSHIFTUNIT_AddStat/GEN-SIM-DIGI/170226_084303/0008/HIN-pAWinter13DR53X-00026_step1_ProtontoCastor_8063.ro
