CRITICAL: pilot history:
1363016130 cit-gatekeeper2.ultralight.org CIT_CMS_T2
1363016159 cit-gatekeeper2.ultralight.org CIT_CMS_T2
1363016197 cit-gatekeeper2.ultralight.org CIT_CMS_T2
1363016226 cit-gatekeeper2.ultralight.org CIT_CMS_T2
1363016269 cit-gatekeeper2.ultralight.org CIT_CMS_T2
1363016297 cit-gatekeeper2.ultralight.org CIT_CMS_T2
1363016340 cit-gatekeeper2.ultralight.org CIT_CMS_T2
1363016376 cit-gatekeeper2.ultralight.org CIT_CMS_T2
1363016417 cit-gatekeeper2.ultralight.org CIT_CMS_T2
1363016452 cit-gatekeeper2.ultralight.org CIT_CMS_T2
1363016489 cit-gatekeeper2.ultralight.org CIT_CMS_T2
1363016518 cit-gatekeeper2.ultralight.org CIT_CMS_T2
1363016555 cit-gatekeeper2.ultralight.org CIT_CMS_T2
1363016585 cit-gatekeeper2.ultralight.org CIT_CMS_T2
1363016625 cit-gatekeeper2.ultralight.org CIT_CMS_T2
1363016651 cit-gatekeeper2.ultralight.org CIT_CMS_T2
1363016695 cit-gatekeeper2.ultralight.org CIT_CMS_T2
1363016913 cit-gatekeeper2.ultralight.org CIT_CMS_T2
1363016929 cit-gatekeeper2.ultralight.org CIT_CMS_T2
1363016980 cit-gatekeeper2.ultralight.org CIT_CMS_T2
1363016995 cit-gatekeeper2.ultralight.org CIT_CMS_T2
1363017047 cit-gatekeeper2.ultralight.org CIT_CMS_T2
1363017062 cit-gatekeeper2.ultralight.org CIT_CMS_T2
1363017114 cit-gatekeeper2.ultralight.org CIT_CMS_T2
1363017128 cit-gatekeeper2.ultralight.org CIT_CMS_T2
1363017181 cit-gatekeeper2.ultralight.org CIT_CMS_T2
1363017194 cit-gatekeeper2.ultralight.org CIT_CMS_T2
1363017249 cit-gatekeeper2.ultralight.org CIT_CMS_T2
1363017261 cit-gatekeeper2.ultralight.org CIT_CMS_T2
1363017316 cit-gatekeeper2.ultralight.org CIT_CMS_T2
1363017328 cit-gatekeeper2.ultralight.org CIT_CMS_T2
1363017384 cit-gatekeeper2.ultralight.org CIT_CMS_T2
1363017394 cit-gatekeeper2.ultralight.org CIT_CMS_T2
1363017452 cit-gatekeeper2.ultralight.org CIT_CMS_T2
1363017460 cit-gatekeeper2.ultralight.org CIT_CMS_T2
CRITICAL: Pilot constantly throttling:
1363016929 cit-gatekeeper2.ultralight.org CIT_CMS_T2
1363016980 cit-gatekeeper2.ultralight.org CIT_CMS_T2
1363016995 cit-gatekeeper2.ultralight.org CIT_CMS_T2
1363017047 cit-gatekeeper2.ultralight.org CIT_CMS_T2
1363017062 cit-gatekeeper2.ultralight.org CIT_CMS_T2
1363017114 cit-gatekeeper2.ultralight.org CIT_CMS_T2
1363017128 cit-gatekeeper2.ultralight.org CIT_CMS_T2
1363017181 cit-gatekeeper2.ultralight.org CIT_CMS_T2
1363017194 cit-gatekeeper2.ultralight.org CIT_CMS_T2
1363017249 cit-gatekeeper2.ultralight.org CIT_CMS_T2
1363017261 cit-gatekeeper2.ultralight.org CIT_CMS_T2
1363017316 cit-gatekeeper2.ultralight.org CIT_CMS_T2
1363017328 cit-gatekeeper2.ultralight.org CIT_CMS_T2
1363017384 cit-gatekeeper2.ultralight.org CIT_CMS_T2
1363017394 cit-gatekeeper2.ultralight.org CIT_CMS_T2
1363017452 cit-gatekeeper2.ultralight.org CIT_CMS_T2
1363017460 cit-gatekeeper2.ultralight.org CIT_CMS_T2
CRITICAL: Pilot constantly throttling:
/bin/tar
	linux-vdso.so.1 =>  (0x00007fffcbfc1000)
	libacl.so.1 => /lib64/libacl.so.1 (0x0000003631e00000)
	libselinux.so.1 => /lib64/libselinux.so.1 (0x0000003632600000)
	librt.so.1 => /lib64/librt.so.1 (0x0000003633200000)
	libc.so.6 => /lib64/libc.so.6 (0x0000003630a00000)
	libattr.so.1 => /lib64/libattr.so.1 (0x0000003631a00000)
	libdl.so.2 => /lib64/libdl.so.2 (0x0000003630e00000)
	libsepol.so.1 => /lib64/libsepol.so.1 (0x0000003632a00000)
	/lib64/ld-linux-x86-64.so.2 (0x0000003630600000)
	libpthread.so.0 => /lib64/libpthread.so.0 (0x0000003631600000)
