DEBUG is enabled
DEBUG COMMANDLINE: [phaser.py -m k1_p622.mtz -p 1b5qc1.pdb -r k1_p622-1b5qc1-3.8-0.3-0.6 -F F_k1 -S SIGF_k1 -i 0.3 -s 0.6 -a 3.8 -n 1 -T 1800 -A ALL]
JOB_MARKER CIT_CMS_T2 cit-gatekeeper2.ultralight.org 1363017460 k1_p622-1b5qc1-3.8-0.3-0.6 sbgrid compute-12-37.local /wntmp/condor/compute-12-37/execute/dir_1624/glide_OA1679/execute/dir_2824 Mon Mar 11 15:57:40 UTC 2013
SYSTEM Linux compute-12-37.local 2.6.18-238.12.1.el5 #1 SMP Tue May 31 13:22:04 EDT 2011 x86_64 x86_64 x86_64 GNU/Linux
DEBUG PROXY using squid [newman.ultralight.org:3128]
PILOTLATEST 1363017452
NOW 1363017460
THROTTLING for 52 seconds
DEBUG lcg-cp -b -D srmv2 --vo SBGrid -t 2400 --verbose srm://bsrm-1.t2.ucsd.edu:8443/srm/v2/server?SFN=/hadoop/sbgrid/user/webportal/workflow/webportal-k1_p622/k1_p622.mtz file:k1_p622.mtz
Warning: -t,--timeout is deprecated! Use --timeout-* options instead
Using grid catalog type: UNKNOWN
Using grid catalog : (null)
VO name: SBGrid
Checksum type: None
Trying SURL srm://bsrm-1.t2.ucsd.edu:8443/srm/v2/server?SFN=/hadoop/sbgrid/user/webportal/workflow/webportal-k1_p622/k1_p622.mtz ...
Source SE type: SRMv2
Source SRM Request Token: get:2672967
Source URL: srm://bsrm-1.t2.ucsd.edu:8443/srm/v2/server?SFN=/hadoop/sbgrid/user/webportal/workflow/webportal-k1_p622/k1_p622.mtz
File size: 417616
Source URL for copy: gsiftp://cabinet-6-6-11.t2.ucsd.edu:2811//hadoop/sbgrid/user/webportal/workflow/webportal-k1_p622/k1_p622.mtz
Destination URL: file:/wntmp/condor/compute-12-37/execute/dir_1624/glide_OA1679/execute/dir_2824/k1_p622.mtz
# streams: 1
            0 bytes      0.00 KB/sec avg      0.00 KB/sec inst            0 bytes      0.00 KB/sec avg      0.00 KB/sec inst            0 bytes      0.00 KB/sec avg      0.00 KB/sec inst
Transfer took 2050 ms
DEBUG found site files
DEBUG attempting to do local fetch [/raid2/osg-data/sbgrid/biodb/scop-v1.75-clean-bz2/b5.tar.bz2 b5/1b5qc1.pdb]
tar: /raid2/osg-data/sbgrid/biodb/scop-v1.75-clean-bz2/b5.tar.bz2: Cannot open: No such file or directory
tar: Error is not recoverable: exiting now
tar: Child returned status 2
tar: b5/1b5qc1.pdb: Not found in archive
tar: Error exit delayed from previous errors
FATAL_FILE /raid2/osg-data/sbgrid/biodb/scop-v1.75-clean-bz2/b5.tar.bz2 b5/1b5qc1.pdb
