INFO:root:create(/data1/condor_local/execute/dir_2033147/glide_3UXLiu/execute/dir_2243224/job/WMTaskSpace/cmsRun1)
INFO:root:create(/data1/condor_local/execute/dir_2033147/glide_3UXLiu/execute/dir_2243224/job/WMTaskSpace/cmsRun2)
INFO:root:create(/data1/condor_local/execute/dir_2033147/glide_3UXLiu/execute/dir_2243224/job/WMTaskSpace/stageOut1)
INFO:root:create(/data1/condor_local/execute/dir_2033147/glide_3UXLiu/execute/dir_2243224/job/WMTaskSpace/logArch1)
INFO:root:In Watchdog.setupMonitors
INFO:root:Set Watchdog interval to 300
INFO:root:Initializing monitor DashboardMonitor
INFO:root:In DashboardMonitor.initMonitor
INFO:root:Initializing monitor PerformanceMonitor
INFO:root:MonitorThread: JobStarted
INFO:root:About to send UDP package to dashboard: {'StatusDestination': 'T2_US_UCSD', 'StatusEnterTime': '2017-01-03 13:06:13', 'MessageType': 'JobStatus', 'jobId': '96ef48d2-d190-11e6-b8a4-001e67abefa8-1097_0', 'StatusValue': 'running', 
'MessageTS': '2017-01-03 13:06:13', 'StatusValueReason': 'Job started execution in the WN', 'taskId': 'wmagent_pdmvserv_SUS-RunIISummer16DR80Premix-00129_00110_v0__161116_133916_8255', 'NCores': 4}
INFO:root:Using address cms-jobmon.cern.ch:8884
INFO:root:About to send UDP package to dashboard: {'SyncCE': 'T2_US_UCSD', 'MessageType': 'jobRuntime-jobStart', 'jobId': '96ef48d2-d190-11e6-b8a4-001e67abefa8-1097_0', 'MessageTS': '2017-01-03 13:06:14', 'taskId': 'wmagent_pdmvserv_SUS-R
unIISummer16DR80Premix-00129_00110_v0__161116_133916_8255', 'GridName': '/DC=ch/DC=cern/OU=Organic Units/OU=Users/CN=amaltaro/CN=718748/CN=Alan Malta Rodrigues/CN=676581470/CN=468289183/CN=111150965/CN=897578353/CN=1369025674\n', 'WNHostN
ame': 'sdsc-16.t2.ucsd.edu', 'ExeStart': 'cmsRun1'}
INFO:root:Using address cms-jobmon.cern.ch:8884
INFO:root:About to send UDP package to dashboard: {'1_stepName': 'cmsRun1', 'MessageType': 'jobRuntime-stepStart', 'jobId': '96ef48d2-d190-11e6-b8a4-001e67abefa8-1097_0', 'MessageTS': '2017-01-03 13:06:14', 'taskId': 'wmagent_pdmvserv_SUS
-RunIISummer16DR80Premix-00129_00110_v0__161116_133916_8255', '1_ExeStart': 'cmsRun1'}
INFO:root:Using address cms-jobmon.cern.ch:8884
INFO:root:Pre-executing CMSSW step
INFO:root:User files are 
INFO:root:User sandboxes are 
INFO:root:CMSSW configured for 4 cores
INFO:root:Executing CMSSW step
INFO:root:Runing SCRAM
INFO:root:Running PRE scripts
INFO:root:RUNNING SCRAM SCRIPTS
INFO:root:    Invoking command: /cvmfs/cms.cern.ch/slc6_amd64_gcc530/cms/cmssw/CMSSW_8_0_21/external/slc6_amd64_gcc530/bin/python2.7 -m WMCore.WMRuntime.ScriptInvoke WMTaskSpace.cmsRun1 SetupCMSSWPset 

INFO:root:Executing CMSSW. args: ['/bin/bash', '/data1/condor_local/execute/dir_2033147/glide_3UXLiu/execute/dir_2243224/job/WMTaskSpace/cmsRun1/cmsRun1-main.sh', '', 'slc6_amd64_gcc530', 'scramv1', 'CMSSW', 'CMSSW_8_0_21', 'FrameworkJobR
eport.xml', 'cmsRun', 'PSet.py', '', '', '']
INFO:root:Retrieved following performance figures:
INFO:root:RSS: 2910924;  VSize: 4455744; PCPU: 108; PMEM: 2.2
INFO:root:Retrieved following performance figures:
INFO:root:RSS: 3121288;  VSize: 4636340; PCPU: 200; PMEM: 2.3
INFO:root:Retrieved following performance figures:
INFO:root:RSS: 3167524;  VSize: 4665124; PCPU: 226; PMEM: 2.3
INFO:root:Retrieved following performance figures:
INFO:root:RSS: 3154924;  VSize: 4733560; PCPU: 239; PMEM: 2.3
INFO:root:Retrieved following performance figures:
INFO:root:RSS: 2859856;  VSize: 4777852; PCPU: 244; PMEM: 2.1
INFO:root:Steps.Executors.CMSSW.post called
INFO:root:About to send UDP package to dashboard: {'1_ExeEnd': 'cmsRun1', '1_ExeCPUTime': '3764.76', '1_ExeExitCode': 0, 'jobId': '96ef48d2-d190-11e6-b8a4-001e67abefa8-1097_0', 'MessageTS': '2017-01-03 13:32:34', 'MessageType': 'jobRuntim
e-stepEnd', 'taskId': 'wmagent_pdmvserv_SUS-RunIISummer16DR80Premix-00129_00110_v0__161116_133916_8255', '1_NCores': 4, '1_ExeWCTime': 1580.1897439956665}
INFO:root:Using address cms-jobmon.cern.ch:8884
INFO:root:About to send UDP package to dashboard: {'2_ExeStart': 'cmsRun2', '2_stepName': 'cmsRun2', 'MessageType': 'jobRuntime-stepStart', 'jobId': '96ef48d2-d190-11e6-b8a4-001e67abefa8-1097_0', 'MessageTS': '2017-01-03 13:32:34', 'taskI
d': 'wmagent_pdmvserv_SUS-RunIISummer16DR80Premix-00129_00110_v0__161116_133916_8255'}
INFO:root:Using address cms-jobmon.cern.ch:8884
INFO:root:Pre-executing CMSSW step
INFO:root:User files are 
INFO:root:User sandboxes are 
INFO:root:CMSSW configured for 4 cores
INFO:root:Executing CMSSW step
INFO:root:Runing SCRAM
INFO:root:Running PRE scripts
INFO:root:RUNNING SCRAM SCRIPTS
INFO:root:    Invoking command: /cvmfs/cms.cern.ch/slc6_amd64_gcc530/cms/cmssw/CMSSW_8_0_21/external/slc6_amd64_gcc530/bin/python2.7 -m WMCore.WMRuntime.ScriptInvoke WMTaskSpace.cmsRun2 SetupCMSSWPset 

INFO:root:Executing CMSSW. args: ['/bin/bash', '/data1/condor_local/execute/dir_2033147/glide_3UXLiu/execute/dir_2243224/job/WMTaskSpace/cmsRun2/cmsRun2-main.sh', '', 'slc6_amd64_gcc530', 'scramv1', 'CMSSW', 'CMSSW_8_0_21', 'FrameworkJobR
eport.xml', 'cmsRun', 'PSet.py', '', '', '']
INFO:root:Retrieved following performance figures:
INFO:root:RSS: 2033544;  VSize: 3225968; PCPU: 259; PMEM: 1.5
INFO:root:Retrieved following performance figures:
INFO:root:RSS: 1852184;  VSize: 3348848; PCPU: 313; PMEM: 1.4
INFO:root:Retrieved following performance figures:
INFO:root:RSS: 1780032;  VSize: 3430768; PCPU: 326; PMEM: 1.3
INFO:root:Retrieved following performance figures:
INFO:root:RSS: 1774852;  VSize: 3512688; PCPU: 324; PMEM: 1.3
INFO:root:Steps.Executors.CMSSW.post called
INFO:root:About to send UDP package to dashboard: {'2_ExeExitCode': 0, 'MessageType': 'jobRuntime-stepEnd', 'jobId': '96ef48d2-d190-11e6-b8a4-001e67abefa8-1097_0', '2_ExeEnd': 'cmsRun2', 'MessageTS': '2017-01-03 13:53:20', 'taskId': 'wmag
ent_pdmvserv_SUS-RunIISummer16DR80Premix-00129_00110_v0__161116_133916_8255', '2_ExeCPUTime': '3881.47', '2_ExeWCTime': 1245.5423998832703, '2_NCores': 4}
INFO:root:Using address cms-jobmon.cern.ch:8884
INFO:root:About to send UDP package to dashboard: {'MessageType': 'jobRuntime-stepStart', 'jobId': '96ef48d2-d190-11e6-b8a4-001e67abefa8-1097_0', 'MessageTS': '2017-01-03 13:53:20', 'taskId': 'wmagent_pdmvserv_SUS-RunIISummer16DR80Premix-
00129_00110_v0__161116_133916_8255', '3_ExeStart': 'stageOut1', '3_stepName': 'stageOut1'}
INFO:root:Using address cms-jobmon.cern.ch:8884
INFO:root:StageOut override is: stageOut1.objectType = 'WMStep'
stageOut1.section_('output')
stageOut1.output.maxMergeEvents = 200000
stageOut1.output.minMergeSize = 2147483648
stageOut1.retryDelay = 300
stageOut1.owner_vogroup = 'DEFAULT'
stageOut1.section_('environment')
stageOut1.environment.section_('paths')
stageOut1.environment.section_('variables')
stageOut1.section_('application')
stageOut1.application.section_('configuration')
stageOut1.application.section_('controls')
stageOut1.section_('build')
stageOut1.build.section_('directories')
stageOut1.build.directories.section_('stageOut1')
stageOut1.section_('override')
stageOut1.asyncDest = None
stageOut1.section_('files')
stageOut1.section_('input')
stageOut1.input.section_('links')
stageOut1.section_('execution')
stageOut1.execution.exitStatus = 0
stageOut1.execution.reportLocation = '/data1/condor_local/execute/dir_2033147/glide_3UXLiu/execute/dir_2243224/job/WMTaskSpace/stageOut1/Report.pkl'
stageOut1.filecount = 0
stageOut1.newStageout = False
stageOut1.owner_vorole = 'DEFAULT'
stageOut1.section_('builder')
stageOut1.builder.workingDir = '/data1/condor_local/execute/dir_2033147/glide_3UXLiu/execute/dir_2243224/job/WMTaskSpace/stageOut1'
stageOut1.section_('tree')
stageOut1.tree.childNames = []
stageOut1.tree.section_('children')
stageOut1.tree.parent = 'cmsRun1'
stageOut1.userDN = None
stageOut1.stepType = 'StageOut'
stageOut1.section_('sandbox')
stageOut1.section_('emulator')
stageOut1.retryCount = 3
 
INFO:root:Beginning report processing for step logArch1
ERROR:root:Cannot find report for step logArch1 in space /data1/condor_local/execute/dir_2033147/glide_3UXLiu/execute/dir_2243224/job/WMTaskSpace/logArch1
INFO:root:Beginning report processing for step cmsRun2
/bin/sh: line 9: lcg-del: command not found
/bin/sh: line 9: lcg-del: command not found
/bin/sh: line 9: lcg-del: command not found
/bin/sh: line 9: lcg-del: command not found
/bin/sh: line 9: lcg-del: command not found
/bin/sh: line 9: lcg-del: command not found
ERROR:root:Exception occured when executing step
ERROR:root:Exception is StageOutFailure
Message: Failure for fallback stage out:
StageOutError
Message: 2017-01-03T06:13:22 : Command exited non-zero
	 ErrorCode : 60311
	 ModuleName : WMCore.Storage.StageOutError
	 MethodName : __init__
	 ErrorType : GeneralStageOutFailure
	 ClassInstance : None
	 FileName : /data1/condor_local/execute/dir_2033147/glide_3UXLiu/execute/dir_2243224/job/WMCore.zip/WMCore/Storage/StageOutError.py
	 ClassName : None
	 Command : #!/bin/sh
date "+%Y-%m-%dT%H:%M:%S"; lcg-cp -b -D srmv2 --vo cms --srm-timeout 2400 --sendreceive-timeout 2400 --connect-timeout 300 --verbose file:/data1/condor_local/execute/dir_2033147/glide_3UXLiu/execute/dir_2243224/job/WMTaskSpace/cmsRun2/AOD
SIMoutput.root  srm://cit-se.ultralight.org:8443/srm/v2/server?SFN=/mnt/hadoop/store/unmerged/RunIISummer16DR80Premix/GJets_HT-200To400_TuneCUETP8M1_13TeV-madgraphMLM-pythia8/AODSIM/PUMoriond17_80X_mcRun2_asymptotic_2016_TrancheIV_v6-v1/7
0005/E0AC8038-B9D1-E611-ADA7-A4BF0101F533.root 2> stageout.log
            EXIT_STATUS=$?
            cat stageout.log
            echo -e "
lcg-cp exit status: $EXIT_STATUS"
            if [[ $EXIT_STATUS != 0 ]]; then
                echo "Non-zero lcg-cp Exit status!!!"
                echo "Cleaning up failed file:"
                date "+%Y-%m-%dT%H:%M:%S";  lcg-del -b -l -D srmv2 --srm-timeout 600 --sendreceive-timeout 600 --connect-timeout 300 --vo cms srm://cit-se.ultralight.org:8443/srm/v2/server?SFN=/mnt/hadoop/store/unmerged/RunIISummer16DR80P
remix/GJets_HT-200To400_TuneCUETP8M1_13TeV-madgraphMLM-pythia8/AODSIM/PUMoriond17_80X_mcRun2_asymptotic_2016_TrancheIV_v6-v1/70005/E0AC8038-B9D1-E611-ADA7-A4BF0101F533.root
                exit 60311
            fi

            FILE_SIZE=`stat -c %s /data1/condor_local/execute/dir_2033147/glide_3UXLiu/execute/dir_2243224/job/WMTaskSpace/cmsRun2/AODSIMoutput.root`
echo "Local File Size is:  $FILE_SIZE"

            LCG_OUTPUT=`lcg-ls -l -b -D srmv2 --srm-timeout 600 --sendreceive-timeout 600 --connect-timeout 300 srm://cit-se.ultralight.org:8443/srm/v2/server?SFN=/mnt/hadoop/store/unmerged/RunIISummer16DR80Premix/GJets_HT-200To400_TuneCU
ETP8M1_13TeV-madgraphMLM-pythia8/AODSIM/PUMoriond17_80X_mcRun2_asymptotic_2016_TrancheIV_v6-v1/70005/E0AC8038-B9D1-E611-ADA7-A4BF0101F533.root 2>/dev/null`
            SRM_SIZE=`echo "$LCG_OUTPUT" | awk 'NR==1{print $5}'`
            SRM_CHECKSUM=`echo "$LCG_OUTPUT" | sed -nr 's/^.*\s([a-f0-9]{8})\s*\([aA][dD][lL][eE][rR]32\)\s*$/\1/p'`
            echo "Remote File Size is: $SRM_SIZE"
            echo "Remote Checksum is:  $SRM_CHECKSUM"
            if [[ $SRM_SIZE == $FILE_SIZE ]]; then
                
                if [[ "X$SRM_CHECKSUM" != "X" ]]; then
                    if [[ "$SRM_CHECKSUM" == "00836592" ]]; then
                        exit 0
                    else
                        echo "ERROR: Checksum Mismatch between local and SE"
                        echo "Cleaning up failed file"
                        date "+%Y-%m-%dT%H:%M:%S";  lcg-del -b -l -D srmv2 --srm-timeout 600 --sendreceive-timeout 600 --connect-timeout 300 --vo cms srm://cit-se.ultralight.org:8443/srm/v2/server?SFN=/mnt/hadoop/store/unmerged/RunIISumme
r16DR80Premix/GJets_HT-200To400_TuneCUETP8M1_13TeV-madgraphMLM-pythia8/AODSIM/PUMoriond17_80X_mcRun2_asymptotic_2016_TrancheIV_v6-v1/70005/E0AC8038-B9D1-E611-ADA7-A4BF0101F533.root
                        exit 60311
                    fi
                else
                    exit 0
                fi
                
            else
                echo $LCG_OUTPUT
                echo "ERROR: Size Mismatch between local and SE. Cleaning up failed file..."
                date "+%Y-%m-%dT%H:%M:%S";  lcg-del -b -l -D srmv2 --srm-timeout 600 --sendreceive-timeout 600 --connect-timeout 300 --vo cms srm://cit-se.ultralight.org:8443/srm/v2/server?SFN=/mnt/hadoop/store/unmerged/RunIISummer16DR80P
remix/GJets_HT-200To400_TuneCUETP8M1_13TeV-madgraphMLM-pythia8/AODSIM/PUMoriond17_80X_mcRun2_asymptotic_2016_TrancheIV_v6-v1/70005/E0AC8038-B9D1-E611-ADA7-A4BF0101F533.root
                exit 60311
            fi
            
	    LineNumber : 32
	    ErrorNr : 0
	    ExitCode : 23

Traceback: 
  File "/data1/condor_local/execute/dir_2033147/glide_3UXLiu/execute/dir_2243224/job/WMCore.zip/WMCore/Storage/StageOutImpl.py", line 213, in __call__
    self.executeCommand(command)

  File "/data1/condor_local/execute/dir_2033147/glide_3UXLiu/execute/dir_2243224/job/WMCore.zip/WMCore/Storage/StageOutImpl.py", line 91, in executeCommand
    raise StageOutError(msg, Command=command, ExitCode=exitCode)


    TargetPFN : srm://cit-se.ultralight.org:8443/srm/v2/server?SFN=/mnt/hadoop/store/unmerged/RunIISummer16DR80Premix/GJets_HT-200To400_TuneCUETP8M1_13TeV-madgraphMLM-pythia8/AODSIM/PUMoriond17_80X_mcRun2_asymptotic_2016_TrancheIV_v6-
v1/70005/E0AC8038-B9D1-E611-ADA7-A4BF0101F533.root
	ErrorCode : 60311
	ModuleName : WMCore.Storage.StageOutError
	MethodName : __init__
	LFN : /store/unmerged/RunIISummer16DR80Premix/GJets_HT-200To400_TuneCUETP8M1_13TeV-madgraphMLM-pythia8/AODSIM/PUMoriond17_80X_mcRun2_asymptotic_2016_TrancheIV_v6-v1/70005/E0AC8038-B9D1-E611-ADA7-A4BF0101F533.root
	ClassInstance : None
	FileName : /data1/condor_local/execute/dir_2033147/glide_3UXLiu/execute/dir_2243224/job/WMCore.zip/WMCore/Storage/StageOutError.py
	ClassName : None
	Command : srmv2-lcg
	LineNumber : 32
	InputPFN : /data1/condor_local/execute/dir_2033147/glide_3UXLiu/execute/dir_2243224/job/WMTaskSpace/cmsRun2/AODSIMoutput.root
	ErrorNr : 0
	ErrorType : GeneralStageOutFailure

Traceback: 
  File "/data1/condor_local/execute/dir_2033147/glide_3UXLiu/execute/dir_2243224/job/WMCore.zip/WMCore/Storage/StageOutMgr.py", line 266, in fallbackStageOut
    impl(fbParams['command'], localPfn, pfn, fbParams.get("option", None), checksums)

  File "/data1/condor_local/execute/dir_2033147/glide_3UXLiu/execute/dir_2243224/job/WMCore.zip/WMCore/Storage/StageOutImpl.py", line 224, in __call__
    raise ex


ERROR:root:Traceback: 
ERROR:root:Traceback (most recent call last):
  File "/data1/condor_local/execute/dir_2033147/glide_3UXLiu/execute/dir_2243224/job/WMCore.zip/WMCore/WMSpec/Steps/ExecuteMaster.py", line 138, in doExecution
    executionObject.execute()
  File "/data1/condor_local/execute/dir_2033147/glide_3UXLiu/execute/dir_2243224/job/WMCore.zip/WMCore/WMSpec/Steps/Executors/StageOut.py", line 200, in execute
    manager(fileForTransfer)
  File "/data1/condor_local/execute/dir_2033147/glide_3UXLiu/execute/dir_2243224/job/WMCore.zip/WMCore/Storage/StageOutMgr.py", line 235, in __call__
    raise lastException
StageOutFailure: StageOutFailure
Message: Failure for fallback stage out:
StageOutError
Message: 2017-01-03T06:13:22 : Command exited non-zero
	 ErrorCode : 60311
	 ModuleName : WMCore.Storage.StageOutError
	 MethodName : __init__
	 ErrorType : GeneralStageOutFailure
	 ClassInstance : None
	 FileName : /data1/condor_local/execute/dir_2033147/glide_3UXLiu/execute/dir_2243224/job/WMCore.zip/WMCore/Storage/StageOutError.py
	 ClassName : None
	 Command : #!/bin/sh
date "+%Y-%m-%dT%H:%M:%S"; lcg-cp -b -D srmv2 --vo cms --srm-timeout 2400 --sendreceive-timeout 2400 --connect-timeout 300 --verbose file:/data1/condor_local/execute/dir_2033147/glide_3UXLiu/execute/dir_2243224/job/WMTaskSpace/cmsRun2/AOD
SIMoutput.root  srm://cit-se.ultralight.org:8443/srm/v2/server?SFN=/mnt/hadoop/store/unmerged/RunIISummer16DR80Premix/GJets_HT-200To400_TuneCUETP8M1_13TeV-madgraphMLM-pythia8/AODSIM/PUMoriond17_80X_mcRun2_asymptotic_2016_TrancheIV_v6-v1/7
0005/E0AC8038-B9D1-E611-ADA7-A4BF0101F533.root 2> stageout.log
            EXIT_STATUS=$?
            cat stageout.log
            echo -e "
lcg-cp exit status: $EXIT_STATUS"
            if [[ $EXIT_STATUS != 0 ]]; then
                echo "Non-zero lcg-cp Exit status!!!"
                echo "Cleaning up failed file:"
                date "+%Y-%m-%dT%H:%M:%S";  lcg-del -b -l -D srmv2 --srm-timeout 600 --sendreceive-timeout 600 --connect-timeout 300 --vo cms srm://cit-se.ultralight.org:8443/srm/v2/server?SFN=/mnt/hadoop/store/unmerged/RunIISummer16DR80P
remix/GJets_HT-200To400_TuneCUETP8M1_13TeV-madgraphMLM-pythia8/AODSIM/PUMoriond17_80X_mcRun2_asymptotic_2016_TrancheIV_v6-v1/70005/E0AC8038-B9D1-E611-ADA7-A4BF0101F533.root
                exit 60311
            fi

            FILE_SIZE=`stat -c %s /data1/condor_local/execute/dir_2033147/glide_3UXLiu/execute/dir_2243224/job/WMTaskSpace/cmsRun2/AODSIMoutput.root`
echo "Local File Size is:  $FILE_SIZE"

            LCG_OUTPUT=`lcg-ls -l -b -D srmv2 --srm-timeout 600 --sendreceive-timeout 600 --connect-timeout 300 srm://cit-se.ultralight.org:8443/srm/v2/server?SFN=/mnt/hadoop/store/unmerged/RunIISummer16DR80Premix/GJets_HT-200To400_TuneCU
ETP8M1_13TeV-madgraphMLM-pythia8/AODSIM/PUMoriond17_80X_mcRun2_asymptotic_2016_TrancheIV_v6-v1/70005/E0AC8038-B9D1-E611-ADA7-A4BF0101F533.root 2>/dev/null`
            SRM_SIZE=`echo "$LCG_OUTPUT" | awk 'NR==1{print $5}'`
            SRM_CHECKSUM=`echo "$LCG_OUTPUT" | sed -nr 's/^.*\s([a-f0-9]{8})\s*\([aA][dD][lL][eE][rR]32\)\s*$/\1/p'`
            echo "Remote File Size is: $SRM_SIZE"
            echo "Remote Checksum is:  $SRM_CHECKSUM"
            if [[ $SRM_SIZE == $FILE_SIZE ]]; then
                
                if [[ "X$SRM_CHECKSUM" != "X" ]]; then
                    if [[ "$SRM_CHECKSUM" == "00836592" ]]; then
                        exit 0
                    else
                        echo "ERROR: Checksum Mismatch between local and SE"
                        echo "Cleaning up failed file"
                        date "+%Y-%m-%dT%H:%M:%S";  lcg-del -b -l -D srmv2 --srm-timeout 600 --sendreceive-timeout 600 --connect-timeout 300 --vo cms srm://cit-se.ultralight.org:8443/srm/v2/server?SFN=/mnt/hadoop/store/unmerged/RunIISumme
r16DR80Premix/GJets_HT-200To400_TuneCUETP8M1_13TeV-madgraphMLM-pythia8/AODSIM/PUMoriond17_80X_mcRun2_asymptotic_2016_TrancheIV_v6-v1/70005/E0AC8038-B9D1-E611-ADA7-A4BF0101F533.root
                        exit 60311
                    fi
                else
                    exit 0
                fi
                
            else
                echo $LCG_OUTPUT
                echo "ERROR: Size Mismatch between local and SE. Cleaning up failed file..."
                date "+%Y-%m-%dT%H:%M:%S";  lcg-del -b -l -D srmv2 --srm-timeout 600 --sendreceive-timeout 600 --connect-timeout 300 --vo cms srm://cit-se.ultralight.org:8443/srm/v2/server?SFN=/mnt/hadoop/store/unmerged/RunIISummer16DR80P
remix/GJets_HT-200To400_TuneCUETP8M1_13TeV-madgraphMLM-pythia8/AODSIM/PUMoriond17_80X_mcRun2_asymptotic_2016_TrancheIV_v6-v1/70005/E0AC8038-B9D1-E611-ADA7-A4BF0101F533.root
                exit 60311
            fi
            
	    LineNumber : 32
	    ErrorNr : 0
	    ExitCode : 23

Traceback: 
  File "/data1/condor_local/execute/dir_2033147/glide_3UXLiu/execute/dir_2243224/job/WMCore.zip/WMCore/Storage/StageOutImpl.py", line 213, in __call__
    self.executeCommand(command)

  File "/data1/condor_local/execute/dir_2033147/glide_3UXLiu/execute/dir_2243224/job/WMCore.zip/WMCore/Storage/StageOutImpl.py", line 91, in executeCommand
    raise StageOutError(msg, Command=command, ExitCode=exitCode)


    TargetPFN : srm://cit-se.ultralight.org:8443/srm/v2/server?SFN=/mnt/hadoop/store/unmerged/RunIISummer16DR80Premix/GJets_HT-200To400_TuneCUETP8M1_13TeV-madgraphMLM-pythia8/AODSIM/PUMoriond17_80X_mcRun2_asymptotic_2016_TrancheIV_v6-
v1/70005/E0AC8038-B9D1-E611-ADA7-A4BF0101F533.root
	ErrorCode : 60311
	ModuleName : WMCore.Storage.StageOutError
	MethodName : __init__
	LFN : /store/unmerged/RunIISummer16DR80Premix/GJets_HT-200To400_TuneCUETP8M1_13TeV-madgraphMLM-pythia8/AODSIM/PUMoriond17_80X_mcRun2_asymptotic_2016_TrancheIV_v6-v1/70005/E0AC8038-B9D1-E611-ADA7-A4BF0101F533.root
	ClassInstance : None
	FileName : /data1/condor_local/execute/dir_2033147/glide_3UXLiu/execute/dir_2243224/job/WMCore.zip/WMCore/Storage/StageOutError.py
	ClassName : None
	Command : srmv2-lcg
	LineNumber : 32
	InputPFN : /data1/condor_local/execute/dir_2033147/glide_3UXLiu/execute/dir_2243224/job/WMTaskSpace/cmsRun2/AODSIMoutput.root
	ErrorNr : 0
	ErrorType : GeneralStageOutFailure

Traceback: 
  File "/data1/condor_local/execute/dir_2033147/glide_3UXLiu/execute/dir_2243224/job/WMCore.zip/WMCore/Storage/StageOutMgr.py", line 266, in fallbackStageOut
    impl(fbParams['command'], localPfn, pfn, fbParams.get("option", None), checksums)

  File "/data1/condor_local/execute/dir_2033147/glide_3UXLiu/execute/dir_2243224/job/WMCore.zip/WMCore/Storage/StageOutImpl.py", line 224, in __call__
    raise ex



INFO:root:Beginning report processing for step logArch1
ERROR:root:Cannot find report for step logArch1 in space /data1/condor_local/execute/dir_2033147/glide_3UXLiu/execute/dir_2243224/job/WMTaskSpace/logArch1
INFO:root:Beginning report processing for step cmsRun2
INFO:root:Beginning report processing for step cmsRun1
WARNING:root:Failed to retrieve cpu performance for step stageOut1. Defaulting to 0
INFO:root:About to send UDP package to dashboard: {'3_ExeCPUTime': 0, '3_ExeEnd': 'stageOut1', '3_ExeExitCode': 99109, 'MessageType': 'jobRuntime-stepEnd', 'jobId': '96ef48d2-d190-11e6-b8a4-001e67abefa8-1097_0', '3_ExeWCTime': 1201.763526
916504, 'MessageTS': '2017-01-03 14:13:22', 'taskId': 'wmagent_pdmvserv_SUS-RunIISummer16DR80Premix-00129_00110_v0__161116_133916_8255', '3_NCores': 1}
INFO:root:Using address cms-jobmon.cern.ch:8884
INFO:root:About to send UDP package to dashboard: {'4_stepName': 'logArch1', 'MessageType': 'jobRuntime-stepStart', 'jobId': '96ef48d2-d190-11e6-b8a4-001e67abefa8-1097_0', '4_ExeStart': 'logArch1', 'MessageTS': '2017-01-03 14:13:22', 'tas
kId': 'wmagent_pdmvserv_SUS-RunIISummer16DR80Premix-00129_00110_v0__161116_133916_8255'}
INFO:root:Using address cms-jobmon.cern.ch:8884
INFO:root:Steps.Executors.LogArchive.pre called
INFO:root:Beginning Steps.Executors.LogArchive.Execute
INFO:root:Using the following overrides: {} 
INFO:root:Step is: logArch1.section_('execution')
logArch1.execution.exitStatus = 0
logArch1.execution.reportLocation = '/data1/condor_local/execute/dir_2033147/glide_3UXLiu/execute/dir_2243224/job/WMTaskSpace/logArch1/Report.pkl'
logArch1.logcount = 0
logArch1.section_('logs')
logArch1.section_('builder')
logArch1.builder.workingDir = '/data1/condor_local/execute/dir_2033147/glide_3UXLiu/execute/dir_2243224/job/WMTaskSpace/logArch1'
logArch1.section_('tree')
logArch1.tree.childNames = []
logArch1.tree.section_('children')
logArch1.tree.parent = 'cmsRun1'
logArch1.retryDelay = 300
logArch1.stepType = 'LogArchive'
logArch1.section_('environment')
logArch1.environment.section_('paths')
logArch1.environment.section_('variables')
logArch1.section_('application')
logArch1.application.section_('configuration')
logArch1.application.section_('controls')
logArch1.section_('sandbox')
logArch1.retryCount = 3
logArch1.section_('emulator')
logArch1.section_('build')
logArch1.build.section_('directories')
logArch1.build.directories.section_('logArch1')
logArch1.section_('input')
logArch1.input.section_('links')
logArch1.section_('override')
logArch1.section_('output')
logArch1.output.section_('modules')
logArch1.output.modules.section_('logArchive')
logArch1.newStageout = False
logArch1.objectType = 'WMStep'

/bin/sh: line 9: lcg-del: command not found
/bin/sh: line 9: lcg-del: command not found
/bin/sh: line 9: lcg-del: command not found
/bin/sh: line 9: lcg-del: command not found
/bin/sh: line 9: lcg-del: command not found
/bin/sh: line 9: lcg-del: command not found
ERROR:root:Exception occured when executing step
ERROR:root:Exception is StageOutFailure
Message: Failure for fallback stage out:
StageOutError
Message: 2017-01-03T06:33:26 : Command exited non-zero
	 ErrorCode : 60311
	 ModuleName : WMCore.Storage.StageOutError
	 MethodName : __init__
	 ErrorType : GeneralStageOutFailure
	 ClassInstance : None
	 FileName : /data1/condor_local/execute/dir_2033147/glide_3UXLiu/execute/dir_2243224/job/WMCore.zip/WMCore/Storage/StageOutError.py
	 ClassName : None
	 Command : #!/bin/sh
date "+%Y-%m-%dT%H:%M:%S"; lcg-cp -b -D srmv2 --vo cms --srm-timeout 2400 --sendreceive-timeout 2400 --connect-timeout 300 --verbose file:/data1/condor_local/execute/dir_2033147/glide_3UXLiu/execute/dir_2243224/job/WMTaskSpace/logArch1/lo
gArchive.tar.gz  srm://cit-se.ultralight.org:8443/srm/v2/server?SFN=/mnt/hadoop/store/unmerged/logs/prod/2017/1/3/pdmvserv_SUS-RunIISummer16DR80Premix-00129_00110_v0__161116_133916_8255/StepOneProc/0005/0/96ef48d2-d190-11e6-b8a4-001e67abe
fa8-1097-0-logArchive.tar.gz 2> stageout.log
            EXIT_STATUS=$?
            cat stageout.log
            echo -e "
lcg-cp exit status: $EXIT_STATUS"
            if [[ $EXIT_STATUS != 0 ]]; then
                echo "Non-zero lcg-cp Exit status!!!"
                echo "Cleaning up failed file:"
                date "+%Y-%m-%dT%H:%M:%S";  lcg-del -b -l -D srmv2 --srm-timeout 600 --sendreceive-timeout 600 --connect-timeout 300 --vo cms srm://cit-se.ultralight.org:8443/srm/v2/server?SFN=/mnt/hadoop/store/unmerged/logs/prod/2017/1/3
/pdmvserv_SUS-RunIISummer16DR80Premix-00129_00110_v0__161116_133916_8255/StepOneProc/0005/0/96ef48d2-d190-11e6-b8a4-001e67abefa8-1097-0-logArchive.tar.gz
                exit 60311
            fi

            FILE_SIZE=`stat -c %s /data1/condor_local/execute/dir_2033147/glide_3UXLiu/execute/dir_2243224/job/WMTaskSpace/logArch1/logArchive.tar.gz`
echo "Local File Size is:  $FILE_SIZE"

            LCG_OUTPUT=`lcg-ls -l -b -D srmv2 --srm-timeout 600 --sendreceive-timeout 600 --connect-timeout 300 srm://cit-se.ultralight.org:8443/srm/v2/server?SFN=/mnt/hadoop/store/unmerged/logs/prod/2017/1/3/pdmvserv_SUS-RunIISummer16DR8
0Premix-00129_00110_v0__161116_133916_8255/StepOneProc/0005/0/96ef48d2-d190-11e6-b8a4-001e67abefa8-1097-0-logArchive.tar.gz 2>/dev/null`
            SRM_SIZE=`echo "$LCG_OUTPUT" | awk 'NR==1{print $5}'`
            SRM_CHECKSUM=`echo "$LCG_OUTPUT" | sed -nr 's/^.*\s([a-f0-9]{8})\s*\([aA][dD][lL][eE][rR]32\)\s*$/\1/p'`
            echo "Remote File Size is: $SRM_SIZE"
            echo "Remote Checksum is:  $SRM_CHECKSUM"
            if [[ $SRM_SIZE == $FILE_SIZE ]]; then
                exit 0
            else
                echo $LCG_OUTPUT
                echo "ERROR: Size Mismatch between local and SE. Cleaning up failed file..."
                date "+%Y-%m-%dT%H:%M:%S";  lcg-del -b -l -D srmv2 --srm-timeout 600 --sendreceive-timeout 600 --connect-timeout 300 --vo cms srm://cit-se.ultralight.org:8443/srm/v2/server?SFN=/mnt/hadoop/store/unmerged/logs/prod/2017/1/3
/pdmvserv_SUS-RunIISummer16DR80Premix-00129_00110_v0__161116_133916_8255/StepOneProc/0005/0/96ef48d2-d190-11e6-b8a4-001e67abefa8-1097-0-logArchive.tar.gz
                exit 60311
            fi
            
	    LineNumber : 32
	    ErrorNr : 0
	    ExitCode : 23

Traceback: 
  File "/data1/condor_local/execute/dir_2033147/glide_3UXLiu/execute/dir_2243224/job/WMCore.zip/WMCore/Storage/StageOutImpl.py", line 213, in __call__
    self.executeCommand(command)

  File "/data1/condor_local/execute/dir_2033147/glide_3UXLiu/execute/dir_2243224/job/WMCore.zip/WMCore/Storage/StageOutImpl.py", line 91, in executeCommand
    raise StageOutError(msg, Command=command, ExitCode=exitCode)


    TargetPFN : srm://cit-se.ultralight.org:8443/srm/v2/server?SFN=/mnt/hadoop/store/unmerged/logs/prod/2017/1/3/pdmvserv_SUS-RunIISummer16DR80Premix-00129_00110_v0__161116_133916_8255/StepOneProc/0005/0/96ef48d2-d190-11e6-b8a4-001e67
abefa8-1097-0-logArchive.tar.gz
	ErrorCode : 60311
	ModuleName : WMCore.Storage.StageOutError
	MethodName : __init__
	LFN : /store/unmerged/logs/prod/2017/1/3/pdmvserv_SUS-RunIISummer16DR80Premix-00129_00110_v0__161116_133916_8255/StepOneProc/0005/0/96ef48d2-d190-11e6-b8a4-001e67abefa8-1097-0-logArchive.tar.gz
	ClassInstance : None
	FileName : /data1/condor_local/execute/dir_2033147/glide_3UXLiu/execute/dir_2243224/job/WMCore.zip/WMCore/Storage/StageOutError.py
	ClassName : None
	Command : srmv2-lcg
	LineNumber : 32
	InputPFN : /data1/condor_local/execute/dir_2033147/glide_3UXLiu/execute/dir_2243224/job/WMTaskSpace/logArch1/logArchive.tar.gz
	ErrorNr : 0
	ErrorType : GeneralStageOutFailure

Traceback: 
  File "/data1/condor_local/execute/dir_2033147/glide_3UXLiu/execute/dir_2243224/job/WMCore.zip/WMCore/Storage/StageOutMgr.py", line 266, in fallbackStageOut
    impl(fbParams['command'], localPfn, pfn, fbParams.get("option", None), checksums)

  File "/data1/condor_local/execute/dir_2033147/glide_3UXLiu/execute/dir_2243224/job/WMCore.zip/WMCore/Storage/StageOutImpl.py", line 224, in __call__
    raise ex


ERROR:root:Traceback: 
ERROR:root:Traceback (most recent call last):
  File "/data1/condor_local/execute/dir_2033147/glide_3UXLiu/execute/dir_2243224/job/WMCore.zip/WMCore/WMSpec/Steps/ExecuteMaster.py", line 138, in doExecution
    executionObject.execute()
  File "/data1/condor_local/execute/dir_2033147/glide_3UXLiu/execute/dir_2243224/job/WMCore.zip/WMCore/WMSpec/Steps/Executors/LogArchive.py", line 152, in execute
    raise ex
StageOutFailure: StageOutFailure
Message: Failure for fallback stage out:
StageOutError
Message: 2017-01-03T06:33:26 : Command exited non-zero
	 ErrorCode : 60311
	 ModuleName : WMCore.Storage.StageOutError
	 MethodName : __init__
	 ErrorType : GeneralStageOutFailure
	 ClassInstance : None
	 FileName : /data1/condor_local/execute/dir_2033147/glide_3UXLiu/execute/dir_2243224/job/WMCore.zip/WMCore/Storage/StageOutError.py
	 ClassName : None
	 Command : #!/bin/sh
date "+%Y-%m-%dT%H:%M:%S"; lcg-cp -b -D srmv2 --vo cms --srm-timeout 2400 --sendreceive-timeout 2400 --connect-timeout 300 --verbose file:/data1/condor_local/execute/dir_2033147/glide_3UXLiu/execute/dir_2243224/job/WMTaskSpace/logArch1/lo
gArchive.tar.gz  srm://cit-se.ultralight.org:8443/srm/v2/server?SFN=/mnt/hadoop/store/unmerged/logs/prod/2017/1/3/pdmvserv_SUS-RunIISummer16DR80Premix-00129_00110_v0__161116_133916_8255/StepOneProc/0005/0/96ef48d2-d190-11e6-b8a4-001e67abe
fa8-1097-0-logArchive.tar.gz 2> stageout.log
            EXIT_STATUS=$?
            cat stageout.log
            echo -e "
lcg-cp exit status: $EXIT_STATUS"
            if [[ $EXIT_STATUS != 0 ]]; then
                echo "Non-zero lcg-cp Exit status!!!"
                echo "Cleaning up failed file:"
                date "+%Y-%m-%dT%H:%M:%S";  lcg-del -b -l -D srmv2 --srm-timeout 600 --sendreceive-timeout 600 --connect-timeout 300 --vo cms srm://cit-se.ultralight.org:8443/srm/v2/server?SFN=/mnt/hadoop/store/unmerged/logs/prod/2017/1/3
/pdmvserv_SUS-RunIISummer16DR80Premix-00129_00110_v0__161116_133916_8255/StepOneProc/0005/0/96ef48d2-d190-11e6-b8a4-001e67abefa8-1097-0-logArchive.tar.gz
                exit 60311
            fi

            FILE_SIZE=`stat -c %s /data1/condor_local/execute/dir_2033147/glide_3UXLiu/execute/dir_2243224/job/WMTaskSpace/logArch1/logArchive.tar.gz`
echo "Local File Size is:  $FILE_SIZE"

            LCG_OUTPUT=`lcg-ls -l -b -D srmv2 --srm-timeout 600 --sendreceive-timeout 600 --connect-timeout 300 srm://cit-se.ultralight.org:8443/srm/v2/server?SFN=/mnt/hadoop/store/unmerged/logs/prod/2017/1/3/pdmvserv_SUS-RunIISummer16DR8
0Premix-00129_00110_v0__161116_133916_8255/StepOneProc/0005/0/96ef48d2-d190-11e6-b8a4-001e67abefa8-1097-0-logArchive.tar.gz 2>/dev/null`
            SRM_SIZE=`echo "$LCG_OUTPUT" | awk 'NR==1{print $5}'`
            SRM_CHECKSUM=`echo "$LCG_OUTPUT" | sed -nr 's/^.*\s([a-f0-9]{8})\s*\([aA][dD][lL][eE][rR]32\)\s*$/\1/p'`
            echo "Remote File Size is: $SRM_SIZE"
            echo "Remote Checksum is:  $SRM_CHECKSUM"
            if [[ $SRM_SIZE == $FILE_SIZE ]]; then
                exit 0
            else
                echo $LCG_OUTPUT
                echo "ERROR: Size Mismatch between local and SE. Cleaning up failed file..."
                date "+%Y-%m-%dT%H:%M:%S";  lcg-del -b -l -D srmv2 --srm-timeout 600 --sendreceive-timeout 600 --connect-timeout 300 --vo cms srm://cit-se.ultralight.org:8443/srm/v2/server?SFN=/mnt/hadoop/store/unmerged/logs/prod/2017/1/3
/pdmvserv_SUS-RunIISummer16DR80Premix-00129_00110_v0__161116_133916_8255/StepOneProc/0005/0/96ef48d2-d190-11e6-b8a4-001e67abefa8-1097-0-logArchive.tar.gz
                exit 60311
            fi
            
	    LineNumber : 32
	    ErrorNr : 0
	    ExitCode : 23

Traceback: 
  File "/data1/condor_local/execute/dir_2033147/glide_3UXLiu/execute/dir_2243224/job/WMCore.zip/WMCore/Storage/StageOutImpl.py", line 213, in __call__
    self.executeCommand(command)

  File "/data1/condor_local/execute/dir_2033147/glide_3UXLiu/execute/dir_2243224/job/WMCore.zip/WMCore/Storage/StageOutImpl.py", line 91, in executeCommand
    raise StageOutError(msg, Command=command, ExitCode=exitCode)


    TargetPFN : srm://cit-se.ultralight.org:8443/srm/v2/server?SFN=/mnt/hadoop/store/unmerged/logs/prod/2017/1/3/pdmvserv_SUS-RunIISummer16DR80Premix-00129_00110_v0__161116_133916_8255/StepOneProc/0005/0/96ef48d2-d190-11e6-b8a4-001e67
abefa8-1097-0-logArchive.tar.gz
	ErrorCode : 60311
	ModuleName : WMCore.Storage.StageOutError
	MethodName : __init__
	LFN : /store/unmerged/logs/prod/2017/1/3/pdmvserv_SUS-RunIISummer16DR80Premix-00129_00110_v0__161116_133916_8255/StepOneProc/0005/0/96ef48d2-d190-11e6-b8a4-001e67abefa8-1097-0-logArchive.tar.gz
	ClassInstance : None
	FileName : /data1/condor_local/execute/dir_2033147/glide_3UXLiu/execute/dir_2243224/job/WMCore.zip/WMCore/Storage/StageOutError.py
	ClassName : None
	Command : srmv2-lcg
	LineNumber : 32
	InputPFN : /data1/condor_local/execute/dir_2033147/glide_3UXLiu/execute/dir_2243224/job/WMTaskSpace/logArch1/logArchive.tar.gz
	ErrorNr : 0
	ErrorType : GeneralStageOutFailure

Traceback: 
  File "/data1/condor_local/execute/dir_2033147/glide_3UXLiu/execute/dir_2243224/job/WMCore.zip/WMCore/Storage/StageOutMgr.py", line 266, in fallbackStageOut
    impl(fbParams['command'], localPfn, pfn, fbParams.get("option", None), checksums)

  File "/data1/condor_local/execute/dir_2033147/glide_3UXLiu/execute/dir_2243224/job/WMCore.zip/WMCore/Storage/StageOutImpl.py", line 224, in __call__
    raise ex



ERROR:root:Encountered error while running ExecuteMaster:
FwkJobReportException
Message: Error reading XML job report file, possibly corrupt XML File:
Details: [Errno 21] Is a directory: '/data1/condor_local/execute/dir_2033147/glide_3UXLiu/execute/dir_2243224/job/WMTaskSpace/logArch1/'
	 ModuleName : WMCore.FwkJobReport.Report
	 MethodName : parse
	 ClassInstance : None
	 FileName : /data1/condor_local/execute/dir_2033147/glide_3UXLiu/execute/dir_2243224/job/WMCore.zip/WMCore/FwkJobReport/Report.py
	 ClassName : None
	 LineNumber : 160
	 ErrorNr : 0

Traceback: 
  File "/data1/condor_local/execute/dir_2033147/glide_3UXLiu/execute/dir_2243224/job/WMCore.zip/WMCore/FwkJobReport/Report.py", line 147, in parse
    xmlToJobReport(self, xmlfile)

  File "/data1/condor_local/execute/dir_2033147/glide_3UXLiu/execute/dir_2243224/job/WMCore.zip/WMCore/FwkJobReport/XMLParser.py", line 495, in xmlToJobReport
    node = xmlFileToNode(xmlFile)

  File "/data1/condor_local/execute/dir_2033147/glide_3UXLiu/execute/dir_2243224/job/WMCore.zip/WMCore/Algorithms/ParseXMLFile.py", line 66, in xmlFileToNode
    expat_parse(open(reportFile, 'r'),



INFO:root:MonitorThread: JobEnded
INFO:root:About to send UDP package to dashboard: {'JobExitReason': 'Step stageOut1 failed in the WN', 'ExeEnd': 'stageOut1', 'WrapperCPUTime': 7646.23, 'MessageType': 'jobRuntime-jobEnd', 'jobId': '96ef48d2-d190-11e6-b8a4-001e67abefa8-10
97_0', 'WrapperWCTime': 4027.4956707954407, 'MessageTS': '2017-01-03 14:33:26', 'JobExitCode': 99109, 'taskId': 'wmagent_pdmvserv_SUS-RunIISummer16DR80Premix-00129_00110_v0__161116_133916_8255', 'NCores': 4}
INFO:root:Using address cms-jobmon.cern.ch:8884
INFO:root:MonitorState: Shutdown called
INFO:root:MonitorState: Shutdown called
Exception in thread Thread-1 (most likely raised during interpreter shutdown):
