<c>
    <a n="MyType"><s>SubmitEvent</s></a>
    <a n="SubmitHost"><s>&lt;128.142.209.47:4080?addrs=128.142.209.47-4080&amp;noUDP&amp;sock=9666_29c4_13&gt;</s></a>
    <a n="Proc"><i>7</i></a>
    <a n="Cluster"><i>87405</i></a>
    <a n="EventTime"><s>2017-01-03T09:47:18</s></a>
    <a n="Subproc"><i>0</i></a>
    <a n="EventTypeNumber"><i>0</i></a>
</c>
<c>
    <a n="Proc"><i>7</i></a>
    <a n="TriggerEventTypeName"><s>ULOG_SUBMIT</s></a>
    <a n="EventTime"><s>2017-01-03T09:47:18</s></a>
    <a n="EnteredCurrentStatus"><i>1483433238</i></a>
    <a n="ExtDESIRED_Sites"><s>T2_US_UCSD</s></a>
    <a n="SubmitHost"><s>&lt;128.142.209.47:4080?addrs=128.142.209.47-4080&amp;noUDP&amp;sock=9666_29c4_13&gt;</s></a>
    <a n="QDate"><i>1483433238</i></a>
    <a n="TriggerEventTypeNumber"><i>0</i></a>
    <a n="WMAgent_JobID"><i>6550816</i></a>
    <a n="MyType"><s>JobAdInformationEvent</s></a>
    <a n="Cluster"><i>87405</i></a>
    <a n="JobStatus"><i>1</i></a>
    <a n="Subproc"><i>0</i></a>
    <a n="EventTypeNumber"><i>28</i></a>
    <a n="DESIRED_Sites"><s>T2_US_UCSD</s></a>
</c>
<c>
    <a n="MyType"><s>ExecuteEvent</s></a>
    <a n="Proc"><i>7</i></a>
    <a n="Cluster"><i>87405</i></a>
    <a n="EventTime"><s>2017-01-03T14:06:11</s></a>
    <a n="ExecuteHost"><s>&lt;169.228.132.115:18455?CCBID=188.184.83.197:9658%3faddrs%3d188.184.83.197-9658#669470%20131.225.205.232:9658%3faddrs%3d131.225.205.232-9658#954384&amp;addrs=169.228.132.115-18455&amp;noUDP&gt;</s></a>
    <a n="Subproc"><i>0</i></a>
    <a n="EventTypeNumber"><i>1</i></a>
</c>
<c>
    <a n="Proc"><i>7</i></a>
    <a n="EventTime"><s>2017-01-03T14:06:11</s></a>
    <a n="EnteredCurrentStatus"><i>1483448759</i></a>
    <a n="WMAgent_JobID"><i>6550816</i></a>
    <a n="QDate"><i>1483433238</i></a>
    <a n="TriggerEventTypeName"><s>ULOG_EXECUTE</s></a>
    <a n="DESIRED_Sites"><s>T2_US_UCSD</s></a>
    <a n="ExecuteHost"><s>&lt;169.228.132.115:18455?CCBID=188.184.83.197:9658%3faddrs%3d188.184.83.197-9658#669470%20131.225.205.232:9658%3faddrs%3d131.225.205.232-9658#954384&amp;addrs=169.228.132.115-18455&amp;noUDP&gt;</s></a>
    <a n="JobStartDate"><i>1483448759</i></a>
    <a n="MyType"><s>JobAdInformationEvent</s></a>
    <a n="TriggerEventTypeNumber"><i>1</i></a>
    <a n="Cluster"><i>87405</i></a>
    <a n="JobStatus"><i>2</i></a>
    <a n="Subproc"><i>0</i></a>
    <a n="EventTypeNumber"><i>28</i></a>
    <a n="ExtDESIRED_Sites"><s>T2_US_UCSD</s></a>
</c>
<c>
    <a n="Size"><i>7</i></a>
    <a n="MyType"><s>JobImageSizeEvent</s></a>
    <a n="MemoryUsage"><i>3</i></a>
    <a n="Proc"><i>7</i></a>
    <a n="Cluster"><i>87405</i></a>
    <a n="EventTime"><s>2017-01-03T14:06:19</s></a>
    <a n="Subproc"><i>0</i></a>
    <a n="EventTypeNumber"><i>6</i></a>
    <a n="ResidentSetSize"><i>2648</i></a>
</c>
<c>
    <a n="Proc"><i>7</i></a>
    <a n="Size"><i>7</i></a>
    <a n="EventTime"><s>2017-01-03T14:06:19</s></a>
    <a n="EnteredCurrentStatus"><i>1483448759</i></a>
    <a n="WMAgent_JobID"><i>6550816</i></a>
    <a n="QDate"><i>1483433238</i></a>
    <a n="TriggerEventTypeName"><s>ULOG_IMAGE_SIZE</s></a>
    <a n="MemoryUsage"><i>3</i></a>
    <a n="DESIRED_Sites"><s>T2_US_UCSD</s></a>
    <a n="JobStartDate"><i>1483448759</i></a>
    <a n="ResidentSetSize"><i>2648</i></a>
    <a n="MyType"><s>JobAdInformationEvent</s></a>
    <a n="TriggerEventTypeNumber"><i>6</i></a>
    <a n="Cluster"><i>87405</i></a>
    <a n="JobStatus"><i>2</i></a>
    <a n="Subproc"><i>0</i></a>
    <a n="EventTypeNumber"><i>28</i></a>
    <a n="ExtDESIRED_Sites"><s>T2_US_UCSD</s></a>
</c>
<c>
    <a n="Size"><i>4635960</i></a>
    <a n="MyType"><s>JobImageSizeEvent</s></a>
    <a n="MemoryUsage"><i>2932</i></a>
    <a n="Proc"><i>7</i></a>
    <a n="Cluster"><i>87405</i></a>
    <a n="EventTime"><s>2017-01-03T14:11:19</s></a>
    <a n="Subproc"><i>0</i></a>
    <a n="EventTypeNumber"><i>6</i></a>
    <a n="ResidentSetSize"><i>3001688</i></a>
</c>
<c>
    <a n="Proc"><i>7</i></a>
    <a n="Size"><i>4635960</i></a>
    <a n="EventTime"><s>2017-01-03T14:11:19</s></a>
    <a n="EnteredCurrentStatus"><i>1483448759</i></a>
    <a n="WMAgent_JobID"><i>6550816</i></a>
    <a n="QDate"><i>1483433238</i></a>
    <a n="TriggerEventTypeName"><s>ULOG_IMAGE_SIZE</s></a>
    <a n="MemoryUsage"><i>2932</i></a>
    <a n="DESIRED_Sites"><s>T2_US_UCSD</s></a>
    <a n="JobStartDate"><i>1483448759</i></a>
    <a n="ResidentSetSize"><i>3001688</i></a>
    <a n="MyType"><s>JobAdInformationEvent</s></a>
    <a n="TriggerEventTypeNumber"><i>6</i></a>
    <a n="Cluster"><i>87405</i></a>
    <a n="JobStatus"><i>2</i></a>
    <a n="Subproc"><i>0</i></a>
    <a n="EventTypeNumber"><i>28</i></a>
    <a n="ExtDESIRED_Sites"><s>T2_US_UCSD</s></a>
</c>
<c>
    <a n="Size"><i>4854328</i></a>
    <a n="MyType"><s>JobImageSizeEvent</s></a>
    <a n="MemoryUsage"><i>2932</i></a>
    <a n="Proc"><i>7</i></a>
    <a n="Cluster"><i>87405</i></a>
    <a n="EventTime"><s>2017-01-03T14:16:20</s></a>
    <a n="Subproc"><i>0</i></a>
    <a n="EventTypeNumber"><i>6</i></a>
    <a n="ResidentSetSize"><i>3001688</i></a>
</c>
<c>
    <a n="Proc"><i>7</i></a>
    <a n="Size"><i>4854328</i></a>
    <a n="EventTime"><s>2017-01-03T14:16:20</s></a>
    <a n="EnteredCurrentStatus"><i>1483448759</i></a>
    <a n="WMAgent_JobID"><i>6550816</i></a>
    <a n="QDate"><i>1483433238</i></a>
    <a n="TriggerEventTypeName"><s>ULOG_IMAGE_SIZE</s></a>
    <a n="MemoryUsage"><i>2932</i></a>
    <a n="DESIRED_Sites"><s>T2_US_UCSD</s></a>
    <a n="JobStartDate"><i>1483448759</i></a>
    <a n="ResidentSetSize"><i>3001688</i></a>
    <a n="MyType"><s>JobAdInformationEvent</s></a>
    <a n="TriggerEventTypeNumber"><i>6</i></a>
    <a n="Cluster"><i>87405</i></a>
    <a n="JobStatus"><i>2</i></a>
    <a n="Subproc"><i>0</i></a>
    <a n="EventTypeNumber"><i>28</i></a>
    <a n="ExtDESIRED_Sites"><s>T2_US_UCSD</s></a>
</c>
<c>
    <a n="Size"><i>4883228</i></a>
    <a n="MyType"><s>JobImageSizeEvent</s></a>
    <a n="MemoryUsage"><i>3026</i></a>
    <a n="Proc"><i>7</i></a>
    <a n="Cluster"><i>87405</i></a>
    <a n="EventTime"><s>2017-01-03T14:21:20</s></a>
    <a n="Subproc"><i>0</i></a>
    <a n="EventTypeNumber"><i>6</i></a>
    <a n="ResidentSetSize"><i>3098496</i></a>
</c>
<c>
    <a n="Proc"><i>7</i></a>
    <a n="Size"><i>4883228</i></a>
    <a n="EventTime"><s>2017-01-03T14:21:20</s></a>
    <a n="EnteredCurrentStatus"><i>1483448759</i></a>
    <a n="WMAgent_JobID"><i>6550816</i></a>
    <a n="QDate"><i>1483433238</i></a>
    <a n="TriggerEventTypeName"><s>ULOG_IMAGE_SIZE</s></a>
    <a n="MemoryUsage"><i>3026</i></a>
    <a n="DESIRED_Sites"><s>T2_US_UCSD</s></a>
    <a n="JobStartDate"><i>1483448759</i></a>
    <a n="ResidentSetSize"><i>3098496</i></a>
    <a n="MyType"><s>JobAdInformationEvent</s></a>
    <a n="TriggerEventTypeNumber"><i>6</i></a>
    <a n="Cluster"><i>87405</i></a>
    <a n="JobStatus"><i>2</i></a>
    <a n="Subproc"><i>0</i></a>
    <a n="EventTypeNumber"><i>28</i></a>
    <a n="ExtDESIRED_Sites"><s>T2_US_UCSD</s></a>
</c>
<c>
    <a n="Size"><i>4951664</i></a>
    <a n="MyType"><s>JobImageSizeEvent</s></a>
    <a n="MemoryUsage"><i>3096</i></a>
    <a n="Proc"><i>7</i></a>
    <a n="Cluster"><i>87405</i></a>
    <a n="EventTime"><s>2017-01-03T14:26:20</s></a>
    <a n="Subproc"><i>0</i></a>
    <a n="EventTypeNumber"><i>6</i></a>
    <a n="ResidentSetSize"><i>3170024</i></a>
</c>
<c>
    <a n="Proc"><i>7</i></a>
    <a n="Size"><i>4951664</i></a>
    <a n="EventTime"><s>2017-01-03T14:26:20</s></a>
    <a n="EnteredCurrentStatus"><i>1483448759</i></a>
    <a n="WMAgent_JobID"><i>6550816</i></a>
    <a n="QDate"><i>1483433238</i></a>
    <a n="TriggerEventTypeName"><s>ULOG_IMAGE_SIZE</s></a>
    <a n="MemoryUsage"><i>3096</i></a>
    <a n="DESIRED_Sites"><s>T2_US_UCSD</s></a>
    <a n="JobStartDate"><i>1483448759</i></a>
    <a n="ResidentSetSize"><i>3170024</i></a>
    <a n="MyType"><s>JobAdInformationEvent</s></a>
    <a n="TriggerEventTypeNumber"><i>6</i></a>
    <a n="Cluster"><i>87405</i></a>
    <a n="JobStatus"><i>2</i></a>
    <a n="Subproc"><i>0</i></a>
    <a n="EventTypeNumber"><i>28</i></a>
    <a n="ExtDESIRED_Sites"><s>T2_US_UCSD</s></a>
</c>
<c>
    <a n="Size"><i>4995956</i></a>
    <a n="MyType"><s>JobImageSizeEvent</s></a>
    <a n="MemoryUsage"><i>3096</i></a>
    <a n="Proc"><i>7</i></a>
    <a n="Cluster"><i>87405</i></a>
    <a n="EventTime"><s>2017-01-03T14:31:20</s></a>
    <a n="Subproc"><i>0</i></a>
    <a n="EventTypeNumber"><i>6</i></a>
    <a n="ResidentSetSize"><i>3170024</i></a>
</c>
<c>
    <a n="Proc"><i>7</i></a>
    <a n="Size"><i>4995956</i></a>
    <a n="EventTime"><s>2017-01-03T14:31:20</s></a>
    <a n="EnteredCurrentStatus"><i>1483448759</i></a>
    <a n="WMAgent_JobID"><i>6550816</i></a>
    <a n="QDate"><i>1483433238</i></a>
    <a n="TriggerEventTypeName"><s>ULOG_IMAGE_SIZE</s></a>
    <a n="MemoryUsage"><i>3096</i></a>
    <a n="DESIRED_Sites"><s>T2_US_UCSD</s></a>
    <a n="JobStartDate"><i>1483448759</i></a>
    <a n="ResidentSetSize"><i>3170024</i></a>
    <a n="MyType"><s>JobAdInformationEvent</s></a>
    <a n="TriggerEventTypeNumber"><i>6</i></a>
    <a n="Cluster"><i>87405</i></a>
    <a n="JobStatus"><i>2</i></a>
    <a n="Subproc"><i>0</i></a>
    <a n="EventTypeNumber"><i>28</i></a>
    <a n="ExtDESIRED_Sites"><s>T2_US_UCSD</s></a>
</c>
<c>
    <a n="Size"><i>5039148</i></a>
    <a n="MyType"><s>JobImageSizeEvent</s></a>
    <a n="MemoryUsage"><i>3096</i></a>
    <a n="Proc"><i>7</i></a>
    <a n="Cluster"><i>87405</i></a>
    <a n="EventTime"><s>2017-01-03T14:36:21</s></a>
    <a n="Subproc"><i>0</i></a>
    <a n="EventTypeNumber"><i>6</i></a>
    <a n="ResidentSetSize"><i>3170024</i></a>
</c>
<c>
    <a n="Proc"><i>7</i></a>
    <a n="Size"><i>5039148</i></a>
    <a n="EventTime"><s>2017-01-03T14:36:21</s></a>
    <a n="EnteredCurrentStatus"><i>1483448759</i></a>
    <a n="WMAgent_JobID"><i>6550816</i></a>
    <a n="QDate"><i>1483433238</i></a>
    <a n="TriggerEventTypeName"><s>ULOG_IMAGE_SIZE</s></a>
    <a n="MemoryUsage"><i>3096</i></a>
    <a n="DESIRED_Sites"><s>T2_US_UCSD</s></a>
    <a n="JobStartDate"><i>1483448759</i></a>
    <a n="ResidentSetSize"><i>3170024</i></a>
    <a n="MyType"><s>JobAdInformationEvent</s></a>
    <a n="TriggerEventTypeNumber"><i>6</i></a>
    <a n="Cluster"><i>87405</i></a>
    <a n="JobStatus"><i>2</i></a>
    <a n="Subproc"><i>0</i></a>
    <a n="EventTypeNumber"><i>28</i></a>
    <a n="ExtDESIRED_Sites"><s>T2_US_UCSD</s></a>
</c>
<c>
    <a n="Proc"><i>7</i></a>
    <a n="EventTime"><s>2017-01-03T15:33:52</s></a>
    <a n="TerminatedNormally"><b v="t"/></a>
    <a n="ReceivedBytes"><r>8.062711000000000E+06</r></a>
    <a n="RunLocalUsage"><s>Usr 0 00:00:00, Sys 0 00:00:00</s></a>
    <a n="ReturnValue"><i>0</i></a>
    <a n="TotalReceivedBytes"><r>8.062711000000000E+06</r></a>
    <a n="SentBytes"><r>1.812810000000000E+05</r></a>
    <a n="TotalRemoteUsage"><s>Usr 0 02:04:02, Sys 0 00:05:20</s></a>
    <a n="RunRemoteUsage"><s>Usr 0 02:04:02, Sys 0 00:05:20</s></a>
    <a n="MyType"><s>JobTerminatedEvent</s></a>
    <a n="TotalLocalUsage"><s>Usr 0 00:00:00, Sys 0 00:00:00</s></a>
    <a n="Cluster"><i>87405</i></a>
    <a n="Subproc"><i>0</i></a>
    <a n="EventTypeNumber"><i>5</i></a>
    <a n="TotalSentBytes"><r>1.812810000000000E+05</r></a>
</c>
<c>
    <a n="SentBytes"><r>1.812810000000000E+05</r></a>
    <a n="ReceivedBytes"><r>8.062711000000000E+06</r></a>
    <a n="RunRemoteUsage"><s>Usr 0 02:04:02, Sys 0 00:05:20</s></a>
    <a n="ExtDESIRED_Sites"><s>T2_US_UCSD</s></a>
    <a n="ReturnValue"><i>0</i></a>
    <a n="WMAgent_JobID"><i>6550816</i></a>
    <a n="JobStatus"><i>2</i></a>
    <a n="TriggerEventTypeName"><s>ULOG_JOB_TERMINATED</s></a>
    <a n="Subproc"><i>0</i></a>
    <a n="TotalLocalUsage"><s>Usr 0 00:00:00, Sys 0 00:00:00</s></a>
    <a n="MyType"><s>JobAdInformationEvent</s></a>
    <a n="EventTime"><s>2017-01-03T15:33:52</s></a>
    <a n="Proc"><i>7</i></a>
    <a n="TerminatedNormally"><b v="t"/></a>
    <a n="RunLocalUsage"><s>Usr 0 00:00:00, Sys 0 00:00:00</s></a>
    <a n="EnteredCurrentStatus"><i>1483448759</i></a>
    <a n="JobStartDate"><i>1483448759</i></a>
    <a n="Cluster"><i>87405</i></a>
    <a n="TotalSentBytes"><r>1.812810000000000E+05</r></a>
    <a n="QDate"><i>1483433238</i></a>
    <a n="EventTypeNumber"><i>28</i></a>
    <a n="TriggerEventTypeNumber"><i>5</i></a>
    <a n="TotalReceivedBytes"><r>8.062711000000000E+06</r></a>
    <a n="TotalRemoteUsage"><s>Usr 0 02:04:02, Sys 0 00:05:20</s></a>
    <a n="DESIRED_Sites"><s>T2_US_UCSD</s></a>
</c>
