>>>>> Installing the TeraGrid Client Toolkit 0.4.0.

>>>>> Running command:
>>>>>   tar xzf pacman-3.28.tar.gz

>>>>> Running command:
>>>>>   cp pacman-caches trusted.caches

>>>>> Running command:
>>>>>   cd pacman-3.28 && . ./setup.sh && cd .. && /usr/bin/env python -u pacman-3.28/bin/pacman -v cache -v download -v tar -get http://vdt.cs.wisc.edu/teragrid/releases/0.4.0/cache:TeraGrid-Client
Package [TeraGrid-Client] found in [http://vdt.cs.wisc.edu/teragrid/releases/0.4.0/cache]...
Package [CA-Certificates] found in [http://vdt.cs.wisc.edu/vdt_1101_cache]...
Package [http://vdt.cs.wisc.edu/vdt_1101_cache:VDT-Common] found in [http://vdt.cs.wisc.edu/vdt_1101_cache]...
Package [http://vdt.cs.wisc.edu/vdt_1101_cache:VDT-Core] found in [http://vdt.cs.wisc.edu/vdt_1101_cache]...
Package [http://vdt.cs.wisc.edu/vdt_1101_cache:VDT-Core-Bin] found in [http://vdt.cs.wisc.edu/vdt_1101_cache]...
Package [http://vdt.cs.wisc.edu/vdt_1101_cache:VDT-Environment] found in [http://vdt.cs.wisc.edu/vdt_1101_cache]...
Package [http://vdt.cs.wisc.edu/vdt_1101_cache:VDT-Version] found in [http://vdt.cs.wisc.edu/vdt_1101_cache]...
Package [http://vdt.cs.wisc.edu/vdt_1101_cache:VDT-Version-Info] found in [http://vdt.cs.wisc.edu/vdt_1101_cache]...
Package [http://vdt.cs.wisc.edu/vdt_1101_cache:VDT-System-Profiler] found in [http://vdt.cs.wisc.edu/vdt_1101_cache]...
Package [http://vdt.cs.wisc.edu/vdt_1101_cache:VDT-Questions-Base] found in [http://vdt.cs.wisc.edu/vdt_1101_cache]...
Package [http://vdt.cs.wisc.edu/vdt_1101_cache:OpenSSL-Environment] found in [http://vdt.cs.wisc.edu/vdt_1101_cache]...
Package [http://vdt.cs.wisc.edu/vdt_1101_cache:Remove-RPATHs] found in [http://vdt.cs.wisc.edu/vdt_1101_cache]...
Package [http://vdt.cs.wisc.edu/vdt_1101_cache:CA-Certificates-Questions] found in [http://vdt.cs.wisc.edu/vdt_1101_cache]...
Package [http://vdt.cs.wisc.edu/vdt_1101_cache:Fetch-CRL] found in [http://vdt.cs.wisc.edu/vdt_1101_cache]...
Package [http://vdt.cs.wisc.edu/vdt_1101_cache:Fetch-CRL-Questions] found in [http://vdt.cs.wisc.edu/vdt_1101_cache]...
Package [http://vdt.cs.wisc.edu/vdt_1101_cache:Licenses] found in [http://vdt.cs.wisc.edu/vdt_1101_cache]...
Package [http://vdt.cs.wisc.edu/vdt_1101_cache:Licenses-Questions] found in [http://vdt.cs.wisc.edu/vdt_1101_cache]...
Package [http://vdt.cs.wisc.edu/vdt_1101_cache:Configure-Fetch-CRL] found in [http://vdt.cs.wisc.edu/vdt_1101_cache]...
Package [http://vdt.cs.wisc.edu/vdt_1101_cache:VDT-Service-Management] found in [http://vdt.cs.wisc.edu/vdt_1101_cache]...
Package [http://vdt.cs.wisc.edu/vdt_1101_cache:VDT-Configure-Base] found in [http://vdt.cs.wisc.edu/vdt_1101_cache]...
Package [http://vdt.cs.wisc.edu/vdt_1101_cache:Perl-Modules] found in [http://vdt.cs.wisc.edu/vdt_1101_cache]...
Package [http://vdt.cs.wisc.edu/vdt_1101_cache:Perl-Environment] found in [http://vdt.cs.wisc.edu/vdt_1101_cache]...
Package [http://vdt.cs.wisc.edu/vdt_1101_cache:Expat] found in [http://vdt.cs.wisc.edu/vdt_1101_cache]...
Package [http://vdt.cs.wisc.edu/vdt_1101_cache:Berkeley-DB] found in [http://vdt.cs.wisc.edu/vdt_1101_cache]...
Package [http://vdt.cs.wisc.edu/vdt_1101_cache:Perl] found in [http://vdt.cs.wisc.edu/vdt_1101_cache]...
Package [http://vdt.cs.wisc.edu/vdt_1101_cache:CA-Certificates-Updater] found in [http://vdt.cs.wisc.edu/vdt_1101_cache]...
Package [http://vdt.cs.wisc.edu/vdt_1101_cache:CA-Certificates-Updater-Questions] found in [http://vdt.cs.wisc.edu/vdt_1101_cache]...
Package [http://vdt.cs.wisc.edu/vdt_1101_cache:VDT-Logrotate] found in [http://vdt.cs.wisc.edu/vdt_1101_cache]...
Package [http://vdt.cs.wisc.edu/vdt_1101_cache:VDT-Logrotate-Questions] found in [http://vdt.cs.wisc.edu/vdt_1101_cache]...
Package [http://vdt.cs.wisc.edu/vdt_1101_cache:Logrotate] found in [http://vdt.cs.wisc.edu/vdt_1101_cache]...
Package [http://vdt.cs.wisc.edu/vdt_1101_cache:Logrotate-Questions] found in [http://vdt.cs.wisc.edu/vdt_1101_cache]...
Package [http://vdt.cs.wisc.edu/vdt_1101_cache:Configure-VDT-Logrotate] found in [http://vdt.cs.wisc.edu/vdt_1101_cache]...
Package [http://vdt.cs.wisc.edu/vdt_1101_cache:Wget] found in [http://vdt.cs.wisc.edu/vdt_1101_cache]...
Package [http://vdt.cs.wisc.edu/vdt_1101_cache:Wget-Questions] found in [http://vdt.cs.wisc.edu/vdt_1101_cache]...
Package [VDT-Common] found in [http://vdt.cs.wisc.edu/vdt_1101_cache]...
Package [VDT-Core] found in [http://vdt.cs.wisc.edu/vdt_1101_cache]...
Package [VDT-Core-Bin] found in [http://vdt.cs.wisc.edu/vdt_1101_cache]...
Package [VDT-Environment] found in [http://vdt.cs.wisc.edu/vdt_1101_cache]...
Package [VDT-Version] found in [http://vdt.cs.wisc.edu/vdt_1101_cache]...
Package [VDT-Version-Info] found in [http://vdt.cs.wisc.edu/vdt_1101_cache]...
Package [VDT-System-Profiler] found in [http://vdt.cs.wisc.edu/vdt_1101_cache]...
Package [VDT-Questions-Base] found in [http://vdt.cs.wisc.edu/vdt_1101_cache]...
Package [OpenSSL-Environment] found in [http://vdt.cs.wisc.edu/vdt_1101_cache]...
Package [Remove-RPATHs] found in [http://vdt.cs.wisc.edu/vdt_1101_cache]...
Package [CA-Certificates-Questions] found in [http://vdt.cs.wisc.edu/vdt_1101_cache]...
Package [Fetch-CRL] found in [http://vdt.cs.wisc.edu/vdt_1101_cache]...
Package [Fetch-CRL-Questions] found in [http://vdt.cs.wisc.edu/vdt_1101_cache]...
Package [Licenses] found in [http://vdt.cs.wisc.edu/vdt_1101_cache]...
Package [Licenses-Questions] found in [http://vdt.cs.wisc.edu/vdt_1101_cache]...
Package [Configure-Fetch-CRL] found in [http://vdt.cs.wisc.edu/vdt_1101_cache]...
Package [VDT-Service-Management] found in [http://vdt.cs.wisc.edu/vdt_1101_cache]...
Package [VDT-Configure-Base] found in [http://vdt.cs.wisc.edu/vdt_1101_cache]...
Package [Perl-Modules] found in [http://vdt.cs.wisc.edu/vdt_1101_cache]...
Package [Perl-Environment] found in [http://vdt.cs.wisc.edu/vdt_1101_cache]...
Package [Expat] found in [http://vdt.cs.wisc.edu/vdt_1101_cache]...
Package [Berkeley-DB] found in [http://vdt.cs.wisc.edu/vdt_1101_cache]...
Package [Perl] found in [http://vdt.cs.wisc.edu/vdt_1101_cache]...
Package [CA-Certificates-Updater] found in [http://vdt.cs.wisc.edu/vdt_1101_cache]...
Package [CA-Certificates-Updater-Questions] found in [http://vdt.cs.wisc.edu/vdt_1101_cache]...
Package [VDT-Logrotate] found in [http://vdt.cs.wisc.edu/vdt_1101_cache]...
Package [VDT-Logrotate-Questions] found in [http://vdt.cs.wisc.edu/vdt_1101_cache]...
Package [Logrotate] found in [http://vdt.cs.wisc.edu/vdt_1101_cache]...
Package [Logrotate-Questions] found in [http://vdt.cs.wisc.edu/vdt_1101_cache]...
Package [Configure-VDT-Logrotate] found in [http://vdt.cs.wisc.edu/vdt_1101_cache]...
Package [Wget] found in [http://vdt.cs.wisc.edu/vdt_1101_cache]...
Package [Wget-Questions] found in [http://vdt.cs.wisc.edu/vdt_1101_cache]...
Package [MyProxy] found in [http://vdt.cs.wisc.edu/vdt_1101_cache]...
Package [http://vdt.cs.wisc.edu/vdt_1101_cache:MyProxy-Questions] found in [http://vdt.cs.wisc.edu/vdt_1101_cache]...
Package [http://vdt.cs.wisc.edu/vdt_1101_cache:GPT] found in [http://vdt.cs.wisc.edu/vdt_1101_cache]...
Package [http://vdt.cs.wisc.edu/vdt_1101_cache:Globus-Environment] found in [http://vdt.cs.wisc.edu/vdt_1101_cache]...
Package [http://vdt.cs.wisc.edu/vdt_1101_cache:Globus-User-Environment] found in [http://vdt.cs.wisc.edu/vdt_1101_cache]...
Package [http://vdt.cs.wisc.edu/vdt_1101_cache:Globus-Base-Essentials] found in [http://vdt.cs.wisc.edu/vdt_1101_cache]...
Package [http://vdt.cs.wisc.edu/vdt_1101_cache:Globus-Base-Essentials-Questions] found in [http://vdt.cs.wisc.edu/vdt_1101_cache]...
Package [http://vdt.cs.wisc.edu/vdt_1101_cache:Configure-Cert-Request] found in [http://vdt.cs.wisc.edu/vdt_1101_cache]...
Package [http://vdt.cs.wisc.edu/vdt_1101_cache:Configure-Cert-Request-Questions] found in [http://vdt.cs.wisc.edu/vdt_1101_cache]...
Package [http://vdt.cs.wisc.edu/vdt_1101_cache:CA-Certificates] found in [http://vdt.cs.wisc.edu/vdt_1101_cache]...
Package [MyProxy-Questions] found in [http://vdt.cs.wisc.edu/vdt_1101_cache]...
Package [GPT] found in [http://vdt.cs.wisc.edu/vdt_1101_cache]...
Package [Globus-Environment] found in [http://vdt.cs.wisc.edu/vdt_1101_cache]...
Package [Globus-User-Environment] found in [http://vdt.cs.wisc.edu/vdt_1101_cache]...
Package [Globus-Base-Essentials] found in [http://vdt.cs.wisc.edu/vdt_1101_cache]...
Package [Globus-Base-Essentials-Questions] found in [http://vdt.cs.wisc.edu/vdt_1101_cache]...
Package [Configure-Cert-Request] found in [http://vdt.cs.wisc.edu/vdt_1101_cache]...
Package [Configure-Cert-Request-Questions] found in [http://vdt.cs.wisc.edu/vdt_1101_cache]...
Package [GSIOpenSSH] found in [http://vdt.cs.wisc.edu/vdt_1101_cache]...
Package [http://vdt.cs.wisc.edu/vdt_1101_cache:GSIOpenSSH-Questions] found in [http://vdt.cs.wisc.edu/vdt_1101_cache]...
Package [GSIOpenSSH-Questions] found in [http://vdt.cs.wisc.edu/vdt_1101_cache]...
Package [Globus-Client] found in [http://vdt.cs.wisc.edu/vdt_1101_cache]...
Package [http://vdt.cs.wisc.edu/vdt_1101_cache:Globus-Client-Questions] found in [http://vdt.cs.wisc.edu/vdt_1101_cache]...
Package [http://vdt.cs.wisc.edu/vdt_1101_cache:Globus-Base-RM-Client] found in [http://vdt.cs.wisc.edu/vdt_1101_cache]...
Package [http://vdt.cs.wisc.edu/vdt_1101_cache:Globus-Base-RM-Client-Questions] found in [http://vdt.cs.wisc.edu/vdt_1101_cache]...
Package [http://vdt.cs.wisc.edu/vdt_1101_cache:Globus-Base-RM-Essentials] found in [http://vdt.cs.wisc.edu/vdt_1101_cache]...
Package [http://vdt.cs.wisc.edu/vdt_1101_cache:Globus-Base-RM-Essentials-Questions] found in [http://vdt.cs.wisc.edu/vdt_1101_cache]...
Package [http://vdt.cs.wisc.edu/vdt_1101_cache:Globus-Base-Info-Client] found in [http://vdt.cs.wisc.edu/vdt_1101_cache]...
Package [http://vdt.cs.wisc.edu/vdt_1101_cache:Globus-Base-Info-Client-Questions] found in [http://vdt.cs.wisc.edu/vdt_1101_cache]...
Package [http://vdt.cs.wisc.edu/vdt_1101_cache:Globus-Base-Info-Essentials] found in [http://vdt.cs.wisc.edu/vdt_1101_cache]...
Package [http://vdt.cs.wisc.edu/vdt_1101_cache:Globus-Base-Info-Essentials-Questions] found in [http://vdt.cs.wisc.edu/vdt_1101_cache]...
Package [Globus-Client-Questions] found in [http://vdt.cs.wisc.edu/vdt_1101_cache]...
Package [Globus-Base-RM-Client] found in [http://vdt.cs.wisc.edu/vdt_1101_cache]...
Package [Globus-Base-RM-Client-Questions] found in [http://vdt.cs.wisc.edu/vdt_1101_cache]...
Package [Globus-Base-RM-Essentials] found in [http://vdt.cs.wisc.edu/vdt_1101_cache]...
Package [Globus-Base-RM-Essentials-Questions] found in [http://vdt.cs.wisc.edu/vdt_1101_cache]...
Package [Globus-Base-Info-Client] found in [http://vdt.cs.wisc.edu/vdt_1101_cache]...
Package [Globus-Base-Info-Client-Questions] found in [http://vdt.cs.wisc.edu/vdt_1101_cache]...
Package [Globus-Base-Info-Essentials] found in [http://vdt.cs.wisc.edu/vdt_1101_cache]...
Package [Globus-Base-Info-Essentials-Questions] found in [http://vdt.cs.wisc.edu/vdt_1101_cache]...
Package [Globus-WS-Client] found in [http://vdt.cs.wisc.edu/vdt_1101_cache]...
Package [http://vdt.cs.wisc.edu/vdt_1101_cache:Globus-WS-Client-Questions] found in [http://vdt.cs.wisc.edu/vdt_1101_cache]...
Package [http://vdt.cs.wisc.edu/vdt_1101_cache:Globus-Base-WSGRAM-Client] found in [http://vdt.cs.wisc.edu/vdt_1101_cache]...
Package [http://vdt.cs.wisc.edu/vdt_1101_cache:Globus-Base-WSGRAM-Client-Questions] found in [http://vdt.cs.wisc.edu/vdt_1101_cache]...
Package [http://vdt.cs.wisc.edu/vdt_1101_cache:Globus-Base-WSGRAM-Essentials] found in [http://vdt.cs.wisc.edu/vdt_1101_cache]...
Package [http://vdt.cs.wisc.edu/vdt_1101_cache:Globus-Base-WSGRAM-Essentials-Questions] found in [http://vdt.cs.wisc.edu/vdt_1101_cache]...
Package [http://vdt.cs.wisc.edu/vdt_1101_cache:Globus-Base-WS-Essentials] found in [http://vdt.cs.wisc.edu/vdt_1101_cache]...
Package [http://vdt.cs.wisc.edu/vdt_1101_cache:Globus-Base-WS-Essentials-Questions] found in [http://vdt.cs.wisc.edu/vdt_1101_cache]...
Package [http://vdt.cs.wisc.edu/vdt_1101_cache:JDK-1.5] found in [http://vdt.cs.wisc.edu/vdt_1101_cache]...
Package [http://vdt.cs.wisc.edu/vdt_1101_cache:JDK-1.5-Questions] found in [http://vdt.cs.wisc.edu/vdt_1101_cache]...
Package [http://vdt.cs.wisc.edu/vdt_1101_cache:Ant] found in [http://vdt.cs.wisc.edu/vdt_1101_cache]...
Package [http://vdt.cs.wisc.edu/vdt_1101_cache:Ant-Questions] found in [http://vdt.cs.wisc.edu/vdt_1101_cache]...
Package [http://vdt.cs.wisc.edu/vdt_1101_cache:JDK-1.4] found in [http://vdt.cs.wisc.edu/vdt_1101_cache]...
Package [http://vdt.cs.wisc.edu/vdt_1101_cache:JDK-1.4-Questions] found in [http://vdt.cs.wisc.edu/vdt_1101_cache]...
Package [http://vdt.cs.wisc.edu/vdt_1101_cache:Globus-WS-Options] found in [http://vdt.cs.wisc.edu/vdt_1101_cache]...
Package [http://vdt.cs.wisc.edu/vdt_1101_cache:Configure-Globus-WS] found in [http://vdt.cs.wisc.edu/vdt_1101_cache]...
Package [http://vdt.cs.wisc.edu/vdt_1101_cache:Globus-Base-RFT-Client] found in [http://vdt.cs.wisc.edu/vdt_1101_cache]...
Package [http://vdt.cs.wisc.edu/vdt_1101_cache:Globus-Base-RFT-Client-Questions] found in [http://vdt.cs.wisc.edu/vdt_1101_cache]...
Package [http://vdt.cs.wisc.edu/vdt_1101_cache:Globus-Base-RFT-Essentials] found in [http://vdt.cs.wisc.edu/vdt_1101_cache]...
Package [http://vdt.cs.wisc.edu/vdt_1101_cache:Globus-Base-RFT-Essentials-Questions] found in [http://vdt.cs.wisc.edu/vdt_1101_cache]...
Package [Globus-WS-Client-Questions] found in [http://vdt.cs.wisc.edu/vdt_1101_cache]...
Package [Globus-Base-WSGRAM-Client] found in [http://vdt.cs.wisc.edu/vdt_1101_cache]...
Package [Globus-Base-WSGRAM-Client-Questions] found in [http://vdt.cs.wisc.edu/vdt_1101_cache]...
Package [Globus-Base-WSGRAM-Essentials] found in [http://vdt.cs.wisc.edu/vdt_1101_cache]...
Package [Globus-Base-WSGRAM-Essentials-Questions] found in [http://vdt.cs.wisc.edu/vdt_1101_cache]...
Package [Globus-Base-WS-Essentials] found in [http://vdt.cs.wisc.edu/vdt_1101_cache]...
Package [Globus-Base-WS-Essentials-Questions] found in [http://vdt.cs.wisc.edu/vdt_1101_cache]...
Package [JDK-1.5] found in [http://vdt.cs.wisc.edu/vdt_1101_cache]...
Package [JDK-1.5-Questions] found in [http://vdt.cs.wisc.edu/vdt_1101_cache]...
Package [Ant] found in [http://vdt.cs.wisc.edu/vdt_1101_cache]...
Package [Ant-Questions] found in [http://vdt.cs.wisc.edu/vdt_1101_cache]...
Package [JDK-1.4] found in [http://vdt.cs.wisc.edu/vdt_1101_cache]...
Package [JDK-1.4-Questions] found in [http://vdt.cs.wisc.edu/vdt_1101_cache]...
Package [Globus-WS-Options] found in [http://vdt.cs.wisc.edu/vdt_1101_cache]...
Package [Configure-Globus-WS] found in [http://vdt.cs.wisc.edu/vdt_1101_cache]...
Package [Globus-Base-RFT-Client] found in [http://vdt.cs.wisc.edu/vdt_1101_cache]...
Package [Globus-Base-RFT-Client-Questions] found in [http://vdt.cs.wisc.edu/vdt_1101_cache]...
Package [Globus-Base-RFT-Essentials] found in [http://vdt.cs.wisc.edu/vdt_1101_cache]...
Package [Globus-Base-RFT-Essentials-Questions] found in [http://vdt.cs.wisc.edu/vdt_1101_cache]...
Package [UberFTP] found in [http://vdt.cs.wisc.edu/vdt_1101_cache]...
Package [http://vdt.cs.wisc.edu/vdt_1101_cache:UberFTP-Questions] found in [http://vdt.cs.wisc.edu/vdt_1101_cache]...
Package [UberFTP-Questions] found in [http://vdt.cs.wisc.edu/vdt_1101_cache]...
Package [tginfo] found in [http://vdt.cs.wisc.edu/teragrid/vdt_040_cache]...
Downloading [vdt-common-1-318.tar.gz] from [http://vdt.cs.wisc.edu/software//vdt-common/1]...
Downloading [vdt-core-1.2.1-422.tar.gz] from [http://vdt.cs.wisc.edu/software//vdt-core/1.2.1]...
Downloading [vdt-environment-1-233.tar.gz] from [http://vdt.cs.wisc.edu/software//vdt-environment/1]...
Package [/opt/HPC/src/teragrid-client-0.4.0:http://vdt.cs.wisc.edu/teragrid/releases/0.4.0/cache:TeraGrid-Client] not [installed]:
    Package [/opt/HPC/src/teragrid-client-0.4.0:http://vdt.cs.wisc.edu/vdt_1101_cache:CA-Certificates] not [installed]:
        Package [/opt/HPC/src/teragrid-client-0.4.0:http://vdt.cs.wisc.edu/vdt_1101_cache:VDT-Common] not [installed]:
            Package [/opt/HPC/src/teragrid-client-0.4.0:http://vdt.cs.wisc.edu/vdt_1101_cache:VDT-Core] not [installed]:
                Package [/opt/HPC/src/teragrid-client-0.4.0:http://vdt.cs.wisc.edu/vdt_1101_cache:VDT-Core-Bin] not [installed]:
                    None of the following alternatives succeeded:
                            Your os is [MacOS-10.7] but it must satisfy [linux-rhel-4].
                            Your os is [MacOS-10.7] but it must satisfy [darwin].
                            Your os is [MacOS-10.7] but it must satisfy [linux-debian-4].
                            Your os is [MacOS-10.7] but it must satisfy [linux-suse-9].
                            Your os is [MacOS-10.7] but it must satisfy [linux-rhel-3].
                            Your os is [MacOS-10.7] but it must satisfy [linux-sl-fermi-3.0].
                            Your os is [MacOS-10.7] but it must satisfy [linux-rocks-3.3].
                            Your os is [MacOS-10.7] but it must satisfy [linux-rhel-5].
                            Your os is [MacOS-10.7] but it must satisfy [linux-debian-3.1].
                            Your os is [MacOS-10.7] but it must satisfy [linux-sl-fermi-4.0].
                            Your os is [MacOS-10.7] but it must satisfy [linux-rhel-4].
                            Your os is [MacOS-10.7] but it must satisfy [linux-debian-4].
                            Your os is [MacOS-10.7] but it must satisfy [linux-suse-9].
                            Your os is [MacOS-10.7] but it must satisfy [linux-rhel-3].
                            Your os is [MacOS-10.7] but it must satisfy [linux-sl-fermi-3.0].
                            Your os is [MacOS-10.7] but it must satisfy [linux-rocks-3.3].
                            Your os is [MacOS-10.7] but it must satisfy [linux-rhel-5].
                            Your os is [MacOS-10.7] but it must satisfy [linux-debian-3.1].
                            Your os is [MacOS-10.7] but it must satisfy [linux-sl-fermi-4.0].
                            Your os is [MacOS-10.7] but it must satisfy [linux-rhel-4].
                            Your os is [MacOS-10.7] but it must satisfy [linux-debian-4].
                            Your os is [MacOS-10.7] but it must satisfy [linux-suse-9].
                            Your os is [MacOS-10.7] but it must satisfy [linux-rhel-3].
                            Your os is [MacOS-10.7] but it must satisfy [linux-sl-fermi-3.0].
                            Your os is [MacOS-10.7] but it must satisfy [linux-rocks-3.3].
                            Your os is [MacOS-10.7] but it must satisfy [linux-rhel-5].
                            Your os is [MacOS-10.7] but it must satisfy [linux-debian-3.1].
                            Your os is [MacOS-10.7] but it must satisfy [linux-sl-fermi-4.0].
                            Your os is [MacOS-10.7] but it must satisfy [AIX5].
                            No download for your platform
                            Pacman install failed
===== Getting help with VDT installation Failures =====

Apparently you just had a failure installing the VDT. Our sincere
apologies!

If you would like help with your problem, please collect whatever
information you can from the list below and mail it to us. If you are
doing an Open Science Grid installation, mail it to goc@opensciencegrid.org. 
If you are not doing an Open Science Grid installation, or if you
prefer to contact the VDT team directly, please mail it to
vdt-support@opensciencegrid.org. 

Information to collect:

1) If your VDT installation got far enough to create
   $VDT_LOCATION/vdt/bin/vdt-system-profiler, please run it and send
   us the resulting vdt-profile.txt file. You might need to set
   $VDT_LOCATION in your environment first. 

2) If you can't do that, send us your vdt-install.log, and any
   supporting information: what Pacman command you ran, what OS and
   architecture you are installing on, etc. 

We hope that we can help you fix your problem quickly. 



>>>>> ERROR: Problem installing packages via Pacman.

>>>>> Undoing previous install actions.

>>>>> Running command:
>>>>>   ./uninstall-teragrid-client
Uninstalling the TeraGrid Client Toolkit.
* Removed o..pacman..o.
* Removed pacman-3.28.
* Removed post-install.
* Removed trusted.caches.
* Removed vdt.
* Removed vdt-common-1-318.tar.gz.
* Removed vdt-core-1.2.1-422.tar.gz.
* Removed tarball-file-list.
TeraGrid Client Toolkit successfully uninstalled.

