
ts=2013-12-18T14:03:49.165703Z id=2371 event=gram.seg.event.start level=TRACE segid="833543.torque.grid.uj.ac.za" state=8 event_ts=1387375427
ts=2013-12-18T14:03:49.175918Z id=2371 event=gram.add_reference_by_jobid.start level=TRACE jobid="833543.torque.grid.uj.ac.za" reason="SEG event" 
ts=2013-12-18T14:03:49.175960Z id=2371 event=gram.seg.event.end level=TRACE segid="833543.torque.grid.uj.ac.za" reason="Event ID doesn't match known job id"
ts=2013-12-18T14:04:17.179505Z id=3296 event=gram.script.start level=DEBUG
ts=2013-12-18T14:04:17.180735Z id=3296 event=gram.startup_lock.start level=DEBUG path="/var/lib/globus/gram_job_state/usatlas1/osg-ce/pbs.5a22992f.lock" 
ts=2013-12-18T14:04:17.180835Z id=3296 event=gram.startup_lock.end level=DEBUG status=-124 path="/var/lib/globus/gram_job_state/usatlas1/osg-ce/pbs.5a22992f.lock" msg="Unable to lock file, perhaps another job manager is running" errno=11 reason="Resource temporarily unavailable" 
ts=2013-12-18T14:04:17.181888Z id=2371 event=gram.new_request.start level=DEBUG fd=0 
ts=2013-12-18T14:04:17.187125Z id=2371 event=gram.read_request.start level=TRACE fd=16
ts=2013-12-18T14:04:17.189842Z id=2371 event=gram.read_request.info level=TRACE request_string="protocol-version: 2\r\njob-state-mask: 1048575\r\ncallback-url: https://osg-ce.grid.uj.ac.za:50886/\r\nrsl: \"&(\\\"rsl_substitution\\\" = (\\\"GLOBUSRUN_GASS_URL\\\" \\\"https://osg-ce.grid.uj.ac.za:46383\\\" ) )(\\\"stderr\\\" = $(\\\"GLOBUSRUN_GASS_URL\\\") # \\\"/dev/stderr\\\" )(\\\"stdout\\\" = $(\\\"GLOBUSRUN_GASS_URL\\\") # \\\"/dev/stdout\\\" )(\\\"executable\\\" = \\\"/bin/sh\\\" )(\\\"arguments\\\" = \\\"-c\\\" \\\"/bin/hostname; uptime\\\" )\"\r\n" 
ts=2013-12-18T14:04:17.189948Z id=2371 event=gram.read_request.end level=TRACE status=0 
ts=2013-12-18T14:04:17.190394Z id=2371 event=gram.make_job_dir.start level=TRACE gramid=/16362119948301203016/82473638397243290/ 
ts=2013-12-18T14:04:17.197040Z id=2371 event=gram.make_job_dir.end level=TRACE gramid=/16362119948301203016/82473638397243290/ status=0 path=/nfs/home-OSG/usatlas1/.globus/usatlas1/.globus/job/osg-ce/16362119948301203016.82473638397243290 
ts=2013-12-18T14:04:17.197628Z id=2371 event=gram.init_scratchdir.start level=DEBUG gramid=/16362119948301203016/82473638397243290/ base="/nfs/home-OSG/usatlas1" 
ts=2013-12-18T14:04:17.197681Z id=2371 event=gram.init_scratchdir.end level=DEBUG gramid=/16362119948301203016/82473638397243290/ status=0 reason="scratch_dir not in RSL" 
ts=2013-12-18T14:04:17.197722Z id=2371 event=gram.gass_cache_init.start level=TRACE gramid=/16362119948301203016/82473638397243290/ 
ts=2013-12-18T14:04:17.197768Z id=2371 event=gram.gass_cache_init.info level=TRACE gramid=/16362119948301203016/82473638397243290/ path=/nfs/home-OSG/usatlas1/.globus/.gass_cache
ts=2013-12-18T14:04:17.200514Z id=2371 event=gram.gass_cache_init.end level=TRACE gramid=/16362119948301203016/82473638397243290/ status=0 path=/nfs/home-OSG/usatlas1/.globus/.gass_cache
ts=2013-12-18T14:04:17.200856Z id=2371 event=gram.validate_rsl.info level=TRACE msg="Inserting default RSL for attribute" attribute=directory default="$(HOME)" 
ts=2013-12-18T14:04:17.200926Z id=2371 event=gram.validate_rsl.info level=TRACE msg="Inserting default RSL for attribute" attribute=stdin default="/dev/null" 
ts=2013-12-18T14:04:17.201192Z id=2371 event=gram.validate_rsl.info level=TRACE msg="Inserting default RSL for attribute" attribute=count default="1" 
ts=2013-12-18T14:04:17.201260Z id=2371 event=gram.validate_rsl.info level=TRACE msg="Inserting default RSL for attribute" attribute=jobtype default="multiple" 
ts=2013-12-18T14:04:17.201455Z id=2371 event=gram.validate_rsl.info level=TRACE msg="Inserting default RSL for attribute" attribute=grammyjob default="collective" 
ts=2013-12-18T14:04:17.201550Z id=2371 event=gram.validate_rsl.info level=TRACE msg="Inserting default RSL for attribute" attribute=dryrun default="no" 
ts=2013-12-18T14:04:17.201596Z id=2371 event=gram.validate_rsl.info level=TRACE msg="Inserting default RSL for attribute" attribute=librarypath default="$(GLOBUS_LOCATION)/lib" 
ts=2013-12-18T14:04:17.201681Z id=2371 event=gram.validate_rsl.info level=TRACE msg="Inserting default RSL for attribute" attribute=savejobdescription default="no" 
ts=2013-12-18T14:04:17.201725Z id=2371 event=gram.validate_rsl.info level=TRACE msg="Inserting default RSL for attribute" attribute=expiration default="14400" 
ts=2013-12-18T14:04:17.201781Z id=2371 event=gram.remote_io_url_file_create.start level=TRACE gramid=/16362119948301203016/82473638397243290/ url="" 
ts=2013-12-18T14:04:17.206043Z id=2371 event=gram.write_state_file.start level=TRACE gramid=/16362119948301203016/82473638397243290/ path="/var/lib/globus/gram_job_state/usatlas1/5a22992f/pbs/job.16362119948301203016.82473638397243290" 
ts=2013-12-18T14:04:17.408105Z id=2371 event=gram.write_state_file.end level=TRACE gramid=/16362119948301203016/82473638397243290/ path=/var/lib/globus/gram_job_state/usatlas1/5a22992f/pbs/job.16362119948301203016.82473638397243290 status=0 
ts=2013-12-18T14:04:17.408628Z id=2371 event=gram.add_request.start level=TRACE gramid=/16362119948301203016/82473638397243290/ 
ts=2013-12-18T14:04:17.408677Z id=2371 event=gram.add_ref_stub.start level=TRACE gramid=/16362119948301203016/82473638397243290/ 
ts=2013-12-18T14:04:17.408723Z id=2371 event=gram.add_ref_stub.end level=TRACE gramid=/16362119948301203016/82473638397243290/ status=0 
ts=2013-12-18T14:04:17.408762Z id=2371 event=gram.add_request.end level=TRACE gramid=/16362119948301203016/82473638397243290/ status=0 
ts=2013-12-18T14:04:17.408802Z id=2371 event=gram.validate_user.start level=TRACE gramid=/16362119948301203016/82473638397243290/ 
ts=2013-12-18T14:04:17.408846Z id=2371 event=gram.validate_user.end level=TRACE gramid=/16362119948301203016/82473638397243290/ status=0 
ts=2013-12-18T14:04:17.408883Z id=2371 event=gram.callback_register.start level=TRACE gramid=/16362119948301203016/82473638397243290/ contact=https://osg-ce.grid.uj.ac.za:50886/ mask=1048575 
ts=2013-12-18T14:04:17.408923Z id=2371 event=gram.callback_register.end level=TRACE gramid=/16362119948301203016/82473638397243290/ contact=https://osg-ce.grid.uj.ac.za:50886/ mask=1048575 status=0
ts=2013-12-18T14:04:17.409379Z id=2371 event=gram.reply.start level=DEBUG gramid=/16362119948301203016/82473638397243290/ job_contact="https://osg-ce.grid.uj.ac.za:46384/16362119948301203016/82473638397243290/" response_code=0 
ts=2013-12-18T14:04:17.410695Z id=2371 event=gram.add_reference.start level=TRACE gramid=/16362119948301203016/82473638397243290/ ref_reason="state machine"
ts=2013-12-18T14:04:17.410892Z id=2371 event=gram.add_reference.end level=TRACE gramid=/16362119948301203016/82473638397243290/ status=0 ref_reason="state machine"
ts=2013-12-18T14:04:17.412608Z id=2371 event=gram.state_machine.start level=TRACE gramid=/16362119948301203016/82473638397243290/ jmstate=GLOBUS_GRAM_JOB_MANAGER_STATE_START job_state=32 
ts=2013-12-18T14:04:17.412684Z id=2371 event=gram.state_machine.end level=TRACE gramid=/16362119948301203016/82473638397243290/ jmstate=GLOBUS_GRAM_JOB_MANAGER_STATE_TWO_PHASE job_state=32 event_registered=false 
ts=2013-12-18T14:04:17.412725Z id=2371 event=gram.state_machine.start level=TRACE gramid=/16362119948301203016/82473638397243290/ jmstate=GLOBUS_GRAM_JOB_MANAGER_STATE_TWO_PHASE job_state=32 
ts=2013-12-18T14:04:17.412764Z id=2371 event=gram.state_machine.end level=TRACE gramid=/16362119948301203016/82473638397243290/ jmstate=GLOBUS_GRAM_JOB_MANAGER_STATE_TWO_PHASE_COMMITTED job_state=32 event_registered=false 
ts=2013-12-18T14:04:17.412802Z id=2371 event=gram.state_machine.start level=TRACE gramid=/16362119948301203016/82473638397243290/ jmstate=GLOBUS_GRAM_JOB_MANAGER_STATE_TWO_PHASE_COMMITTED job_state=32 
ts=2013-12-18T14:04:17.412855Z id=2371 event=gram.state_machine.end level=TRACE gramid=/16362119948301203016/82473638397243290/ jmstate=GLOBUS_GRAM_JOB_MANAGER_STATE_STAGE_IN job_state=32 event_registered=false 
ts=2013-12-18T14:04:17.412892Z id=2371 event=gram.state_machine.start level=TRACE gramid=/16362119948301203016/82473638397243290/ jmstate=GLOBUS_GRAM_JOB_MANAGER_STATE_STAGE_IN job_state=32 
ts=2013-12-18T14:04:17.412957Z id=2371 event=gram.write_state_file.start level=TRACE gramid=/16362119948301203016/82473638397243290/ path="/var/lib/globus/gram_job_state/usatlas1/5a22992f/pbs/job.16362119948301203016.82473638397243290" 
ts=2013-12-18T14:04:17.567473Z id=2371 event=gram.write_state_file.end level=TRACE gramid=/16362119948301203016/82473638397243290/ path=/var/lib/globus/gram_job_state/usatlas1/5a22992f/pbs/job.16362119948301203016.82473638397243290 status=0 
ts=2013-12-18T14:04:17.567624Z id=2371 event=gram.seg_pause.start level=TRACE count=1 
ts=2013-12-18T14:04:17.567668Z id=2371 event=gram.seg_pause.end level=TRACE count=1 
ts=2013-12-18T14:04:17.567849Z id=2371 event=gram.add_reference.start level=TRACE gramid=/16362119948301203016/82473638397243290/ ref_reason="script"
ts=2013-12-18T14:04:17.567892Z id=2371 event=gram.add_reference.end level=TRACE gramid=/16362119948301203016/82473638397243290/ status=0 ref_reason="script"
ts=2013-12-18T14:04:17.568426Z id=2371 event=gram.script.info level=DEBUG msg="Created new script handle" handle=0x20eb040 rc=0 
ts=2013-12-18T14:04:17.569459Z id=2371 event=gram.state_machine.end level=TRACE gramid=/16362119948301203016/82473638397243290/ jmstate=GLOBUS_GRAM_JOB_MANAGER_STATE_SUBMIT job_state=32 event_registered=true 
ts=2013-12-18T14:04:17.569655Z id=2371 event=gram.remove_reference.start level=TRACE gramid=/16362119948301203016/82473638397243290/ reason="state machine" 
ts=2013-12-18T14:04:17.569711Z id=2371 event=gram.remove_reference.info level=TRACE gramid=/16362119948301203016/82473638397243290/ refcount=1 reason="state machine" 
ts=2013-12-18T14:04:17.569751Z id=2371 event=gram.remove_reference.end level=TRACE gramid=/16362119948301203016/82473638397243290/ status=0  
ts=2013-12-18T14:04:17.570263Z id=2371 event=gram.script_write.end level=DEBUG msg="writev callback" nbytes=2389 result=0 pending_ops=2 
 ts=2013-12-18T14:04:17.687627Z id=2371 event=gram.script_read.start level=DEBUG gramid=/16362119948301203016/82473638397243290/ result=0 nbytes=147 
ts=2013-12-18T14:04:17.687737Z id=2371 event=gram.script_read.info level=TRACE gramid=/16362119948301203016/82473638397243290/ response="GRAM_SCRIPT_LOG:msg=\"Using jm supplied job dir: /nfs/home-OSG/usatlas1/.globus/usatlas1/.globus/job/osg-ce/16362119948301203016.82473638397243290\"" 
ts=2013-12-18T14:04:17.687769Z id=2371 event=gram.script.log level=DEBUG msg="Using jm supplied job dir: /nfs/home-OSG/usatlas1/.globus/usatlas1/.globus/job/osg-ce/16362119948301203016.82473638397243290" 
ts=2013-12-18T14:04:17.688685Z id=2371 event=gram.script_read.start level=DEBUG gramid=/16362119948301203016/82473638397243290/ result=0 nbytes=76 
ts=2013-12-18T14:04:17.688736Z id=2371 event=gram.script_read.info level=TRACE gramid=/16362119948301203016/82473638397243290/ response="GRAM_SCRIPT_LOG:msg=\"Checking to see if we'll save the job description: no\"" 
ts=2013-12-18T14:04:17.688766Z id=2371 event=gram.script.log level=DEBUG msg="Checking to see if we'll save the job description: no" 
ts=2013-12-18T14:04:17.689525Z id=2371 event=gram.script_read.start level=DEBUG gramid=/16362119948301203016/82473638397243290/ result=0 nbytes=147 
ts=2013-12-18T14:04:17.689574Z id=2371 event=gram.script_read.info level=TRACE gramid=/16362119948301203016/82473638397243290/ response="GRAM_SCRIPT_LOG:msg=\"Using jm supplied job dir: /nfs/home-OSG/usatlas1/.globus/usatlas1/.globus/job/osg-ce/16362119948301203016.82473638397243290\"" 
ts=2013-12-18T14:04:17.689604Z id=2371 event=gram.script.log level=DEBUG msg="Using jm supplied job dir: /nfs/home-OSG/usatlas1/.globus/usatlas1/.globus/job/osg-ce/16362119948301203016.82473638397243290" 
ts=2013-12-18T14:04:17.689774Z id=2371 event=gram.script_read.start level=DEBUG gramid=/16362119948301203016/82473638397243290/ result=0 nbytes=147 
ts=2013-12-18T14:04:17.689819Z id=2371 event=gram.script_read.info level=TRACE gramid=/16362119948301203016/82473638397243290/ response="GRAM_SCRIPT_LOG:msg=\"Using jm supplied job dir: /nfs/home-OSG/usatlas1/.globus/usatlas1/.globus/job/osg-ce/16362119948301203016.82473638397243290\"" 
ts=2013-12-18T14:04:17.689870Z id=2371 event=gram.script.log level=DEBUG msg="Using jm supplied job dir: /nfs/home-OSG/usatlas1/.globus/usatlas1/.globus/job/osg-ce/16362119948301203016.82473638397243290" 
ts=2013-12-18T14:04:17.690314Z id=2371 event=gram.script_read.start level=DEBUG gramid=/16362119948301203016/82473638397243290/ result=0 nbytes=42 
ts=2013-12-18T14:04:17.690377Z id=2371 event=gram.script_read.info level=TRACE gramid=/16362119948301203016/82473638397243290/ response="GRAM_SCRIPT_LOG:msg=\"Entering pbs submit\"" 
ts=2013-12-18T14:04:17.690419Z id=2371 event=gram.script.log level=DEBUG msg="Entering pbs submit" 
ts=2013-12-18T14:04:17.691404Z id=2371 event=gram.script_read.start level=DEBUG gramid=/16362119948301203016/82473638397243290/ result=0 nbytes=93 
ts=2013-12-18T14:04:17.691455Z id=2371 event=gram.script_read.info level=TRACE gramid=/16362119948301203016/82473638397243290/ response="GRAM_SCRIPT_LOG:msg=\"NFS sync for /bin/sh failed (may be harmless): Operation not permitted\"" 
ts=2013-12-18T14:04:17.691476Z id=2371 event=gram.script.log level=DEBUG msg="NFS sync for /bin/sh failed (may be harmless): Operation not permitted" 
ts=2013-12-18T14:04:17.691579Z id=2371 event=gram.script_read.start level=DEBUG gramid=/16362119948301203016/82473638397243290/ result=0 nbytes=48 
ts=2013-12-18T14:04:17.691608Z id=2371 event=gram.script_read.info level=TRACE gramid=/16362119948301203016/82473638397243290/ response="GRAM_SCRIPT_LOG:msg=\"Sent NFS sync for /bin/sh\"" 
ts=2013-12-18T14:04:17.691630Z id=2371 event=gram.script.log level=DEBUG msg="Sent NFS sync for /bin/sh" 
ts=2013-12-18T14:04:17.691892Z id=2371 event=gram.script_read.start level=DEBUG gramid=/16362119948301203016/82473638397243290/ result=0 nbytes=95 
ts=2013-12-18T14:04:17.691945Z id=2371 event=gram.script_read.info level=TRACE gramid=/16362119948301203016/82473638397243290/ response="GRAM_SCRIPT_LOG:msg=\"NFS sync for /dev/null failed (may be harmless): Operation not permitted\"" 
ts=2013-12-18T14:04:17.691966Z id=2371 event=gram.script.log level=DEBUG msg="NFS sync for /dev/null failed (may be harmless): Operation not permitted" 
ts=2013-12-18T14:04:17.692386Z id=2371 event=gram.script_read.start level=DEBUG gramid=/16362119948301203016/82473638397243290/ result=0 nbytes=50 
ts=2013-12-18T14:04:17.692535Z id=2371 event=gram.script_read.info level=TRACE gramid=/16362119948301203016/82473638397243290/ response="GRAM_SCRIPT_LOG:msg=\"Sent NFS sync for /dev/null\"" 
ts=2013-12-18T14:04:17.692557Z id=2371 event=gram.script.log level=DEBUG msg="Sent NFS sync for /dev/null" 
ts=2013-12-18T14:04:17.692745Z id=2371 event=gram.script_read.start level=DEBUG gramid=/16362119948301203016/82473638397243290/ result=0 nbytes=72 
ts=2013-12-18T14:04:17.692797Z id=2371 event=gram.script_read.info level=TRACE gramid=/16362119948301203016/82473638397243290/ response="GRAM_SCRIPT_LOG:msg=\"Determining job max time cpu from job description\"" 
ts=2013-12-18T14:04:17.692816Z id=2371 event=gram.script.log level=DEBUG msg="Determining job max time cpu from job description" 
ts=2013-12-18T14:04:17.692954Z id=2371 event=gram.script_read.start level=DEBUG gramid=/16362119948301203016/82473638397243290/ result=0 nbytes=45 
ts=2013-12-18T14:04:17.693033Z id=2371 event=gram.script_read.info level=TRACE gramid=/16362119948301203016/82473638397243290/ response="GRAM_SCRIPT_LOG:msg=\"   using queue default\"" 
ts=2013-12-18T14:04:17.693062Z id=2371 event=gram.script.log level=DEBUG msg="   using queue default" 
ts=2013-12-18T14:04:17.693404Z id=2371 event=gram.script_read.start level=DEBUG gramid=/16362119948301203016/82473638397243290/ result=0 nbytes=79 
ts=2013-12-18T14:04:17.693448Z id=2371 event=gram.script_read.info level=TRACE gramid=/16362119948301203016/82473638397243290/ response="GRAM_SCRIPT_LOG:msg=\"Determining job max wall time limit from job description\"" 
ts=2013-12-18T14:04:17.693472Z id=2371 event=gram.script.log level=DEBUG msg="Determining job max wall time limit from job description" 
ts=2013-12-18T14:04:17.693623Z id=2371 event=gram.script_read.start level=DEBUG gramid=/16362119948301203016/82473638397243290/ result=0 nbytes=45 
ts=2013-12-18T14:04:17.693671Z id=2371 event=gram.script_read.info level=TRACE gramid=/16362119948301203016/82473638397243290/ response="GRAM_SCRIPT_LOG:msg=\"   using queue default\"" 
ts=2013-12-18T14:04:17.693690Z id=2371 event=gram.script.log level=DEBUG msg="   using queue default" 
ts=2013-12-18T14:04:17.693908Z id=2371 event=gram.script_read.start level=DEBUG gramid=/16362119948301203016/82473638397243290/ result=0 nbytes=42 
ts=2013-12-18T14:04:17.693962Z id=2371 event=gram.script_read.info level=TRACE gramid=/16362119948301203016/82473638397243290/ response="GRAM_SCRIPT_LOG:msg=\"Building job script\"" 
ts=2013-12-18T14:04:17.694029Z id=2371 event=gram.script.log level=DEBUG msg="Building job script" 
ts=2013-12-18T14:04:17.694401Z id=2371 event=gram.script_read.start level=DEBUG gramid=/16362119948301203016/82473638397243290/ result=0 nbytes=147 
ts=2013-12-18T14:04:17.694470Z id=2371 event=gram.script_read.info level=TRACE gramid=/16362119948301203016/82473638397243290/ response="GRAM_SCRIPT_LOG:msg=\"Using jm supplied job dir: /nfs/home-OSG/usatlas1/.globus/usatlas1/.globus/job/osg-ce/16362119948301203016.82473638397243290\"" 
ts=2013-12-18T14:04:17.694499Z id=2371 event=gram.script.log level=DEBUG msg="Using jm supplied job dir: /nfs/home-OSG/usatlas1/.globus/usatlas1/.globus/job/osg-ce/16362119948301203016.82473638397243290" 
ts=2013-12-18T14:04:17.697535Z id=2371 event=gram.script_read.start level=DEBUG gramid=/16362119948301203016/82473638397243290/ result=0 nbytes=53 
ts=2013-12-18T14:04:17.697590Z id=2371 event=gram.script_read.info level=TRACE gramid=/16362119948301203016/82473638397243290/ response="GRAM_SCRIPT_LOG:msg=\"Transforming argument \\\"-c\\\"\\n\"" 
ts=2013-12-18T14:04:17.697620Z id=2371 event=gram.script.log level=DEBUG msg="Transforming argument \"-c\"\n" 
ts=2013-12-18T14:04:17.697730Z id=2371 event=gram.script_read.start level=DEBUG gramid=/16362119948301203016/82473638397243290/ result=0 nbytes=46 
ts=2013-12-18T14:04:17.697758Z id=2371 event=gram.script_read.info level=TRACE gramid=/16362119948301203016/82473638397243290/ response="GRAM_SCRIPT_LOG:msg=\"Transformed to \\\"-c\\\"\\n\"" 
ts=2013-12-18T14:04:17.697786Z id=2371 event=gram.script.log level=DEBUG msg="Transformed to \"-c\"\n" 
ts=2013-12-18T14:04:17.697897Z id=2371 event=gram.script_read.start level=DEBUG gramid=/16362119948301203016/82473638397243290/ result=0 nbytes=72 
ts=2013-12-18T14:04:17.697935Z id=2371 event=gram.script_read.info level=TRACE gramid=/16362119948301203016/82473638397243290/ response="GRAM_SCRIPT_LOG:msg=\"Transforming argument \\\"/bin/hostname; uptime\\\"\\n\"" 
ts=2013-12-18T14:04:17.697953Z id=2371 event=gram.script.log level=DEBUG msg="Transforming argument \"/bin/hostname; uptime\"\n" 
ts=2013-12-18T14:04:17.698527Z id=2371 event=gram.script_read.start level=DEBUG gramid=/16362119948301203016/82473638397243290/ result=0 nbytes=65 
ts=2013-12-18T14:04:17.698583Z id=2371 event=gram.script_read.info level=TRACE gramid=/16362119948301203016/82473638397243290/ response="GRAM_SCRIPT_LOG:msg=\"Transformed to \\\"/bin/hostname; uptime\\\"\\n\"" 
ts=2013-12-18T14:04:17.698602Z id=2371 event=gram.script.log level=DEBUG msg="Transformed to \"/bin/hostname; uptime\"\n" 
ts=2013-12-18T14:04:17.699961Z id=2371 event=gram.script_read.start level=DEBUG gramid=/16362119948301203016/82473638397243290/ result=0 nbytes=147 
ts=2013-12-18T14:04:17.700096Z id=2371 event=gram.script_read.info level=TRACE gramid=/16362119948301203016/82473638397243290/ response="GRAM_SCRIPT_LOG:msg=\"Using jm supplied job dir: /nfs/home-OSG/usatlas1/.globus/usatlas1/.globus/job/osg-ce/16362119948301203016.82473638397243290\"" 
ts=2013-12-18T14:04:17.700125Z id=2371 event=gram.script.log level=DEBUG msg="Using jm supplied job dir: /nfs/home-OSG/usatlas1/.globus/usatlas1/.globus/job/osg-ce/16362119948301203016.82473638397243290" 
ts=2013-12-18T14:04:17.701316Z id=2371 event=gram.script_read.start level=DEBUG gramid=/16362119948301203016/82473638397243290/ result=0 nbytes=163 
ts=2013-12-18T14:04:17.701396Z id=2371 event=gram.script_read.info level=TRACE gramid=/16362119948301203016/82473638397243290/ response="GRAM_SCRIPT_LOG:msg=\"Sent NFS sync for /nfs/home-OSG/usatlas1/.globus/usatlas1/.globus/job/osg-ce/16362119948301203016.82473638397243290/scheduler_pbs_job_script\"" 
ts=2013-12-18T14:04:17.701433Z id=2371 event=gram.script.log level=DEBUG msg="Sent NFS sync for /nfs/home-OSG/usatlas1/.globus/usatlas1/.globus/job/osg-ce/16362119948301203016.82473638397243290/scheduler_pbs_job_script" 
ts=2013-12-18T14:04:17.702400Z id=2371 event=gram.script_read.start level=DEBUG gramid=/16362119948301203016/82473638397243290/ result=0 nbytes=213 
ts=2013-12-18T14:04:17.702476Z id=2371 event=gram.script_read.info level=TRACE gramid=/16362119948301203016/82473638397243290/ response="GRAM_SCRIPT_LOG:msg=\"NFS sync for /nfs/home-OSG/usatlas1/.globus/usatlas1/.globus/job/osg-ce/16362119948301203016.82473638397243290/scheduler_pbs_submit_stderr failed (may be harmless): No such file or directory\"" 
ts=2013-12-18T14:04:17.702500Z id=2371 event=gram.script.log level=DEBUG msg="NFS sync for /nfs/home-OSG/usatlas1/.globus/usatlas1/.globus/job/osg-ce/16362119948301203016.82473638397243290/scheduler_pbs_submit_stderr failed (may be harmless): No such file or directory" 
ts=2013-12-18T14:04:17.702645Z id=2371 event=gram.script_read.start level=DEBUG gramid=/16362119948301203016/82473638397243290/ result=0 nbytes=166 
ts=2013-12-18T14:04:17.702681Z id=2371 event=gram.script_read.info level=TRACE gramid=/16362119948301203016/82473638397243290/ response="GRAM_SCRIPT_LOG:msg=\"Sent NFS sync for /nfs/home-OSG/usatlas1/.globus/usatlas1/.globus/job/osg-ce/16362119948301203016.82473638397243290/scheduler_pbs_submit_stderr\"" 
ts=2013-12-18T14:04:17.702700Z id=2371 event=gram.script.log level=DEBUG msg="Sent NFS sync for /nfs/home-OSG/usatlas1/.globus/usatlas1/.globus/job/osg-ce/16362119948301203016.82473638397243290/scheduler_pbs_submit_stderr" 
ts=2013-12-18T14:04:17.703589Z id=2371 event=gram.script_read.start level=DEBUG gramid=/16362119948301203016/82473638397243290/ result=0 nbytes=192 
ts=2013-12-18T14:04:17.703684Z id=2371 event=gram.script_read.info level=TRACE gramid=/16362119948301203016/82473638397243290/ response="GRAM_SCRIPT_LOG:msg=\"NFS sync for /nfs/home-OSG/usatlas1/.globus/usatlas1/.globus/job/osg-ce/16362119948301203016.82473638397243290/stdout failed (may be harmless): No such file or directory\"" 
ts=2013-12-18T14:04:17.703705Z id=2371 event=gram.script.log level=DEBUG msg="NFS sync for /nfs/home-OSG/usatlas1/.globus/usatlas1/.globus/job/osg-ce/16362119948301203016.82473638397243290/stdout failed (may be harmless): No such file or directory" 
ts=2013-12-18T14:04:17.708022Z id=2371 event=gram.script_read.start level=DEBUG gramid=/16362119948301203016/82473638397243290/ result=0 nbytes=144 
ts=2013-12-18T14:04:17.708079Z id=2371 event=gram.script_read.info level=TRACE gramid=/16362119948301203016/82473638397243290/ response="GRAM_SCRIPT_LOG:msg=\"NFS sync created /nfs/home-OSG/usatlas1/.globus/usatlas1/.globus/job/osg-ce/16362119948301203016.82473638397243290/stdout\"" 
ts=2013-12-18T14:04:17.708107Z id=2371 event=gram.script.log level=DEBUG msg="NFS sync created /nfs/home-OSG/usatlas1/.globus/usatlas1/.globus/job/osg-ce/16362119948301203016.82473638397243290/stdout" 
ts=2013-12-18T14:04:17.709007Z id=2371 event=gram.script_read.start level=DEBUG gramid=/16362119948301203016/82473638397243290/ result=0 nbytes=145 
ts=2013-12-18T14:04:17.709065Z id=2371 event=gram.script_read.info level=TRACE gramid=/16362119948301203016/82473638397243290/ response="GRAM_SCRIPT_LOG:msg=\"Sent NFS sync for /nfs/home-OSG/usatlas1/.globus/usatlas1/.globus/job/osg-ce/16362119948301203016.82473638397243290/stdout\"" 
ts=2013-12-18T14:04:17.709087Z id=2371 event=gram.script.log level=DEBUG msg="Sent NFS sync for /nfs/home-OSG/usatlas1/.globus/usatlas1/.globus/job/osg-ce/16362119948301203016.82473638397243290/stdout" 
ts=2013-12-18T14:04:17.709817Z id=2371 event=gram.script_read.start level=DEBUG gramid=/16362119948301203016/82473638397243290/ result=0 nbytes=192 
ts=2013-12-18T14:04:17.709906Z id=2371 event=gram.script_read.info level=TRACE gramid=/16362119948301203016/82473638397243290/ response="GRAM_SCRIPT_LOG:msg=\"NFS sync for /nfs/home-OSG/usatlas1/.globus/usatlas1/.globus/job/osg-ce/16362119948301203016.82473638397243290/stderr failed (may be harmless): No such file or directory\"" 
ts=2013-12-18T14:04:17.709929Z id=2371 event=gram.script.log level=DEBUG msg="NFS sync for /nfs/home-OSG/usatlas1/.globus/usatlas1/.globus/job/osg-ce/16362119948301203016.82473638397243290/stderr failed (may be harmless): No such file or directory" 
ts=2013-12-18T14:04:17.713139Z id=2371 event=gram.script_read.start level=DEBUG gramid=/16362119948301203016/82473638397243290/ result=0 nbytes=144 
ts=2013-12-18T14:04:17.713194Z id=2371 event=gram.script_read.info level=TRACE gramid=/16362119948301203016/82473638397243290/ response="GRAM_SCRIPT_LOG:msg=\"NFS sync created /nfs/home-OSG/usatlas1/.globus/usatlas1/.globus/job/osg-ce/16362119948301203016.82473638397243290/stderr\"" 
ts=2013-12-18T14:04:17.713230Z id=2371 event=gram.script.log level=DEBUG msg="NFS sync created /nfs/home-OSG/usatlas1/.globus/usatlas1/.globus/job/osg-ce/16362119948301203016.82473638397243290/stderr" 
ts=2013-12-18T14:04:17.714033Z id=2371 event=gram.script_read.start level=DEBUG gramid=/16362119948301203016/82473638397243290/ result=0 nbytes=145 
ts=2013-12-18T14:04:17.714081Z id=2371 event=gram.script_read.info level=TRACE gramid=/16362119948301203016/82473638397243290/ response="GRAM_SCRIPT_LOG:msg=\"Sent NFS sync for /nfs/home-OSG/usatlas1/.globus/usatlas1/.globus/job/osg-ce/16362119948301203016.82473638397243290/stderr\"" 
ts=2013-12-18T14:04:17.714105Z id=2371 event=gram.script.log level=DEBUG msg="Sent NFS sync for /nfs/home-OSG/usatlas1/.globus/usatlas1/.globus/job/osg-ce/16362119948301203016.82473638397243290/stderr" 
ts=2013-12-18T14:04:17.714463Z id=2371 event=gram.script_read.start level=DEBUG gramid=/16362119948301203016/82473638397243290/ result=0 nbytes=306 
ts=2013-12-18T14:04:17.714632Z id=2371 event=gram.script_read.info level=TRACE gramid=/16362119948301203016/82473638397243290/ response="GRAM_SCRIPT_LOG:msg=\"submitting job -- /usr/bin/qsub  /nfs/home-OSG/usatlas1/.globus/usatlas1/.globus/job/osg-ce/16362119948301203016.82473638397243290/scheduler_pbs_job_script 2>/nfs/home-OSG/usatlas1/.globus/usatlas1/.globus/job/osg-ce/16362119948301203016.82473638397243290/scheduler_pbs_submit_stderr\"" 
ts=2013-12-18T14:04:17.714655Z id=2371 event=gram.script.log level=DEBUG msg="submitting job -- /usr/bin/qsub  /nfs/home-OSG/usatlas1/.globus/usatlas1/.globus/job/osg-ce/16362119948301203016.82473638397243290/scheduler_pbs_job_script 2>/nfs/home-OSG/usatlas1/.globus/usatlas1/.globus/job/osg-ce/16362119948301203016.82473638397243290/scheduler_pbs_submit_stderr" 
ts=2013-12-18T14:04:17.742190Z id=2371 event=gram.script_read.start level=DEBUG gramid=/16362119948301203016/82473638397243290/ result=0 nbytes=145 
ts=2013-12-18T14:04:17.742293Z id=2371 event=gram.script_read.info level=TRACE gramid=/16362119948301203016/82473638397243290/ response="GRAM_SCRIPT_LOG:msg=\"job submission successful, setting state to PENDING\"" 
ts=2013-12-18T14:04:17.742318Z id=2371 event=gram.script.log level=DEBUG msg="job submission successful, setting state to PENDING" 
ts=2013-12-18T14:04:17.742341Z id=2371 event=gram.script_read.info level=TRACE gramid=/16362119948301203016/82473638397243290/ response="GRAM_SCRIPT_JOB_ID:833552.torque.grid.uj.ac.za" 
ts=2013-12-18T14:04:17.742539Z id=2371 event=gram.script_read.info level=TRACE gramid=/16362119948301203016/82473638397243290/ response="GRAM_SCRIPT_JOB_STATE:1" 
ts=2013-12-18T14:04:17.742575Z id=2371 event=gram.set_job_status.start level=TRACE gramid=/16362119948301203016/82473638397243290/ state=1 failure_code=0 
ts=2013-12-18T14:04:17.742595Z id=2371 event=gram.set_job_status.end level=TRACE gramid=/16362119948301203016/82473638397243290/ state=1 failure_code=0 status=0 
ts=2013-12-18T14:04:17.781795Z id=2371 event=gram.script_read.start level=DEBUG gramid=/16362119948301203016/82473638397243290/ result=0 nbytes=1 
ts=2013-12-18T14:04:17.781915Z id=2371 event=gram.script_read.info level=TRACE gramid=/16362119948301203016/82473638397243290/ response="" 
ts=2013-12-18T14:04:17.781946Z id=2371 event=gram.add_reference.start level=TRACE gramid=/16362119948301203016/82473638397243290/ ref_reason="state machine"
ts=2013-12-18T14:04:17.781969Z id=2371 event=gram.add_reference.end level=TRACE gramid=/16362119948301203016/82473638397243290/ status=0 ref_reason="state machine"
ts=2013-12-18T14:04:17.782034Z id=2371 event=gram.script_read.end level=TRACE gramid=/16362119948301203016/82473638397243290/ status=0 
ts=2013-12-18T14:04:17.782090Z id=2371 event=gram.remove_reference.start level=TRACE gramid=/16362119948301203016/82473638397243290/ reason="script" 
ts=2013-12-18T14:04:17.782125Z id=2371 event=gram.remove_reference.info level=TRACE gramid=/16362119948301203016/82473638397243290/ refcount=1 reason="script" 
ts=2013-12-18T14:04:17.782151Z id=2371 event=gram.remove_reference.end level=TRACE gramid=/16362119948301203016/82473638397243290/ status=0  
ts=2013-12-18T14:04:17.782233Z id=2371 event=gram.state_machine.start level=TRACE gramid=/16362119948301203016/82473638397243290/ jmstate=GLOBUS_GRAM_JOB_MANAGER_STATE_SUBMIT job_state=1 
ts=2013-12-18T14:04:17.782255Z id=2371 event=gram.job_id_register.start level=TRACE gramid=/16362119948301203016/82473638397243290/ jobid="833552.torque.grid.uj.ac.za" 
ts=2013-12-18T14:04:17.782288Z id=2371 event=gram.job_id.register.end level=TRACE gramid=833552.torque.grid.uj.ac.za jobid=/16362119948301203016/82473638397243290/ status=0 
ts=2013-12-18T14:04:17.841108Z id=2371 event=gram.seg_resume.start level=TRACE count=0 
ts=2013-12-18T14:04:17.841285Z id=2371 event=gram.seg_resume.end level=TRACE count=0 
ts=2013-12-18T14:04:17.841333Z id=2371 event=gram.history_file_create.start level=TRACE gramid=/16362119948301203016/82473638397243290/ 
ts=2013-12-18T14:04:17.841375Z id=2371 event=gram.write_state_file.start level=TRACE gramid=/16362119948301203016/82473638397243290/ path="/var/lib/globus/gram_job_state/usatlas1/5a22992f/pbs/job.16362119948301203016.82473638397243290" 
ts=2013-12-18T14:04:17.928385Z id=2371 event=gram.write_state_file.end level=TRACE gramid=/16362119948301203016/82473638397243290/ path=/var/lib/globus/gram_job_state/usatlas1/5a22992f/pbs/job.16362119948301203016.82473638397243290 status=0 
ts=2013-12-18T14:04:17.928487Z id=2371 event=gram.write_state_file.start level=TRACE gramid=/16362119948301203016/82473638397243290/ path="/var/lib/globus/gram_job_state/usatlas1/5a22992f/pbs/job.16362119948301203016.82473638397243290" 
ts=2013-12-18T14:04:17.978546Z id=2371 event=gram.write_state_file.end level=TRACE gramid=/16362119948301203016/82473638397243290/ path=/var/lib/globus/gram_job_state/usatlas1/5a22992f/pbs/job.16362119948301203016.82473638397243290 status=0 
ts=2013-12-18T14:04:17.978634Z id=2371 event=gram.callback.start level=DEBUG gramid=/16362119948301203016/82473638397243290/ state=1 restart_when_done=false 
ts=2013-12-18T14:04:17.978693Z id=2371 event=gram.add_reference.start level=TRACE gramid=/16362119948301203016/82473638397243290/ ref_reason="Job state callbacks"
ts=2013-12-18T14:04:17.978740Z id=2371 event=gram.add_reference.end level=TRACE gramid=/16362119948301203016/82473638397243290/ status=0 ref_reason="Job state callbacks"
ts=2013-12-18T14:04:17.978810Z id=2371 event=gram.callback.queue.start level=TRACE gramid=/16362119948301203016/82473638397243290/ msg="Queuing status update message" status_message="protocol-version: 2\r\njob-manager-url: https://osg-ce.grid.uj.ac.za:46384/16362119948301203016/82473638397243290/\r\nstatus: 1\r\nfailure-code: 0\r\nversion: \"13.45 (1339593378-83)\"\r\ntoolkit-version: \"UNKNOWN\"\r\n"
ts=2013-12-18T14:04:17.978867Z id=2371 event=gram.callback.queue.process.start level=TRACE gramid=/16362119948301203016/82473638397243290/ msg="Sending status update message" contact=https://osg-ce.grid.uj.ac.za:50886/ status_message="protocol-version: 2\r\njob-manager-url: https://osg-ce.grid.uj.ac.za:46384/16362119948301203016/82473638397243290/\r\nstatus: 1\r\nfailure-code: 0\r\nversion: \"13.45 (1339593378-83)\"\r\ntoolkit-version: \"UNKNOWN\"\r\n"
ts=2013-12-18T14:04:17.979898Z id=2371 event=gram.callback.queue.process.end level=TRACE gramid=/16362119948301203016/82473638397243290/ contact=https://osg-ce.grid.uj.ac.za:50886/ msg="Message posted" status=0 
ts=2013-12-18T14:04:17.980169Z id=2371 event=gram.callback.queue.end level=TRACE gramid=/16362119948301203016/82473638397243290/ status=0
ts=2013-12-18T14:04:17.980240Z id=2371 event=gram.callback.end level=DEBUG gramid=/16362119948301203016/82473638397243290/ state=1 status=0 msg="Done queuing callback messages"
ts=2013-12-18T14:04:17.980427Z id=2371 event=gram.state_machine.end level=TRACE gramid=/16362119948301203016/82473638397243290/ jmstate=GLOBUS_GRAM_JOB_MANAGER_STATE_POLL2 job_state=1 event_registered=true 
ts=2013-12-18T14:04:17.980491Z id=2371 event=gram.remove_reference.start level=TRACE gramid=/16362119948301203016/82473638397243290/ reason="state machine" 
ts=2013-12-18T14:04:17.980546Z id=2371 event=gram.remove_reference.info level=TRACE gramid=/16362119948301203016/82473638397243290/ refcount=1 reason="state machine" 
ts=2013-12-18T14:04:17.980589Z id=2371 event=gram.remove_reference.end level=TRACE gramid=/16362119948301203016/82473638397243290/ status=0  
ts=2013-12-18T14:04:17.997269Z id=2371 event=gram.remove_reference.start level=TRACE gramid=/16362119948301203016/82473638397243290/ reason="Job state callbacks" 
ts=2013-12-18T14:04:17.997410Z id=2371 event=gram.remove_reference.info level=TRACE gramid=/16362119948301203016/82473638397243290/ refcount=0 reason="Job state callbacks" 
ts=2013-12-18T14:04:17.997455Z id=2371 event=gram.remove_reference.info level=TRACE gramid=/16362119948301203016/82473638397243290/ refcount=0 msg="Setting idle timeout for unreferenced job" reason="Job state callbacks" 
ts=2013-12-18T14:04:17.997519Z id=2371 event=gram.remove_reference.end level=TRACE gramid=/16362119948301203016/82473638397243290/ status=0  
ts=2013-12-18T14:04:19.570874Z id=2371 event=gram.seg.event.start level=TRACE segid="833552.torque.grid.uj.ac.za" state=1 event_ts=1387375458
ts=2013-12-18T14:04:19.571079Z id=2371 event=gram.add_reference_by_jobid.start level=TRACE jobid="833552.torque.grid.uj.ac.za" reason="SEG event" 
ts=2013-12-18T14:04:19.571126Z id=2371 event=gram.add_reference.start level=TRACE gramid=/16362119948301203016/82473638397243290/ ref_reason="SEG event"
ts=2013-12-18T14:04:19.571175Z id=2371 event=gram.add_reference.end level=TRACE gramid=/16362119948301203016/82473638397243290/ status=0 ref_reason="SEG event"
ts=2013-12-18T14:04:19.571223Z id=2371 event=gram.add_reference_by_jobid.end level=TRACE jobid="833552.torque.grid.uj.ac.za" status=0 
ts=2013-12-18T14:04:19.571293Z id=2371 event=gram.seg_deliver_event.start level=TRACE gramid=/16362119948301203016/82473638397243290/ jobid="833552.torque.grid.uj.ac.za" state=1 jmstate=GLOBUS_GRAM_JOB_MANAGER_STATE_POLL2
ts=2013-12-18T14:04:19.571379Z id=2371 event=gram.add_reference.start level=TRACE gramid=/16362119948301203016/82473638397243290/ ref_reason="state machine"
ts=2013-12-18T14:04:19.571421Z id=2371 event=gram.add_reference.end level=TRACE gramid=/16362119948301203016/82473638397243290/ status=0 ref_reason="state machine"
ts=2013-12-18T14:04:19.571486Z id=2371 event=gram.seg_deliver_event.end level=TRACE gramid=/16362119948301203016/82473638397243290/ jobid="833552.torque.grid.uj.ac.za" state=1 jmstate=GLOBUS_GRAM_JOB_MANAGER_STATE_POLL1 status=0 
ts=2013-12-18T14:04:19.571537Z id=2371 event=gram.seg.event.start level=TRACE segid="833552.torque.grid.uj.ac.za" state=2 event_ts=1387375459
ts=2013-12-18T14:04:19.571596Z id=2371 event=gram.add_reference_by_jobid.start level=TRACE jobid="833552.torque.grid.uj.ac.za" reason="SEG event" 
ts=2013-12-18T14:04:19.571649Z id=2371 event=gram.add_reference.start level=TRACE gramid=/16362119948301203016/82473638397243290/ ref_reason="SEG event"
ts=2013-12-18T14:04:19.571733Z id=2371 event=gram.add_reference.end level=TRACE gramid=/16362119948301203016/82473638397243290/ status=0 ref_reason="SEG event"
ts=2013-12-18T14:04:19.571788Z id=2371 event=gram.add_reference_by_jobid.end level=TRACE jobid="833552.torque.grid.uj.ac.za" status=0 
ts=2013-12-18T14:04:19.571826Z id=2371 event=gram.seg_deliver_event.start level=TRACE gramid=/16362119948301203016/82473638397243290/ jobid="833552.torque.grid.uj.ac.za" state=2 jmstate=GLOBUS_GRAM_JOB_MANAGER_STATE_POLL1
ts=2013-12-18T14:04:19.571924Z id=2371 event=gram.seg_deliver_event.end level=TRACE gramid=/16362119948301203016/82473638397243290/ jobid="833552.torque.grid.uj.ac.za" state=2 jmstate=GLOBUS_GRAM_JOB_MANAGER_STATE_POLL1 status=0 
ts=2013-12-18T14:04:19.572400Z id=2371 event=gram.seg.event.start level=TRACE segid="833552.torque.grid.uj.ac.za" state=8 event_ts=1387375459
ts=2013-12-18T14:04:19.572472Z id=2371 event=gram.add_reference_by_jobid.start level=TRACE jobid="833552.torque.grid.uj.ac.za" reason="SEG event" 
ts=2013-12-18T14:04:19.572513Z id=2371 event=gram.add_reference.start level=TRACE gramid=/16362119948301203016/82473638397243290/ ref_reason="SEG event"
ts=2013-12-18T14:04:19.572556Z id=2371 event=gram.add_reference.end level=TRACE gramid=/16362119948301203016/82473638397243290/ status=0 ref_reason="SEG event"
ts=2013-12-18T14:04:19.572778Z id=2371 event=gram.add_reference_by_jobid.end level=TRACE jobid="833552.torque.grid.uj.ac.za" status=0 
ts=2013-12-18T14:04:19.572829Z id=2371 event=gram.seg_deliver_event.start level=TRACE gramid=/16362119948301203016/82473638397243290/ jobid="833552.torque.grid.uj.ac.za" state=8 jmstate=GLOBUS_GRAM_JOB_MANAGER_STATE_POLL1
ts=2013-12-18T14:04:19.572904Z id=2371 event=gram.seg_deliver_event.end level=TRACE gramid=/16362119948301203016/82473638397243290/ jobid="833552.torque.grid.uj.ac.za" state=8 jmstate=GLOBUS_GRAM_JOB_MANAGER_STATE_POLL1 status=0 
ts=2013-12-18T14:04:19.573185Z id=2371 event=gram.state_machine.start level=TRACE gramid=/16362119948301203016/82473638397243290/ jmstate=GLOBUS_GRAM_JOB_MANAGER_STATE_POLL1 job_state=1 
ts=2013-12-18T14:04:19.573269Z id=2371 event=gram.handle_seg_event.start level=DEBUG state=1 gramid=/16362119948301203016/82473638397243290/ jobid="833552.torque.grid.uj.ac.za" 
ts=2013-12-18T14:04:19.573444Z id=2371 event=gram.handle_seg_event.end level=DEBUG state=1 gramid=/16362119948301203016/82473638397243290/ jobid="833552.torque.grid.uj.ac.za" 
ts=2013-12-18T14:04:19.573558Z id=2371 event=gram.remove_reference.start level=TRACE gramid=/16362119948301203016/82473638397243290/ reason="SEG event" 
ts=2013-12-18T14:04:19.573604Z id=2371 event=gram.remove_reference.info level=TRACE gramid=/16362119948301203016/82473638397243290/ refcount=3 reason="SEG event" 
ts=2013-12-18T14:04:19.573653Z id=2371 event=gram.remove_reference.end level=TRACE gramid=/16362119948301203016/82473638397243290/ status=0  
ts=2013-12-18T14:04:19.573694Z id=2371 event=gram.state_machine.end level=TRACE gramid=/16362119948301203016/82473638397243290/ jmstate=GLOBUS_GRAM_JOB_MANAGER_STATE_POLL1 job_state=1 event_registered=false 
ts=2013-12-18T14:04:19.573745Z id=2371 event=gram.state_machine.start level=TRACE gramid=/16362119948301203016/82473638397243290/ jmstate=GLOBUS_GRAM_JOB_MANAGER_STATE_POLL1 job_state=1 
ts=2013-12-18T14:04:19.573807Z id=2371 event=gram.handle_seg_event.start level=DEBUG state=2 gramid=/16362119948301203016/82473638397243290/ jobid="833552.torque.grid.uj.ac.za" 
ts=2013-12-18T14:04:19.573860Z id=2371 event=gram.set_job_status.start level=TRACE gramid=/16362119948301203016/82473638397243290/ state=2 failure_code=0 
ts=2013-12-18T14:04:19.573911Z id=2371 event=gram.set_job_status.end level=TRACE gramid=/16362119948301203016/82473638397243290/ state=2 failure_code=0 status=0 
ts=2013-12-18T14:04:19.573964Z id=2371 event=gram.handle_seg_event.end level=DEBUG state=2 gramid=/16362119948301203016/82473638397243290/ jobid="833552.torque.grid.uj.ac.za" 
ts=2013-12-18T14:04:19.574501Z id=2371 event=gram.remove_reference.start level=TRACE gramid=/16362119948301203016/82473638397243290/ reason="SEG event" 
ts=2013-12-18T14:04:19.574569Z id=2371 event=gram.remove_reference.info level=TRACE gramid=/16362119948301203016/82473638397243290/ refcount=2 reason="SEG event" 
ts=2013-12-18T14:04:19.574608Z id=2371 event=gram.remove_reference.end level=TRACE gramid=/16362119948301203016/82473638397243290/ status=0  
ts=2013-12-18T14:04:19.574647Z id=2371 event=gram.write_state_file.start level=TRACE gramid=/16362119948301203016/82473638397243290/ path="/var/lib/globus/gram_job_state/usatlas1/5a22992f/pbs/job.16362119948301203016.82473638397243290" 
ts=2013-12-18T14:04:19.748487Z id=2371 event=gram.write_state_file.end level=TRACE gramid=/16362119948301203016/82473638397243290/ path=/var/lib/globus/gram_job_state/usatlas1/5a22992f/pbs/job.16362119948301203016.82473638397243290 status=0 
ts=2013-12-18T14:04:19.748637Z id=2371 event=gram.history_file_create.start level=TRACE gramid=/16362119948301203016/82473638397243290/ 
ts=2013-12-18T14:04:19.748681Z id=2371 event=gram.callback.start level=DEBUG gramid=/16362119948301203016/82473638397243290/ state=2 restart_when_done=false 
ts=2013-12-18T14:04:19.748724Z id=2371 event=gram.add_reference.start level=TRACE gramid=/16362119948301203016/82473638397243290/ ref_reason="Job state callbacks"
ts=2013-12-18T14:04:19.748765Z id=2371 event=gram.add_reference.end level=TRACE gramid=/16362119948301203016/82473638397243290/ status=0 ref_reason="Job state callbacks"
ts=2013-12-18T14:04:19.748831Z id=2371 event=gram.callback.queue.start level=TRACE gramid=/16362119948301203016/82473638397243290/ msg="Queuing status update message" status_message="protocol-version: 2\r\njob-manager-url: https://osg-ce.grid.uj.ac.za:46384/16362119948301203016/82473638397243290/\r\nstatus: 2\r\nfailure-code: 0\r\nversion: \"13.45 (1339593378-83)\"\r\ntoolkit-version: \"UNKNOWN\"\r\n"
ts=2013-12-18T14:04:19.748879Z id=2371 event=gram.callback.queue.process.start level=TRACE gramid=/16362119948301203016/82473638397243290/ msg="Sending status update message" contact=https://osg-ce.grid.uj.ac.za:50886/ status_message="protocol-version: 2\r\njob-manager-url: https://osg-ce.grid.uj.ac.za:46384/16362119948301203016/82473638397243290/\r\nstatus: 2\r\nfailure-code: 0\r\nversion: \"13.45 (1339593378-83)\"\r\ntoolkit-version: \"UNKNOWN\"\r\n"
ts=2013-12-18T14:04:19.749902Z id=2371 event=gram.callback.queue.process.end level=TRACE gramid=/16362119948301203016/82473638397243290/ contact=https://osg-ce.grid.uj.ac.za:50886/ msg="Message posted" status=0 
ts=2013-12-18T14:04:19.750152Z id=2371 event=gram.callback.queue.end level=TRACE gramid=/16362119948301203016/82473638397243290/ status=0
ts=2013-12-18T14:04:19.750217Z id=2371 event=gram.callback.end level=DEBUG gramid=/16362119948301203016/82473638397243290/ state=2 status=0 msg="Done queuing callback messages"
ts=2013-12-18T14:04:19.750381Z id=2371 event=gram.state_machine.end level=TRACE gramid=/16362119948301203016/82473638397243290/ jmstate=GLOBUS_GRAM_JOB_MANAGER_STATE_POLL1 job_state=2 event_registered=false 
ts=2013-12-18T14:04:19.750432Z id=2371 event=gram.state_machine.start level=TRACE gramid=/16362119948301203016/82473638397243290/ jmstate=GLOBUS_GRAM_JOB_MANAGER_STATE_POLL1 job_state=2 
ts=2013-12-18T14:04:19.750483Z id=2371 event=gram.handle_seg_event.start level=DEBUG state=8 gramid=/16362119948301203016/82473638397243290/ jobid="833552.torque.grid.uj.ac.za" 
ts=2013-12-18T14:04:19.750603Z id=2371 event=gram.set_job_status.start level=TRACE gramid=/16362119948301203016/82473638397243290/ state=8 failure_code=0 
ts=2013-12-18T14:04:19.750651Z id=2371 event=gram.set_job_status.end level=TRACE gramid=/16362119948301203016/82473638397243290/ state=8 failure_code=0 status=0 
ts=2013-12-18T14:04:19.750691Z id=2371 event=gram.handle_seg_event.end level=DEBUG state=8 gramid=/16362119948301203016/82473638397243290/ jobid="833552.torque.grid.uj.ac.za" 
ts=2013-12-18T14:04:19.750733Z id=2371 event=gram.remove_reference.start level=TRACE gramid=/16362119948301203016/82473638397243290/ reason="SEG event" 
ts=2013-12-18T14:04:19.750772Z id=2371 event=gram.remove_reference.info level=TRACE gramid=/16362119948301203016/82473638397243290/ refcount=2 reason="SEG event" 
ts=2013-12-18T14:04:19.750834Z id=2371 event=gram.remove_reference.end level=TRACE gramid=/16362119948301203016/82473638397243290/ status=0  
ts=2013-12-18T14:04:19.750874Z id=2371 event=gram.write_state_file.start level=TRACE gramid=/16362119948301203016/82473638397243290/ path="/var/lib/globus/gram_job_state/usatlas1/5a22992f/pbs/job.16362119948301203016.82473638397243290" 
ts=2013-12-18T14:04:20.020210Z id=2371 event=gram.write_state_file.end level=TRACE gramid=/16362119948301203016/82473638397243290/ path=/var/lib/globus/gram_job_state/usatlas1/5a22992f/pbs/job.16362119948301203016.82473638397243290 status=0 
ts=2013-12-18T14:04:20.020369Z id=2371 event=gram.history_file_create.start level=TRACE gramid=/16362119948301203016/82473638397243290/ 
ts=2013-12-18T14:04:20.020414Z id=2371 event=gram.state_machine.end level=TRACE gramid=/16362119948301203016/82473638397243290/ jmstate=GLOBUS_GRAM_JOB_MANAGER_STATE_PRE_CLOSE_OUTPUT job_state=8 event_registered=false 
ts=2013-12-18T14:04:20.020458Z id=2371 event=gram.state_machine.start level=TRACE gramid=/16362119948301203016/82473638397243290/ jmstate=GLOBUS_GRAM_JOB_MANAGER_STATE_PRE_CLOSE_OUTPUT job_state=8 
ts=2013-12-18T14:04:20.020498Z id=2371 event=gram.write_state_file.start level=TRACE gramid=/16362119948301203016/82473638397243290/ path="/var/lib/globus/gram_job_state/usatlas1/5a22992f/pbs/job.16362119948301203016.82473638397243290" 
ts=2013-12-18T14:04:20.132394Z id=2371 event=gram.write_state_file.end level=TRACE gramid=/16362119948301203016/82473638397243290/ path=/var/lib/globus/gram_job_state/usatlas1/5a22992f/pbs/job.16362119948301203016.82473638397243290 status=0 
ts=2013-12-18T14:04:20.132545Z id=2371 event=gram.state_machine.end level=TRACE gramid=/16362119948301203016/82473638397243290/ jmstate=GLOBUS_GRAM_JOB_MANAGER_STATE_CLOSE_OUTPUT job_state=8 event_registered=false 
ts=2013-12-18T14:04:20.132592Z id=2371 event=gram.state_machine.start level=TRACE gramid=/16362119948301203016/82473638397243290/ jmstate=GLOBUS_GRAM_JOB_MANAGER_STATE_CLOSE_OUTPUT job_state=8 
ts=2013-12-18T14:04:20.132796Z id=2371 event=gram.add_reference.start level=TRACE gramid=/16362119948301203016/82473638397243290/ ref_reason="script"
ts=2013-12-18T14:04:20.132839Z id=2371 event=gram.add_reference.end level=TRACE gramid=/16362119948301203016/82473638397243290/ status=0 ref_reason="script"
ts=2013-12-18T14:04:20.132916Z id=2371 event=gram.script.info level=DEBUG msg="Using script handle from fifo" handle=0x20eb040 
ts=2013-12-18T14:04:20.133285Z id=2371 event=gram.state_machine.end level=TRACE gramid=/16362119948301203016/82473638397243290/ jmstate=GLOBUS_GRAM_JOB_MANAGER_STATE_STAGE_OUT job_state=8 event_registered=true 
ts=2013-12-18T14:04:20.133357Z id=2371 event=gram.remove_reference.start level=TRACE gramid=/16362119948301203016/82473638397243290/ reason="state machine" 
ts=2013-12-18T14:04:20.133413Z id=2371 event=gram.remove_reference.info level=TRACE gramid=/16362119948301203016/82473638397243290/ refcount=2 reason="state machine" 
ts=2013-12-18T14:04:20.133451Z id=2371 event=gram.remove_reference.end level=TRACE gramid=/16362119948301203016/82473638397243290/ status=0  
ts=2013-12-18T14:04:20.136694Z id=2371 event=gram.script_write.end level=DEBUG msg="writev callback" nbytes=2415 result=0 pending_ops=2 
 ts=2013-12-18T14:04:20.139408Z id=2371 event=gram.script_read.start level=DEBUG gramid=/16362119948301203016/82473638397243290/ result=0 nbytes=701 
ts=2013-12-18T14:04:20.140730Z id=2371 event=gram.script_read.info level=TRACE gramid=/16362119948301203016/82473638397243290/ response="GRAM_SCRIPT_LOG:msg=\"Using jm supplied job dir: /nfs/home-OSG/usatlas1/.globus/usatlas1/.globus/job/osg-ce/16362119948301203016.82473638397243290\"" 
ts=2013-12-18T14:04:20.140818Z id=2371 event=gram.script.log level=DEBUG msg="Using jm supplied job dir: /nfs/home-OSG/usatlas1/.globus/usatlas1/.globus/job/osg-ce/16362119948301203016.82473638397243290" 
ts=2013-12-18T14:04:20.140889Z id=2371 event=gram.script_read.info level=TRACE gramid=/16362119948301203016/82473638397243290/ response="GRAM_SCRIPT_LOG:msg=\"Checking to see if we'll save the job description: no\"" 
ts=2013-12-18T14:04:20.140931Z id=2371 event=gram.script.log level=DEBUG msg="Checking to see if we'll save the job description: no" 
ts=2013-12-18T14:04:20.141191Z id=2371 event=gram.script_read.info level=TRACE gramid=/16362119948301203016/82473638397243290/ response="GRAM_SCRIPT_LOG:msg=\"Using jm supplied job dir: /nfs/home-OSG/usatlas1/.globus/usatlas1/.globus/job/osg-ce/16362119948301203016.82473638397243290\"" 
ts=2013-12-18T14:04:20.141250Z id=2371 event=gram.script.log level=DEBUG msg="Using jm supplied job dir: /nfs/home-OSG/usatlas1/.globus/usatlas1/.globus/job/osg-ce/16362119948301203016.82473638397243290" 
ts=2013-12-18T14:04:20.141291Z id=2371 event=gram.script_read.info level=TRACE gramid=/16362119948301203016/82473638397243290/ response="GRAM_SCRIPT_LOG:msg=\"Using jm supplied job dir: /nfs/home-OSG/usatlas1/.globus/usatlas1/.globus/job/osg-ce/16362119948301203016.82473638397243290\"" 
ts=2013-12-18T14:04:20.141452Z id=2371 event=gram.script.log level=DEBUG msg="Using jm supplied job dir: /nfs/home-OSG/usatlas1/.globus/usatlas1/.globus/job/osg-ce/16362119948301203016.82473638397243290" 
ts=2013-12-18T14:04:20.141501Z id=2371 event=gram.script_read.info level=TRACE gramid=/16362119948301203016/82473638397243290/ response="GRAM_SCRIPT_LOG:msg=\"stage_out(enter)\"" 
ts=2013-12-18T14:04:20.141540Z id=2371 event=gram.script.log level=DEBUG msg="stage_out(enter)" 
ts=2013-12-18T14:04:20.141580Z id=2371 event=gram.script_read.info level=TRACE gramid=/16362119948301203016/82473638397243290/ response="GRAM_SCRIPT_LOG:msg=\"Sent NFS sync for /nfs/home-OSG/usatlas1/.globus/usatlas1/.globus/job/osg-ce/16362119948301203016.82473638397243290/stdout\"" 
ts=2013-12-18T14:04:20.141625Z id=2371 event=gram.script.log level=DEBUG msg="Sent NFS sync for /nfs/home-OSG/usatlas1/.globus/usatlas1/.globus/job/osg-ce/16362119948301203016.82473638397243290/stdout" 
ts=2013-12-18T14:04:20.141737Z id=2371 event=gram.script_read.start level=DEBUG gramid=/16362119948301203016/82473638397243290/ result=0 nbytes=1072 
ts=2013-12-18T14:04:20.141778Z id=2371 event=gram.script_read.info level=TRACE gramid=/16362119948301203016/82473638397243290/ response="GRAM_SCRIPT_LOG:msg=\"Sent NFS sync for /nfs/home-OSG/usatlas1/.globus/usatlas1/.globus/job/osg-ce/16362119948301203016.82473638397243290/stderr\"" 
ts=2013-12-18T14:04:20.141822Z id=2371 event=gram.script.log level=DEBUG msg="Sent NFS sync for /nfs/home-OSG/usatlas1/.globus/usatlas1/.globus/job/osg-ce/16362119948301203016.82473638397243290/stderr" 
ts=2013-12-18T14:04:20.141867Z id=2371 event=gram.script_read.info level=TRACE gramid=/16362119948301203016/82473638397243290/ response="GRAM_SCRIPT_LOG:msg=\"Staging /nfs/home-OSG/usatlas1/.globus/usatlas1/.globus/job/osg-ce/16362119948301203016.82473638397243290/stderr to https://osg-ce.grid.uj.ac.za:46383/dev/stderr\"" 
ts=2013-12-18T14:04:20.141919Z id=2371 event=gram.script.log level=DEBUG msg="Staging /nfs/home-OSG/usatlas1/.globus/usatlas1/.globus/job/osg-ce/16362119948301203016.82473638397243290/stderr to https://osg-ce.grid.uj.ac.za:46383/dev/stderr" 
ts=2013-12-18T14:04:20.141967Z id=2371 event=gram.script_read.info level=TRACE gramid=/16362119948301203016/82473638397243290/ response="GRAM_SCRIPT_LOG:msg=\"Sent NFS sync for /nfs/home-OSG/usatlas1/.globus/usatlas1/.globus/job/osg-ce/16362119948301203016.82473638397243290/stderr\"" 
ts=2013-12-18T14:04:20.142446Z id=2371 event=gram.script.log level=DEBUG msg="Sent NFS sync for /nfs/home-OSG/usatlas1/.globus/usatlas1/.globus/job/osg-ce/16362119948301203016.82473638397243290/stderr" 
ts=2013-12-18T14:04:20.142587Z id=2371 event=gram.script_read.info level=TRACE gramid=/16362119948301203016/82473638397243290/ response="GRAM_SCRIPT_LOG:msg=\"Staging /nfs/home-OSG/usatlas1/.globus/usatlas1/.globus/job/osg-ce/16362119948301203016.82473638397243290/stderr to https://osg-ce.grid.uj.ac.za:46383/dev/stderr\"" 
ts=2013-12-18T14:04:20.142643Z id=2371 event=gram.script.log level=DEBUG msg="Staging /nfs/home-OSG/usatlas1/.globus/usatlas1/.globus/job/osg-ce/16362119948301203016.82473638397243290/stderr to https://osg-ce.grid.uj.ac.za:46383/dev/stderr" 
ts=2013-12-18T14:04:20.142684Z id=2371 event=gram.script_read.info level=TRACE gramid=/16362119948301203016/82473638397243290/ response="GRAM_SCRIPT_LOG:msg=\"Concretely, staging /nfs/home-OSG/usatlas1/.globus/usatlas1/.globus/job/osg-ce/16362119948301203016.82473638397243290/stderr to https://osg-ce.grid.uj.ac.za:46383/dev/stderr\"" 
ts=2013-12-18T14:04:20.142724Z id=2371 event=gram.script.log level=DEBUG msg="Concretely, staging /nfs/home-OSG/usatlas1/.globus/usatlas1/.globus/job/osg-ce/16362119948301203016.82473638397243290/stderr to https://osg-ce.grid.uj.ac.za:46383/dev/stderr" 
ts=2013-12-18T14:04:20.142765Z id=2371 event=gram.script_read.info level=TRACE gramid=/16362119948301203016/82473638397243290/ response="GRAM_SCRIPT_LOG:msg=\"with command /usr/bin/globus-url-copy file:///nfs/home-OSG/usatlas1/.globus/usatlas1/.globus/job/osg-ce/16362119948301203016.82473638397243290/stderr https://osg-ce.grid.uj.ac.za:46383/dev/stderr\"" 
ts=2013-12-18T14:04:20.142805Z id=2371 event=gram.script.log level=DEBUG msg="with command /usr/bin/globus-url-copy file:///nfs/home-OSG/usatlas1/.globus/usatlas1/.globus/job/osg-ce/16362119948301203016.82473638397243290/stderr https://osg-ce.grid.uj.ac.za:46383/dev/stderr" 
ts=2013-12-18T14:04:20.162466Z id=2371 event=gram.remove_reference.start level=TRACE gramid=/16362119948301203016/82473638397243290/ reason="Job state callbacks" 
ts=2013-12-18T14:04:20.162564Z id=2371 event=gram.remove_reference.info level=TRACE gramid=/16362119948301203016/82473638397243290/ refcount=1 reason="Job state callbacks" 
ts=2013-12-18T14:04:20.162596Z id=2371 event=gram.remove_reference.end level=TRACE gramid=/16362119948301203016/82473638397243290/ status=0  
ts=2013-12-18T14:04:20.245829Z id=2371 event=gram.script_read.start level=DEBUG gramid=/16362119948301203016/82473638397243290/ result=0 nbytes=361 
ts=2013-12-18T14:04:20.246160Z id=2371 event=gram.script_read.info level=TRACE gramid=/16362119948301203016/82473638397243290/ response="GRAM_SCRIPT_STAGED_STREAM:/nfs/home-OSG/usatlas1/.globus/usatlas1/.globus/job/osg-ce/16362119948301203016.82473638397243290/stderr https://osg-ce.grid.uj.ac.za:46383/dev/stderr" 
ts=2013-12-18T14:04:20.246201Z id=2371 event=gram.staging_remove.start level=DEBUG gramid=/16362119948301203016/82473638397243290/ src="/nfs/home-OSG/usatlas1/.globus/usatlas1/.globus/job/osg-ce/16362119948301203016.82473638397243290/stderr" dst="https://osg-ce.grid.uj.ac.za:46383/dev/stderr" type=file_stream_out 
ts=2013-12-18T14:04:20.246223Z id=2371 event=gram.staging_remove.end level=TRACE gramid=/16362119948301203016/82473638397243290/ msg="File staged" src="/nfs/home-OSG/usatlas1/.globus/usatlas1/.globus/job/osg-ce/16362119948301203016.82473638397243290/stderr" dst="https://osg-ce.grid.uj.ac.za:46383/dev/stderr" type=file_stream_out status=0 
ts=2013-12-18T14:04:20.246251Z id=2371 event=gram.write_state_file.start level=TRACE gramid=/16362119948301203016/82473638397243290/ path="/var/lib/globus/gram_job_state/usatlas1/5a22992f/pbs/job.16362119948301203016.82473638397243290" 
ts=2013-12-18T14:04:20.461887Z id=2371 event=gram.write_state_file.end level=TRACE gramid=/16362119948301203016/82473638397243290/ path=/var/lib/globus/gram_job_state/usatlas1/5a22992f/pbs/job.16362119948301203016.82473638397243290 status=0 
ts=2013-12-18T14:04:20.462032Z id=2371 event=gram.script_read.info level=TRACE gramid=/16362119948301203016/82473638397243290/ response="GRAM_SCRIPT_LOG:msg=\"Staging /nfs/home-OSG/usatlas1/.globus/usatlas1/.globus/job/osg-ce/16362119948301203016.82473638397243290/stdout to https://osg-ce.grid.uj.ac.za:46383/dev/stdout\"" 
ts=2013-12-18T14:04:20.462059Z id=2371 event=gram.script.log level=DEBUG msg="Staging /nfs/home-OSG/usatlas1/.globus/usatlas1/.globus/job/osg-ce/16362119948301203016.82473638397243290/stdout to https://osg-ce.grid.uj.ac.za:46383/dev/stdout" 
ts=2013-12-18T14:04:20.462170Z id=2371 event=gram.script_read.start level=DEBUG gramid=/16362119948301203016/82473638397243290/ result=0 nbytes=959 
ts=2013-12-18T14:04:20.462192Z id=2371 event=gram.script_read.info level=TRACE gramid=/16362119948301203016/82473638397243290/ response="GRAM_SCRIPT_LOG:msg=\"Sent NFS sync for /nfs/home-OSG/usatlas1/.globus/usatlas1/.globus/job/osg-ce/16362119948301203016.82473638397243290/stdout\"" 
ts=2013-12-18T14:04:20.462213Z id=2371 event=gram.script.log level=DEBUG msg="Sent NFS sync for /nfs/home-OSG/usatlas1/.globus/usatlas1/.globus/job/osg-ce/16362119948301203016.82473638397243290/stdout" 
ts=2013-12-18T14:04:20.462233Z id=2371 event=gram.script_read.info level=TRACE gramid=/16362119948301203016/82473638397243290/ response="GRAM_SCRIPT_LOG:msg=\"Staging /nfs/home-OSG/usatlas1/.globus/usatlas1/.globus/job/osg-ce/16362119948301203016.82473638397243290/stdout to https://osg-ce.grid.uj.ac.za:46383/dev/stdout\"" 
ts=2013-12-18T14:04:20.462251Z id=2371 event=gram.script.log level=DEBUG msg="Staging /nfs/home-OSG/usatlas1/.globus/usatlas1/.globus/job/osg-ce/16362119948301203016.82473638397243290/stdout to https://osg-ce.grid.uj.ac.za:46383/dev/stdout" 
ts=2013-12-18T14:04:20.462270Z id=2371 event=gram.script_read.info level=TRACE gramid=/16362119948301203016/82473638397243290/ response="GRAM_SCRIPT_LOG:msg=\"Concretely, staging /nfs/home-OSG/usatlas1/.globus/usatlas1/.globus/job/osg-ce/16362119948301203016.82473638397243290/stdout to https://osg-ce.grid.uj.ac.za:46383/dev/stdout\"" 
ts=2013-12-18T14:04:20.462288Z id=2371 event=gram.script.log level=DEBUG msg="Concretely, staging /nfs/home-OSG/usatlas1/.globus/usatlas1/.globus/job/osg-ce/16362119948301203016.82473638397243290/stdout to https://osg-ce.grid.uj.ac.za:46383/dev/stdout" 
ts=2013-12-18T14:04:20.462307Z id=2371 event=gram.script_read.info level=TRACE gramid=/16362119948301203016/82473638397243290/ response="GRAM_SCRIPT_LOG:msg=\"with command /usr/bin/globus-url-copy file:///nfs/home-OSG/usatlas1/.globus/usatlas1/.globus/job/osg-ce/16362119948301203016.82473638397243290/stdout https://osg-ce.grid.uj.ac.za:46383/dev/stdout\"" 
ts=2013-12-18T14:04:20.462325Z id=2371 event=gram.script.log level=DEBUG msg="with command /usr/bin/globus-url-copy file:///nfs/home-OSG/usatlas1/.globus/usatlas1/.globus/job/osg-ce/16362119948301203016.82473638397243290/stdout https://osg-ce.grid.uj.ac.za:46383/dev/stdout" 
ts=2013-12-18T14:04:20.462361Z id=2371 event=gram.script_read.info level=TRACE gramid=/16362119948301203016/82473638397243290/ response="GRAM_SCRIPT_STAGED_STREAM:/nfs/home-OSG/usatlas1/.globus/usatlas1/.globus/job/osg-ce/16362119948301203016.82473638397243290/stdout https://osg-ce.grid.uj.ac.za:46383/dev/stdout" 
ts=2013-12-18T14:04:20.462390Z id=2371 event=gram.staging_remove.start level=DEBUG gramid=/16362119948301203016/82473638397243290/ src="/nfs/home-OSG/usatlas1/.globus/usatlas1/.globus/job/osg-ce/16362119948301203016.82473638397243290/stdout" dst="https://osg-ce.grid.uj.ac.za:46383/dev/stdout" type=file_stream_out 
ts=2013-12-18T14:04:20.462410Z id=2371 event=gram.staging_remove.end level=TRACE gramid=/16362119948301203016/82473638397243290/ msg="File staged" src="/nfs/home-OSG/usatlas1/.globus/usatlas1/.globus/job/osg-ce/16362119948301203016.82473638397243290/stdout" dst="https://osg-ce.grid.uj.ac.za:46383/dev/stdout" type=file_stream_out status=0 
ts=2013-12-18T14:04:20.462431Z id=2371 event=gram.write_state_file.start level=TRACE gramid=/16362119948301203016/82473638397243290/ path="/var/lib/globus/gram_job_state/usatlas1/5a22992f/pbs/job.16362119948301203016.82473638397243290" 
ts=2013-12-18T14:04:20.613687Z id=2371 event=gram.write_state_file.end level=TRACE gramid=/16362119948301203016/82473638397243290/ path=/var/lib/globus/gram_job_state/usatlas1/5a22992f/pbs/job.16362119948301203016.82473638397243290 status=0 
ts=2013-12-18T14:04:20.613798Z id=2371 event=gram.script_read.info level=TRACE gramid=/16362119948301203016/82473638397243290/ response="GRAM_SCRIPT_LOG:msg=\"stage_out(exit)\"" 
ts=2013-12-18T14:04:20.613858Z id=2371 event=gram.script.log level=DEBUG msg="stage_out(exit)" 
ts=2013-12-18T14:04:20.613903Z id=2371 event=gram.script_read.info level=TRACE gramid=/16362119948301203016/82473638397243290/ response="" 
ts=2013-12-18T14:04:20.613953Z id=2371 event=gram.add_reference.start level=TRACE gramid=/16362119948301203016/82473638397243290/ ref_reason="state machine"
ts=2013-12-18T14:04:20.614211Z id=2371 event=gram.add_reference.end level=TRACE gramid=/16362119948301203016/82473638397243290/ status=0 ref_reason="state machine"
ts=2013-12-18T14:04:20.614262Z id=2371 event=gram.script_read.end level=TRACE gramid=/16362119948301203016/82473638397243290/ status=0 
ts=2013-12-18T14:04:20.614303Z id=2371 event=gram.remove_reference.start level=TRACE gramid=/16362119948301203016/82473638397243290/ reason="script" 
ts=2013-12-18T14:04:20.614362Z id=2371 event=gram.remove_reference.info level=TRACE gramid=/16362119948301203016/82473638397243290/ refcount=1 reason="script" 
ts=2013-12-18T14:04:20.614402Z id=2371 event=gram.remove_reference.end level=TRACE gramid=/16362119948301203016/82473638397243290/ status=0  
ts=2013-12-18T14:04:20.614866Z id=2371 event=gram.state_machine.start level=TRACE gramid=/16362119948301203016/82473638397243290/ jmstate=GLOBUS_GRAM_JOB_MANAGER_STATE_STAGE_OUT job_state=8 
ts=2013-12-18T14:04:20.614930Z id=2371 event=gram.set_job_status.start level=TRACE gramid=/16362119948301203016/82473638397243290/ state=8 failure_code=0 
ts=2013-12-18T14:04:20.615302Z id=2371 event=gram.set_job_status.end level=TRACE gramid=/16362119948301203016/82473638397243290/ state=8 failure_code=0 status=0 
ts=2013-12-18T14:04:20.615353Z id=2371 event=gram.callback.start level=DEBUG gramid=/16362119948301203016/82473638397243290/ state=8 restart_when_done=false 
ts=2013-12-18T14:04:20.615425Z id=2371 event=gram.add_reference.start level=TRACE gramid=/16362119948301203016/82473638397243290/ ref_reason="Job state callbacks"
ts=2013-12-18T14:04:20.615466Z id=2371 event=gram.add_reference.end level=TRACE gramid=/16362119948301203016/82473638397243290/ status=0 ref_reason="Job state callbacks"
ts=2013-12-18T14:04:20.615531Z id=2371 event=gram.callback.queue.start level=TRACE gramid=/16362119948301203016/82473638397243290/ msg="Queuing status update message" status_message="protocol-version: 2\r\njob-manager-url: https://osg-ce.grid.uj.ac.za:46384/16362119948301203016/82473638397243290/\r\nstatus: 8\r\nfailure-code: 0\r\nversion: \"13.45 (1339593378-83)\"\r\ntoolkit-version: \"UNKNOWN\"\r\nexit-code: \"0\"\r\n"
ts=2013-12-18T14:04:20.615713Z id=2371 event=gram.callback.queue.process.start level=TRACE gramid=/16362119948301203016/82473638397243290/ msg="Sending status update message" contact=https://osg-ce.grid.uj.ac.za:50886/ status_message="protocol-version: 2\r\njob-manager-url: https://osg-ce.grid.uj.ac.za:46384/16362119948301203016/82473638397243290/\r\nstatus: 8\r\nfailure-code: 0\r\nversion: \"13.45 (1339593378-83)\"\r\ntoolkit-version: \"UNKNOWN\"\r\nexit-code: \"0\"\r\n"
ts=2013-12-18T14:04:20.616328Z id=2371 event=gram.callback.queue.process.end level=TRACE gramid=/16362119948301203016/82473638397243290/ contact=https://osg-ce.grid.uj.ac.za:50886/ msg="Message posted" status=0 
ts=2013-12-18T14:04:20.616630Z id=2371 event=gram.callback.queue.end level=TRACE gramid=/16362119948301203016/82473638397243290/ status=0
ts=2013-12-18T14:04:20.616678Z id=2371 event=gram.callback.end level=DEBUG gramid=/16362119948301203016/82473638397243290/ state=8 status=0 msg="Done queuing callback messages"
ts=2013-12-18T14:04:20.616717Z id=2371 event=gram.state_machine.end level=TRACE gramid=/16362119948301203016/82473638397243290/ jmstate=GLOBUS_GRAM_JOB_MANAGER_STATE_TWO_PHASE_END job_state=8 event_registered=false 
ts=2013-12-18T14:04:20.616756Z id=2371 event=gram.state_machine.start level=TRACE gramid=/16362119948301203016/82473638397243290/ jmstate=GLOBUS_GRAM_JOB_MANAGER_STATE_TWO_PHASE_END job_state=8 
ts=2013-12-18T14:04:20.616801Z id=2371 event=gram.state_machine.end level=TRACE gramid=/16362119948301203016/82473638397243290/ jmstate=GLOBUS_GRAM_JOB_MANAGER_STATE_TWO_PHASE_END_COMMITTED job_state=8 event_registered=false 
ts=2013-12-18T14:04:20.616893Z id=2371 event=gram.state_machine.start level=TRACE gramid=/16362119948301203016/82473638397243290/ jmstate=GLOBUS_GRAM_JOB_MANAGER_STATE_TWO_PHASE_END_COMMITTED job_state=8 
ts=2013-12-18T14:04:20.616957Z id=2371 event=gram.state_machine.end level=TRACE gramid=/16362119948301203016/82473638397243290/ jmstate=GLOBUS_GRAM_JOB_MANAGER_STATE_FILE_CLEAN_UP job_state=8 event_registered=false 
ts=2013-12-18T14:04:20.617226Z id=2371 event=gram.state_machine.start level=TRACE gramid=/16362119948301203016/82473638397243290/ jmstate=GLOBUS_GRAM_JOB_MANAGER_STATE_FILE_CLEAN_UP job_state=8 
ts=2013-12-18T14:04:20.617275Z id=2371 event=gram.state_machine.end level=TRACE gramid=/16362119948301203016/82473638397243290/ jmstate=GLOBUS_GRAM_JOB_MANAGER_STATE_SCRATCH_CLEAN_UP job_state=8 event_registered=false 
ts=2013-12-18T14:04:20.617433Z id=2371 event=gram.state_machine.start level=TRACE gramid=/16362119948301203016/82473638397243290/ jmstate=GLOBUS_GRAM_JOB_MANAGER_STATE_SCRATCH_CLEAN_UP job_state=8 
ts=2013-12-18T14:04:20.617482Z id=2371 event=gram.directory_destroy.start level=TRACE gramid=/16362119948301203016/82473638397243290/ path="/nfs/home-OSG/usatlas1/.globus/usatlas1/.globus/job/osg-ce/16362119948301203016.82473638397243290" 
ts=2013-12-18T14:04:20.618827Z id=2371 event=gram.directory_destroy.info level=TRACE gramid=/16362119948301203016/82473638397243290/ path="/nfs/home-OSG/usatlas1/.globus/usatlas1/.globus/job/osg-ce/16362119948301203016.82473638397243290/x509_user_proxy" msg="About to unlink" 
ts=2013-12-18T14:04:20.619742Z id=2371 event=gram.directory_destroy.info level=TRACE gramid=/16362119948301203016/82473638397243290/ path="/nfs/home-OSG/usatlas1/.globus/usatlas1/.globus/job/osg-ce/16362119948301203016.82473638397243290/scheduler_pbs_job_script" msg="About to unlink" 
ts=2013-12-18T14:04:20.620553Z id=2371 event=gram.directory_destroy.info level=TRACE gramid=/16362119948301203016/82473638397243290/ path="/nfs/home-OSG/usatlas1/.globus/usatlas1/.globus/job/osg-ce/16362119948301203016.82473638397243290/stdout" msg="About to unlink" 
ts=2013-12-18T14:04:20.621395Z id=2371 event=gram.directory_destroy.info level=TRACE gramid=/16362119948301203016/82473638397243290/ path="/nfs/home-OSG/usatlas1/.globus/usatlas1/.globus/job/osg-ce/16362119948301203016.82473638397243290/stderr" msg="About to unlink" 
ts=2013-12-18T14:04:20.622492Z id=2371 event=gram.directory_destroy.info level=TRACE gramid=/16362119948301203016/82473638397243290/ path="/nfs/home-OSG/usatlas1/.globus/usatlas1/.globus/job/osg-ce/16362119948301203016.82473638397243290/scheduler_pbs_submit_stderr" msg="About to unlink" 
ts=2013-12-18T14:04:20.623233Z id=2371 event=gram.directory_destroy.end level=DEBUG gramid=/16362119948301203016/82473638397243290/ path="/nfs/home-OSG/usatlas1/.globus/usatlas1/.globus/job/osg-ce/16362119948301203016.82473638397243290" failures=0 status=0 
ts=2013-12-18T14:04:20.639456Z id=2371 event=gram.state_machine.end level=TRACE gramid=/16362119948301203016/82473638397243290/ jmstate=GLOBUS_GRAM_JOB_MANAGER_STATE_CACHE_CLEAN_UP job_state=8 event_registered=false 
ts=2013-12-18T14:04:20.639550Z id=2371 event=gram.state_machine.start level=TRACE gramid=/16362119948301203016/82473638397243290/ jmstate=GLOBUS_GRAM_JOB_MANAGER_STATE_CACHE_CLEAN_UP job_state=8 
ts=2013-12-18T14:04:20.639647Z id=2371 event=gram.state_machine.end level=TRACE gramid=/16362119948301203016/82473638397243290/ jmstate=GLOBUS_GRAM_JOB_MANAGER_STATE_DONE job_state=8 event_registered=false 
ts=2013-12-18T14:04:20.639692Z id=2371 event=gram.state_machine.start level=TRACE gramid=/16362119948301203016/82473638397243290/ jmstate=GLOBUS_GRAM_JOB_MANAGER_STATE_DONE job_state=8 
ts=2013-12-18T14:04:20.640197Z id=2371 event=gram.state_machine.end level=TRACE gramid=/16362119948301203016/82473638397243290/ jmstate=GLOBUS_GRAM_JOB_MANAGER_STATE_DONE job_state=8 event_registered=true 
ts=2013-12-18T14:04:20.640259Z id=2371 event=gram.remove_reference.start level=TRACE gramid=/16362119948301203016/82473638397243290/ reason="state machine" 
ts=2013-12-18T14:04:20.640335Z id=2371 event=gram.remove_reference.info level=TRACE gramid=/16362119948301203016/82473638397243290/ refcount=1 reason="state machine" 
ts=2013-12-18T14:04:20.640386Z id=2371 event=gram.remove_reference.end level=TRACE gramid=/16362119948301203016/82473638397243290/ status=0  
ts=2013-12-18T14:04:20.653377Z id=2371 event=gram.remove_reference.start level=TRACE gramid=/16362119948301203016/82473638397243290/ reason="Job state callbacks" 
ts=2013-12-18T14:04:20.653511Z id=2371 event=gram.remove_reference.info level=TRACE gramid=/16362119948301203016/82473638397243290/ refcount=0 reason="Job state callbacks" 
ts=2013-12-18T14:04:20.653573Z id=2371 event=gram.remove_reference.info level=TRACE gramid=/16362119948301203016/82473638397243290/ refcount=0 msg="Freeing state for unreferenced, completed job" reason="Job state callbacks" 
ts=2013-12-18T14:04:20.653666Z id=2371 event=gram.remove_reference.end level=TRACE gramid=/16362119948301203016/82473638397243290/ status=0  
ts=2013-12-18T14:04:53.590472Z id=2371 event=gram.seg.event.start level=TRACE segid="833513.torque.grid.uj.ac.za" state=8 event_ts=1387375494
ts=2013-12-18T14:04:53.590608Z id=2371 event=gram.add_reference_by_jobid.start level=TRACE jobid="833513.torque.grid.uj.ac.za" reason="SEG event" 
ts=2013-12-18T14:04:53.590637Z id=2371 event=gram.seg.event.end level=TRACE segid="833513.torque.grid.uj.ac.za" reason="Event ID doesn't match known job id"
ts=2013-12-18T14:05:04.697179Z id=2371 event=gram.script_idle.info level=DEBUG msg="closing idle script handle after 44.0 seconds
 