10/16/14 11:29:00 (pid:11668) ******************************************************
10/16/14 11:29:00 (pid:11668) ** condor_startd (CONDOR_STARTD) STARTING UP
10/16/14 11:29:00 (pid:11668) ** /export/data1/condor/execute/dir_28155/glide_d9CZiu/main/condor/sbin/condor_startd
10/16/14 11:29:00 (pid:11668) ** SubsystemInfo: name=STARTD type=STARTD(7) class=DAEMON(1)
10/16/14 11:29:00 (pid:11668) ** Configuration: subsystem:STARTD local:<NONE> class:DAEMON
10/16/14 11:29:00 (pid:11668) ** $CondorVersion: 8.2.2 Aug 07 2014 BuildID: 265643 $
10/16/14 11:29:00 (pid:11668) ** $CondorPlatform: x86_64_RedHat5 $
10/16/14 11:29:00 (pid:11668) ** PID = 11668
10/16/14 11:29:00 (pid:11668) ** Log last touched time unavailable (No such file or directory)
10/16/14 11:29:00 (pid:11668) ******************************************************
10/16/14 11:29:00 (pid:11668) Using config source: /condor/execute/dir_28155/glide_d9CZiu/condor_config
10/16/14 11:29:00 (pid:11668) config Macros = 263, Sorted = 263, StringBytes = 14647, TablesBytes = 9508
10/16/14 11:29:00 (pid:11668) CLASSAD_CACHING is ENABLED
10/16/14 11:29:00 (pid:11668) Daemon Log is logging: D_ALWAYS D_ERROR D_JOB
10/16/14 11:29:00 (pid:11668) DaemonCore: command socket at <18.12.8.182:54733?noUDP>
10/16/14 11:29:00 (pid:11668) DaemonCore: private command socket at <18.12.8.182:54733>
10/16/14 11:29:00 (pid:11668) CCBListener: registered with CCB server osg-flock.grid.iu.edu:9942 as ccbid 129.79.53.179:9942#204840
10/16/14 11:29:00 (pid:11668) my_popenv failed
10/16/14 11:29:00 (pid:11668) Failed to run hibernation plugin '/condor/execute/dir_28155/glide_d9CZiu/main/condor/libexec/condor_power_state ad'
10/16/14 11:29:00 (pid:11668) VM-gahp server reported an internal error
10/16/14 11:29:00 (pid:11668) VM universe will be tested to check if it is available
10/16/14 11:29:00 (pid:11668) History file rotation is enabled.
10/16/14 11:29:00 (pid:11668)   Maximum history file size is: 20971520 bytes
10/16/14 11:29:00 (pid:11668)   Number of rotated history files is: 2
10/16/14 11:29:00 (pid:11668) Allocating auto shares for slot type 1: Cpus: 1.000000, Memory: auto, Swap: auto, Disk: auto
10/16/14 11:29:00 (pid:11668) New machine resource of type 1 allocated
10/16/14 11:29:00 (pid:11668) Setting up slot pairings
10/16/14 11:29:00 (pid:11668) my_popenv failed
10/16/14 11:29:00 (pid:11668) Adding 'mips' to the Supplimental ClassAd list
10/16/14 11:29:00 (pid:11668) CronJobList: Adding job 'mips'
10/16/14 11:29:00 (pid:11668) Adding 'kflops' to the Supplimental ClassAd list
10/16/14 11:29:00 (pid:11668) CronJobList: Adding job 'kflops'
10/16/14 11:29:00 (pid:11668) CronJob: Initializing job 'mips' (/condor/execute/dir_28155/glide_d9CZiu/main/condor/libexec/condor_mips)
10/16/14 11:29:00 (pid:11668) CronJob: Initializing job 'kflops' (/condor/execute/dir_28155/glide_d9CZiu/main/condor/libexec/condor_kflops)
10/16/14 11:29:00 (pid:11668) State change: IS_OWNER is false
10/16/14 11:29:00 (pid:11668) Changing state: Owner -> Unclaimed
10/16/14 11:29:00 (pid:11668) State change: RunBenchmarks is TRUE
10/16/14 11:29:00 (pid:11668) Changing activity: Idle -> Benchmarking
10/16/14 11:29:00 (pid:11668) BenchMgr:StartBenchmarks()
10/16/14 11:29:26 (pid:11668) State change: benchmarks completed
10/16/14 11:29:26 (pid:11668) Changing activity: Benchmarking -> Idle
10/16/14 11:29:41 (pid:11668) REQ_CLASSAD:
10/16/14 11:29:41 (pid:11668) Request accepted.
10/16/14 11:29:41 (pid:11668) Remote owner is lfzhao@login01.osgconnect.net
10/16/14 11:29:41 (pid:11668) State change: claiming protocol successful
10/16/14 11:29:41 (pid:11668) Changing state: Unclaimed -> Claimed
10/16/14 11:29:41 (pid:11668) Got activate_claim request from shadow (192.170.227.195)
10/16/14 11:29:41 (pid:11668) REQ_CLASSAD:
10/16/14 11:29:41 (pid:11668) Remote job ID is 1261963.71
10/16/14 11:29:41 (pid:11668) Got universe "VANILLA" (5) from request classad
10/16/14 11:29:41 (pid:11668) State change: claim-activation protocol successful
10/16/14 11:29:41 (pid:11668) Changing activity: Idle -> Busy
10/16/14 11:29:59 (pid:11668) Updated job ClassAd:
10/16/14 11:35:00 (pid:11668) Updated job ClassAd:
10/16/14 11:40:00 (pid:11668) Updated job ClassAd:
10/16/14 11:45:00 (pid:11668) Updated job ClassAd:
10/16/14 11:50:01 (pid:11668) Updated job ClassAd:
10/16/14 11:55:01 (pid:11668) Updated job ClassAd:
10/16/14 12:00:02 (pid:11668) Updated job ClassAd:
10/16/14 12:05:03 (pid:11668) Updated job ClassAd:
10/16/14 12:10:04 (pid:11668) Updated job ClassAd:
10/16/14 12:15:05 (pid:11668) Updated job ClassAd:
10/16/14 12:20:05 (pid:11668) Updated job ClassAd:
10/16/14 12:25:05 (pid:11668) Updated job ClassAd:
10/16/14 12:30:05 (pid:11668) Updated job ClassAd:
10/16/14 12:35:06 (pid:11668) Updated job ClassAd:
10/16/14 12:40:07 (pid:11668) Updated job ClassAd:
10/16/14 12:45:07 (pid:11668) Updated job ClassAd:
10/16/14 12:50:07 (pid:11668) Updated job ClassAd:
10/16/14 12:55:08 (pid:11668) Updated job ClassAd:
10/16/14 13:00:10 (pid:11668) Updated job ClassAd:
10/16/14 13:05:10 (pid:11668) Updated job ClassAd:
10/16/14 13:10:11 (pid:11668) Updated job ClassAd:
10/16/14 13:15:13 (pid:11668) Updated job ClassAd:
10/16/14 13:20:13 (pid:11668) Updated job ClassAd:
10/16/14 13:22:41 (pid:11668) Updated job ClassAd:
10/16/14 13:22:42 (pid:11668) Updated job ClassAd:
10/16/14 13:22:42 (pid:11668) Updated job ClassAd:
10/16/14 13:22:43 (pid:11668) Updated job ClassAd:
10/16/14 13:22:43 (pid:11668) Updated job ClassAd:
10/16/14 13:22:44 (pid:11668) Got ACTIVATE_CLAIM while in Claimed/Busy state, ignoring.
10/16/14 13:22:44 (pid:11668) Called deactivate_claim_forcibly()
10/16/14 13:22:44 (pid:11668) Updated job ClassAd:
10/16/14 13:22:44 (pid:11668) Updated job ClassAd:
10/16/14 13:23:04 (pid:11668) State change: claim no longer recognized by the schedd - removing claim
10/16/14 13:23:04 (pid:11668) Changing state and activity: Claimed/Busy -> Preempting/Killing
10/16/14 13:23:14 (pid:11668) starter (pid 12742) is not responding to the request to hardkill its job.  The startd will now directly hard kill the starter and all its decendents.
10/16/14 13:23:14 (pid:11668) Starter pid 12742 died on signal 9 (signal 9 (Killed))
10/16/14 13:23:14 (pid:11668) State change: starter exited
10/16/14 13:23:14 (pid:11668) State change: No preempting claim, returning to owner
10/16/14 13:23:14 (pid:11668) Changing state and activity: Preempting/Killing -> Owner/Idle
10/16/14 13:23:14 (pid:11668) State change: IS_OWNER is false
10/16/14 13:23:14 (pid:11668) Changing state: Owner -> Unclaimed
10/16/14 13:24:09 (pid:11668) REQ_CLASSAD:
10/16/14 13:24:09 (pid:11668) Request accepted.
10/16/14 13:24:09 (pid:11668) Remote owner is lfzhao@login01.osgconnect.net
10/16/14 13:24:09 (pid:11668) State change: claiming protocol successful
10/16/14 13:24:09 (pid:11668) Changing state: Unclaimed -> Claimed
10/16/14 13:24:09 (pid:11668) Got activate_claim request from shadow (192.170.227.195)
10/16/14 13:24:09 (pid:11668) REQ_CLASSAD:
10/16/14 13:24:09 (pid:11668) Remote job ID is 1261962.20
10/16/14 13:24:09 (pid:11668) Got universe "VANILLA" (5) from request classad
10/16/14 13:24:09 (pid:11668) State change: claim-activation protocol successful
10/16/14 13:24:09 (pid:11668) Changing activity: Idle -> Busy
10/16/14 13:24:10 (pid:11668) Updated job ClassAd:
10/16/14 13:24:10 (pid:11668) Starter pid 15391 exited with status 4
10/16/14 13:24:10 (pid:11668) State change: starter exited
10/16/14 13:24:10 (pid:11668) Changing activity: Busy -> Idle
10/16/14 13:24:10 (pid:11668) Got activate_claim request from shadow (192.170.227.195)
10/16/14 13:24:10 (pid:11668) REQ_CLASSAD:
10/16/14 13:24:10 (pid:11668) Remote job ID is 1261861.78
10/16/14 13:24:10 (pid:11668) Got universe "VANILLA" (5) from request classad
10/16/14 13:24:10 (pid:11668) State change: claim-activation protocol successful
10/16/14 13:24:10 (pid:11668) Changing activity: Idle -> Busy
10/16/14 13:24:11 (pid:11668) Updated job ClassAd:
10/16/14 13:24:11 (pid:11668) Starter pid 15581 exited with status 4
10/16/14 13:24:11 (pid:11668) State change: starter exited
10/16/14 13:24:11 (pid:11668) Changing activity: Busy -> Idle
10/16/14 13:24:11 (pid:11668) Got activate_claim request from shadow (192.170.227.195)
10/16/14 13:24:11 (pid:11668) REQ_CLASSAD:
10/16/14 13:24:11 (pid:11668) Remote job ID is 1261913.12
10/16/14 13:24:11 (pid:11668) Got universe "VANILLA" (5) from request classad
10/16/14 13:24:11 (pid:11668) State change: claim-activation protocol successful
10/16/14 13:24:11 (pid:11668) Changing activity: Idle -> Busy
10/16/14 13:24:11 (pid:11668) Updated job ClassAd:
10/16/14 13:24:12 (pid:11668) Starter pid 15618 exited with status 4
10/16/14 13:24:12 (pid:11668) State change: starter exited
10/16/14 13:24:12 (pid:11668) Changing activity: Busy -> Idle
10/16/14 13:24:12 (pid:11668) Got activate_claim request from shadow (192.170.227.195)
10/16/14 13:24:12 (pid:11668) REQ_CLASSAD:
10/16/14 13:24:12 (pid:11668) Remote job ID is 1261914.88
10/16/14 13:24:12 (pid:11668) Got universe "VANILLA" (5) from request classad
10/16/14 13:24:12 (pid:11668) State change: claim-activation protocol successful
10/16/14 13:24:12 (pid:11668) Changing activity: Idle -> Busy
10/16/14 13:24:12 (pid:11668) Updated job ClassAd:
10/16/14 13:24:12 (pid:11668) Starter pid 15640 exited with status 4
10/16/14 13:24:12 (pid:11668) State change: starter exited
10/16/14 13:24:12 (pid:11668) Changing activity: Busy -> Idle
10/16/14 13:24:13 (pid:11668) Got activate_claim request from shadow (192.170.227.195)
10/16/14 13:24:13 (pid:11668) REQ_CLASSAD:
10/16/14 13:24:13 (pid:11668) Remote job ID is 1261073.62
10/16/14 13:24:13 (pid:11668) Got universe "VANILLA" (5) from request classad
10/16/14 13:24:13 (pid:11668) State change: claim-activation protocol successful
10/16/14 13:24:13 (pid:11668) Changing activity: Idle -> Busy
10/16/14 13:24:13 (pid:11668) Updated job ClassAd:
10/16/14 13:24:13 (pid:11668) Starter pid 15664 exited with status 4
10/16/14 13:24:13 (pid:11668) State change: starter exited
10/16/14 13:24:13 (pid:11668) Changing activity: Busy -> Idle
10/16/14 13:30:53 (pid:11668) State change: claim no longer recognized by the schedd - removing claim
10/16/14 13:30:53 (pid:11668) Changing state and activity: Claimed/Idle -> Preempting/Killing
10/16/14 13:30:53 (pid:11668) State change: No preempting claim, returning to owner
10/16/14 13:30:53 (pid:11668) Changing state and activity: Preempting/Killing -> Owner/Idle
10/16/14 13:30:53 (pid:11668) State change: IS_OWNER is false
10/16/14 13:30:53 (pid:11668) Changing state: Owner -> Unclaimed
10/16/14 13:36:07 (pid:11668) REQ_CLASSAD:
10/16/14 13:36:07 (pid:11668) Request accepted.
10/16/14 13:36:07 (pid:11668) Remote owner is jenkins@login01.osgconnect.net
10/16/14 13:36:07 (pid:11668) State change: claiming protocol successful
10/16/14 13:36:07 (pid:11668) Changing state: Unclaimed -> Claimed
10/16/14 13:36:07 (pid:11668) Got activate_claim request from shadow (192.170.227.195)
10/16/14 13:36:07 (pid:11668) REQ_CLASSAD:
10/16/14 13:36:07 (pid:11668) Remote job ID is 1278600.47
10/16/14 13:36:07 (pid:11668) Got universe "VANILLA" (5) from request classad
10/16/14 13:36:07 (pid:11668) State change: claim-activation protocol successful
10/16/14 13:36:07 (pid:11668) Changing activity: Idle -> Busy
10/16/14 14:08:25 (pid:11668) Updated job ClassAd:
10/16/14 14:08:25 (pid:11668) Updated job ClassAd:
10/16/14 14:08:26 (pid:11668) Updated job ClassAd:
10/16/14 14:08:26 (pid:11668) Updated job ClassAd:
10/16/14 14:08:27 (pid:11668) Updated job ClassAd:
10/16/14 14:09:27 (pid:11668) State change: claim no longer recognized by the schedd - removing claim
10/16/14 14:09:27 (pid:11668) Changing state and activity: Claimed/Busy -> Preempting/Killing
10/16/14 14:09:27 (pid:11668) Updated job ClassAd:
10/16/14 14:09:27 (pid:11668) Updated job ClassAd:
10/16/14 14:09:57 (pid:11668) starter (pid 8783) is not responding to the request to hardkill its job.  The startd will now directly hard kill the starter and all its decendents.
10/16/14 14:09:57 (pid:11668) Starter pid 8783 died on signal 9 (signal 9 (Killed))
10/16/14 14:09:57 (pid:11668) State change: starter exited
10/16/14 14:09:57 (pid:11668) State change: No preempting claim, returning to owner
10/16/14 14:09:57 (pid:11668) Changing state and activity: Preempting/Killing -> Owner/Idle
10/16/14 14:09:57 (pid:11668) State change: IS_OWNER is false
10/16/14 14:09:57 (pid:11668) Changing state: Owner -> Unclaimed
10/16/14 14:10:29 (pid:11668) REQ_CLASSAD:
10/16/14 14:10:29 (pid:11668) Request accepted.
10/16/14 14:10:29 (pid:11668) Remote owner is dschultz@login01.osgconnect.net
10/16/14 14:10:29 (pid:11668) State change: claiming protocol successful
10/16/14 14:10:29 (pid:11668) Changing state: Unclaimed -> Claimed
10/16/14 14:10:30 (pid:11668) Got activate_claim request from shadow (192.170.227.195)
10/16/14 14:10:30 (pid:11668) REQ_CLASSAD:
10/16/14 14:10:30 (pid:11668) Remote job ID is 1278655.0
10/16/14 14:10:30 (pid:11668) Got universe "VANILLA" (5) from request classad
10/16/14 14:10:30 (pid:11668) State change: claim-activation protocol successful
10/16/14 14:10:30 (pid:11668) Changing activity: Idle -> Busy
10/16/14 14:10:53 (pid:11668) Updated job ClassAd:
10/16/14 14:10:53 (pid:11668) Updated job ClassAd:
10/16/14 14:10:54 (pid:11668) Called deactivate_claim_forcibly()
10/16/14 14:10:54 (pid:11668) Starter pid 17755 exited with status 0
10/16/14 14:10:54 (pid:11668) State change: starter exited
10/16/14 14:10:54 (pid:11668) Changing activity: Busy -> Idle
10/16/14 14:10:54 (pid:11668) State change: received RELEASE_CLAIM command
10/16/14 14:10:54 (pid:11668) Changing state and activity: Claimed/Idle -> Preempting/Vacating
10/16/14 14:10:54 (pid:11668) State change: No preempting claim, returning to owner
10/16/14 14:10:54 (pid:11668) Changing state and activity: Preempting/Vacating -> Owner/Idle
10/16/14 14:10:54 (pid:11668) State change: IS_OWNER is false
10/16/14 14:10:54 (pid:11668) Changing state: Owner -> Unclaimed
10/16/14 14:10:58 (pid:11668) The DaemonShutdown expression "(DynamicSlot =!= True) && ((((GLIDEIN_ToDie =!= UNDEFINED) && (CurrentTime > GLIDEIN_ToDie)) || (( (Slot1_Activity == "Idle") && (((Slot1_TotalTimeUnclaimedIdle =!= UNDEFINED) && (GLIDEIN_Max_Idle =!= UNDEFINED) && (Slot1_TotalTimeUnclaimedIdle > GLIDEIN_Max_Idle)) || ((GLIDEIN_ToRetire =!= UNDEFINED) && (CurrentTime > GLIDEIN_ToRetire )) || ((Slot1_TotalTimeUnclaimedIdle =!= UNDEFINED) && (Slot1_TotalTimeClaimedBusy =!= UNDEFINED) && (GLIDEIN_Max_Tail =!= UNDEFINED) && (Slot1_TotalTimeUnclaimedIdle > GLIDEIN_Max_Tail))) ) && ((PartitionableSlot =!= True) || (TotalSlots =?=1)))))" evaluated to TRUE: starting graceful shutdown
10/16/14 14:10:58 (pid:11668) Got SIGTERM. Performing graceful shutdown.
10/16/14 14:10:58 (pid:11668) shutdown graceful
10/16/14 14:10:58 (pid:11668) Cron: Killing all jobs
10/16/14 14:10:58 (pid:11668) Cron: Killing all jobs
10/16/14 14:10:58 (pid:11668) Killing job mips
10/16/14 14:10:58 (pid:11668) Killing job kflops
10/16/14 14:10:58 (pid:11668) Deleting cron job manager
10/16/14 14:10:58 (pid:11668) Cron: Killing all jobs
10/16/14 14:10:58 (pid:11668) Cron: Killing all jobs
10/16/14 14:10:58 (pid:11668) CronJobList: Deleting all jobs
10/16/14 14:10:58 (pid:11668) Cron: Killing all jobs
10/16/14 14:10:58 (pid:11668) CronJobList: Deleting all jobs
10/16/14 14:10:58 (pid:11668) Deleting benchmark job mgr
10/16/14 14:10:58 (pid:11668) Cron: Killing all jobs
10/16/14 14:10:58 (pid:11668) Killing job mips
10/16/14 14:10:58 (pid:11668) Killing job kflops
10/16/14 14:10:58 (pid:11668) Cron: Killing all jobs
10/16/14 14:10:58 (pid:11668) Killing job mips
10/16/14 14:10:58 (pid:11668) Killing job kflops
10/16/14 14:10:58 (pid:11668) CronJobList: Deleting all jobs
10/16/14 14:10:58 (pid:11668) CronJobList: Deleting job 'mips'
10/16/14 14:10:58 (pid:11668) CronJob: Deleting job 'mips' (/condor/execute/dir_28155/glide_d9CZiu/main/condor/libexec/condor_mips), timer -1
10/16/14 14:10:58 (pid:11668) CronJobList: Deleting job 'kflops'
10/16/14 14:10:58 (pid:11668) CronJob: Deleting job 'kflops' (/condor/execute/dir_28155/glide_d9CZiu/main/condor/libexec/condor_kflops), timer -1
10/16/14 14:10:58 (pid:11668) Cron: Killing all jobs
10/16/14 14:10:58 (pid:11668) CronJobList: Deleting all jobs
10/16/14 14:10:58 (pid:11668) All resources are free, exiting.
10/16/14 14:10:58 (pid:11668) **** condor_startd (condor_STARTD) pid 11668 EXITING WITH STATUS 99