00:07:36 CDT Gratia: Using config file: /etc/gratia/condor/ProbeConfig
00:07:36 CDT Gratia: condor_meter.pl version 1.09-1 ($Revision: 4443 $ )
00:07:36 CDT Gratia: Running in verbose mode with debugging enabled.
00:20:54 CDT Gratia: Using config file: /etc/gratia/condor/ProbeConfig
00:20:54 CDT Gratia: condor_meter.pl version 1.09-1 ($Revision: 4443 $ )
00:20:54 CDT Gratia: Running in verbose mode with debugging enabled.
00:28:37 CDT Gratia: Using config file: ProbeConfig
00:28:37 CDT Gratia: Probe is not enabled: check /usr/share/gratia/gridftp-transfer/ProbeConfig.
00:34:18 CDT Gratia: Using config file: ProbeConfig
00:34:18 CDT Gratia: Probe is not enabled: check /usr/share/gratia/gridftp-transfer/ProbeConfig.
00:39:08 CDT Gratia: Using config file: /etc/gratia/condor/ProbeConfig
00:39:08 CDT Gratia: condor_meter.pl version 1.09-1 ($Revision: 4443 $ )
00:39:08 CDT Gratia: Running in verbose mode with debugging enabled.
00:58:43 CDT Gratia: Using config file: /etc/gratia/condor/ProbeConfig
00:58:43 CDT Gratia: condor_meter.pl version 1.09-1 ($Revision: 4443 $ )
00:58:43 CDT Gratia: Running in verbose mode with debugging enabled.
01:00:19 CDT Gratia: Using config file: /etc/gratia/condor/ProbeConfig
01:00:19 CDT Gratia: condor_meter.pl version 1.09-1 ($Revision: 4443 $ )
01:00:19 CDT Gratia: Running in verbose mode with debugging enabled.
01:12:27 CDT Gratia: Using config file: ProbeConfig
01:12:27 CDT Gratia: Probe is not enabled: check /usr/share/gratia/gridftp-transfer/ProbeConfig.
01:26:24 CDT Gratia: Using config file: /etc/gratia/condor/ProbeConfig
01:26:24 CDT Gratia: condor_meter.pl version 1.09-1 ($Revision: 4443 $ )
01:26:24 CDT Gratia: Running in verbose mode with debugging enabled.
01:35:52 CDT Gratia: Using config file: ProbeConfig
01:35:52 CDT Gratia: Probe is not enabled: check /usr/share/gratia/gridftp-transfer/ProbeConfig.
01:35:57 CDT Gratia: Using config file: /etc/gratia/condor/ProbeConfig
01:35:57 CDT Gratia: condor_meter.pl version 1.09-1 ($Revision: 4443 $ )
01:35:57 CDT Gratia: Running in verbose mode with debugging enabled.
01:47:32 CDT Gratia: Using config file: /etc/gratia/condor/ProbeConfig
01:47:32 CDT Gratia: condor_meter.pl version 1.09-1 ($Revision: 4443 $ )
01:47:32 CDT Gratia: Running in verbose mode with debugging enabled.
02:11:28 CDT Gratia: Using config file: ProbeConfig
02:11:28 CDT Gratia: Probe is not enabled: check /usr/share/gratia/gridftp-transfer/ProbeConfig.
02:13:49 CDT Gratia: Using config file: /etc/gratia/condor/ProbeConfig
02:13:49 CDT Gratia: condor_meter.pl version 1.09-1 ($Revision: 4443 $ )
02:13:49 CDT Gratia: Running in verbose mode with debugging enabled.
02:16:54 CDT Gratia: Using config file: /etc/gratia/condor/ProbeConfig
02:16:54 CDT Gratia: condor_meter.pl version 1.09-1 ($Revision: 4443 $ )
02:16:54 CDT Gratia: Running in verbose mode with debugging enabled.
02:35:54 CDT Gratia: Using config file: /etc/gratia/condor/ProbeConfig
02:35:54 CDT Gratia: condor_meter.pl version 1.09-1 ($Revision: 4443 $ )
02:35:54 CDT Gratia: Running in verbose mode with debugging enabled.
02:49:11 CDT Gratia: Using config file: ProbeConfig
02:49:11 CDT Gratia: Probe is not enabled: check /usr/share/gratia/gridftp-transfer/ProbeConfig.
02:51:36 CDT Gratia: Using config file: /etc/gratia/condor/ProbeConfig
02:51:36 CDT Gratia: condor_meter.pl version 1.09-1 ($Revision: 4443 $ )
02:51:36 CDT Gratia: Running in verbose mode with debugging enabled.
03:01:22 CDT Gratia: Using config file: ProbeConfig
03:01:22 CDT Gratia: Probe is not enabled: check /usr/share/gratia/gridftp-transfer/ProbeConfig.
03:11:31 CDT Gratia: Using config file: /etc/gratia/condor/ProbeConfig
03:11:31 CDT Gratia: condor_meter.pl version 1.09-1 ($Revision: 4443 $ )
03:11:31 CDT Gratia: Running in verbose mode with debugging enabled.
03:24:51 CDT Gratia: Using config file: /etc/gratia/condor/ProbeConfig
03:24:51 CDT Gratia: condor_meter.pl version 1.09-1 ($Revision: 4443 $ )
03:24:51 CDT Gratia: Running in verbose mode with debugging enabled.
03:37:15 CDT Gratia: Using config file: /etc/gratia/condor/ProbeConfig
03:37:15 CDT Gratia: condor_meter.pl version 1.09-1 ($Revision: 4443 $ )
03:37:15 CDT Gratia: Running in verbose mode with debugging enabled.
03:45:13 CDT Gratia: Using config file: /etc/gratia/condor/ProbeConfig
03:45:13 CDT Gratia: condor_meter.pl version 1.09-1 ($Revision: 4443 $ )
03:45:13 CDT Gratia: Running in verbose mode with debugging enabled.
03:54:19 CDT Gratia: Using config file: ProbeConfig
03:54:19 CDT Gratia: Probe is not enabled: check /usr/share/gratia/gridftp-transfer/ProbeConfig.
04:14:58 CDT Gratia: Using config file: /etc/gratia/condor/ProbeConfig
04:14:58 CDT Gratia: condor_meter.pl version 1.09-1 ($Revision: 4443 $ )
04:14:58 CDT Gratia: Running in verbose mode with debugging enabled.
04:15:23 CDT Gratia: Using config file: ProbeConfig
04:15:23 CDT Gratia: Probe is not enabled: check /usr/share/gratia/gridftp-transfer/ProbeConfig.
04:27:23 CDT Gratia: Using config file: /etc/gratia/condor/ProbeConfig
04:27:23 CDT Gratia: condor_meter.pl version 1.09-1 ($Revision: 4443 $ )
04:27:23 CDT Gratia: Running in verbose mode with debugging enabled.
04:36:23 CDT Gratia: Using config file: /etc/gratia/condor/ProbeConfig
04:36:23 CDT Gratia: condor_meter.pl version 1.09-1 ($Revision: 4443 $ )
04:36:23 CDT Gratia: Running in verbose mode with debugging enabled.
04:46:33 CDT Gratia: Using config file: ProbeConfig
04:46:33 CDT Gratia: Probe is not enabled: check /usr/share/gratia/gridftp-transfer/ProbeConfig.
04:48:27 CDT Gratia: Using config file: /etc/gratia/condor/ProbeConfig
04:48:27 CDT Gratia: condor_meter.pl version 1.09-1 ($Revision: 4443 $ )
04:48:27 CDT Gratia: Running in verbose mode with debugging enabled.
05:06:32 CDT Gratia: Using config file: /etc/gratia/condor/ProbeConfig
05:06:32 CDT Gratia: condor_meter.pl version 1.09-1 ($Revision: 4443 $ )
05:06:32 CDT Gratia: Running in verbose mode with debugging enabled.
05:21:48 CDT Gratia: Using config file: /etc/gratia/condor/ProbeConfig
05:21:48 CDT Gratia: condor_meter.pl version 1.09-1 ($Revision: 4443 $ )
05:21:48 CDT Gratia: Running in verbose mode with debugging enabled.
05:23:10 CDT Gratia: Using config file: ProbeConfig
05:23:10 CDT Gratia: Probe is not enabled: check /usr/share/gratia/gridftp-transfer/ProbeConfig.
05:34:56 CDT Gratia: Using config file: ProbeConfig
05:34:56 CDT Gratia: Probe is not enabled: check /usr/share/gratia/gridftp-transfer/ProbeConfig.
05:41:52 CDT Gratia: Using config file: /etc/gratia/condor/ProbeConfig
05:41:52 CDT Gratia: condor_meter.pl version 1.09-1 ($Revision: 4443 $ )
05:41:52 CDT Gratia: Running in verbose mode with debugging enabled.
05:49:49 CDT Gratia: Using config file: /etc/gratia/condor/ProbeConfig
05:49:49 CDT Gratia: condor_meter.pl version 1.09-1 ($Revision: 4443 $ )
05:49:49 CDT Gratia: Running in verbose mode with debugging enabled.
06:10:36 CDT Gratia: Using config file: ProbeConfig
06:10:36 CDT Gratia: Probe is not enabled: check /usr/share/gratia/gridftp-transfer/ProbeConfig.
06:11:04 CDT Gratia: Using config file: /etc/gratia/condor/ProbeConfig
06:11:04 CDT Gratia: condor_meter.pl version 1.09-1 ($Revision: 4443 $ )
06:11:04 CDT Gratia: Running in verbose mode with debugging enabled.
06:27:51 CDT Gratia: Using config file: /etc/gratia/condor/ProbeConfig
06:27:51 CDT Gratia: condor_meter.pl version 1.09-1 ($Revision: 4443 $ )
06:27:51 CDT Gratia: Running in verbose mode with debugging enabled.
06:42:49 CDT Gratia: Using config file: /etc/gratia/condor/ProbeConfig
06:42:49 CDT Gratia: condor_meter.pl version 1.09-1 ($Revision: 4443 $ )
06:42:49 CDT Gratia: Running in verbose mode with debugging enabled.
06:44:17 CDT Gratia: Using config file: ProbeConfig
06:44:17 CDT Gratia: Probe is not enabled: check /usr/share/gratia/gridftp-transfer/ProbeConfig.
06:55:54 CDT Gratia: Using config file: /etc/gratia/condor/ProbeConfig
06:55:54 CDT Gratia: condor_meter.pl version 1.09-1 ($Revision: 4443 $ )
06:55:54 CDT Gratia: Running in verbose mode with debugging enabled.
07:04:07 CDT Gratia: Using config file: /etc/gratia/condor/ProbeConfig
07:04:07 CDT Gratia: condor_meter.pl version 1.09-1 ($Revision: 4443 $ )
07:04:07 CDT Gratia: Running in verbose mode with debugging enabled.
07:09:25 CDT Gratia: Using config file: ProbeConfig
07:09:25 CDT Gratia: Probe is not enabled: check /usr/share/gratia/gridftp-transfer/ProbeConfig.
07:29:28 CDT Gratia: Using config file: /etc/gratia/condor/ProbeConfig
07:29:28 CDT Gratia: condor_meter.pl version 1.09-1 ($Revision: 4443 $ )
07:29:28 CDT Gratia: Running in verbose mode with debugging enabled.
07:32:56 CDT Gratia: Using config file: /etc/gratia/condor/ProbeConfig
07:32:56 CDT Gratia: condor_meter.pl version 1.09-1 ($Revision: 4443 $ )
07:32:56 CDT Gratia: Running in verbose mode with debugging enabled.
07:34:08 CDT Gratia: Using config file: ProbeConfig
07:34:08 CDT Gratia: Probe is not enabled: check /usr/share/gratia/gridftp-transfer/ProbeConfig.
07:49:38 CDT Gratia: Using config file: /etc/gratia/condor/ProbeConfig
07:49:38 CDT Gratia: condor_meter.pl version 1.09-1 ($Revision: 4443 $ )
07:49:38 CDT Gratia: Running in verbose mode with debugging enabled.
08:09:30 CDT Gratia: Using config file: /etc/gratia/condor/ProbeConfig
08:09:30 CDT Gratia: condor_meter.pl version 1.09-1 ($Revision: 4443 $ )
08:09:30 CDT Gratia: Running in verbose mode with debugging enabled.
08:25:03 CDT Gratia: Using config file: /etc/gratia/condor/ProbeConfig
08:25:03 CDT Gratia: condor_meter.pl version 1.09-1 ($Revision: 4443 $ )
08:25:03 CDT Gratia: Running in verbose mode with debugging enabled.
08:26:07 CDT Gratia: Using config file: ProbeConfig
08:26:07 CDT Gratia: Probe is not enabled: check /usr/share/gratia/gridftp-transfer/ProbeConfig.
08:31:48 CDT Gratia: Using config file: ProbeConfig
08:31:48 CDT Gratia: Probe is not enabled: check /usr/share/gratia/gridftp-transfer/ProbeConfig.
08:43:32 CDT Gratia: Using config file: /etc/gratia/condor/ProbeConfig
08:43:32 CDT Gratia: condor_meter.pl version 1.09-1 ($Revision: 4443 $ )
08:43:32 CDT Gratia: Running in verbose mode with debugging enabled.
08:45:06 CDT Gratia: Using config file: /etc/gratia/condor/ProbeConfig
08:45:06 CDT Gratia: condor_meter.pl version 1.09-1 ($Revision: 4443 $ )
08:45:06 CDT Gratia: Running in verbose mode with debugging enabled.
09:05:34 CDT Gratia: Using config file: /etc/gratia/condor/ProbeConfig
09:05:34 CDT Gratia: condor_meter.pl version 1.09-1 ($Revision: 4443 $ )
09:05:34 CDT Gratia: Running in verbose mode with debugging enabled.
09:14:31 CDT Gratia: Using config file: ProbeConfig
09:14:31 CDT Gratia: Probe is not enabled: check /usr/share/gratia/gridftp-transfer/ProbeConfig.
09:16:18 CDT Gratia: Using config file: /etc/gratia/condor/ProbeConfig
09:16:18 CDT Gratia: condor_meter.pl version 1.09-1 ($Revision: 4443 $ )
09:16:18 CDT Gratia: Running in verbose mode with debugging enabled.
09:30:18 CDT Gratia: Using config file: /etc/gratia/condor/ProbeConfig
09:30:18 CDT Gratia: condor_meter.pl version 1.09-1 ($Revision: 4443 $ )
09:30:18 CDT Gratia: Running in verbose mode with debugging enabled.
09:53:21 CDT Gratia: Using config file: /etc/gratia/condor/ProbeConfig
09:53:21 CDT Gratia: condor_meter.pl version 1.09-1 ($Revision: 4443 $ )
09:53:21 CDT Gratia: Running in verbose mode with debugging enabled.
09:59:23 CDT Gratia: Using config file: ProbeConfig
09:59:23 CDT Gratia: Probe is not enabled: check /usr/share/gratia/gridftp-transfer/ProbeConfig.
10:05:45 CDT Gratia: Using config file: ProbeConfig
10:05:45 CDT Gratia: Probe is not enabled: check /usr/share/gratia/gridftp-transfer/ProbeConfig.
10:08:39 CDT Gratia: Using config file: /etc/gratia/condor/ProbeConfig
10:08:39 CDT Gratia: condor_meter.pl version 1.09-1 ($Revision: 4443 $ )
10:08:39 CDT Gratia: Running in verbose mode with debugging enabled.
10:21:38 CDT Gratia: Using config file: /etc/gratia/condor/ProbeConfig
10:21:38 CDT Gratia: condor_meter.pl version 1.09-1 ($Revision: 4443 $ )
10:21:38 CDT Gratia: Running in verbose mode with debugging enabled.
10:35:52 CDT Gratia: Using config file: ProbeConfig
10:35:52 CDT Gratia: Probe is not enabled: check /usr/share/gratia/gridftp-transfer/ProbeConfig.
10:42:31 CDT Gratia: Using config file: /etc/gratia/condor/ProbeConfig
10:42:31 CDT Gratia: condor_meter.pl version 1.09-1 ($Revision: 4443 $ )
10:42:31 CDT Gratia: Running in verbose mode with debugging enabled.
10:55:28 CDT Gratia: Using config file: /etc/gratia/condor/ProbeConfig
10:55:28 CDT Gratia: condor_meter.pl version 1.09-1 ($Revision: 4443 $ )
10:55:28 CDT Gratia: Running in verbose mode with debugging enabled.
11:00:13 CDT Gratia: Using config file: /etc/gratia/condor/ProbeConfig
11:00:13 CDT Gratia: condor_meter.pl version 1.09-1 ($Revision: 4443 $ )
11:00:13 CDT Gratia: Running in verbose mode with debugging enabled.
11:04:42 CDT Gratia: Using config file: ProbeConfig
11:04:42 CDT Gratia: Probe is not enabled: check /usr/share/gratia/gridftp-transfer/ProbeConfig.
11:16:38 CDT Gratia: Using config file: /etc/gratia/condor/ProbeConfig
11:16:38 CDT Gratia: condor_meter.pl version 1.09-1 ($Revision: 4443 $ )
11:16:38 CDT Gratia: Running in verbose mode with debugging enabled.
11:37:01 CDT Gratia: Using config file: ProbeConfig
11:37:01 CDT Gratia: Probe is not enabled: check /usr/share/gratia/gridftp-transfer/ProbeConfig.
11:37:18 CDT Gratia: Using config file: /etc/gratia/condor/ProbeConfig
11:37:18 CDT Gratia: condor_meter.pl version 1.09-1 ($Revision: 4443 $ )
11:37:18 CDT Gratia: Running in verbose mode with debugging enabled.
11:49:32 CDT Gratia: Using config file: /etc/gratia/condor/ProbeConfig
11:49:32 CDT Gratia: condor_meter.pl version 1.09-1 ($Revision: 4443 $ )
11:49:32 CDT Gratia: Running in verbose mode with debugging enabled.
12:13:47 CDT Gratia: Using config file: /etc/gratia/condor/ProbeConfig
12:13:47 CDT Gratia: condor_meter.pl version 1.09-1 ($Revision: 4443 $ )
12:13:47 CDT Gratia: Running in verbose mode with debugging enabled.


