/local_scratch/glide_kKjTzZ/execute/dir_13593/condor_exec.exe: line 53: ulimit: max memory size: cannot modify limit: Operation not permitted
/local_scratch/glide_kKjTzZ/execute/dir_13593/condor_exec.exe: line 72: kinit: command not found
/local_scratch/glide_kKjTzZ/execute/dir_13593/condor_exec.exe: line 147: 13678 Killed                  $ExeDir/$MACHINE/gbatch-orbit.exe.v5.01.0.B1064.g4 -IOR:010000002100000049444c3a616d732e6365726e2e63682f4450532f50726f64756365723a312e3000000000040000000054424f5c0000000101020005000000554e495800000000100000007063616d7373302e6365726e2e6368002d0000002f746d702f616d732f6f726269742d616d732f6c696e632d316466302d302d343262396364396335626635390000000000000000000000004000000001010200100000007063616d7373302e6365726e2e63680013c700001c00000001000000f536d94718402d98f0dad0c484206c8a0500000063dba15500000000caaedfba58000000010102002d0000002f746d702f616d732f6f726269742d616d732f6c696e632d316466302d302d34326239636439633562663539000000001c00000001000000f536d94718402d98f0dad0c484206c8a0500000063dba15501000000480000000100000002000000050000001c00000001000000f536d94718402d98f0dad0c484206c8a0500000063dba15501000000140000000100000001000105000000000901010000000000 -U671174232 -M -D1 -GL -SYes  <<!
LIST
MCGEN 25=$TIMBEG 27=$TIMEND 26=$HRSBEG 28=$HRSEND
C  generate b10 from 3.9m cube top plane (log spectrum) l1 focused from 5 to 10000 GeV/c g4101 v5.01 dpmjet_inclxx_blicecal-over-ggxx.vcparam XS_bias=(1.06,2.5,0.15,0.85) 

C OPENCLOSE=3
C ROOTNTUPLE
C PART=65
C PMIN=5.
C PMAX=10000.
C TIMBEG=01062011
C TIMEND=26112015
C EXCLTIMBEG=29092014
C EXCLTIMEND=28112014
C TOTALEVENTS=10000000000
C CPUPEREVENTPERGHZ=0.2527
C THREADS=16

LIST
G4FF 4=1 6=0  
MISC 4=0 5=1
ECMC 6=28.81 33=0.02 36=0.0108 37=0.0108
TRDMC 48=1.
CALIB 4=1111
TRMC 608=0. 609=0. 610=0. 611=0.
TKGEOM 807=1

RICR 1=11 2=1 3=1 4=1
TRMC 608=0. 609=0. 610=0. 611=0.


KINE $PART 
LOSS 1
HADR 1 
MULS 1
CUTS 1=0.0005 2=0.0005 3=0.001 4=0.001 5=0.001
TRIG $TRIG
DEBUG -1 10 1000
MCGEN  12=0. 13=$PMIN 14=$PMAX 15=1 19=$RUN  20=5 21=0 34=4
IOPA $ROOTNTUPLE'
$NtupleDir/pl1/$PART'
43=101 45='TriggerLVL1 ' 126=199999 
RNDM $RNDM1 $RNDM2
C      Simul Debug    CpuLim  Read Write Jobname
AMSJOB 1=10000   2=0      3=$CPULIM   4=0  5=0 
C Special HP-UX
TIME 3=10000000
TERM 1234567890
L3REC 11=0
C MAGS 1=1
TRMC 647=2 648=1 649=1
MISC 8=$THREADS
DAQC 1=610 42='$NtupleDir/'
G4FF 7=2056 20=1.06 21=2.5 22=0.15 24=0.85
TRCL 1=11111 76=2
END
!

/local_scratch/glide_kKjTzZ/execute/dir_13593/condor_exec.exe: line 150: kinit: command not found
grep: ./MCProducer/0671174232.journal: No such file or directory
Error accessing path/file for ./MCProducer/0671174232.journal
/local_scratch/glide_kKjTzZ/execute/dir_13593/condor_exec.exe: line 171: globus-url-copy: command not found
